000 (401341.000.000) 2024-03-08 10:44:56 Job submitted from host: <172.30.1.200:9618?addrs=172.30.1.200-9618&alias=tamsa2.snu.ac.kr&noUDP&sock=schedd_3625_06e6>
...
040 (401341.000.000) 2024-03-08 10:45:13 Started transferring input files
	Transferring to host: <172.30.1.216:9618?addrs=172.30.1.216-9618&alias=node16&noUDP&sock=slot1_3_4290_7168_404175>
...
040 (401341.000.000) 2024-03-08 10:45:13 Finished transferring input files
...
001 (401341.000.000) 2024-03-08 10:45:13 Job executing on host: <172.30.1.216:9618?addrs=172.30.1.216-9618&alias=node16&noUDP&sock=startd_4255_2791>
...
006 (401341.000.000) 2024-03-08 10:45:22 Image size of job updated: 808372
	182  -  MemoryUsage of job (MB)
	185716  -  ResidentSetSize of job (KB)
...
006 (401341.000.000) 2024-03-08 10:49:17 Image size of job updated: 962580
	182  -  MemoryUsage of job (MB)
	185716  -  ResidentSetSize of job (KB)
...
040 (401341.000.000) 2024-03-08 10:49:17 Started transferring output files
...
040 (401341.000.000) 2024-03-08 10:49:17 Finished transferring output files
...
005 (401341.000.000) 2024-03-08 10:49:17 Job terminated.
	(1) Normal termination (return value 1)
		Usr 0 00:03:45, Sys 0 00:00:10  -  Run Remote Usage
		Usr 0 00:00:00, Sys 0 00:00:00  -  Run Local Usage
		Usr 0 00:03:45, Sys 0 00:00:10  -  Total Remote Usage
		Usr 0 00:00:00, Sys 0 00:00:00  -  Total Local Usage
	4672682  -  Run Bytes Sent By Job
	237214  -  Run Bytes Received By Job
	4672682  -  Total Bytes Sent By Job
	237214  -  Total Bytes Received By Job
	Partitionable Resources :    Usage  Request Allocated 
	   Cpus                 :     1.00        1         1 
	   Disk (KB)            :  4851         250    261111 
	   Memory (MB)          :   182        3900      3968 

	Job terminated of its own accord at 2024-03-08T01:49:17Z.
...
000 (401351.000.000) 2024-03-08 11:26:54 Job submitted from host: <172.30.1.200:9618?addrs=172.30.1.200-9618&alias=tamsa2.snu.ac.kr&noUDP&sock=schedd_3625_06e6>
...
040 (401351.000.000) 2024-03-08 11:27:04 Started transferring input files
	Transferring to host: <172.30.1.216:9618?addrs=172.30.1.216-9618&alias=node16&noUDP&sock=slot1_3_4290_7168_404185>
...
040 (401351.000.000) 2024-03-08 11:27:04 Finished transferring input files
...
001 (401351.000.000) 2024-03-08 11:27:04 Job executing on host: <172.30.1.216:9618?addrs=172.30.1.216-9618&alias=node16&noUDP&sock=startd_4255_2791>
...
006 (401351.000.000) 2024-03-08 11:27:13 Image size of job updated: 808372
	185  -  MemoryUsage of job (MB)
	189228  -  ResidentSetSize of job (KB)
...
006 (401351.000.000) 2024-03-08 11:30:57 Image size of job updated: 962508
	185  -  MemoryUsage of job (MB)
	189304  -  ResidentSetSize of job (KB)
...
040 (401351.000.000) 2024-03-08 11:30:57 Started transferring output files
...
040 (401351.000.000) 2024-03-08 11:30:58 Finished transferring output files
...
005 (401351.000.000) 2024-03-08 11:30:58 Job terminated.
	(1) Normal termination (return value 1)
		Usr 0 00:03:39, Sys 0 00:00:10  -  Run Remote Usage
		Usr 0 00:00:00, Sys 0 00:00:00  -  Run Local Usage
		Usr 0 00:03:39, Sys 0 00:00:10  -  Total Remote Usage
		Usr 0 00:00:00, Sys 0 00:00:00  -  Total Local Usage
	4671314  -  Run Bytes Sent By Job
	237369  -  Run Bytes Received By Job
	4671314  -  Total Bytes Sent By Job
	237369  -  Total Bytes Received By Job
	Partitionable Resources :    Usage  Request Allocated 
	   Cpus                 :                 1         1 
	   Disk (KB)            :     4845      250    261111 
	   Memory (MB)          :      185     3900      3968 

	Job terminated of its own accord at 2024-03-08T02:30:57Z.
...
000 (401355.000.000) 2024-03-08 11:41:48 Job submitted from host: <172.30.1.200:9618?addrs=172.30.1.200-9618&alias=tamsa2.snu.ac.kr&noUDP&sock=schedd_3625_06e6>
...
040 (401355.000.000) 2024-03-08 11:42:04 Started transferring input files
	Transferring to host: <172.30.1.216:9618?addrs=172.30.1.216-9618&alias=node16&noUDP&sock=slot1_2_4290_7168_404189>
...
040 (401355.000.000) 2024-03-08 11:42:04 Finished transferring input files
...
001 (401355.000.000) 2024-03-08 11:42:04 Job executing on host: <172.30.1.216:9618?addrs=172.30.1.216-9618&alias=node16&noUDP&sock=startd_4255_2791>
...
006 (401355.000.000) 2024-03-08 11:42:12 Image size of job updated: 187268
	183  -  MemoryUsage of job (MB)
	187268  -  ResidentSetSize of job (KB)
...
006 (401355.000.000) 2024-03-08 11:46:06 Image size of job updated: 965532
	183  -  MemoryUsage of job (MB)
	187268  -  ResidentSetSize of job (KB)
...
040 (401355.000.000) 2024-03-08 11:46:06 Started transferring output files
...
040 (401355.000.000) 2024-03-08 11:46:06 Finished transferring output files
...
005 (401355.000.000) 2024-03-08 11:46:07 Job terminated.
	(1) Normal termination (return value 0)
		Usr 0 00:03:49, Sys 0 00:00:10  -  Run Remote Usage
		Usr 0 00:00:00, Sys 0 00:00:00  -  Run Local Usage
		Usr 0 00:03:49, Sys 0 00:00:10  -  Total Remote Usage
		Usr 0 00:00:00, Sys 0 00:00:00  -  Total Local Usage
	4939106  -  Run Bytes Sent By Job
	237406  -  Run Bytes Received By Job
	4939106  -  Total Bytes Sent By Job
	237406  -  Total Bytes Received By Job
	Partitionable Resources :    Usage  Request Allocated 
	   Cpus                 :                 1         1 
	   Disk (KB)            :     5106      250    261111 
	   Memory (MB)          :      183     3900      3968 

	Job terminated of its own accord at 2024-03-08T02:46:06Z.
...
000 (401359.000.000) 2024-03-08 11:55:43 Job submitted from host: <172.30.1.200:9618?addrs=172.30.1.200-9618&alias=tamsa2.snu.ac.kr&noUDP&sock=schedd_3625_06e6>
...
040 (401359.000.000) 2024-03-08 11:56:04 Started transferring input files
	Transferring to host: <172.30.1.216:9618?addrs=172.30.1.216-9618&alias=node16&noUDP&sock=slot1_3_4290_7168_404193>
...
040 (401359.000.000) 2024-03-08 11:56:04 Finished transferring input files
...
001 (401359.000.000) 2024-03-08 11:56:04 Job executing on host: <172.30.1.216:9618?addrs=172.30.1.216-9618&alias=node16&noUDP&sock=startd_4255_2791>
...
006 (401359.000.000) 2024-03-08 11:56:12 Image size of job updated: 187272
	183  -  MemoryUsage of job (MB)
	187272  -  ResidentSetSize of job (KB)
...
006 (401359.000.000) 2024-03-08 11:59:59 Image size of job updated: 969588
	183  -  MemoryUsage of job (MB)
	187272  -  ResidentSetSize of job (KB)
...
040 (401359.000.000) 2024-03-08 11:59:59 Started transferring output files
...
040 (401359.000.000) 2024-03-08 12:00:01 Finished transferring output files
...
005 (401359.000.000) 2024-03-08 12:00:01 Job terminated.
	(1) Normal termination (return value 0)
		Usr 0 00:03:40, Sys 0 00:00:10  -  Run Remote Usage
		Usr 0 00:00:00, Sys 0 00:00:00  -  Run Local Usage
		Usr 0 00:03:40, Sys 0 00:00:10  -  Total Remote Usage
		Usr 0 00:00:00, Sys 0 00:00:00  -  Total Local Usage
	4938573  -  Run Bytes Sent By Job
	237406  -  Run Bytes Received By Job
	4938573  -  Total Bytes Sent By Job
	237406  -  Total Bytes Received By Job
	Partitionable Resources :    Usage  Request Allocated 
	   Cpus                 :     1.00        1         1 
	   Disk (KB)            :  5111         250    261111 
	   Memory (MB)          :   183        3900      3968 

	Job terminated of its own accord at 2024-03-08T02:59:59Z.
...
000 (401363.000.000) 2024-03-08 12:19:55 Job submitted from host: <172.30.1.200:9618?addrs=172.30.1.200-9618&alias=tamsa2.snu.ac.kr&noUDP&sock=schedd_3625_06e6>
...
040 (401363.000.000) 2024-03-08 12:20:16 Started transferring input files
	Transferring to host: <172.30.1.216:9618?addrs=172.30.1.216-9618&alias=node16&noUDP&sock=slot1_3_4290_7168_404197>
...
040 (401363.000.000) 2024-03-08 12:20:16 Finished transferring input files
...
001 (401363.000.000) 2024-03-08 12:20:16 Job executing on host: <172.30.1.216:9618?addrs=172.30.1.216-9618&alias=node16&noUDP&sock=startd_4255_2791>
...
006 (401363.000.000) 2024-03-08 12:20:25 Image size of job updated: 194412
	190  -  MemoryUsage of job (MB)
	194412  -  ResidentSetSize of job (KB)
...
006 (401363.000.000) 2024-03-08 12:24:22 Image size of job updated: 953188
	190  -  MemoryUsage of job (MB)
	194412  -  ResidentSetSize of job (KB)
...
040 (401363.000.000) 2024-03-08 12:24:22 Started transferring output files
...
040 (401363.000.000) 2024-03-08 12:24:22 Finished transferring output files
...
005 (401363.000.000) 2024-03-08 12:24:22 Job terminated.
	(1) Normal termination (return value 0)
		Usr 0 00:03:50, Sys 0 00:00:10  -  Run Remote Usage
		Usr 0 00:00:00, Sys 0 00:00:00  -  Run Local Usage
		Usr 0 00:03:50, Sys 0 00:00:10  -  Total Remote Usage
		Usr 0 00:00:00, Sys 0 00:00:00  -  Total Local Usage
	4914628  -  Run Bytes Sent By Job
	237410  -  Run Bytes Received By Job
	4914628  -  Total Bytes Sent By Job
	237410  -  Total Bytes Received By Job
	Partitionable Resources :    Usage  Request Allocated 
	   Cpus                 :     1.00        1         1 
	   Disk (KB)            :  5088         250    261111 
	   Memory (MB)          :   190        3900      3968 

	Job terminated of its own accord at 2024-03-08T03:24:22Z.
...
000 (401367.000.000) 2024-03-08 12:45:20 Job submitted from host: <172.30.1.200:9618?addrs=172.30.1.200-9618&alias=tamsa2.snu.ac.kr&noUDP&sock=schedd_3625_06e6>
...
040 (401367.000.000) 2024-03-08 12:45:41 Started transferring input files
	Transferring to host: <172.30.1.216:9618?addrs=172.30.1.216-9618&alias=node16&noUDP&sock=slot1_3_4290_7168_404201>
...
040 (401367.000.000) 2024-03-08 12:45:41 Finished transferring input files
...
001 (401367.000.000) 2024-03-08 12:45:41 Job executing on host: <172.30.1.216:9618?addrs=172.30.1.216-9618&alias=node16&noUDP&sock=startd_4255_2791>
...
006 (401367.000.000) 2024-03-08 12:45:49 Image size of job updated: 516144
	183  -  MemoryUsage of job (MB)
	187008  -  ResidentSetSize of job (KB)
...
006 (401367.000.000) 2024-03-08 12:49:49 Image size of job updated: 963128
	183  -  MemoryUsage of job (MB)
	187008  -  ResidentSetSize of job (KB)
...
040 (401367.000.000) 2024-03-08 12:49:49 Started transferring output files
...
040 (401367.000.000) 2024-03-08 12:49:49 Finished transferring output files
...
005 (401367.000.000) 2024-03-08 12:49:49 Job terminated.
	(1) Normal termination (return value 0)
		Usr 0 00:03:54, Sys 0 00:00:10  -  Run Remote Usage
		Usr 0 00:00:00, Sys 0 00:00:00  -  Run Local Usage
		Usr 0 00:03:54, Sys 0 00:00:10  -  Total Remote Usage
		Usr 0 00:00:00, Sys 0 00:00:00  -  Total Local Usage
	4918844  -  Run Bytes Sent By Job
	237995  -  Run Bytes Received By Job
	4918844  -  Total Bytes Sent By Job
	237995  -  Total Bytes Received By Job
	Partitionable Resources :    Usage  Request Allocated 
	   Cpus                 :     1.00        1         1 
	   Disk (KB)            :  5093         250    261111 
	   Memory (MB)          :   183        3900      3968 

	Job terminated of its own accord at 2024-03-08T03:49:49Z.
...
000 (401371.000.000) 2024-03-08 12:51:54 Job submitted from host: <172.30.1.200:9618?addrs=172.30.1.200-9618&alias=tamsa2.snu.ac.kr&noUDP&sock=schedd_3625_06e6>
...
040 (401371.000.000) 2024-03-08 12:51:57 Started transferring input files
	Transferring to host: <172.30.1.216:9618?addrs=172.30.1.216-9618&alias=node16&noUDP&sock=slot1_3_4290_7168_404205>
...
040 (401371.000.000) 2024-03-08 12:51:57 Finished transferring input files
...
001 (401371.000.000) 2024-03-08 12:51:57 Job executing on host: <172.30.1.216:9618?addrs=172.30.1.216-9618&alias=node16&noUDP&sock=startd_4255_2791>
...
006 (401371.000.000) 2024-03-08 12:52:06 Image size of job updated: 230608
	141  -  MemoryUsage of job (MB)
	144024  -  ResidentSetSize of job (KB)
...
006 (401371.000.000) 2024-03-08 12:56:12 Image size of job updated: 954232
	141  -  MemoryUsage of job (MB)
	144140  -  ResidentSetSize of job (KB)
...
040 (401371.000.000) 2024-03-08 12:56:12 Started transferring output files
...
040 (401371.000.000) 2024-03-08 12:56:12 Finished transferring output files
...
005 (401371.000.000) 2024-03-08 12:56:12 Job terminated.
	(1) Normal termination (return value 0)
		Usr 0 00:03:55, Sys 0 00:00:11  -  Run Remote Usage
		Usr 0 00:00:00, Sys 0 00:00:00  -  Run Local Usage
		Usr 0 00:03:55, Sys 0 00:00:11  -  Total Remote Usage
		Usr 0 00:00:00, Sys 0 00:00:00  -  Total Local Usage
	4942460  -  Run Bytes Sent By Job
	237991  -  Run Bytes Received By Job
	4942460  -  Total Bytes Sent By Job
	237991  -  Total Bytes Received By Job
	Partitionable Resources :    Usage  Request Allocated 
	   Cpus                 :                 1         1 
	   Disk (KB)            :     5110      250    261111 
	   Memory (MB)          :      141     3900      3968 

	Job terminated of its own accord at 2024-03-08T03:56:12Z.
...
000 (401375.000.000) 2024-03-08 13:16:54 Job submitted from host: <172.30.1.200:9618?addrs=172.30.1.200-9618&alias=tamsa2.snu.ac.kr&noUDP&sock=schedd_3625_06e6>
...
040 (401375.000.000) 2024-03-08 13:17:14 Started transferring input files
	Transferring to host: <172.30.1.216:9618?addrs=172.30.1.216-9618&alias=node16&noUDP&sock=slot1_3_4290_7168_404209>
...
040 (401375.000.000) 2024-03-08 13:17:14 Finished transferring input files
...
001 (401375.000.000) 2024-03-08 13:17:14 Job executing on host: <172.30.1.216:9618?addrs=172.30.1.216-9618&alias=node16&noUDP&sock=startd_4255_2791>
...
006 (401375.000.000) 2024-03-08 13:17:23 Image size of job updated: 190004
	186  -  MemoryUsage of job (MB)
	190004  -  ResidentSetSize of job (KB)
...
006 (401375.000.000) 2024-03-08 13:18:33 Image size of job updated: 913220
	186  -  MemoryUsage of job (MB)
	190080  -  ResidentSetSize of job (KB)
...
004 (401375.000.000) 2024-03-08 13:18:33 Job was evicted.
	(0) CPU times
		Usr 0 00:01:13, Sys 0 00:00:03  -  Run Remote Usage
		Usr 0 00:00:00, Sys 0 00:00:00  -  Run Local Usage
	0  -  Run Bytes Sent By Job
	237976  -  Run Bytes Received By Job
	Partitionable Resources :    Usage  Request Allocated 
	   Cpus                 :     1.00        1         1 
	   Disk (KB)            :  1794         250    261111 
	   Memory (MB)          :   186        3900      3968 
...
009 (401375.000.000) 2024-03-08 13:18:33 Job was aborted.
	via condor_rm (by user shin)
...
000 (401379.000.000) 2024-03-08 13:18:45 Job submitted from host: <172.30.1.200:9618?addrs=172.30.1.200-9618&alias=tamsa2.snu.ac.kr&noUDP&sock=schedd_3625_06e6>
...
040 (401379.000.000) 2024-03-08 13:19:04 Started transferring input files
	Transferring to host: <172.30.1.216:9618?addrs=172.30.1.216-9618&alias=node16&noUDP&sock=slot1_3_4290_7168_404213>
...
040 (401379.000.000) 2024-03-08 13:19:04 Finished transferring input files
...
001 (401379.000.000) 2024-03-08 13:19:04 Job executing on host: <172.30.1.216:9618?addrs=172.30.1.216-9618&alias=node16&noUDP&sock=startd_4255_2791>
...
006 (401379.000.000) 2024-03-08 13:19:13 Image size of job updated: 187644
	184  -  MemoryUsage of job (MB)
	187644  -  ResidentSetSize of job (KB)
...
006 (401379.000.000) 2024-03-08 13:22:49 Image size of job updated: 965908
	184  -  MemoryUsage of job (MB)
	187644  -  ResidentSetSize of job (KB)
...
040 (401379.000.000) 2024-03-08 13:22:49 Started transferring output files
...
040 (401379.000.000) 2024-03-08 13:22:49 Finished transferring output files
...
005 (401379.000.000) 2024-03-08 13:22:49 Job terminated.
	(1) Normal termination (return value 0)
		Usr 0 00:03:31, Sys 0 00:00:10  -  Run Remote Usage
		Usr 0 00:00:00, Sys 0 00:00:00  -  Run Local Usage
		Usr 0 00:03:31, Sys 0 00:00:10  -  Total Remote Usage
		Usr 0 00:00:00, Sys 0 00:00:00  -  Total Local Usage
	4941861  -  Run Bytes Sent By Job
	237976  -  Run Bytes Received By Job
	4941861  -  Total Bytes Sent By Job
	237976  -  Total Bytes Received By Job
	Partitionable Resources :    Usage  Request Allocated 
	   Cpus                 :     1.00        1         1 
	   Disk (KB)            :  5115         250    261111 
	   Memory (MB)          :   184        3900      3968 

	Job terminated of its own accord at 2024-03-08T04:22:49Z.
...
000 (401385.000.000) 2024-03-08 13:29:48 Job submitted from host: <172.30.1.200:9618?addrs=172.30.1.200-9618&alias=tamsa2.snu.ac.kr&noUDP&sock=schedd_3625_06e6>
...
040 (401385.000.000) 2024-03-08 13:30:09 Started transferring input files
	Transferring to host: <172.30.1.216:9618?addrs=172.30.1.216-9618&alias=node16&noUDP&sock=slot1_4_4290_7168_404218>
...
040 (401385.000.000) 2024-03-08 13:30:09 Finished transferring input files
...
001 (401385.000.000) 2024-03-08 13:30:09 Job executing on host: <172.30.1.216:9618?addrs=172.30.1.216-9618&alias=node16&noUDP&sock=startd_4255_2791>
...
006 (401385.000.000) 2024-03-08 13:30:18 Image size of job updated: 834124
	182  -  MemoryUsage of job (MB)
	186056  -  ResidentSetSize of job (KB)
...
006 (401385.000.000) 2024-03-08 13:33:58 Image size of job updated: 969224
	182  -  MemoryUsage of job (MB)
	186056  -  ResidentSetSize of job (KB)
...
040 (401385.000.000) 2024-03-08 13:33:58 Started transferring output files
...
040 (401385.000.000) 2024-03-08 13:33:59 Finished transferring output files
...
005 (401385.000.000) 2024-03-08 13:33:59 Job terminated.
	(1) Normal termination (return value 0)
		Usr 0 00:03:33, Sys 0 00:00:10  -  Run Remote Usage
		Usr 0 00:00:00, Sys 0 00:00:00  -  Run Local Usage
		Usr 0 00:03:33, Sys 0 00:00:10  -  Total Remote Usage
		Usr 0 00:00:00, Sys 0 00:00:00  -  Total Local Usage
	4915770  -  Run Bytes Sent By Job
	237980  -  Run Bytes Received By Job
	4915770  -  Total Bytes Sent By Job
	237980  -  Total Bytes Received By Job
	Partitionable Resources :    Usage  Request Allocated 
	   Cpus                 :     1.00        1         1 
	   Disk (KB)            :  5090         250    261111 
	   Memory (MB)          :   182        3900      3968 

	Job terminated of its own accord at 2024-03-08T04:33:58Z.
...
000 (401390.000.000) 2024-03-08 13:45:49 Job submitted from host: <172.30.1.200:9618?addrs=172.30.1.200-9618&alias=tamsa2.snu.ac.kr&noUDP&sock=schedd_3625_06e6>
...
040 (401390.000.000) 2024-03-08 13:46:09 Started transferring input files
	Transferring to host: <172.30.1.216:9618?addrs=172.30.1.216-9618&alias=node16&noUDP&sock=slot1_2_4290_7168_404223>
...
040 (401390.000.000) 2024-03-08 13:46:09 Finished transferring input files
...
001 (401390.000.000) 2024-03-08 13:46:09 Job executing on host: <172.30.1.216:9618?addrs=172.30.1.216-9618&alias=node16&noUDP&sock=startd_4255_2791>
...
006 (401390.000.000) 2024-03-08 13:46:11 Image size of job updated: 138480
	0  -  MemoryUsage of job (MB)
	0  -  ResidentSetSize of job (KB)
...
040 (401390.000.000) 2024-03-08 13:46:11 Started transferring output files
...
040 (401390.000.000) 2024-03-08 13:46:11 Finished transferring output files
...
005 (401390.000.000) 2024-03-08 13:46:11 Job terminated.
	(1) Normal termination (return value 1)
		Usr 0 00:00:00, Sys 0 00:00:00  -  Run Remote Usage
		Usr 0 00:00:00, Sys 0 00:00:00  -  Run Local Usage
		Usr 0 00:00:00, Sys 0 00:00:00  -  Total Remote Usage
		Usr 0 00:00:00, Sys 0 00:00:00  -  Total Local Usage
	409  -  Run Bytes Sent By Job
	237986  -  Run Bytes Received By Job
	409  -  Total Bytes Sent By Job
	237986  -  Total Bytes Received By Job
	Partitionable Resources :    Usage  Request Allocated 
	   Cpus                 :                 1         1 
	   Disk (KB)            :      284      250    261111 
	   Memory (MB)          :        0     3900      3968 

	Job terminated of its own accord at 2024-03-08T04:46:11Z.
...
000 (401394.000.000) 2024-03-08 13:48:27 Job submitted from host: <172.30.1.200:9618?addrs=172.30.1.200-9618&alias=tamsa2.snu.ac.kr&noUDP&sock=schedd_3625_06e6>
...
040 (401394.000.000) 2024-03-08 13:48:33 Started transferring input files
	Transferring to host: <172.30.1.216:9618?addrs=172.30.1.216-9618&alias=node16&noUDP&sock=slot1_3_4290_7168_404227>
...
040 (401394.000.000) 2024-03-08 13:48:33 Finished transferring input files
...
001 (401394.000.000) 2024-03-08 13:48:33 Job executing on host: <172.30.1.216:9618?addrs=172.30.1.216-9618&alias=node16&noUDP&sock=startd_4255_2791>
...
006 (401394.000.000) 2024-03-08 13:48:41 Image size of job updated: 187012
	183  -  MemoryUsage of job (MB)
	187012  -  ResidentSetSize of job (KB)
...
006 (401394.000.000) 2024-03-08 13:52:21 Image size of job updated: 969828
	183  -  MemoryUsage of job (MB)
	187012  -  ResidentSetSize of job (KB)
...
040 (401394.000.000) 2024-03-08 13:52:21 Started transferring output files
...
040 (401394.000.000) 2024-03-08 13:52:21 Finished transferring output files
...
005 (401394.000.000) 2024-03-08 13:52:21 Job terminated.
	(1) Normal termination (return value 0)
		Usr 0 00:03:33, Sys 0 00:00:10  -  Run Remote Usage
		Usr 0 00:00:00, Sys 0 00:00:00  -  Run Local Usage
		Usr 0 00:03:33, Sys 0 00:00:10  -  Total Remote Usage
		Usr 0 00:00:00, Sys 0 00:00:00  -  Total Local Usage
	4914679  -  Run Bytes Sent By Job
	237987  -  Run Bytes Received By Job
	4914679  -  Total Bytes Sent By Job
	237987  -  Total Bytes Received By Job
	Partitionable Resources :    Usage  Request Allocated 
	   Cpus                 :     1.00        1         1 
	   Disk (KB)            :  5089         250    261111 
	   Memory (MB)          :   183        3900      3968 

	Job terminated of its own accord at 2024-03-08T04:52:21Z.
...
000 (401398.000.000) 2024-03-08 13:53:13 Job submitted from host: <172.30.1.200:9618?addrs=172.30.1.200-9618&alias=tamsa2.snu.ac.kr&noUDP&sock=schedd_3625_06e6>
...
040 (401398.000.000) 2024-03-08 13:53:34 Started transferring input files
	Transferring to host: <172.30.1.216:9618?addrs=172.30.1.216-9618&alias=node16&noUDP&sock=slot1_4_4290_7168_404232>
...
040 (401398.000.000) 2024-03-08 13:53:34 Finished transferring input files
...
001 (401398.000.000) 2024-03-08 13:53:34 Job executing on host: <172.30.1.216:9618?addrs=172.30.1.216-9618&alias=node16&noUDP&sock=startd_4255_2791>
...
006 (401398.000.000) 2024-03-08 13:53:42 Image size of job updated: 191296
	187  -  MemoryUsage of job (MB)
	191296  -  ResidentSetSize of job (KB)
...
006 (401398.000.000) 2024-03-08 13:57:13 Image size of job updated: 955532
	187  -  MemoryUsage of job (MB)
	191296  -  ResidentSetSize of job (KB)
...
040 (401398.000.000) 2024-03-08 13:57:13 Started transferring output files
...
040 (401398.000.000) 2024-03-08 13:57:13 Finished transferring output files
...
005 (401398.000.000) 2024-03-08 13:57:13 Job terminated.
	(1) Normal termination (return value 0)
		Usr 0 00:03:26, Sys 0 00:00:10  -  Run Remote Usage
		Usr 0 00:00:00, Sys 0 00:00:00  -  Run Local Usage
		Usr 0 00:03:26, Sys 0 00:00:10  -  Total Remote Usage
		Usr 0 00:00:00, Sys 0 00:00:00  -  Total Local Usage
	4941169  -  Run Bytes Sent By Job
	237983  -  Run Bytes Received By Job
	4941169  -  Total Bytes Sent By Job
	237983  -  Total Bytes Received By Job
	Partitionable Resources :    Usage  Request Allocated 
	   Cpus                 :     1.00        1         1 
	   Disk (KB)            :  5114         250    261111 
	   Memory (MB)          :   187        3900      3968 

	Job terminated of its own accord at 2024-03-08T04:57:13Z.
...
