000 (390874.001.000) 2024-01-18 20:28:10 Job submitted from host: <172.30.1.200:9618?addrs=172.30.1.200-9618&alias=tamsa2.snu.ac.kr&noUDP&sock=schedd_3625_06e6>
...
040 (390874.001.000) 2024-01-18 20:28:22 Started transferring input files
	Transferring to host: <172.30.1.213:9618?addrs=172.30.1.213-9618&alias=node13&noUDP&sock=slot1_42_4363_e0ca_274552>
...
001 (390874.001.000) 2024-01-18 20:28:22 Job executing on host: <172.30.1.213:9618?addrs=172.30.1.213-9618&alias=node13&noUDP&sock=startd_4329_e993>
...
040 (390874.001.000) 2024-01-18 20:28:22 Finished transferring input files
...
006 (390874.001.000) 2024-01-18 20:28:31 Image size of job updated: 152880
	15  -  MemoryUsage of job (MB)
	14824  -  ResidentSetSize of job (KB)
...
006 (390874.001.000) 2024-01-18 20:30:33 Image size of job updated: 846472
	15  -  MemoryUsage of job (MB)
	14824  -  ResidentSetSize of job (KB)
...
040 (390874.001.000) 2024-01-18 20:30:33 Started transferring output files
...
040 (390874.001.000) 2024-01-18 20:30:34 Finished transferring output files
...
005 (390874.001.000) 2024-01-18 20:30:34 Job terminated.
	(1) Normal termination (return value 0)
		Usr 0 00:01:17, Sys 0 00:00:08  -  Run Remote Usage
		Usr 0 00:00:00, Sys 0 00:00:00  -  Run Local Usage
		Usr 0 00:01:17, Sys 0 00:00:08  -  Total Remote Usage
		Usr 0 00:00:00, Sys 0 00:00:00  -  Total Local Usage
	12734623  -  Run Bytes Sent By Job
	181578  -  Run Bytes Received By Job
	12734623  -  Total Bytes Sent By Job
	181578  -  Total Bytes Received By Job
	Partitionable Resources :    Usage  Request Allocated 
	   Cpus                 :                 1         1 
	   Disk (KB)            :    12680      200    261111 
	   Memory (MB)          :       15     3900      3968 

	Job terminated of its own accord at 2024-01-18T11:30:33Z.
...
000 (390875.001.000) 2024-01-18 20:45:31 Job submitted from host: <172.30.1.200:9618?addrs=172.30.1.200-9618&alias=tamsa2.snu.ac.kr&noUDP&sock=schedd_3625_06e6>
...
040 (390875.001.000) 2024-01-18 20:45:45 Started transferring input files
	Transferring to host: <172.30.1.202:9618?addrs=172.30.1.202-9618&alias=node2&noUDP&sock=slot1_12_3851_20b6_74242>
...
040 (390875.001.000) 2024-01-18 20:45:45 Finished transferring input files
...
001 (390875.001.000) 2024-01-18 20:45:45 Job executing on host: <172.30.1.202:9618?addrs=172.30.1.202-9618&alias=node2&noUDP&sock=startd_3818_68ae>
...
006 (390875.001.000) 2024-01-18 20:45:53 Image size of job updated: 567220
	164  -  MemoryUsage of job (MB)
	167256  -  ResidentSetSize of job (KB)
...
006 (390875.001.000) 2024-01-18 20:49:48 Image size of job updated: 860136
	164  -  MemoryUsage of job (MB)
	167256  -  ResidentSetSize of job (KB)
...
040 (390875.001.000) 2024-01-18 20:49:48 Started transferring output files
...
040 (390875.001.000) 2024-01-18 20:50:01 Finished transferring output files
...
005 (390875.001.000) 2024-01-18 20:50:01 Job terminated.
	(1) Normal termination (return value 0)
		Usr 0 00:03:34, Sys 0 00:00:15  -  Run Remote Usage
		Usr 0 00:00:00, Sys 0 00:00:00  -  Run Local Usage
		Usr 0 00:03:34, Sys 0 00:00:15  -  Total Remote Usage
		Usr 0 00:00:00, Sys 0 00:00:00  -  Total Local Usage
	79875360  -  Run Bytes Sent By Job
	182042  -  Run Bytes Received By Job
	79875360  -  Total Bytes Sent By Job
	182042  -  Total Bytes Received By Job
	Partitionable Resources :    Usage  Request Allocated 
	   Cpus                 :     0.97        1         1 
	   Disk (KB)            : 78254         200    128928 
	   Memory (MB)          :   164        3900      3968 

	Job terminated of its own accord at 2024-01-18T11:49:48Z.
...
000 (390886.001.000) 2024-01-18 21:10:43 Job submitted from host: <172.30.1.200:9618?addrs=172.30.1.200-9618&alias=tamsa2.snu.ac.kr&noUDP&sock=schedd_3625_06e6>
...
040 (390886.001.000) 2024-01-18 21:10:44 Started transferring input files
	Transferring to host: <172.30.1.207:9618?addrs=172.30.1.207-9618&alias=node7&noUDP&sock=slot1_9_39434_91fd_224793>
...
040 (390886.001.000) 2024-01-18 21:10:44 Finished transferring input files
...
001 (390886.001.000) 2024-01-18 21:10:44 Job executing on host: <172.30.1.207:9618?addrs=172.30.1.207-9618&alias=node7&noUDP&sock=startd_3748_650d>
...
006 (390886.001.000) 2024-01-18 21:10:53 Image size of job updated: 362560
	183  -  MemoryUsage of job (MB)
	186736  -  ResidentSetSize of job (KB)
...
006 (390886.001.000) 2024-01-18 21:12:23 Image size of job updated: 842296
	183  -  MemoryUsage of job (MB)
	186736  -  ResidentSetSize of job (KB)
...
040 (390886.001.000) 2024-01-18 21:12:23 Started transferring output files
...
040 (390886.001.000) 2024-01-18 21:12:23 Finished transferring output files
...
005 (390886.001.000) 2024-01-18 21:12:23 Job terminated.
	(1) Normal termination (return value 0)
		Usr 0 00:01:06, Sys 0 00:00:07  -  Run Remote Usage
		Usr 0 00:00:00, Sys 0 00:00:00  -  Run Local Usage
		Usr 0 00:01:06, Sys 0 00:00:07  -  Total Remote Usage
		Usr 0 00:00:00, Sys 0 00:00:00  -  Total Local Usage
	7473247  -  Run Bytes Sent By Job
	181210  -  Run Bytes Received By Job
	7473247  -  Total Bytes Sent By Job
	181210  -  Total Bytes Received By Job
	Partitionable Resources :    Usage  Request Allocated 
	   Cpus                 :                 1         1 
	   Disk (KB)            :     7541      200    121695 
	   Memory (MB)          :      183     3900      3968 

	Job terminated of its own accord at 2024-01-18T12:12:23Z.
...
000 (390887.001.000) 2024-01-18 21:19:38 Job submitted from host: <172.30.1.200:9618?addrs=172.30.1.200-9618&alias=tamsa2.snu.ac.kr&noUDP&sock=schedd_3625_06e6>
...
040 (390887.001.000) 2024-01-18 21:19:39 Started transferring input files
	Transferring to host: <172.30.1.207:9618?addrs=172.30.1.207-9618&alias=node7&noUDP&sock=slot1_9_39434_91fd_224794>
...
001 (390887.001.000) 2024-01-18 21:19:39 Job executing on host: <172.30.1.207:9618?addrs=172.30.1.207-9618&alias=node7&noUDP&sock=startd_3748_650d>
...
040 (390887.001.000) 2024-01-18 21:19:39 Finished transferring input files
...
006 (390887.001.000) 2024-01-18 21:19:48 Image size of job updated: 650180
	183  -  MemoryUsage of job (MB)
	187248  -  ResidentSetSize of job (KB)
...
006 (390887.001.000) 2024-01-18 21:22:58 Image size of job updated: 867788
	183  -  MemoryUsage of job (MB)
	187248  -  ResidentSetSize of job (KB)
...
040 (390887.001.000) 2024-01-18 21:22:59 Started transferring output files
...
040 (390887.001.000) 2024-01-18 21:22:59 Finished transferring output files
...
005 (390887.001.000) 2024-01-18 21:22:59 Job terminated.
	(1) Normal termination (return value 0)
		Usr 0 00:02:55, Sys 0 00:00:14  -  Run Remote Usage
		Usr 0 00:00:00, Sys 0 00:00:00  -  Run Local Usage
		Usr 0 00:02:55, Sys 0 00:00:14  -  Total Remote Usage
		Usr 0 00:00:00, Sys 0 00:00:00  -  Total Local Usage
	34468112  -  Run Bytes Sent By Job
	181210  -  Run Bytes Received By Job
	34468112  -  Total Bytes Sent By Job
	181210  -  Total Bytes Received By Job
	Partitionable Resources :    Usage  Request Allocated 
	   Cpus                 :     0.99        1         1 
	   Disk (KB)            : 33909         200    121695 
	   Memory (MB)          :   183        3900      3968 

	Job terminated of its own accord at 2024-01-18T12:22:58Z.
...
000 (390888.001.000) 2024-01-18 21:30:57 Job submitted from host: <172.30.1.200:9618?addrs=172.30.1.200-9618&alias=tamsa2.snu.ac.kr&noUDP&sock=schedd_3625_06e6>
...
040 (390888.001.000) 2024-01-18 21:30:59 Started transferring input files
	Transferring to host: <172.30.1.202:9618?addrs=172.30.1.202-9618&alias=node2&noUDP&sock=slot1_22_3851_20b6_74280>
...
040 (390888.001.000) 2024-01-18 21:30:59 Finished transferring input files
...
001 (390888.001.000) 2024-01-18 21:31:00 Job executing on host: <172.30.1.202:9618?addrs=172.30.1.202-9618&alias=node2&noUDP&sock=startd_3818_68ae>
...
006 (390888.001.000) 2024-01-18 21:31:08 Image size of job updated: 832464
	183  -  MemoryUsage of job (MB)
	186736  -  ResidentSetSize of job (KB)
...
006 (390888.001.000) 2024-01-18 21:34:16 Image size of job updated: 869572
	183  -  MemoryUsage of job (MB)
	186736  -  ResidentSetSize of job (KB)
...
040 (390888.001.000) 2024-01-18 21:34:16 Started transferring output files
...
040 (390888.001.000) 2024-01-18 21:34:23 Finished transferring output files
...
005 (390888.001.000) 2024-01-18 21:34:23 Job terminated.
	(1) Normal termination (return value 0)
		Usr 0 00:02:53, Sys 0 00:00:14  -  Run Remote Usage
		Usr 0 00:00:00, Sys 0 00:00:00  -  Run Local Usage
		Usr 0 00:02:53, Sys 0 00:00:14  -  Total Remote Usage
		Usr 0 00:00:00, Sys 0 00:00:00  -  Total Local Usage
	33511816  -  Run Bytes Sent By Job
	181214  -  Run Bytes Received By Job
	33511816  -  Total Bytes Sent By Job
	181214  -  Total Bytes Received By Job
	Partitionable Resources :    Usage  Request Allocated 
	   Cpus                 :                 1         1 
	   Disk (KB)            :    32969      200    128928 
	   Memory (MB)          :      183     3900      3968 

	Job terminated of its own accord at 2024-01-18T12:34:16Z.
...
000 (390894.001.000) 2024-01-18 21:35:52 Job submitted from host: <172.30.1.200:9618?addrs=172.30.1.200-9618&alias=tamsa2.snu.ac.kr&noUDP&sock=schedd_3625_06e6>
...
040 (390894.001.000) 2024-01-18 21:36:08 Started transferring input files
	Transferring to host: <172.30.1.202:9618?addrs=172.30.1.202-9618&alias=node2&noUDP&sock=slot1_23_3851_20b6_74284>
...
040 (390894.001.000) 2024-01-18 21:36:08 Finished transferring input files
...
001 (390894.001.000) 2024-01-18 21:36:08 Job executing on host: <172.30.1.202:9618?addrs=172.30.1.202-9618&alias=node2&noUDP&sock=startd_3818_68ae>
...
006 (390894.001.000) 2024-01-18 21:36:17 Image size of job updated: 187564
	184  -  MemoryUsage of job (MB)
	187564  -  ResidentSetSize of job (KB)
...
006 (390894.001.000) 2024-01-18 21:39:25 Image size of job updated: 867940
	184  -  MemoryUsage of job (MB)
	187564  -  ResidentSetSize of job (KB)
...
040 (390894.001.000) 2024-01-18 21:39:25 Started transferring output files
...
040 (390894.001.000) 2024-01-18 21:39:26 Finished transferring output files
...
005 (390894.001.000) 2024-01-18 21:39:26 Job terminated.
	(1) Normal termination (return value 0)
		Usr 0 00:02:55, Sys 0 00:00:14  -  Run Remote Usage
		Usr 0 00:00:00, Sys 0 00:00:00  -  Run Local Usage
		Usr 0 00:02:55, Sys 0 00:00:14  -  Total Remote Usage
		Usr 0 00:00:00, Sys 0 00:00:00  -  Total Local Usage
	33523674  -  Run Bytes Sent By Job
	181194  -  Run Bytes Received By Job
	33523674  -  Total Bytes Sent By Job
	181194  -  Total Bytes Received By Job
	Partitionable Resources :    Usage  Request Allocated 
	   Cpus                 :                 1         1 
	   Disk (KB)            :    32981      200    128928 
	   Memory (MB)          :      184     3900      3968 

	Job terminated of its own accord at 2024-01-18T12:39:25Z.
...
000 (390895.001.000) 2024-01-18 21:48:05 Job submitted from host: <172.30.1.200:9618?addrs=172.30.1.200-9618&alias=tamsa2.snu.ac.kr&noUDP&sock=schedd_3625_06e6>
...
040 (390895.001.000) 2024-01-18 21:48:07 Started transferring input files
	Transferring to host: <172.30.1.202:9618?addrs=172.30.1.202-9618&alias=node2&noUDP&sock=slot1_23_3851_20b6_74329>
...
040 (390895.001.000) 2024-01-18 21:48:07 Finished transferring input files
...
001 (390895.001.000) 2024-01-18 21:48:07 Job executing on host: <172.30.1.202:9618?addrs=172.30.1.202-9618&alias=node2&noUDP&sock=startd_3818_68ae>
...
006 (390895.001.000) 2024-01-18 21:48:16 Image size of job updated: 236920
	181  -  MemoryUsage of job (MB)
	185040  -  ResidentSetSize of job (KB)
...
006 (390895.001.000) 2024-01-18 21:50:05 Image size of job updated: 865016
	181  -  MemoryUsage of job (MB)
	185040  -  ResidentSetSize of job (KB)
...
004 (390895.001.000) 2024-01-18 21:50:06 Job was evicted.
	(0) CPU times
		Usr 0 00:01:24, Sys 0 00:00:07  -  Run Remote Usage
		Usr 0 00:00:00, Sys 0 00:00:00  -  Run Local Usage
	0  -  Run Bytes Sent By Job
	182143  -  Run Bytes Received By Job
	Partitionable Resources :    Usage  Request Allocated 
	   Cpus                 :     0.87        1         1 
	   Disk (KB)            :  7260         200    128928 
	   Memory (MB)          :   181        3900      3968 
...
009 (390895.001.000) 2024-01-18 21:50:06 Job was aborted.
	via condor_rm (by user shin)
...
000 (390896.001.000) 2024-01-18 21:53:08 Job submitted from host: <172.30.1.200:9618?addrs=172.30.1.200-9618&alias=tamsa2.snu.ac.kr&noUDP&sock=schedd_3625_06e6>
...
040 (390896.001.000) 2024-01-18 21:53:28 Started transferring input files
	Transferring to host: <172.30.1.207:9618?addrs=172.30.1.207-9618&alias=node7&noUDP&sock=slot1_36_39434_91fd_224853>
...
040 (390896.001.000) 2024-01-18 21:53:28 Finished transferring input files
...
001 (390896.001.000) 2024-01-18 21:53:28 Job executing on host: <172.30.1.207:9618?addrs=172.30.1.207-9618&alias=node7&noUDP&sock=startd_3748_650d>
...
006 (390896.001.000) 2024-01-18 21:53:37 Image size of job updated: 185036
	181  -  MemoryUsage of job (MB)
	185036  -  ResidentSetSize of job (KB)
...
006 (390896.001.000) 2024-01-18 21:57:39 Image size of job updated: 871312
	181  -  MemoryUsage of job (MB)
	185036  -  ResidentSetSize of job (KB)
...
040 (390896.001.000) 2024-01-18 21:57:39 Started transferring output files
...
040 (390896.001.000) 2024-01-18 21:57:43 Finished transferring output files
...
005 (390896.001.000) 2024-01-18 21:57:43 Job terminated.
	(1) Normal termination (return value 0)
		Usr 0 00:03:06, Sys 0 00:00:15  -  Run Remote Usage
		Usr 0 00:00:00, Sys 0 00:00:00  -  Run Local Usage
		Usr 0 00:03:06, Sys 0 00:00:15  -  Total Remote Usage
		Usr 0 00:00:00, Sys 0 00:00:00  -  Total Local Usage
	40225836  -  Run Bytes Sent By Job
	182135  -  Run Bytes Received By Job
	40225836  -  Total Bytes Sent By Job
	182135  -  Total Bytes Received By Job
	Partitionable Resources :    Usage  Request Allocated 
	   Cpus                 :     0.64        1         1 
	   Disk (KB)            : 39533         200    121695 
	   Memory (MB)          :   181        3900      3968 

	Job terminated of its own accord at 2024-01-18T12:57:39Z.
...
000 (390897.001.000) 2024-01-18 22:03:48 Job submitted from host: <172.30.1.200:9618?addrs=172.30.1.200-9618&alias=tamsa2.snu.ac.kr&noUDP&sock=schedd_3625_06e6>
...
040 (390897.001.000) 2024-01-18 22:03:49 Started transferring input files
	Transferring to host: <172.30.1.204:9618?addrs=172.30.1.204-9618&alias=node4&noUDP&sock=slot1_18_3725_5971_202863>
...
040 (390897.001.000) 2024-01-18 22:03:49 Finished transferring input files
...
001 (390897.001.000) 2024-01-18 22:03:49 Job executing on host: <172.30.1.204:9618?addrs=172.30.1.204-9618&alias=node4&noUDP&sock=startd_3691_4c27>
...
006 (390897.001.000) 2024-01-18 22:03:58 Image size of job updated: 565360
	183  -  MemoryUsage of job (MB)
	186736  -  ResidentSetSize of job (KB)
...
006 (390897.001.000) 2024-01-18 22:07:17 Image size of job updated: 870200
	183  -  MemoryUsage of job (MB)
	186736  -  ResidentSetSize of job (KB)
...
040 (390897.001.000) 2024-01-18 22:07:17 Started transferring output files
...
040 (390897.001.000) 2024-01-18 22:07:18 Finished transferring output files
...
005 (390897.001.000) 2024-01-18 22:07:18 Job terminated.
	(1) Normal termination (return value 0)
		Usr 0 00:02:47, Sys 0 00:00:12  -  Run Remote Usage
		Usr 0 00:00:00, Sys 0 00:00:00  -  Run Local Usage
		Usr 0 00:02:47, Sys 0 00:00:12  -  Total Remote Usage
		Usr 0 00:00:00, Sys 0 00:00:00  -  Total Local Usage
	40019120  -  Run Bytes Sent By Job
	182135  -  Run Bytes Received By Job
	40019120  -  Total Bytes Sent By Job
	182135  -  Total Bytes Received By Job
	Partitionable Resources :    Usage  Request Allocated 
	   Cpus                 :     0.80        1         1 
	   Disk (KB)            : 39331         200    128928 
	   Memory (MB)          :   183        3900      3968 

	Job terminated of its own accord at 2024-01-18T13:07:17Z.
...
000 (390986.001.000) 2024-01-18 22:24:32 Job submitted from host: <172.30.1.200:9618?addrs=172.30.1.200-9618&alias=tamsa2.snu.ac.kr&noUDP&sock=schedd_3625_06e6>
...
040 (390986.001.000) 2024-01-18 22:24:35 Started transferring input files
	Transferring to host: <172.30.1.210:9618?addrs=172.30.1.210-9618&alias=node10&noUDP&sock=slot1_20_3822_b1d4_183954>
...
040 (390986.001.000) 2024-01-18 22:24:35 Finished transferring input files
...
001 (390986.001.000) 2024-01-18 22:24:35 Job executing on host: <172.30.1.210:9618?addrs=172.30.1.210-9618&alias=node10&noUDP&sock=startd_3788_d4d6>
...
006 (390986.001.000) 2024-01-18 22:24:44 Image size of job updated: 184652
	181  -  MemoryUsage of job (MB)
	184564  -  ResidentSetSize of job (KB)
...
006 (390986.001.000) 2024-01-18 22:29:06 Image size of job updated: 863100
	181  -  MemoryUsage of job (MB)
	184564  -  ResidentSetSize of job (KB)
...
040 (390986.001.000) 2024-01-18 22:29:07 Started transferring output files
...
040 (390986.001.000) 2024-01-18 22:29:08 Finished transferring output files
...
005 (390986.001.000) 2024-01-18 22:29:08 Job terminated.
	(1) Normal termination (return value 0)
		Usr 0 00:02:47, Sys 0 00:00:13  -  Run Remote Usage
		Usr 0 00:00:00, Sys 0 00:00:00  -  Run Local Usage
		Usr 0 00:02:47, Sys 0 00:00:13  -  Total Remote Usage
		Usr 0 00:00:00, Sys 0 00:00:00  -  Total Local Usage
	35078432  -  Run Bytes Sent By Job
	182182  -  Run Bytes Received By Job
	35078432  -  Total Bytes Sent By Job
	182182  -  Total Bytes Received By Job
	Partitionable Resources :    Usage  Request Allocated 
	   Cpus                 :     0.08        1         1 
	   Disk (KB)            : 34506         200    128928 
	   Memory (MB)          :   181        3900      3968 

	Job terminated of its own accord at 2024-01-18T13:29:06Z.
...
000 (391043.001.000) 2024-01-18 23:16:22 Job submitted from host: <172.30.1.200:9618?addrs=172.30.1.200-9618&alias=tamsa2.snu.ac.kr&noUDP&sock=schedd_3625_06e6>
...
040 (391043.001.000) 2024-01-18 23:16:27 Started transferring input files
	Transferring to host: <172.30.1.206:9618?addrs=172.30.1.206-9618&alias=node6&noUDP&sock=slot1_25_3722_3c50_223632>
...
001 (391043.001.000) 2024-01-18 23:16:27 Job executing on host: <172.30.1.206:9618?addrs=172.30.1.206-9618&alias=node6&noUDP&sock=startd_3686_de2d>
...
040 (391043.001.000) 2024-01-18 23:16:27 Finished transferring input files
...
006 (391043.001.000) 2024-01-18 23:16:36 Image size of job updated: 347104
	171  -  MemoryUsage of job (MB)
	174672  -  ResidentSetSize of job (KB)
...
006 (391043.001.000) 2024-01-18 23:18:11 Image size of job updated: 835144
	171  -  MemoryUsage of job (MB)
	174672  -  ResidentSetSize of job (KB)
...
040 (391043.001.000) 2024-01-18 23:18:11 Started transferring output files
...
040 (391043.001.000) 2024-01-18 23:18:22 Finished transferring output files
...
005 (391043.001.000) 2024-01-18 23:18:22 Job terminated.
	(1) Normal termination (return value 0)
		Usr 0 00:01:05, Sys 0 00:00:07  -  Run Remote Usage
		Usr 0 00:00:00, Sys 0 00:00:00  -  Run Local Usage
		Usr 0 00:01:05, Sys 0 00:00:07  -  Total Remote Usage
		Usr 0 00:00:00, Sys 0 00:00:00  -  Total Local Usage
	7464007  -  Run Bytes Sent By Job
	182524  -  Run Bytes Received By Job
	7464007  -  Total Bytes Sent By Job
	182524  -  Total Bytes Received By Job
	Partitionable Resources :    Usage  Request Allocated 
	   Cpus                 :                 1         1 
	   Disk (KB)            :     7534      200     95898 
	   Memory (MB)          :      171     3900      3968 

	Job terminated of its own accord at 2024-01-18T14:18:11Z.
...
000 (391059.001.000) 2024-01-19 10:38:28 Job submitted from host: <172.30.1.200:9618?addrs=172.30.1.200-9618&alias=tamsa2.snu.ac.kr&noUDP&sock=schedd_3625_06e6>
...
040 (391059.001.000) 2024-01-19 10:38:30 Started transferring input files
	Transferring to host: <172.30.1.212:9618?addrs=172.30.1.212-9618&alias=node12&noUDP&sock=slot1_75_4492_c530_312696>
...
001 (391059.001.000) 2024-01-19 10:38:30 Job executing on host: <172.30.1.212:9618?addrs=172.30.1.212-9618&alias=node12&noUDP&sock=startd_4455_5682>
...
040 (391059.001.000) 2024-01-19 10:38:30 Finished transferring input files
...
006 (391059.001.000) 2024-01-19 10:38:39 Image size of job updated: 139344
	74  -  MemoryUsage of job (MB)
	75364  -  ResidentSetSize of job (KB)
...
006 (391059.001.000) 2024-01-19 10:43:04 Image size of job updated: 863184
	74  -  MemoryUsage of job (MB)
	75364  -  ResidentSetSize of job (KB)
...
040 (391059.001.000) 2024-01-19 10:43:05 Started transferring output files
...
040 (391059.001.000) 2024-01-19 10:43:08 Finished transferring output files
...
005 (391059.001.000) 2024-01-19 10:43:08 Job terminated.
	(1) Normal termination (return value 0)
		Usr 0 00:03:02, Sys 0 00:00:15  -  Run Remote Usage
		Usr 0 00:00:00, Sys 0 00:00:00  -  Run Local Usage
		Usr 0 00:03:02, Sys 0 00:00:15  -  Total Remote Usage
		Usr 0 00:00:00, Sys 0 00:00:00  -  Total Local Usage
	33579472  -  Run Bytes Sent By Job
	182504  -  Run Bytes Received By Job
	33579472  -  Total Bytes Sent By Job
	182504  -  Total Bytes Received By Job
	Partitionable Resources :    Usage  Request Allocated 
	   Cpus                 :     0.25        1         1 
	   Disk (KB)            : 33043         200    261111 
	   Memory (MB)          :    74        3900      3968 

	Job terminated of its own accord at 2024-01-19T01:43:04Z.
...
000 (391060.001.000) 2024-01-19 10:57:46 Job submitted from host: <172.30.1.200:9618?addrs=172.30.1.200-9618&alias=tamsa2.snu.ac.kr&noUDP&sock=schedd_3625_06e6>
...
040 (391060.001.000) 2024-01-19 10:57:49 Started transferring input files
	Transferring to host: <172.30.1.215:9618?addrs=172.30.1.215-9618&alias=node15&noUDP&sock=slot1_71_4389_328c_280385>
...
040 (391060.001.000) 2024-01-19 10:57:49 Finished transferring input files
...
001 (391060.001.000) 2024-01-19 10:57:49 Job executing on host: <172.30.1.215:9618?addrs=172.30.1.215-9618&alias=node15&noUDP&sock=startd_4353_5fd9>
...
006 (391060.001.000) 2024-01-19 10:57:58 Image size of job updated: 230112
	133  -  MemoryUsage of job (MB)
	135196  -  ResidentSetSize of job (KB)
...
006 (391060.001.000) 2024-01-19 11:02:16 Image size of job updated: 867456
	133  -  MemoryUsage of job (MB)
	135204  -  ResidentSetSize of job (KB)
...
040 (391060.001.000) 2024-01-19 11:02:16 Started transferring output files
...
040 (391060.001.000) 2024-01-19 11:02:19 Finished transferring output files
...
005 (391060.001.000) 2024-01-19 11:02:19 Job terminated.
	(1) Normal termination (return value 0)
		Usr 0 00:03:07, Sys 0 00:00:16  -  Run Remote Usage
		Usr 0 00:00:00, Sys 0 00:00:00  -  Run Local Usage
		Usr 0 00:03:07, Sys 0 00:00:16  -  Total Remote Usage
		Usr 0 00:00:00, Sys 0 00:00:00  -  Total Local Usage
	44736808  -  Run Bytes Sent By Job
	182520  -  Run Bytes Received By Job
	44736808  -  Total Bytes Sent By Job
	182520  -  Total Bytes Received By Job
	Partitionable Resources :    Usage  Request Allocated 
	   Cpus                 :                 1         1 
	   Disk (KB)            :    43933      200    261111 
	   Memory (MB)          :      133     3900      3968 

	Job terminated of its own accord at 2024-01-19T02:02:16Z.
...
000 (391113.001.000) 2024-01-19 11:50:58 Job submitted from host: <172.30.1.200:9618?addrs=172.30.1.200-9618&alias=tamsa2.snu.ac.kr&noUDP&sock=schedd_3625_06e6>
...
040 (391113.001.000) 2024-01-19 11:50:59 Started transferring input files
	Transferring to host: <172.30.1.212:9618?addrs=172.30.1.212-9618&alias=node12&noUDP&sock=slot1_66_4492_c530_312726>
...
040 (391113.001.000) 2024-01-19 11:50:59 Finished transferring input files
...
001 (391113.001.000) 2024-01-19 11:50:59 Job executing on host: <172.30.1.212:9618?addrs=172.30.1.212-9618&alias=node12&noUDP&sock=startd_4455_5682>
...
006 (391113.001.000) 2024-01-19 11:51:08 Image size of job updated: 272740
	126  -  MemoryUsage of job (MB)
	128480  -  ResidentSetSize of job (KB)
...
006 (391113.001.000) 2024-01-19 11:52:49 Image size of job updated: 835144
	126  -  MemoryUsage of job (MB)
	128480  -  ResidentSetSize of job (KB)
...
040 (391113.001.000) 2024-01-19 11:52:49 Started transferring output files
...
040 (391113.001.000) 2024-01-19 11:52:50 Finished transferring output files
...
005 (391113.001.000) 2024-01-19 11:52:50 Job terminated.
	(1) Normal termination (return value 0)
		Usr 0 00:01:15, Sys 0 00:00:08  -  Run Remote Usage
		Usr 0 00:00:00, Sys 0 00:00:00  -  Run Local Usage
		Usr 0 00:01:15, Sys 0 00:00:08  -  Total Remote Usage
		Usr 0 00:00:00, Sys 0 00:00:00  -  Total Local Usage
	7464079  -  Run Bytes Sent By Job
	183986  -  Run Bytes Received By Job
	7464079  -  Total Bytes Sent By Job
	183986  -  Total Bytes Received By Job
	Partitionable Resources :    Usage  Request Allocated 
	   Cpus                 :     0.65        1         1 
	   Disk (KB)            :  7542         200    261111 
	   Memory (MB)          :   126        3900      3968 

	Job terminated of its own accord at 2024-01-19T02:52:49Z.
...
000 (391114.001.000) 2024-01-19 11:56:30 Job submitted from host: <172.30.1.200:9618?addrs=172.30.1.200-9618&alias=tamsa2.snu.ac.kr&noUDP&sock=schedd_3625_06e6>
...
040 (391114.001.000) 2024-01-19 11:56:31 Started transferring input files
	Transferring to host: <172.30.1.205:9618?addrs=172.30.1.205-9618&alias=node5&noUDP&sock=slot1_41_3857_5af6_241167>
...
040 (391114.001.000) 2024-01-19 11:56:31 Finished transferring input files
...
001 (391114.001.000) 2024-01-19 11:56:31 Job executing on host: <172.30.1.205:9618?addrs=172.30.1.205-9618&alias=node5&noUDP&sock=startd_3821_7776>
...
006 (391114.001.000) 2024-01-19 11:56:40 Image size of job updated: 578840
	181  -  MemoryUsage of job (MB)
	185040  -  ResidentSetSize of job (KB)
...
006 (391114.001.000) 2024-01-19 11:58:29 Image size of job updated: 844340
	181  -  MemoryUsage of job (MB)
	185040  -  ResidentSetSize of job (KB)
...
040 (391114.001.000) 2024-01-19 11:58:29 Started transferring output files
...
040 (391114.001.000) 2024-01-19 11:58:29 Finished transferring output files
...
005 (391114.001.000) 2024-01-19 11:58:29 Job terminated.
	(1) Normal termination (return value 0)
		Usr 0 00:01:10, Sys 0 00:00:07  -  Run Remote Usage
		Usr 0 00:00:00, Sys 0 00:00:00  -  Run Local Usage
		Usr 0 00:01:10, Sys 0 00:00:07  -  Total Remote Usage
		Usr 0 00:00:00, Sys 0 00:00:00  -  Total Local Usage
	7464183  -  Run Bytes Sent By Job
	183986  -  Run Bytes Received By Job
	7464183  -  Total Bytes Sent By Job
	183986  -  Total Bytes Received By Job
	Partitionable Resources :    Usage  Request Allocated 
	   Cpus                 :     0.56        1         1 
	   Disk (KB)            :  7542         200    128928 
	   Memory (MB)          :   181        3900      3968 

	Job terminated of its own accord at 2024-01-19T02:58:29Z.
...
000 (391115.001.000) 2024-01-19 12:05:54 Job submitted from host: <172.30.1.200:9618?addrs=172.30.1.200-9618&alias=tamsa2.snu.ac.kr&noUDP&sock=schedd_3625_06e6>
...
040 (391115.001.000) 2024-01-19 12:05:55 Started transferring input files
	Transferring to host: <172.30.1.205:9618?addrs=172.30.1.205-9618&alias=node5&noUDP&sock=slot1_42_3857_5af6_241178>
...
040 (391115.001.000) 2024-01-19 12:05:55 Finished transferring input files
...
001 (391115.001.000) 2024-01-19 12:05:55 Job executing on host: <172.30.1.205:9618?addrs=172.30.1.205-9618&alias=node5&noUDP&sock=startd_3821_7776>
...
006 (391115.001.000) 2024-01-19 12:06:04 Image size of job updated: 179616
	176  -  MemoryUsage of job (MB)
	179616  -  ResidentSetSize of job (KB)
...
006 (391115.001.000) 2024-01-19 12:07:55 Image size of job updated: 846136
	176  -  MemoryUsage of job (MB)
	179616  -  ResidentSetSize of job (KB)
...
040 (391115.001.000) 2024-01-19 12:07:55 Started transferring output files
...
040 (391115.001.000) 2024-01-19 12:07:55 Finished transferring output files
...
005 (391115.001.000) 2024-01-19 12:07:55 Job terminated.
	(1) Normal termination (return value 0)
		Usr 0 00:01:10, Sys 0 00:00:07  -  Run Remote Usage
		Usr 0 00:00:00, Sys 0 00:00:00  -  Run Local Usage
		Usr 0 00:01:10, Sys 0 00:00:07  -  Total Remote Usage
		Usr 0 00:00:00, Sys 0 00:00:00  -  Total Local Usage
	7464183  -  Run Bytes Sent By Job
	184022  -  Run Bytes Received By Job
	7464183  -  Total Bytes Sent By Job
	184022  -  Total Bytes Received By Job
	Partitionable Resources :    Usage  Request Allocated 
	   Cpus                 :                 1         1 
	   Disk (KB)            :     7536      200    128928 
	   Memory (MB)          :      176     3900      3968 

	Job terminated of its own accord at 2024-01-19T03:07:55Z.
...
000 (391116.001.000) 2024-01-19 12:09:38 Job submitted from host: <172.30.1.200:9618?addrs=172.30.1.200-9618&alias=tamsa2.snu.ac.kr&noUDP&sock=schedd_3625_06e6>
...
040 (391116.001.000) 2024-01-19 12:09:39 Started transferring input files
	Transferring to host: <172.30.1.211:9618?addrs=172.30.1.211-9618&alias=node11&noUDP&sock=slot1_38_3735_6531_177584>
...
040 (391116.001.000) 2024-01-19 12:09:39 Finished transferring input files
...
001 (391116.001.000) 2024-01-19 12:09:39 Job executing on host: <172.30.1.211:9618?addrs=172.30.1.211-9618&alias=node11&noUDP&sock=startd_3699_c8e9>
...
006 (391116.001.000) 2024-01-19 12:09:48 Image size of job updated: 610356
	182  -  MemoryUsage of job (MB)
	185384  -  ResidentSetSize of job (KB)
...
006 (391116.001.000) 2024-01-19 12:11:35 Image size of job updated: 835132
	182  -  MemoryUsage of job (MB)
	185384  -  ResidentSetSize of job (KB)
...
040 (391116.001.000) 2024-01-19 12:11:35 Started transferring output files
...
040 (391116.001.000) 2024-01-19 12:11:35 Finished transferring output files
...
005 (391116.001.000) 2024-01-19 12:11:35 Job terminated.
	(1) Normal termination (return value 0)
		Usr 0 00:01:12, Sys 0 00:00:07  -  Run Remote Usage
		Usr 0 00:00:00, Sys 0 00:00:00  -  Run Local Usage
		Usr 0 00:01:12, Sys 0 00:00:07  -  Total Remote Usage
		Usr 0 00:00:00, Sys 0 00:00:00  -  Total Local Usage
	7464207  -  Run Bytes Sent By Job
	184022  -  Run Bytes Received By Job
	7464207  -  Total Bytes Sent By Job
	184022  -  Total Bytes Received By Job
	Partitionable Resources :    Usage  Request Allocated 
	   Cpus                 :     0.29        1         1 
	   Disk (KB)            :  7542         200    128928 
	   Memory (MB)          :   182        3900      3968 

	Job terminated of its own accord at 2024-01-19T03:11:35Z.
...
000 (391117.001.000) 2024-01-19 12:15:27 Job submitted from host: <172.30.1.200:9618?addrs=172.30.1.200-9618&alias=tamsa2.snu.ac.kr&noUDP&sock=schedd_3625_06e6>
...
040 (391117.001.000) 2024-01-19 12:15:31 Started transferring input files
	Transferring to host: <172.30.1.205:9618?addrs=172.30.1.205-9618&alias=node5&noUDP&sock=slot1_43_3857_5af6_241190>
...
001 (391117.001.000) 2024-01-19 12:15:31 Job executing on host: <172.30.1.205:9618?addrs=172.30.1.205-9618&alias=node5&noUDP&sock=startd_3821_7776>
...
040 (391117.001.000) 2024-01-19 12:15:31 Finished transferring input files
...
006 (391117.001.000) 2024-01-19 12:15:40 Image size of job updated: 186740
	183  -  MemoryUsage of job (MB)
	186740  -  ResidentSetSize of job (KB)
...
006 (391117.001.000) 2024-01-19 12:19:40 Image size of job updated: 862540
	183  -  MemoryUsage of job (MB)
	186740  -  ResidentSetSize of job (KB)
...
040 (391117.001.000) 2024-01-19 12:19:40 Started transferring output files
...
040 (391117.001.000) 2024-01-19 12:19:43 Finished transferring output files
...
005 (391117.001.000) 2024-01-19 12:19:43 Job terminated.
	(1) Normal termination (return value 0)
		Usr 0 00:03:10, Sys 0 00:00:12  -  Run Remote Usage
		Usr 0 00:00:00, Sys 0 00:00:00  -  Run Local Usage
		Usr 0 00:03:10, Sys 0 00:00:12  -  Total Remote Usage
		Usr 0 00:00:00, Sys 0 00:00:00  -  Total Local Usage
	33704704  -  Run Bytes Sent By Job
	184028  -  Run Bytes Received By Job
	33704704  -  Total Bytes Sent By Job
	184028  -  Total Bytes Received By Job
	Partitionable Resources :    Usage  Request Allocated 
	   Cpus                 :     0.82        1         1 
	   Disk (KB)            : 33168         200    128928 
	   Memory (MB)          :   183        3900      3968 

	Job terminated of its own accord at 2024-01-19T03:19:40Z.
...
000 (391118.001.000) 2024-01-19 12:41:44 Job submitted from host: <172.30.1.200:9618?addrs=172.30.1.200-9618&alias=tamsa2.snu.ac.kr&noUDP&sock=schedd_3625_06e6>
...
040 (391118.001.000) 2024-01-19 12:41:50 Started transferring input files
	Transferring to host: <172.30.1.206:9618?addrs=172.30.1.206-9618&alias=node6&noUDP&sock=slot1_29_3722_3c50_224074>
...
040 (391118.001.000) 2024-01-19 12:41:50 Finished transferring input files
...
001 (391118.001.000) 2024-01-19 12:41:50 Job executing on host: <172.30.1.206:9618?addrs=172.30.1.206-9618&alias=node6&noUDP&sock=startd_3686_de2d>
...
006 (391118.001.000) 2024-01-19 12:41:59 Image size of job updated: 184536
	181  -  MemoryUsage of job (MB)
	184536  -  ResidentSetSize of job (KB)
...
006 (391118.001.000) 2024-01-19 12:43:34 Image size of job updated: 844880
	181  -  MemoryUsage of job (MB)
	184536  -  ResidentSetSize of job (KB)
...
040 (391118.001.000) 2024-01-19 12:43:34 Started transferring output files
...
040 (391118.001.000) 2024-01-19 12:43:38 Finished transferring output files
...
005 (391118.001.000) 2024-01-19 12:43:38 Job terminated.
	(1) Normal termination (return value 0)
		Usr 0 00:01:07, Sys 0 00:00:07  -  Run Remote Usage
		Usr 0 00:00:00, Sys 0 00:00:00  -  Run Local Usage
		Usr 0 00:01:07, Sys 0 00:00:07  -  Total Remote Usage
		Usr 0 00:00:00, Sys 0 00:00:00  -  Total Local Usage
	7464143  -  Run Bytes Sent By Job
	183796  -  Run Bytes Received By Job
	7464143  -  Total Bytes Sent By Job
	183796  -  Total Bytes Received By Job
	Partitionable Resources :    Usage  Request Allocated 
	   Cpus                 :                 1         1 
	   Disk (KB)            :     7536      200     95898 
	   Memory (MB)          :      181     3900      3968 

	Job terminated of its own accord at 2024-01-19T03:43:34Z.
...
000 (391119.001.000) 2024-01-19 12:47:04 Job submitted from host: <172.30.1.200:9618?addrs=172.30.1.200-9618&alias=tamsa2.snu.ac.kr&noUDP&sock=schedd_3625_06e6>
...
040 (391119.001.000) 2024-01-19 12:47:12 Started transferring input files
	Transferring to host: <172.30.1.206:9618?addrs=172.30.1.206-9618&alias=node6&noUDP&sock=slot1_43_3722_3c50_224085>
...
001 (391119.001.000) 2024-01-19 12:47:12 Job executing on host: <172.30.1.206:9618?addrs=172.30.1.206-9618&alias=node6&noUDP&sock=startd_3686_de2d>
...
040 (391119.001.000) 2024-01-19 12:47:12 Finished transferring input files
...
006 (391119.001.000) 2024-01-19 12:47:20 Image size of job updated: 835156
	183  -  MemoryUsage of job (MB)
	186776  -  ResidentSetSize of job (KB)
...
006 (391119.001.000) 2024-01-19 12:50:51 Image size of job updated: 865772
	183  -  MemoryUsage of job (MB)
	186776  -  ResidentSetSize of job (KB)
...
040 (391119.001.000) 2024-01-19 12:50:51 Started transferring output files
...
040 (391119.001.000) 2024-01-19 12:51:02 Finished transferring output files
...
005 (391119.001.000) 2024-01-19 12:51:02 Job terminated.
	(1) Normal termination (return value 0)
		Usr 0 00:03:02, Sys 0 00:00:13  -  Run Remote Usage
		Usr 0 00:00:00, Sys 0 00:00:00  -  Run Local Usage
		Usr 0 00:03:02, Sys 0 00:00:13  -  Total Remote Usage
		Usr 0 00:00:00, Sys 0 00:00:00  -  Total Local Usage
	32833730  -  Run Bytes Sent By Job
	183796  -  Run Bytes Received By Job
	32833730  -  Total Bytes Sent By Job
	183796  -  Total Bytes Received By Job
	Partitionable Resources :    Usage  Request Allocated 
	   Cpus                 :                 1         1 
	   Disk (KB)            :    32311      200     95898 
	   Memory (MB)          :      183     3900      3968 

	Job terminated of its own accord at 2024-01-19T03:50:51Z.
...
000 (391120.001.000) 2024-01-19 13:02:28 Job submitted from host: <172.30.1.200:9618?addrs=172.30.1.200-9618&alias=tamsa2.snu.ac.kr&noUDP&sock=schedd_3625_06e6>
...
040 (391120.001.000) 2024-01-19 13:02:37 Started transferring input files
	Transferring to host: <172.30.1.211:9618?addrs=172.30.1.211-9618&alias=node11&noUDP&sock=slot1_42_3735_6531_177621>
...
040 (391120.001.000) 2024-01-19 13:02:37 Finished transferring input files
...
001 (391120.001.000) 2024-01-19 13:02:37 Job executing on host: <172.30.1.211:9618?addrs=172.30.1.211-9618&alias=node11&noUDP&sock=startd_3699_c8e9>
...
006 (391120.001.000) 2024-01-19 13:02:46 Image size of job updated: 175228
	172  -  MemoryUsage of job (MB)
	175228  -  ResidentSetSize of job (KB)
...
006 (391120.001.000) 2024-01-19 13:07:05 Image size of job updated: 866724
	172  -  MemoryUsage of job (MB)
	175228  -  ResidentSetSize of job (KB)
...
040 (391120.001.000) 2024-01-19 13:07:05 Started transferring output files
...
040 (391120.001.000) 2024-01-19 13:07:19 Finished transferring output files
...
005 (391120.001.000) 2024-01-19 13:07:20 Job terminated.
	(1) Normal termination (return value 0)
		Usr 0 00:03:06, Sys 0 00:00:14  -  Run Remote Usage
		Usr 0 00:00:00, Sys 0 00:00:00  -  Run Local Usage
		Usr 0 00:03:06, Sys 0 00:00:14  -  Total Remote Usage
		Usr 0 00:00:00, Sys 0 00:00:00  -  Total Local Usage
	32790400  -  Run Bytes Sent By Job
	183796  -  Run Bytes Received By Job
	32790400  -  Total Bytes Sent By Job
	183796  -  Total Bytes Received By Job
	Partitionable Resources :    Usage  Request Allocated 
	   Cpus                 :     0.89        1         1 
	   Disk (KB)            : 32274         200    128928 
	   Memory (MB)          :   172        3900      3968 

	Job terminated of its own accord at 2024-01-19T04:07:05Z.
...
000 (391131.001.000) 2024-01-19 14:22:45 Job submitted from host: <172.30.1.200:9618?addrs=172.30.1.200-9618&alias=tamsa2.snu.ac.kr&noUDP&sock=schedd_3625_06e6>
...
040 (391131.001.000) 2024-01-19 14:22:50 Started transferring input files
	Transferring to host: <172.30.1.204:9618?addrs=172.30.1.204-9618&alias=node4&noUDP&sock=slot1_48_3725_5971_203382>
...
040 (391131.001.000) 2024-01-19 14:22:50 Finished transferring input files
...
001 (391131.001.000) 2024-01-19 14:22:50 Job executing on host: <172.30.1.204:9618?addrs=172.30.1.204-9618&alias=node4&noUDP&sock=startd_3691_4c27>
...
006 (391131.001.000) 2024-01-19 14:22:59 Image size of job updated: 63068
	45  -  MemoryUsage of job (MB)
	45924  -  ResidentSetSize of job (KB)
...
006 (391131.001.000) 2024-01-19 14:28:00 Image size of job updated: 1013640
	354  -  MemoryUsage of job (MB)
	361680  -  ResidentSetSize of job (KB)
...
004 (391131.001.000) 2024-01-19 14:28:10 Job was evicted.
	(0) CPU times
		Usr 0 00:04:37, Sys 0 00:00:27  -  Run Remote Usage
		Usr 0 00:00:00, Sys 0 00:00:00  -  Run Local Usage
	0  -  Run Bytes Sent By Job
	183798  -  Run Bytes Received By Job
	Partitionable Resources :    Usage  Request Allocated 
	   Cpus                 :     1.00        1         1 
	   Disk (KB)            :  1576         200    128928 
	   Memory (MB)          :   354        3900      3968 
...
009 (391131.001.000) 2024-01-19 14:28:10 Job was aborted.
	via condor_rm (by user shin)
...
000 (391132.001.000) 2024-01-19 14:30:22 Job submitted from host: <172.30.1.200:9618?addrs=172.30.1.200-9618&alias=tamsa2.snu.ac.kr&noUDP&sock=schedd_3625_06e6>
...
040 (391132.001.000) 2024-01-19 14:30:24 Started transferring input files
	Transferring to host: <172.30.1.204:9618?addrs=172.30.1.204-9618&alias=node4&noUDP&sock=slot1_48_3725_5971_203384>
...
040 (391132.001.000) 2024-01-19 14:30:24 Finished transferring input files
...
001 (391132.001.000) 2024-01-19 14:30:24 Job executing on host: <172.30.1.204:9618?addrs=172.30.1.204-9618&alias=node4&noUDP&sock=startd_3691_4c27>
...
006 (391132.001.000) 2024-01-19 14:30:32 Image size of job updated: 267844
	183  -  MemoryUsage of job (MB)
	186732  -  ResidentSetSize of job (KB)
...
006 (391132.001.000) 2024-01-19 14:35:32 Image size of job updated: 879116
	216  -  MemoryUsage of job (MB)
	220680  -  ResidentSetSize of job (KB)
...
000 (391137.001.000) 2024-01-19 14:35:50 Job submitted from host: <172.30.1.200:9618?addrs=172.30.1.200-9618&alias=tamsa2.snu.ac.kr&noUDP&sock=schedd_3625_06e6>
...
040 (391137.001.000) 2024-01-19 14:35:51 Started transferring input files
	Transferring to host: <172.30.1.104:9618?addrs=172.30.1.104-9618&alias=n4&noUDP&sock=slot1_5_21200_1157_31963>
...
040 (391137.001.000) 2024-01-19 14:35:51 Finished transferring input files
...
001 (391137.001.000) 2024-01-19 14:35:51 Job executing on host: <172.30.1.104:9618?addrs=172.30.1.104-9618&alias=n4&noUDP&sock=startd_21167_613f>
...
006 (391137.001.000) 2024-01-19 14:36:00 Image size of job updated: 187556
	184  -  MemoryUsage of job (MB)
	187556  -  ResidentSetSize of job (KB)
...
004 (391132.001.000) 2024-01-19 14:36:00 Job was evicted.
	(0) CPU times
		Usr 0 00:04:34, Sys 0 00:00:24  -  Run Remote Usage
		Usr 0 00:00:00, Sys 0 00:00:00  -  Run Local Usage
	0  -  Run Bytes Sent By Job
	183608  -  Run Bytes Received By Job
	Partitionable Resources :    Usage  Request Allocated 
	   Cpus                 :     0.98        1         1 
	   Disk (KB)            : 14790         200    128928 
	   Memory (MB)          :   216        3900      3968 
...
006 (391137.001.000) 2024-01-19 14:36:00 Image size of job updated: 836116
	184  -  MemoryUsage of job (MB)
	187556  -  ResidentSetSize of job (KB)
...
009 (391132.001.000) 2024-01-19 14:36:00 Job was aborted.
	via condor_rm (by user shin)
...
004 (391137.001.000) 2024-01-19 14:36:00 Job was evicted.
	(0) CPU times
		Usr 0 00:00:07, Sys 0 00:00:00  -  Run Remote Usage
		Usr 0 00:00:00, Sys 0 00:00:00  -  Run Local Usage
	0  -  Run Bytes Sent By Job
	183614  -  Run Bytes Received By Job
	Partitionable Resources :    Usage  Request Allocated 
	   Cpus                 :        0        1         1 
	   Disk (KB)            :      706      200     54661 
	   Memory (MB)          :      184     3900      3968 
...
009 (391137.001.000) 2024-01-19 14:36:00 Job was aborted.
	via condor_rm (by user shin)
...
000 (391138.001.000) 2024-01-19 14:36:02 Job submitted from host: <172.30.1.200:9618?addrs=172.30.1.200-9618&alias=tamsa2.snu.ac.kr&noUDP&sock=schedd_3625_06e6>
...
040 (391138.001.000) 2024-01-19 14:36:12 Started transferring input files
	Transferring to host: <172.30.1.204:9618?addrs=172.30.1.204-9618&alias=node4&noUDP&sock=slot1_47_3725_5971_203385>
...
001 (391138.001.000) 2024-01-19 14:36:12 Job executing on host: <172.30.1.204:9618?addrs=172.30.1.204-9618&alias=node4&noUDP&sock=startd_3691_4c27>
...
040 (391138.001.000) 2024-01-19 14:36:12 Finished transferring input files
...
006 (391138.001.000) 2024-01-19 14:36:21 Image size of job updated: 186732
	183  -  MemoryUsage of job (MB)
	186732  -  ResidentSetSize of job (KB)
...
006 (391138.001.000) 2024-01-19 14:41:22 Image size of job updated: 874900
	183  -  MemoryUsage of job (MB)
	186752  -  ResidentSetSize of job (KB)
...
040 (391138.001.000) 2024-01-19 14:41:59 Started transferring output files
...
040 (391138.001.000) 2024-01-19 14:42:16 Finished transferring output files
...
005 (391138.001.000) 2024-01-19 14:42:16 Job terminated.
	(1) Normal termination (return value 0)
		Usr 0 00:04:51, Sys 0 00:00:24  -  Run Remote Usage
		Usr 0 00:00:00, Sys 0 00:00:00  -  Run Local Usage
		Usr 0 00:04:51, Sys 0 00:00:24  -  Total Remote Usage
		Usr 0 00:00:00, Sys 0 00:00:00  -  Total Local Usage
	32544998  -  Run Bytes Sent By Job
	183614  -  Run Bytes Received By Job
	32544998  -  Total Bytes Sent By Job
	183614  -  Total Bytes Received By Job
	Partitionable Resources :    Usage  Request Allocated 
	   Cpus                 :     0.96        1         1 
	   Disk (KB)            : 32034         200    128928 
	   Memory (MB)          :   183        3900      3968 

	Job terminated of its own accord at 2024-01-19T05:41:58Z.
...
000 (391139.001.000) 2024-01-19 14:48:49 Job submitted from host: <172.30.1.200:9618?addrs=172.30.1.200-9618&alias=tamsa2.snu.ac.kr&noUDP&sock=schedd_3625_06e6>
...
040 (391139.001.000) 2024-01-19 14:48:51 Started transferring input files
	Transferring to host: <172.30.1.204:9618?addrs=172.30.1.204-9618&alias=node4&noUDP&sock=slot1_47_3725_5971_203387>
...
040 (391139.001.000) 2024-01-19 14:48:51 Finished transferring input files
...
001 (391139.001.000) 2024-01-19 14:48:51 Job executing on host: <172.30.1.204:9618?addrs=172.30.1.204-9618&alias=node4&noUDP&sock=startd_3691_4c27>
...
006 (391139.001.000) 2024-01-19 14:49:00 Image size of job updated: 570084
	164  -  MemoryUsage of job (MB)
	166940  -  ResidentSetSize of job (KB)
...
006 (391139.001.000) 2024-01-19 14:52:18 Image size of job updated: 879080
	164  -  MemoryUsage of job (MB)
	167184  -  ResidentSetSize of job (KB)
...
004 (391139.001.000) 2024-01-19 14:52:18 Job was evicted.
	(0) CPU times
		Usr 0 00:02:43, Sys 0 00:00:14  -  Run Remote Usage
		Usr 0 00:00:00, Sys 0 00:00:00  -  Run Local Usage
	0  -  Run Bytes Sent By Job
	183618  -  Run Bytes Received By Job
	Partitionable Resources :    Usage  Request Allocated 
	   Cpus                 :     0.96        1         1 
	   Disk (KB)            :  9083         200    128928 
	   Memory (MB)          :   164        3900      3968 
...
009 (391139.001.000) 2024-01-19 14:52:18 Job was aborted.
	via condor_rm (by user shin)
...
000 (391140.001.000) 2024-01-19 14:52:19 Job submitted from host: <172.30.1.200:9618?addrs=172.30.1.200-9618&alias=tamsa2.snu.ac.kr&noUDP&sock=schedd_3625_06e6>
...
040 (391140.001.000) 2024-01-19 14:52:20 Started transferring input files
	Transferring to host: <172.30.1.204:9618?addrs=172.30.1.204-9618&alias=node4&noUDP&sock=slot1_47_3725_5971_203390>
...
040 (391140.001.000) 2024-01-19 14:52:20 Finished transferring input files
...
001 (391140.001.000) 2024-01-19 14:52:21 Job executing on host: <172.30.1.204:9618?addrs=172.30.1.204-9618&alias=node4&noUDP&sock=startd_3691_4c27>
...
006 (391140.001.000) 2024-01-19 14:52:29 Image size of job updated: 186728
	183  -  MemoryUsage of job (MB)
	186728  -  ResidentSetSize of job (KB)
...
006 (391140.001.000) 2024-01-19 14:57:29 Image size of job updated: 878900
	183  -  MemoryUsage of job (MB)
	186728  -  ResidentSetSize of job (KB)
...
040 (391140.001.000) 2024-01-19 14:58:14 Started transferring output files
...
040 (391140.001.000) 2024-01-19 14:58:18 Finished transferring output files
...
005 (391140.001.000) 2024-01-19 14:58:18 Job terminated.
	(1) Normal termination (return value 0)
		Usr 0 00:04:53, Sys 0 00:00:25  -  Run Remote Usage
		Usr 0 00:00:00, Sys 0 00:00:00  -  Run Local Usage
		Usr 0 00:04:53, Sys 0 00:00:25  -  Total Remote Usage
		Usr 0 00:00:00, Sys 0 00:00:00  -  Total Local Usage
	32380952  -  Run Bytes Sent By Job
	183636  -  Run Bytes Received By Job
	32380952  -  Total Bytes Sent By Job
	183636  -  Total Bytes Received By Job
	Partitionable Resources :    Usage  Request Allocated 
	   Cpus                 :     0.99        1         1 
	   Disk (KB)            : 31874         200    128928 
	   Memory (MB)          :   183        3900      3968 

	Job terminated of its own accord at 2024-01-19T05:58:14Z.
...
000 (391145.001.000) 2024-01-19 15:59:25 Job submitted from host: <172.30.1.200:9618?addrs=172.30.1.200-9618&alias=tamsa2.snu.ac.kr&noUDP&sock=schedd_3625_06e6>
...
040 (391145.001.000) 2024-01-19 15:59:27 Started transferring input files
	Transferring to host: <172.30.1.211:9618?addrs=172.30.1.211-9618&alias=node11&noUDP&sock=slot1_3_3735_6531_177640>
...
040 (391145.001.000) 2024-01-19 15:59:27 Finished transferring input files
...
001 (391145.001.000) 2024-01-19 15:59:27 Job executing on host: <172.30.1.211:9618?addrs=172.30.1.211-9618&alias=node11&noUDP&sock=startd_3699_c8e9>
...
006 (391145.001.000) 2024-01-19 15:59:36 Image size of job updated: 67724
	36  -  MemoryUsage of job (MB)
	36800  -  ResidentSetSize of job (KB)
...
006 (391145.001.000) 2024-01-19 16:04:36 Image size of job updated: 874136
	183  -  MemoryUsage of job (MB)
	187168  -  ResidentSetSize of job (KB)
...
040 (391145.001.000) 2024-01-19 16:05:07 Started transferring output files
...
040 (391145.001.000) 2024-01-19 16:05:16 Finished transferring output files
...
005 (391145.001.000) 2024-01-19 16:05:16 Job terminated.
	(1) Normal termination (return value 0)
		Usr 0 00:04:30, Sys 0 00:00:20  -  Run Remote Usage
		Usr 0 00:00:00, Sys 0 00:00:00  -  Run Local Usage
		Usr 0 00:04:30, Sys 0 00:00:20  -  Total Remote Usage
		Usr 0 00:00:00, Sys 0 00:00:00  -  Total Local Usage
	31420622  -  Run Bytes Sent By Job
	184262  -  Run Bytes Received By Job
	31420622  -  Total Bytes Sent By Job
	184262  -  Total Bytes Received By Job
	Partitionable Resources :    Usage  Request Allocated 
	   Cpus                 :     0.92        1         1 
	   Disk (KB)            : 30937         200    128928 
	   Memory (MB)          :   183        3900      3968 

	Job terminated of its own accord at 2024-01-19T07:05:07Z.
...
000 (391151.001.000) 2024-01-19 16:45:38 Job submitted from host: <172.30.1.200:9618?addrs=172.30.1.200-9618&alias=tamsa2.snu.ac.kr&noUDP&sock=schedd_3625_06e6>
...
040 (391151.001.000) 2024-01-19 16:45:44 Started transferring input files
	Transferring to host: <172.30.1.211:9618?addrs=172.30.1.211-9618&alias=node11&noUDP&sock=slot1_5_3735_6531_177655>
...
040 (391151.001.000) 2024-01-19 16:45:45 Finished transferring input files
...
001 (391151.001.000) 2024-01-19 16:45:45 Job executing on host: <172.30.1.211:9618?addrs=172.30.1.211-9618&alias=node11&noUDP&sock=startd_3699_c8e9>
...
006 (391151.001.000) 2024-01-19 16:45:54 Image size of job updated: 562980
	130  -  MemoryUsage of job (MB)
	132424  -  ResidentSetSize of job (KB)
...
000 (391152.001.000) 2024-01-19 16:46:33 Job submitted from host: <172.30.1.200:9618?addrs=172.30.1.200-9618&alias=tamsa2.snu.ac.kr&noUDP&sock=schedd_3625_06e6>
...
040 (391152.001.000) 2024-01-19 16:46:35 Started transferring input files
	Transferring to host: <172.30.1.213:9618?addrs=172.30.1.213-9618&alias=node13&noUDP&sock=slot1_77_4363_e0ca_274966>
...
040 (391152.001.000) 2024-01-19 16:46:35 Finished transferring input files
...
001 (391152.001.000) 2024-01-19 16:46:35 Job executing on host: <172.30.1.213:9618?addrs=172.30.1.213-9618&alias=node13&noUDP&sock=startd_4329_e993>
...
006 (391152.001.000) 2024-01-19 16:46:43 Image size of job updated: 569084
	77  -  MemoryUsage of job (MB)
	78168  -  ResidentSetSize of job (KB)
...
004 (391152.001.000) 2024-01-19 16:46:43 Job was evicted.
	(0) CPU times
		Usr 0 00:00:00, Sys 0 00:00:00  -  Run Remote Usage
		Usr 0 00:00:00, Sys 0 00:00:00  -  Run Local Usage
	0  -  Run Bytes Sent By Job
	184253  -  Run Bytes Received By Job
	Partitionable Resources :    Usage  Request Allocated 
	   Cpus                 :        0        1         1 
	   Disk (KB)            :      236      200    261111 
	   Memory (MB)          :       77     3900      3968 
...
009 (391152.001.000) 2024-01-19 16:46:43 Job was aborted.
	via condor_rm (by user shin)
...
006 (391151.001.000) 2024-01-19 16:47:35 Image size of job updated: 846468
	130  -  MemoryUsage of job (MB)
	132424  -  ResidentSetSize of job (KB)
...
004 (391151.001.000) 2024-01-19 16:47:35 Job was evicted.
	(0) CPU times
		Usr 0 00:01:15, Sys 0 00:00:08  -  Run Remote Usage
		Usr 0 00:00:00, Sys 0 00:00:00  -  Run Local Usage
	0  -  Run Bytes Sent By Job
	184253  -  Run Bytes Received By Job
	Partitionable Resources :    Usage  Request Allocated 
	   Cpus                 :                 1         1 
	   Disk (KB)            :     3709      200    128928 
	   Memory (MB)          :      130     3900      3968 
...
009 (391151.001.000) 2024-01-19 16:47:36 Job was aborted.
	via condor_rm (by user shin)
...
000 (391153.001.000) 2024-01-19 16:47:37 Job submitted from host: <172.30.1.200:9618?addrs=172.30.1.200-9618&alias=tamsa2.snu.ac.kr&noUDP&sock=schedd_3625_06e6>
...
040 (391153.001.000) 2024-01-19 16:47:57 Started transferring input files
	Transferring to host: <172.30.1.207:9618?addrs=172.30.1.207-9618&alias=node7&noUDP&sock=slot1_22_39434_91fd_225235>
...
001 (391153.001.000) 2024-01-19 16:47:57 Job executing on host: <172.30.1.207:9618?addrs=172.30.1.207-9618&alias=node7&noUDP&sock=startd_3748_650d>
...
040 (391153.001.000) 2024-01-19 16:47:57 Finished transferring input files
...
006 (391153.001.000) 2024-01-19 16:48:05 Image size of job updated: 273492
	140  -  MemoryUsage of job (MB)
	142440  -  ResidentSetSize of job (KB)
...
006 (391153.001.000) 2024-01-19 16:49:40 Image size of job updated: 836188
	140  -  MemoryUsage of job (MB)
	142604  -  ResidentSetSize of job (KB)
...
040 (391153.001.000) 2024-01-19 16:49:40 Started transferring output files
...
040 (391153.001.000) 2024-01-19 16:49:40 Finished transferring output files
...
005 (391153.001.000) 2024-01-19 16:49:40 Job terminated.
	(1) Normal termination (return value 0)
		Usr 0 00:01:14, Sys 0 00:00:08  -  Run Remote Usage
		Usr 0 00:00:00, Sys 0 00:00:00  -  Run Local Usage
		Usr 0 00:01:14, Sys 0 00:00:08  -  Total Remote Usage
		Usr 0 00:00:00, Sys 0 00:00:00  -  Total Local Usage
	7470439  -  Run Bytes Sent By Job
	184257  -  Run Bytes Received By Job
	7470439  -  Total Bytes Sent By Job
	184257  -  Total Bytes Received By Job
	Partitionable Resources :    Usage  Request Allocated 
	   Cpus                 :                 1         1 
	   Disk (KB)            :     7543      200    121695 
	   Memory (MB)          :      140     3900      3968 

	Job terminated of its own accord at 2024-01-19T07:49:40Z.
...
000 (391154.001.000) 2024-01-19 16:50:49 Job submitted from host: <172.30.1.200:9618?addrs=172.30.1.200-9618&alias=tamsa2.snu.ac.kr&noUDP&sock=schedd_3625_06e6>
...
040 (391154.001.000) 2024-01-19 16:50:51 Started transferring input files
	Transferring to host: <172.30.1.212:9618?addrs=172.30.1.212-9618&alias=node12&noUDP&sock=slot1_67_4492_c530_312766>
...
001 (391154.001.000) 2024-01-19 16:50:51 Job executing on host: <172.30.1.212:9618?addrs=172.30.1.212-9618&alias=node12&noUDP&sock=startd_4455_5682>
...
040 (391154.001.000) 2024-01-19 16:50:51 Finished transferring input files
...
006 (391154.001.000) 2024-01-19 16:50:59 Image size of job updated: 233728
	68  -  MemoryUsage of job (MB)
	69128  -  ResidentSetSize of job (KB)
...
006 (391154.001.000) 2024-01-19 16:55:59 Image size of job updated: 871044
	68  -  MemoryUsage of job (MB)
	69128  -  ResidentSetSize of job (KB)
...
040 (391154.001.000) 2024-01-19 16:56:45 Started transferring output files
...
040 (391154.001.000) 2024-01-19 16:56:47 Finished transferring output files
...
005 (391154.001.000) 2024-01-19 16:56:47 Job terminated.
	(1) Normal termination (return value 0)
		Usr 0 00:04:42, Sys 0 00:00:23  -  Run Remote Usage
		Usr 0 00:00:00, Sys 0 00:00:00  -  Run Local Usage
		Usr 0 00:04:42, Sys 0 00:00:23  -  Total Remote Usage
		Usr 0 00:00:00, Sys 0 00:00:00  -  Total Local Usage
	31970116  -  Run Bytes Sent By Job
	184256  -  Run Bytes Received By Job
	31970116  -  Total Bytes Sent By Job
	184256  -  Total Bytes Received By Job
	Partitionable Resources :    Usage  Request Allocated 
	   Cpus                 :     0.98        1         1 
	   Disk (KB)            : 31474         200    261111 
	   Memory (MB)          :    68        3900      3968 

	Job terminated of its own accord at 2024-01-19T07:56:45Z.
...
000 (391155.001.000) 2024-01-19 17:22:15 Job submitted from host: <172.30.1.200:9618?addrs=172.30.1.200-9618&alias=tamsa2.snu.ac.kr&noUDP&sock=schedd_3625_06e6>
...
040 (391155.001.000) 2024-01-19 17:22:16 Started transferring input files
	Transferring to host: <172.30.1.207:9618?addrs=172.30.1.207-9618&alias=node7&noUDP&sock=slot1_29_39434_91fd_225243>
...
040 (391155.001.000) 2024-01-19 17:22:16 Finished transferring input files
...
001 (391155.001.000) 2024-01-19 17:22:16 Job executing on host: <172.30.1.207:9618?addrs=172.30.1.207-9618&alias=node7&noUDP&sock=startd_3748_650d>
...
006 (391155.001.000) 2024-01-19 17:22:25 Image size of job updated: 808360
	176  -  MemoryUsage of job (MB)
	180076  -  ResidentSetSize of job (KB)
...
006 (391155.001.000) 2024-01-19 17:24:03 Image size of job updated: 841220
	176  -  MemoryUsage of job (MB)
	180076  -  ResidentSetSize of job (KB)
...
040 (391155.001.000) 2024-01-19 17:24:03 Started transferring output files
...
040 (391155.001.000) 2024-01-19 17:24:07 Finished transferring output files
...
005 (391155.001.000) 2024-01-19 17:24:07 Job terminated.
	(1) Normal termination (return value 0)
		Usr 0 00:01:13, Sys 0 00:00:07  -  Run Remote Usage
		Usr 0 00:00:00, Sys 0 00:00:00  -  Run Local Usage
		Usr 0 00:01:13, Sys 0 00:00:07  -  Total Remote Usage
		Usr 0 00:00:00, Sys 0 00:00:00  -  Total Local Usage
	7465407  -  Run Bytes Sent By Job
	186554  -  Run Bytes Received By Job
	7465407  -  Total Bytes Sent By Job
	186554  -  Total Bytes Received By Job
	Partitionable Resources :    Usage  Request Allocated 
	   Cpus                 :                 1         1 
	   Disk (KB)            :     7540      200    121695 
	   Memory (MB)          :      176     3900      3968 

	Job terminated of its own accord at 2024-01-19T08:24:03Z.
...
000 (391156.001.000) 2024-01-19 17:29:00 Job submitted from host: <172.30.1.200:9618?addrs=172.30.1.200-9618&alias=tamsa2.snu.ac.kr&noUDP&sock=schedd_3625_06e6>
...
040 (391156.001.000) 2024-01-19 17:29:02 Started transferring input files
	Transferring to host: <172.30.1.216:9618?addrs=172.30.1.216-9618&alias=node16&noUDP&sock=slot1_52_4290_7168_331469>
...
001 (391156.001.000) 2024-01-19 17:29:02 Job executing on host: <172.30.1.216:9618?addrs=172.30.1.216-9618&alias=node16&noUDP&sock=startd_4255_2791>
...
040 (391156.001.000) 2024-01-19 17:29:02 Finished transferring input files
...
006 (391156.001.000) 2024-01-19 17:29:10 Image size of job updated: 139344
	28  -  MemoryUsage of job (MB)
	27884  -  ResidentSetSize of job (KB)
...
006 (391156.001.000) 2024-01-19 17:31:01 Image size of job updated: 843224
	28  -  MemoryUsage of job (MB)
	27936  -  ResidentSetSize of job (KB)
...
040 (391156.001.000) 2024-01-19 17:31:01 Started transferring output files
...
040 (391156.001.000) 2024-01-19 17:31:03 Finished transferring output files
...
005 (391156.001.000) 2024-01-19 17:31:03 Job terminated.
	(1) Normal termination (return value 0)
		Usr 0 00:01:15, Sys 0 00:00:08  -  Run Remote Usage
		Usr 0 00:00:00, Sys 0 00:00:00  -  Run Local Usage
		Usr 0 00:01:15, Sys 0 00:00:08  -  Total Remote Usage
		Usr 0 00:00:00, Sys 0 00:00:00  -  Total Local Usage
	7465407  -  Run Bytes Sent By Job
	186554  -  Run Bytes Received By Job
	7465407  -  Total Bytes Sent By Job
	186554  -  Total Bytes Received By Job
	Partitionable Resources :    Usage  Request Allocated 
	   Cpus                 :                 1         1 
	   Disk (KB)            :     7540      200    261111 
	   Memory (MB)          :       28     3900      3968 

	Job terminated of its own accord at 2024-01-19T08:31:01Z.
...
000 (391161.001.000) 2024-01-19 17:33:03 Job submitted from host: <172.30.1.200:9618?addrs=172.30.1.200-9618&alias=tamsa2.snu.ac.kr&noUDP&sock=schedd_3625_06e6>
...
040 (391161.001.000) 2024-01-19 17:33:04 Started transferring input files
	Transferring to host: <172.30.1.214:9618?addrs=172.30.1.214-9618&alias=node14&noUDP&sock=slot1_46_4480_50af_235121>
...
001 (391161.001.000) 2024-01-19 17:33:04 Job executing on host: <172.30.1.214:9618?addrs=172.30.1.214-9618&alias=node14&noUDP&sock=startd_4446_2a28>
...
040 (391161.001.000) 2024-01-19 17:33:04 Finished transferring input files
...
006 (391161.001.000) 2024-01-19 17:33:13 Image size of job updated: 30356
	15  -  MemoryUsage of job (MB)
	14824  -  ResidentSetSize of job (KB)
...
006 (391161.001.000) 2024-01-19 17:35:01 Image size of job updated: 836108
	15  -  MemoryUsage of job (MB)
	14824  -  ResidentSetSize of job (KB)
...
040 (391161.001.000) 2024-01-19 17:35:01 Started transferring output files
...
040 (391161.001.000) 2024-01-19 17:35:02 Finished transferring output files
...
005 (391161.001.000) 2024-01-19 17:35:02 Job terminated.
	(1) Normal termination (return value 0)
		Usr 0 00:01:19, Sys 0 00:00:09  -  Run Remote Usage
		Usr 0 00:00:00, Sys 0 00:00:00  -  Run Local Usage
		Usr 0 00:01:19, Sys 0 00:00:09  -  Total Remote Usage
		Usr 0 00:00:00, Sys 0 00:00:00  -  Total Local Usage
	7469647  -  Run Bytes Sent By Job
	186686  -  Run Bytes Received By Job
	7469647  -  Total Bytes Sent By Job
	186686  -  Total Bytes Received By Job
	Partitionable Resources :    Usage  Request Allocated 
	   Cpus                 :                 1         1 
	   Disk (KB)            :     7545      200    261111 
	   Memory (MB)          :       15     3900      3968 

	Job terminated of its own accord at 2024-01-19T08:35:01Z.
...
000 (391162.001.000) 2024-01-19 17:42:17 Job submitted from host: <172.30.1.200:9618?addrs=172.30.1.200-9618&alias=tamsa2.snu.ac.kr&noUDP&sock=schedd_3625_06e6>
...
040 (391162.001.000) 2024-01-19 17:42:26 Started transferring input files
	Transferring to host: <172.30.1.212:9618?addrs=172.30.1.212-9618&alias=node12&noUDP&sock=slot1_74_4492_c530_312782>
...
001 (391162.001.000) 2024-01-19 17:42:26 Job executing on host: <172.30.1.212:9618?addrs=172.30.1.212-9618&alias=node12&noUDP&sock=startd_4455_5682>
...
040 (391162.001.000) 2024-01-19 17:42:26 Finished transferring input files
...
006 (391162.001.000) 2024-01-19 17:42:35 Image size of job updated: 180088
	176  -  MemoryUsage of job (MB)
	180088  -  ResidentSetSize of job (KB)
...
006 (391162.001.000) 2024-01-19 17:44:23 Image size of job updated: 656464
	176  -  MemoryUsage of job (MB)
	180088  -  ResidentSetSize of job (KB)
...
040 (391162.001.000) 2024-01-19 17:44:23 Started transferring output files
...
040 (391162.001.000) 2024-01-19 17:44:23 Finished transferring output files
...
005 (391162.001.000) 2024-01-19 17:44:23 Job terminated.
	(1) Normal termination (return value 0)
		Usr 0 00:01:16, Sys 0 00:00:08  -  Run Remote Usage
		Usr 0 00:00:00, Sys 0 00:00:00  -  Run Local Usage
		Usr 0 00:01:16, Sys 0 00:00:08  -  Total Remote Usage
		Usr 0 00:00:00, Sys 0 00:00:00  -  Total Local Usage
	7465015  -  Run Bytes Sent By Job
	187104  -  Run Bytes Received By Job
	7465015  -  Total Bytes Sent By Job
	187104  -  Total Bytes Received By Job
	Partitionable Resources :    Usage  Request Allocated 
	   Cpus                 :                 1         1 
	   Disk (KB)            :     7540      200    261111 
	   Memory (MB)          :      176     3900      3968 

	Job terminated of its own accord at 2024-01-19T08:44:23Z.
...
000 (391163.001.000) 2024-01-19 17:55:42 Job submitted from host: <172.30.1.200:9618?addrs=172.30.1.200-9618&alias=tamsa2.snu.ac.kr&noUDP&sock=schedd_3625_06e6>
...
040 (391163.001.000) 2024-01-19 17:55:55 Started transferring input files
	Transferring to host: <172.30.1.208:9618?addrs=172.30.1.208-9618&alias=node8&noUDP&sock=slot1_38_3811_f1b4_191399>
...
001 (391163.001.000) 2024-01-19 17:55:55 Job executing on host: <172.30.1.208:9618?addrs=172.30.1.208-9618&alias=node8&noUDP&sock=startd_3777_494c>
...
040 (391163.001.000) 2024-01-19 17:55:55 Finished transferring input files
...
006 (391163.001.000) 2024-01-19 17:56:03 Image size of job updated: 756172
	171  -  MemoryUsage of job (MB)
	174668  -  ResidentSetSize of job (KB)
...
006 (391163.001.000) 2024-01-19 17:59:54 Image size of job updated: 871188
	171  -  MemoryUsage of job (MB)
	174668  -  ResidentSetSize of job (KB)
...
040 (391163.001.000) 2024-01-19 17:59:55 Started transferring output files
...
040 (391163.001.000) 2024-01-19 17:59:56 Finished transferring output files
...
005 (391163.001.000) 2024-01-19 17:59:56 Job terminated.
	(1) Normal termination (return value 0)
		Usr 0 00:03:14, Sys 0 00:00:11  -  Run Remote Usage
		Usr 0 00:00:00, Sys 0 00:00:00  -  Run Local Usage
		Usr 0 00:03:14, Sys 0 00:00:11  -  Total Remote Usage
		Usr 0 00:00:00, Sys 0 00:00:00  -  Total Local Usage
	33709824  -  Run Bytes Sent By Job
	186100  -  Run Bytes Received By Job
	33709824  -  Total Bytes Sent By Job
	186100  -  Total Bytes Received By Job
	Partitionable Resources :    Usage  Request Allocated 
	   Cpus                 :                 1         1 
	   Disk (KB)            :    33169      200    128928 
	   Memory (MB)          :      171     3900      3968 

	Job terminated of its own accord at 2024-01-19T08:59:54Z.
...
000 (391164.001.000) 2024-01-19 18:03:22 Job submitted from host: <172.30.1.200:9618?addrs=172.30.1.200-9618&alias=tamsa2.snu.ac.kr&noUDP&sock=schedd_3625_06e6>
...
040 (391164.001.000) 2024-01-19 18:03:36 Started transferring input files
	Transferring to host: <172.30.1.205:9618?addrs=172.30.1.205-9618&alias=node5&noUDP&sock=slot1_8_3857_5af6_241243>
...
040 (391164.001.000) 2024-01-19 18:03:37 Finished transferring input files
...
001 (391164.001.000) 2024-01-19 18:03:37 Job executing on host: <172.30.1.205:9618?addrs=172.30.1.205-9618&alias=node5&noUDP&sock=startd_3821_7776>
...
006 (391164.001.000) 2024-01-19 18:03:45 Image size of job updated: 257660
	172  -  MemoryUsage of job (MB)
	175232  -  ResidentSetSize of job (KB)
...
006 (391164.001.000) 2024-01-19 18:08:27 Image size of job updated: 875280
	172  -  MemoryUsage of job (MB)
	175244  -  ResidentSetSize of job (KB)
...
040 (391164.001.000) 2024-01-19 18:08:27 Started transferring output files
...
040 (391164.001.000) 2024-01-19 18:08:30 Finished transferring output files
...
005 (391164.001.000) 2024-01-19 18:08:30 Job terminated.
	(1) Normal termination (return value 0)
		Usr 0 00:03:54, Sys 0 00:00:12  -  Run Remote Usage
		Usr 0 00:00:00, Sys 0 00:00:00  -  Run Local Usage
		Usr 0 00:03:54, Sys 0 00:00:12  -  Total Remote Usage
		Usr 0 00:00:00, Sys 0 00:00:00  -  Total Local Usage
	82298480  -  Run Bytes Sent By Job
	186386  -  Run Bytes Received By Job
	82298480  -  Total Bytes Sent By Job
	186386  -  Total Bytes Received By Job
	Partitionable Resources :    Usage  Request Allocated 
	   Cpus                 :     0.33        1         1 
	   Disk (KB)            : 80624         200    128928 
	   Memory (MB)          :   172        3900      3968 

	Job terminated of its own accord at 2024-01-19T09:08:27Z.
...
000 (391165.001.000) 2024-01-19 22:41:31 Job submitted from host: <172.30.1.200:9618?addrs=172.30.1.200-9618&alias=tamsa2.snu.ac.kr&noUDP&sock=schedd_3625_06e6>
...
040 (391165.001.000) 2024-01-19 22:41:32 Started transferring input files
	Transferring to host: <172.30.1.211:9618?addrs=172.30.1.211-9618&alias=node11&noUDP&sock=slot1_32_3735_6531_177722>
...
001 (391165.001.000) 2024-01-19 22:41:32 Job executing on host: <172.30.1.211:9618?addrs=172.30.1.211-9618&alias=node11&noUDP&sock=startd_3699_c8e9>
...
040 (391165.001.000) 2024-01-19 22:41:32 Finished transferring input files
...
006 (391165.001.000) 2024-01-19 22:41:41 Image size of job updated: 139088
	62  -  MemoryUsage of job (MB)
	62736  -  ResidentSetSize of job (KB)
...
006 (391165.001.000) 2024-01-19 22:43:10 Image size of job updated: 844060
	62  -  MemoryUsage of job (MB)
	62760  -  ResidentSetSize of job (KB)
...
040 (391165.001.000) 2024-01-19 22:43:10 Started transferring output files
...
040 (391165.001.000) 2024-01-19 22:43:14 Finished transferring output files
...
005 (391165.001.000) 2024-01-19 22:43:14 Job terminated.
	(1) Normal termination (return value 0)
		Usr 0 00:01:10, Sys 0 00:00:07  -  Run Remote Usage
		Usr 0 00:00:00, Sys 0 00:00:00  -  Run Local Usage
		Usr 0 00:01:10, Sys 0 00:00:07  -  Total Remote Usage
		Usr 0 00:00:00, Sys 0 00:00:00  -  Total Local Usage
	7473711  -  Run Bytes Sent By Job
	185908  -  Run Bytes Received By Job
	7473711  -  Total Bytes Sent By Job
	185908  -  Total Bytes Received By Job
	Partitionable Resources :    Usage  Request Allocated 
	   Cpus                 :                 1         1 
	   Disk (KB)            :     7548      200    128928 
	   Memory (MB)          :       62     3900      3968 

	Job terminated of its own accord at 2024-01-19T13:43:10Z.
...
000 (391166.001.000) 2024-01-19 22:44:51 Job submitted from host: <172.30.1.200:9618?addrs=172.30.1.200-9618&alias=tamsa2.snu.ac.kr&noUDP&sock=schedd_3625_06e6>
...
040 (391166.001.000) 2024-01-19 22:44:56 Started transferring input files
	Transferring to host: <172.30.1.211:9618?addrs=172.30.1.211-9618&alias=node11&noUDP&sock=slot1_32_3735_6531_177728>
...
040 (391166.001.000) 2024-01-19 22:44:56 Finished transferring input files
...
001 (391166.001.000) 2024-01-19 22:44:56 Job executing on host: <172.30.1.211:9618?addrs=172.30.1.211-9618&alias=node11&noUDP&sock=startd_3699_c8e9>
...
006 (391166.001.000) 2024-01-19 22:45:04 Image size of job updated: 798000
	183  -  MemoryUsage of job (MB)
	186972  -  ResidentSetSize of job (KB)
...
006 (391166.001.000) 2024-01-19 22:49:47 Image size of job updated: 878448
	183  -  MemoryUsage of job (MB)
	186972  -  ResidentSetSize of job (KB)
...
040 (391166.001.000) 2024-01-19 22:49:47 Started transferring output files
...
040 (391166.001.000) 2024-01-19 22:49:48 Finished transferring output files
...
005 (391166.001.000) 2024-01-19 22:49:48 Job terminated.
	(1) Normal termination (return value 0)
		Usr 0 00:04:24, Sys 0 00:00:19  -  Run Remote Usage
		Usr 0 00:00:00, Sys 0 00:00:00  -  Run Local Usage
		Usr 0 00:04:24, Sys 0 00:00:19  -  Total Remote Usage
		Usr 0 00:00:00, Sys 0 00:00:00  -  Total Local Usage
	31925812  -  Run Bytes Sent By Job
	185911  -  Run Bytes Received By Job
	31925812  -  Total Bytes Sent By Job
	185911  -  Total Bytes Received By Job
	Partitionable Resources :    Usage  Request Allocated 
	   Cpus                 :     0.97        1         1 
	   Disk (KB)            : 31432         200    128928 
	   Memory (MB)          :   183        3900      3968 

	Job terminated of its own accord at 2024-01-19T13:49:47Z.
...
000 (391167.001.000) 2024-01-19 22:57:44 Job submitted from host: <172.30.1.200:9618?addrs=172.30.1.200-9618&alias=tamsa2.snu.ac.kr&noUDP&sock=schedd_3625_06e6>
...
040 (391167.001.000) 2024-01-19 22:57:45 Started transferring input files
	Transferring to host: <172.30.1.211:9618?addrs=172.30.1.211-9618&alias=node11&noUDP&sock=slot1_37_3735_6531_177736>
...
001 (391167.001.000) 2024-01-19 22:57:45 Job executing on host: <172.30.1.211:9618?addrs=172.30.1.211-9618&alias=node11&noUDP&sock=startd_3699_c8e9>
...
040 (391167.001.000) 2024-01-19 22:57:45 Finished transferring input files
...
006 (391167.001.000) 2024-01-19 22:57:54 Image size of job updated: 567212
	182  -  MemoryUsage of job (MB)
	186316  -  ResidentSetSize of job (KB)
...
006 (391167.001.000) 2024-01-19 23:02:29 Image size of job updated: 874276
	182  -  MemoryUsage of job (MB)
	186316  -  ResidentSetSize of job (KB)
...
040 (391167.001.000) 2024-01-19 23:02:29 Started transferring output files
...
040 (391167.001.000) 2024-01-19 23:02:30 Finished transferring output files
...
005 (391167.001.000) 2024-01-19 23:02:30 Job terminated.
	(1) Normal termination (return value 0)
		Usr 0 00:04:13, Sys 0 00:00:20  -  Run Remote Usage
		Usr 0 00:00:00, Sys 0 00:00:00  -  Run Local Usage
		Usr 0 00:04:13, Sys 0 00:00:20  -  Total Remote Usage
		Usr 0 00:00:00, Sys 0 00:00:00  -  Total Local Usage
	31882600  -  Run Bytes Sent By Job
	185911  -  Run Bytes Received By Job
	31882600  -  Total Bytes Sent By Job
	185911  -  Total Bytes Received By Job
	Partitionable Resources :    Usage  Request Allocated 
	   Cpus                 :     0.99        1         1 
	   Disk (KB)            : 31390         200    128928 
	   Memory (MB)          :   182        3900      3968 

	Job terminated of its own accord at 2024-01-19T14:02:29Z.
...
000 (391343.001.000) 2024-01-22 10:59:17 Job submitted from host: <172.30.1.200:9618?addrs=172.30.1.200-9618&alias=tamsa2.snu.ac.kr&noUDP&sock=schedd_3625_06e6>
...
040 (391343.001.000) 2024-01-22 10:59:21 Started transferring input files
	Transferring to host: <172.30.1.216:9618?addrs=172.30.1.216-9618&alias=node16&noUDP&sock=slot1_10_4290_7168_332779>
...
040 (391343.001.000) 2024-01-22 10:59:21 Finished transferring input files
...
001 (391343.001.000) 2024-01-22 10:59:21 Job executing on host: <172.30.1.216:9618?addrs=172.30.1.216-9618&alias=node16&noUDP&sock=startd_4255_2791>
...
006 (391343.001.000) 2024-01-22 10:59:29 Image size of job updated: 1288
	1  -  MemoryUsage of job (MB)
	84  -  ResidentSetSize of job (KB)
...
006 (391343.001.000) 2024-01-22 11:04:29 Image size of job updated: 965500
	254  -  MemoryUsage of job (MB)
	259336  -  ResidentSetSize of job (KB)
...
040 (391343.001.000) 2024-01-22 11:15:28 Started transferring output files
...
040 (391343.001.000) 2024-01-22 11:15:38 Finished transferring output files
...
005 (391343.001.000) 2024-01-22 11:15:38 Job terminated.
	(1) Normal termination (return value 0)
		Usr 0 00:13:55, Sys 0 00:00:55  -  Run Remote Usage
		Usr 0 00:00:00, Sys 0 00:00:00  -  Run Local Usage
		Usr 0 00:13:55, Sys 0 00:00:55  -  Total Remote Usage
		Usr 0 00:00:00, Sys 0 00:00:00  -  Total Local Usage
	30437284  -  Run Bytes Sent By Job
	185924  -  Run Bytes Received By Job
	30437284  -  Total Bytes Sent By Job
	185924  -  Total Bytes Received By Job
	Partitionable Resources :    Usage  Request Allocated 
	   Cpus                 :     1.00        1         1 
	   Disk (KB)            : 29979         200    261111 
	   Memory (MB)          :   254        3900      3968 

	Job terminated of its own accord at 2024-01-22T02:15:28Z.
...
000 (391348.001.000) 2024-01-22 12:29:14 Job submitted from host: <172.30.1.200:9618?addrs=172.30.1.200-9618&alias=tamsa2.snu.ac.kr&noUDP&sock=schedd_3625_06e6>
...
040 (391348.001.000) 2024-01-22 12:29:16 Started transferring input files
	Transferring to host: <172.30.1.216:9618?addrs=172.30.1.216-9618&alias=node16&noUDP&sock=slot1_2_4290_7168_332815>
...
040 (391348.001.000) 2024-01-22 12:29:16 Finished transferring input files
...
001 (391348.001.000) 2024-01-22 12:29:16 Job executing on host: <172.30.1.216:9618?addrs=172.30.1.216-9618&alias=node16&noUDP&sock=startd_4255_2791>
...
006 (391348.001.000) 2024-01-22 12:29:24 Image size of job updated: 139344
	5  -  MemoryUsage of job (MB)
	4952  -  ResidentSetSize of job (KB)
...
006 (391348.001.000) 2024-01-22 12:34:24 Image size of job updated: 965804
	282  -  MemoryUsage of job (MB)
	288140  -  ResidentSetSize of job (KB)
...
040 (391348.001.000) 2024-01-22 12:44:15 Started transferring output files
...
040 (391348.001.000) 2024-01-22 12:44:16 Finished transferring output files
...
005 (391348.001.000) 2024-01-22 12:44:16 Job terminated.
	(1) Normal termination (return value 0)
		Usr 0 00:13:29, Sys 0 00:00:53  -  Run Remote Usage
		Usr 0 00:00:00, Sys 0 00:00:00  -  Run Local Usage
		Usr 0 00:13:29, Sys 0 00:00:53  -  Total Remote Usage
		Usr 0 00:00:00, Sys 0 00:00:00  -  Total Local Usage
	30498544  -  Run Bytes Sent By Job
	186484  -  Run Bytes Received By Job
	30498544  -  Total Bytes Sent By Job
	186484  -  Total Bytes Received By Job
	Partitionable Resources :    Usage  Request Allocated 
	   Cpus                 :     1.00        1         1 
	   Disk (KB)            : 30039         200    261111 
	   Memory (MB)          :   282        3900      3968 

	Job terminated of its own accord at 2024-01-22T03:44:15Z.
...
000 (391350.001.000) 2024-01-22 13:01:44 Job submitted from host: <172.30.1.200:9618?addrs=172.30.1.200-9618&alias=tamsa2.snu.ac.kr&noUDP&sock=schedd_3625_06e6>
...
040 (391350.001.000) 2024-01-22 13:01:58 Started transferring input files
	Transferring to host: <172.30.1.216:9618?addrs=172.30.1.216-9618&alias=node16&noUDP&sock=slot1_2_4290_7168_332855>
...
040 (391350.001.000) 2024-01-22 13:01:58 Finished transferring input files
...
001 (391350.001.000) 2024-01-22 13:01:58 Job executing on host: <172.30.1.216:9618?addrs=172.30.1.216-9618&alias=node16&noUDP&sock=startd_4255_2791>
...
006 (391350.001.000) 2024-01-22 13:02:07 Image size of job updated: 152896
	11  -  MemoryUsage of job (MB)
	10760  -  ResidentSetSize of job (KB)
...
006 (391350.001.000) 2024-01-22 13:07:08 Image size of job updated: 949672
	273  -  MemoryUsage of job (MB)
	279276  -  ResidentSetSize of job (KB)
...
006 (391350.001.000) 2024-01-22 13:12:08 Image size of job updated: 965312
	273  -  MemoryUsage of job (MB)
	279276  -  ResidentSetSize of job (KB)
...
006 (391350.001.000) 2024-01-22 13:16:41 Image size of job updated: 965692
	273  -  MemoryUsage of job (MB)
	279276  -  ResidentSetSize of job (KB)
...
040 (391350.001.000) 2024-01-22 13:16:41 Started transferring output files
...
040 (391350.001.000) 2024-01-22 13:16:43 Finished transferring output files
...
005 (391350.001.000) 2024-01-22 13:16:43 Job terminated.
	(1) Normal termination (return value 0)
		Usr 0 00:13:12, Sys 0 00:00:52  -  Run Remote Usage
		Usr 0 00:00:00, Sys 0 00:00:00  -  Run Local Usage
		Usr 0 00:13:12, Sys 0 00:00:52  -  Total Remote Usage
		Usr 0 00:00:00, Sys 0 00:00:00  -  Total Local Usage
	30585352  -  Run Bytes Sent By Job
	186577  -  Run Bytes Received By Job
	30585352  -  Total Bytes Sent By Job
	186577  -  Total Bytes Received By Job
	Partitionable Resources :    Usage  Request Allocated 
	   Cpus                 :     1.00        1         1 
	   Disk (KB)            : 30124         200    261111 
	   Memory (MB)          :   273        3900      3968 

	Job terminated of its own accord at 2024-01-22T04:16:41Z.
...
000 (391361.001.000) 2024-01-22 13:44:17 Job submitted from host: <172.30.1.200:9618?addrs=172.30.1.200-9618&alias=tamsa2.snu.ac.kr&noUDP&sock=schedd_3625_06e6>
...
040 (391361.001.000) 2024-01-22 13:44:26 Started transferring input files
	Transferring to host: <172.30.1.216:9618?addrs=172.30.1.216-9618&alias=node16&noUDP&sock=slot1_12_4290_7168_332985>
...
040 (391361.001.000) 2024-01-22 13:44:26 Finished transferring input files
...
001 (391361.001.000) 2024-01-22 13:44:26 Job executing on host: <172.30.1.216:9618?addrs=172.30.1.216-9618&alias=node16&noUDP&sock=startd_4255_2791>
...
006 (391361.001.000) 2024-01-22 13:44:35 Image size of job updated: 594676
	166  -  MemoryUsage of job (MB)
	169748  -  ResidentSetSize of job (KB)
...
006 (391361.001.000) 2024-01-22 13:47:43 Image size of job updated: 870236
	166  -  MemoryUsage of job (MB)
	169872  -  ResidentSetSize of job (KB)
...
040 (391361.001.000) 2024-01-22 13:47:43 Started transferring output files
...
040 (391361.001.000) 2024-01-22 13:47:45 Finished transferring output files
...
005 (391361.001.000) 2024-01-22 13:47:45 Job terminated.
	(1) Normal termination (return value 0)
		Usr 0 00:02:47, Sys 0 00:00:13  -  Run Remote Usage
		Usr 0 00:00:00, Sys 0 00:00:00  -  Run Local Usage
		Usr 0 00:02:47, Sys 0 00:00:13  -  Total Remote Usage
		Usr 0 00:00:00, Sys 0 00:00:00  -  Total Local Usage
	45139084  -  Run Bytes Sent By Job
	191813  -  Run Bytes Received By Job
	45139084  -  Total Bytes Sent By Job
	191813  -  Total Bytes Received By Job
	Partitionable Resources :    Usage  Request Allocated 
	   Cpus                 :     0.99        1         1 
	   Disk (KB)            : 44344         200    261111 
	   Memory (MB)          :   166        3900      3968 

	Job terminated of its own accord at 2024-01-22T04:47:43Z.
...
000 (391362.001.000) 2024-01-22 13:50:58 Job submitted from host: <172.30.1.200:9618?addrs=172.30.1.200-9618&alias=tamsa2.snu.ac.kr&noUDP&sock=schedd_3625_06e6>
...
040 (391362.001.000) 2024-01-22 13:50:59 Started transferring input files
	Transferring to host: <172.30.1.216:9618?addrs=172.30.1.216-9618&alias=node16&noUDP&sock=slot1_2_4290_7168_333024>
...
040 (391362.001.000) 2024-01-22 13:50:59 Finished transferring input files
...
001 (391362.001.000) 2024-01-22 13:50:59 Job executing on host: <172.30.1.216:9618?addrs=172.30.1.216-9618&alias=node16&noUDP&sock=startd_4255_2791>
...
006 (391362.001.000) 2024-01-22 13:51:08 Image size of job updated: 567228
	76  -  MemoryUsage of job (MB)
	77024  -  ResidentSetSize of job (KB)
...
006 (391362.001.000) 2024-01-22 13:56:09 Image size of job updated: 959868
	272  -  MemoryUsage of job (MB)
	278020  -  ResidentSetSize of job (KB)
...
006 (391362.001.000) 2024-01-22 14:01:11 Image size of job updated: 964664
	272  -  MemoryUsage of job (MB)
	278020  -  ResidentSetSize of job (KB)
...
006 (391362.001.000) 2024-01-22 14:06:10 Image size of job updated: 965060
	272  -  MemoryUsage of job (MB)
	278020  -  ResidentSetSize of job (KB)
...
006 (391362.001.000) 2024-01-22 14:06:54 Image size of job updated: 965208
	272  -  MemoryUsage of job (MB)
	278020  -  ResidentSetSize of job (KB)
...
040 (391362.001.000) 2024-01-22 14:06:54 Started transferring output files
...
040 (391362.001.000) 2024-01-22 14:07:09 Finished transferring output files
...
005 (391362.001.000) 2024-01-22 14:07:09 Job terminated.
	(1) Normal termination (return value 0)
		Usr 0 00:12:37, Sys 0 00:01:05  -  Run Remote Usage
		Usr 0 00:00:00, Sys 0 00:00:00  -  Run Local Usage
		Usr 0 00:12:37, Sys 0 00:01:05  -  Total Remote Usage
		Usr 0 00:00:00, Sys 0 00:00:00  -  Total Local Usage
	30584420  -  Run Bytes Sent By Job
	191814  -  Run Bytes Received By Job
	30584420  -  Total Bytes Sent By Job
	191814  -  Total Bytes Received By Job
	Partitionable Resources :    Usage  Request Allocated 
	   Cpus                 :     1.00        1         1 
	   Disk (KB)            : 30131         200    261111 
	   Memory (MB)          :   272        3900      3968 

	Job terminated of its own accord at 2024-01-22T05:06:54Z.
...
000 (391496.001.000) 2024-01-22 14:58:10 Job submitted from host: <172.30.1.200:9618?addrs=172.30.1.200-9618&alias=tamsa2.snu.ac.kr&noUDP&sock=schedd_3625_06e6>
...
040 (391496.001.000) 2024-01-22 14:58:15 Started transferring input files
	Transferring to host: <172.30.1.216:9618?addrs=172.30.1.216-9618&alias=node16&noUDP&sock=slot1_12_4290_7168_333192>
...
040 (391496.001.000) 2024-01-22 14:58:15 Finished transferring input files
...
001 (391496.001.000) 2024-01-22 14:58:15 Job executing on host: <172.30.1.216:9618?addrs=172.30.1.216-9618&alias=node16&noUDP&sock=startd_4255_2791>
...
006 (391496.001.000) 2024-01-22 14:58:24 Image size of job updated: 152896
	11  -  MemoryUsage of job (MB)
	10764  -  ResidentSetSize of job (KB)
...
006 (391496.001.000) 2024-01-22 15:03:25 Image size of job updated: 959972
	253  -  MemoryUsage of job (MB)
	258468  -  ResidentSetSize of job (KB)
...
006 (391496.001.000) 2024-01-22 15:08:25 Image size of job updated: 963884
	281  -  MemoryUsage of job (MB)
	287312  -  ResidentSetSize of job (KB)
...
006 (391496.001.000) 2024-01-22 15:14:47 Image size of job updated: 964968
	281  -  MemoryUsage of job (MB)
	287312  -  ResidentSetSize of job (KB)
...
040 (391496.001.000) 2024-01-22 15:14:47 Started transferring output files
...
040 (391496.001.000) 2024-01-22 15:14:50 Finished transferring output files
...
005 (391496.001.000) 2024-01-22 15:14:50 Job terminated.
	(1) Normal termination (return value 0)
		Usr 0 00:14:22, Sys 0 00:01:14  -  Run Remote Usage
		Usr 0 00:00:00, Sys 0 00:00:00  -  Run Local Usage
		Usr 0 00:14:22, Sys 0 00:01:14  -  Total Remote Usage
		Usr 0 00:00:00, Sys 0 00:00:00  -  Total Local Usage
	30519638  -  Run Bytes Sent By Job
	191814  -  Run Bytes Received By Job
	30519638  -  Total Bytes Sent By Job
	191814  -  Total Bytes Received By Job
	Partitionable Resources :    Usage  Request Allocated 
	   Cpus                 :     1.00        1         1 
	   Disk (KB)            : 30067         200    261111 
	   Memory (MB)          :   281        3900      3968 

	Job terminated of its own accord at 2024-01-22T06:14:47Z.
...
000 (391511.001.000) 2024-01-22 15:59:40 Job submitted from host: <172.30.1.200:9618?addrs=172.30.1.200-9618&alias=tamsa2.snu.ac.kr&noUDP&sock=schedd_3625_06e6>
...
040 (391511.001.000) 2024-01-22 15:59:49 Started transferring input files
	Transferring to host: <172.30.1.216:9618?addrs=172.30.1.216-9618&alias=node16&noUDP&sock=slot1_41_4290_7168_333476>
...
040 (391511.001.000) 2024-01-22 15:59:49 Finished transferring input files
...
001 (391511.001.000) 2024-01-22 15:59:49 Job executing on host: <172.30.1.216:9618?addrs=172.30.1.216-9618&alias=node16&noUDP&sock=startd_4255_2791>
...
006 (391511.001.000) 2024-01-22 15:59:58 Image size of job updated: 647896
	169  -  MemoryUsage of job (MB)
	172076  -  ResidentSetSize of job (KB)
...
006 (391511.001.000) 2024-01-22 16:04:59 Image size of job updated: 964248
	207  -  MemoryUsage of job (MB)
	211316  -  ResidentSetSize of job (KB)
...
006 (391511.001.000) 2024-01-22 16:09:59 Image size of job updated: 964248
	225  -  MemoryUsage of job (MB)
	229484  -  ResidentSetSize of job (KB)
...
006 (391511.001.000) 2024-01-22 16:15:00 Image size of job updated: 965120
	262  -  MemoryUsage of job (MB)
	268024  -  ResidentSetSize of job (KB)
...
040 (391511.001.000) 2024-01-22 16:18:00 Started transferring output files
...
040 (391511.001.000) 2024-01-22 16:18:01 Finished transferring output files
...
005 (391511.001.000) 2024-01-22 16:18:02 Job terminated.
	(1) Normal termination (return value 0)
		Usr 0 00:15:44, Sys 0 00:01:48  -  Run Remote Usage
		Usr 0 00:00:00, Sys 0 00:00:00  -  Run Local Usage
		Usr 0 00:15:44, Sys 0 00:01:48  -  Total Remote Usage
		Usr 0 00:00:00, Sys 0 00:00:00  -  Total Local Usage
	30485110  -  Run Bytes Sent By Job
	191824  -  Run Bytes Received By Job
	30485110  -  Total Bytes Sent By Job
	191824  -  Total Bytes Received By Job
	Partitionable Resources :    Usage  Request Allocated 
	   Cpus                 :     1.00        1         1 
	   Disk (KB)            : 30033         200    261111 
	   Memory (MB)          :   262        3900      3968 

	Job terminated of its own accord at 2024-01-22T07:17:59Z.
...
000 (391574.001.000) 2024-01-22 23:14:59 Job submitted from host: <172.30.1.200:9618?addrs=172.30.1.200-9618&alias=tamsa2.snu.ac.kr&noUDP&sock=schedd_3625_06e6>
...
040 (391574.001.000) 2024-01-22 23:15:03 Started transferring input files
	Transferring to host: <172.30.1.216:9618?addrs=172.30.1.216-9618&alias=node16&noUDP&sock=slot1_10_4290_7168_334227>
...
040 (391574.001.000) 2024-01-22 23:15:03 Finished transferring input files
...
001 (391574.001.000) 2024-01-22 23:15:03 Job executing on host: <172.30.1.216:9618?addrs=172.30.1.216-9618&alias=node16&noUDP&sock=startd_4255_2791>
...
006 (391574.001.000) 2024-01-22 23:15:11 Image size of job updated: 139344
	5  -  MemoryUsage of job (MB)
	4960  -  ResidentSetSize of job (KB)
...
006 (391574.001.000) 2024-01-22 23:20:11 Image size of job updated: 964072
	184  -  MemoryUsage of job (MB)
	187588  -  ResidentSetSize of job (KB)
...
006 (391574.001.000) 2024-01-22 23:25:12 Image size of job updated: 964812
	253  -  MemoryUsage of job (MB)
	258900  -  ResidentSetSize of job (KB)
...
006 (391574.001.000) 2024-01-22 23:29:47 Image size of job updated: 965364
	253  -  MemoryUsage of job (MB)
	258900  -  ResidentSetSize of job (KB)
...
040 (391574.001.000) 2024-01-22 23:29:47 Started transferring output files
...
040 (391574.001.000) 2024-01-22 23:29:48 Finished transferring output files
...
005 (391574.001.000) 2024-01-22 23:29:48 Job terminated.
	(1) Normal termination (return value 0)
		Usr 0 00:12:40, Sys 0 00:01:01  -  Run Remote Usage
		Usr 0 00:00:00, Sys 0 00:00:00  -  Run Local Usage
		Usr 0 00:12:40, Sys 0 00:01:01  -  Total Remote Usage
		Usr 0 00:00:00, Sys 0 00:00:00  -  Total Local Usage
	30468232  -  Run Bytes Sent By Job
	191685  -  Run Bytes Received By Job
	30468232  -  Total Bytes Sent By Job
	191685  -  Total Bytes Received By Job
	Partitionable Resources :    Usage  Request Allocated 
	   Cpus                 :     1.00        1         1 
	   Disk (KB)            : 30017         200    261111 
	   Memory (MB)          :   253        3900      3968 

	Job terminated of its own accord at 2024-01-22T14:29:47Z.
...
000 (391577.001.000) 2024-01-22 23:35:26 Job submitted from host: <172.30.1.200:9618?addrs=172.30.1.200-9618&alias=tamsa2.snu.ac.kr&noUDP&sock=schedd_3625_06e6>
...
040 (391577.001.000) 2024-01-22 23:35:32 Started transferring input files
	Transferring to host: <172.30.1.216:9618?addrs=172.30.1.216-9618&alias=node16&noUDP&sock=slot1_2_4290_7168_334279>
...
040 (391577.001.000) 2024-01-22 23:35:32 Finished transferring input files
...
001 (391577.001.000) 2024-01-22 23:35:32 Job executing on host: <172.30.1.216:9618?addrs=172.30.1.216-9618&alias=node16&noUDP&sock=startd_4255_2791>
...
006 (391577.001.000) 2024-01-22 23:35:41 Image size of job updated: 758668
	183  -  MemoryUsage of job (MB)
	186716  -  ResidentSetSize of job (KB)
...
006 (391577.001.000) 2024-01-22 23:40:42 Image size of job updated: 963996
	262  -  MemoryUsage of job (MB)
	267420  -  ResidentSetSize of job (KB)
...
006 (391577.001.000) 2024-01-22 23:45:42 Image size of job updated: 964704
	262  -  MemoryUsage of job (MB)
	267420  -  ResidentSetSize of job (KB)
...
006 (391577.001.000) 2024-01-22 23:50:42 Image size of job updated: 965356
	262  -  MemoryUsage of job (MB)
	267420  -  ResidentSetSize of job (KB)
...
040 (391577.001.000) 2024-01-22 23:51:44 Started transferring output files
...
040 (391577.001.000) 2024-01-22 23:51:45 Finished transferring output files
...
005 (391577.001.000) 2024-01-22 23:51:45 Job terminated.
	(1) Normal termination (return value 0)
		Usr 0 00:14:45, Sys 0 00:01:14  -  Run Remote Usage
		Usr 0 00:00:00, Sys 0 00:00:00  -  Run Local Usage
		Usr 0 00:14:45, Sys 0 00:01:14  -  Total Remote Usage
		Usr 0 00:00:00, Sys 0 00:00:00  -  Total Local Usage
	30481084  -  Run Bytes Sent By Job
	191687  -  Run Bytes Received By Job
	30481084  -  Total Bytes Sent By Job
	191687  -  Total Bytes Received By Job
	Partitionable Resources :    Usage  Request Allocated 
	   Cpus                 :     1.00        1         1 
	   Disk (KB)            : 30029         200    261111 
	   Memory (MB)          :   262        3900      3968 

	Job terminated of its own accord at 2024-01-22T14:51:44Z.
...
000 (391582.001.000) 2024-01-23 10:33:34 Job submitted from host: <172.30.1.200:9618?addrs=172.30.1.200-9618&alias=tamsa2.snu.ac.kr&noUDP&sock=schedd_3625_06e6>
...
040 (391582.001.000) 2024-01-23 10:33:38 Started transferring input files
	Transferring to host: <172.30.1.216:9618?addrs=172.30.1.216-9618&alias=node16&noUDP&sock=slot1_10_4290_7168_337527>
...
001 (391582.001.000) 2024-01-23 10:33:38 Job executing on host: <172.30.1.216:9618?addrs=172.30.1.216-9618&alias=node16&noUDP&sock=startd_4255_2791>
...
040 (391582.001.000) 2024-01-23 10:33:38 Finished transferring input files
...
006 (391582.001.000) 2024-01-23 10:33:47 Image size of job updated: 50132
	1  -  MemoryUsage of job (MB)
	88  -  ResidentSetSize of job (KB)
...
006 (391582.001.000) 2024-01-23 10:38:48 Image size of job updated: 959528
	79  -  MemoryUsage of job (MB)
	80320  -  ResidentSetSize of job (KB)
...
006 (391582.001.000) 2024-01-23 10:43:48 Image size of job updated: 959528
	193  -  MemoryUsage of job (MB)
	197176  -  ResidentSetSize of job (KB)
...
006 (391582.001.000) 2024-01-23 10:46:48 Image size of job updated: 965016
	193  -  MemoryUsage of job (MB)
	197176  -  ResidentSetSize of job (KB)
...
040 (391582.001.000) 2024-01-23 10:46:48 Started transferring output files
...
040 (391582.001.000) 2024-01-23 10:46:56 Finished transferring output files
...
005 (391582.001.000) 2024-01-23 10:46:56 Job terminated.
	(1) Normal termination (return value 0)
		Usr 0 00:11:13, Sys 0 00:00:57  -  Run Remote Usage
		Usr 0 00:00:00, Sys 0 00:00:00  -  Run Local Usage
		Usr 0 00:11:13, Sys 0 00:00:57  -  Total Remote Usage
		Usr 0 00:00:00, Sys 0 00:00:00  -  Total Local Usage
	30484650  -  Run Bytes Sent By Job
	191687  -  Run Bytes Received By Job
	30484650  -  Total Bytes Sent By Job
	191687  -  Total Bytes Received By Job
	Partitionable Resources :    Usage  Request Allocated 
	   Cpus                 :     0.98        1         1 
	   Disk (KB)            : 30033         200    261111 
	   Memory (MB)          :   193        3900      3968 

	Job terminated of its own accord at 2024-01-23T01:46:48Z.
...
