000 (390874.003.000) 2024-01-18 20:28:10 Job submitted from host: <172.30.1.200:9618?addrs=172.30.1.200-9618&alias=tamsa2.snu.ac.kr&noUDP&sock=schedd_3625_06e6>
...
040 (390874.003.000) 2024-01-18 20:28:23 Started transferring input files
	Transferring to host: <172.30.1.213:9618?addrs=172.30.1.213-9618&alias=node13&noUDP&sock=slot1_44_4363_e0ca_274554>
...
001 (390874.003.000) 2024-01-18 20:28:23 Job executing on host: <172.30.1.213:9618?addrs=172.30.1.213-9618&alias=node13&noUDP&sock=startd_4329_e993>
...
040 (390874.003.000) 2024-01-18 20:28:23 Finished transferring input files
...
006 (390874.003.000) 2024-01-18 20:28:31 Image size of job updated: 152880
	15  -  MemoryUsage of job (MB)
	14816  -  ResidentSetSize of job (KB)
...
006 (390874.003.000) 2024-01-18 20:30:32 Image size of job updated: 846484
	15  -  MemoryUsage of job (MB)
	14816  -  ResidentSetSize of job (KB)
...
040 (390874.003.000) 2024-01-18 20:30:32 Started transferring output files
...
040 (390874.003.000) 2024-01-18 20:30:32 Finished transferring output files
...
005 (390874.003.000) 2024-01-18 20:30:32 Job terminated.
	(1) Normal termination (return value 0)
		Usr 0 00:01:18, Sys 0 00:00:08  -  Run Remote Usage
		Usr 0 00:00:00, Sys 0 00:00:00  -  Run Local Usage
		Usr 0 00:01:18, Sys 0 00:00:08  -  Total Remote Usage
		Usr 0 00:00:00, Sys 0 00:00:00  -  Total Local Usage
	12602726  -  Run Bytes Sent By Job
	181578  -  Run Bytes Received By Job
	12602726  -  Total Bytes Sent By Job
	181578  -  Total Bytes Received By Job
	Partitionable Resources :    Usage  Request Allocated 
	   Cpus                 :                 1         1 
	   Disk (KB)            :    12551      200    261111 
	   Memory (MB)          :       15     3900      3968 

	Job terminated of its own accord at 2024-01-18T11:30:32Z.
...
000 (390875.003.000) 2024-01-18 20:45:31 Job submitted from host: <172.30.1.200:9618?addrs=172.30.1.200-9618&alias=tamsa2.snu.ac.kr&noUDP&sock=schedd_3625_06e6>
...
040 (390875.003.000) 2024-01-18 20:45:45 Started transferring input files
	Transferring to host: <172.30.1.202:9618?addrs=172.30.1.202-9618&alias=node2&noUDP&sock=slot1_14_3851_20b6_74244>
...
040 (390875.003.000) 2024-01-18 20:45:45 Finished transferring input files
...
001 (390875.003.000) 2024-01-18 20:45:45 Job executing on host: <172.30.1.202:9618?addrs=172.30.1.202-9618&alias=node2&noUDP&sock=startd_3818_68ae>
...
006 (390875.003.000) 2024-01-18 20:45:54 Image size of job updated: 567196
	181  -  MemoryUsage of job (MB)
	184592  -  ResidentSetSize of job (KB)
...
006 (390875.003.000) 2024-01-18 20:50:06 Image size of job updated: 868088
	181  -  MemoryUsage of job (MB)
	184592  -  ResidentSetSize of job (KB)
...
040 (390875.003.000) 2024-01-18 20:50:06 Started transferring output files
...
040 (390875.003.000) 2024-01-18 20:50:08 Finished transferring output files
...
005 (390875.003.000) 2024-01-18 20:50:08 Job terminated.
	(1) Normal termination (return value 0)
		Usr 0 00:03:54, Sys 0 00:00:16  -  Run Remote Usage
		Usr 0 00:00:00, Sys 0 00:00:00  -  Run Local Usage
		Usr 0 00:03:54, Sys 0 00:00:16  -  Total Remote Usage
		Usr 0 00:00:00, Sys 0 00:00:00  -  Total Local Usage
	101116600  -  Run Bytes Sent By Job
	182042  -  Run Bytes Received By Job
	101116600  -  Total Bytes Sent By Job
	182042  -  Total Bytes Received By Job
	Partitionable Resources :    Usage  Request Allocated 
	   Cpus                 :     0.40        1         1 
	   Disk (KB)            : 98997         200    128928 
	   Memory (MB)          :   181        3900      3968 

	Job terminated of its own accord at 2024-01-18T11:50:06Z.
...
000 (390886.003.000) 2024-01-18 21:10:43 Job submitted from host: <172.30.1.200:9618?addrs=172.30.1.200-9618&alias=tamsa2.snu.ac.kr&noUDP&sock=schedd_3625_06e6>
...
040 (390886.003.000) 2024-01-18 21:10:44 Started transferring input files
	Transferring to host: <172.30.1.202:9618?addrs=172.30.1.202-9618&alias=node2&noUDP&sock=slot1_14_3851_20b6_74263>
...
001 (390886.003.000) 2024-01-18 21:10:44 Job executing on host: <172.30.1.202:9618?addrs=172.30.1.202-9618&alias=node2&noUDP&sock=startd_3818_68ae>
...
040 (390886.003.000) 2024-01-18 21:10:44 Finished transferring input files
...
006 (390886.003.000) 2024-01-18 21:10:53 Image size of job updated: 226972
	183  -  MemoryUsage of job (MB)
	186736  -  ResidentSetSize of job (KB)
...
006 (390886.003.000) 2024-01-18 21:12:10 Image size of job updated: 846308
	183  -  MemoryUsage of job (MB)
	186736  -  ResidentSetSize of job (KB)
...
040 (390886.003.000) 2024-01-18 21:12:10 Started transferring output files
...
040 (390886.003.000) 2024-01-18 21:12:12 Finished transferring output files
...
005 (390886.003.000) 2024-01-18 21:12:12 Job terminated.
	(1) Normal termination (return value 0)
		Usr 0 00:01:07, Sys 0 00:00:07  -  Run Remote Usage
		Usr 0 00:00:00, Sys 0 00:00:00  -  Run Local Usage
		Usr 0 00:01:07, Sys 0 00:00:07  -  Total Remote Usage
		Usr 0 00:00:00, Sys 0 00:00:00  -  Total Local Usage
	7473247  -  Run Bytes Sent By Job
	181210  -  Run Bytes Received By Job
	7473247  -  Total Bytes Sent By Job
	181210  -  Total Bytes Received By Job
	Partitionable Resources :    Usage  Request Allocated 
	   Cpus                 :                 1         1 
	   Disk (KB)            :     7541      200    128928 
	   Memory (MB)          :      183     3900      3968 

	Job terminated of its own accord at 2024-01-18T12:12:10Z.
...
000 (390887.003.000) 2024-01-18 21:19:38 Job submitted from host: <172.30.1.200:9618?addrs=172.30.1.200-9618&alias=tamsa2.snu.ac.kr&noUDP&sock=schedd_3625_06e6>
...
040 (390887.003.000) 2024-01-18 21:19:39 Started transferring input files
	Transferring to host: <172.30.1.202:9618?addrs=172.30.1.202-9618&alias=node2&noUDP&sock=slot1_14_3851_20b6_74269>
...
040 (390887.003.000) 2024-01-18 21:19:39 Finished transferring input files
...
001 (390887.003.000) 2024-01-18 21:19:39 Job executing on host: <172.30.1.202:9618?addrs=172.30.1.202-9618&alias=node2&noUDP&sock=startd_3818_68ae>
...
006 (390887.003.000) 2024-01-18 21:19:48 Image size of job updated: 814920
	183  -  MemoryUsage of job (MB)
	186736  -  ResidentSetSize of job (KB)
...
006 (390887.003.000) 2024-01-18 21:23:14 Image size of job updated: 868228
	183  -  MemoryUsage of job (MB)
	186736  -  ResidentSetSize of job (KB)
...
040 (390887.003.000) 2024-01-18 21:23:15 Started transferring output files
...
040 (390887.003.000) 2024-01-18 21:23:16 Finished transferring output files
...
005 (390887.003.000) 2024-01-18 21:23:16 Job terminated.
	(1) Normal termination (return value 0)
		Usr 0 00:03:12, Sys 0 00:00:14  -  Run Remote Usage
		Usr 0 00:00:00, Sys 0 00:00:00  -  Run Local Usage
		Usr 0 00:03:12, Sys 0 00:00:14  -  Total Remote Usage
		Usr 0 00:00:00, Sys 0 00:00:00  -  Total Local Usage
	34739660  -  Run Bytes Sent By Job
	181210  -  Run Bytes Received By Job
	34739660  -  Total Bytes Sent By Job
	181210  -  Total Bytes Received By Job
	Partitionable Resources :    Usage  Request Allocated 
	   Cpus                 :     0.65        1         1 
	   Disk (KB)            : 34174         200    128928 
	   Memory (MB)          :   183        3900      3968 

	Job terminated of its own accord at 2024-01-18T12:23:14Z.
...
000 (390888.003.000) 2024-01-18 21:30:57 Job submitted from host: <172.30.1.200:9618?addrs=172.30.1.200-9618&alias=tamsa2.snu.ac.kr&noUDP&sock=schedd_3625_06e6>
...
040 (390888.003.000) 2024-01-18 21:30:59 Started transferring input files
	Transferring to host: <172.30.1.206:9618?addrs=172.30.1.206-9618&alias=node6&noUDP&sock=slot1_4_3722_3c50_223538>
...
040 (390888.003.000) 2024-01-18 21:30:59 Finished transferring input files
...
001 (390888.003.000) 2024-01-18 21:31:00 Job executing on host: <172.30.1.206:9618?addrs=172.30.1.206-9618&alias=node6&noUDP&sock=startd_3686_de2d>
...
006 (390888.003.000) 2024-01-18 21:31:08 Image size of job updated: 832924
	183  -  MemoryUsage of job (MB)
	186736  -  ResidentSetSize of job (KB)
...
006 (390888.003.000) 2024-01-18 21:34:30 Image size of job updated: 865288
	183  -  MemoryUsage of job (MB)
	186736  -  ResidentSetSize of job (KB)
...
040 (390888.003.000) 2024-01-18 21:34:30 Started transferring output files
...
040 (390888.003.000) 2024-01-18 21:34:31 Finished transferring output files
...
005 (390888.003.000) 2024-01-18 21:34:31 Job terminated.
	(1) Normal termination (return value 0)
		Usr 0 00:03:09, Sys 0 00:00:14  -  Run Remote Usage
		Usr 0 00:00:00, Sys 0 00:00:00  -  Run Local Usage
		Usr 0 00:03:09, Sys 0 00:00:14  -  Total Remote Usage
		Usr 0 00:00:00, Sys 0 00:00:00  -  Total Local Usage
	33853608  -  Run Bytes Sent By Job
	181214  -  Run Bytes Received By Job
	33853608  -  Total Bytes Sent By Job
	181214  -  Total Bytes Received By Job
	Partitionable Resources :    Usage  Request Allocated 
	   Cpus                 :                 1         1 
	   Disk (KB)            :    33303      200     95898 
	   Memory (MB)          :      183     3900      3968 

	Job terminated of its own accord at 2024-01-18T12:34:30Z.
...
000 (390894.003.000) 2024-01-18 21:35:52 Job submitted from host: <172.30.1.200:9618?addrs=172.30.1.200-9618&alias=tamsa2.snu.ac.kr&noUDP&sock=schedd_3625_06e6>
...
040 (390894.003.000) 2024-01-18 21:36:08 Started transferring input files
	Transferring to host: <172.30.1.206:9618?addrs=172.30.1.206-9618&alias=node6&noUDP&sock=slot1_5_3722_3c50_223543>
...
001 (390894.003.000) 2024-01-18 21:36:08 Job executing on host: <172.30.1.206:9618?addrs=172.30.1.206-9618&alias=node6&noUDP&sock=startd_3686_de2d>
...
040 (390894.003.000) 2024-01-18 21:36:08 Finished transferring input files
...
006 (390894.003.000) 2024-01-18 21:36:17 Image size of job updated: 187584
	184  -  MemoryUsage of job (MB)
	187584  -  ResidentSetSize of job (KB)
...
006 (390894.003.000) 2024-01-18 21:39:40 Image size of job updated: 867684
	184  -  MemoryUsage of job (MB)
	187584  -  ResidentSetSize of job (KB)
...
040 (390894.003.000) 2024-01-18 21:39:40 Started transferring output files
...
040 (390894.003.000) 2024-01-18 21:39:41 Finished transferring output files
...
005 (390894.003.000) 2024-01-18 21:39:41 Job terminated.
	(1) Normal termination (return value 0)
		Usr 0 00:03:11, Sys 0 00:00:14  -  Run Remote Usage
		Usr 0 00:00:00, Sys 0 00:00:00  -  Run Local Usage
		Usr 0 00:03:11, Sys 0 00:00:14  -  Total Remote Usage
		Usr 0 00:00:00, Sys 0 00:00:00  -  Total Local Usage
	33812104  -  Run Bytes Sent By Job
	181194  -  Run Bytes Received By Job
	33812104  -  Total Bytes Sent By Job
	181194  -  Total Bytes Received By Job
	Partitionable Resources :    Usage  Request Allocated 
	   Cpus                 :                 1         1 
	   Disk (KB)            :    33263      200     95898 
	   Memory (MB)          :      184     3900      3968 

	Job terminated of its own accord at 2024-01-18T12:39:40Z.
...
000 (390895.003.000) 2024-01-18 21:48:05 Job submitted from host: <172.30.1.200:9618?addrs=172.30.1.200-9618&alias=tamsa2.snu.ac.kr&noUDP&sock=schedd_3625_06e6>
...
040 (390895.003.000) 2024-01-18 21:48:07 Started transferring input files
	Transferring to host: <172.30.1.202:9618?addrs=172.30.1.202-9618&alias=node2&noUDP&sock=slot1_25_3851_20b6_74331>
...
040 (390895.003.000) 2024-01-18 21:48:07 Finished transferring input files
...
001 (390895.003.000) 2024-01-18 21:48:07 Job executing on host: <172.30.1.202:9618?addrs=172.30.1.202-9618&alias=node2&noUDP&sock=startd_3818_68ae>
...
006 (390895.003.000) 2024-01-18 21:48:16 Image size of job updated: 236920
	181  -  MemoryUsage of job (MB)
	185068  -  ResidentSetSize of job (KB)
...
006 (390895.003.000) 2024-01-18 21:50:05 Image size of job updated: 864136
	197  -  MemoryUsage of job (MB)
	201412  -  ResidentSetSize of job (KB)
...
004 (390895.003.000) 2024-01-18 21:50:05 Job was evicted.
	(0) CPU times
		Usr 0 00:01:31, Sys 0 00:00:07  -  Run Remote Usage
		Usr 0 00:00:00, Sys 0 00:00:00  -  Run Local Usage
	0  -  Run Bytes Sent By Job
	182143  -  Run Bytes Received By Job
	Partitionable Resources :    Usage  Request Allocated 
	   Cpus                 :     0.94        1         1 
	   Disk (KB)            :  7072         200    128928 
	   Memory (MB)          :   197        3900      3968 
...
009 (390895.003.000) 2024-01-18 21:50:06 Job was aborted.
	via condor_rm (by user shin)
...
000 (390896.003.000) 2024-01-18 21:53:08 Job submitted from host: <172.30.1.200:9618?addrs=172.30.1.200-9618&alias=tamsa2.snu.ac.kr&noUDP&sock=schedd_3625_06e6>
...
040 (390896.003.000) 2024-01-18 21:53:28 Started transferring input files
	Transferring to host: <172.30.1.102:9618?addrs=172.30.1.102-9618&alias=n2&noUDP&sock=slot1_55_3356_5b02_63205>
...
040 (390896.003.000) 2024-01-18 21:53:28 Finished transferring input files
...
001 (390896.003.000) 2024-01-18 21:53:28 Job executing on host: <172.30.1.102:9618?addrs=172.30.1.102-9618&alias=n2&noUDP&sock=startd_3322_31b4>
...
006 (390896.003.000) 2024-01-18 21:53:37 Image size of job updated: 139344
	19  -  MemoryUsage of job (MB)
	19428  -  ResidentSetSize of job (KB)
...
006 (390896.003.000) 2024-01-18 21:58:38 Image size of job updated: 868220
	182  -  MemoryUsage of job (MB)
	186160  -  ResidentSetSize of job (KB)
...
040 (390896.003.000) 2024-01-18 22:00:05 Started transferring output files
...
040 (390896.003.000) 2024-01-18 22:00:05 Finished transferring output files
...
005 (390896.003.000) 2024-01-18 22:00:05 Job terminated.
	(1) Normal termination (return value 0)
		Usr 0 00:05:15, Sys 0 00:00:34  -  Run Remote Usage
		Usr 0 00:00:00, Sys 0 00:00:00  -  Run Local Usage
		Usr 0 00:05:15, Sys 0 00:00:34  -  Total Remote Usage
		Usr 0 00:00:00, Sys 0 00:00:00  -  Total Local Usage
	40470056  -  Run Bytes Sent By Job
	182135  -  Run Bytes Received By Job
	40470056  -  Total Bytes Sent By Job
	182135  -  Total Bytes Received By Job
	Partitionable Resources :    Usage  Request Allocated 
	   Cpus                 :     0.70        1         1 
	   Disk (KB)            : 39771         200    123820 
	   Memory (MB)          :   182        3900      3968 

	Job terminated of its own accord at 2024-01-18T13:00:05Z.
...
000 (390897.003.000) 2024-01-18 22:03:48 Job submitted from host: <172.30.1.200:9618?addrs=172.30.1.200-9618&alias=tamsa2.snu.ac.kr&noUDP&sock=schedd_3625_06e6>
...
040 (390897.003.000) 2024-01-18 22:03:49 Started transferring input files
	Transferring to host: <172.30.1.208:9618?addrs=172.30.1.208-9618&alias=node8&noUDP&sock=slot1_28_3811_f1b4_190823>
...
040 (390897.003.000) 2024-01-18 22:03:49 Finished transferring input files
...
001 (390897.003.000) 2024-01-18 22:03:49 Job executing on host: <172.30.1.208:9618?addrs=172.30.1.208-9618&alias=node8&noUDP&sock=startd_3777_494c>
...
006 (390897.003.000) 2024-01-18 22:03:58 Image size of job updated: 186020
	182  -  MemoryUsage of job (MB)
	186020  -  ResidentSetSize of job (KB)
...
006 (390897.003.000) 2024-01-18 22:07:48 Image size of job updated: 866396
	182  -  MemoryUsage of job (MB)
	186020  -  ResidentSetSize of job (KB)
...
040 (390897.003.000) 2024-01-18 22:07:48 Started transferring output files
...
040 (390897.003.000) 2024-01-18 22:07:49 Finished transferring output files
...
005 (390897.003.000) 2024-01-18 22:07:49 Job terminated.
	(1) Normal termination (return value 0)
		Usr 0 00:03:02, Sys 0 00:00:12  -  Run Remote Usage
		Usr 0 00:00:00, Sys 0 00:00:00  -  Run Local Usage
		Usr 0 00:03:02, Sys 0 00:00:12  -  Total Remote Usage
		Usr 0 00:00:00, Sys 0 00:00:00  -  Total Local Usage
	40300076  -  Run Bytes Sent By Job
	182135  -  Run Bytes Received By Job
	40300076  -  Total Bytes Sent By Job
	182135  -  Total Bytes Received By Job
	Partitionable Resources :    Usage  Request Allocated 
	   Cpus                 :     0.73        1         1 
	   Disk (KB)            : 39606         200    128928 
	   Memory (MB)          :   182        3900      3968 

	Job terminated of its own accord at 2024-01-18T13:07:48Z.
...
000 (390986.003.000) 2024-01-18 22:24:32 Job submitted from host: <172.30.1.200:9618?addrs=172.30.1.200-9618&alias=tamsa2.snu.ac.kr&noUDP&sock=schedd_3625_06e6>
...
040 (390986.003.000) 2024-01-18 22:24:35 Started transferring input files
	Transferring to host: <172.30.1.110:9618?addrs=172.30.1.110-9618&alias=n10&noUDP&sock=slot1_43_4176_1ea3_73315>
...
001 (390986.003.000) 2024-01-18 22:24:35 Job executing on host: <172.30.1.110:9618?addrs=172.30.1.110-9618&alias=n10&noUDP&sock=startd_4139_9694>
...
040 (390986.003.000) 2024-01-18 22:24:35 Finished transferring input files
...
006 (390986.003.000) 2024-01-18 22:24:44 Image size of job updated: 175112
	172  -  MemoryUsage of job (MB)
	175112  -  ResidentSetSize of job (KB)
...
006 (390986.003.000) 2024-01-18 22:28:51 Image size of job updated: 867168
	172  -  MemoryUsage of job (MB)
	175112  -  ResidentSetSize of job (KB)
...
040 (390986.003.000) 2024-01-18 22:28:51 Started transferring output files
...
040 (390986.003.000) 2024-01-18 22:28:52 Finished transferring output files
...
005 (390986.003.000) 2024-01-18 22:28:52 Job terminated.
	(1) Normal termination (return value 0)
		Usr 0 00:02:51, Sys 0 00:00:14  -  Run Remote Usage
		Usr 0 00:00:00, Sys 0 00:00:00  -  Run Local Usage
		Usr 0 00:02:51, Sys 0 00:00:14  -  Total Remote Usage
		Usr 0 00:00:00, Sys 0 00:00:00  -  Total Local Usage
	35328528  -  Run Bytes Sent By Job
	182182  -  Run Bytes Received By Job
	35328528  -  Total Bytes Sent By Job
	182182  -  Total Bytes Received By Job
	Partitionable Resources :    Usage  Request Allocated 
	   Cpus                 :                 1         1 
	   Disk (KB)            :    34745      200    127849 
	   Memory (MB)          :      172     3900      3968 

	Job terminated of its own accord at 2024-01-18T13:28:51Z.
...
000 (391043.003.000) 2024-01-18 23:16:22 Job submitted from host: <172.30.1.200:9618?addrs=172.30.1.200-9618&alias=tamsa2.snu.ac.kr&noUDP&sock=schedd_3625_06e6>
...
040 (391043.003.000) 2024-01-18 23:16:27 Started transferring input files
	Transferring to host: <172.30.1.211:9618?addrs=172.30.1.211-9618&alias=node11&noUDP&sock=slot1_6_3735_6531_177185>
...
001 (391043.003.000) 2024-01-18 23:16:27 Job executing on host: <172.30.1.211:9618?addrs=172.30.1.211-9618&alias=node11&noUDP&sock=startd_3699_c8e9>
...
040 (391043.003.000) 2024-01-18 23:16:27 Finished transferring input files
...
006 (391043.003.000) 2024-01-18 23:16:36 Image size of job updated: 147592
	132  -  MemoryUsage of job (MB)
	134912  -  ResidentSetSize of job (KB)
...
006 (391043.003.000) 2024-01-18 23:18:14 Image size of job updated: 846548
	132  -  MemoryUsage of job (MB)
	134912  -  ResidentSetSize of job (KB)
...
040 (391043.003.000) 2024-01-18 23:18:20 Entered queue to transfer output files
...
040 (391043.003.000) 2024-01-18 23:18:22 Started transferring output files
...
040 (391043.003.000) 2024-01-18 23:18:24 Finished transferring output files
...
005 (391043.003.000) 2024-01-18 23:18:24 Job terminated.
	(1) Normal termination (return value 0)
		Usr 0 00:01:06, Sys 0 00:00:07  -  Run Remote Usage
		Usr 0 00:00:00, Sys 0 00:00:00  -  Run Local Usage
		Usr 0 00:01:06, Sys 0 00:00:07  -  Total Remote Usage
		Usr 0 00:00:00, Sys 0 00:00:00  -  Total Local Usage
	7464007  -  Run Bytes Sent By Job
	182524  -  Run Bytes Received By Job
	7464007  -  Total Bytes Sent By Job
	182524  -  Total Bytes Received By Job
	Partitionable Resources :    Usage  Request Allocated 
	   Cpus                 :                 1         1 
	   Disk (KB)            :     7534      200    128928 
	   Memory (MB)          :      132     3900      3968 

	Job terminated of its own accord at 2024-01-18T14:18:14Z.
...
000 (391059.003.000) 2024-01-19 10:38:28 Job submitted from host: <172.30.1.200:9618?addrs=172.30.1.200-9618&alias=tamsa2.snu.ac.kr&noUDP&sock=schedd_3625_06e6>
...
040 (391059.003.000) 2024-01-19 10:38:30 Started transferring input files
	Transferring to host: <172.30.1.212:9618?addrs=172.30.1.212-9618&alias=node12&noUDP&sock=slot1_77_4492_c530_312698>
...
040 (391059.003.000) 2024-01-19 10:38:30 Finished transferring input files
...
001 (391059.003.000) 2024-01-19 10:38:30 Job executing on host: <172.30.1.212:9618?addrs=172.30.1.212-9618&alias=node12&noUDP&sock=startd_4455_5682>
...
006 (391059.003.000) 2024-01-19 10:38:39 Image size of job updated: 139344
	68  -  MemoryUsage of job (MB)
	69428  -  ResidentSetSize of job (KB)
...
006 (391059.003.000) 2024-01-19 10:43:07 Image size of job updated: 866136
	68  -  MemoryUsage of job (MB)
	69428  -  ResidentSetSize of job (KB)
...
040 (391059.003.000) 2024-01-19 10:43:07 Started transferring output files
...
040 (391059.003.000) 2024-01-19 10:43:13 Finished transferring output files
...
005 (391059.003.000) 2024-01-19 10:43:13 Job terminated.
	(1) Normal termination (return value 0)
		Usr 0 00:03:16, Sys 0 00:00:15  -  Run Remote Usage
		Usr 0 00:00:00, Sys 0 00:00:00  -  Run Local Usage
		Usr 0 00:03:16, Sys 0 00:00:15  -  Total Remote Usage
		Usr 0 00:00:00, Sys 0 00:00:00  -  Total Local Usage
	33829440  -  Run Bytes Sent By Job
	182504  -  Run Bytes Received By Job
	33829440  -  Total Bytes Sent By Job
	182504  -  Total Bytes Received By Job
	Partitionable Resources :    Usage  Request Allocated 
	   Cpus                 :     0.08        1         1 
	   Disk (KB)            : 33287         200    261111 
	   Memory (MB)          :    68        3900      3968 

	Job terminated of its own accord at 2024-01-19T01:43:07Z.
...
000 (391060.003.000) 2024-01-19 10:57:46 Job submitted from host: <172.30.1.200:9618?addrs=172.30.1.200-9618&alias=tamsa2.snu.ac.kr&noUDP&sock=schedd_3625_06e6>
...
040 (391060.003.000) 2024-01-19 10:57:49 Started transferring input files
	Transferring to host: <172.30.1.215:9618?addrs=172.30.1.215-9618&alias=node15&noUDP&sock=slot1_73_4389_328c_280387>
...
040 (391060.003.000) 2024-01-19 10:57:49 Finished transferring input files
...
001 (391060.003.000) 2024-01-19 10:57:49 Job executing on host: <172.30.1.215:9618?addrs=172.30.1.215-9618&alias=node15&noUDP&sock=startd_4353_5fd9>
...
006 (391060.003.000) 2024-01-19 10:57:58 Image size of job updated: 230108
	132  -  MemoryUsage of job (MB)
	134932  -  ResidentSetSize of job (KB)
...
006 (391060.003.000) 2024-01-19 11:02:27 Image size of job updated: 866168
	132  -  MemoryUsage of job (MB)
	134940  -  ResidentSetSize of job (KB)
...
040 (391060.003.000) 2024-01-19 11:02:27 Started transferring output files
...
040 (391060.003.000) 2024-01-19 11:02:30 Finished transferring output files
...
005 (391060.003.000) 2024-01-19 11:02:30 Job terminated.
	(1) Normal termination (return value 0)
		Usr 0 00:03:18, Sys 0 00:00:15  -  Run Remote Usage
		Usr 0 00:00:00, Sys 0 00:00:00  -  Run Local Usage
		Usr 0 00:03:18, Sys 0 00:00:15  -  Total Remote Usage
		Usr 0 00:00:00, Sys 0 00:00:00  -  Total Local Usage
	44463112  -  Run Bytes Sent By Job
	182520  -  Run Bytes Received By Job
	44463112  -  Total Bytes Sent By Job
	182520  -  Total Bytes Received By Job
	Partitionable Resources :    Usage  Request Allocated 
	   Cpus                 :                 1         1 
	   Disk (KB)            :    43666      200    261111 
	   Memory (MB)          :      132     3900      3968 

	Job terminated of its own accord at 2024-01-19T02:02:27Z.
...
000 (391113.003.000) 2024-01-19 11:50:58 Job submitted from host: <172.30.1.200:9618?addrs=172.30.1.200-9618&alias=tamsa2.snu.ac.kr&noUDP&sock=schedd_3625_06e6>
...
040 (391113.003.000) 2024-01-19 11:50:59 Started transferring input files
	Transferring to host: <172.30.1.205:9618?addrs=172.30.1.205-9618&alias=node5&noUDP&sock=slot1_41_3857_5af6_241159>
...
001 (391113.003.000) 2024-01-19 11:50:59 Job executing on host: <172.30.1.205:9618?addrs=172.30.1.205-9618&alias=node5&noUDP&sock=startd_3821_7776>
...
040 (391113.003.000) 2024-01-19 11:50:59 Finished transferring input files
...
006 (391113.003.000) 2024-01-19 11:51:08 Image size of job updated: 561380
	171  -  MemoryUsage of job (MB)
	174668  -  ResidentSetSize of job (KB)
...
006 (391113.003.000) 2024-01-19 11:53:03 Image size of job updated: 843580
	171  -  MemoryUsage of job (MB)
	174668  -  ResidentSetSize of job (KB)
...
040 (391113.003.000) 2024-01-19 11:53:03 Started transferring output files
...
040 (391113.003.000) 2024-01-19 11:53:04 Finished transferring output files
...
005 (391113.003.000) 2024-01-19 11:53:04 Job terminated.
	(1) Normal termination (return value 0)
		Usr 0 00:01:10, Sys 0 00:00:07  -  Run Remote Usage
		Usr 0 00:00:00, Sys 0 00:00:00  -  Run Local Usage
		Usr 0 00:01:10, Sys 0 00:00:07  -  Total Remote Usage
		Usr 0 00:00:00, Sys 0 00:00:00  -  Total Local Usage
	7464079  -  Run Bytes Sent By Job
	183986  -  Run Bytes Received By Job
	7464079  -  Total Bytes Sent By Job
	183986  -  Total Bytes Received By Job
	Partitionable Resources :    Usage  Request Allocated 
	   Cpus                 :     0.79        1         1 
	   Disk (KB)            :  7542         200    128928 
	   Memory (MB)          :   171        3900      3968 

	Job terminated of its own accord at 2024-01-19T02:53:03Z.
...
000 (391114.003.000) 2024-01-19 11:56:30 Job submitted from host: <172.30.1.200:9618?addrs=172.30.1.200-9618&alias=tamsa2.snu.ac.kr&noUDP&sock=schedd_3625_06e6>
...
040 (391114.003.000) 2024-01-19 11:56:32 Started transferring input files
	Transferring to host: <172.30.1.205:9618?addrs=172.30.1.205-9618&alias=node5&noUDP&sock=slot1_43_3857_5af6_241169>
...
040 (391114.003.000) 2024-01-19 11:56:32 Finished transferring input files
...
001 (391114.003.000) 2024-01-19 11:56:32 Job executing on host: <172.30.1.205:9618?addrs=172.30.1.205-9618&alias=node5&noUDP&sock=startd_3821_7776>
...
006 (391114.003.000) 2024-01-19 11:56:40 Image size of job updated: 573636
	182  -  MemoryUsage of job (MB)
	185388  -  ResidentSetSize of job (KB)
...
006 (391114.003.000) 2024-01-19 11:58:25 Image size of job updated: 845696
	182  -  MemoryUsage of job (MB)
	185388  -  ResidentSetSize of job (KB)
...
040 (391114.003.000) 2024-01-19 11:58:25 Started transferring output files
...
040 (391114.003.000) 2024-01-19 11:58:26 Finished transferring output files
...
005 (391114.003.000) 2024-01-19 11:58:26 Job terminated.
	(1) Normal termination (return value 0)
		Usr 0 00:01:10, Sys 0 00:00:07  -  Run Remote Usage
		Usr 0 00:00:00, Sys 0 00:00:00  -  Run Local Usage
		Usr 0 00:01:10, Sys 0 00:00:07  -  Total Remote Usage
		Usr 0 00:00:00, Sys 0 00:00:00  -  Total Local Usage
	7464183  -  Run Bytes Sent By Job
	183986  -  Run Bytes Received By Job
	7464183  -  Total Bytes Sent By Job
	183986  -  Total Bytes Received By Job
	Partitionable Resources :    Usage  Request Allocated 
	   Cpus                 :     0.58        1         1 
	   Disk (KB)            :  7542         200    128928 
	   Memory (MB)          :   182        3900      3968 

	Job terminated of its own accord at 2024-01-19T02:58:25Z.
...
000 (391115.003.000) 2024-01-19 12:05:54 Job submitted from host: <172.30.1.200:9618?addrs=172.30.1.200-9618&alias=tamsa2.snu.ac.kr&noUDP&sock=schedd_3625_06e6>
...
040 (391115.003.000) 2024-01-19 12:05:55 Started transferring input files
	Transferring to host: <172.30.1.205:9618?addrs=172.30.1.205-9618&alias=node5&noUDP&sock=slot1_44_3857_5af6_241180>
...
040 (391115.003.000) 2024-01-19 12:05:55 Finished transferring input files
...
001 (391115.003.000) 2024-01-19 12:05:56 Job executing on host: <172.30.1.205:9618?addrs=172.30.1.205-9618&alias=node5&noUDP&sock=startd_3821_7776>
...
006 (391115.003.000) 2024-01-19 12:06:04 Image size of job updated: 180024
	176  -  MemoryUsage of job (MB)
	180024  -  ResidentSetSize of job (KB)
...
006 (391115.003.000) 2024-01-19 12:07:54 Image size of job updated: 846200
	176  -  MemoryUsage of job (MB)
	180032  -  ResidentSetSize of job (KB)
...
040 (391115.003.000) 2024-01-19 12:07:54 Started transferring output files
...
040 (391115.003.000) 2024-01-19 12:07:54 Finished transferring output files
...
005 (391115.003.000) 2024-01-19 12:07:54 Job terminated.
	(1) Normal termination (return value 0)
		Usr 0 00:01:11, Sys 0 00:00:07  -  Run Remote Usage
		Usr 0 00:00:00, Sys 0 00:00:00  -  Run Local Usage
		Usr 0 00:01:11, Sys 0 00:00:07  -  Total Remote Usage
		Usr 0 00:00:00, Sys 0 00:00:00  -  Total Local Usage
	7464183  -  Run Bytes Sent By Job
	184022  -  Run Bytes Received By Job
	7464183  -  Total Bytes Sent By Job
	184022  -  Total Bytes Received By Job
	Partitionable Resources :    Usage  Request Allocated 
	   Cpus                 :                 1         1 
	   Disk (KB)            :     7536      200    128928 
	   Memory (MB)          :      176     3900      3968 

	Job terminated of its own accord at 2024-01-19T03:07:54Z.
...
000 (391116.003.000) 2024-01-19 12:09:38 Job submitted from host: <172.30.1.200:9618?addrs=172.30.1.200-9618&alias=tamsa2.snu.ac.kr&noUDP&sock=schedd_3625_06e6>
...
040 (391116.003.000) 2024-01-19 12:09:39 Started transferring input files
	Transferring to host: <172.30.1.205:9618?addrs=172.30.1.205-9618&alias=node5&noUDP&sock=slot1_44_3857_5af6_241186>
...
040 (391116.003.000) 2024-01-19 12:09:39 Finished transferring input files
...
001 (391116.003.000) 2024-01-19 12:09:39 Job executing on host: <172.30.1.205:9618?addrs=172.30.1.205-9618&alias=node5&noUDP&sock=startd_3821_7776>
...
006 (391116.003.000) 2024-01-19 12:09:48 Image size of job updated: 561380
	181  -  MemoryUsage of job (MB)
	184572  -  ResidentSetSize of job (KB)
...
006 (391116.003.000) 2024-01-19 12:11:34 Image size of job updated: 846016
	181  -  MemoryUsage of job (MB)
	184572  -  ResidentSetSize of job (KB)
...
040 (391116.003.000) 2024-01-19 12:11:34 Started transferring output files
...
040 (391116.003.000) 2024-01-19 12:11:35 Finished transferring output files
...
005 (391116.003.000) 2024-01-19 12:11:35 Job terminated.
	(1) Normal termination (return value 0)
		Usr 0 00:01:12, Sys 0 00:00:07  -  Run Remote Usage
		Usr 0 00:00:00, Sys 0 00:00:00  -  Run Local Usage
		Usr 0 00:01:12, Sys 0 00:00:07  -  Total Remote Usage
		Usr 0 00:00:00, Sys 0 00:00:00  -  Total Local Usage
	7464207  -  Run Bytes Sent By Job
	184022  -  Run Bytes Received By Job
	7464207  -  Total Bytes Sent By Job
	184022  -  Total Bytes Received By Job
	Partitionable Resources :    Usage  Request Allocated 
	   Cpus                 :                 1         1 
	   Disk (KB)            :     7537      200    128928 
	   Memory (MB)          :      181     3900      3968 

	Job terminated of its own accord at 2024-01-19T03:11:34Z.
...
000 (391117.003.000) 2024-01-19 12:15:27 Job submitted from host: <172.30.1.200:9618?addrs=172.30.1.200-9618&alias=tamsa2.snu.ac.kr&noUDP&sock=schedd_3625_06e6>
...
040 (391117.003.000) 2024-01-19 12:15:31 Started transferring input files
	Transferring to host: <172.30.1.205:9618?addrs=172.30.1.205-9618&alias=node5&noUDP&sock=slot1_47_3857_5af6_241192>
...
001 (391117.003.000) 2024-01-19 12:15:31 Job executing on host: <172.30.1.205:9618?addrs=172.30.1.205-9618&alias=node5&noUDP&sock=startd_3821_7776>
...
040 (391117.003.000) 2024-01-19 12:15:31 Finished transferring input files
...
006 (391117.003.000) 2024-01-19 12:15:40 Image size of job updated: 186740
	183  -  MemoryUsage of job (MB)
	186740  -  ResidentSetSize of job (KB)
...
006 (391117.003.000) 2024-01-19 12:19:46 Image size of job updated: 870464
	183  -  MemoryUsage of job (MB)
	186740  -  ResidentSetSize of job (KB)
...
040 (391117.003.000) 2024-01-19 12:19:46 Started transferring output files
...
040 (391117.003.000) 2024-01-19 12:19:47 Finished transferring output files
...
005 (391117.003.000) 2024-01-19 12:19:48 Job terminated.
	(1) Normal termination (return value 0)
		Usr 0 00:03:23, Sys 0 00:00:12  -  Run Remote Usage
		Usr 0 00:00:00, Sys 0 00:00:00  -  Run Local Usage
		Usr 0 00:03:23, Sys 0 00:00:12  -  Total Remote Usage
		Usr 0 00:00:00, Sys 0 00:00:00  -  Total Local Usage
	33994744  -  Run Bytes Sent By Job
	184028  -  Run Bytes Received By Job
	33994744  -  Total Bytes Sent By Job
	184028  -  Total Bytes Received By Job
	Partitionable Resources :    Usage  Request Allocated 
	   Cpus                 :     0.80        1         1 
	   Disk (KB)            : 33451         200    128928 
	   Memory (MB)          :   183        3900      3968 

	Job terminated of its own accord at 2024-01-19T03:19:46Z.
...
000 (391118.003.000) 2024-01-19 12:41:44 Job submitted from host: <172.30.1.200:9618?addrs=172.30.1.200-9618&alias=tamsa2.snu.ac.kr&noUDP&sock=schedd_3625_06e6>
...
040 (391118.003.000) 2024-01-19 12:41:50 Started transferring input files
	Transferring to host: <172.30.1.206:9618?addrs=172.30.1.206-9618&alias=node6&noUDP&sock=slot1_41_3722_3c50_224076>
...
040 (391118.003.000) 2024-01-19 12:41:50 Finished transferring input files
...
001 (391118.003.000) 2024-01-19 12:41:50 Job executing on host: <172.30.1.206:9618?addrs=172.30.1.206-9618&alias=node6&noUDP&sock=startd_3686_de2d>
...
006 (391118.003.000) 2024-01-19 12:41:59 Image size of job updated: 184584
	181  -  MemoryUsage of job (MB)
	184584  -  ResidentSetSize of job (KB)
...
006 (391118.003.000) 2024-01-19 12:43:34 Image size of job updated: 845696
	181  -  MemoryUsage of job (MB)
	184584  -  ResidentSetSize of job (KB)
...
040 (391118.003.000) 2024-01-19 12:43:34 Started transferring output files
...
040 (391118.003.000) 2024-01-19 12:43:38 Finished transferring output files
...
005 (391118.003.000) 2024-01-19 12:43:38 Job terminated.
	(1) Normal termination (return value 0)
		Usr 0 00:01:08, Sys 0 00:00:06  -  Run Remote Usage
		Usr 0 00:00:00, Sys 0 00:00:00  -  Run Local Usage
		Usr 0 00:01:08, Sys 0 00:00:06  -  Total Remote Usage
		Usr 0 00:00:00, Sys 0 00:00:00  -  Total Local Usage
	7464143  -  Run Bytes Sent By Job
	183796  -  Run Bytes Received By Job
	7464143  -  Total Bytes Sent By Job
	183796  -  Total Bytes Received By Job
	Partitionable Resources :    Usage  Request Allocated 
	   Cpus                 :                 1         1 
	   Disk (KB)            :     7536      200     95898 
	   Memory (MB)          :      181     3900      3968 

	Job terminated of its own accord at 2024-01-19T03:43:34Z.
...
000 (391119.003.000) 2024-01-19 12:47:04 Job submitted from host: <172.30.1.200:9618?addrs=172.30.1.200-9618&alias=tamsa2.snu.ac.kr&noUDP&sock=schedd_3625_06e6>
...
040 (391119.003.000) 2024-01-19 12:47:12 Started transferring input files
	Transferring to host: <172.30.1.211:9618?addrs=172.30.1.211-9618&alias=node11&noUDP&sock=slot1_41_3735_6531_177612>
...
001 (391119.003.000) 2024-01-19 12:47:12 Job executing on host: <172.30.1.211:9618?addrs=172.30.1.211-9618&alias=node11&noUDP&sock=startd_3699_c8e9>
...
040 (391119.003.000) 2024-01-19 12:47:12 Finished transferring input files
...
006 (391119.003.000) 2024-01-19 12:47:21 Image size of job updated: 186756
	183  -  MemoryUsage of job (MB)
	186756  -  ResidentSetSize of job (KB)
...
006 (391119.003.000) 2024-01-19 12:51:45 Image size of job updated: 870676
	183  -  MemoryUsage of job (MB)
	186756  -  ResidentSetSize of job (KB)
...
040 (391119.003.000) 2024-01-19 12:51:45 Started transferring output files
...
040 (391119.003.000) 2024-01-19 12:51:46 Finished transferring output files
...
005 (391119.003.000) 2024-01-19 12:51:46 Job terminated.
	(1) Normal termination (return value 0)
		Usr 0 00:03:20, Sys 0 00:00:13  -  Run Remote Usage
		Usr 0 00:00:00, Sys 0 00:00:00  -  Run Local Usage
		Usr 0 00:03:20, Sys 0 00:00:13  -  Total Remote Usage
		Usr 0 00:00:00, Sys 0 00:00:00  -  Total Local Usage
	33109928  -  Run Bytes Sent By Job
	183796  -  Run Bytes Received By Job
	33109928  -  Total Bytes Sent By Job
	183796  -  Total Bytes Received By Job
	Partitionable Resources :    Usage  Request Allocated 
	   Cpus                 :     0.89        1         1 
	   Disk (KB)            : 32586         200    128928 
	   Memory (MB)          :   183        3900      3968 

	Job terminated of its own accord at 2024-01-19T03:51:45Z.
...
000 (391120.003.000) 2024-01-19 13:02:28 Job submitted from host: <172.30.1.200:9618?addrs=172.30.1.200-9618&alias=tamsa2.snu.ac.kr&noUDP&sock=schedd_3625_06e6>
...
040 (391120.003.000) 2024-01-19 13:02:37 Started transferring input files
	Transferring to host: <172.30.1.211:9618?addrs=172.30.1.211-9618&alias=node11&noUDP&sock=slot1_44_3735_6531_177623>
...
001 (391120.003.000) 2024-01-19 13:02:37 Job executing on host: <172.30.1.211:9618?addrs=172.30.1.211-9618&alias=node11&noUDP&sock=startd_3699_c8e9>
...
040 (391120.003.000) 2024-01-19 13:02:37 Finished transferring input files
...
006 (391120.003.000) 2024-01-19 13:02:46 Image size of job updated: 175232
	172  -  MemoryUsage of job (MB)
	175232  -  ResidentSetSize of job (KB)
...
006 (391120.003.000) 2024-01-19 13:07:08 Image size of job updated: 866432
	172  -  MemoryUsage of job (MB)
	175232  -  ResidentSetSize of job (KB)
...
040 (391120.003.000) 2024-01-19 13:07:09 Started transferring output files
...
040 (391120.003.000) 2024-01-19 13:07:19 Finished transferring output files
...
005 (391120.003.000) 2024-01-19 13:07:20 Job terminated.
	(1) Normal termination (return value 0)
		Usr 0 00:03:19, Sys 0 00:00:13  -  Run Remote Usage
		Usr 0 00:00:00, Sys 0 00:00:00  -  Run Local Usage
		Usr 0 00:03:19, Sys 0 00:00:13  -  Total Remote Usage
		Usr 0 00:00:00, Sys 0 00:00:00  -  Total Local Usage
	33106772  -  Run Bytes Sent By Job
	183796  -  Run Bytes Received By Job
	33106772  -  Total Bytes Sent By Job
	183796  -  Total Bytes Received By Job
	Partitionable Resources :    Usage  Request Allocated 
	   Cpus                 :     0.93        1         1 
	   Disk (KB)            : 32583         200    128928 
	   Memory (MB)          :   172        3900      3968 

	Job terminated of its own accord at 2024-01-19T04:07:08Z.
...
000 (391131.003.000) 2024-01-19 14:22:45 Job submitted from host: <172.30.1.200:9618?addrs=172.30.1.200-9618&alias=tamsa2.snu.ac.kr&noUDP&sock=schedd_3625_06e6>
...
040 (391131.003.000) 2024-01-19 14:22:50 Started transferring input files
	Transferring to host: <172.30.1.208:9618?addrs=172.30.1.208-9618&alias=node8&noUDP&sock=slot1_42_3811_f1b4_191256>
...
001 (391131.003.000) 2024-01-19 14:22:50 Job executing on host: <172.30.1.208:9618?addrs=172.30.1.208-9618&alias=node8&noUDP&sock=startd_3777_494c>
...
040 (391131.003.000) 2024-01-19 14:22:50 Finished transferring input files
...
006 (391131.003.000) 2024-01-19 14:22:59 Image size of job updated: 230108
	68  -  MemoryUsage of job (MB)
	69436  -  ResidentSetSize of job (KB)
...
006 (391131.003.000) 2024-01-19 14:28:00 Image size of job updated: 984504
	334  -  MemoryUsage of job (MB)
	341012  -  ResidentSetSize of job (KB)
...
004 (391131.003.000) 2024-01-19 14:28:10 Job was evicted.
	(0) CPU times
		Usr 0 00:04:44, Sys 0 00:00:19  -  Run Remote Usage
		Usr 0 00:00:00, Sys 0 00:00:00  -  Run Local Usage
	0  -  Run Bytes Sent By Job
	183798  -  Run Bytes Received By Job
	Partitionable Resources :    Usage  Request Allocated 
	   Cpus                 :     0.99        1         1 
	   Disk (KB)            :  1418         200    128928 
	   Memory (MB)          :   334        3900      3968 
...
009 (391131.003.000) 2024-01-19 14:28:10 Job was aborted.
	via condor_rm (by user shin)
...
000 (391132.003.000) 2024-01-19 14:30:22 Job submitted from host: <172.30.1.200:9618?addrs=172.30.1.200-9618&alias=tamsa2.snu.ac.kr&noUDP&sock=schedd_3625_06e6>
...
040 (391132.003.000) 2024-01-19 14:30:24 Started transferring input files
	Transferring to host: <172.30.1.208:9618?addrs=172.30.1.208-9618&alias=node8&noUDP&sock=slot1_42_3811_f1b4_191264>
...
001 (391132.003.000) 2024-01-19 14:30:24 Job executing on host: <172.30.1.208:9618?addrs=172.30.1.208-9618&alias=node8&noUDP&sock=startd_3777_494c>
...
040 (391132.003.000) 2024-01-19 14:30:24 Finished transferring input files
...
006 (391132.003.000) 2024-01-19 14:30:32 Image size of job updated: 617592
	175  -  MemoryUsage of job (MB)
	179128  -  ResidentSetSize of job (KB)
...
006 (391132.003.000) 2024-01-19 14:35:32 Image size of job updated: 878464
	200  -  MemoryUsage of job (MB)
	203848  -  ResidentSetSize of job (KB)
...
000 (391137.003.000) 2024-01-19 14:35:50 Job submitted from host: <172.30.1.200:9618?addrs=172.30.1.200-9618&alias=tamsa2.snu.ac.kr&noUDP&sock=schedd_3625_06e6>
...
040 (391137.003.000) 2024-01-19 14:35:51 Started transferring input files
	Transferring to host: <172.30.1.109:9618?addrs=172.30.1.109-9618&alias=n9&noUDP&sock=slot1_4_4134_86e1_92593>
...
001 (391137.003.000) 2024-01-19 14:35:51 Job executing on host: <172.30.1.109:9618?addrs=172.30.1.109-9618&alias=n9&noUDP&sock=startd_4100_d663>
...
040 (391137.003.000) 2024-01-19 14:35:51 Finished transferring input files
...
006 (391137.003.000) 2024-01-19 14:36:00 Image size of job updated: 152880
	15  -  MemoryUsage of job (MB)
	14408  -  ResidentSetSize of job (KB)
...
004 (391132.003.000) 2024-01-19 14:36:01 Job was evicted.
	(0) CPU times
		Usr 0 00:04:39, Sys 0 00:00:20  -  Run Remote Usage
		Usr 0 00:00:00, Sys 0 00:00:00  -  Run Local Usage
	0  -  Run Bytes Sent By Job
	183608  -  Run Bytes Received By Job
	Partitionable Resources :    Usage  Request Allocated 
	   Cpus                 :     0.96        1         1 
	   Disk (KB)            : 13889         200    128928 
	   Memory (MB)          :   200        3900      3968 
...
006 (391137.003.000) 2024-01-19 14:36:01 Image size of job updated: 220364
	15  -  MemoryUsage of job (MB)
	14408  -  ResidentSetSize of job (KB)
...
009 (391132.003.000) 2024-01-19 14:36:01 Job was aborted.
	via condor_rm (by user shin)
...
004 (391137.003.000) 2024-01-19 14:36:01 Job was evicted.
	(0) CPU times
		Usr 0 00:00:00, Sys 0 00:00:00  -  Run Remote Usage
		Usr 0 00:00:00, Sys 0 00:00:00  -  Run Local Usage
	0  -  Run Bytes Sent By Job
	183614  -  Run Bytes Received By Job
	Partitionable Resources :    Usage  Request Allocated 
	   Cpus                 :     0.01        1         1 
	   Disk (KB)            :   235         200    127849 
	   Memory (MB)          :    15        3900      3968 
...
009 (391137.003.000) 2024-01-19 14:36:01 Job was aborted.
	via condor_rm (by user shin)
...
000 (391138.003.000) 2024-01-19 14:36:02 Job submitted from host: <172.30.1.200:9618?addrs=172.30.1.200-9618&alias=tamsa2.snu.ac.kr&noUDP&sock=schedd_3625_06e6>
...
040 (391138.003.000) 2024-01-19 14:36:12 Started transferring input files
	Transferring to host: <172.30.1.208:9618?addrs=172.30.1.208-9618&alias=node8&noUDP&sock=slot1_41_3811_f1b4_191271>
...
040 (391138.003.000) 2024-01-19 14:36:12 Finished transferring input files
...
001 (391138.003.000) 2024-01-19 14:36:12 Job executing on host: <172.30.1.208:9618?addrs=172.30.1.208-9618&alias=node8&noUDP&sock=startd_3777_494c>
...
006 (391138.003.000) 2024-01-19 14:36:21 Image size of job updated: 816176
	183  -  MemoryUsage of job (MB)
	186728  -  ResidentSetSize of job (KB)
...
006 (391138.003.000) 2024-01-19 14:41:22 Image size of job updated: 874184
	191  -  MemoryUsage of job (MB)
	194620  -  ResidentSetSize of job (KB)
...
006 (391138.003.000) 2024-01-19 14:42:43 Image size of job updated: 874184
	191  -  MemoryUsage of job (MB)
	194644  -  ResidentSetSize of job (KB)
...
040 (391138.003.000) 2024-01-19 14:42:43 Started transferring output files
...
040 (391138.003.000) 2024-01-19 14:42:44 Finished transferring output files
...
005 (391138.003.000) 2024-01-19 14:42:44 Job terminated.
	(1) Normal termination (return value 0)
		Usr 0 00:05:24, Sys 0 00:00:23  -  Run Remote Usage
		Usr 0 00:00:00, Sys 0 00:00:00  -  Run Local Usage
		Usr 0 00:05:24, Sys 0 00:00:23  -  Total Remote Usage
		Usr 0 00:00:00, Sys 0 00:00:00  -  Total Local Usage
	32754436  -  Run Bytes Sent By Job
	183614  -  Run Bytes Received By Job
	32754436  -  Total Bytes Sent By Job
	183614  -  Total Bytes Received By Job
	Partitionable Resources :    Usage  Request Allocated 
	   Cpus                 :     0.89        1         1 
	   Disk (KB)            : 32239         200    128928 
	   Memory (MB)          :   191        3900      3968 

	Job terminated of its own accord at 2024-01-19T05:42:43Z.
...
000 (391139.003.000) 2024-01-19 14:48:49 Job submitted from host: <172.30.1.200:9618?addrs=172.30.1.200-9618&alias=tamsa2.snu.ac.kr&noUDP&sock=schedd_3625_06e6>
...
040 (391139.003.000) 2024-01-19 14:48:51 Started transferring input files
	Transferring to host: <172.30.1.208:9618?addrs=172.30.1.208-9618&alias=node8&noUDP&sock=slot1_41_3811_f1b4_191280>
...
040 (391139.003.000) 2024-01-19 14:48:51 Finished transferring input files
...
001 (391139.003.000) 2024-01-19 14:48:51 Job executing on host: <172.30.1.208:9618?addrs=172.30.1.208-9618&alias=node8&noUDP&sock=startd_3777_494c>
...
006 (391139.003.000) 2024-01-19 14:49:00 Image size of job updated: 183916
	164  -  MemoryUsage of job (MB)
	167236  -  ResidentSetSize of job (KB)
...
006 (391139.003.000) 2024-01-19 14:52:18 Image size of job updated: 878300
	164  -  MemoryUsage of job (MB)
	167236  -  ResidentSetSize of job (KB)
...
004 (391139.003.000) 2024-01-19 14:52:18 Job was evicted.
	(0) CPU times
		Usr 0 00:02:44, Sys 0 00:00:12  -  Run Remote Usage
		Usr 0 00:00:00, Sys 0 00:00:00  -  Run Local Usage
	0  -  Run Bytes Sent By Job
	183618  -  Run Bytes Received By Job
	Partitionable Resources :    Usage  Request Allocated 
	   Cpus                 :     0.95        1         1 
	   Disk (KB)            :  8299         200    128928 
	   Memory (MB)          :   164        3900      3968 
...
009 (391139.003.000) 2024-01-19 14:52:18 Job was aborted.
	via condor_rm (by user shin)
...
000 (391140.003.000) 2024-01-19 14:52:19 Job submitted from host: <172.30.1.200:9618?addrs=172.30.1.200-9618&alias=tamsa2.snu.ac.kr&noUDP&sock=schedd_3625_06e6>
...
040 (391140.003.000) 2024-01-19 14:52:20 Started transferring input files
	Transferring to host: <172.30.1.208:9618?addrs=172.30.1.208-9618&alias=node8&noUDP&sock=slot1_44_3811_f1b4_191288>
...
001 (391140.003.000) 2024-01-19 14:52:20 Job executing on host: <172.30.1.208:9618?addrs=172.30.1.208-9618&alias=node8&noUDP&sock=startd_3777_494c>
...
040 (391140.003.000) 2024-01-19 14:52:20 Finished transferring input files
...
006 (391140.003.000) 2024-01-19 14:52:29 Image size of job updated: 835124
	183  -  MemoryUsage of job (MB)
	186744  -  ResidentSetSize of job (KB)
...
006 (391140.003.000) 2024-01-19 14:57:29 Image size of job updated: 874376
	191  -  MemoryUsage of job (MB)
	194620  -  ResidentSetSize of job (KB)
...
006 (391140.003.000) 2024-01-19 14:58:51 Image size of job updated: 874568
	191  -  MemoryUsage of job (MB)
	194620  -  ResidentSetSize of job (KB)
...
040 (391140.003.000) 2024-01-19 14:58:51 Started transferring output files
...
040 (391140.003.000) 2024-01-19 14:58:54 Finished transferring output files
...
005 (391140.003.000) 2024-01-19 14:58:54 Job terminated.
	(1) Normal termination (return value 0)
		Usr 0 00:05:22, Sys 0 00:00:23  -  Run Remote Usage
		Usr 0 00:00:00, Sys 0 00:00:00  -  Run Local Usage
		Usr 0 00:05:22, Sys 0 00:00:23  -  Total Remote Usage
		Usr 0 00:00:00, Sys 0 00:00:00  -  Total Local Usage
	32630158  -  Run Bytes Sent By Job
	183636  -  Run Bytes Received By Job
	32630158  -  Total Bytes Sent By Job
	183636  -  Total Bytes Received By Job
	Partitionable Resources :    Usage  Request Allocated 
	   Cpus                 :     0.63        1         1 
	   Disk (KB)            : 32118         200    128928 
	   Memory (MB)          :   191        3900      3968 

	Job terminated of its own accord at 2024-01-19T05:58:51Z.
...
000 (391145.003.000) 2024-01-19 15:59:26 Job submitted from host: <172.30.1.200:9618?addrs=172.30.1.200-9618&alias=tamsa2.snu.ac.kr&noUDP&sock=schedd_3625_06e6>
...
040 (391145.003.000) 2024-01-19 15:59:29 Started transferring input files
	Transferring to host: <172.30.1.208:9618?addrs=172.30.1.208-9618&alias=node8&noUDP&sock=slot1_44_3811_f1b4_191321>
...
001 (391145.003.000) 2024-01-19 15:59:29 Job executing on host: <172.30.1.208:9618?addrs=172.30.1.208-9618&alias=node8&noUDP&sock=startd_3777_494c>
...
040 (391145.003.000) 2024-01-19 15:59:29 Finished transferring input files
...
006 (391145.003.000) 2024-01-19 15:59:38 Image size of job updated: 201224
	171  -  MemoryUsage of job (MB)
	174652  -  ResidentSetSize of job (KB)
...
006 (391145.003.000) 2024-01-19 16:04:39 Image size of job updated: 873892
	213  -  MemoryUsage of job (MB)
	217724  -  ResidentSetSize of job (KB)
...
040 (391145.003.000) 2024-01-19 16:05:29 Started transferring output files
...
040 (391145.003.000) 2024-01-19 16:05:29 Finished transferring output files
...
005 (391145.003.000) 2024-01-19 16:05:29 Job terminated.
	(1) Normal termination (return value 0)
		Usr 0 00:05:05, Sys 0 00:00:19  -  Run Remote Usage
		Usr 0 00:00:00, Sys 0 00:00:00  -  Run Local Usage
		Usr 0 00:05:05, Sys 0 00:00:19  -  Total Remote Usage
		Usr 0 00:00:00, Sys 0 00:00:00  -  Total Local Usage
	31621594  -  Run Bytes Sent By Job
	184262  -  Run Bytes Received By Job
	31621594  -  Total Bytes Sent By Job
	184262  -  Total Bytes Received By Job
	Partitionable Resources :    Usage  Request Allocated 
	   Cpus                 :     0.97        1         1 
	   Disk (KB)            : 31134         200    128928 
	   Memory (MB)          :   213        3900      3968 

	Job terminated of its own accord at 2024-01-19T07:05:29Z.
...
000 (391151.003.000) 2024-01-19 16:45:38 Job submitted from host: <172.30.1.200:9618?addrs=172.30.1.200-9618&alias=tamsa2.snu.ac.kr&noUDP&sock=schedd_3625_06e6>
...
040 (391151.003.000) 2024-01-19 16:45:45 Started transferring input files
	Transferring to host: <172.30.1.208:9618?addrs=172.30.1.208-9618&alias=node8&noUDP&sock=slot1_44_3811_f1b4_191344>
...
040 (391151.003.000) 2024-01-19 16:45:45 Finished transferring input files
...
001 (391151.003.000) 2024-01-19 16:45:45 Job executing on host: <172.30.1.208:9618?addrs=172.30.1.208-9618&alias=node8&noUDP&sock=startd_3777_494c>
...
006 (391151.003.000) 2024-01-19 16:45:54 Image size of job updated: 567360
	171  -  MemoryUsage of job (MB)
	174672  -  ResidentSetSize of job (KB)
...
000 (391152.003.000) 2024-01-19 16:46:33 Job submitted from host: <172.30.1.200:9618?addrs=172.30.1.200-9618&alias=tamsa2.snu.ac.kr&noUDP&sock=schedd_3625_06e6>
...
040 (391152.003.000) 2024-01-19 16:46:35 Started transferring input files
	Transferring to host: <172.30.1.202:9618?addrs=172.30.1.202-9618&alias=node2&noUDP&sock=slot1_25_3851_20b6_74685>
...
040 (391152.003.000) 2024-01-19 16:46:35 Finished transferring input files
...
001 (391152.003.000) 2024-01-19 16:46:35 Job executing on host: <172.30.1.202:9618?addrs=172.30.1.202-9618&alias=node2&noUDP&sock=startd_3818_68ae>
...
006 (391152.003.000) 2024-01-19 16:46:43 Image size of job updated: 139344
	69  -  MemoryUsage of job (MB)
	70232  -  ResidentSetSize of job (KB)
...
006 (391152.003.000) 2024-01-19 16:46:43 Image size of job updated: 552564
	69  -  MemoryUsage of job (MB)
	70268  -  ResidentSetSize of job (KB)
...
004 (391152.003.000) 2024-01-19 16:46:43 Job was evicted.
	(0) CPU times
		Usr 0 00:00:00, Sys 0 00:00:00  -  Run Remote Usage
		Usr 0 00:00:00, Sys 0 00:00:00  -  Run Local Usage
	0  -  Run Bytes Sent By Job
	184253  -  Run Bytes Received By Job
	Partitionable Resources :    Usage  Request Allocated 
	   Cpus                 :     0.10        1         1 
	   Disk (KB)            :   236         200    128928 
	   Memory (MB)          :    69        3900      3968 
...
009 (391152.003.000) 2024-01-19 16:46:43 Job was aborted.
	via condor_rm (by user shin)
...
006 (391151.003.000) 2024-01-19 16:47:35 Image size of job updated: 846464
	171  -  MemoryUsage of job (MB)
	174672  -  ResidentSetSize of job (KB)
...
004 (391151.003.000) 2024-01-19 16:47:35 Job was evicted.
	(0) CPU times
		Usr 0 00:01:05, Sys 0 00:00:06  -  Run Remote Usage
		Usr 0 00:00:00, Sys 0 00:00:00  -  Run Local Usage
	0  -  Run Bytes Sent By Job
	184253  -  Run Bytes Received By Job
	Partitionable Resources :    Usage  Request Allocated 
	   Cpus                 :        0        1         1 
	   Disk (KB)            :     3432      200    128928 
	   Memory (MB)          :      171     3900      3968 
...
009 (391151.003.000) 2024-01-19 16:47:36 Job was aborted.
	via condor_rm (by user shin)
...
000 (391153.003.000) 2024-01-19 16:47:37 Job submitted from host: <172.30.1.200:9618?addrs=172.30.1.200-9618&alias=tamsa2.snu.ac.kr&noUDP&sock=schedd_3625_06e6>
...
040 (391153.003.000) 2024-01-19 16:47:57 Started transferring input files
	Transferring to host: <172.30.1.205:9618?addrs=172.30.1.205-9618&alias=node5&noUDP&sock=slot1_12_3857_5af6_241219>
...
001 (391153.003.000) 2024-01-19 16:47:57 Job executing on host: <172.30.1.205:9618?addrs=172.30.1.205-9618&alias=node5&noUDP&sock=startd_3821_7776>
...
040 (391153.003.000) 2024-01-19 16:47:57 Finished transferring input files
...
006 (391153.003.000) 2024-01-19 16:48:05 Image size of job updated: 571164
	181  -  MemoryUsage of job (MB)
	184560  -  ResidentSetSize of job (KB)
...
006 (391153.003.000) 2024-01-19 16:49:43 Image size of job updated: 846484
	181  -  MemoryUsage of job (MB)
	184560  -  ResidentSetSize of job (KB)
...
040 (391153.003.000) 2024-01-19 16:49:43 Started transferring output files
...
040 (391153.003.000) 2024-01-19 16:49:44 Finished transferring output files
...
005 (391153.003.000) 2024-01-19 16:49:44 Job terminated.
	(1) Normal termination (return value 0)
		Usr 0 00:01:16, Sys 0 00:00:07  -  Run Remote Usage
		Usr 0 00:00:00, Sys 0 00:00:00  -  Run Local Usage
		Usr 0 00:01:16, Sys 0 00:00:07  -  Total Remote Usage
		Usr 0 00:00:00, Sys 0 00:00:00  -  Total Local Usage
	7470407  -  Run Bytes Sent By Job
	184257  -  Run Bytes Received By Job
	7470407  -  Total Bytes Sent By Job
	184257  -  Total Bytes Received By Job
	Partitionable Resources :    Usage  Request Allocated 
	   Cpus                 :     0.41        1         1 
	   Disk (KB)            :  7548         200    128928 
	   Memory (MB)          :   181        3900      3968 

	Job terminated of its own accord at 2024-01-19T07:49:43Z.
...
000 (391154.003.000) 2024-01-19 16:50:49 Job submitted from host: <172.30.1.200:9618?addrs=172.30.1.200-9618&alias=tamsa2.snu.ac.kr&noUDP&sock=schedd_3625_06e6>
...
040 (391154.003.000) 2024-01-19 16:50:50 Started transferring input files
	Transferring to host: <172.30.1.205:9618?addrs=172.30.1.205-9618&alias=node5&noUDP&sock=slot1_22_3857_5af6_241222>
...
001 (391154.003.000) 2024-01-19 16:50:51 Job executing on host: <172.30.1.205:9618?addrs=172.30.1.205-9618&alias=node5&noUDP&sock=startd_3821_7776>
...
040 (391154.003.000) 2024-01-19 16:50:51 Finished transferring input files
...
006 (391154.003.000) 2024-01-19 16:50:59 Image size of job updated: 184528
	181  -  MemoryUsage of job (MB)
	184528  -  ResidentSetSize of job (KB)
...
006 (391154.003.000) 2024-01-19 16:55:59 Image size of job updated: 872052
	211  -  MemoryUsage of job (MB)
	215964  -  ResidentSetSize of job (KB)
...
006 (391154.003.000) 2024-01-19 16:56:49 Image size of job updated: 874356
	211  -  MemoryUsage of job (MB)
	215964  -  ResidentSetSize of job (KB)
...
040 (391154.003.000) 2024-01-19 16:56:49 Started transferring output files
...
040 (391154.003.000) 2024-01-19 16:56:50 Finished transferring output files
...
005 (391154.003.000) 2024-01-19 16:56:50 Job terminated.
	(1) Normal termination (return value 0)
		Usr 0 00:05:06, Sys 0 00:00:19  -  Run Remote Usage
		Usr 0 00:00:00, Sys 0 00:00:00  -  Run Local Usage
		Usr 0 00:05:06, Sys 0 00:00:19  -  Total Remote Usage
		Usr 0 00:00:00, Sys 0 00:00:00  -  Total Local Usage
	32167914  -  Run Bytes Sent By Job
	184256  -  Run Bytes Received By Job
	32167914  -  Total Bytes Sent By Job
	184256  -  Total Bytes Received By Job
	Partitionable Resources :    Usage  Request Allocated 
	   Cpus                 :     0.97        1         1 
	   Disk (KB)            : 31667         200    128928 
	   Memory (MB)          :   211        3900      3968 

	Job terminated of its own accord at 2024-01-19T07:56:49Z.
...
000 (391155.003.000) 2024-01-19 17:22:15 Job submitted from host: <172.30.1.200:9618?addrs=172.30.1.200-9618&alias=tamsa2.snu.ac.kr&noUDP&sock=schedd_3625_06e6>
...
040 (391155.003.000) 2024-01-19 17:22:17 Started transferring input files
	Transferring to host: <172.30.1.205:9618?addrs=172.30.1.205-9618&alias=node5&noUDP&sock=slot1_31_3857_5af6_241231>
...
001 (391155.003.000) 2024-01-19 17:22:17 Job executing on host: <172.30.1.205:9618?addrs=172.30.1.205-9618&alias=node5&noUDP&sock=startd_3821_7776>
...
040 (391155.003.000) 2024-01-19 17:22:17 Finished transferring input files
...
006 (391155.003.000) 2024-01-19 17:22:25 Image size of job updated: 175104
	171  -  MemoryUsage of job (MB)
	175104  -  ResidentSetSize of job (KB)
...
006 (391155.003.000) 2024-01-19 17:24:05 Image size of job updated: 846196
	172  -  MemoryUsage of job (MB)
	175108  -  ResidentSetSize of job (KB)
...
040 (391155.003.000) 2024-01-19 17:24:05 Started transferring output files
...
040 (391155.003.000) 2024-01-19 17:24:07 Finished transferring output files
...
005 (391155.003.000) 2024-01-19 17:24:07 Job terminated.
	(1) Normal termination (return value 0)
		Usr 0 00:01:12, Sys 0 00:00:07  -  Run Remote Usage
		Usr 0 00:00:00, Sys 0 00:00:00  -  Run Local Usage
		Usr 0 00:01:12, Sys 0 00:00:07  -  Total Remote Usage
		Usr 0 00:00:00, Sys 0 00:00:00  -  Total Local Usage
	7465391  -  Run Bytes Sent By Job
	186554  -  Run Bytes Received By Job
	7465391  -  Total Bytes Sent By Job
	186554  -  Total Bytes Received By Job
	Partitionable Resources :    Usage  Request Allocated 
	   Cpus                 :     0.83        1         1 
	   Disk (KB)            :  7546         200    128928 
	   Memory (MB)          :   172        3900      3968 

	Job terminated of its own accord at 2024-01-19T08:24:05Z.
...
000 (391156.003.000) 2024-01-19 17:29:00 Job submitted from host: <172.30.1.200:9618?addrs=172.30.1.200-9618&alias=tamsa2.snu.ac.kr&noUDP&sock=schedd_3625_06e6>
...
040 (391156.003.000) 2024-01-19 17:29:02 Started transferring input files
	Transferring to host: <172.30.1.205:9618?addrs=172.30.1.205-9618&alias=node5&noUDP&sock=slot1_31_3857_5af6_241233>
...
040 (391156.003.000) 2024-01-19 17:29:02 Finished transferring input files
...
001 (391156.003.000) 2024-01-19 17:29:02 Job executing on host: <172.30.1.205:9618?addrs=172.30.1.205-9618&alias=node5&noUDP&sock=startd_3821_7776>
...
006 (391156.003.000) 2024-01-19 17:29:10 Image size of job updated: 184572
	181  -  MemoryUsage of job (MB)
	184572  -  ResidentSetSize of job (KB)
...
006 (391156.003.000) 2024-01-19 17:30:50 Image size of job updated: 835152
	181  -  MemoryUsage of job (MB)
	184572  -  ResidentSetSize of job (KB)
...
040 (391156.003.000) 2024-01-19 17:30:50 Started transferring output files
...
040 (391156.003.000) 2024-01-19 17:30:50 Finished transferring output files
...
005 (391156.003.000) 2024-01-19 17:30:50 Job terminated.
	(1) Normal termination (return value 0)
		Usr 0 00:01:12, Sys 0 00:00:07  -  Run Remote Usage
		Usr 0 00:00:00, Sys 0 00:00:00  -  Run Local Usage
		Usr 0 00:01:12, Sys 0 00:00:07  -  Total Remote Usage
		Usr 0 00:00:00, Sys 0 00:00:00  -  Total Local Usage
	7465391  -  Run Bytes Sent By Job
	186554  -  Run Bytes Received By Job
	7465391  -  Total Bytes Sent By Job
	186554  -  Total Bytes Received By Job
	Partitionable Resources :    Usage  Request Allocated 
	   Cpus                 :                 1         1 
	   Disk (KB)            :     7540      200    128928 
	   Memory (MB)          :      181     3900      3968 

	Job terminated of its own accord at 2024-01-19T08:30:50Z.
...
000 (391161.003.000) 2024-01-19 17:33:03 Job submitted from host: <172.30.1.200:9618?addrs=172.30.1.200-9618&alias=tamsa2.snu.ac.kr&noUDP&sock=schedd_3625_06e6>
...
040 (391161.003.000) 2024-01-19 17:33:04 Started transferring input files
	Transferring to host: <172.30.1.202:9618?addrs=172.30.1.202-9618&alias=node2&noUDP&sock=slot1_37_3851_20b6_74710>
...
001 (391161.003.000) 2024-01-19 17:33:04 Job executing on host: <172.30.1.202:9618?addrs=172.30.1.202-9618&alias=node2&noUDP&sock=startd_3818_68ae>
...
040 (391161.003.000) 2024-01-19 17:33:04 Finished transferring input files
...
006 (391161.003.000) 2024-01-19 17:33:13 Image size of job updated: 186728
	183  -  MemoryUsage of job (MB)
	186728  -  ResidentSetSize of job (KB)
...
006 (391161.003.000) 2024-01-19 17:34:45 Image size of job updated: 835968
	183  -  MemoryUsage of job (MB)
	186728  -  ResidentSetSize of job (KB)
...
040 (391161.003.000) 2024-01-19 17:34:45 Started transferring output files
...
040 (391161.003.000) 2024-01-19 17:34:46 Finished transferring output files
...
005 (391161.003.000) 2024-01-19 17:34:46 Job terminated.
	(1) Normal termination (return value 0)
		Usr 0 00:01:12, Sys 0 00:00:07  -  Run Remote Usage
		Usr 0 00:00:00, Sys 0 00:00:00  -  Run Local Usage
		Usr 0 00:01:12, Sys 0 00:00:07  -  Total Remote Usage
		Usr 0 00:00:00, Sys 0 00:00:00  -  Total Local Usage
	7469631  -  Run Bytes Sent By Job
	186686  -  Run Bytes Received By Job
	7469631  -  Total Bytes Sent By Job
	186686  -  Total Bytes Received By Job
	Partitionable Resources :    Usage  Request Allocated 
	   Cpus                 :                 1         1 
	   Disk (KB)            :     7545      200    128928 
	   Memory (MB)          :      183     3900      3968 

	Job terminated of its own accord at 2024-01-19T08:34:45Z.
...
000 (391162.003.000) 2024-01-19 17:42:17 Job submitted from host: <172.30.1.200:9618?addrs=172.30.1.200-9618&alias=tamsa2.snu.ac.kr&noUDP&sock=schedd_3625_06e6>
...
040 (391162.003.000) 2024-01-19 17:42:26 Started transferring input files
	Transferring to host: <172.30.1.211:9618?addrs=172.30.1.211-9618&alias=node11&noUDP&sock=slot1_33_3735_6531_177670>
...
001 (391162.003.000) 2024-01-19 17:42:27 Job executing on host: <172.30.1.211:9618?addrs=172.30.1.211-9618&alias=node11&noUDP&sock=startd_3699_c8e9>
...
040 (391162.003.000) 2024-01-19 17:42:27 Finished transferring input files
...
006 (391162.003.000) 2024-01-19 17:42:35 Image size of job updated: 184580
	181  -  MemoryUsage of job (MB)
	184580  -  ResidentSetSize of job (KB)
...
006 (391162.003.000) 2024-01-19 17:44:12 Image size of job updated: 845436
	181  -  MemoryUsage of job (MB)
	184580  -  ResidentSetSize of job (KB)
...
040 (391162.003.000) 2024-01-19 17:44:12 Started transferring output files
...
040 (391162.003.000) 2024-01-19 17:44:15 Finished transferring output files
...
005 (391162.003.000) 2024-01-19 17:44:15 Job terminated.
	(1) Normal termination (return value 0)
		Usr 0 00:01:13, Sys 0 00:00:08  -  Run Remote Usage
		Usr 0 00:00:00, Sys 0 00:00:00  -  Run Local Usage
		Usr 0 00:01:13, Sys 0 00:00:08  -  Total Remote Usage
		Usr 0 00:00:00, Sys 0 00:00:00  -  Total Local Usage
	7464999  -  Run Bytes Sent By Job
	187104  -  Run Bytes Received By Job
	7464999  -  Total Bytes Sent By Job
	187104  -  Total Bytes Received By Job
	Partitionable Resources :    Usage  Request Allocated 
	   Cpus                 :                 1         1 
	   Disk (KB)            :     7540      200    128928 
	   Memory (MB)          :      181     3900      3968 

	Job terminated of its own accord at 2024-01-19T08:44:12Z.
...
000 (391163.003.000) 2024-01-19 17:55:42 Job submitted from host: <172.30.1.200:9618?addrs=172.30.1.200-9618&alias=tamsa2.snu.ac.kr&noUDP&sock=schedd_3625_06e6>
...
040 (391163.003.000) 2024-01-19 17:55:55 Started transferring input files
	Transferring to host: <172.30.1.208:9618?addrs=172.30.1.208-9618&alias=node8&noUDP&sock=slot1_45_3811_f1b4_191401>
...
001 (391163.003.000) 2024-01-19 17:55:55 Job executing on host: <172.30.1.208:9618?addrs=172.30.1.208-9618&alias=node8&noUDP&sock=startd_3777_494c>
...
040 (391163.003.000) 2024-01-19 17:55:55 Finished transferring input files
...
006 (391163.003.000) 2024-01-19 17:56:03 Image size of job updated: 758056
	171  -  MemoryUsage of job (MB)
	174672  -  ResidentSetSize of job (KB)
...
006 (391163.003.000) 2024-01-19 18:00:30 Image size of job updated: 872296
	171  -  MemoryUsage of job (MB)
	174672  -  ResidentSetSize of job (KB)
...
040 (391163.003.000) 2024-01-19 18:00:30 Started transferring output files
...
040 (391163.003.000) 2024-01-19 18:00:32 Finished transferring output files
...
005 (391163.003.000) 2024-01-19 18:00:32 Job terminated.
	(1) Normal termination (return value 0)
		Usr 0 00:03:51, Sys 0 00:00:11  -  Run Remote Usage
		Usr 0 00:00:00, Sys 0 00:00:00  -  Run Local Usage
		Usr 0 00:03:51, Sys 0 00:00:11  -  Total Remote Usage
		Usr 0 00:00:00, Sys 0 00:00:00  -  Total Local Usage
	33961608  -  Run Bytes Sent By Job
	186100  -  Run Bytes Received By Job
	33961608  -  Total Bytes Sent By Job
	186100  -  Total Bytes Received By Job
	Partitionable Resources :    Usage  Request Allocated 
	   Cpus                 :                 1         1 
	   Disk (KB)            :    33415      200    128928 
	   Memory (MB)          :      171     3900      3968 

	Job terminated of its own accord at 2024-01-19T09:00:30Z.
...
000 (391164.003.000) 2024-01-19 18:03:22 Job submitted from host: <172.30.1.200:9618?addrs=172.30.1.200-9618&alias=tamsa2.snu.ac.kr&noUDP&sock=schedd_3625_06e6>
...
040 (391164.003.000) 2024-01-19 18:03:36 Started transferring input files
	Transferring to host: <172.30.1.209:9618?addrs=172.30.1.209-9618&alias=node9&noUDP&sock=slot1_10_3782_82d3_179520>
...
040 (391164.003.000) 2024-01-19 18:03:37 Finished transferring input files
...
001 (391164.003.000) 2024-01-19 18:03:37 Job executing on host: <172.30.1.209:9618?addrs=172.30.1.209-9618&alias=node9&noUDP&sock=startd_3748_650d>
...
006 (391164.003.000) 2024-01-19 18:03:45 Image size of job updated: 77020
	76  -  MemoryUsage of job (MB)
	77020  -  ResidentSetSize of job (KB)
...
006 (391164.003.000) 2024-01-19 18:08:45 Image size of job updated: 875932
	196  -  MemoryUsage of job (MB)
	200424  -  ResidentSetSize of job (KB)
...
040 (391164.003.000) 2024-01-19 18:09:12 Started transferring output files
...
040 (391164.003.000) 2024-01-19 18:09:14 Finished transferring output files
...
005 (391164.003.000) 2024-01-19 18:09:14 Job terminated.
	(1) Normal termination (return value 0)
		Usr 0 00:04:36, Sys 0 00:00:16  -  Run Remote Usage
		Usr 0 00:00:00, Sys 0 00:00:00  -  Run Local Usage
		Usr 0 00:04:36, Sys 0 00:00:16  -  Total Remote Usage
		Usr 0 00:00:00, Sys 0 00:00:00  -  Total Local Usage
	92488456  -  Run Bytes Sent By Job
	186386  -  Run Bytes Received By Job
	92488456  -  Total Bytes Sent By Job
	186386  -  Total Bytes Received By Job
	Partitionable Resources :    Usage  Request Allocated 
	   Cpus                 :     0.38        1         1 
	   Disk (KB)            : 90576         200    128928 
	   Memory (MB)          :   196        3900      3968 

	Job terminated of its own accord at 2024-01-19T09:09:12Z.
...
000 (391165.003.000) 2024-01-19 22:41:31 Job submitted from host: <172.30.1.200:9618?addrs=172.30.1.200-9618&alias=tamsa2.snu.ac.kr&noUDP&sock=schedd_3625_06e6>
...
040 (391165.003.000) 2024-01-19 22:41:33 Started transferring input files
	Transferring to host: <172.30.1.211:9618?addrs=172.30.1.211-9618&alias=node11&noUDP&sock=slot1_37_3735_6531_177724>
...
001 (391165.003.000) 2024-01-19 22:41:33 Job executing on host: <172.30.1.211:9618?addrs=172.30.1.211-9618&alias=node11&noUDP&sock=startd_3699_c8e9>
...
040 (391165.003.000) 2024-01-19 22:41:33 Finished transferring input files
...
006 (391165.003.000) 2024-01-19 22:41:41 Image size of job updated: 139088
	67  -  MemoryUsage of job (MB)
	67992  -  ResidentSetSize of job (KB)
...
006 (391165.003.000) 2024-01-19 22:43:10 Image size of job updated: 846576
	67  -  MemoryUsage of job (MB)
	67992  -  ResidentSetSize of job (KB)
...
040 (391165.003.000) 2024-01-19 22:43:10 Started transferring output files
...
040 (391165.003.000) 2024-01-19 22:43:14 Finished transferring output files
...
005 (391165.003.000) 2024-01-19 22:43:14 Job terminated.
	(1) Normal termination (return value 0)
		Usr 0 00:01:11, Sys 0 00:00:07  -  Run Remote Usage
		Usr 0 00:00:00, Sys 0 00:00:00  -  Run Local Usage
		Usr 0 00:01:11, Sys 0 00:00:07  -  Total Remote Usage
		Usr 0 00:00:00, Sys 0 00:00:00  -  Total Local Usage
	7473711  -  Run Bytes Sent By Job
	185908  -  Run Bytes Received By Job
	7473711  -  Total Bytes Sent By Job
	185908  -  Total Bytes Received By Job
	Partitionable Resources :    Usage  Request Allocated 
	   Cpus                 :                 1         1 
	   Disk (KB)            :     7548      200    128928 
	   Memory (MB)          :       67     3900      3968 

	Job terminated of its own accord at 2024-01-19T13:43:10Z.
...
000 (391166.003.000) 2024-01-19 22:44:51 Job submitted from host: <172.30.1.200:9618?addrs=172.30.1.200-9618&alias=tamsa2.snu.ac.kr&noUDP&sock=schedd_3625_06e6>
...
040 (391166.003.000) 2024-01-19 22:44:57 Started transferring input files
	Transferring to host: <172.30.1.211:9618?addrs=172.30.1.211-9618&alias=node11&noUDP&sock=slot1_37_3735_6531_177730>
...
040 (391166.003.000) 2024-01-19 22:44:57 Finished transferring input files
...
001 (391166.003.000) 2024-01-19 22:44:57 Job executing on host: <172.30.1.211:9618?addrs=172.30.1.211-9618&alias=node11&noUDP&sock=startd_3699_c8e9>
...
006 (391166.003.000) 2024-01-19 22:45:06 Image size of job updated: 615196
	184  -  MemoryUsage of job (MB)
	187812  -  ResidentSetSize of job (KB)
...
006 (391166.003.000) 2024-01-19 22:50:07 Image size of job updated: 873636
	209  -  MemoryUsage of job (MB)
	213044  -  ResidentSetSize of job (KB)
...
040 (391166.003.000) 2024-01-19 22:50:19 Started transferring output files
...
040 (391166.003.000) 2024-01-19 22:50:20 Finished transferring output files
...
005 (391166.003.000) 2024-01-19 22:50:20 Job terminated.
	(1) Normal termination (return value 0)
		Usr 0 00:04:56, Sys 0 00:00:19  -  Run Remote Usage
		Usr 0 00:00:00, Sys 0 00:00:00  -  Run Local Usage
		Usr 0 00:04:56, Sys 0 00:00:19  -  Total Remote Usage
		Usr 0 00:00:00, Sys 0 00:00:00  -  Total Local Usage
	32127806  -  Run Bytes Sent By Job
	185911  -  Run Bytes Received By Job
	32127806  -  Total Bytes Sent By Job
	185911  -  Total Bytes Received By Job
	Partitionable Resources :    Usage  Request Allocated 
	   Cpus                 :     1.00        1         1 
	   Disk (KB)            : 31630         200    128928 
	   Memory (MB)          :   209        3900      3968 

	Job terminated of its own accord at 2024-01-19T13:50:19Z.
...
000 (391167.003.000) 2024-01-19 22:57:44 Job submitted from host: <172.30.1.200:9618?addrs=172.30.1.200-9618&alias=tamsa2.snu.ac.kr&noUDP&sock=schedd_3625_06e6>
...
040 (391167.003.000) 2024-01-19 22:57:45 Started transferring input files
	Transferring to host: <172.30.1.211:9618?addrs=172.30.1.211-9618&alias=node11&noUDP&sock=slot1_39_3735_6531_177738>
...
001 (391167.003.000) 2024-01-19 22:57:45 Job executing on host: <172.30.1.211:9618?addrs=172.30.1.211-9618&alias=node11&noUDP&sock=startd_3699_c8e9>
...
040 (391167.003.000) 2024-01-19 22:57:45 Finished transferring input files
...
006 (391167.003.000) 2024-01-19 22:57:54 Image size of job updated: 567212
	183  -  MemoryUsage of job (MB)
	186740  -  ResidentSetSize of job (KB)
...
006 (391167.003.000) 2024-01-19 23:02:54 Image size of job updated: 873104
	212  -  MemoryUsage of job (MB)
	216228  -  ResidentSetSize of job (KB)
...
006 (391167.003.000) 2024-01-19 23:03:02 Image size of job updated: 873104
	212  -  MemoryUsage of job (MB)
	216232  -  ResidentSetSize of job (KB)
...
040 (391167.003.000) 2024-01-19 23:03:02 Started transferring output files
...
040 (391167.003.000) 2024-01-19 23:03:03 Finished transferring output files
...
005 (391167.003.000) 2024-01-19 23:03:03 Job terminated.
	(1) Normal termination (return value 0)
		Usr 0 00:04:47, Sys 0 00:00:19  -  Run Remote Usage
		Usr 0 00:00:00, Sys 0 00:00:00  -  Run Local Usage
		Usr 0 00:04:47, Sys 0 00:00:19  -  Total Remote Usage
		Usr 0 00:00:00, Sys 0 00:00:00  -  Total Local Usage
	32086124  -  Run Bytes Sent By Job
	185911  -  Run Bytes Received By Job
	32086124  -  Total Bytes Sent By Job
	185911  -  Total Bytes Received By Job
	Partitionable Resources :    Usage  Request Allocated 
	   Cpus                 :     0.72        1         1 
	   Disk (KB)            : 31589         200    128928 
	   Memory (MB)          :   212        3900      3968 

	Job terminated of its own accord at 2024-01-19T14:03:02Z.
...
000 (391343.003.000) 2024-01-22 10:59:17 Job submitted from host: <172.30.1.200:9618?addrs=172.30.1.200-9618&alias=tamsa2.snu.ac.kr&noUDP&sock=schedd_3625_06e6>
...
040 (391343.003.000) 2024-01-22 10:59:21 Started transferring input files
	Transferring to host: <172.30.1.216:9618?addrs=172.30.1.216-9618&alias=node16&noUDP&sock=slot1_12_4290_7168_332781>
...
040 (391343.003.000) 2024-01-22 10:59:21 Finished transferring input files
...
001 (391343.003.000) 2024-01-22 10:59:21 Job executing on host: <172.30.1.216:9618?addrs=172.30.1.216-9618&alias=node16&noUDP&sock=startd_4255_2791>
...
006 (391343.003.000) 2024-01-22 10:59:30 Image size of job updated: 1288
	1  -  MemoryUsage of job (MB)
	84  -  ResidentSetSize of job (KB)
...
006 (391343.003.000) 2024-01-22 11:04:31 Image size of job updated: 949924
	306  -  MemoryUsage of job (MB)
	312356  -  ResidentSetSize of job (KB)
...
006 (391343.003.000) 2024-01-22 11:09:32 Image size of job updated: 965512
	306  -  MemoryUsage of job (MB)
	312356  -  ResidentSetSize of job (KB)
...
040 (391343.003.000) 2024-01-22 11:18:32 Started transferring output files
...
040 (391343.003.000) 2024-01-22 11:18:35 Finished transferring output files
...
005 (391343.003.000) 2024-01-22 11:18:35 Job terminated.
	(1) Normal termination (return value 0)
		Usr 0 00:17:16, Sys 0 00:00:55  -  Run Remote Usage
		Usr 0 00:00:00, Sys 0 00:00:00  -  Run Local Usage
		Usr 0 00:17:16, Sys 0 00:00:55  -  Total Remote Usage
		Usr 0 00:00:00, Sys 0 00:00:00  -  Total Local Usage
	30670856  -  Run Bytes Sent By Job
	185924  -  Run Bytes Received By Job
	30670856  -  Total Bytes Sent By Job
	185924  -  Total Bytes Received By Job
	Partitionable Resources :    Usage  Request Allocated 
	   Cpus                 :     0.95        1         1 
	   Disk (KB)            : 30207         200    261111 
	   Memory (MB)          :   306        3900      3968 

	Job terminated of its own accord at 2024-01-22T02:18:32Z.
...
000 (391348.003.000) 2024-01-22 12:29:14 Job submitted from host: <172.30.1.200:9618?addrs=172.30.1.200-9618&alias=tamsa2.snu.ac.kr&noUDP&sock=schedd_3625_06e6>
...
040 (391348.003.000) 2024-01-22 12:29:16 Started transferring input files
	Transferring to host: <172.30.1.216:9618?addrs=172.30.1.216-9618&alias=node16&noUDP&sock=slot1_4_4290_7168_332817>
...
040 (391348.003.000) 2024-01-22 12:29:16 Finished transferring input files
...
001 (391348.003.000) 2024-01-22 12:29:16 Job executing on host: <172.30.1.216:9618?addrs=172.30.1.216-9618&alias=node16&noUDP&sock=startd_4255_2791>
...
006 (391348.003.000) 2024-01-22 12:29:25 Image size of job updated: 139344
	5  -  MemoryUsage of job (MB)
	4956  -  ResidentSetSize of job (KB)
...
006 (391348.003.000) 2024-01-22 12:34:26 Image size of job updated: 949804
	197  -  MemoryUsage of job (MB)
	201228  -  ResidentSetSize of job (KB)
...
006 (391348.003.000) 2024-01-22 12:39:27 Image size of job updated: 965756
	215  -  MemoryUsage of job (MB)
	220148  -  ResidentSetSize of job (KB)
...
006 (391348.003.000) 2024-01-22 12:44:27 Image size of job updated: 965756
	228  -  MemoryUsage of job (MB)
	232924  -  ResidentSetSize of job (KB)
...
040 (391348.003.000) 2024-01-22 12:47:58 Started transferring output files
...
040 (391348.003.000) 2024-01-22 12:47:58 Finished transferring output files
...
005 (391348.003.000) 2024-01-22 12:47:58 Job terminated.
	(1) Normal termination (return value 0)
		Usr 0 00:17:09, Sys 0 00:00:56  -  Run Remote Usage
		Usr 0 00:00:00, Sys 0 00:00:00  -  Run Local Usage
		Usr 0 00:17:09, Sys 0 00:00:56  -  Total Remote Usage
		Usr 0 00:00:00, Sys 0 00:00:00  -  Total Local Usage
	30644400  -  Run Bytes Sent By Job
	186484  -  Run Bytes Received By Job
	30644400  -  Total Bytes Sent By Job
	186484  -  Total Bytes Received By Job
	Partitionable Resources :    Usage  Request Allocated 
	   Cpus                 :     1.01        1         1 
	   Disk (KB)            : 30182         200    261111 
	   Memory (MB)          :   228        3900      3968 

	Job terminated of its own accord at 2024-01-22T03:47:58Z.
...
000 (391350.003.000) 2024-01-22 13:01:44 Job submitted from host: <172.30.1.200:9618?addrs=172.30.1.200-9618&alias=tamsa2.snu.ac.kr&noUDP&sock=schedd_3625_06e6>
...
040 (391350.003.000) 2024-01-22 13:01:59 Started transferring input files
	Transferring to host: <172.30.1.216:9618?addrs=172.30.1.216-9618&alias=node16&noUDP&sock=slot1_4_4290_7168_332857>
...
040 (391350.003.000) 2024-01-22 13:01:59 Finished transferring input files
...
001 (391350.003.000) 2024-01-22 13:01:59 Job executing on host: <172.30.1.216:9618?addrs=172.30.1.216-9618&alias=node16&noUDP&sock=startd_4255_2791>
...
006 (391350.003.000) 2024-01-22 13:02:07 Image size of job updated: 139344
	11  -  MemoryUsage of job (MB)
	10764  -  ResidentSetSize of job (KB)
...
006 (391350.003.000) 2024-01-22 13:07:07 Image size of job updated: 958840
	216  -  MemoryUsage of job (MB)
	220532  -  ResidentSetSize of job (KB)
...
006 (391350.003.000) 2024-01-22 13:12:07 Image size of job updated: 958840
	265  -  MemoryUsage of job (MB)
	271104  -  ResidentSetSize of job (KB)
...
006 (391350.003.000) 2024-01-22 13:17:08 Image size of job updated: 958840
	282  -  MemoryUsage of job (MB)
	288024  -  ResidentSetSize of job (KB)
...
006 (391350.003.000) 2024-01-22 13:19:37 Image size of job updated: 964916
	282  -  MemoryUsage of job (MB)
	288028  -  ResidentSetSize of job (KB)
...
040 (391350.003.000) 2024-01-22 13:19:37 Started transferring output files
...
040 (391350.003.000) 2024-01-22 13:19:38 Finished transferring output files
...
005 (391350.003.000) 2024-01-22 13:19:38 Job terminated.
	(1) Normal termination (return value 0)
		Usr 0 00:16:09, Sys 0 00:00:52  -  Run Remote Usage
		Usr 0 00:00:00, Sys 0 00:00:00  -  Run Local Usage
		Usr 0 00:16:09, Sys 0 00:00:52  -  Total Remote Usage
		Usr 0 00:00:00, Sys 0 00:00:00  -  Total Local Usage
	30503240  -  Run Bytes Sent By Job
	186577  -  Run Bytes Received By Job
	30503240  -  Total Bytes Sent By Job
	186577  -  Total Bytes Received By Job
	Partitionable Resources :    Usage  Request Allocated 
	   Cpus                 :     1.00        1         1 
	   Disk (KB)            : 30044         200    261111 
	   Memory (MB)          :   282        3900      3968 

	Job terminated of its own accord at 2024-01-22T04:19:37Z.
...
000 (391361.003.000) 2024-01-22 13:44:17 Job submitted from host: <172.30.1.200:9618?addrs=172.30.1.200-9618&alias=tamsa2.snu.ac.kr&noUDP&sock=schedd_3625_06e6>
...
040 (391361.003.000) 2024-01-22 13:44:26 Started transferring input files
	Transferring to host: <172.30.1.216:9618?addrs=172.30.1.216-9618&alias=node16&noUDP&sock=slot1_22_4290_7168_332987>
...
040 (391361.003.000) 2024-01-22 13:44:26 Finished transferring input files
...
001 (391361.003.000) 2024-01-22 13:44:26 Job executing on host: <172.30.1.216:9618?addrs=172.30.1.216-9618&alias=node16&noUDP&sock=startd_4255_2791>
...
006 (391361.003.000) 2024-01-22 13:44:35 Image size of job updated: 567204
	104  -  MemoryUsage of job (MB)
	106496  -  ResidentSetSize of job (KB)
...
006 (391361.003.000) 2024-01-22 13:48:02 Image size of job updated: 868396
	105  -  MemoryUsage of job (MB)
	106644  -  ResidentSetSize of job (KB)
...
040 (391361.003.000) 2024-01-22 13:48:02 Started transferring output files
...
040 (391361.003.000) 2024-01-22 13:48:03 Finished transferring output files
...
005 (391361.003.000) 2024-01-22 13:48:03 Job terminated.
	(1) Normal termination (return value 0)
		Usr 0 00:03:06, Sys 0 00:00:13  -  Run Remote Usage
		Usr 0 00:00:00, Sys 0 00:00:00  -  Run Local Usage
		Usr 0 00:03:06, Sys 0 00:00:13  -  Total Remote Usage
		Usr 0 00:00:00, Sys 0 00:00:00  -  Total Local Usage
	40871360  -  Run Bytes Sent By Job
	191813  -  Run Bytes Received By Job
	40871360  -  Total Bytes Sent By Job
	191813  -  Total Bytes Received By Job
	Partitionable Resources :    Usage  Request Allocated 
	   Cpus                 :     0.78        1         1 
	   Disk (KB)            : 40176         200    261111 
	   Memory (MB)          :   105        3900      3968 

	Job terminated of its own accord at 2024-01-22T04:48:02Z.
...
000 (391362.003.000) 2024-01-22 13:50:58 Job submitted from host: <172.30.1.200:9618?addrs=172.30.1.200-9618&alias=tamsa2.snu.ac.kr&noUDP&sock=schedd_3625_06e6>
...
040 (391362.003.000) 2024-01-22 13:51:01 Started transferring input files
	Transferring to host: <172.30.1.216:9618?addrs=172.30.1.216-9618&alias=node16&noUDP&sock=slot1_12_4290_7168_333035>
...
040 (391362.003.000) 2024-01-22 13:51:01 Finished transferring input files
...
001 (391362.003.000) 2024-01-22 13:51:01 Job executing on host: <172.30.1.216:9618?addrs=172.30.1.216-9618&alias=node16&noUDP&sock=startd_4255_2791>
...
006 (391362.003.000) 2024-01-22 13:51:10 Image size of job updated: 139604
	10  -  MemoryUsage of job (MB)
	10112  -  ResidentSetSize of job (KB)
...
006 (391362.003.000) 2024-01-22 13:56:11 Image size of job updated: 965536
	195  -  MemoryUsage of job (MB)
	199220  -  ResidentSetSize of job (KB)
...
006 (391362.003.000) 2024-01-22 14:06:12 Image size of job updated: 965536
	301  -  MemoryUsage of job (MB)
	307968  -  ResidentSetSize of job (KB)
...
006 (391362.003.000) 2024-01-22 14:11:12 Image size of job updated: 965804
	301  -  MemoryUsage of job (MB)
	307968  -  ResidentSetSize of job (KB)
...
006 (391362.003.000) 2024-01-22 14:11:29 Image size of job updated: 965932
	301  -  MemoryUsage of job (MB)
	307968  -  ResidentSetSize of job (KB)
...
040 (391362.003.000) 2024-01-22 14:11:29 Started transferring output files
...
040 (391362.003.000) 2024-01-22 14:11:31 Finished transferring output files
...
005 (391362.003.000) 2024-01-22 14:11:31 Job terminated.
	(1) Normal termination (return value 0)
		Usr 0 00:17:56, Sys 0 00:01:08  -  Run Remote Usage
		Usr 0 00:00:00, Sys 0 00:00:00  -  Run Local Usage
		Usr 0 00:17:56, Sys 0 00:01:08  -  Total Remote Usage
		Usr 0 00:00:00, Sys 0 00:00:00  -  Total Local Usage
	30520098  -  Run Bytes Sent By Job
	191814  -  Run Bytes Received By Job
	30520098  -  Total Bytes Sent By Job
	191814  -  Total Bytes Received By Job
	Partitionable Resources :    Usage  Request Allocated 
	   Cpus                 :     0.99        1         1 
	   Disk (KB)            : 30068         200    261111 
	   Memory (MB)          :   301        3900      3968 

	Job terminated of its own accord at 2024-01-22T05:11:29Z.
...
000 (391496.003.000) 2024-01-22 14:58:10 Job submitted from host: <172.30.1.200:9618?addrs=172.30.1.200-9618&alias=tamsa2.snu.ac.kr&noUDP&sock=schedd_3625_06e6>
...
040 (391496.003.000) 2024-01-22 14:58:15 Started transferring input files
	Transferring to host: <172.30.1.216:9618?addrs=172.30.1.216-9618&alias=node16&noUDP&sock=slot1_14_4290_7168_333194>
...
040 (391496.003.000) 2024-01-22 14:58:15 Finished transferring input files
...
001 (391496.003.000) 2024-01-22 14:58:15 Job executing on host: <172.30.1.216:9618?addrs=172.30.1.216-9618&alias=node16&noUDP&sock=startd_4255_2791>
...
006 (391496.003.000) 2024-01-22 14:58:25 Image size of job updated: 152896
	11  -  MemoryUsage of job (MB)
	10772  -  ResidentSetSize of job (KB)
...
006 (391496.003.000) 2024-01-22 15:03:25 Image size of job updated: 949512
	291  -  MemoryUsage of job (MB)
	296996  -  ResidentSetSize of job (KB)
...
006 (391496.003.000) 2024-01-22 15:13:26 Image size of job updated: 966000
	291  -  MemoryUsage of job (MB)
	296996  -  ResidentSetSize of job (KB)
...
006 (391496.003.000) 2024-01-22 15:18:27 Image size of job updated: 966860
	291  -  MemoryUsage of job (MB)
	296996  -  ResidentSetSize of job (KB)
...
040 (391496.003.000) 2024-01-22 15:20:35 Started transferring output files
...
040 (391496.003.000) 2024-01-22 15:20:36 Finished transferring output files
...
005 (391496.003.000) 2024-01-22 15:20:36 Job terminated.
	(1) Normal termination (return value 0)
		Usr 0 00:20:13, Sys 0 00:01:16  -  Run Remote Usage
		Usr 0 00:00:00, Sys 0 00:00:00  -  Run Local Usage
		Usr 0 00:20:13, Sys 0 00:01:16  -  Total Remote Usage
		Usr 0 00:00:00, Sys 0 00:00:00  -  Total Local Usage
	30506904  -  Run Bytes Sent By Job
	191814  -  Run Bytes Received By Job
	30506904  -  Total Bytes Sent By Job
	191814  -  Total Bytes Received By Job
	Partitionable Resources :    Usage  Request Allocated 
	   Cpus                 :     0.99        1         1 
	   Disk (KB)            : 30055         200    261111 
	   Memory (MB)          :   291        3900      3968 

	Job terminated of its own accord at 2024-01-22T06:20:35Z.
...
000 (391511.003.000) 2024-01-22 15:59:40 Job submitted from host: <172.30.1.200:9618?addrs=172.30.1.200-9618&alias=tamsa2.snu.ac.kr&noUDP&sock=schedd_3625_06e6>
...
040 (391511.003.000) 2024-01-22 15:59:49 Started transferring input files
	Transferring to host: <172.30.1.212:9618?addrs=172.30.1.212-9618&alias=node12&noUDP&sock=slot1_8_4492_c530_313732>
...
040 (391511.003.000) 2024-01-22 15:59:49 Finished transferring input files
...
001 (391511.003.000) 2024-01-22 15:59:49 Job executing on host: <172.30.1.212:9618?addrs=172.30.1.212-9618&alias=node12&noUDP&sock=startd_4455_5682>
...
006 (391511.003.000) 2024-01-22 15:59:58 Image size of job updated: 50132
	5  -  MemoryUsage of job (MB)
	4956  -  ResidentSetSize of job (KB)
...
006 (391511.003.000) 2024-01-22 16:04:58 Image size of job updated: 966360
	283  -  MemoryUsage of job (MB)
	288948  -  ResidentSetSize of job (KB)
...
006 (391511.003.000) 2024-01-22 16:19:59 Image size of job updated: 967092
	283  -  MemoryUsage of job (MB)
	288948  -  ResidentSetSize of job (KB)
...
040 (391511.003.000) 2024-01-22 16:20:50 Started transferring output files
...
040 (391511.003.000) 2024-01-22 16:20:50 Finished transferring output files
...
005 (391511.003.000) 2024-01-22 16:20:50 Job terminated.
	(1) Normal termination (return value 0)
		Usr 0 00:18:49, Sys 0 00:01:41  -  Run Remote Usage
		Usr 0 00:00:00, Sys 0 00:00:00  -  Run Local Usage
		Usr 0 00:18:49, Sys 0 00:01:41  -  Total Remote Usage
		Usr 0 00:00:00, Sys 0 00:00:00  -  Total Local Usage
	30445104  -  Run Bytes Sent By Job
	191824  -  Run Bytes Received By Job
	30445104  -  Total Bytes Sent By Job
	191824  -  Total Bytes Received By Job
	Partitionable Resources :    Usage  Request Allocated 
	   Cpus                 :     1.00        1         1 
	   Disk (KB)            : 29994         200    261111 
	   Memory (MB)          :   283        3900      3968 

	Job terminated of its own accord at 2024-01-22T07:20:49Z.
...
000 (391574.003.000) 2024-01-22 23:14:59 Job submitted from host: <172.30.1.200:9618?addrs=172.30.1.200-9618&alias=tamsa2.snu.ac.kr&noUDP&sock=schedd_3625_06e6>
...
040 (391574.003.000) 2024-01-22 23:15:03 Started transferring input files
	Transferring to host: <172.30.1.216:9618?addrs=172.30.1.216-9618&alias=node16&noUDP&sock=slot1_12_4290_7168_334229>
...
040 (391574.003.000) 2024-01-22 23:15:03 Finished transferring input files
...
001 (391574.003.000) 2024-01-22 23:15:03 Job executing on host: <172.30.1.216:9618?addrs=172.30.1.216-9618&alias=node16&noUDP&sock=startd_4255_2791>
...
006 (391574.003.000) 2024-01-22 23:15:12 Image size of job updated: 139344
	5  -  MemoryUsage of job (MB)
	4956  -  ResidentSetSize of job (KB)
...
006 (391574.003.000) 2024-01-22 23:20:13 Image size of job updated: 960016
	244  -  MemoryUsage of job (MB)
	249792  -  ResidentSetSize of job (KB)
...
006 (391574.003.000) 2024-01-22 23:25:14 Image size of job updated: 966016
	244  -  MemoryUsage of job (MB)
	249792  -  ResidentSetSize of job (KB)
...
006 (391574.003.000) 2024-01-22 23:30:14 Image size of job updated: 967264
	245  -  MemoryUsage of job (MB)
	250192  -  ResidentSetSize of job (KB)
...
040 (391574.003.000) 2024-01-22 23:33:50 Started transferring output files
...
040 (391574.003.000) 2024-01-22 23:33:50 Finished transferring output files
...
005 (391574.003.000) 2024-01-22 23:33:50 Job terminated.
	(1) Normal termination (return value 0)
		Usr 0 00:16:57, Sys 0 00:01:02  -  Run Remote Usage
		Usr 0 00:00:00, Sys 0 00:00:00  -  Run Local Usage
		Usr 0 00:16:57, Sys 0 00:01:02  -  Total Remote Usage
		Usr 0 00:00:00, Sys 0 00:00:00  -  Total Local Usage
	30418234  -  Run Bytes Sent By Job
	191685  -  Run Bytes Received By Job
	30418234  -  Total Bytes Sent By Job
	191685  -  Total Bytes Received By Job
	Partitionable Resources :    Usage  Request Allocated 
	   Cpus                 :     1.00        1         1 
	   Disk (KB)            : 29968         200    261111 
	   Memory (MB)          :   245        3900      3968 

	Job terminated of its own accord at 2024-01-22T14:33:50Z.
...
000 (391577.003.000) 2024-01-22 23:35:26 Job submitted from host: <172.30.1.200:9618?addrs=172.30.1.200-9618&alias=tamsa2.snu.ac.kr&noUDP&sock=schedd_3625_06e6>
...
040 (391577.003.000) 2024-01-22 23:35:32 Started transferring input files
	Transferring to host: <172.30.1.216:9618?addrs=172.30.1.216-9618&alias=node16&noUDP&sock=slot1_4_4290_7168_334281>
...
040 (391577.003.000) 2024-01-22 23:35:32 Finished transferring input files
...
001 (391577.003.000) 2024-01-22 23:35:32 Job executing on host: <172.30.1.216:9618?addrs=172.30.1.216-9618&alias=node16&noUDP&sock=startd_4255_2791>
...
006 (391577.003.000) 2024-01-22 23:35:41 Image size of job updated: 567212
	74  -  MemoryUsage of job (MB)
	75344  -  ResidentSetSize of job (KB)
...
006 (391577.003.000) 2024-01-22 23:40:41 Image size of job updated: 966364
	74  -  MemoryUsage of job (MB)
	75344  -  ResidentSetSize of job (KB)
...
006 (391577.003.000) 2024-01-22 23:45:41 Image size of job updated: 966364
	292  -  MemoryUsage of job (MB)
	298944  -  ResidentSetSize of job (KB)
...
006 (391577.003.000) 2024-01-22 23:50:42 Image size of job updated: 966364
	292  -  MemoryUsage of job (MB)
	298960  -  ResidentSetSize of job (KB)
...
006 (391577.003.000) 2024-01-22 23:55:43 Image size of job updated: 967264
	292  -  MemoryUsage of job (MB)
	298960  -  ResidentSetSize of job (KB)
...
040 (391577.003.000) 2024-01-22 23:56:27 Started transferring output files
...
040 (391577.003.000) 2024-01-22 23:56:28 Finished transferring output files
...
005 (391577.003.000) 2024-01-22 23:56:28 Job terminated.
	(1) Normal termination (return value 0)
		Usr 0 00:19:28, Sys 0 00:01:11  -  Run Remote Usage
		Usr 0 00:00:00, Sys 0 00:00:00  -  Run Local Usage
		Usr 0 00:19:28, Sys 0 00:01:11  -  Total Remote Usage
		Usr 0 00:00:00, Sys 0 00:00:00  -  Total Local Usage
	30418384  -  Run Bytes Sent By Job
	191687  -  Run Bytes Received By Job
	30418384  -  Total Bytes Sent By Job
	191687  -  Total Bytes Received By Job
	Partitionable Resources :    Usage  Request Allocated 
	   Cpus                 :     1.00        1         1 
	   Disk (KB)            : 29968         200    261111 
	   Memory (MB)          :   292        3900      3968 

	Job terminated of its own accord at 2024-01-22T14:56:27Z.
...
000 (391582.003.000) 2024-01-23 10:33:34 Job submitted from host: <172.30.1.200:9618?addrs=172.30.1.200-9618&alias=tamsa2.snu.ac.kr&noUDP&sock=schedd_3625_06e6>
...
040 (391582.003.000) 2024-01-23 10:33:38 Started transferring input files
	Transferring to host: <172.30.1.216:9618?addrs=172.30.1.216-9618&alias=node16&noUDP&sock=slot1_12_4290_7168_337529>
...
040 (391582.003.000) 2024-01-23 10:33:38 Finished transferring input files
...
001 (391582.003.000) 2024-01-23 10:33:38 Job executing on host: <172.30.1.216:9618?addrs=172.30.1.216-9618&alias=node16&noUDP&sock=startd_4255_2791>
...
006 (391582.003.000) 2024-01-23 10:33:48 Image size of job updated: 1288
	1  -  MemoryUsage of job (MB)
	84  -  ResidentSetSize of job (KB)
...
006 (391582.003.000) 2024-01-23 10:38:48 Image size of job updated: 966792
	208  -  MemoryUsage of job (MB)
	212612  -  ResidentSetSize of job (KB)
...
006 (391582.003.000) 2024-01-23 10:48:48 Image size of job updated: 967556
	254  -  MemoryUsage of job (MB)
	259596  -  ResidentSetSize of job (KB)
...
040 (391582.003.000) 2024-01-23 10:49:32 Started transferring output files
...
040 (391582.003.000) 2024-01-23 10:49:33 Finished transferring output files
...
005 (391582.003.000) 2024-01-23 10:49:33 Job terminated.
	(1) Normal termination (return value 0)
		Usr 0 00:14:05, Sys 0 00:00:55  -  Run Remote Usage
		Usr 0 00:00:00, Sys 0 00:00:00  -  Run Local Usage
		Usr 0 00:14:05, Sys 0 00:00:55  -  Total Remote Usage
		Usr 0 00:00:00, Sys 0 00:00:00  -  Total Local Usage
	30426272  -  Run Bytes Sent By Job
	191687  -  Run Bytes Received By Job
	30426272  -  Total Bytes Sent By Job
	191687  -  Total Bytes Received By Job
	Partitionable Resources :    Usage  Request Allocated 
	   Cpus                 :     1.00        1         1 
	   Disk (KB)            : 29976         200    261111 
	   Memory (MB)          :   254        3900      3968 

	Job terminated of its own accord at 2024-01-23T01:49:32Z.
...
