000 (390874.019.000) 2024-01-18 20:28:10 Job submitted from host: <172.30.1.200:9618?addrs=172.30.1.200-9618&alias=tamsa2.snu.ac.kr&noUDP&sock=schedd_3625_06e6>
...
040 (390874.019.000) 2024-01-18 20:28:25 Started transferring input files
	Transferring to host: <172.30.1.213:9618?addrs=172.30.1.213-9618&alias=node13&noUDP&sock=slot1_60_4363_e0ca_274570>
...
001 (390874.019.000) 2024-01-18 20:28:25 Job executing on host: <172.30.1.213:9618?addrs=172.30.1.213-9618&alias=node13&noUDP&sock=startd_4329_e993>
...
040 (390874.019.000) 2024-01-18 20:28:25 Finished transferring input files
...
006 (390874.019.000) 2024-01-18 20:28:34 Image size of job updated: 139344
	68  -  MemoryUsage of job (MB)
	69436  -  ResidentSetSize of job (KB)
...
006 (390874.019.000) 2024-01-18 20:30:45 Image size of job updated: 846784
	68  -  MemoryUsage of job (MB)
	69436  -  ResidentSetSize of job (KB)
...
040 (390874.019.000) 2024-01-18 20:30:45 Started transferring output files
...
040 (390874.019.000) 2024-01-18 20:30:45 Finished transferring output files
...
005 (390874.019.000) 2024-01-18 20:30:45 Job terminated.
	(1) Normal termination (return value 0)
		Usr 0 00:01:19, Sys 0 00:00:08  -  Run Remote Usage
		Usr 0 00:00:00, Sys 0 00:00:00  -  Run Local Usage
		Usr 0 00:01:19, Sys 0 00:00:08  -  Total Remote Usage
		Usr 0 00:00:00, Sys 0 00:00:00  -  Total Local Usage
	15557623  -  Run Bytes Sent By Job
	181578  -  Run Bytes Received By Job
	15557623  -  Total Bytes Sent By Job
	181578  -  Total Bytes Received By Job
	Partitionable Resources :    Usage  Request Allocated 
	   Cpus                 :                 1         1 
	   Disk (KB)            :    15437      200    261111 
	   Memory (MB)          :       68     3900      3968 

	Job terminated of its own accord at 2024-01-18T11:30:45Z.
...
000 (390875.019.000) 2024-01-18 20:45:32 Job submitted from host: <172.30.1.200:9618?addrs=172.30.1.200-9618&alias=tamsa2.snu.ac.kr&noUDP&sock=schedd_3625_06e6>
...
040 (390875.019.000) 2024-01-18 20:45:46 Started transferring input files
	Transferring to host: <172.30.1.211:9618?addrs=172.30.1.211-9618&alias=node11&noUDP&sock=slot1_27_3735_6531_176923>
...
040 (390875.019.000) 2024-01-18 20:45:46 Finished transferring input files
...
001 (390875.019.000) 2024-01-18 20:45:46 Job executing on host: <172.30.1.211:9618?addrs=172.30.1.211-9618&alias=node11&noUDP&sock=startd_3699_c8e9>
...
006 (390875.019.000) 2024-01-18 20:45:55 Image size of job updated: 139344
	5  -  MemoryUsage of job (MB)
	4956  -  ResidentSetSize of job (KB)
...
006 (390875.019.000) 2024-01-18 20:50:56 Image size of job updated: 864880
	207  -  MemoryUsage of job (MB)
	211084  -  ResidentSetSize of job (KB)
...
006 (390875.019.000) 2024-01-18 20:51:36 Image size of job updated: 869432
	207  -  MemoryUsage of job (MB)
	211084  -  ResidentSetSize of job (KB)
...
040 (390875.019.000) 2024-01-18 20:51:36 Started transferring output files
...
040 (390875.019.000) 2024-01-18 20:51:39 Finished transferring output files
...
005 (390875.019.000) 2024-01-18 20:51:39 Job terminated.
	(1) Normal termination (return value 0)
		Usr 0 00:04:02, Sys 0 00:00:17  -  Run Remote Usage
		Usr 0 00:00:00, Sys 0 00:00:00  -  Run Local Usage
		Usr 0 00:04:02, Sys 0 00:00:17  -  Total Remote Usage
		Usr 0 00:00:00, Sys 0 00:00:00  -  Total Local Usage
	132668240  -  Run Bytes Sent By Job
	182042  -  Run Bytes Received By Job
	132668240  -  Total Bytes Sent By Job
	182042  -  Total Bytes Received By Job
	Partitionable Resources :     Usage  Request Allocated 
	   Cpus                 :      0.40        1         1 
	   Disk (KB)            : 129809         200    128928 
	   Memory (MB)          :    207        3900      3968 

	Job terminated of its own accord at 2024-01-18T11:51:36Z.
...
000 (390886.019.000) 2024-01-18 21:10:43 Job submitted from host: <172.30.1.200:9618?addrs=172.30.1.200-9618&alias=tamsa2.snu.ac.kr&noUDP&sock=schedd_3625_06e6>
...
040 (390886.019.000) 2024-01-18 21:10:46 Started transferring input files
	Transferring to host: <172.30.1.211:9618?addrs=172.30.1.211-9618&alias=node11&noUDP&sock=slot1_24_3735_6531_176937>
...
001 (390886.019.000) 2024-01-18 21:10:46 Job executing on host: <172.30.1.211:9618?addrs=172.30.1.211-9618&alias=node11&noUDP&sock=startd_3699_c8e9>
...
040 (390886.019.000) 2024-01-18 21:10:46 Finished transferring input files
...
006 (390886.019.000) 2024-01-18 21:10:54 Image size of job updated: 139344
	93  -  MemoryUsage of job (MB)
	95192  -  ResidentSetSize of job (KB)
...
006 (390886.019.000) 2024-01-18 21:12:27 Image size of job updated: 846236
	94  -  MemoryUsage of job (MB)
	95280  -  ResidentSetSize of job (KB)
...
040 (390886.019.000) 2024-01-18 21:12:27 Started transferring output files
...
040 (390886.019.000) 2024-01-18 21:12:28 Finished transferring output files
...
005 (390886.019.000) 2024-01-18 21:12:28 Job terminated.
	(1) Normal termination (return value 0)
		Usr 0 00:01:08, Sys 0 00:00:07  -  Run Remote Usage
		Usr 0 00:00:00, Sys 0 00:00:00  -  Run Local Usage
		Usr 0 00:01:08, Sys 0 00:00:07  -  Total Remote Usage
		Usr 0 00:00:00, Sys 0 00:00:00  -  Total Local Usage
	7473247  -  Run Bytes Sent By Job
	181210  -  Run Bytes Received By Job
	7473247  -  Total Bytes Sent By Job
	181210  -  Total Bytes Received By Job
	Partitionable Resources :    Usage  Request Allocated 
	   Cpus                 :                 1         1 
	   Disk (KB)            :     7541      200    128928 
	   Memory (MB)          :       94     3900      3968 

	Job terminated of its own accord at 2024-01-18T12:12:27Z.
...
000 (390887.019.000) 2024-01-18 21:19:38 Job submitted from host: <172.30.1.200:9618?addrs=172.30.1.200-9618&alias=tamsa2.snu.ac.kr&noUDP&sock=schedd_3625_06e6>
...
040 (390887.019.000) 2024-01-18 21:19:40 Started transferring input files
	Transferring to host: <172.30.1.211:9618?addrs=172.30.1.211-9618&alias=node11&noUDP&sock=slot1_23_3735_6531_176954>
...
001 (390887.019.000) 2024-01-18 21:19:40 Job executing on host: <172.30.1.211:9618?addrs=172.30.1.211-9618&alias=node11&noUDP&sock=startd_3699_c8e9>
...
040 (390887.019.000) 2024-01-18 21:19:40 Finished transferring input files
...
006 (390887.019.000) 2024-01-18 21:19:49 Image size of job updated: 835112
	183  -  MemoryUsage of job (MB)
	186744  -  ResidentSetSize of job (KB)
...
006 (390887.019.000) 2024-01-18 21:23:27 Image size of job updated: 867740
	183  -  MemoryUsage of job (MB)
	186744  -  ResidentSetSize of job (KB)
...
040 (390887.019.000) 2024-01-18 21:23:27 Started transferring output files
...
040 (390887.019.000) 2024-01-18 21:23:28 Finished transferring output files
...
005 (390887.019.000) 2024-01-18 21:23:28 Job terminated.
	(1) Normal termination (return value 0)
		Usr 0 00:03:18, Sys 0 00:00:15  -  Run Remote Usage
		Usr 0 00:00:00, Sys 0 00:00:00  -  Run Local Usage
		Usr 0 00:03:18, Sys 0 00:00:15  -  Total Remote Usage
		Usr 0 00:00:00, Sys 0 00:00:00  -  Total Local Usage
	34490632  -  Run Bytes Sent By Job
	181210  -  Run Bytes Received By Job
	34490632  -  Total Bytes Sent By Job
	181210  -  Total Bytes Received By Job
	Partitionable Resources :    Usage  Request Allocated 
	   Cpus                 :     0.64        1         1 
	   Disk (KB)            : 33931         200    128928 
	   Memory (MB)          :   183        3900      3968 

	Job terminated of its own accord at 2024-01-18T12:23:27Z.
...
000 (390888.019.000) 2024-01-18 21:30:57 Job submitted from host: <172.30.1.200:9618?addrs=172.30.1.200-9618&alias=tamsa2.snu.ac.kr&noUDP&sock=schedd_3625_06e6>
...
040 (390888.019.000) 2024-01-18 21:31:02 Started transferring input files
	Transferring to host: <172.30.1.211:9618?addrs=172.30.1.211-9618&alias=node11&noUDP&sock=slot1_27_3735_6531_176976>
...
001 (390888.019.000) 2024-01-18 21:31:02 Job executing on host: <172.30.1.211:9618?addrs=172.30.1.211-9618&alias=node11&noUDP&sock=startd_3699_c8e9>
...
040 (390888.019.000) 2024-01-18 21:31:02 Finished transferring input files
...
006 (390888.019.000) 2024-01-18 21:31:10 Image size of job updated: 832508
	181  -  MemoryUsage of job (MB)
	185048  -  ResidentSetSize of job (KB)
...
006 (390888.019.000) 2024-01-18 21:34:43 Image size of job updated: 872064
	181  -  MemoryUsage of job (MB)
	185048  -  ResidentSetSize of job (KB)
...
040 (390888.019.000) 2024-01-18 21:34:43 Started transferring output files
...
040 (390888.019.000) 2024-01-18 21:34:43 Finished transferring output files
...
005 (390888.019.000) 2024-01-18 21:34:43 Job terminated.
	(1) Normal termination (return value 0)
		Usr 0 00:03:15, Sys 0 00:00:14  -  Run Remote Usage
		Usr 0 00:00:00, Sys 0 00:00:00  -  Run Local Usage
		Usr 0 00:03:15, Sys 0 00:00:14  -  Total Remote Usage
		Usr 0 00:00:00, Sys 0 00:00:00  -  Total Local Usage
	33592272  -  Run Bytes Sent By Job
	181214  -  Run Bytes Received By Job
	33592272  -  Total Bytes Sent By Job
	181214  -  Total Bytes Received By Job
	Partitionable Resources :    Usage  Request Allocated 
	   Cpus                 :                 1         1 
	   Disk (KB)            :    33048      200    128928 
	   Memory (MB)          :      181     3900      3968 

	Job terminated of its own accord at 2024-01-18T12:34:43Z.
...
000 (390894.019.000) 2024-01-18 21:35:52 Job submitted from host: <172.30.1.200:9618?addrs=172.30.1.200-9618&alias=tamsa2.snu.ac.kr&noUDP&sock=schedd_3625_06e6>
...
040 (390894.019.000) 2024-01-18 21:36:10 Started transferring input files
	Transferring to host: <172.30.1.211:9618?addrs=172.30.1.211-9618&alias=node11&noUDP&sock=slot1_28_3735_6531_176995>
...
001 (390894.019.000) 2024-01-18 21:36:10 Job executing on host: <172.30.1.211:9618?addrs=172.30.1.211-9618&alias=node11&noUDP&sock=startd_3699_c8e9>
...
040 (390894.019.000) 2024-01-18 21:36:10 Finished transferring input files
...
006 (390894.019.000) 2024-01-18 21:36:19 Image size of job updated: 186740
	183  -  MemoryUsage of job (MB)
	186736  -  ResidentSetSize of job (KB)
...
006 (390894.019.000) 2024-01-18 21:39:52 Image size of job updated: 868052
	183  -  MemoryUsage of job (MB)
	186736  -  ResidentSetSize of job (KB)
...
040 (390894.019.000) 2024-01-18 21:39:52 Started transferring output files
...
040 (390894.019.000) 2024-01-18 21:39:54 Finished transferring output files
...
005 (390894.019.000) 2024-01-18 21:39:54 Job terminated.
	(1) Normal termination (return value 0)
		Usr 0 00:03:14, Sys 0 00:00:14  -  Run Remote Usage
		Usr 0 00:00:00, Sys 0 00:00:00  -  Run Local Usage
		Usr 0 00:03:14, Sys 0 00:00:14  -  Total Remote Usage
		Usr 0 00:00:00, Sys 0 00:00:00  -  Total Local Usage
	33586472  -  Run Bytes Sent By Job
	181194  -  Run Bytes Received By Job
	33586472  -  Total Bytes Sent By Job
	181194  -  Total Bytes Received By Job
	Partitionable Resources :    Usage  Request Allocated 
	   Cpus                 :                 1         1 
	   Disk (KB)            :    33042      200    128928 
	   Memory (MB)          :      183     3900      3968 

	Job terminated of its own accord at 2024-01-18T12:39:52Z.
...
000 (390895.019.000) 2024-01-18 21:48:05 Job submitted from host: <172.30.1.200:9618?addrs=172.30.1.200-9618&alias=tamsa2.snu.ac.kr&noUDP&sock=schedd_3625_06e6>
...
040 (390895.019.000) 2024-01-18 21:48:08 Started transferring input files
	Transferring to host: <172.30.1.204:9618?addrs=172.30.1.204-9618&alias=node4&noUDP&sock=slot1_15_3725_5971_202814>
...
001 (390895.019.000) 2024-01-18 21:48:08 Job executing on host: <172.30.1.204:9618?addrs=172.30.1.204-9618&alias=node4&noUDP&sock=startd_3691_4c27>
...
040 (390895.019.000) 2024-01-18 21:48:08 Finished transferring input files
...
006 (390895.019.000) 2024-01-18 21:48:17 Image size of job updated: 152880
	68  -  MemoryUsage of job (MB)
	69428  -  ResidentSetSize of job (KB)
...
006 (390895.019.000) 2024-01-18 21:50:05 Image size of job updated: 864988
	68  -  MemoryUsage of job (MB)
	69428  -  ResidentSetSize of job (KB)
...
004 (390895.019.000) 2024-01-18 21:50:06 Job was evicted.
	(0) CPU times
		Usr 0 00:01:17, Sys 0 00:00:05  -  Run Remote Usage
		Usr 0 00:00:00, Sys 0 00:00:00  -  Run Local Usage
	0  -  Run Bytes Sent By Job
	182143  -  Run Bytes Received By Job
	Partitionable Resources :    Usage  Request Allocated 
	   Cpus                 :     0.79        1         1 
	   Disk (KB)            :  6134         200    128928 
	   Memory (MB)          :    68        3900      3968 
...
009 (390895.019.000) 2024-01-18 21:50:06 Job was aborted.
	via condor_rm (by user shin)
...
000 (390896.019.000) 2024-01-18 21:53:08 Job submitted from host: <172.30.1.200:9618?addrs=172.30.1.200-9618&alias=tamsa2.snu.ac.kr&noUDP&sock=schedd_3625_06e6>
...
040 (390896.019.000) 2024-01-18 21:54:28 Started transferring input files
	Transferring to host: <172.30.1.206:9618?addrs=172.30.1.206-9618&alias=node6&noUDP&sock=slot1_29_3722_3c50_223605>
...
001 (390896.019.000) 2024-01-18 21:54:28 Job executing on host: <172.30.1.206:9618?addrs=172.30.1.206-9618&alias=node6&noUDP&sock=startd_3686_de2d>
...
040 (390896.019.000) 2024-01-18 21:54:28 Finished transferring input files
...
006 (390896.019.000) 2024-01-18 21:54:36 Image size of job updated: 261320
	181  -  MemoryUsage of job (MB)
	185028  -  ResidentSetSize of job (KB)
...
006 (390896.019.000) 2024-01-18 21:58:25 Image size of job updated: 868496
	181  -  MemoryUsage of job (MB)
	185028  -  ResidentSetSize of job (KB)
...
040 (390896.019.000) 2024-01-18 21:58:25 Started transferring output files
...
040 (390896.019.000) 2024-01-18 21:58:25 Finished transferring output files
...
005 (390896.019.000) 2024-01-18 21:58:25 Job terminated.
	(1) Normal termination (return value 0)
		Usr 0 00:03:26, Sys 0 00:00:14  -  Run Remote Usage
		Usr 0 00:00:00, Sys 0 00:00:00  -  Run Local Usage
		Usr 0 00:03:26, Sys 0 00:00:14  -  Total Remote Usage
		Usr 0 00:00:00, Sys 0 00:00:00  -  Total Local Usage
	39469004  -  Run Bytes Sent By Job
	182135  -  Run Bytes Received By Job
	39469004  -  Total Bytes Sent By Job
	182135  -  Total Bytes Received By Job
	Partitionable Resources :    Usage  Request Allocated 
	   Cpus                 :     0.98        1         1 
	   Disk (KB)            : 38794         200     95898 
	   Memory (MB)          :   181        3900      3968 

	Job terminated of its own accord at 2024-01-18T12:58:25Z.
...
000 (390897.019.000) 2024-01-18 22:03:48 Job submitted from host: <172.30.1.200:9618?addrs=172.30.1.200-9618&alias=tamsa2.snu.ac.kr&noUDP&sock=schedd_3625_06e6>
...
040 (390897.019.000) 2024-01-18 22:05:48 Started transferring input files
	Transferring to host: <172.30.1.204:9618?addrs=172.30.1.204-9618&alias=node4&noUDP&sock=slot1_6_3725_5971_202866>
...
040 (390897.019.000) 2024-01-18 22:05:48 Finished transferring input files
...
001 (390897.019.000) 2024-01-18 22:05:48 Job executing on host: <172.30.1.204:9618?addrs=172.30.1.204-9618&alias=node4&noUDP&sock=startd_3691_4c27>
...
006 (390897.019.000) 2024-01-18 22:05:57 Image size of job updated: 768012
	182  -  MemoryUsage of job (MB)
	185692  -  ResidentSetSize of job (KB)
...
006 (390897.019.000) 2024-01-18 22:09:28 Image size of job updated: 867232
	182  -  MemoryUsage of job (MB)
	185692  -  ResidentSetSize of job (KB)
...
040 (390897.019.000) 2024-01-18 22:09:28 Started transferring output files
...
040 (390897.019.000) 2024-01-18 22:09:31 Finished transferring output files
...
005 (390897.019.000) 2024-01-18 22:09:31 Job terminated.
	(1) Normal termination (return value 0)
		Usr 0 00:03:01, Sys 0 00:00:12  -  Run Remote Usage
		Usr 0 00:00:00, Sys 0 00:00:00  -  Run Local Usage
		Usr 0 00:03:01, Sys 0 00:00:12  -  Total Remote Usage
		Usr 0 00:00:00, Sys 0 00:00:00  -  Total Local Usage
	39306704  -  Run Bytes Sent By Job
	182135  -  Run Bytes Received By Job
	39306704  -  Total Bytes Sent By Job
	182135  -  Total Bytes Received By Job
	Partitionable Resources :    Usage  Request Allocated 
	   Cpus                 :     0.92        1         1 
	   Disk (KB)            : 38635         200    128928 
	   Memory (MB)          :   182        3900      3968 

	Job terminated of its own accord at 2024-01-18T13:09:28Z.
...
000 (390986.019.000) 2024-01-18 22:24:33 Job submitted from host: <172.30.1.200:9618?addrs=172.30.1.200-9618&alias=tamsa2.snu.ac.kr&noUDP&sock=schedd_3625_06e6>
...
040 (390986.019.000) 2024-01-18 22:25:36 Started transferring input files
	Transferring to host: <172.30.1.111:9618?addrs=172.30.1.111-9618&alias=n11&noUDP&sock=slot1_25_4271_0e47_37995>
...
001 (390986.019.000) 2024-01-18 22:25:36 Job executing on host: <172.30.1.111:9618?addrs=172.30.1.111-9618&alias=n11&noUDP&sock=startd_4237_cedc>
...
040 (390986.019.000) 2024-01-18 22:25:36 Finished transferring input files
...
006 (390986.019.000) 2024-01-18 22:25:45 Image size of job updated: 598916
	182  -  MemoryUsage of job (MB)
	186012  -  ResidentSetSize of job (KB)
...
006 (390986.019.000) 2024-01-18 22:28:39 Image size of job updated: 870268
	182  -  MemoryUsage of job (MB)
	186012  -  ResidentSetSize of job (KB)
...
040 (390986.019.000) 2024-01-18 22:28:39 Started transferring output files
...
040 (390986.019.000) 2024-01-18 22:28:50 Finished transferring output files
...
005 (390986.019.000) 2024-01-18 22:28:50 Job terminated.
	(1) Normal termination (return value 0)
		Usr 0 00:02:31, Sys 0 00:00:10  -  Run Remote Usage
		Usr 0 00:00:00, Sys 0 00:00:00  -  Run Local Usage
		Usr 0 00:02:31, Sys 0 00:00:10  -  Total Remote Usage
		Usr 0 00:00:00, Sys 0 00:00:00  -  Total Local Usage
	35120492  -  Run Bytes Sent By Job
	182182  -  Run Bytes Received By Job
	35120492  -  Total Bytes Sent By Job
	182182  -  Total Bytes Received By Job
	Partitionable Resources :    Usage  Request Allocated 
	   Cpus                 :                 1         1 
	   Disk (KB)            :    34542      200    127752 
	   GPUs                 :                           0 
	   Memory (MB)          :      182     3900      3968 

	Job terminated of its own accord at 2024-01-18T13:28:39Z.
...
000 (391043.019.000) 2024-01-18 23:16:23 Job submitted from host: <172.30.1.200:9618?addrs=172.30.1.200-9618&alias=tamsa2.snu.ac.kr&noUDP&sock=schedd_3625_06e6>
...
040 (391043.019.000) 2024-01-18 23:16:29 Started transferring input files
	Transferring to host: <172.30.1.204:9618?addrs=172.30.1.204-9618&alias=node4&noUDP&sock=slot1_6_3725_5971_202933>
...
001 (391043.019.000) 2024-01-18 23:16:29 Job executing on host: <172.30.1.204:9618?addrs=172.30.1.204-9618&alias=node4&noUDP&sock=startd_3691_4c27>
...
040 (391043.019.000) 2024-01-18 23:16:29 Finished transferring input files
...
006 (391043.019.000) 2024-01-18 23:16:37 Image size of job updated: 139344
	68  -  MemoryUsage of job (MB)
	69436  -  ResidentSetSize of job (KB)
...
006 (391043.019.000) 2024-01-18 23:18:12 Image size of job updated: 839160
	68  -  MemoryUsage of job (MB)
	69436  -  ResidentSetSize of job (KB)
...
040 (391043.019.000) 2024-01-18 23:18:12 Started transferring output files
...
040 (391043.019.000) 2024-01-18 23:18:23 Finished transferring output files
...
005 (391043.019.000) 2024-01-18 23:18:23 Job terminated.
	(1) Normal termination (return value 0)
		Usr 0 00:01:04, Sys 0 00:00:07  -  Run Remote Usage
		Usr 0 00:00:00, Sys 0 00:00:00  -  Run Local Usage
		Usr 0 00:01:04, Sys 0 00:00:07  -  Total Remote Usage
		Usr 0 00:00:00, Sys 0 00:00:00  -  Total Local Usage
	7464007  -  Run Bytes Sent By Job
	182524  -  Run Bytes Received By Job
	7464007  -  Total Bytes Sent By Job
	182524  -  Total Bytes Received By Job
	Partitionable Resources :    Usage  Request Allocated 
	   Cpus                 :     0.08        1         1 
	   Disk (KB)            :  7540         200    128928 
	   Memory (MB)          :    68        3900      3968 

	Job terminated of its own accord at 2024-01-18T14:18:12Z.
...
000 (391059.019.000) 2024-01-19 10:38:28 Job submitted from host: <172.30.1.200:9618?addrs=172.30.1.200-9618&alias=tamsa2.snu.ac.kr&noUDP&sock=schedd_3625_06e6>
...
040 (391059.019.000) 2024-01-19 10:38:32 Started transferring input files
	Transferring to host: <172.30.1.213:9618?addrs=172.30.1.213-9618&alias=node13&noUDP&sock=slot1_76_4363_e0ca_274866>
...
001 (391059.019.000) 2024-01-19 10:38:32 Job executing on host: <172.30.1.213:9618?addrs=172.30.1.213-9618&alias=node13&noUDP&sock=startd_4329_e993>
...
040 (391059.019.000) 2024-01-19 10:38:32 Finished transferring input files
...
006 (391059.019.000) 2024-01-19 10:38:40 Image size of job updated: 139088
	68  -  MemoryUsage of job (MB)
	69432  -  ResidentSetSize of job (KB)
...
006 (391059.019.000) 2024-01-19 10:43:26 Image size of job updated: 869920
	68  -  MemoryUsage of job (MB)
	69432  -  ResidentSetSize of job (KB)
...
040 (391059.019.000) 2024-01-19 10:43:26 Started transferring output files
...
040 (391059.019.000) 2024-01-19 10:43:29 Finished transferring output files
...
005 (391059.019.000) 2024-01-19 10:43:29 Job terminated.
	(1) Normal termination (return value 0)
		Usr 0 00:03:23, Sys 0 00:00:15  -  Run Remote Usage
		Usr 0 00:00:00, Sys 0 00:00:00  -  Run Local Usage
		Usr 0 00:03:23, Sys 0 00:00:15  -  Total Remote Usage
		Usr 0 00:00:00, Sys 0 00:00:00  -  Total Local Usage
	33689912  -  Run Bytes Sent By Job
	182504  -  Run Bytes Received By Job
	33689912  -  Total Bytes Sent By Job
	182504  -  Total Bytes Received By Job
	Partitionable Resources :    Usage  Request Allocated 
	   Cpus                 :     0.59        1         1 
	   Disk (KB)            : 33151         200    261111 
	   Memory (MB)          :    68        3900      3968 

	Job terminated of its own accord at 2024-01-19T01:43:26Z.
...
000 (391060.019.000) 2024-01-19 10:57:46 Job submitted from host: <172.30.1.200:9618?addrs=172.30.1.200-9618&alias=tamsa2.snu.ac.kr&noUDP&sock=schedd_3625_06e6>
...
040 (391060.019.000) 2024-01-19 10:57:51 Started transferring input files
	Transferring to host: <172.30.1.214:9618?addrs=172.30.1.214-9618&alias=node14&noUDP&sock=slot1_75_4480_50af_235019>
...
040 (391060.019.000) 2024-01-19 10:57:51 Finished transferring input files
...
001 (391060.019.000) 2024-01-19 10:57:51 Job executing on host: <172.30.1.214:9618?addrs=172.30.1.214-9618&alias=node14&noUDP&sock=startd_4446_2a28>
...
006 (391060.019.000) 2024-01-19 10:57:59 Image size of job updated: 157848
	143  -  MemoryUsage of job (MB)
	146352  -  ResidentSetSize of job (KB)
...
006 (391060.019.000) 2024-01-19 11:02:54 Image size of job updated: 869864
	143  -  MemoryUsage of job (MB)
	146428  -  ResidentSetSize of job (KB)
...
040 (391060.019.000) 2024-01-19 11:02:54 Started transferring output files
...
040 (391060.019.000) 2024-01-19 11:02:56 Finished transferring output files
...
005 (391060.019.000) 2024-01-19 11:02:56 Job terminated.
	(1) Normal termination (return value 0)
		Usr 0 00:03:34, Sys 0 00:00:17  -  Run Remote Usage
		Usr 0 00:00:00, Sys 0 00:00:00  -  Run Local Usage
		Usr 0 00:03:34, Sys 0 00:00:17  -  Total Remote Usage
		Usr 0 00:00:00, Sys 0 00:00:00  -  Total Local Usage
	37138132  -  Run Bytes Sent By Job
	182520  -  Run Bytes Received By Job
	37138132  -  Total Bytes Sent By Job
	182520  -  Total Bytes Received By Job
	Partitionable Resources :    Usage  Request Allocated 
	   Cpus                 :     0.89        1         1 
	   Disk (KB)            : 36518         200    261111 
	   Memory (MB)          :   143        3900      3968 

	Job terminated of its own accord at 2024-01-19T02:02:54Z.
...
000 (391113.019.000) 2024-01-19 11:50:58 Job submitted from host: <172.30.1.200:9618?addrs=172.30.1.200-9618&alias=tamsa2.snu.ac.kr&noUDP&sock=schedd_3625_06e6>
...
040 (391113.019.000) 2024-01-19 11:51:01 Started transferring input files
	Transferring to host: <172.30.1.211:9618?addrs=172.30.1.211-9618&alias=node11&noUDP&sock=slot1_44_3735_6531_177562>
...
040 (391113.019.000) 2024-01-19 11:51:01 Finished transferring input files
...
001 (391113.019.000) 2024-01-19 11:51:01 Job executing on host: <172.30.1.211:9618?addrs=172.30.1.211-9618&alias=node11&noUDP&sock=startd_3699_c8e9>
...
006 (391113.019.000) 2024-01-19 11:51:09 Image size of job updated: 230108
	68  -  MemoryUsage of job (MB)
	69412  -  ResidentSetSize of job (KB)
...
006 (391113.019.000) 2024-01-19 11:53:09 Image size of job updated: 843512
	68  -  MemoryUsage of job (MB)
	69412  -  ResidentSetSize of job (KB)
...
040 (391113.019.000) 2024-01-19 11:53:09 Started transferring output files
...
040 (391113.019.000) 2024-01-19 11:53:10 Finished transferring output files
...
005 (391113.019.000) 2024-01-19 11:53:10 Job terminated.
	(1) Normal termination (return value 0)
		Usr 0 00:01:12, Sys 0 00:00:08  -  Run Remote Usage
		Usr 0 00:00:00, Sys 0 00:00:00  -  Run Local Usage
		Usr 0 00:01:12, Sys 0 00:00:08  -  Total Remote Usage
		Usr 0 00:00:00, Sys 0 00:00:00  -  Total Local Usage
	7464079  -  Run Bytes Sent By Job
	183986  -  Run Bytes Received By Job
	7464079  -  Total Bytes Sent By Job
	183986  -  Total Bytes Received By Job
	Partitionable Resources :    Usage  Request Allocated 
	   Cpus                 :                 1         1 
	   Disk (KB)            :     7536      200    128928 
	   Memory (MB)          :       68     3900      3968 

	Job terminated of its own accord at 2024-01-19T02:53:09Z.
...
000 (391114.019.000) 2024-01-19 11:56:30 Job submitted from host: <172.30.1.200:9618?addrs=172.30.1.200-9618&alias=tamsa2.snu.ac.kr&noUDP&sock=schedd_3625_06e6>
...
040 (391114.019.000) 2024-01-19 11:56:33 Started transferring input files
	Transferring to host: <172.30.1.211:9618?addrs=172.30.1.211-9618&alias=node11&noUDP&sock=slot1_47_3735_6531_177573>
...
001 (391114.019.000) 2024-01-19 11:56:33 Job executing on host: <172.30.1.211:9618?addrs=172.30.1.211-9618&alias=node11&noUDP&sock=startd_3699_c8e9>
...
040 (391114.019.000) 2024-01-19 11:56:33 Finished transferring input files
...
006 (391114.019.000) 2024-01-19 11:56:42 Image size of job updated: 578864
	183  -  MemoryUsage of job (MB)
	186720  -  ResidentSetSize of job (KB)
...
006 (391114.019.000) 2024-01-19 11:58:36 Image size of job updated: 846168
	183  -  MemoryUsage of job (MB)
	186720  -  ResidentSetSize of job (KB)
...
040 (391114.019.000) 2024-01-19 11:58:36 Started transferring output files
...
040 (391114.019.000) 2024-01-19 11:58:36 Finished transferring output files
...
005 (391114.019.000) 2024-01-19 11:58:36 Job terminated.
	(1) Normal termination (return value 0)
		Usr 0 00:01:12, Sys 0 00:00:07  -  Run Remote Usage
		Usr 0 00:00:00, Sys 0 00:00:00  -  Run Local Usage
		Usr 0 00:01:12, Sys 0 00:00:07  -  Total Remote Usage
		Usr 0 00:00:00, Sys 0 00:00:00  -  Total Local Usage
	7464183  -  Run Bytes Sent By Job
	183986  -  Run Bytes Received By Job
	7464183  -  Total Bytes Sent By Job
	183986  -  Total Bytes Received By Job
	Partitionable Resources :    Usage  Request Allocated 
	   Cpus                 :                 1         1 
	   Disk (KB)            :     7536      200    128928 
	   Memory (MB)          :      183     3900      3968 

	Job terminated of its own accord at 2024-01-19T02:58:36Z.
...
000 (391115.019.000) 2024-01-19 12:05:54 Job submitted from host: <172.30.1.200:9618?addrs=172.30.1.200-9618&alias=tamsa2.snu.ac.kr&noUDP&sock=schedd_3625_06e6>
...
040 (391115.019.000) 2024-01-19 12:05:57 Started transferring input files
	Transferring to host: <172.30.1.211:9618?addrs=172.30.1.211-9618&alias=node11&noUDP&sock=slot1_48_3735_6531_177582>
...
001 (391115.019.000) 2024-01-19 12:05:57 Job executing on host: <172.30.1.211:9618?addrs=172.30.1.211-9618&alias=node11&noUDP&sock=startd_3699_c8e9>
...
040 (391115.019.000) 2024-01-19 12:05:57 Finished transferring input files
...
006 (391115.019.000) 2024-01-19 12:06:06 Image size of job updated: 186744
	183  -  MemoryUsage of job (MB)
	186744  -  ResidentSetSize of job (KB)
...
006 (391115.019.000) 2024-01-19 12:07:57 Image size of job updated: 846200
	183  -  MemoryUsage of job (MB)
	186744  -  ResidentSetSize of job (KB)
...
040 (391115.019.000) 2024-01-19 12:07:57 Started transferring output files
...
040 (391115.019.000) 2024-01-19 12:07:57 Finished transferring output files
...
005 (391115.019.000) 2024-01-19 12:07:57 Job terminated.
	(1) Normal termination (return value 0)
		Usr 0 00:01:13, Sys 0 00:00:07  -  Run Remote Usage
		Usr 0 00:00:00, Sys 0 00:00:00  -  Run Local Usage
		Usr 0 00:01:13, Sys 0 00:00:07  -  Total Remote Usage
		Usr 0 00:00:00, Sys 0 00:00:00  -  Total Local Usage
	7464183  -  Run Bytes Sent By Job
	184022  -  Run Bytes Received By Job
	7464183  -  Total Bytes Sent By Job
	184022  -  Total Bytes Received By Job
	Partitionable Resources :    Usage  Request Allocated 
	   Cpus                 :                 1         1 
	   Disk (KB)            :     7537      200    128928 
	   Memory (MB)          :      183     3900      3968 

	Job terminated of its own accord at 2024-01-19T03:07:57Z.
...
000 (391116.019.000) 2024-01-19 12:09:38 Job submitted from host: <172.30.1.200:9618?addrs=172.30.1.200-9618&alias=tamsa2.snu.ac.kr&noUDP&sock=schedd_3625_06e6>
...
040 (391116.019.000) 2024-01-19 12:09:41 Started transferring input files
	Transferring to host: <172.30.1.211:9618?addrs=172.30.1.211-9618&alias=node11&noUDP&sock=slot1_48_3735_6531_177592>
...
040 (391116.019.000) 2024-01-19 12:09:41 Finished transferring input files
...
001 (391116.019.000) 2024-01-19 12:09:41 Job executing on host: <172.30.1.211:9618?addrs=172.30.1.211-9618&alias=node11&noUDP&sock=startd_3699_c8e9>
...
006 (391116.019.000) 2024-01-19 12:09:50 Image size of job updated: 488460
	182  -  MemoryUsage of job (MB)
	185384  -  ResidentSetSize of job (KB)
...
006 (391116.019.000) 2024-01-19 12:11:46 Image size of job updated: 846208
	182  -  MemoryUsage of job (MB)
	185384  -  ResidentSetSize of job (KB)
...
040 (391116.019.000) 2024-01-19 12:11:46 Started transferring output files
...
040 (391116.019.000) 2024-01-19 12:11:46 Finished transferring output files
...
005 (391116.019.000) 2024-01-19 12:11:46 Job terminated.
	(1) Normal termination (return value 0)
		Usr 0 00:01:14, Sys 0 00:00:07  -  Run Remote Usage
		Usr 0 00:00:00, Sys 0 00:00:00  -  Run Local Usage
		Usr 0 00:01:14, Sys 0 00:00:07  -  Total Remote Usage
		Usr 0 00:00:00, Sys 0 00:00:00  -  Total Local Usage
	7464207  -  Run Bytes Sent By Job
	184022  -  Run Bytes Received By Job
	7464207  -  Total Bytes Sent By Job
	184022  -  Total Bytes Received By Job
	Partitionable Resources :    Usage  Request Allocated 
	   Cpus                 :     0.05        1         1 
	   Disk (KB)            :  7542         200    128928 
	   Memory (MB)          :   182        3900      3968 

	Job terminated of its own accord at 2024-01-19T03:11:46Z.
...
000 (391117.019.000) 2024-01-19 12:15:27 Job submitted from host: <172.30.1.200:9618?addrs=172.30.1.200-9618&alias=tamsa2.snu.ac.kr&noUDP&sock=schedd_3625_06e6>
...
040 (391117.019.000) 2024-01-19 12:15:32 Started transferring input files
	Transferring to host: <172.30.1.204:9618?addrs=172.30.1.204-9618&alias=node4&noUDP&sock=slot1_41_3725_5971_203317>
...
001 (391117.019.000) 2024-01-19 12:15:32 Job executing on host: <172.30.1.204:9618?addrs=172.30.1.204-9618&alias=node4&noUDP&sock=startd_3691_4c27>
...
040 (391117.019.000) 2024-01-19 12:15:32 Finished transferring input files
...
006 (391117.019.000) 2024-01-19 12:15:41 Image size of job updated: 833428
	181  -  MemoryUsage of job (MB)
	185044  -  ResidentSetSize of job (KB)
...
006 (391117.019.000) 2024-01-19 12:20:12 Image size of job updated: 866576
	181  -  MemoryUsage of job (MB)
	185044  -  ResidentSetSize of job (KB)
...
040 (391117.019.000) 2024-01-19 12:20:12 Started transferring output files
...
040 (391117.019.000) 2024-01-19 12:20:15 Finished transferring output files
...
005 (391117.019.000) 2024-01-19 12:20:16 Job terminated.
	(1) Normal termination (return value 0)
		Usr 0 00:03:27, Sys 0 00:00:12  -  Run Remote Usage
		Usr 0 00:00:00, Sys 0 00:00:00  -  Run Local Usage
		Usr 0 00:03:27, Sys 0 00:00:12  -  Total Remote Usage
		Usr 0 00:00:00, Sys 0 00:00:00  -  Total Local Usage
	33834064  -  Run Bytes Sent By Job
	184028  -  Run Bytes Received By Job
	33834064  -  Total Bytes Sent By Job
	184028  -  Total Bytes Received By Job
	Partitionable Resources :    Usage  Request Allocated 
	   Cpus                 :     0.76        1         1 
	   Disk (KB)            : 33294         200    128928 
	   Memory (MB)          :   181        3900      3968 

	Job terminated of its own accord at 2024-01-19T03:20:12Z.
...
000 (391118.019.000) 2024-01-19 12:41:45 Job submitted from host: <172.30.1.200:9618?addrs=172.30.1.200-9618&alias=tamsa2.snu.ac.kr&noUDP&sock=schedd_3625_06e6>
...
040 (391118.019.000) 2024-01-19 12:41:51 Started transferring input files
	Transferring to host: <172.30.1.204:9618?addrs=172.30.1.204-9618&alias=node4&noUDP&sock=slot1_45_3725_5971_203337>
...
001 (391118.019.000) 2024-01-19 12:41:52 Job executing on host: <172.30.1.204:9618?addrs=172.30.1.204-9618&alias=node4&noUDP&sock=startd_3691_4c27>
...
040 (391118.019.000) 2024-01-19 12:41:52 Finished transferring input files
...
006 (391118.019.000) 2024-01-19 12:42:00 Image size of job updated: 172064
	169  -  MemoryUsage of job (MB)
	172064  -  ResidentSetSize of job (KB)
...
006 (391118.019.000) 2024-01-19 12:43:55 Image size of job updated: 843928
	169  -  MemoryUsage of job (MB)
	172064  -  ResidentSetSize of job (KB)
...
040 (391118.019.000) 2024-01-19 12:43:55 Started transferring output files
...
040 (391118.019.000) 2024-01-19 12:43:55 Finished transferring output files
...
005 (391118.019.000) 2024-01-19 12:43:55 Job terminated.
	(1) Normal termination (return value 0)
		Usr 0 00:01:10, Sys 0 00:00:07  -  Run Remote Usage
		Usr 0 00:00:00, Sys 0 00:00:00  -  Run Local Usage
		Usr 0 00:01:10, Sys 0 00:00:07  -  Total Remote Usage
		Usr 0 00:00:00, Sys 0 00:00:00  -  Total Local Usage
	7464143  -  Run Bytes Sent By Job
	183796  -  Run Bytes Received By Job
	7464143  -  Total Bytes Sent By Job
	183796  -  Total Bytes Received By Job
	Partitionable Resources :    Usage  Request Allocated 
	   Cpus                 :                 1         1 
	   Disk (KB)            :     7536      200    128928 
	   Memory (MB)          :      169     3900      3968 

	Job terminated of its own accord at 2024-01-19T03:43:55Z.
...
000 (391119.019.000) 2024-01-19 12:47:04 Job submitted from host: <172.30.1.200:9618?addrs=172.30.1.200-9618&alias=tamsa2.snu.ac.kr&noUDP&sock=schedd_3625_06e6>
...
040 (391119.019.000) 2024-01-19 12:47:13 Started transferring input files
	Transferring to host: <172.30.1.208:9618?addrs=172.30.1.208-9618&alias=node8&noUDP&sock=slot1_41_3811_f1b4_191221>
...
001 (391119.019.000) 2024-01-19 12:47:13 Job executing on host: <172.30.1.208:9618?addrs=172.30.1.208-9618&alias=node8&noUDP&sock=startd_3777_494c>
...
040 (391119.019.000) 2024-01-19 12:47:13 Finished transferring input files
...
006 (391119.019.000) 2024-01-19 12:47:22 Image size of job updated: 184532
	181  -  MemoryUsage of job (MB)
	184532  -  ResidentSetSize of job (KB)
...
006 (391119.019.000) 2024-01-19 12:51:47 Image size of job updated: 863764
	181  -  MemoryUsage of job (MB)
	184532  -  ResidentSetSize of job (KB)
...
040 (391119.019.000) 2024-01-19 12:51:47 Started transferring output files
...
040 (391119.019.000) 2024-01-19 12:51:48 Finished transferring output files
...
005 (391119.019.000) 2024-01-19 12:51:48 Job terminated.
	(1) Normal termination (return value 0)
		Usr 0 00:03:25, Sys 0 00:00:13  -  Run Remote Usage
		Usr 0 00:00:00, Sys 0 00:00:00  -  Run Local Usage
		Usr 0 00:03:25, Sys 0 00:00:13  -  Total Remote Usage
		Usr 0 00:00:00, Sys 0 00:00:00  -  Total Local Usage
	33255534  -  Run Bytes Sent By Job
	183796  -  Run Bytes Received By Job
	33255534  -  Total Bytes Sent By Job
	183796  -  Total Bytes Received By Job
	Partitionable Resources :    Usage  Request Allocated 
	   Cpus                 :     0.59        1         1 
	   Disk (KB)            : 32729         200    128928 
	   Memory (MB)          :   181        3900      3968 

	Job terminated of its own accord at 2024-01-19T03:51:47Z.
...
000 (391120.019.000) 2024-01-19 13:02:28 Job submitted from host: <172.30.1.200:9618?addrs=172.30.1.200-9618&alias=tamsa2.snu.ac.kr&noUDP&sock=schedd_3625_06e6>
...
040 (391120.019.000) 2024-01-19 13:02:38 Started transferring input files
	Transferring to host: <172.30.1.208:9618?addrs=172.30.1.208-9618&alias=node8&noUDP&sock=slot1_44_3811_f1b4_191233>
...
040 (391120.019.000) 2024-01-19 13:02:38 Finished transferring input files
...
001 (391120.019.000) 2024-01-19 13:02:38 Job executing on host: <172.30.1.208:9618?addrs=172.30.1.208-9618&alias=node8&noUDP&sock=startd_3777_494c>
...
006 (391120.019.000) 2024-01-19 13:02:47 Image size of job updated: 427252
	181  -  MemoryUsage of job (MB)
	184564  -  ResidentSetSize of job (KB)
...
006 (391120.019.000) 2024-01-19 13:07:09 Image size of job updated: 870096
	181  -  MemoryUsage of job (MB)
	184564  -  ResidentSetSize of job (KB)
...
040 (391120.019.000) 2024-01-19 13:07:10 Started transferring output files
...
040 (391120.019.000) 2024-01-19 13:07:19 Finished transferring output files
...
005 (391120.019.000) 2024-01-19 13:07:20 Job terminated.
	(1) Normal termination (return value 0)
		Usr 0 00:03:24, Sys 0 00:00:12  -  Run Remote Usage
		Usr 0 00:00:00, Sys 0 00:00:00  -  Run Local Usage
		Usr 0 00:03:24, Sys 0 00:00:12  -  Total Remote Usage
		Usr 0 00:00:00, Sys 0 00:00:00  -  Total Local Usage
	33241508  -  Run Bytes Sent By Job
	183796  -  Run Bytes Received By Job
	33241508  -  Total Bytes Sent By Job
	183796  -  Total Bytes Received By Job
	Partitionable Resources :    Usage  Request Allocated 
	   Cpus                 :     0.64        1         1 
	   Disk (KB)            : 32715         200    128928 
	   Memory (MB)          :   181        3900      3968 

	Job terminated of its own accord at 2024-01-19T04:07:09Z.
...
000 (391131.019.000) 2024-01-19 14:22:45 Job submitted from host: <172.30.1.200:9618?addrs=172.30.1.200-9618&alias=tamsa2.snu.ac.kr&noUDP&sock=schedd_3625_06e6>
...
040 (391131.019.000) 2024-01-19 14:22:51 Started transferring input files
	Transferring to host: <172.30.1.209:9618?addrs=172.30.1.209-9618&alias=node9&noUDP&sock=slot1_47_3782_82d3_179376>
...
040 (391131.019.000) 2024-01-19 14:22:51 Finished transferring input files
...
001 (391131.019.000) 2024-01-19 14:22:51 Job executing on host: <172.30.1.209:9618?addrs=172.30.1.209-9618&alias=node9&noUDP&sock=startd_3748_650d>
...
006 (391131.019.000) 2024-01-19 14:23:00 Image size of job updated: 561376
	75  -  MemoryUsage of job (MB)
	75972  -  ResidentSetSize of job (KB)
...
006 (391131.019.000) 2024-01-19 14:28:00 Image size of job updated: 954608
	304  -  MemoryUsage of job (MB)
	310928  -  ResidentSetSize of job (KB)
...
006 (391131.019.000) 2024-01-19 14:28:10 Image size of job updated: 965764
	306  -  MemoryUsage of job (MB)
	312984  -  ResidentSetSize of job (KB)
...
004 (391131.019.000) 2024-01-19 14:28:10 Job was evicted.
	(0) CPU times
		Usr 0 00:04:42, Sys 0 00:00:20  -  Run Remote Usage
		Usr 0 00:00:00, Sys 0 00:00:00  -  Run Local Usage
	0  -  Run Bytes Sent By Job
	183798  -  Run Bytes Received By Job
	Partitionable Resources :    Usage  Request Allocated 
	   Cpus                 :     1.00        1         1 
	   Disk (KB)            :  1283         200    128928 
	   Memory (MB)          :   306        3900      3968 
...
009 (391131.019.000) 2024-01-19 14:28:10 Job was aborted.
	via condor_rm (by user shin)
...
000 (391132.019.000) 2024-01-19 14:30:22 Job submitted from host: <172.30.1.200:9618?addrs=172.30.1.200-9618&alias=tamsa2.snu.ac.kr&noUDP&sock=schedd_3625_06e6>
...
040 (391132.019.000) 2024-01-19 14:30:25 Started transferring input files
	Transferring to host: <172.30.1.209:9618?addrs=172.30.1.209-9618&alias=node9&noUDP&sock=slot1_47_3782_82d3_179381>
...
001 (391132.019.000) 2024-01-19 14:30:25 Job executing on host: <172.30.1.209:9618?addrs=172.30.1.209-9618&alias=node9&noUDP&sock=startd_3748_650d>
...
040 (391132.019.000) 2024-01-19 14:30:25 Finished transferring input files
...
006 (391132.019.000) 2024-01-19 14:30:33 Image size of job updated: 794536
	181  -  MemoryUsage of job (MB)
	184572  -  ResidentSetSize of job (KB)
...
006 (391132.019.000) 2024-01-19 14:35:33 Image size of job updated: 872308
	211  -  MemoryUsage of job (MB)
	215676  -  ResidentSetSize of job (KB)
...
000 (391137.019.000) 2024-01-19 14:35:50 Job submitted from host: <172.30.1.200:9618?addrs=172.30.1.200-9618&alias=tamsa2.snu.ac.kr&noUDP&sock=schedd_3625_06e6>
...
040 (391137.019.000) 2024-01-19 14:35:54 Started transferring input files
	Transferring to host: <172.30.1.109:9618?addrs=172.30.1.109-9618&alias=n9&noUDP&sock=slot1_20_4134_86e1_92609>
...
001 (391137.019.000) 2024-01-19 14:35:54 Job executing on host: <172.30.1.109:9618?addrs=172.30.1.109-9618&alias=n9&noUDP&sock=startd_4100_d663>
...
040 (391137.019.000) 2024-01-19 14:35:54 Finished transferring input files
...
004 (391132.019.000) 2024-01-19 14:36:00 Job was evicted.
	(0) CPU times
		Usr 0 00:04:43, Sys 0 00:00:19  -  Run Remote Usage
		Usr 0 00:00:00, Sys 0 00:00:00  -  Run Local Usage
	0  -  Run Bytes Sent By Job
	183608  -  Run Bytes Received By Job
	Partitionable Resources :    Usage  Request Allocated 
	   Cpus                 :     0.94        1         1 
	   Disk (KB)            : 12680         200    128928 
	   Memory (MB)          :   211        3900      3968 
...
006 (391137.019.000) 2024-01-19 14:36:01 Image size of job updated: 230108
	0  -  MemoryUsage of job (MB)
	0  -  ResidentSetSize of job (KB)
...
009 (391132.019.000) 2024-01-19 14:36:01 Job was aborted.
	via condor_rm (by user shin)
...
004 (391137.019.000) 2024-01-19 14:36:01 Job was evicted.
	(0) CPU times
		Usr 0 00:00:00, Sys 0 00:00:00  -  Run Remote Usage
		Usr 0 00:00:00, Sys 0 00:00:00  -  Run Local Usage
	0  -  Run Bytes Sent By Job
	183614  -  Run Bytes Received By Job
	Partitionable Resources :    Usage  Request Allocated 
	   Cpus                 :     0.02        1         1 
	   Disk (KB)            :   235         200    127849 
	   Memory (MB)          :     0        3900      3968 
...
009 (391137.019.000) 2024-01-19 14:36:01 Job was aborted.
	via condor_rm (by user shin)
...
000 (391138.019.000) 2024-01-19 14:36:02 Job submitted from host: <172.30.1.200:9618?addrs=172.30.1.200-9618&alias=tamsa2.snu.ac.kr&noUDP&sock=schedd_3625_06e6>
...
040 (391138.019.000) 2024-01-19 14:36:14 Started transferring input files
	Transferring to host: <172.30.1.209:9618?addrs=172.30.1.209-9618&alias=node9&noUDP&sock=slot1_46_3782_82d3_179385>
...
001 (391138.019.000) 2024-01-19 14:36:14 Job executing on host: <172.30.1.209:9618?addrs=172.30.1.209-9618&alias=node9&noUDP&sock=startd_3748_650d>
...
040 (391138.019.000) 2024-01-19 14:36:14 Finished transferring input files
...
006 (391138.019.000) 2024-01-19 14:36:22 Image size of job updated: 729528
	181  -  MemoryUsage of job (MB)
	184568  -  ResidentSetSize of job (KB)
...
006 (391138.019.000) 2024-01-19 14:41:22 Image size of job updated: 872488
	209  -  MemoryUsage of job (MB)
	214008  -  ResidentSetSize of job (KB)
...
040 (391138.019.000) 2024-01-19 14:43:23 Started transferring output files
...
040 (391138.019.000) 2024-01-19 14:43:24 Finished transferring output files
...
005 (391138.019.000) 2024-01-19 14:43:24 Job terminated.
	(1) Normal termination (return value 0)
		Usr 0 00:06:06, Sys 0 00:00:24  -  Run Remote Usage
		Usr 0 00:00:00, Sys 0 00:00:00  -  Run Local Usage
		Usr 0 00:06:06, Sys 0 00:00:24  -  Total Remote Usage
		Usr 0 00:00:00, Sys 0 00:00:00  -  Total Local Usage
	33018170  -  Run Bytes Sent By Job
	183614  -  Run Bytes Received By Job
	33018170  -  Total Bytes Sent By Job
	183614  -  Total Bytes Received By Job
	Partitionable Resources :    Usage  Request Allocated 
	   Cpus                 :     0.98        1         1 
	   Disk (KB)            : 32497         200    128928 
	   Memory (MB)          :   209        3900      3968 

	Job terminated of its own accord at 2024-01-19T05:43:23Z.
...
000 (391139.019.000) 2024-01-19 14:48:49 Job submitted from host: <172.30.1.200:9618?addrs=172.30.1.200-9618&alias=tamsa2.snu.ac.kr&noUDP&sock=schedd_3625_06e6>
...
040 (391139.019.000) 2024-01-19 14:48:52 Started transferring input files
	Transferring to host: <172.30.1.209:9618?addrs=172.30.1.209-9618&alias=node9&noUDP&sock=slot1_46_3782_82d3_179390>
...
040 (391139.019.000) 2024-01-19 14:48:52 Finished transferring input files
...
001 (391139.019.000) 2024-01-19 14:48:52 Job executing on host: <172.30.1.209:9618?addrs=172.30.1.209-9618&alias=node9&noUDP&sock=startd_3748_650d>
...
006 (391139.019.000) 2024-01-19 14:49:00 Image size of job updated: 574776
	149  -  MemoryUsage of job (MB)
	152068  -  ResidentSetSize of job (KB)
...
006 (391139.019.000) 2024-01-19 14:52:18 Image size of job updated: 874676
	200  -  MemoryUsage of job (MB)
	204592  -  ResidentSetSize of job (KB)
...
004 (391139.019.000) 2024-01-19 14:52:18 Job was evicted.
	(0) CPU times
		Usr 0 00:02:50, Sys 0 00:00:11  -  Run Remote Usage
		Usr 0 00:00:00, Sys 0 00:00:00  -  Run Local Usage
	0  -  Run Bytes Sent By Job
	183618  -  Run Bytes Received By Job
	Partitionable Resources :    Usage  Request Allocated 
	   Cpus                 :     0.98        1         1 
	   Disk (KB)            :  7673         200    128928 
	   Memory (MB)          :   200        3900      3968 
...
009 (391139.019.000) 2024-01-19 14:52:18 Job was aborted.
	via condor_rm (by user shin)
...
000 (391140.019.000) 2024-01-19 14:52:19 Job submitted from host: <172.30.1.200:9618?addrs=172.30.1.200-9618&alias=tamsa2.snu.ac.kr&noUDP&sock=schedd_3625_06e6>
...
040 (391140.019.000) 2024-01-19 14:52:21 Started transferring input files
	Transferring to host: <172.30.1.209:9618?addrs=172.30.1.209-9618&alias=node9&noUDP&sock=slot1_46_3782_82d3_179395>
...
001 (391140.019.000) 2024-01-19 14:52:21 Job executing on host: <172.30.1.209:9618?addrs=172.30.1.209-9618&alias=node9&noUDP&sock=startd_3748_650d>
...
040 (391140.019.000) 2024-01-19 14:52:21 Finished transferring input files
...
006 (391140.019.000) 2024-01-19 14:52:30 Image size of job updated: 832952
	183  -  MemoryUsage of job (MB)
	186764  -  ResidentSetSize of job (KB)
...
006 (391140.019.000) 2024-01-19 14:57:31 Image size of job updated: 874212
	213  -  MemoryUsage of job (MB)
	217392  -  ResidentSetSize of job (KB)
...
006 (391140.019.000) 2024-01-19 14:59:26 Image size of job updated: 875192
	213  -  MemoryUsage of job (MB)
	217392  -  ResidentSetSize of job (KB)
...
040 (391140.019.000) 2024-01-19 14:59:27 Started transferring output files
...
040 (391140.019.000) 2024-01-19 14:59:28 Finished transferring output files
...
005 (391140.019.000) 2024-01-19 14:59:28 Job terminated.
	(1) Normal termination (return value 0)
		Usr 0 00:06:04, Sys 0 00:00:23  -  Run Remote Usage
		Usr 0 00:00:00, Sys 0 00:00:00  -  Run Local Usage
		Usr 0 00:06:04, Sys 0 00:00:23  -  Total Remote Usage
		Usr 0 00:00:00, Sys 0 00:00:00  -  Total Local Usage
	32920672  -  Run Bytes Sent By Job
	183636  -  Run Bytes Received By Job
	32920672  -  Total Bytes Sent By Job
	183636  -  Total Bytes Received By Job
	Partitionable Resources :    Usage  Request Allocated 
	   Cpus                 :     0.99        1         1 
	   Disk (KB)            : 32401         200    128928 
	   Memory (MB)          :   213        3900      3968 

	Job terminated of its own accord at 2024-01-19T05:59:26Z.
...
000 (391145.019.000) 2024-01-19 15:59:26 Job submitted from host: <172.30.1.200:9618?addrs=172.30.1.200-9618&alias=tamsa2.snu.ac.kr&noUDP&sock=schedd_3625_06e6>
...
040 (391145.019.000) 2024-01-19 15:59:28 Started transferring input files
	Transferring to host: <172.30.1.203:9618?addrs=172.30.1.203-9618&alias=node3&noUDP&sock=slot1_38_24221_a2b2_52022>
...
001 (391145.019.000) 2024-01-19 15:59:28 Job executing on host: <172.30.1.203:9618?addrs=172.30.1.203-9618&alias=node3&noUDP&sock=startd_24188_88db>
...
040 (391145.019.000) 2024-01-19 15:59:28 Finished transferring input files
...
006 (391145.019.000) 2024-01-19 15:59:37 Image size of job updated: 188628
	159  -  MemoryUsage of job (MB)
	162780  -  ResidentSetSize of job (KB)
...
006 (391145.019.000) 2024-01-19 16:04:37 Image size of job updated: 874236
	159  -  MemoryUsage of job (MB)
	162780  -  ResidentSetSize of job (KB)
...
006 (391145.019.000) 2024-01-19 16:06:18 Image size of job updated: 874444
	159  -  MemoryUsage of job (MB)
	162780  -  ResidentSetSize of job (KB)
...
040 (391145.019.000) 2024-01-19 16:06:18 Started transferring output files
...
040 (391145.019.000) 2024-01-19 16:06:19 Finished transferring output files
...
005 (391145.019.000) 2024-01-19 16:06:19 Job terminated.
	(1) Normal termination (return value 0)
		Usr 0 00:05:43, Sys 0 00:00:19  -  Run Remote Usage
		Usr 0 00:00:00, Sys 0 00:00:00  -  Run Local Usage
		Usr 0 00:05:43, Sys 0 00:00:19  -  Total Remote Usage
		Usr 0 00:00:00, Sys 0 00:00:00  -  Total Local Usage
	31895500  -  Run Bytes Sent By Job
	184262  -  Run Bytes Received By Job
	31895500  -  Total Bytes Sent By Job
	184262  -  Total Bytes Received By Job
	Partitionable Resources :    Usage  Request Allocated 
	   Cpus                 :     0.73        1         1 
	   Disk (KB)            : 31401         200    128924 
	   Memory (MB)          :   159        3900      3968 

	Job terminated of its own accord at 2024-01-19T07:06:18Z.
...
000 (391151.019.000) 2024-01-19 16:45:38 Job submitted from host: <172.30.1.200:9618?addrs=172.30.1.200-9618&alias=tamsa2.snu.ac.kr&noUDP&sock=schedd_3625_06e6>
...
040 (391151.019.000) 2024-01-19 16:45:46 Started transferring input files
	Transferring to host: <172.30.1.209:9618?addrs=172.30.1.209-9618&alias=node9&noUDP&sock=slot1_46_3782_82d3_179419>
...
001 (391151.019.000) 2024-01-19 16:45:46 Job executing on host: <172.30.1.209:9618?addrs=172.30.1.209-9618&alias=node9&noUDP&sock=startd_3748_650d>
...
040 (391151.019.000) 2024-01-19 16:45:46 Finished transferring input files
...
006 (391151.019.000) 2024-01-19 16:45:54 Image size of job updated: 202164
	169  -  MemoryUsage of job (MB)
	172072  -  ResidentSetSize of job (KB)
...
000 (391152.019.000) 2024-01-19 16:46:33 Job submitted from host: <172.30.1.200:9618?addrs=172.30.1.200-9618&alias=tamsa2.snu.ac.kr&noUDP&sock=schedd_3625_06e6>
...
040 (391152.019.000) 2024-01-19 16:46:36 Started transferring input files
	Transferring to host: <172.30.1.105:9618?addrs=172.30.1.105-9618&alias=n5&noUDP&sock=slot1_4_3459_eda6_34494>
...
040 (391152.019.000) 2024-01-19 16:46:36 Finished transferring input files
...
001 (391152.019.000) 2024-01-19 16:46:36 Job executing on host: <172.30.1.105:9618?addrs=172.30.1.105-9618&alias=n5&noUDP&sock=startd_3425_d7f5>
...
006 (391152.019.000) 2024-01-19 16:46:45 Image size of job updated: 50132
	0  -  MemoryUsage of job (MB)
	0  -  ResidentSetSize of job (KB)
...
004 (391152.019.000) 2024-01-19 16:46:45 Job was evicted.
	(0) CPU times
		Usr 0 00:00:00, Sys 0 00:00:00  -  Run Remote Usage
		Usr 0 00:00:00, Sys 0 00:00:00  -  Run Local Usage
	0  -  Run Bytes Sent By Job
	184253  -  Run Bytes Received By Job
	Partitionable Resources :    Usage  Request Allocated 
	   Cpus                 :     0.07        1         1 
	   Disk (KB)            :   236         200     61880 
	   Memory (MB)          :     0        3900      3968 
...
009 (391152.019.000) 2024-01-19 16:46:45 Job was aborted.
	via condor_rm (by user shin)
...
006 (391151.019.000) 2024-01-19 16:47:35 Image size of job updated: 826472
	169  -  MemoryUsage of job (MB)
	172076  -  ResidentSetSize of job (KB)
...
004 (391151.019.000) 2024-01-19 16:47:35 Job was evicted.
	(0) CPU times
		Usr 0 00:01:04, Sys 0 00:00:06  -  Run Remote Usage
		Usr 0 00:00:00, Sys 0 00:00:00  -  Run Local Usage
	0  -  Run Bytes Sent By Job
	184253  -  Run Bytes Received By Job
	Partitionable Resources :    Usage  Request Allocated 
	   Cpus                 :     0.53        1         1 
	   Disk (KB)            :  3362         200    128928 
	   Memory (MB)          :   169        3900      3968 
...
009 (391151.019.000) 2024-01-19 16:47:36 Job was aborted.
	via condor_rm (by user shin)
...
000 (391153.019.000) 2024-01-19 16:47:37 Job submitted from host: <172.30.1.200:9618?addrs=172.30.1.200-9618&alias=tamsa2.snu.ac.kr&noUDP&sock=schedd_3625_06e6>
...
040 (391153.019.000) 2024-01-19 16:47:59 Started transferring input files
	Transferring to host: <172.30.1.210:9618?addrs=172.30.1.210-9618&alias=node10&noUDP&sock=slot1_46_3822_b1d4_184714>
...
001 (391153.019.000) 2024-01-19 16:47:59 Job executing on host: <172.30.1.210:9618?addrs=172.30.1.210-9618&alias=node10&noUDP&sock=startd_3788_d4d6>
...
040 (391153.019.000) 2024-01-19 16:47:59 Finished transferring input files
...
006 (391153.019.000) 2024-01-19 16:48:07 Image size of job updated: 186732
	183  -  MemoryUsage of job (MB)
	186732  -  ResidentSetSize of job (KB)
...
006 (391153.019.000) 2024-01-19 16:50:02 Image size of job updated: 846472
	183  -  MemoryUsage of job (MB)
	186732  -  ResidentSetSize of job (KB)
...
040 (391153.019.000) 2024-01-19 16:50:02 Started transferring output files
...
040 (391153.019.000) 2024-01-19 16:50:02 Finished transferring output files
...
005 (391153.019.000) 2024-01-19 16:50:02 Job terminated.
	(1) Normal termination (return value 0)
		Usr 0 00:01:16, Sys 0 00:00:08  -  Run Remote Usage
		Usr 0 00:00:00, Sys 0 00:00:00  -  Run Local Usage
		Usr 0 00:01:16, Sys 0 00:00:08  -  Total Remote Usage
		Usr 0 00:00:00, Sys 0 00:00:00  -  Total Local Usage
	7470423  -  Run Bytes Sent By Job
	184257  -  Run Bytes Received By Job
	7470423  -  Total Bytes Sent By Job
	184257  -  Total Bytes Received By Job
	Partitionable Resources :    Usage  Request Allocated 
	   Cpus                 :                 1         1 
	   Disk (KB)            :     7543      200    128928 
	   Memory (MB)          :      183     3900      3968 

	Job terminated of its own accord at 2024-01-19T07:50:02Z.
...
000 (391154.019.000) 2024-01-19 16:50:49 Job submitted from host: <172.30.1.200:9618?addrs=172.30.1.200-9618&alias=tamsa2.snu.ac.kr&noUDP&sock=schedd_3625_06e6>
...
040 (391154.019.000) 2024-01-19 16:50:52 Started transferring input files
	Transferring to host: <172.30.1.210:9618?addrs=172.30.1.210-9618&alias=node10&noUDP&sock=slot1_39_3822_b1d4_184720>
...
040 (391154.019.000) 2024-01-19 16:50:52 Finished transferring input files
...
001 (391154.019.000) 2024-01-19 16:50:52 Job executing on host: <172.30.1.210:9618?addrs=172.30.1.210-9618&alias=node10&noUDP&sock=startd_3788_d4d6>
...
006 (391154.019.000) 2024-01-19 16:51:00 Image size of job updated: 186772
	183  -  MemoryUsage of job (MB)
	186772  -  ResidentSetSize of job (KB)
...
006 (391154.019.000) 2024-01-19 16:56:00 Image size of job updated: 875344
	183  -  MemoryUsage of job (MB)
	187188  -  ResidentSetSize of job (KB)
...
040 (391154.019.000) 2024-01-19 16:57:32 Started transferring output files
...
040 (391154.019.000) 2024-01-19 16:57:33 Finished transferring output files
...
005 (391154.019.000) 2024-01-19 16:57:33 Job terminated.
	(1) Normal termination (return value 0)
		Usr 0 00:05:37, Sys 0 00:00:19  -  Run Remote Usage
		Usr 0 00:00:00, Sys 0 00:00:00  -  Run Local Usage
		Usr 0 00:05:37, Sys 0 00:00:19  -  Total Remote Usage
		Usr 0 00:00:00, Sys 0 00:00:00  -  Total Local Usage
	32376316  -  Run Bytes Sent By Job
	184256  -  Run Bytes Received By Job
	32376316  -  Total Bytes Sent By Job
	184256  -  Total Bytes Received By Job
	Partitionable Resources :    Usage  Request Allocated 
	   Cpus                 :     0.96        1         1 
	   Disk (KB)            : 31871         200    128928 
	   Memory (MB)          :   183        3900      3968 

	Job terminated of its own accord at 2024-01-19T07:57:32Z.
...
000 (391155.019.000) 2024-01-19 17:22:15 Job submitted from host: <172.30.1.200:9618?addrs=172.30.1.200-9618&alias=tamsa2.snu.ac.kr&noUDP&sock=schedd_3625_06e6>
...
040 (391155.019.000) 2024-01-19 17:22:18 Started transferring input files
	Transferring to host: <172.30.1.210:9618?addrs=172.30.1.210-9618&alias=node10&noUDP&sock=slot1_34_3822_b1d4_184738>
...
040 (391155.019.000) 2024-01-19 17:22:18 Finished transferring input files
...
001 (391155.019.000) 2024-01-19 17:22:18 Job executing on host: <172.30.1.210:9618?addrs=172.30.1.210-9618&alias=node10&noUDP&sock=startd_3788_d4d6>
...
006 (391155.019.000) 2024-01-19 17:22:27 Image size of job updated: 185400
	182  -  MemoryUsage of job (MB)
	185400  -  ResidentSetSize of job (KB)
...
006 (391155.019.000) 2024-01-19 17:24:26 Image size of job updated: 846680
	182  -  MemoryUsage of job (MB)
	185400  -  ResidentSetSize of job (KB)
...
040 (391155.019.000) 2024-01-19 17:24:27 Started transferring output files
...
040 (391155.019.000) 2024-01-19 17:24:28 Finished transferring output files
...
005 (391155.019.000) 2024-01-19 17:24:28 Job terminated.
	(1) Normal termination (return value 0)
		Usr 0 00:01:14, Sys 0 00:00:07  -  Run Remote Usage
		Usr 0 00:00:00, Sys 0 00:00:00  -  Run Local Usage
		Usr 0 00:01:14, Sys 0 00:00:07  -  Total Remote Usage
		Usr 0 00:00:00, Sys 0 00:00:00  -  Total Local Usage
	7465407  -  Run Bytes Sent By Job
	186554  -  Run Bytes Received By Job
	7465407  -  Total Bytes Sent By Job
	186554  -  Total Bytes Received By Job
	Partitionable Resources :    Usage  Request Allocated 
	   Cpus                 :                 1         1 
	   Disk (KB)            :     7540      200    128928 
	   Memory (MB)          :      182     3900      3968 

	Job terminated of its own accord at 2024-01-19T08:24:26Z.
...
000 (391156.019.000) 2024-01-19 17:29:00 Job submitted from host: <172.30.1.200:9618?addrs=172.30.1.200-9618&alias=tamsa2.snu.ac.kr&noUDP&sock=schedd_3625_06e6>
...
040 (391156.019.000) 2024-01-19 17:29:03 Started transferring input files
	Transferring to host: <172.30.1.210:9618?addrs=172.30.1.210-9618&alias=node10&noUDP&sock=slot1_33_3822_b1d4_184746>
...
040 (391156.019.000) 2024-01-19 17:29:03 Finished transferring input files
...
001 (391156.019.000) 2024-01-19 17:29:03 Job executing on host: <172.30.1.210:9618?addrs=172.30.1.210-9618&alias=node10&noUDP&sock=startd_3788_d4d6>
...
006 (391156.019.000) 2024-01-19 17:29:12 Image size of job updated: 586060
	182  -  MemoryUsage of job (MB)
	185700  -  ResidentSetSize of job (KB)
...
006 (391156.019.000) 2024-01-19 17:31:05 Image size of job updated: 843536
	182  -  MemoryUsage of job (MB)
	185700  -  ResidentSetSize of job (KB)
...
040 (391156.019.000) 2024-01-19 17:31:05 Started transferring output files
...
040 (391156.019.000) 2024-01-19 17:31:06 Finished transferring output files
...
005 (391156.019.000) 2024-01-19 17:31:06 Job terminated.
	(1) Normal termination (return value 0)
		Usr 0 00:01:12, Sys 0 00:00:07  -  Run Remote Usage
		Usr 0 00:00:00, Sys 0 00:00:00  -  Run Local Usage
		Usr 0 00:01:12, Sys 0 00:00:07  -  Total Remote Usage
		Usr 0 00:00:00, Sys 0 00:00:00  -  Total Local Usage
	7465407  -  Run Bytes Sent By Job
	186554  -  Run Bytes Received By Job
	7465407  -  Total Bytes Sent By Job
	186554  -  Total Bytes Received By Job
	Partitionable Resources :    Usage  Request Allocated 
	   Cpus                 :                 1         1 
	   Disk (KB)            :     7540      200    128928 
	   Memory (MB)          :      182     3900      3968 

	Job terminated of its own accord at 2024-01-19T08:31:05Z.
...
000 (391161.019.000) 2024-01-19 17:33:03 Job submitted from host: <172.30.1.200:9618?addrs=172.30.1.200-9618&alias=tamsa2.snu.ac.kr&noUDP&sock=schedd_3625_06e6>
...
040 (391161.019.000) 2024-01-19 17:33:06 Started transferring input files
	Transferring to host: <172.30.1.210:9618?addrs=172.30.1.210-9618&alias=node10&noUDP&sock=slot1_33_3822_b1d4_184755>
...
001 (391161.019.000) 2024-01-19 17:33:06 Job executing on host: <172.30.1.210:9618?addrs=172.30.1.210-9618&alias=node10&noUDP&sock=startd_3788_d4d6>
...
040 (391161.019.000) 2024-01-19 17:33:06 Finished transferring input files
...
006 (391161.019.000) 2024-01-19 17:33:14 Image size of job updated: 588980
	183  -  MemoryUsage of job (MB)
	186740  -  ResidentSetSize of job (KB)
...
006 (391161.019.000) 2024-01-19 17:35:06 Image size of job updated: 843920
	183  -  MemoryUsage of job (MB)
	186740  -  ResidentSetSize of job (KB)
...
040 (391161.019.000) 2024-01-19 17:35:06 Started transferring output files
...
040 (391161.019.000) 2024-01-19 17:35:06 Finished transferring output files
...
005 (391161.019.000) 2024-01-19 17:35:06 Job terminated.
	(1) Normal termination (return value 0)
		Usr 0 00:01:12, Sys 0 00:00:08  -  Run Remote Usage
		Usr 0 00:00:00, Sys 0 00:00:00  -  Run Local Usage
		Usr 0 00:01:12, Sys 0 00:00:08  -  Total Remote Usage
		Usr 0 00:00:00, Sys 0 00:00:00  -  Total Local Usage
	7469647  -  Run Bytes Sent By Job
	186686  -  Run Bytes Received By Job
	7469647  -  Total Bytes Sent By Job
	186686  -  Total Bytes Received By Job
	Partitionable Resources :    Usage  Request Allocated 
	   Cpus                 :                 1         1 
	   Disk (KB)            :     7545      200    128928 
	   Memory (MB)          :      183     3900      3968 

	Job terminated of its own accord at 2024-01-19T08:35:06Z.
...
000 (391162.019.000) 2024-01-19 17:42:17 Job submitted from host: <172.30.1.200:9618?addrs=172.30.1.200-9618&alias=tamsa2.snu.ac.kr&noUDP&sock=schedd_3625_06e6>
...
040 (391162.019.000) 2024-01-19 17:42:28 Started transferring input files
	Transferring to host: <172.30.1.210:9618?addrs=172.30.1.210-9618&alias=node10&noUDP&sock=slot1_26_3822_b1d4_184763>
...
001 (391162.019.000) 2024-01-19 17:42:28 Job executing on host: <172.30.1.210:9618?addrs=172.30.1.210-9618&alias=node10&noUDP&sock=startd_3788_d4d6>
...
040 (391162.019.000) 2024-01-19 17:42:28 Finished transferring input files
...
006 (391162.019.000) 2024-01-19 17:42:37 Image size of job updated: 185696
	182  -  MemoryUsage of job (MB)
	185696  -  ResidentSetSize of job (KB)
...
006 (391162.019.000) 2024-01-19 17:44:30 Image size of job updated: 835976
	182  -  MemoryUsage of job (MB)
	185696  -  ResidentSetSize of job (KB)
...
040 (391162.019.000) 2024-01-19 17:44:30 Started transferring output files
...
040 (391162.019.000) 2024-01-19 17:44:30 Finished transferring output files
...
005 (391162.019.000) 2024-01-19 17:44:30 Job terminated.
	(1) Normal termination (return value 0)
		Usr 0 00:01:12, Sys 0 00:00:07  -  Run Remote Usage
		Usr 0 00:00:00, Sys 0 00:00:00  -  Run Local Usage
		Usr 0 00:01:12, Sys 0 00:00:07  -  Total Remote Usage
		Usr 0 00:00:00, Sys 0 00:00:00  -  Total Local Usage
	7465015  -  Run Bytes Sent By Job
	187104  -  Run Bytes Received By Job
	7465015  -  Total Bytes Sent By Job
	187104  -  Total Bytes Received By Job
	Partitionable Resources :    Usage  Request Allocated 
	   Cpus                 :                 1         1 
	   Disk (KB)            :     7540      200    128928 
	   Memory (MB)          :      182     3900      3968 

	Job terminated of its own accord at 2024-01-19T08:44:30Z.
...
000 (391163.019.000) 2024-01-19 17:55:43 Job submitted from host: <172.30.1.200:9618?addrs=172.30.1.200-9618&alias=tamsa2.snu.ac.kr&noUDP&sock=schedd_3625_06e6>
...
040 (391163.019.000) 2024-01-19 17:55:56 Started transferring input files
	Transferring to host: <172.30.1.101:9618?addrs=172.30.1.101-9618&alias=n1&noUDP&sock=slot1_40_3437_6d65_45370>
...
001 (391163.019.000) 2024-01-19 17:55:56 Job executing on host: <172.30.1.101:9618?addrs=172.30.1.101-9618&alias=n1&noUDP&sock=startd_3403_c0e0>
...
040 (391163.019.000) 2024-01-19 17:55:56 Finished transferring input files
...
006 (391163.019.000) 2024-01-19 17:56:05 Image size of job updated: 139344
	16  -  MemoryUsage of job (MB)
	15608  -  ResidentSetSize of job (KB)
...
006 (391163.019.000) 2024-01-19 18:01:06 Image size of job updated: 871288
	199  -  MemoryUsage of job (MB)
	203740  -  ResidentSetSize of job (KB)
...
004 (391163.019.000) 2024-01-19 18:03:19 Job was evicted.
	(0) CPU times
		Usr 0 00:06:09, Sys 0 00:00:28  -  Run Remote Usage
		Usr 0 00:00:00, Sys 0 00:00:00  -  Run Local Usage
	0  -  Run Bytes Sent By Job
	186100  -  Run Bytes Received By Job
	Partitionable Resources :    Usage  Request Allocated 
	   Cpus                 :     0.93        1         1 
	   Disk (KB)            : 15546         200    127948 
	   Memory (MB)          :   199        3900      3968 
...
009 (391163.019.000) 2024-01-19 18:03:19 Job was aborted.
	via condor_rm (by user shin)
...
000 (391164.019.000) 2024-01-19 18:03:23 Job submitted from host: <172.30.1.200:9618?addrs=172.30.1.200-9618&alias=tamsa2.snu.ac.kr&noUDP&sock=schedd_3625_06e6>
...
040 (391164.019.000) 2024-01-19 18:03:39 Started transferring input files
	Transferring to host: <172.30.1.107:9618?addrs=172.30.1.107-9618&alias=n7&noUDP&sock=slot1_22_4166_12e2_53819>
...
040 (391164.019.000) 2024-01-19 18:03:39 Finished transferring input files
...
001 (391164.019.000) 2024-01-19 18:03:39 Job executing on host: <172.30.1.107:9618?addrs=172.30.1.107-9618&alias=n7&noUDP&sock=startd_4132_c96b>
...
006 (391164.019.000) 2024-01-19 18:03:47 Image size of job updated: 84452
	78  -  MemoryUsage of job (MB)
	79268  -  ResidentSetSize of job (KB)
...
006 (391164.019.000) 2024-01-19 18:08:22 Image size of job updated: 871912
	78  -  MemoryUsage of job (MB)
	79352  -  ResidentSetSize of job (KB)
...
040 (391164.019.000) 2024-01-19 18:08:22 Started transferring output files
...
040 (391164.019.000) 2024-01-19 18:08:23 Finished transferring output files
...
005 (391164.019.000) 2024-01-19 18:08:23 Job terminated.
	(1) Normal termination (return value 0)
		Usr 0 00:04:18, Sys 0 00:00:12  -  Run Remote Usage
		Usr 0 00:00:00, Sys 0 00:00:00  -  Run Local Usage
		Usr 0 00:04:18, Sys 0 00:00:12  -  Total Remote Usage
		Usr 0 00:00:00, Sys 0 00:00:00  -  Total Local Usage
	55021548  -  Run Bytes Sent By Job
	186386  -  Run Bytes Received By Job
	55021548  -  Total Bytes Sent By Job
	186386  -  Total Bytes Received By Job
	Partitionable Resources :    Usage  Request Allocated 
	   Cpus                 :     1.00        1         1 
	   Disk (KB)            : 53987         200    127849 
	   Memory (MB)          :    78        3900      3968 

	Job terminated of its own accord at 2024-01-19T09:08:22Z.
...
000 (391165.019.000) 2024-01-19 22:41:31 Job submitted from host: <172.30.1.200:9618?addrs=172.30.1.200-9618&alias=tamsa2.snu.ac.kr&noUDP&sock=schedd_3625_06e6>
...
040 (391165.019.000) 2024-01-19 22:41:35 Started transferring input files
	Transferring to host: <172.30.1.204:9618?addrs=172.30.1.204-9618&alias=node4&noUDP&sock=slot1_27_3725_5971_203499>
...
001 (391165.019.000) 2024-01-19 22:41:35 Job executing on host: <172.30.1.204:9618?addrs=172.30.1.204-9618&alias=node4&noUDP&sock=startd_3691_4c27>
...
040 (391165.019.000) 2024-01-19 22:41:35 Finished transferring input files
...
006 (391165.019.000) 2024-01-19 22:41:43 Image size of job updated: 139088
	34  -  MemoryUsage of job (MB)
	33976  -  ResidentSetSize of job (KB)
...
006 (391165.019.000) 2024-01-19 22:43:35 Image size of job updated: 846632
	34  -  MemoryUsage of job (MB)
	33976  -  ResidentSetSize of job (KB)
...
040 (391165.019.000) 2024-01-19 22:43:35 Started transferring output files
...
040 (391165.019.000) 2024-01-19 22:43:35 Finished transferring output files
...
005 (391165.019.000) 2024-01-19 22:43:35 Job terminated.
	(1) Normal termination (return value 0)
		Usr 0 00:01:09, Sys 0 00:00:07  -  Run Remote Usage
		Usr 0 00:00:00, Sys 0 00:00:00  -  Run Local Usage
		Usr 0 00:01:09, Sys 0 00:00:07  -  Total Remote Usage
		Usr 0 00:00:00, Sys 0 00:00:00  -  Total Local Usage
	7473695  -  Run Bytes Sent By Job
	185908  -  Run Bytes Received By Job
	7473695  -  Total Bytes Sent By Job
	185908  -  Total Bytes Received By Job
	Partitionable Resources :    Usage  Request Allocated 
	   Cpus                 :     0.04        1         1 
	   Disk (KB)            :  7554         200    128928 
	   Memory (MB)          :    34        3900      3968 

	Job terminated of its own accord at 2024-01-19T13:43:35Z.
...
000 (391166.019.000) 2024-01-19 22:44:51 Job submitted from host: <172.30.1.200:9618?addrs=172.30.1.200-9618&alias=tamsa2.snu.ac.kr&noUDP&sock=schedd_3625_06e6>
...
040 (391166.019.000) 2024-01-19 22:44:59 Started transferring input files
	Transferring to host: <172.30.1.204:9618?addrs=172.30.1.204-9618&alias=node4&noUDP&sock=slot1_27_3725_5971_203525>
...
040 (391166.019.000) 2024-01-19 22:44:59 Finished transferring input files
...
001 (391166.019.000) 2024-01-19 22:44:59 Job executing on host: <172.30.1.204:9618?addrs=172.30.1.204-9618&alias=node4&noUDP&sock=startd_3691_4c27>
...
006 (391166.019.000) 2024-01-19 22:45:09 Image size of job updated: 656456
	164  -  MemoryUsage of job (MB)
	166932  -  ResidentSetSize of job (KB)
...
006 (391166.019.000) 2024-01-19 22:50:09 Image size of job updated: 871944
	164  -  MemoryUsage of job (MB)
	166932  -  ResidentSetSize of job (KB)
...
006 (391166.019.000) 2024-01-19 22:50:46 Image size of job updated: 878208
	164  -  MemoryUsage of job (MB)
	166932  -  ResidentSetSize of job (KB)
...
040 (391166.019.000) 2024-01-19 22:50:46 Started transferring output files
...
040 (391166.019.000) 2024-01-19 22:50:47 Finished transferring output files
...
005 (391166.019.000) 2024-01-19 22:50:47 Job terminated.
	(1) Normal termination (return value 0)
		Usr 0 00:05:14, Sys 0 00:00:16  -  Run Remote Usage
		Usr 0 00:00:00, Sys 0 00:00:00  -  Run Local Usage
		Usr 0 00:05:14, Sys 0 00:00:16  -  Total Remote Usage
		Usr 0 00:00:00, Sys 0 00:00:00  -  Total Local Usage
	32353198  -  Run Bytes Sent By Job
	185911  -  Run Bytes Received By Job
	32353198  -  Total Bytes Sent By Job
	185911  -  Total Bytes Received By Job
	Partitionable Resources :    Usage  Request Allocated 
	   Cpus                 :     0.78        1         1 
	   Disk (KB)            : 31850         200    128928 
	   Memory (MB)          :   164        3900      3968 

	Job terminated of its own accord at 2024-01-19T13:50:46Z.
...
000 (391167.019.000) 2024-01-19 22:57:44 Job submitted from host: <172.30.1.200:9618?addrs=172.30.1.200-9618&alias=tamsa2.snu.ac.kr&noUDP&sock=schedd_3625_06e6>
...
040 (391167.019.000) 2024-01-19 22:57:47 Started transferring input files
	Transferring to host: <172.30.1.204:9618?addrs=172.30.1.204-9618&alias=node4&noUDP&sock=slot1_29_3725_5971_203553>
...
040 (391167.019.000) 2024-01-19 22:57:47 Finished transferring input files
...
001 (391167.019.000) 2024-01-19 22:57:47 Job executing on host: <172.30.1.204:9618?addrs=172.30.1.204-9618&alias=node4&noUDP&sock=startd_3691_4c27>
...
006 (391167.019.000) 2024-01-19 22:57:56 Image size of job updated: 139344
	74  -  MemoryUsage of job (MB)
	75364  -  ResidentSetSize of job (KB)
...
006 (391167.019.000) 2024-01-19 23:02:57 Image size of job updated: 871628
	183  -  MemoryUsage of job (MB)
	187176  -  ResidentSetSize of job (KB)
...
006 (391167.019.000) 2024-01-19 23:03:25 Image size of job updated: 871740
	184  -  MemoryUsage of job (MB)
	187460  -  ResidentSetSize of job (KB)
...
040 (391167.019.000) 2024-01-19 23:03:25 Started transferring output files
...
040 (391167.019.000) 2024-01-19 23:03:26 Finished transferring output files
...
005 (391167.019.000) 2024-01-19 23:03:26 Job terminated.
	(1) Normal termination (return value 0)
		Usr 0 00:05:04, Sys 0 00:00:15  -  Run Remote Usage
		Usr 0 00:00:00, Sys 0 00:00:00  -  Run Local Usage
		Usr 0 00:05:04, Sys 0 00:00:15  -  Total Remote Usage
		Usr 0 00:00:00, Sys 0 00:00:00  -  Total Local Usage
	32330996  -  Run Bytes Sent By Job
	185911  -  Run Bytes Received By Job
	32330996  -  Total Bytes Sent By Job
	185911  -  Total Bytes Received By Job
	Partitionable Resources :    Usage  Request Allocated 
	   Cpus                 :     1.00        1         1 
	   Disk (KB)            : 31828         200    128928 
	   Memory (MB)          :   184        3900      3968 

	Job terminated of its own accord at 2024-01-19T14:03:25Z.
...
000 (391343.019.000) 2024-01-22 10:59:17 Job submitted from host: <172.30.1.200:9618?addrs=172.30.1.200-9618&alias=tamsa2.snu.ac.kr&noUDP&sock=schedd_3625_06e6>
...
040 (391343.019.000) 2024-01-22 10:59:24 Started transferring input files
	Transferring to host: <172.30.1.216:9618?addrs=172.30.1.216-9618&alias=node16&noUDP&sock=slot1_28_4290_7168_332797>
...
040 (391343.019.000) 2024-01-22 10:59:24 Finished transferring input files
...
001 (391343.019.000) 2024-01-22 10:59:24 Job executing on host: <172.30.1.216:9618?addrs=172.30.1.216-9618&alias=node16&noUDP&sock=startd_4255_2791>
...
006 (391343.019.000) 2024-01-22 10:59:32 Image size of job updated: 1288
	1  -  MemoryUsage of job (MB)
	80  -  ResidentSetSize of job (KB)
...
006 (391343.019.000) 2024-01-22 11:04:32 Image size of job updated: 950940
	264  -  MemoryUsage of job (MB)
	269656  -  ResidentSetSize of job (KB)
...
006 (391343.019.000) 2024-01-22 11:09:32 Image size of job updated: 952032
	264  -  MemoryUsage of job (MB)
	269656  -  ResidentSetSize of job (KB)
...
006 (391343.019.000) 2024-01-22 11:19:34 Image size of job updated: 967156
	264  -  MemoryUsage of job (MB)
	269656  -  ResidentSetSize of job (KB)
...
040 (391343.019.000) 2024-01-22 11:21:48 Started transferring output files
...
040 (391343.019.000) 2024-01-22 11:21:49 Finished transferring output files
...
005 (391343.019.000) 2024-01-22 11:21:49 Job terminated.
	(1) Normal termination (return value 0)
		Usr 0 00:20:30, Sys 0 00:00:57  -  Run Remote Usage
		Usr 0 00:00:00, Sys 0 00:00:00  -  Run Local Usage
		Usr 0 00:20:30, Sys 0 00:00:57  -  Total Remote Usage
		Usr 0 00:00:00, Sys 0 00:00:00  -  Total Local Usage
	30813208  -  Run Bytes Sent By Job
	185924  -  Run Bytes Received By Job
	30813208  -  Total Bytes Sent By Job
	185924  -  Total Bytes Received By Job
	Partitionable Resources :    Usage  Request Allocated 
	   Cpus                 :     1.00        1         1 
	   Disk (KB)            : 30346         200    261111 
	   Memory (MB)          :   264        3900      3968 

	Job terminated of its own accord at 2024-01-22T02:21:48Z.
...
000 (391348.019.000) 2024-01-22 12:29:14 Job submitted from host: <172.30.1.200:9618?addrs=172.30.1.200-9618&alias=tamsa2.snu.ac.kr&noUDP&sock=schedd_3625_06e6>
...
040 (391348.019.000) 2024-01-22 12:29:19 Started transferring input files
	Transferring to host: <172.30.1.216:9618?addrs=172.30.1.216-9618&alias=node16&noUDP&sock=slot1_20_4290_7168_332833>
...
040 (391348.019.000) 2024-01-22 12:29:19 Finished transferring input files
...
001 (391348.019.000) 2024-01-22 12:29:19 Job executing on host: <172.30.1.216:9618?addrs=172.30.1.216-9618&alias=node16&noUDP&sock=startd_4255_2791>
...
006 (391348.019.000) 2024-01-22 12:29:27 Image size of job updated: 139344
	5  -  MemoryUsage of job (MB)
	4956  -  ResidentSetSize of job (KB)
...
006 (391348.019.000) 2024-01-22 12:34:27 Image size of job updated: 950880
	275  -  MemoryUsage of job (MB)
	280688  -  ResidentSetSize of job (KB)
...
006 (391348.019.000) 2024-01-22 12:39:27 Image size of job updated: 967356
	275  -  MemoryUsage of job (MB)
	280688  -  ResidentSetSize of job (KB)
...
040 (391348.019.000) 2024-01-22 12:51:03 Started transferring output files
...
040 (391348.019.000) 2024-01-22 12:51:04 Finished transferring output files
...
005 (391348.019.000) 2024-01-22 12:51:04 Job terminated.
	(1) Normal termination (return value 0)
		Usr 0 00:20:17, Sys 0 00:00:54  -  Run Remote Usage
		Usr 0 00:00:00, Sys 0 00:00:00  -  Run Local Usage
		Usr 0 00:20:17, Sys 0 00:00:54  -  Total Remote Usage
		Usr 0 00:00:00, Sys 0 00:00:00  -  Total Local Usage
	30813444  -  Run Bytes Sent By Job
	186484  -  Run Bytes Received By Job
	30813444  -  Total Bytes Sent By Job
	186484  -  Total Bytes Received By Job
	Partitionable Resources :    Usage  Request Allocated 
	   Cpus                 :     1.00        1         1 
	   Disk (KB)            : 30347         200    261111 
	   Memory (MB)          :   275        3900      3968 

	Job terminated of its own accord at 2024-01-22T03:51:03Z.
...
000 (391350.019.000) 2024-01-22 13:01:44 Job submitted from host: <172.30.1.200:9618?addrs=172.30.1.200-9618&alias=tamsa2.snu.ac.kr&noUDP&sock=schedd_3625_06e6>
...
040 (391350.019.000) 2024-01-22 13:02:01 Started transferring input files
	Transferring to host: <172.30.1.216:9618?addrs=172.30.1.216-9618&alias=node16&noUDP&sock=slot1_20_4290_7168_332873>
...
040 (391350.019.000) 2024-01-22 13:02:01 Finished transferring input files
...
001 (391350.019.000) 2024-01-22 13:02:01 Job executing on host: <172.30.1.216:9618?addrs=172.30.1.216-9618&alias=node16&noUDP&sock=startd_4255_2791>
...
006 (391350.019.000) 2024-01-22 13:02:10 Image size of job updated: 139088
	5  -  MemoryUsage of job (MB)
	4956  -  ResidentSetSize of job (KB)
...
006 (391350.019.000) 2024-01-22 13:07:11 Image size of job updated: 951912
	284  -  MemoryUsage of job (MB)
	290704  -  ResidentSetSize of job (KB)
...
006 (391350.019.000) 2024-01-22 13:12:11 Image size of job updated: 968180
	284  -  MemoryUsage of job (MB)
	290704  -  ResidentSetSize of job (KB)
...
006 (391350.019.000) 2024-01-22 13:22:12 Image size of job updated: 968264
	284  -  MemoryUsage of job (MB)
	290704  -  ResidentSetSize of job (KB)
...
040 (391350.019.000) 2024-01-22 13:23:31 Started transferring output files
...
040 (391350.019.000) 2024-01-22 13:23:33 Finished transferring output files
...
005 (391350.019.000) 2024-01-22 13:23:33 Job terminated.
	(1) Normal termination (return value 0)
		Usr 0 00:20:03, Sys 0 00:00:54  -  Run Remote Usage
		Usr 0 00:00:00, Sys 0 00:00:00  -  Run Local Usage
		Usr 0 00:20:03, Sys 0 00:00:54  -  Total Remote Usage
		Usr 0 00:00:00, Sys 0 00:00:00  -  Total Local Usage
	30848090  -  Run Bytes Sent By Job
	186577  -  Run Bytes Received By Job
	30848090  -  Total Bytes Sent By Job
	186577  -  Total Bytes Received By Job
	Partitionable Resources :    Usage  Request Allocated 
	   Cpus                 :     1.00        1         1 
	   Disk (KB)            : 30381         200    261111 
	   Memory (MB)          :   284        3900      3968 

	Job terminated of its own accord at 2024-01-22T04:23:31Z.
...
000 (391361.019.000) 2024-01-22 13:44:17 Job submitted from host: <172.30.1.200:9618?addrs=172.30.1.200-9618&alias=tamsa2.snu.ac.kr&noUDP&sock=schedd_3625_06e6>
...
040 (391361.019.000) 2024-01-22 13:44:30 Started transferring input files
	Transferring to host: <172.30.1.216:9618?addrs=172.30.1.216-9618&alias=node16&noUDP&sock=slot1_45_4290_7168_333003>
...
040 (391361.019.000) 2024-01-22 13:44:30 Finished transferring input files
...
001 (391361.019.000) 2024-01-22 13:44:30 Job executing on host: <172.30.1.216:9618?addrs=172.30.1.216-9618&alias=node16&noUDP&sock=startd_4255_2791>
...
006 (391361.019.000) 2024-01-22 13:44:38 Image size of job updated: 139088
	5  -  MemoryUsage of job (MB)
	4960  -  ResidentSetSize of job (KB)
...
006 (391361.019.000) 2024-01-22 13:48:27 Image size of job updated: 868888
	5  -  MemoryUsage of job (MB)
	4960  -  ResidentSetSize of job (KB)
...
040 (391361.019.000) 2024-01-22 13:48:27 Started transferring output files
...
040 (391361.019.000) 2024-01-22 13:48:30 Finished transferring output files
...
005 (391361.019.000) 2024-01-22 13:48:30 Job terminated.
	(1) Normal termination (return value 0)
		Usr 0 00:03:21, Sys 0 00:00:13  -  Run Remote Usage
		Usr 0 00:00:00, Sys 0 00:00:00  -  Run Local Usage
		Usr 0 00:03:21, Sys 0 00:00:13  -  Total Remote Usage
		Usr 0 00:00:00, Sys 0 00:00:00  -  Total Local Usage
	31192200  -  Run Bytes Sent By Job
	191813  -  Run Bytes Received By Job
	31192200  -  Total Bytes Sent By Job
	191813  -  Total Bytes Received By Job
	Partitionable Resources :    Usage  Request Allocated 
	   Cpus                 :     0.99        1         1 
	   Disk (KB)            : 30724         200    261111 
	   Memory (MB)          :     5        3900      3968 

	Job terminated of its own accord at 2024-01-22T04:48:27Z.
...
000 (391362.019.000) 2024-01-22 13:50:58 Job submitted from host: <172.30.1.200:9618?addrs=172.30.1.200-9618&alias=tamsa2.snu.ac.kr&noUDP&sock=schedd_3625_06e6>
...
040 (391362.019.000) 2024-01-22 13:51:00 Started transferring input files
	Transferring to host: <172.30.1.216:9618?addrs=172.30.1.216-9618&alias=node16&noUDP&sock=slot1_6_4290_7168_333029>
...
040 (391362.019.000) 2024-01-22 13:51:00 Finished transferring input files
...
001 (391362.019.000) 2024-01-22 13:51:00 Job executing on host: <172.30.1.216:9618?addrs=172.30.1.216-9618&alias=node16&noUDP&sock=startd_4255_2791>
...
006 (391362.019.000) 2024-01-22 13:51:09 Image size of job updated: 561388
	68  -  MemoryUsage of job (MB)
	69432  -  ResidentSetSize of job (KB)
...
006 (391362.019.000) 2024-01-22 13:56:10 Image size of job updated: 969340
	256  -  MemoryUsage of job (MB)
	261452  -  ResidentSetSize of job (KB)
...
006 (391362.019.000) 2024-01-22 14:11:12 Image size of job updated: 969788
	306  -  MemoryUsage of job (MB)
	313112  -  ResidentSetSize of job (KB)
...
040 (391362.019.000) 2024-01-22 14:15:52 Started transferring output files
...
040 (391362.019.000) 2024-01-22 14:15:53 Finished transferring output files
...
005 (391362.019.000) 2024-01-22 14:15:53 Job terminated.
	(1) Normal termination (return value 0)
		Usr 0 00:22:21, Sys 0 00:01:03  -  Run Remote Usage
		Usr 0 00:00:00, Sys 0 00:00:00  -  Run Local Usage
		Usr 0 00:22:21, Sys 0 00:01:03  -  Total Remote Usage
		Usr 0 00:00:00, Sys 0 00:00:00  -  Total Local Usage
	30853210  -  Run Bytes Sent By Job
	191814  -  Run Bytes Received By Job
	30853210  -  Total Bytes Sent By Job
	191814  -  Total Bytes Received By Job
	Partitionable Resources :    Usage  Request Allocated 
	   Cpus                 :     1.00        1         1 
	   Disk (KB)            : 30393         200    261111 
	   Memory (MB)          :   306        3900      3968 

	Job terminated of its own accord at 2024-01-22T05:15:52Z.
...
000 (391496.019.000) 2024-01-22 14:58:10 Job submitted from host: <172.30.1.200:9618?addrs=172.30.1.200-9618&alias=tamsa2.snu.ac.kr&noUDP&sock=schedd_3625_06e6>
...
040 (391496.019.000) 2024-01-22 14:58:19 Started transferring input files
	Transferring to host: <172.30.1.216:9618?addrs=172.30.1.216-9618&alias=node16&noUDP&sock=slot1_30_4290_7168_333210>
...
001 (391496.019.000) 2024-01-22 14:58:19 Job executing on host: <172.30.1.216:9618?addrs=172.30.1.216-9618&alias=node16&noUDP&sock=startd_4255_2791>
...
040 (391496.019.000) 2024-01-22 14:58:19 Finished transferring input files
...
006 (391496.019.000) 2024-01-22 14:58:27 Image size of job updated: 139344
	5  -  MemoryUsage of job (MB)
	4960  -  ResidentSetSize of job (KB)
...
006 (391496.019.000) 2024-01-22 15:03:27 Image size of job updated: 969784
	239  -  MemoryUsage of job (MB)
	243924  -  ResidentSetSize of job (KB)
...
006 (391496.019.000) 2024-01-22 15:08:28 Image size of job updated: 969784
	285  -  MemoryUsage of job (MB)
	291504  -  ResidentSetSize of job (KB)
...
006 (391496.019.000) 2024-01-22 15:23:30 Image size of job updated: 969784
	295  -  MemoryUsage of job (MB)
	301684  -  ResidentSetSize of job (KB)
...
040 (391496.019.000) 2024-01-22 15:27:33 Started transferring output files
...
040 (391496.019.000) 2024-01-22 15:27:34 Finished transferring output files
...
005 (391496.019.000) 2024-01-22 15:27:34 Job terminated.
	(1) Normal termination (return value 0)
		Usr 0 00:27:08, Sys 0 00:01:17  -  Run Remote Usage
		Usr 0 00:00:00, Sys 0 00:00:00  -  Run Local Usage
		Usr 0 00:27:08, Sys 0 00:01:17  -  Total Remote Usage
		Usr 0 00:00:00, Sys 0 00:00:00  -  Total Local Usage
	30836256  -  Run Bytes Sent By Job
	191814  -  Run Bytes Received By Job
	30836256  -  Total Bytes Sent By Job
	191814  -  Total Bytes Received By Job
	Partitionable Resources :    Usage  Request Allocated 
	   Cpus                 :     0.99        1         1 
	   Disk (KB)            : 30376         200    261111 
	   Memory (MB)          :   295        3900      3968 

	Job terminated of its own accord at 2024-01-22T06:27:33Z.
...
000 (391511.019.000) 2024-01-22 15:59:41 Job submitted from host: <172.30.1.200:9618?addrs=172.30.1.200-9618&alias=tamsa2.snu.ac.kr&noUDP&sock=schedd_3625_06e6>
...
040 (391511.019.000) 2024-01-22 15:59:53 Started transferring input files
	Transferring to host: <172.30.1.214:9618?addrs=172.30.1.214-9618&alias=node14&noUDP&sock=slot1_42_4480_50af_235844>
...
040 (391511.019.000) 2024-01-22 15:59:53 Finished transferring input files
...
001 (391511.019.000) 2024-01-22 15:59:53 Job executing on host: <172.30.1.214:9618?addrs=172.30.1.214-9618&alias=node14&noUDP&sock=startd_4446_2a28>
...
006 (391511.019.000) 2024-01-22 16:00:02 Image size of job updated: 139344
	5  -  MemoryUsage of job (MB)
	4956  -  ResidentSetSize of job (KB)
...
006 (391511.019.000) 2024-01-22 16:05:03 Image size of job updated: 953396
	226  -  MemoryUsage of job (MB)
	230564  -  ResidentSetSize of job (KB)
...
006 (391511.019.000) 2024-01-22 16:10:04 Image size of job updated: 962640
	276  -  MemoryUsage of job (MB)
	282064  -  ResidentSetSize of job (KB)
...
006 (391511.019.000) 2024-01-22 16:15:04 Image size of job updated: 969624
	276  -  MemoryUsage of job (MB)
	282064  -  ResidentSetSize of job (KB)
...
006 (391511.019.000) 2024-01-22 16:20:04 Image size of job updated: 969624
	286  -  MemoryUsage of job (MB)
	292116  -  ResidentSetSize of job (KB)
...
006 (391511.019.000) 2024-01-22 16:26:01 Image size of job updated: 970072
	286  -  MemoryUsage of job (MB)
	292116  -  ResidentSetSize of job (KB)
...
040 (391511.019.000) 2024-01-22 16:26:01 Started transferring output files
...
040 (391511.019.000) 2024-01-22 16:26:03 Finished transferring output files
...
005 (391511.019.000) 2024-01-22 16:26:03 Job terminated.
	(1) Normal termination (return value 0)
		Usr 0 00:24:19, Sys 0 00:01:15  -  Run Remote Usage
		Usr 0 00:00:00, Sys 0 00:00:00  -  Run Local Usage
		Usr 0 00:24:19, Sys 0 00:01:15  -  Total Remote Usage
		Usr 0 00:00:00, Sys 0 00:00:00  -  Total Local Usage
	30848698  -  Run Bytes Sent By Job
	191824  -  Run Bytes Received By Job
	30848698  -  Total Bytes Sent By Job
	191824  -  Total Bytes Received By Job
	Partitionable Resources :    Usage  Request Allocated 
	   Cpus                 :     1.01        1         1 
	   Disk (KB)            : 30389         200    261111 
	   Memory (MB)          :   286        3900      3968 

	Job terminated of its own accord at 2024-01-22T07:26:01Z.
...
000 (391574.019.000) 2024-01-22 23:14:59 Job submitted from host: <172.30.1.200:9618?addrs=172.30.1.200-9618&alias=tamsa2.snu.ac.kr&noUDP&sock=schedd_3625_06e6>
...
040 (391574.019.000) 2024-01-22 23:15:01 Started transferring input files
	Transferring to host: <172.30.1.216:9618?addrs=172.30.1.216-9618&alias=node16&noUDP&sock=slot1_2_4290_7168_334219>
...
040 (391574.019.000) 2024-01-22 23:15:01 Finished transferring input files
...
001 (391574.019.000) 2024-01-22 23:15:01 Job executing on host: <172.30.1.216:9618?addrs=172.30.1.216-9618&alias=node16&noUDP&sock=startd_4255_2791>
...
006 (391574.019.000) 2024-01-22 23:15:10 Image size of job updated: 139344
	5  -  MemoryUsage of job (MB)
	4952  -  ResidentSetSize of job (KB)
...
006 (391574.019.000) 2024-01-22 23:20:11 Image size of job updated: 969132
	285  -  MemoryUsage of job (MB)
	291216  -  ResidentSetSize of job (KB)
...
006 (391574.019.000) 2024-01-22 23:35:13 Image size of job updated: 969864
	285  -  MemoryUsage of job (MB)
	291216  -  ResidentSetSize of job (KB)
...
004 (391574.019.000) 2024-01-22 23:35:24 Job was evicted.
	(0) CPU times
		Usr 0 00:18:39, Sys 0 00:00:54  -  Run Remote Usage
		Usr 0 00:00:00, Sys 0 00:00:00  -  Run Local Usage
	0  -  Run Bytes Sent By Job
	191685  -  Run Bytes Received By Job
	Partitionable Resources :    Usage  Request Allocated 
	   Cpus                 :     1.00        1         1 
	   Disk (KB)            : 12085         200    261111 
	   Memory (MB)          :   285        3900      3968 
...
009 (391574.019.000) 2024-01-22 23:35:24 Job was aborted.
	via condor_rm (by user shin)
...
000 (391577.019.000) 2024-01-22 23:35:26 Job submitted from host: <172.30.1.200:9618?addrs=172.30.1.200-9618&alias=tamsa2.snu.ac.kr&noUDP&sock=schedd_3625_06e6>
...
040 (391577.019.000) 2024-01-22 23:35:35 Started transferring input files
	Transferring to host: <172.30.1.216:9618?addrs=172.30.1.216-9618&alias=node16&noUDP&sock=slot1_20_4290_7168_334297>
...
040 (391577.019.000) 2024-01-22 23:35:35 Finished transferring input files
...
001 (391577.019.000) 2024-01-22 23:35:35 Job executing on host: <172.30.1.216:9618?addrs=172.30.1.216-9618&alias=node16&noUDP&sock=startd_4255_2791>
...
006 (391577.019.000) 2024-01-22 23:35:44 Image size of job updated: 139088
	5  -  MemoryUsage of job (MB)
	4956  -  ResidentSetSize of job (KB)
...
006 (391577.019.000) 2024-01-22 23:40:45 Image size of job updated: 952752
	248  -  MemoryUsage of job (MB)
	253036  -  ResidentSetSize of job (KB)
...
006 (391577.019.000) 2024-01-22 23:45:45 Image size of job updated: 962596
	285  -  MemoryUsage of job (MB)
	290912  -  ResidentSetSize of job (KB)
...
006 (391577.019.000) 2024-01-22 23:50:46 Image size of job updated: 962616
	285  -  MemoryUsage of job (MB)
	290912  -  ResidentSetSize of job (KB)
...
006 (391577.019.000) 2024-01-22 23:55:49 Image size of job updated: 963356
	285  -  MemoryUsage of job (MB)
	290912  -  ResidentSetSize of job (KB)
...
006 (391577.019.000) 2024-01-23 00:00:47 Image size of job updated: 969596
	285  -  MemoryUsage of job (MB)
	290912  -  ResidentSetSize of job (KB)
...
006 (391577.019.000) 2024-01-23 00:03:19 Image size of job updated: 969956
	285  -  MemoryUsage of job (MB)
	290912  -  ResidentSetSize of job (KB)
...
040 (391577.019.000) 2024-01-23 00:03:20 Started transferring output files
...
040 (391577.019.000) 2024-01-23 00:03:20 Finished transferring output files
...
005 (391577.019.000) 2024-01-23 00:03:20 Job terminated.
	(1) Normal termination (return value 0)
		Usr 0 00:26:11, Sys 0 00:01:12  -  Run Remote Usage
		Usr 0 00:00:00, Sys 0 00:00:00  -  Run Local Usage
		Usr 0 00:26:11, Sys 0 00:01:12  -  Total Remote Usage
		Usr 0 00:00:00, Sys 0 00:00:00  -  Total Local Usage
	30831566  -  Run Bytes Sent By Job
	191687  -  Run Bytes Received By Job
	30831566  -  Total Bytes Sent By Job
	191687  -  Total Bytes Received By Job
	Partitionable Resources :    Usage  Request Allocated 
	   Cpus                 :     1.00        1         1 
	   Disk (KB)            : 30372         200    261111 
	   Memory (MB)          :   285        3900      3968 

	Job terminated of its own accord at 2024-01-22T15:03:19Z.
...
000 (391582.019.000) 2024-01-23 10:33:34 Job submitted from host: <172.30.1.200:9618?addrs=172.30.1.200-9618&alias=tamsa2.snu.ac.kr&noUDP&sock=schedd_3625_06e6>
...
040 (391582.019.000) 2024-01-23 10:33:41 Started transferring input files
	Transferring to host: <172.30.1.216:9618?addrs=172.30.1.216-9618&alias=node16&noUDP&sock=slot1_28_4290_7168_337545>
...
040 (391582.019.000) 2024-01-23 10:33:41 Finished transferring input files
...
001 (391582.019.000) 2024-01-23 10:33:41 Job executing on host: <172.30.1.216:9618?addrs=172.30.1.216-9618&alias=node16&noUDP&sock=startd_4255_2791>
...
006 (391582.019.000) 2024-01-23 10:33:50 Image size of job updated: 4712
	5  -  MemoryUsage of job (MB)
	4700  -  ResidentSetSize of job (KB)
...
006 (391582.019.000) 2024-01-23 10:38:51 Image size of job updated: 952936
	276  -  MemoryUsage of job (MB)
	281920  -  ResidentSetSize of job (KB)
...
006 (391582.019.000) 2024-01-23 10:43:52 Image size of job updated: 969068
	276  -  MemoryUsage of job (MB)
	281920  -  ResidentSetSize of job (KB)
...
006 (391582.019.000) 2024-01-23 10:48:52 Image size of job updated: 970036
	276  -  MemoryUsage of job (MB)
	281920  -  ResidentSetSize of job (KB)
...
040 (391582.019.000) 2024-01-23 10:55:14 Started transferring output files
...
040 (391582.019.000) 2024-01-23 10:55:15 Finished transferring output files
...
005 (391582.019.000) 2024-01-23 10:55:15 Job terminated.
	(1) Normal termination (return value 0)
		Usr 0 00:19:44, Sys 0 00:00:55  -  Run Remote Usage
		Usr 0 00:00:00, Sys 0 00:00:00  -  Run Local Usage
		Usr 0 00:19:44, Sys 0 00:00:55  -  Total Remote Usage
		Usr 0 00:00:00, Sys 0 00:00:00  -  Total Local Usage
	30833548  -  Run Bytes Sent By Job
	191687  -  Run Bytes Received By Job
	30833548  -  Total Bytes Sent By Job
	191687  -  Total Bytes Received By Job
	Partitionable Resources :    Usage  Request Allocated 
	   Cpus                 :     1.00        1         1 
	   Disk (KB)            : 30374         200    261111 
	   Memory (MB)          :   276        3900      3968 

	Job terminated of its own accord at 2024-01-23T01:55:14Z.
...
