000 (390874.006.000) 2024-01-18 20:28:10 Job submitted from host: <172.30.1.200:9618?addrs=172.30.1.200-9618&alias=tamsa2.snu.ac.kr&noUDP&sock=schedd_3625_06e6>
...
040 (390874.006.000) 2024-01-18 20:28:23 Started transferring input files
	Transferring to host: <172.30.1.213:9618?addrs=172.30.1.213-9618&alias=node13&noUDP&sock=slot1_47_4363_e0ca_274557>
...
001 (390874.006.000) 2024-01-18 20:28:23 Job executing on host: <172.30.1.213:9618?addrs=172.30.1.213-9618&alias=node13&noUDP&sock=startd_4329_e993>
...
040 (390874.006.000) 2024-01-18 20:28:23 Finished transferring input files
...
006 (390874.006.000) 2024-01-18 20:28:32 Image size of job updated: 152880
	49  -  MemoryUsage of job (MB)
	49824  -  ResidentSetSize of job (KB)
...
006 (390874.006.000) 2024-01-18 20:30:35 Image size of job updated: 846488
	49  -  MemoryUsage of job (MB)
	49824  -  ResidentSetSize of job (KB)
...
040 (390874.006.000) 2024-01-18 20:30:35 Started transferring output files
...
040 (390874.006.000) 2024-01-18 20:30:36 Finished transferring output files
...
005 (390874.006.000) 2024-01-18 20:30:36 Job terminated.
	(1) Normal termination (return value 0)
		Usr 0 00:01:17, Sys 0 00:00:08  -  Run Remote Usage
		Usr 0 00:00:00, Sys 0 00:00:00  -  Run Local Usage
		Usr 0 00:01:17, Sys 0 00:00:08  -  Total Remote Usage
		Usr 0 00:00:00, Sys 0 00:00:00  -  Total Local Usage
	14442829  -  Run Bytes Sent By Job
	181578  -  Run Bytes Received By Job
	14442829  -  Total Bytes Sent By Job
	181578  -  Total Bytes Received By Job
	Partitionable Resources :    Usage  Request Allocated 
	   Cpus                 :                 1         1 
	   Disk (KB)            :    14348      200    261111 
	   Memory (MB)          :       49     3900      3968 

	Job terminated of its own accord at 2024-01-18T11:30:35Z.
...
000 (390875.006.000) 2024-01-18 20:45:32 Job submitted from host: <172.30.1.200:9618?addrs=172.30.1.200-9618&alias=tamsa2.snu.ac.kr&noUDP&sock=schedd_3625_06e6>
...
040 (390875.006.000) 2024-01-18 20:45:45 Started transferring input files
	Transferring to host: <172.30.1.202:9618?addrs=172.30.1.202-9618&alias=node2&noUDP&sock=slot1_17_3851_20b6_74247>
...
040 (390875.006.000) 2024-01-18 20:45:45 Finished transferring input files
...
001 (390875.006.000) 2024-01-18 20:45:45 Job executing on host: <172.30.1.202:9618?addrs=172.30.1.202-9618&alias=node2&noUDP&sock=startd_3818_68ae>
...
006 (390875.006.000) 2024-01-18 20:45:54 Image size of job updated: 567196
	181  -  MemoryUsage of job (MB)
	184576  -  ResidentSetSize of job (KB)
...
006 (390875.006.000) 2024-01-18 20:50:01 Image size of job updated: 868132
	181  -  MemoryUsage of job (MB)
	184576  -  ResidentSetSize of job (KB)
...
040 (390875.006.000) 2024-01-18 20:50:01 Started transferring output files
...
040 (390875.006.000) 2024-01-18 20:50:04 Finished transferring output files
...
005 (390875.006.000) 2024-01-18 20:50:04 Job terminated.
	(1) Normal termination (return value 0)
		Usr 0 00:03:48, Sys 0 00:00:16  -  Run Remote Usage
		Usr 0 00:00:00, Sys 0 00:00:00  -  Run Local Usage
		Usr 0 00:03:48, Sys 0 00:00:16  -  Total Remote Usage
		Usr 0 00:00:00, Sys 0 00:00:00  -  Total Local Usage
	95519272  -  Run Bytes Sent By Job
	182042  -  Run Bytes Received By Job
	95519272  -  Total Bytes Sent By Job
	182042  -  Total Bytes Received By Job
	Partitionable Resources :    Usage  Request Allocated 
	   Cpus                 :     0.86        1         1 
	   Disk (KB)            : 93531         200    128928 
	   Memory (MB)          :   181        3900      3968 

	Job terminated of its own accord at 2024-01-18T11:50:01Z.
...
000 (390886.006.000) 2024-01-18 21:10:43 Job submitted from host: <172.30.1.200:9618?addrs=172.30.1.200-9618&alias=tamsa2.snu.ac.kr&noUDP&sock=schedd_3625_06e6>
...
040 (390886.006.000) 2024-01-18 21:10:44 Started transferring input files
	Transferring to host: <172.30.1.202:9618?addrs=172.30.1.202-9618&alias=node2&noUDP&sock=slot1_17_3851_20b6_74266>
...
001 (390886.006.000) 2024-01-18 21:10:44 Job executing on host: <172.30.1.202:9618?addrs=172.30.1.202-9618&alias=node2&noUDP&sock=startd_3818_68ae>
...
040 (390886.006.000) 2024-01-18 21:10:44 Finished transferring input files
...
006 (390886.006.000) 2024-01-18 21:10:53 Image size of job updated: 203928
	182  -  MemoryUsage of job (MB)
	185688  -  ResidentSetSize of job (KB)
...
006 (390886.006.000) 2024-01-18 21:12:09 Image size of job updated: 844064
	182  -  MemoryUsage of job (MB)
	185688  -  ResidentSetSize of job (KB)
...
040 (390886.006.000) 2024-01-18 21:12:10 Started transferring output files
...
040 (390886.006.000) 2024-01-18 21:12:10 Finished transferring output files
...
005 (390886.006.000) 2024-01-18 21:12:10 Job terminated.
	(1) Normal termination (return value 0)
		Usr 0 00:01:07, Sys 0 00:00:06  -  Run Remote Usage
		Usr 0 00:00:00, Sys 0 00:00:00  -  Run Local Usage
		Usr 0 00:01:07, Sys 0 00:00:06  -  Total Remote Usage
		Usr 0 00:00:00, Sys 0 00:00:00  -  Total Local Usage
	7473247  -  Run Bytes Sent By Job
	181210  -  Run Bytes Received By Job
	7473247  -  Total Bytes Sent By Job
	181210  -  Total Bytes Received By Job
	Partitionable Resources :    Usage  Request Allocated 
	   Cpus                 :                 1         1 
	   Disk (KB)            :     7541      200    128928 
	   Memory (MB)          :      182     3900      3968 

	Job terminated of its own accord at 2024-01-18T12:12:09Z.
...
000 (390887.006.000) 2024-01-18 21:19:38 Job submitted from host: <172.30.1.200:9618?addrs=172.30.1.200-9618&alias=tamsa2.snu.ac.kr&noUDP&sock=schedd_3625_06e6>
...
040 (390887.006.000) 2024-01-18 21:19:39 Started transferring input files
	Transferring to host: <172.30.1.202:9618?addrs=172.30.1.202-9618&alias=node2&noUDP&sock=slot1_17_3851_20b6_74272>
...
001 (390887.006.000) 2024-01-18 21:19:39 Job executing on host: <172.30.1.202:9618?addrs=172.30.1.202-9618&alias=node2&noUDP&sock=startd_3818_68ae>
...
040 (390887.006.000) 2024-01-18 21:19:39 Finished transferring input files
...
006 (390887.006.000) 2024-01-18 21:19:48 Image size of job updated: 810504
	183  -  MemoryUsage of job (MB)
	186744  -  ResidentSetSize of job (KB)
...
006 (390887.006.000) 2024-01-18 21:23:09 Image size of job updated: 865368
	183  -  MemoryUsage of job (MB)
	186968  -  ResidentSetSize of job (KB)
...
040 (390887.006.000) 2024-01-18 21:23:09 Started transferring output files
...
040 (390887.006.000) 2024-01-18 21:23:09 Finished transferring output files
...
005 (390887.006.000) 2024-01-18 21:23:09 Job terminated.
	(1) Normal termination (return value 0)
		Usr 0 00:03:06, Sys 0 00:00:15  -  Run Remote Usage
		Usr 0 00:00:00, Sys 0 00:00:00  -  Run Local Usage
		Usr 0 00:03:06, Sys 0 00:00:15  -  Total Remote Usage
		Usr 0 00:00:00, Sys 0 00:00:00  -  Total Local Usage
	34796416  -  Run Bytes Sent By Job
	181210  -  Run Bytes Received By Job
	34796416  -  Total Bytes Sent By Job
	181210  -  Total Bytes Received By Job
	Partitionable Resources :    Usage  Request Allocated 
	   Cpus                 :     0.66        1         1 
	   Disk (KB)            : 34229         200    128928 
	   Memory (MB)          :   183        3900      3968 

	Job terminated of its own accord at 2024-01-18T12:23:09Z.
...
000 (390888.006.000) 2024-01-18 21:30:57 Job submitted from host: <172.30.1.200:9618?addrs=172.30.1.200-9618&alias=tamsa2.snu.ac.kr&noUDP&sock=schedd_3625_06e6>
...
040 (390888.006.000) 2024-01-18 21:30:59 Started transferring input files
	Transferring to host: <172.30.1.206:9618?addrs=172.30.1.206-9618&alias=node6&noUDP&sock=slot1_23_3722_3c50_223541>
...
001 (390888.006.000) 2024-01-18 21:31:00 Job executing on host: <172.30.1.206:9618?addrs=172.30.1.206-9618&alias=node6&noUDP&sock=startd_3686_de2d>
...
040 (390888.006.000) 2024-01-18 21:31:00 Finished transferring input files
...
006 (390888.006.000) 2024-01-18 21:31:08 Image size of job updated: 832952
	182  -  MemoryUsage of job (MB)
	186368  -  ResidentSetSize of job (KB)
...
006 (390888.006.000) 2024-01-18 21:34:25 Image size of job updated: 872320
	182  -  MemoryUsage of job (MB)
	186368  -  ResidentSetSize of job (KB)
...
040 (390888.006.000) 2024-01-18 21:34:25 Started transferring output files
...
040 (390888.006.000) 2024-01-18 21:34:26 Finished transferring output files
...
005 (390888.006.000) 2024-01-18 21:34:26 Job terminated.
	(1) Normal termination (return value 0)
		Usr 0 00:03:04, Sys 0 00:00:14  -  Run Remote Usage
		Usr 0 00:00:00, Sys 0 00:00:00  -  Run Local Usage
		Usr 0 00:03:04, Sys 0 00:00:14  -  Total Remote Usage
		Usr 0 00:00:00, Sys 0 00:00:00  -  Total Local Usage
	33930400  -  Run Bytes Sent By Job
	181214  -  Run Bytes Received By Job
	33930400  -  Total Bytes Sent By Job
	181214  -  Total Bytes Received By Job
	Partitionable Resources :    Usage  Request Allocated 
	   Cpus                 :                 1         1 
	   Disk (KB)            :    33378      200     95898 
	   Memory (MB)          :      182     3900      3968 

	Job terminated of its own accord at 2024-01-18T12:34:25Z.
...
000 (390894.006.000) 2024-01-18 21:35:52 Job submitted from host: <172.30.1.200:9618?addrs=172.30.1.200-9618&alias=tamsa2.snu.ac.kr&noUDP&sock=schedd_3625_06e6>
...
040 (390894.006.000) 2024-01-18 21:36:08 Started transferring input files
	Transferring to host: <172.30.1.211:9618?addrs=172.30.1.211-9618&alias=node11&noUDP&sock=slot1_5_3735_6531_176982>
...
001 (390894.006.000) 2024-01-18 21:36:08 Job executing on host: <172.30.1.211:9618?addrs=172.30.1.211-9618&alias=node11&noUDP&sock=startd_3699_c8e9>
...
040 (390894.006.000) 2024-01-18 21:36:08 Finished transferring input files
...
006 (390894.006.000) 2024-01-18 21:36:17 Image size of job updated: 731420
	183  -  MemoryUsage of job (MB)
	186372  -  ResidentSetSize of job (KB)
...
006 (390894.006.000) 2024-01-18 21:39:34 Image size of job updated: 868288
	183  -  MemoryUsage of job (MB)
	186372  -  ResidentSetSize of job (KB)
...
040 (390894.006.000) 2024-01-18 21:39:34 Started transferring output files
...
040 (390894.006.000) 2024-01-18 21:39:35 Finished transferring output files
...
005 (390894.006.000) 2024-01-18 21:39:35 Job terminated.
	(1) Normal termination (return value 0)
		Usr 0 00:03:01, Sys 0 00:00:14  -  Run Remote Usage
		Usr 0 00:00:00, Sys 0 00:00:00  -  Run Local Usage
		Usr 0 00:03:01, Sys 0 00:00:14  -  Total Remote Usage
		Usr 0 00:00:00, Sys 0 00:00:00  -  Total Local Usage
	33832672  -  Run Bytes Sent By Job
	181194  -  Run Bytes Received By Job
	33832672  -  Total Bytes Sent By Job
	181194  -  Total Bytes Received By Job
	Partitionable Resources :    Usage  Request Allocated 
	   Cpus                 :                 1         1 
	   Disk (KB)            :    33283      200    128928 
	   Memory (MB)          :      183     3900      3968 

	Job terminated of its own accord at 2024-01-18T12:39:34Z.
...
000 (390895.006.000) 2024-01-18 21:48:05 Job submitted from host: <172.30.1.200:9618?addrs=172.30.1.200-9618&alias=tamsa2.snu.ac.kr&noUDP&sock=schedd_3625_06e6>
...
040 (390895.006.000) 2024-01-18 21:48:07 Started transferring input files
	Transferring to host: <172.30.1.211:9618?addrs=172.30.1.211-9618&alias=node11&noUDP&sock=slot1_21_3735_6531_177097>
...
001 (390895.006.000) 2024-01-18 21:48:07 Job executing on host: <172.30.1.211:9618?addrs=172.30.1.211-9618&alias=node11&noUDP&sock=startd_3699_c8e9>
...
040 (390895.006.000) 2024-01-18 21:48:07 Finished transferring input files
...
006 (390895.006.000) 2024-01-18 21:48:16 Image size of job updated: 162832
	143  -  MemoryUsage of job (MB)
	145444  -  ResidentSetSize of job (KB)
...
006 (390895.006.000) 2024-01-18 21:50:05 Image size of job updated: 865124
	143  -  MemoryUsage of job (MB)
	145572  -  ResidentSetSize of job (KB)
...
004 (390895.006.000) 2024-01-18 21:50:06 Job was evicted.
	(0) CPU times
		Usr 0 00:01:26, Sys 0 00:00:07  -  Run Remote Usage
		Usr 0 00:00:00, Sys 0 00:00:00  -  Run Local Usage
	0  -  Run Bytes Sent By Job
	182143  -  Run Bytes Received By Job
	Partitionable Resources :    Usage  Request Allocated 
	   Cpus                 :     0.63        1         1 
	   Disk (KB)            :  7249         200    128928 
	   Memory (MB)          :   143        3900      3968 
...
009 (390895.006.000) 2024-01-18 21:50:06 Job was aborted.
	via condor_rm (by user shin)
...
000 (390896.006.000) 2024-01-18 21:53:08 Job submitted from host: <172.30.1.200:9618?addrs=172.30.1.200-9618&alias=tamsa2.snu.ac.kr&noUDP&sock=schedd_3625_06e6>
...
040 (390896.006.000) 2024-01-18 21:54:28 Started transferring input files
	Transferring to host: <172.30.1.214:9618?addrs=172.30.1.214-9618&alias=node14&noUDP&sock=slot1_53_4480_50af_234526>
...
040 (390896.006.000) 2024-01-18 21:54:28 Finished transferring input files
...
001 (390896.006.000) 2024-01-18 21:54:28 Job executing on host: <172.30.1.214:9618?addrs=172.30.1.214-9618&alias=node14&noUDP&sock=startd_4446_2a28>
...
006 (390896.006.000) 2024-01-18 21:54:36 Image size of job updated: 561380
	130  -  MemoryUsage of job (MB)
	132416  -  ResidentSetSize of job (KB)
...
006 (390896.006.000) 2024-01-18 21:59:07 Image size of job updated: 872080
	130  -  MemoryUsage of job (MB)
	132416  -  ResidentSetSize of job (KB)
...
040 (390896.006.000) 2024-01-18 21:59:07 Started transferring output files
...
040 (390896.006.000) 2024-01-18 21:59:08 Finished transferring output files
...
005 (390896.006.000) 2024-01-18 21:59:08 Job terminated.
	(1) Normal termination (return value 0)
		Usr 0 00:03:33, Sys 0 00:00:17  -  Run Remote Usage
		Usr 0 00:00:00, Sys 0 00:00:00  -  Run Local Usage
		Usr 0 00:03:33, Sys 0 00:00:17  -  Total Remote Usage
		Usr 0 00:00:00, Sys 0 00:00:00  -  Total Local Usage
	40369752  -  Run Bytes Sent By Job
	182135  -  Run Bytes Received By Job
	40369752  -  Total Bytes Sent By Job
	182135  -  Total Bytes Received By Job
	Partitionable Resources :    Usage  Request Allocated 
	   Cpus                 :     0.65        1         1 
	   Disk (KB)            : 39674         200    261111 
	   Memory (MB)          :   130        3900      3968 

	Job terminated of its own accord at 2024-01-18T12:59:07Z.
...
000 (390897.006.000) 2024-01-18 22:03:48 Job submitted from host: <172.30.1.200:9618?addrs=172.30.1.200-9618&alias=tamsa2.snu.ac.kr&noUDP&sock=schedd_3625_06e6>
...
040 (390897.006.000) 2024-01-18 22:04:49 Started transferring input files
	Transferring to host: <172.30.1.213:9618?addrs=172.30.1.213-9618&alias=node13&noUDP&sock=slot1_72_4363_e0ca_274646>
...
001 (390897.006.000) 2024-01-18 22:04:49 Job executing on host: <172.30.1.213:9618?addrs=172.30.1.213-9618&alias=node13&noUDP&sock=startd_4329_e993>
...
040 (390897.006.000) 2024-01-18 22:04:49 Finished transferring input files
...
006 (390897.006.000) 2024-01-18 22:04:58 Image size of job updated: 562176
	181  -  MemoryUsage of job (MB)
	184572  -  ResidentSetSize of job (KB)
...
006 (390897.006.000) 2024-01-18 22:08:58 Image size of job updated: 866396
	181  -  MemoryUsage of job (MB)
	184572  -  ResidentSetSize of job (KB)
...
040 (390897.006.000) 2024-01-18 22:08:58 Started transferring output files
...
040 (390897.006.000) 2024-01-18 22:08:59 Finished transferring output files
...
005 (390897.006.000) 2024-01-18 22:08:59 Job terminated.
	(1) Normal termination (return value 0)
		Usr 0 00:03:19, Sys 0 00:00:15  -  Run Remote Usage
		Usr 0 00:00:00, Sys 0 00:00:00  -  Run Local Usage
		Usr 0 00:03:19, Sys 0 00:00:15  -  Total Remote Usage
		Usr 0 00:00:00, Sys 0 00:00:00  -  Total Local Usage
	40238632  -  Run Bytes Sent By Job
	182135  -  Run Bytes Received By Job
	40238632  -  Total Bytes Sent By Job
	182135  -  Total Bytes Received By Job
	Partitionable Resources :    Usage  Request Allocated 
	   Cpus                 :     0.88        1         1 
	   Disk (KB)            : 39546         200    261111 
	   Memory (MB)          :   181        3900      3968 

	Job terminated of its own accord at 2024-01-18T13:08:58Z.
...
000 (390986.006.000) 2024-01-18 22:24:32 Job submitted from host: <172.30.1.200:9618?addrs=172.30.1.200-9618&alias=tamsa2.snu.ac.kr&noUDP&sock=schedd_3625_06e6>
...
040 (390986.006.000) 2024-01-18 22:25:35 Started transferring input files
	Transferring to host: <172.30.1.202:9618?addrs=172.30.1.202-9618&alias=node2&noUDP&sock=slot1_35_3851_20b6_74362>
...
001 (390986.006.000) 2024-01-18 22:25:35 Job executing on host: <172.30.1.202:9618?addrs=172.30.1.202-9618&alias=node2&noUDP&sock=startd_3818_68ae>
...
040 (390986.006.000) 2024-01-18 22:25:35 Finished transferring input files
...
006 (390986.006.000) 2024-01-18 22:25:43 Image size of job updated: 724128
	183  -  MemoryUsage of job (MB)
	186736  -  ResidentSetSize of job (KB)
...
006 (390986.006.000) 2024-01-18 22:30:02 Image size of job updated: 865660
	183  -  MemoryUsage of job (MB)
	186736  -  ResidentSetSize of job (KB)
...
040 (390986.006.000) 2024-01-18 22:30:02 Started transferring output files
...
040 (390986.006.000) 2024-01-18 22:30:03 Finished transferring output files
...
005 (390986.006.000) 2024-01-18 22:30:03 Job terminated.
	(1) Normal termination (return value 0)
		Usr 0 00:02:57, Sys 0 00:00:19  -  Run Remote Usage
		Usr 0 00:00:00, Sys 0 00:00:00  -  Run Local Usage
		Usr 0 00:02:57, Sys 0 00:00:19  -  Total Remote Usage
		Usr 0 00:00:00, Sys 0 00:00:00  -  Total Local Usage
	35247496  -  Run Bytes Sent By Job
	182182  -  Run Bytes Received By Job
	35247496  -  Total Bytes Sent By Job
	182182  -  Total Bytes Received By Job
	Partitionable Resources :    Usage  Request Allocated 
	   Cpus                 :     0.78        1         1 
	   Disk (KB)            : 34671         200    128928 
	   Memory (MB)          :   183        3900      3968 

	Job terminated of its own accord at 2024-01-18T13:30:02Z.
...
000 (391043.006.000) 2024-01-18 23:16:22 Job submitted from host: <172.30.1.200:9618?addrs=172.30.1.200-9618&alias=tamsa2.snu.ac.kr&noUDP&sock=schedd_3625_06e6>
...
040 (391043.006.000) 2024-01-18 23:16:28 Started transferring input files
	Transferring to host: <172.30.1.211:9618?addrs=172.30.1.211-9618&alias=node11&noUDP&sock=slot1_11_3735_6531_177188>
...
040 (391043.006.000) 2024-01-18 23:16:28 Finished transferring input files
...
001 (391043.006.000) 2024-01-18 23:16:28 Job executing on host: <172.30.1.211:9618?addrs=172.30.1.211-9618&alias=node11&noUDP&sock=startd_3699_c8e9>
...
006 (391043.006.000) 2024-01-18 23:16:36 Image size of job updated: 139472
	94  -  MemoryUsage of job (MB)
	95812  -  ResidentSetSize of job (KB)
...
006 (391043.006.000) 2024-01-18 23:18:14 Image size of job updated: 846624
	94  -  MemoryUsage of job (MB)
	95936  -  ResidentSetSize of job (KB)
...
040 (391043.006.000) 2024-01-18 23:18:19 Entered queue to transfer output files
...
040 (391043.006.000) 2024-01-18 23:18:22 Started transferring output files
...
040 (391043.006.000) 2024-01-18 23:18:23 Finished transferring output files
...
005 (391043.006.000) 2024-01-18 23:18:23 Job terminated.
	(1) Normal termination (return value 0)
		Usr 0 00:01:06, Sys 0 00:00:07  -  Run Remote Usage
		Usr 0 00:00:00, Sys 0 00:00:00  -  Run Local Usage
		Usr 0 00:01:06, Sys 0 00:00:07  -  Total Remote Usage
		Usr 0 00:00:00, Sys 0 00:00:00  -  Total Local Usage
	7464213  -  Run Bytes Sent By Job
	182524  -  Run Bytes Received By Job
	7464213  -  Total Bytes Sent By Job
	182524  -  Total Bytes Received By Job
	Partitionable Resources :    Usage  Request Allocated 
	   Cpus                 :                 1         1 
	   Disk (KB)            :     7534      200    128928 
	   Memory (MB)          :       94     3900      3968 

	Job terminated of its own accord at 2024-01-18T14:18:14Z.
...
000 (391059.006.000) 2024-01-19 10:38:28 Job submitted from host: <172.30.1.200:9618?addrs=172.30.1.200-9618&alias=tamsa2.snu.ac.kr&noUDP&sock=schedd_3625_06e6>
...
040 (391059.006.000) 2024-01-19 10:38:31 Started transferring input files
	Transferring to host: <172.30.1.212:9618?addrs=172.30.1.212-9618&alias=node12&noUDP&sock=slot1_80_4492_c530_312701>
...
001 (391059.006.000) 2024-01-19 10:38:31 Job executing on host: <172.30.1.212:9618?addrs=172.30.1.212-9618&alias=node12&noUDP&sock=startd_4455_5682>
...
040 (391059.006.000) 2024-01-19 10:38:31 Finished transferring input files
...
006 (391059.006.000) 2024-01-19 10:38:40 Image size of job updated: 100256
	82  -  MemoryUsage of job (MB)
	83180  -  ResidentSetSize of job (KB)
...
006 (391059.006.000) 2024-01-19 10:43:06 Image size of job updated: 867604
	82  -  MemoryUsage of job (MB)
	83192  -  ResidentSetSize of job (KB)
...
040 (391059.006.000) 2024-01-19 10:43:06 Started transferring output files
...
040 (391059.006.000) 2024-01-19 10:43:13 Finished transferring output files
...
005 (391059.006.000) 2024-01-19 10:43:13 Job terminated.
	(1) Normal termination (return value 0)
		Usr 0 00:03:12, Sys 0 00:00:15  -  Run Remote Usage
		Usr 0 00:00:00, Sys 0 00:00:00  -  Run Local Usage
		Usr 0 00:03:12, Sys 0 00:00:15  -  Total Remote Usage
		Usr 0 00:00:00, Sys 0 00:00:00  -  Total Local Usage
	33866580  -  Run Bytes Sent By Job
	182504  -  Run Bytes Received By Job
	33866580  -  Total Bytes Sent By Job
	182504  -  Total Bytes Received By Job
	Partitionable Resources :    Usage  Request Allocated 
	   Cpus                 :     0.10        1         1 
	   Disk (KB)            : 33323         200    261111 
	   Memory (MB)          :    82        3900      3968 

	Job terminated of its own accord at 2024-01-19T01:43:06Z.
...
000 (391060.006.000) 2024-01-19 10:57:46 Job submitted from host: <172.30.1.200:9618?addrs=172.30.1.200-9618&alias=tamsa2.snu.ac.kr&noUDP&sock=schedd_3625_06e6>
...
040 (391060.006.000) 2024-01-19 10:57:50 Started transferring input files
	Transferring to host: <172.30.1.215:9618?addrs=172.30.1.215-9618&alias=node15&noUDP&sock=slot1_76_4389_328c_280390>
...
001 (391060.006.000) 2024-01-19 10:57:50 Job executing on host: <172.30.1.215:9618?addrs=172.30.1.215-9618&alias=node15&noUDP&sock=startd_4353_5fd9>
...
040 (391060.006.000) 2024-01-19 10:57:50 Finished transferring input files
...
006 (391060.006.000) 2024-01-19 10:57:59 Image size of job updated: 230108
	163  -  MemoryUsage of job (MB)
	166680  -  ResidentSetSize of job (KB)
...
006 (391060.006.000) 2024-01-19 11:02:23 Image size of job updated: 866168
	163  -  MemoryUsage of job (MB)
	166680  -  ResidentSetSize of job (KB)
...
040 (391060.006.000) 2024-01-19 11:02:24 Started transferring output files
...
040 (391060.006.000) 2024-01-19 11:02:25 Finished transferring output files
...
005 (391060.006.000) 2024-01-19 11:02:25 Job terminated.
	(1) Normal termination (return value 0)
		Usr 0 00:03:15, Sys 0 00:00:15  -  Run Remote Usage
		Usr 0 00:00:00, Sys 0 00:00:00  -  Run Local Usage
		Usr 0 00:03:15, Sys 0 00:00:15  -  Total Remote Usage
		Usr 0 00:00:00, Sys 0 00:00:00  -  Total Local Usage
	43606404  -  Run Bytes Sent By Job
	182520  -  Run Bytes Received By Job
	43606404  -  Total Bytes Sent By Job
	182520  -  Total Bytes Received By Job
	Partitionable Resources :    Usage  Request Allocated 
	   Cpus                 :                 1         1 
	   Disk (KB)            :    42829      200    261111 
	   Memory (MB)          :      163     3900      3968 

	Job terminated of its own accord at 2024-01-19T02:02:23Z.
...
000 (391113.006.000) 2024-01-19 11:50:58 Job submitted from host: <172.30.1.200:9618?addrs=172.30.1.200-9618&alias=tamsa2.snu.ac.kr&noUDP&sock=schedd_3625_06e6>
...
040 (391113.006.000) 2024-01-19 11:51:00 Started transferring input files
	Transferring to host: <172.30.1.205:9618?addrs=172.30.1.205-9618&alias=node5&noUDP&sock=slot1_44_3857_5af6_241162>
...
040 (391113.006.000) 2024-01-19 11:51:00 Finished transferring input files
...
001 (391113.006.000) 2024-01-19 11:51:00 Job executing on host: <172.30.1.205:9618?addrs=172.30.1.205-9618&alias=node5&noUDP&sock=startd_3821_7776>
...
006 (391113.006.000) 2024-01-19 11:51:08 Image size of job updated: 561380
	168  -  MemoryUsage of job (MB)
	171892  -  ResidentSetSize of job (KB)
...
006 (391113.006.000) 2024-01-19 11:53:03 Image size of job updated: 843516
	168  -  MemoryUsage of job (MB)
	171904  -  ResidentSetSize of job (KB)
...
040 (391113.006.000) 2024-01-19 11:53:03 Started transferring output files
...
040 (391113.006.000) 2024-01-19 11:53:04 Finished transferring output files
...
005 (391113.006.000) 2024-01-19 11:53:04 Job terminated.
	(1) Normal termination (return value 0)
		Usr 0 00:01:09, Sys 0 00:00:07  -  Run Remote Usage
		Usr 0 00:00:00, Sys 0 00:00:00  -  Run Local Usage
		Usr 0 00:01:09, Sys 0 00:00:07  -  Total Remote Usage
		Usr 0 00:00:00, Sys 0 00:00:00  -  Total Local Usage
	7464079  -  Run Bytes Sent By Job
	183986  -  Run Bytes Received By Job
	7464079  -  Total Bytes Sent By Job
	183986  -  Total Bytes Received By Job
	Partitionable Resources :    Usage  Request Allocated 
	   Cpus                 :     0.79        1         1 
	   Disk (KB)            :  7542         200    128928 
	   Memory (MB)          :   168        3900      3968 

	Job terminated of its own accord at 2024-01-19T02:53:03Z.
...
000 (391114.006.000) 2024-01-19 11:56:30 Job submitted from host: <172.30.1.200:9618?addrs=172.30.1.200-9618&alias=tamsa2.snu.ac.kr&noUDP&sock=schedd_3625_06e6>
...
040 (391114.006.000) 2024-01-19 11:56:32 Started transferring input files
	Transferring to host: <172.30.1.205:9618?addrs=172.30.1.205-9618&alias=node5&noUDP&sock=slot1_48_3857_5af6_241172>
...
040 (391114.006.000) 2024-01-19 11:56:32 Finished transferring input files
...
001 (391114.006.000) 2024-01-19 11:56:32 Job executing on host: <172.30.1.205:9618?addrs=172.30.1.205-9618&alias=node5&noUDP&sock=startd_3821_7776>
...
006 (391114.006.000) 2024-01-19 11:56:41 Image size of job updated: 567220
	183  -  MemoryUsage of job (MB)
	186736  -  ResidentSetSize of job (KB)
...
006 (391114.006.000) 2024-01-19 11:58:29 Image size of job updated: 846104
	183  -  MemoryUsage of job (MB)
	186736  -  ResidentSetSize of job (KB)
...
040 (391114.006.000) 2024-01-19 11:58:29 Started transferring output files
...
040 (391114.006.000) 2024-01-19 11:58:29 Finished transferring output files
...
005 (391114.006.000) 2024-01-19 11:58:29 Job terminated.
	(1) Normal termination (return value 0)
		Usr 0 00:01:10, Sys 0 00:00:07  -  Run Remote Usage
		Usr 0 00:00:00, Sys 0 00:00:00  -  Run Local Usage
		Usr 0 00:01:10, Sys 0 00:00:07  -  Total Remote Usage
		Usr 0 00:00:00, Sys 0 00:00:00  -  Total Local Usage
	7464183  -  Run Bytes Sent By Job
	183986  -  Run Bytes Received By Job
	7464183  -  Total Bytes Sent By Job
	183986  -  Total Bytes Received By Job
	Partitionable Resources :    Usage  Request Allocated 
	   Cpus                 :     0.56        1         1 
	   Disk (KB)            :  7542         200    128928 
	   Memory (MB)          :   183        3900      3968 

	Job terminated of its own accord at 2024-01-19T02:58:28Z.
...
000 (391115.006.000) 2024-01-19 12:05:54 Job submitted from host: <172.30.1.200:9618?addrs=172.30.1.200-9618&alias=tamsa2.snu.ac.kr&noUDP&sock=schedd_3625_06e6>
...
040 (391115.006.000) 2024-01-19 12:05:56 Started transferring input files
	Transferring to host: <172.30.1.206:9618?addrs=172.30.1.206-9618&alias=node6&noUDP&sock=slot1_24_3722_3c50_224052>
...
001 (391115.006.000) 2024-01-19 12:05:56 Job executing on host: <172.30.1.206:9618?addrs=172.30.1.206-9618&alias=node6&noUDP&sock=startd_3686_de2d>
...
040 (391115.006.000) 2024-01-19 12:05:56 Finished transferring input files
...
006 (391115.006.000) 2024-01-19 12:06:04 Image size of job updated: 808972
	181  -  MemoryUsage of job (MB)
	184568  -  ResidentSetSize of job (KB)
...
006 (391115.006.000) 2024-01-19 12:07:39 Image size of job updated: 845160
	181  -  MemoryUsage of job (MB)
	184568  -  ResidentSetSize of job (KB)
...
040 (391115.006.000) 2024-01-19 12:07:39 Started transferring output files
...
040 (391115.006.000) 2024-01-19 12:07:43 Finished transferring output files
...
005 (391115.006.000) 2024-01-19 12:07:43 Job terminated.
	(1) Normal termination (return value 0)
		Usr 0 00:01:09, Sys 0 00:00:07  -  Run Remote Usage
		Usr 0 00:00:00, Sys 0 00:00:00  -  Run Local Usage
		Usr 0 00:01:09, Sys 0 00:00:07  -  Total Remote Usage
		Usr 0 00:00:00, Sys 0 00:00:00  -  Total Local Usage
	7464183  -  Run Bytes Sent By Job
	184022  -  Run Bytes Received By Job
	7464183  -  Total Bytes Sent By Job
	184022  -  Total Bytes Received By Job
	Partitionable Resources :    Usage  Request Allocated 
	   Cpus                 :     0.54        1         1 
	   Disk (KB)            :  7542         200     95898 
	   Memory (MB)          :   181        3900      3968 

	Job terminated of its own accord at 2024-01-19T03:07:39Z.
...
000 (391116.006.000) 2024-01-19 12:09:38 Job submitted from host: <172.30.1.200:9618?addrs=172.30.1.200-9618&alias=tamsa2.snu.ac.kr&noUDP&sock=schedd_3625_06e6>
...
040 (391116.006.000) 2024-01-19 12:09:39 Started transferring input files
	Transferring to host: <172.30.1.206:9618?addrs=172.30.1.206-9618&alias=node6&noUDP&sock=slot1_24_3722_3c50_224058>
...
001 (391116.006.000) 2024-01-19 12:09:39 Job executing on host: <172.30.1.206:9618?addrs=172.30.1.206-9618&alias=node6&noUDP&sock=startd_3686_de2d>
...
040 (391116.006.000) 2024-01-19 12:09:39 Finished transferring input files
...
006 (391116.006.000) 2024-01-19 12:09:48 Image size of job updated: 186748
	183  -  MemoryUsage of job (MB)
	186748  -  ResidentSetSize of job (KB)
...
006 (391116.006.000) 2024-01-19 12:11:15 Image size of job updated: 846196
	183  -  MemoryUsage of job (MB)
	186748  -  ResidentSetSize of job (KB)
...
040 (391116.006.000) 2024-01-19 12:11:15 Started transferring output files
...
040 (391116.006.000) 2024-01-19 12:11:15 Finished transferring output files
...
005 (391116.006.000) 2024-01-19 12:11:15 Job terminated.
	(1) Normal termination (return value 0)
		Usr 0 00:01:11, Sys 0 00:00:07  -  Run Remote Usage
		Usr 0 00:00:00, Sys 0 00:00:00  -  Run Local Usage
		Usr 0 00:01:11, Sys 0 00:00:07  -  Total Remote Usage
		Usr 0 00:00:00, Sys 0 00:00:00  -  Total Local Usage
	7464207  -  Run Bytes Sent By Job
	184022  -  Run Bytes Received By Job
	7464207  -  Total Bytes Sent By Job
	184022  -  Total Bytes Received By Job
	Partitionable Resources :    Usage  Request Allocated 
	   Cpus                 :     0.72        1         1 
	   Disk (KB)            :  7542         200     95898 
	   Memory (MB)          :   183        3900      3968 

	Job terminated of its own accord at 2024-01-19T03:11:15Z.
...
000 (391117.006.000) 2024-01-19 12:15:27 Job submitted from host: <172.30.1.200:9618?addrs=172.30.1.200-9618&alias=tamsa2.snu.ac.kr&noUDP&sock=schedd_3625_06e6>
...
040 (391117.006.000) 2024-01-19 12:15:32 Started transferring input files
	Transferring to host: <172.30.1.206:9618?addrs=172.30.1.206-9618&alias=node6&noUDP&sock=slot1_33_3722_3c50_224065>
...
040 (391117.006.000) 2024-01-19 12:15:32 Finished transferring input files
...
001 (391117.006.000) 2024-01-19 12:15:32 Job executing on host: <172.30.1.206:9618?addrs=172.30.1.206-9618&alias=node6&noUDP&sock=startd_3686_de2d>
...
006 (391117.006.000) 2024-01-19 12:15:40 Image size of job updated: 574892
	182  -  MemoryUsage of job (MB)
	185408  -  ResidentSetSize of job (KB)
...
006 (391117.006.000) 2024-01-19 12:19:28 Image size of job updated: 870828
	182  -  MemoryUsage of job (MB)
	185408  -  ResidentSetSize of job (KB)
...
040 (391117.006.000) 2024-01-19 12:19:28 Started transferring output files
...
040 (391117.006.000) 2024-01-19 12:19:38 Finished transferring output files
...
005 (391117.006.000) 2024-01-19 12:19:38 Job terminated.
	(1) Normal termination (return value 0)
		Usr 0 00:03:14, Sys 0 00:00:13  -  Run Remote Usage
		Usr 0 00:00:00, Sys 0 00:00:00  -  Run Local Usage
		Usr 0 00:03:14, Sys 0 00:00:13  -  Total Remote Usage
		Usr 0 00:00:00, Sys 0 00:00:00  -  Total Local Usage
	34078448  -  Run Bytes Sent By Job
	184028  -  Run Bytes Received By Job
	34078448  -  Total Bytes Sent By Job
	184028  -  Total Bytes Received By Job
	Partitionable Resources :    Usage  Request Allocated 
	   Cpus                 :     0.92        1         1 
	   Disk (KB)            : 33533         200     95898 
	   Memory (MB)          :   182        3900      3968 

	Job terminated of its own accord at 2024-01-19T03:19:28Z.
...
000 (391118.006.000) 2024-01-19 12:41:44 Job submitted from host: <172.30.1.200:9618?addrs=172.30.1.200-9618&alias=tamsa2.snu.ac.kr&noUDP&sock=schedd_3625_06e6>
...
040 (391118.006.000) 2024-01-19 12:41:50 Started transferring input files
	Transferring to host: <172.30.1.206:9618?addrs=172.30.1.206-9618&alias=node6&noUDP&sock=slot1_44_3722_3c50_224079>
...
040 (391118.006.000) 2024-01-19 12:41:50 Finished transferring input files
...
001 (391118.006.000) 2024-01-19 12:41:50 Job executing on host: <172.30.1.206:9618?addrs=172.30.1.206-9618&alias=node6&noUDP&sock=startd_3686_de2d>
...
006 (391118.006.000) 2024-01-19 12:41:59 Image size of job updated: 184528
	181  -  MemoryUsage of job (MB)
	184528  -  ResidentSetSize of job (KB)
...
006 (391118.006.000) 2024-01-19 12:43:34 Image size of job updated: 843368
	181  -  MemoryUsage of job (MB)
	184528  -  ResidentSetSize of job (KB)
...
040 (391118.006.000) 2024-01-19 12:43:34 Started transferring output files
...
040 (391118.006.000) 2024-01-19 12:43:38 Finished transferring output files
...
005 (391118.006.000) 2024-01-19 12:43:38 Job terminated.
	(1) Normal termination (return value 0)
		Usr 0 00:01:07, Sys 0 00:00:07  -  Run Remote Usage
		Usr 0 00:00:00, Sys 0 00:00:00  -  Run Local Usage
		Usr 0 00:01:07, Sys 0 00:00:07  -  Total Remote Usage
		Usr 0 00:00:00, Sys 0 00:00:00  -  Total Local Usage
	7464143  -  Run Bytes Sent By Job
	183796  -  Run Bytes Received By Job
	7464143  -  Total Bytes Sent By Job
	183796  -  Total Bytes Received By Job
	Partitionable Resources :    Usage  Request Allocated 
	   Cpus                 :                 1         1 
	   Disk (KB)            :     7536      200     95898 
	   Memory (MB)          :      181     3900      3968 

	Job terminated of its own accord at 2024-01-19T03:43:34Z.
...
000 (391119.006.000) 2024-01-19 12:47:04 Job submitted from host: <172.30.1.200:9618?addrs=172.30.1.200-9618&alias=tamsa2.snu.ac.kr&noUDP&sock=schedd_3625_06e6>
...
040 (391119.006.000) 2024-01-19 12:47:12 Started transferring input files
	Transferring to host: <172.30.1.211:9618?addrs=172.30.1.211-9618&alias=node11&noUDP&sock=slot1_44_3735_6531_177615>
...
001 (391119.006.000) 2024-01-19 12:47:12 Job executing on host: <172.30.1.211:9618?addrs=172.30.1.211-9618&alias=node11&noUDP&sock=startd_3699_c8e9>
...
040 (391119.006.000) 2024-01-19 12:47:12 Finished transferring input files
...
006 (391119.006.000) 2024-01-19 12:47:21 Image size of job updated: 186740
	183  -  MemoryUsage of job (MB)
	186740  -  ResidentSetSize of job (KB)
...
006 (391119.006.000) 2024-01-19 12:51:42 Image size of job updated: 866440
	183  -  MemoryUsage of job (MB)
	186740  -  ResidentSetSize of job (KB)
...
040 (391119.006.000) 2024-01-19 12:51:42 Started transferring output files
...
040 (391119.006.000) 2024-01-19 12:51:44 Finished transferring output files
...
005 (391119.006.000) 2024-01-19 12:51:44 Job terminated.
	(1) Normal termination (return value 0)
		Usr 0 00:03:17, Sys 0 00:00:14  -  Run Remote Usage
		Usr 0 00:00:00, Sys 0 00:00:00  -  Run Local Usage
		Usr 0 00:03:17, Sys 0 00:00:14  -  Total Remote Usage
		Usr 0 00:00:00, Sys 0 00:00:00  -  Total Local Usage
	33191004  -  Run Bytes Sent By Job
	183796  -  Run Bytes Received By Job
	33191004  -  Total Bytes Sent By Job
	183796  -  Total Bytes Received By Job
	Partitionable Resources :    Usage  Request Allocated 
	   Cpus                 :     0.90        1         1 
	   Disk (KB)            : 32665         200    128928 
	   Memory (MB)          :   183        3900      3968 

	Job terminated of its own accord at 2024-01-19T03:51:42Z.
...
000 (391120.006.000) 2024-01-19 13:02:28 Job submitted from host: <172.30.1.200:9618?addrs=172.30.1.200-9618&alias=tamsa2.snu.ac.kr&noUDP&sock=schedd_3625_06e6>
...
040 (391120.006.000) 2024-01-19 13:02:37 Started transferring input files
	Transferring to host: <172.30.1.211:9618?addrs=172.30.1.211-9618&alias=node11&noUDP&sock=slot1_47_3735_6531_177626>
...
001 (391120.006.000) 2024-01-19 13:02:37 Job executing on host: <172.30.1.211:9618?addrs=172.30.1.211-9618&alias=node11&noUDP&sock=startd_3699_c8e9>
...
040 (391120.006.000) 2024-01-19 13:02:37 Finished transferring input files
...
006 (391120.006.000) 2024-01-19 13:02:46 Image size of job updated: 179604
	176  -  MemoryUsage of job (MB)
	179604  -  ResidentSetSize of job (KB)
...
006 (391120.006.000) 2024-01-19 13:07:07 Image size of job updated: 866440
	176  -  MemoryUsage of job (MB)
	179612  -  ResidentSetSize of job (KB)
...
040 (391120.006.000) 2024-01-19 13:07:08 Started transferring output files
...
040 (391120.006.000) 2024-01-19 13:07:19 Finished transferring output files
...
005 (391120.006.000) 2024-01-19 13:07:20 Job terminated.
	(1) Normal termination (return value 0)
		Usr 0 00:03:16, Sys 0 00:00:14  -  Run Remote Usage
		Usr 0 00:00:00, Sys 0 00:00:00  -  Run Local Usage
		Usr 0 00:03:16, Sys 0 00:00:14  -  Total Remote Usage
		Usr 0 00:00:00, Sys 0 00:00:00  -  Total Local Usage
	33219534  -  Run Bytes Sent By Job
	183796  -  Run Bytes Received By Job
	33219534  -  Total Bytes Sent By Job
	183796  -  Total Bytes Received By Job
	Partitionable Resources :    Usage  Request Allocated 
	   Cpus                 :     0.87        1         1 
	   Disk (KB)            : 32693         200    128928 
	   Memory (MB)          :   176        3900      3968 

	Job terminated of its own accord at 2024-01-19T04:07:07Z.
...
000 (391131.006.000) 2024-01-19 14:22:45 Job submitted from host: <172.30.1.200:9618?addrs=172.30.1.200-9618&alias=tamsa2.snu.ac.kr&noUDP&sock=schedd_3625_06e6>
...
040 (391131.006.000) 2024-01-19 14:22:50 Started transferring input files
	Transferring to host: <172.30.1.208:9618?addrs=172.30.1.208-9618&alias=node8&noUDP&sock=slot1_45_3811_f1b4_191259>
...
001 (391131.006.000) 2024-01-19 14:22:50 Job executing on host: <172.30.1.208:9618?addrs=172.30.1.208-9618&alias=node8&noUDP&sock=startd_3777_494c>
...
040 (391131.006.000) 2024-01-19 14:22:50 Finished transferring input files
...
006 (391131.006.000) 2024-01-19 14:22:59 Image size of job updated: 230108
	68  -  MemoryUsage of job (MB)
	69432  -  ResidentSetSize of job (KB)
...
006 (391131.006.000) 2024-01-19 14:28:00 Image size of job updated: 993412
	334  -  MemoryUsage of job (MB)
	341512  -  ResidentSetSize of job (KB)
...
004 (391131.006.000) 2024-01-19 14:28:10 Job was evicted.
	(0) CPU times
		Usr 0 00:04:43, Sys 0 00:00:20  -  Run Remote Usage
		Usr 0 00:00:00, Sys 0 00:00:00  -  Run Local Usage
	0  -  Run Bytes Sent By Job
	183798  -  Run Bytes Received By Job
	Partitionable Resources :    Usage  Request Allocated 
	   Cpus                 :     1.00        1         1 
	   Disk (KB)            :  1428         200    128928 
	   Memory (MB)          :   334        3900      3968 
...
009 (391131.006.000) 2024-01-19 14:28:10 Job was aborted.
	via condor_rm (by user shin)
...
000 (391132.006.000) 2024-01-19 14:30:22 Job submitted from host: <172.30.1.200:9618?addrs=172.30.1.200-9618&alias=tamsa2.snu.ac.kr&noUDP&sock=schedd_3625_06e6>
...
040 (391132.006.000) 2024-01-19 14:30:24 Started transferring input files
	Transferring to host: <172.30.1.208:9618?addrs=172.30.1.208-9618&alias=node8&noUDP&sock=slot1_45_3811_f1b4_191267>
...
001 (391132.006.000) 2024-01-19 14:30:24 Job executing on host: <172.30.1.208:9618?addrs=172.30.1.208-9618&alias=node8&noUDP&sock=startd_3777_494c>
...
040 (391132.006.000) 2024-01-19 14:30:24 Finished transferring input files
...
006 (391132.006.000) 2024-01-19 14:30:33 Image size of job updated: 612712
	181  -  MemoryUsage of job (MB)
	185036  -  ResidentSetSize of job (KB)
...
006 (391132.006.000) 2024-01-19 14:35:34 Image size of job updated: 874304
	206  -  MemoryUsage of job (MB)
	210276  -  ResidentSetSize of job (KB)
...
000 (391137.006.000) 2024-01-19 14:35:50 Job submitted from host: <172.30.1.200:9618?addrs=172.30.1.200-9618&alias=tamsa2.snu.ac.kr&noUDP&sock=schedd_3625_06e6>
...
040 (391137.006.000) 2024-01-19 14:35:51 Started transferring input files
	Transferring to host: <172.30.1.109:9618?addrs=172.30.1.109-9618&alias=n9&noUDP&sock=slot1_7_4134_86e1_92596>
...
001 (391137.006.000) 2024-01-19 14:35:52 Job executing on host: <172.30.1.109:9618?addrs=172.30.1.109-9618&alias=n9&noUDP&sock=startd_4100_d663>
...
040 (391137.006.000) 2024-01-19 14:35:52 Finished transferring input files
...
006 (391137.006.000) 2024-01-19 14:36:00 Image size of job updated: 152880
	15  -  MemoryUsage of job (MB)
	14816  -  ResidentSetSize of job (KB)
...
004 (391132.006.000) 2024-01-19 14:36:01 Job was evicted.
	(0) CPU times
		Usr 0 00:04:38, Sys 0 00:00:20  -  Run Remote Usage
		Usr 0 00:00:00, Sys 0 00:00:00  -  Run Local Usage
	0  -  Run Bytes Sent By Job
	183608  -  Run Bytes Received By Job
	Partitionable Resources :    Usage  Request Allocated 
	   Cpus                 :     0.97        1         1 
	   Disk (KB)            : 14231         200    128928 
	   Memory (MB)          :   206        3900      3968 
...
006 (391137.006.000) 2024-01-19 14:36:01 Image size of job updated: 230108
	15  -  MemoryUsage of job (MB)
	14816  -  ResidentSetSize of job (KB)
...
004 (391137.006.000) 2024-01-19 14:36:01 Job was evicted.
	(0) CPU times
		Usr 0 00:00:00, Sys 0 00:00:00  -  Run Remote Usage
		Usr 0 00:00:00, Sys 0 00:00:00  -  Run Local Usage
	0  -  Run Bytes Sent By Job
	183614  -  Run Bytes Received By Job
	Partitionable Resources :    Usage  Request Allocated 
	   Cpus                 :     0.01        1         1 
	   Disk (KB)            :   235         200    127849 
	   Memory (MB)          :    15        3900      3968 
...
009 (391132.006.000) 2024-01-19 14:36:01 Job was aborted.
	via condor_rm (by user shin)
...
009 (391137.006.000) 2024-01-19 14:36:01 Job was aborted.
	via condor_rm (by user shin)
...
000 (391138.006.000) 2024-01-19 14:36:02 Job submitted from host: <172.30.1.200:9618?addrs=172.30.1.200-9618&alias=tamsa2.snu.ac.kr&noUDP&sock=schedd_3625_06e6>
...
040 (391138.006.000) 2024-01-19 14:36:12 Started transferring input files
	Transferring to host: <172.30.1.208:9618?addrs=172.30.1.208-9618&alias=node8&noUDP&sock=slot1_44_3811_f1b4_191274>
...
001 (391138.006.000) 2024-01-19 14:36:13 Job executing on host: <172.30.1.208:9618?addrs=172.30.1.208-9618&alias=node8&noUDP&sock=startd_3777_494c>
...
040 (391138.006.000) 2024-01-19 14:36:13 Finished transferring input files
...
006 (391138.006.000) 2024-01-19 14:36:21 Image size of job updated: 806064
	181  -  MemoryUsage of job (MB)
	184560  -  ResidentSetSize of job (KB)
...
006 (391138.006.000) 2024-01-19 14:41:21 Image size of job updated: 871836
	204  -  MemoryUsage of job (MB)
	208532  -  ResidentSetSize of job (KB)
...
040 (391138.006.000) 2024-01-19 14:42:32 Started transferring output files
...
040 (391138.006.000) 2024-01-19 14:42:34 Finished transferring output files
...
005 (391138.006.000) 2024-01-19 14:42:34 Job terminated.
	(1) Normal termination (return value 0)
		Usr 0 00:05:13, Sys 0 00:00:22  -  Run Remote Usage
		Usr 0 00:00:00, Sys 0 00:00:00  -  Run Local Usage
		Usr 0 00:05:13, Sys 0 00:00:22  -  Total Remote Usage
		Usr 0 00:00:00, Sys 0 00:00:00  -  Total Local Usage
	32880526  -  Run Bytes Sent By Job
	183614  -  Run Bytes Received By Job
	32880526  -  Total Bytes Sent By Job
	183614  -  Total Bytes Received By Job
	Partitionable Resources :    Usage  Request Allocated 
	   Cpus                 :     0.94        1         1 
	   Disk (KB)            : 32362         200    128928 
	   Memory (MB)          :   204        3900      3968 

	Job terminated of its own accord at 2024-01-19T05:42:32Z.
...
000 (391139.006.000) 2024-01-19 14:48:49 Job submitted from host: <172.30.1.200:9618?addrs=172.30.1.200-9618&alias=tamsa2.snu.ac.kr&noUDP&sock=schedd_3625_06e6>
...
040 (391139.006.000) 2024-01-19 14:48:51 Started transferring input files
	Transferring to host: <172.30.1.208:9618?addrs=172.30.1.208-9618&alias=node8&noUDP&sock=slot1_44_3811_f1b4_191283>
...
001 (391139.006.000) 2024-01-19 14:48:51 Job executing on host: <172.30.1.208:9618?addrs=172.30.1.208-9618&alias=node8&noUDP&sock=startd_3777_494c>
...
040 (391139.006.000) 2024-01-19 14:48:51 Finished transferring input files
...
006 (391139.006.000) 2024-01-19 14:49:00 Image size of job updated: 192200
	164  -  MemoryUsage of job (MB)
	167816  -  ResidentSetSize of job (KB)
...
006 (391139.006.000) 2024-01-19 14:52:18 Image size of job updated: 870200
	164  -  MemoryUsage of job (MB)
	167816  -  ResidentSetSize of job (KB)
...
004 (391139.006.000) 2024-01-19 14:52:18 Job was evicted.
	(0) CPU times
		Usr 0 00:02:45, Sys 0 00:00:12  -  Run Remote Usage
		Usr 0 00:00:00, Sys 0 00:00:00  -  Run Local Usage
	0  -  Run Bytes Sent By Job
	183618  -  Run Bytes Received By Job
	Partitionable Resources :    Usage  Request Allocated 
	   Cpus                 :     0.63        1         1 
	   Disk (KB)            :  8738         200    128928 
	   Memory (MB)          :   164        3900      3968 
...
009 (391139.006.000) 2024-01-19 14:52:18 Job was aborted.
	via condor_rm (by user shin)
...
000 (391140.006.000) 2024-01-19 14:52:19 Job submitted from host: <172.30.1.200:9618?addrs=172.30.1.200-9618&alias=tamsa2.snu.ac.kr&noUDP&sock=schedd_3625_06e6>
...
040 (391140.006.000) 2024-01-19 14:52:22 Started transferring input files
	Transferring to host: <172.30.1.208:9618?addrs=172.30.1.208-9618&alias=node8&noUDP&sock=slot1_47_3811_f1b4_191294>
...
001 (391140.006.000) 2024-01-19 14:52:22 Job executing on host: <172.30.1.208:9618?addrs=172.30.1.208-9618&alias=node8&noUDP&sock=startd_3777_494c>
...
040 (391140.006.000) 2024-01-19 14:52:22 Finished transferring input files
...
006 (391140.006.000) 2024-01-19 14:52:31 Image size of job updated: 756896
	183  -  MemoryUsage of job (MB)
	186732  -  ResidentSetSize of job (KB)
...
006 (391140.006.000) 2024-01-19 14:57:32 Image size of job updated: 871732
	203  -  MemoryUsage of job (MB)
	206924  -  ResidentSetSize of job (KB)
...
006 (391140.006.000) 2024-01-19 14:58:48 Image size of job updated: 874676
	203  -  MemoryUsage of job (MB)
	206924  -  ResidentSetSize of job (KB)
...
040 (391140.006.000) 2024-01-19 14:58:48 Started transferring output files
...
040 (391140.006.000) 2024-01-19 14:58:50 Finished transferring output files
...
005 (391140.006.000) 2024-01-19 14:58:50 Job terminated.
	(1) Normal termination (return value 0)
		Usr 0 00:05:16, Sys 0 00:00:23  -  Run Remote Usage
		Usr 0 00:00:00, Sys 0 00:00:00  -  Run Local Usage
		Usr 0 00:05:16, Sys 0 00:00:23  -  Total Remote Usage
		Usr 0 00:00:00, Sys 0 00:00:00  -  Total Local Usage
	32813812  -  Run Bytes Sent By Job
	183636  -  Run Bytes Received By Job
	32813812  -  Total Bytes Sent By Job
	183636  -  Total Bytes Received By Job
	Partitionable Resources :    Usage  Request Allocated 
	   Cpus                 :     0.67        1         1 
	   Disk (KB)            : 32297         200    128928 
	   Memory (MB)          :   203        3900      3968 

	Job terminated of its own accord at 2024-01-19T05:58:48Z.
...
000 (391145.006.000) 2024-01-19 15:59:26 Job submitted from host: <172.30.1.200:9618?addrs=172.30.1.200-9618&alias=tamsa2.snu.ac.kr&noUDP&sock=schedd_3625_06e6>
...
040 (391145.006.000) 2024-01-19 15:59:29 Started transferring input files
	Transferring to host: <172.30.1.208:9618?addrs=172.30.1.208-9618&alias=node8&noUDP&sock=slot1_47_3811_f1b4_191324>
...
040 (391145.006.000) 2024-01-19 15:59:29 Finished transferring input files
...
001 (391145.006.000) 2024-01-19 15:59:29 Job executing on host: <172.30.1.208:9618?addrs=172.30.1.208-9618&alias=node8&noUDP&sock=startd_3777_494c>
...
006 (391145.006.000) 2024-01-19 15:59:38 Image size of job updated: 206884
	171  -  MemoryUsage of job (MB)
	174664  -  ResidentSetSize of job (KB)
...
006 (391145.006.000) 2024-01-19 16:04:39 Image size of job updated: 874088
	171  -  MemoryUsage of job (MB)
	174664  -  ResidentSetSize of job (KB)
...
040 (391145.006.000) 2024-01-19 16:05:19 Started transferring output files
...
040 (391145.006.000) 2024-01-19 16:05:21 Finished transferring output files
...
005 (391145.006.000) 2024-01-19 16:05:21 Job terminated.
	(1) Normal termination (return value 0)
		Usr 0 00:04:55, Sys 0 00:00:19  -  Run Remote Usage
		Usr 0 00:00:00, Sys 0 00:00:00  -  Run Local Usage
		Usr 0 00:04:55, Sys 0 00:00:19  -  Total Remote Usage
		Usr 0 00:00:00, Sys 0 00:00:00  -  Total Local Usage
	31752112  -  Run Bytes Sent By Job
	184262  -  Run Bytes Received By Job
	31752112  -  Total Bytes Sent By Job
	184262  -  Total Bytes Received By Job
	Partitionable Resources :    Usage  Request Allocated 
	   Cpus                 :     0.99        1         1 
	   Disk (KB)            : 31261         200    128928 
	   Memory (MB)          :   171        3900      3968 

	Job terminated of its own accord at 2024-01-19T07:05:19Z.
...
000 (391151.006.000) 2024-01-19 16:45:38 Job submitted from host: <172.30.1.200:9618?addrs=172.30.1.200-9618&alias=tamsa2.snu.ac.kr&noUDP&sock=schedd_3625_06e6>
...
040 (391151.006.000) 2024-01-19 16:45:46 Started transferring input files
	Transferring to host: <172.30.1.208:9618?addrs=172.30.1.208-9618&alias=node8&noUDP&sock=slot1_47_3811_f1b4_191347>
...
040 (391151.006.000) 2024-01-19 16:45:46 Finished transferring input files
...
001 (391151.006.000) 2024-01-19 16:45:46 Job executing on host: <172.30.1.208:9618?addrs=172.30.1.208-9618&alias=node8&noUDP&sock=startd_3777_494c>
...
006 (391151.006.000) 2024-01-19 16:45:55 Image size of job updated: 561388
	171  -  MemoryUsage of job (MB)
	174660  -  ResidentSetSize of job (KB)
...
000 (391152.006.000) 2024-01-19 16:46:33 Job submitted from host: <172.30.1.200:9618?addrs=172.30.1.200-9618&alias=tamsa2.snu.ac.kr&noUDP&sock=schedd_3625_06e6>
...
040 (391152.006.000) 2024-01-19 16:46:35 Started transferring input files
	Transferring to host: <172.30.1.104:9618?addrs=172.30.1.104-9618&alias=n4&noUDP&sock=slot1_12_21200_1157_32004>
...
040 (391152.006.000) 2024-01-19 16:46:35 Finished transferring input files
...
001 (391152.006.000) 2024-01-19 16:46:35 Job executing on host: <172.30.1.104:9618?addrs=172.30.1.104-9618&alias=n4&noUDP&sock=startd_21167_613f>
...
006 (391152.006.000) 2024-01-19 16:46:43 Image size of job updated: 825380
	22  -  MemoryUsage of job (MB)
	22212  -  ResidentSetSize of job (KB)
...
004 (391152.006.000) 2024-01-19 16:46:43 Job was evicted.
	(0) CPU times
		Usr 0 00:00:06, Sys 0 00:00:01  -  Run Remote Usage
		Usr 0 00:00:00, Sys 0 00:00:00  -  Run Local Usage
	0  -  Run Bytes Sent By Job
	184253  -  Run Bytes Received By Job
	Partitionable Resources :    Usage  Request Allocated 
	   Cpus                 :     0.79        1         1 
	   Disk (KB)            :   479         200     54661 
	   Memory (MB)          :    22        3900      3968 
...
009 (391152.006.000) 2024-01-19 16:46:43 Job was aborted.
	via condor_rm (by user shin)
...
006 (391151.006.000) 2024-01-19 16:47:35 Image size of job updated: 846468
	171  -  MemoryUsage of job (MB)
	174660  -  ResidentSetSize of job (KB)
...
004 (391151.006.000) 2024-01-19 16:47:35 Job was evicted.
	(0) CPU times
		Usr 0 00:01:05, Sys 0 00:00:06  -  Run Remote Usage
		Usr 0 00:00:00, Sys 0 00:00:00  -  Run Local Usage
	0  -  Run Bytes Sent By Job
	184253  -  Run Bytes Received By Job
	Partitionable Resources :    Usage  Request Allocated 
	   Cpus                 :     0.09        1         1 
	   Disk (KB)            :  3431         200    128928 
	   Memory (MB)          :   171        3900      3968 
...
009 (391151.006.000) 2024-01-19 16:47:36 Job was aborted.
	via condor_rm (by user shin)
...
000 (391153.006.000) 2024-01-19 16:47:37 Job submitted from host: <172.30.1.200:9618?addrs=172.30.1.200-9618&alias=tamsa2.snu.ac.kr&noUDP&sock=schedd_3625_06e6>
...
040 (391153.006.000) 2024-01-19 16:47:57 Started transferring input files
	Transferring to host: <172.30.1.211:9618?addrs=172.30.1.211-9618&alias=node11&noUDP&sock=slot1_25_3735_6531_177658>
...
001 (391153.006.000) 2024-01-19 16:47:57 Job executing on host: <172.30.1.211:9618?addrs=172.30.1.211-9618&alias=node11&noUDP&sock=startd_3699_c8e9>
...
040 (391153.006.000) 2024-01-19 16:47:57 Finished transferring input files
...
006 (391153.006.000) 2024-01-19 16:48:05 Image size of job updated: 650936
	183  -  MemoryUsage of job (MB)
	186736  -  ResidentSetSize of job (KB)
...
006 (391153.006.000) 2024-01-19 16:49:41 Image size of job updated: 836212
	183  -  MemoryUsage of job (MB)
	186736  -  ResidentSetSize of job (KB)
...
040 (391153.006.000) 2024-01-19 16:49:41 Started transferring output files
...
040 (391153.006.000) 2024-01-19 16:49:42 Finished transferring output files
...
005 (391153.006.000) 2024-01-19 16:49:42 Job terminated.
	(1) Normal termination (return value 0)
		Usr 0 00:01:18, Sys 0 00:00:08  -  Run Remote Usage
		Usr 0 00:00:00, Sys 0 00:00:00  -  Run Local Usage
		Usr 0 00:01:18, Sys 0 00:00:08  -  Total Remote Usage
		Usr 0 00:00:00, Sys 0 00:00:00  -  Total Local Usage
	7470439  -  Run Bytes Sent By Job
	184257  -  Run Bytes Received By Job
	7470439  -  Total Bytes Sent By Job
	184257  -  Total Bytes Received By Job
	Partitionable Resources :    Usage  Request Allocated 
	   Cpus                 :                 1         1 
	   Disk (KB)            :     7543      200    128928 
	   Memory (MB)          :      183     3900      3968 

	Job terminated of its own accord at 2024-01-19T07:49:41Z.
...
000 (391154.006.000) 2024-01-19 16:50:49 Job submitted from host: <172.30.1.200:9618?addrs=172.30.1.200-9618&alias=tamsa2.snu.ac.kr&noUDP&sock=schedd_3625_06e6>
...
040 (391154.006.000) 2024-01-19 16:50:51 Started transferring input files
	Transferring to host: <172.30.1.211:9618?addrs=172.30.1.211-9618&alias=node11&noUDP&sock=slot1_5_3735_6531_177660>
...
040 (391154.006.000) 2024-01-19 16:50:51 Finished transferring input files
...
001 (391154.006.000) 2024-01-19 16:50:51 Job executing on host: <172.30.1.211:9618?addrs=172.30.1.211-9618&alias=node11&noUDP&sock=startd_3699_c8e9>
...
006 (391154.006.000) 2024-01-19 16:50:59 Image size of job updated: 724700
	172  -  MemoryUsage of job (MB)
	175196  -  ResidentSetSize of job (KB)
...
006 (391154.006.000) 2024-01-19 16:55:59 Image size of job updated: 870672
	172  -  MemoryUsage of job (MB)
	175208  -  ResidentSetSize of job (KB)
...
040 (391154.006.000) 2024-01-19 16:56:47 Started transferring output files
...
040 (391154.006.000) 2024-01-19 16:56:49 Finished transferring output files
...
005 (391154.006.000) 2024-01-19 16:56:49 Job terminated.
	(1) Normal termination (return value 0)
		Usr 0 00:04:59, Sys 0 00:00:20  -  Run Remote Usage
		Usr 0 00:00:00, Sys 0 00:00:00  -  Run Local Usage
		Usr 0 00:04:59, Sys 0 00:00:20  -  Total Remote Usage
		Usr 0 00:00:00, Sys 0 00:00:00  -  Total Local Usage
	32248204  -  Run Bytes Sent By Job
	184256  -  Run Bytes Received By Job
	32248204  -  Total Bytes Sent By Job
	184256  -  Total Bytes Received By Job
	Partitionable Resources :    Usage  Request Allocated 
	   Cpus                 :     0.93        1         1 
	   Disk (KB)            : 31745         200    128928 
	   Memory (MB)          :   172        3900      3968 

	Job terminated of its own accord at 2024-01-19T07:56:47Z.
...
000 (391155.006.000) 2024-01-19 17:22:15 Job submitted from host: <172.30.1.200:9618?addrs=172.30.1.200-9618&alias=tamsa2.snu.ac.kr&noUDP&sock=schedd_3625_06e6>
...
040 (391155.006.000) 2024-01-19 17:22:17 Started transferring input files
	Transferring to host: <172.30.1.204:9618?addrs=172.30.1.204-9618&alias=node4&noUDP&sock=slot1_26_3725_5971_203417>
...
001 (391155.006.000) 2024-01-19 17:22:17 Job executing on host: <172.30.1.204:9618?addrs=172.30.1.204-9618&alias=node4&noUDP&sock=startd_3691_4c27>
...
040 (391155.006.000) 2024-01-19 17:22:17 Finished transferring input files
...
006 (391155.006.000) 2024-01-19 17:22:25 Image size of job updated: 656492
	181  -  MemoryUsage of job (MB)
	184600  -  ResidentSetSize of job (KB)
...
006 (391155.006.000) 2024-01-19 17:24:10 Image size of job updated: 846672
	181  -  MemoryUsage of job (MB)
	184600  -  ResidentSetSize of job (KB)
...
040 (391155.006.000) 2024-01-19 17:24:10 Started transferring output files
...
040 (391155.006.000) 2024-01-19 17:24:11 Finished transferring output files
...
005 (391155.006.000) 2024-01-19 17:24:11 Job terminated.
	(1) Normal termination (return value 0)
		Usr 0 00:01:12, Sys 0 00:00:07  -  Run Remote Usage
		Usr 0 00:00:00, Sys 0 00:00:00  -  Run Local Usage
		Usr 0 00:01:12, Sys 0 00:00:07  -  Total Remote Usage
		Usr 0 00:00:00, Sys 0 00:00:00  -  Total Local Usage
	7465407  -  Run Bytes Sent By Job
	186554  -  Run Bytes Received By Job
	7465407  -  Total Bytes Sent By Job
	186554  -  Total Bytes Received By Job
	Partitionable Resources :    Usage  Request Allocated 
	   Cpus                 :                 1         1 
	   Disk (KB)            :     7540      200    128928 
	   Memory (MB)          :      181     3900      3968 

	Job terminated of its own accord at 2024-01-19T08:24:10Z.
...
000 (391156.006.000) 2024-01-19 17:29:00 Job submitted from host: <172.30.1.200:9618?addrs=172.30.1.200-9618&alias=tamsa2.snu.ac.kr&noUDP&sock=schedd_3625_06e6>
...
040 (391156.006.000) 2024-01-19 17:29:02 Started transferring input files
	Transferring to host: <172.30.1.204:9618?addrs=172.30.1.204-9618&alias=node4&noUDP&sock=slot1_12_3725_5971_203422>
...
001 (391156.006.000) 2024-01-19 17:29:02 Job executing on host: <172.30.1.204:9618?addrs=172.30.1.204-9618&alias=node4&noUDP&sock=startd_3691_4c27>
...
040 (391156.006.000) 2024-01-19 17:29:02 Finished transferring input files
...
006 (391156.006.000) 2024-01-19 17:29:11 Image size of job updated: 186740
	183  -  MemoryUsage of job (MB)
	186740  -  ResidentSetSize of job (KB)
...
006 (391156.006.000) 2024-01-19 17:30:56 Image size of job updated: 845180
	183  -  MemoryUsage of job (MB)
	186740  -  ResidentSetSize of job (KB)
...
040 (391156.006.000) 2024-01-19 17:30:56 Started transferring output files
...
040 (391156.006.000) 2024-01-19 17:30:56 Finished transferring output files
...
005 (391156.006.000) 2024-01-19 17:30:56 Job terminated.
	(1) Normal termination (return value 0)
		Usr 0 00:01:11, Sys 0 00:00:07  -  Run Remote Usage
		Usr 0 00:00:00, Sys 0 00:00:00  -  Run Local Usage
		Usr 0 00:01:11, Sys 0 00:00:07  -  Total Remote Usage
		Usr 0 00:00:00, Sys 0 00:00:00  -  Total Local Usage
	7465407  -  Run Bytes Sent By Job
	186554  -  Run Bytes Received By Job
	7465407  -  Total Bytes Sent By Job
	186554  -  Total Bytes Received By Job
	Partitionable Resources :    Usage  Request Allocated 
	   Cpus                 :                 1         1 
	   Disk (KB)            :     7540      200    128928 
	   Memory (MB)          :      183     3900      3968 

	Job terminated of its own accord at 2024-01-19T08:30:56Z.
...
000 (391161.006.000) 2024-01-19 17:33:03 Job submitted from host: <172.30.1.200:9618?addrs=172.30.1.200-9618&alias=tamsa2.snu.ac.kr&noUDP&sock=schedd_3625_06e6>
...
040 (391161.006.000) 2024-01-19 17:33:05 Started transferring input files
	Transferring to host: <172.30.1.204:9618?addrs=172.30.1.204-9618&alias=node4&noUDP&sock=slot1_28_3725_5971_203427>
...
001 (391161.006.000) 2024-01-19 17:33:05 Job executing on host: <172.30.1.204:9618?addrs=172.30.1.204-9618&alias=node4&noUDP&sock=startd_3691_4c27>
...
040 (391161.006.000) 2024-01-19 17:33:05 Finished transferring input files
...
006 (391161.006.000) 2024-01-19 17:33:13 Image size of job updated: 233860
	183  -  MemoryUsage of job (MB)
	186744  -  ResidentSetSize of job (KB)
...
006 (391161.006.000) 2024-01-19 17:34:52 Image size of job updated: 842716
	183  -  MemoryUsage of job (MB)
	186744  -  ResidentSetSize of job (KB)
...
040 (391161.006.000) 2024-01-19 17:34:52 Started transferring output files
...
040 (391161.006.000) 2024-01-19 17:34:53 Finished transferring output files
...
005 (391161.006.000) 2024-01-19 17:34:53 Job terminated.
	(1) Normal termination (return value 0)
		Usr 0 00:01:10, Sys 0 00:00:07  -  Run Remote Usage
		Usr 0 00:00:00, Sys 0 00:00:00  -  Run Local Usage
		Usr 0 00:01:10, Sys 0 00:00:07  -  Total Remote Usage
		Usr 0 00:00:00, Sys 0 00:00:00  -  Total Local Usage
	7469647  -  Run Bytes Sent By Job
	186686  -  Run Bytes Received By Job
	7469647  -  Total Bytes Sent By Job
	186686  -  Total Bytes Received By Job
	Partitionable Resources :    Usage  Request Allocated 
	   Cpus                 :                 1         1 
	   Disk (KB)            :     7545      200    128928 
	   Memory (MB)          :      183     3900      3968 

	Job terminated of its own accord at 2024-01-19T08:34:52Z.
...
000 (391162.006.000) 2024-01-19 17:42:17 Job submitted from host: <172.30.1.200:9618?addrs=172.30.1.200-9618&alias=tamsa2.snu.ac.kr&noUDP&sock=schedd_3625_06e6>
...
040 (391162.006.000) 2024-01-19 17:42:27 Started transferring input files
	Transferring to host: <172.30.1.204:9618?addrs=172.30.1.204-9618&alias=node4&noUDP&sock=slot1_26_3725_5971_203434>
...
001 (391162.006.000) 2024-01-19 17:42:27 Job executing on host: <172.30.1.204:9618?addrs=172.30.1.204-9618&alias=node4&noUDP&sock=startd_3691_4c27>
...
040 (391162.006.000) 2024-01-19 17:42:27 Finished transferring input files
...
006 (391162.006.000) 2024-01-19 17:42:35 Image size of job updated: 809116
	181  -  MemoryUsage of job (MB)
	184576  -  ResidentSetSize of job (KB)
...
006 (391162.006.000) 2024-01-19 17:44:24 Image size of job updated: 835152
	181  -  MemoryUsage of job (MB)
	184576  -  ResidentSetSize of job (KB)
...
040 (391162.006.000) 2024-01-19 17:44:24 Started transferring output files
...
040 (391162.006.000) 2024-01-19 17:44:25 Finished transferring output files
...
005 (391162.006.000) 2024-01-19 17:44:25 Job terminated.
	(1) Normal termination (return value 0)
		Usr 0 00:01:10, Sys 0 00:00:07  -  Run Remote Usage
		Usr 0 00:00:00, Sys 0 00:00:00  -  Run Local Usage
		Usr 0 00:01:10, Sys 0 00:00:07  -  Total Remote Usage
		Usr 0 00:00:00, Sys 0 00:00:00  -  Total Local Usage
	7465015  -  Run Bytes Sent By Job
	187104  -  Run Bytes Received By Job
	7465015  -  Total Bytes Sent By Job
	187104  -  Total Bytes Received By Job
	Partitionable Resources :    Usage  Request Allocated 
	   Cpus                 :                 1         1 
	   Disk (KB)            :     7540      200    128928 
	   Memory (MB)          :      181     3900      3968 

	Job terminated of its own accord at 2024-01-19T08:44:24Z.
...
000 (391163.006.000) 2024-01-19 17:55:43 Job submitted from host: <172.30.1.200:9618?addrs=172.30.1.200-9618&alias=tamsa2.snu.ac.kr&noUDP&sock=schedd_3625_06e6>
...
040 (391163.006.000) 2024-01-19 17:55:55 Started transferring input files
	Transferring to host: <172.30.1.210:9618?addrs=172.30.1.210-9618&alias=node10&noUDP&sock=slot1_33_3822_b1d4_184781>
...
001 (391163.006.000) 2024-01-19 17:55:55 Job executing on host: <172.30.1.210:9618?addrs=172.30.1.210-9618&alias=node10&noUDP&sock=startd_3788_d4d6>
...
040 (391163.006.000) 2024-01-19 17:55:55 Finished transferring input files
...
006 (391163.006.000) 2024-01-19 17:56:04 Image size of job updated: 808360
	171  -  MemoryUsage of job (MB)
	174660  -  ResidentSetSize of job (KB)
...
006 (391163.006.000) 2024-01-19 18:00:14 Image size of job updated: 869356
	171  -  MemoryUsage of job (MB)
	174660  -  ResidentSetSize of job (KB)
...
040 (391163.006.000) 2024-01-19 18:00:15 Started transferring output files
...
040 (391163.006.000) 2024-01-19 18:00:15 Finished transferring output files
...
005 (391163.006.000) 2024-01-19 18:00:15 Job terminated.
	(1) Normal termination (return value 0)
		Usr 0 00:03:40, Sys 0 00:00:11  -  Run Remote Usage
		Usr 0 00:00:00, Sys 0 00:00:00  -  Run Local Usage
		Usr 0 00:03:40, Sys 0 00:00:11  -  Total Remote Usage
		Usr 0 00:00:00, Sys 0 00:00:00  -  Total Local Usage
	33979032  -  Run Bytes Sent By Job
	186100  -  Run Bytes Received By Job
	33979032  -  Total Bytes Sent By Job
	186100  -  Total Bytes Received By Job
	Partitionable Resources :    Usage  Request Allocated 
	   Cpus                 :     0.99        1         1 
	   Disk (KB)            : 33437         200    128928 
	   Memory (MB)          :   171        3900      3968 

	Job terminated of its own accord at 2024-01-19T09:00:14Z.
...
000 (391164.006.000) 2024-01-19 18:03:23 Job submitted from host: <172.30.1.200:9618?addrs=172.30.1.200-9618&alias=tamsa2.snu.ac.kr&noUDP&sock=schedd_3625_06e6>
...
040 (391164.006.000) 2024-01-19 18:03:37 Started transferring input files
	Transferring to host: <172.30.1.106:9618?addrs=172.30.1.106-9618&alias=n6&noUDP&sock=slot1_9_3378_db42_31806>
...
001 (391164.006.000) 2024-01-19 18:03:37 Job executing on host: <172.30.1.106:9618?addrs=172.30.1.106-9618&alias=n6&noUDP&sock=startd_3343_9931>
...
040 (391164.006.000) 2024-01-19 18:03:37 Finished transferring input files
...
006 (391164.006.000) 2024-01-19 18:03:45 Image size of job updated: 266988
	172  -  MemoryUsage of job (MB)
	175148  -  ResidentSetSize of job (KB)
...
006 (391164.006.000) 2024-01-19 18:08:28 Image size of job updated: 869760
	172  -  MemoryUsage of job (MB)
	175148  -  ResidentSetSize of job (KB)
...
040 (391164.006.000) 2024-01-19 18:08:28 Started transferring output files
...
040 (391164.006.000) 2024-01-19 18:08:30 Finished transferring output files
...
005 (391164.006.000) 2024-01-19 18:08:30 Job terminated.
	(1) Normal termination (return value 0)
		Usr 0 00:04:10, Sys 0 00:00:18  -  Run Remote Usage
		Usr 0 00:00:00, Sys 0 00:00:00  -  Run Local Usage
		Usr 0 00:04:10, Sys 0 00:00:18  -  Total Remote Usage
		Usr 0 00:00:00, Sys 0 00:00:00  -  Total Local Usage
	78350032  -  Run Bytes Sent By Job
	186386  -  Run Bytes Received By Job
	78350032  -  Total Bytes Sent By Job
	186386  -  Total Bytes Received By Job
	Partitionable Resources :    Usage  Request Allocated 
	   Cpus                 :     0.93        1         1 
	   Disk (KB)            : 76768         200     61880 
	   Memory (MB)          :   172        3900      3968 

	Job terminated of its own accord at 2024-01-19T09:08:28Z.
...
000 (391165.006.000) 2024-01-19 22:41:31 Job submitted from host: <172.30.1.200:9618?addrs=172.30.1.200-9618&alias=tamsa2.snu.ac.kr&noUDP&sock=schedd_3625_06e6>
...
040 (391165.006.000) 2024-01-19 22:41:33 Started transferring input files
	Transferring to host: <172.30.1.204:9618?addrs=172.30.1.204-9618&alias=node4&noUDP&sock=slot1_3_3725_5971_203486>
...
001 (391165.006.000) 2024-01-19 22:41:33 Job executing on host: <172.30.1.204:9618?addrs=172.30.1.204-9618&alias=node4&noUDP&sock=startd_3691_4c27>
...
040 (391165.006.000) 2024-01-19 22:41:33 Finished transferring input files
...
006 (391165.006.000) 2024-01-19 22:41:41 Image size of job updated: 139088
	15  -  MemoryUsage of job (MB)
	14828  -  ResidentSetSize of job (KB)
...
006 (391165.006.000) 2024-01-19 22:43:34 Image size of job updated: 846632
	15  -  MemoryUsage of job (MB)
	14828  -  ResidentSetSize of job (KB)
...
040 (391165.006.000) 2024-01-19 22:43:34 Started transferring output files
...
040 (391165.006.000) 2024-01-19 22:43:34 Finished transferring output files
...
005 (391165.006.000) 2024-01-19 22:43:34 Job terminated.
	(1) Normal termination (return value 0)
		Usr 0 00:01:06, Sys 0 00:00:07  -  Run Remote Usage
		Usr 0 00:00:00, Sys 0 00:00:00  -  Run Local Usage
		Usr 0 00:01:06, Sys 0 00:00:07  -  Total Remote Usage
		Usr 0 00:00:00, Sys 0 00:00:00  -  Total Local Usage
	7473695  -  Run Bytes Sent By Job
	185908  -  Run Bytes Received By Job
	7473695  -  Total Bytes Sent By Job
	185908  -  Total Bytes Received By Job
	Partitionable Resources :    Usage  Request Allocated 
	   Cpus                 :     0.01        1         1 
	   Disk (KB)            :  7554         200    128928 
	   Memory (MB)          :    15        3900      3968 

	Job terminated of its own accord at 2024-01-19T13:43:34Z.
...
000 (391166.006.000) 2024-01-19 22:44:51 Job submitted from host: <172.30.1.200:9618?addrs=172.30.1.200-9618&alias=tamsa2.snu.ac.kr&noUDP&sock=schedd_3625_06e6>
...
040 (391166.006.000) 2024-01-19 22:44:58 Started transferring input files
	Transferring to host: <172.30.1.204:9618?addrs=172.30.1.204-9618&alias=node4&noUDP&sock=slot1_3_3725_5971_203512>
...
001 (391166.006.000) 2024-01-19 22:44:58 Job executing on host: <172.30.1.204:9618?addrs=172.30.1.204-9618&alias=node4&noUDP&sock=startd_3691_4c27>
...
040 (391166.006.000) 2024-01-19 22:44:58 Finished transferring input files
...
006 (391166.006.000) 2024-01-19 22:45:07 Image size of job updated: 567228
	184  -  MemoryUsage of job (MB)
	187584  -  ResidentSetSize of job (KB)
...
006 (391166.006.000) 2024-01-19 22:50:03 Image size of job updated: 873952
	184  -  MemoryUsage of job (MB)
	187584  -  ResidentSetSize of job (KB)
...
040 (391166.006.000) 2024-01-19 22:50:03 Started transferring output files
...
040 (391166.006.000) 2024-01-19 22:50:03 Finished transferring output files
...
005 (391166.006.000) 2024-01-19 22:50:04 Job terminated.
	(1) Normal termination (return value 0)
		Usr 0 00:04:37, Sys 0 00:00:16  -  Run Remote Usage
		Usr 0 00:00:00, Sys 0 00:00:00  -  Run Local Usage
		Usr 0 00:04:37, Sys 0 00:00:16  -  Total Remote Usage
		Usr 0 00:00:00, Sys 0 00:00:00  -  Total Local Usage
	32227520  -  Run Bytes Sent By Job
	185911  -  Run Bytes Received By Job
	32227520  -  Total Bytes Sent By Job
	185911  -  Total Bytes Received By Job
	Partitionable Resources :    Usage  Request Allocated 
	   Cpus                 :     1.00        1         1 
	   Disk (KB)            : 31727         200    128928 
	   Memory (MB)          :   184        3900      3968 

	Job terminated of its own accord at 2024-01-19T13:50:03Z.
...
000 (391167.006.000) 2024-01-19 22:57:44 Job submitted from host: <172.30.1.200:9618?addrs=172.30.1.200-9618&alias=tamsa2.snu.ac.kr&noUDP&sock=schedd_3625_06e6>
...
040 (391167.006.000) 2024-01-19 22:57:46 Started transferring input files
	Transferring to host: <172.30.1.204:9618?addrs=172.30.1.204-9618&alias=node4&noUDP&sock=slot1_11_3725_5971_203540>
...
001 (391167.006.000) 2024-01-19 22:57:46 Job executing on host: <172.30.1.204:9618?addrs=172.30.1.204-9618&alias=node4&noUDP&sock=startd_3691_4c27>
...
040 (391167.006.000) 2024-01-19 22:57:46 Finished transferring input files
...
006 (391167.006.000) 2024-01-19 22:57:54 Image size of job updated: 139344
	68  -  MemoryUsage of job (MB)
	69436  -  ResidentSetSize of job (KB)
...
006 (391167.006.000) 2024-01-19 23:02:47 Image size of job updated: 874080
	68  -  MemoryUsage of job (MB)
	69436  -  ResidentSetSize of job (KB)
...
040 (391167.006.000) 2024-01-19 23:02:47 Started transferring output files
...
040 (391167.006.000) 2024-01-19 23:02:47 Finished transferring output files
...
005 (391167.006.000) 2024-01-19 23:02:47 Job terminated.
	(1) Normal termination (return value 0)
		Usr 0 00:04:27, Sys 0 00:00:16  -  Run Remote Usage
		Usr 0 00:00:00, Sys 0 00:00:00  -  Run Local Usage
		Usr 0 00:04:27, Sys 0 00:00:16  -  Total Remote Usage
		Usr 0 00:00:00, Sys 0 00:00:00  -  Total Local Usage
	32223696  -  Run Bytes Sent By Job
	185911  -  Run Bytes Received By Job
	32223696  -  Total Bytes Sent By Job
	185911  -  Total Bytes Received By Job
	Partitionable Resources :    Usage  Request Allocated 
	   Cpus                 :     0.91        1         1 
	   Disk (KB)            : 31723         200    128928 
	   Memory (MB)          :    68        3900      3968 

	Job terminated of its own accord at 2024-01-19T14:02:47Z.
...
000 (391343.006.000) 2024-01-22 10:59:17 Job submitted from host: <172.30.1.200:9618?addrs=172.30.1.200-9618&alias=tamsa2.snu.ac.kr&noUDP&sock=schedd_3625_06e6>
...
040 (391343.006.000) 2024-01-22 10:59:22 Started transferring input files
	Transferring to host: <172.30.1.216:9618?addrs=172.30.1.216-9618&alias=node16&noUDP&sock=slot1_15_4290_7168_332784>
...
040 (391343.006.000) 2024-01-22 10:59:22 Finished transferring input files
...
001 (391343.006.000) 2024-01-22 10:59:22 Job executing on host: <172.30.1.216:9618?addrs=172.30.1.216-9618&alias=node16&noUDP&sock=startd_4255_2791>
...
006 (391343.006.000) 2024-01-22 10:59:30 Image size of job updated: 1288
	1  -  MemoryUsage of job (MB)
	84  -  ResidentSetSize of job (KB)
...
006 (391343.006.000) 2024-01-22 11:04:30 Image size of job updated: 965540
	182  -  MemoryUsage of job (MB)
	185716  -  ResidentSetSize of job (KB)
...
006 (391343.006.000) 2024-01-22 11:09:30 Image size of job updated: 965540
	216  -  MemoryUsage of job (MB)
	220848  -  ResidentSetSize of job (KB)
...
006 (391343.006.000) 2024-01-22 11:14:32 Image size of job updated: 965540
	236  -  MemoryUsage of job (MB)
	241252  -  ResidentSetSize of job (KB)
...
040 (391343.006.000) 2024-01-22 11:17:58 Started transferring output files
...
040 (391343.006.000) 2024-01-22 11:17:59 Finished transferring output files
...
005 (391343.006.000) 2024-01-22 11:17:59 Job terminated.
	(1) Normal termination (return value 0)
		Usr 0 00:16:42, Sys 0 00:00:56  -  Run Remote Usage
		Usr 0 00:00:00, Sys 0 00:00:00  -  Run Local Usage
		Usr 0 00:16:42, Sys 0 00:00:56  -  Total Remote Usage
		Usr 0 00:00:00, Sys 0 00:00:00  -  Total Local Usage
	30752272  -  Run Bytes Sent By Job
	185924  -  Run Bytes Received By Job
	30752272  -  Total Bytes Sent By Job
	185924  -  Total Bytes Received By Job
	Partitionable Resources :    Usage  Request Allocated 
	   Cpus                 :     1.00        1         1 
	   Disk (KB)            : 30286         200    261111 
	   Memory (MB)          :   236        3900      3968 

	Job terminated of its own accord at 2024-01-22T02:17:58Z.
...
000 (391348.006.000) 2024-01-22 12:29:14 Job submitted from host: <172.30.1.200:9618?addrs=172.30.1.200-9618&alias=tamsa2.snu.ac.kr&noUDP&sock=schedd_3625_06e6>
...
040 (391348.006.000) 2024-01-22 12:29:16 Started transferring input files
	Transferring to host: <172.30.1.216:9618?addrs=172.30.1.216-9618&alias=node16&noUDP&sock=slot1_7_4290_7168_332820>
...
040 (391348.006.000) 2024-01-22 12:29:16 Finished transferring input files
...
001 (391348.006.000) 2024-01-22 12:29:16 Job executing on host: <172.30.1.216:9618?addrs=172.30.1.216-9618&alias=node16&noUDP&sock=startd_4255_2791>
...
006 (391348.006.000) 2024-01-22 12:29:25 Image size of job updated: 139344
	5  -  MemoryUsage of job (MB)
	4952  -  ResidentSetSize of job (KB)
...
006 (391348.006.000) 2024-01-22 12:34:25 Image size of job updated: 965576
	216  -  MemoryUsage of job (MB)
	220632  -  ResidentSetSize of job (KB)
...
006 (391348.006.000) 2024-01-22 12:39:25 Image size of job updated: 965576
	245  -  MemoryUsage of job (MB)
	250656  -  ResidentSetSize of job (KB)
...
006 (391348.006.000) 2024-01-22 12:44:26 Image size of job updated: 965576
	291  -  MemoryUsage of job (MB)
	297680  -  ResidentSetSize of job (KB)
...
006 (391348.006.000) 2024-01-22 12:46:42 Image size of job updated: 965576
	291  -  MemoryUsage of job (MB)
	297696  -  ResidentSetSize of job (KB)
...
040 (391348.006.000) 2024-01-22 12:46:43 Started transferring output files
...
040 (391348.006.000) 2024-01-22 12:46:43 Finished transferring output files
...
005 (391348.006.000) 2024-01-22 12:46:44 Job terminated.
	(1) Normal termination (return value 0)
		Usr 0 00:15:57, Sys 0 00:00:54  -  Run Remote Usage
		Usr 0 00:00:00, Sys 0 00:00:00  -  Run Local Usage
		Usr 0 00:15:57, Sys 0 00:00:54  -  Total Remote Usage
		Usr 0 00:00:00, Sys 0 00:00:00  -  Total Local Usage
	30729444  -  Run Bytes Sent By Job
	186484  -  Run Bytes Received By Job
	30729444  -  Total Bytes Sent By Job
	186484  -  Total Bytes Received By Job
	Partitionable Resources :    Usage  Request Allocated 
	   Cpus                 :     1.00        1         1 
	   Disk (KB)            : 30265         200    261111 
	   Memory (MB)          :   291        3900      3968 

	Job terminated of its own accord at 2024-01-22T03:46:42Z.
...
000 (391350.006.000) 2024-01-22 13:01:44 Job submitted from host: <172.30.1.200:9618?addrs=172.30.1.200-9618&alias=tamsa2.snu.ac.kr&noUDP&sock=schedd_3625_06e6>
...
040 (391350.006.000) 2024-01-22 13:01:59 Started transferring input files
	Transferring to host: <172.30.1.216:9618?addrs=172.30.1.216-9618&alias=node16&noUDP&sock=slot1_7_4290_7168_332860>
...
040 (391350.006.000) 2024-01-22 13:01:59 Finished transferring input files
...
001 (391350.006.000) 2024-01-22 13:01:59 Job executing on host: <172.30.1.216:9618?addrs=172.30.1.216-9618&alias=node16&noUDP&sock=startd_4255_2791>
...
006 (391350.006.000) 2024-01-22 13:02:08 Image size of job updated: 139380
	5  -  MemoryUsage of job (MB)
	4956  -  ResidentSetSize of job (KB)
...
006 (391350.006.000) 2024-01-22 13:07:10 Image size of job updated: 949968
	225  -  MemoryUsage of job (MB)
	230256  -  ResidentSetSize of job (KB)
...
006 (391350.006.000) 2024-01-22 13:12:10 Image size of job updated: 950168
	292  -  MemoryUsage of job (MB)
	298096  -  ResidentSetSize of job (KB)
...
006 (391350.006.000) 2024-01-22 13:17:10 Image size of job updated: 965776
	292  -  MemoryUsage of job (MB)
	298096  -  ResidentSetSize of job (KB)
...
040 (391350.006.000) 2024-01-22 13:19:16 Started transferring output files
...
040 (391350.006.000) 2024-01-22 13:19:17 Finished transferring output files
...
005 (391350.006.000) 2024-01-22 13:19:17 Job terminated.
	(1) Normal termination (return value 0)
		Usr 0 00:15:50, Sys 0 00:00:52  -  Run Remote Usage
		Usr 0 00:00:00, Sys 0 00:00:00  -  Run Local Usage
		Usr 0 00:15:50, Sys 0 00:00:52  -  Total Remote Usage
		Usr 0 00:00:00, Sys 0 00:00:00  -  Total Local Usage
	30631440  -  Run Bytes Sent By Job
	186577  -  Run Bytes Received By Job
	30631440  -  Total Bytes Sent By Job
	186577  -  Total Bytes Received By Job
	Partitionable Resources :    Usage  Request Allocated 
	   Cpus                 :     1.00        1         1 
	   Disk (KB)            : 30169         200    261111 
	   Memory (MB)          :   292        3900      3968 

	Job terminated of its own accord at 2024-01-22T04:19:16Z.
...
000 (391361.006.000) 2024-01-22 13:44:17 Job submitted from host: <172.30.1.200:9618?addrs=172.30.1.200-9618&alias=tamsa2.snu.ac.kr&noUDP&sock=schedd_3625_06e6>
...
040 (391361.006.000) 2024-01-22 13:44:27 Started transferring input files
	Transferring to host: <172.30.1.216:9618?addrs=172.30.1.216-9618&alias=node16&noUDP&sock=slot1_26_4290_7168_332990>
...
040 (391361.006.000) 2024-01-22 13:44:27 Finished transferring input files
...
001 (391361.006.000) 2024-01-22 13:44:27 Job executing on host: <172.30.1.216:9618?addrs=172.30.1.216-9618&alias=node16&noUDP&sock=startd_4255_2791>
...
006 (391361.006.000) 2024-01-22 13:44:35 Image size of job updated: 561384
	74  -  MemoryUsage of job (MB)
	75364  -  ResidentSetSize of job (KB)
...
006 (391361.006.000) 2024-01-22 13:48:03 Image size of job updated: 869952
	74  -  MemoryUsage of job (MB)
	75364  -  ResidentSetSize of job (KB)
...
040 (391361.006.000) 2024-01-22 13:48:03 Started transferring output files
...
040 (391361.006.000) 2024-01-22 13:48:04 Finished transferring output files
...
005 (391361.006.000) 2024-01-22 13:48:04 Job terminated.
	(1) Normal termination (return value 0)
		Usr 0 00:03:06, Sys 0 00:00:14  -  Run Remote Usage
		Usr 0 00:00:00, Sys 0 00:00:00  -  Run Local Usage
		Usr 0 00:03:06, Sys 0 00:00:14  -  Total Remote Usage
		Usr 0 00:00:00, Sys 0 00:00:00  -  Total Local Usage
	36177048  -  Run Bytes Sent By Job
	191813  -  Run Bytes Received By Job
	36177048  -  Total Bytes Sent By Job
	191813  -  Total Bytes Received By Job
	Partitionable Resources :    Usage  Request Allocated 
	   Cpus                 :     1.00        1         1 
	   Disk (KB)            : 35592         200    261111 
	   Memory (MB)          :    74        3900      3968 

	Job terminated of its own accord at 2024-01-22T04:48:03Z.
...
000 (391362.006.000) 2024-01-22 13:50:58 Job submitted from host: <172.30.1.200:9618?addrs=172.30.1.200-9618&alias=tamsa2.snu.ac.kr&noUDP&sock=schedd_3625_06e6>
...
040 (391362.006.000) 2024-01-22 13:51:02 Started transferring input files
	Transferring to host: <172.30.1.216:9618?addrs=172.30.1.216-9618&alias=node16&noUDP&sock=slot1_23_4290_7168_333039>
...
040 (391362.006.000) 2024-01-22 13:51:02 Finished transferring input files
...
001 (391362.006.000) 2024-01-22 13:51:02 Job executing on host: <172.30.1.216:9618?addrs=172.30.1.216-9618&alias=node16&noUDP&sock=startd_4255_2791>
...
006 (391362.006.000) 2024-01-22 13:51:10 Image size of job updated: 139604
	5  -  MemoryUsage of job (MB)
	4956  -  ResidentSetSize of job (KB)
...
006 (391362.006.000) 2024-01-22 13:56:10 Image size of job updated: 965792
	192  -  MemoryUsage of job (MB)
	196040  -  ResidentSetSize of job (KB)
...
006 (391362.006.000) 2024-01-22 14:01:14 Image size of job updated: 965804
	192  -  MemoryUsage of job (MB)
	196040  -  ResidentSetSize of job (KB)
...
006 (391362.006.000) 2024-01-22 14:06:12 Image size of job updated: 966336
	216  -  MemoryUsage of job (MB)
	220580  -  ResidentSetSize of job (KB)
...
040 (391362.006.000) 2024-01-22 14:10:30 Started transferring output files
...
040 (391362.006.000) 2024-01-22 14:10:37 Finished transferring output files
...
005 (391362.006.000) 2024-01-22 14:10:37 Job terminated.
	(1) Normal termination (return value 0)
		Usr 0 00:16:57, Sys 0 00:01:05  -  Run Remote Usage
		Usr 0 00:00:00, Sys 0 00:00:00  -  Run Local Usage
		Usr 0 00:16:57, Sys 0 00:01:05  -  Total Remote Usage
		Usr 0 00:00:00, Sys 0 00:00:00  -  Total Local Usage
	30672244  -  Run Bytes Sent By Job
	191814  -  Run Bytes Received By Job
	30672244  -  Total Bytes Sent By Job
	191814  -  Total Bytes Received By Job
	Partitionable Resources :    Usage  Request Allocated 
	   Cpus                 :     0.98        1         1 
	   Disk (KB)            : 30216         200    261111 
	   Memory (MB)          :   216        3900      3968 

	Job terminated of its own accord at 2024-01-22T05:10:30Z.
...
000 (391496.006.000) 2024-01-22 14:58:10 Job submitted from host: <172.30.1.200:9618?addrs=172.30.1.200-9618&alias=tamsa2.snu.ac.kr&noUDP&sock=schedd_3625_06e6>
...
040 (391496.006.000) 2024-01-22 14:58:16 Started transferring input files
	Transferring to host: <172.30.1.216:9618?addrs=172.30.1.216-9618&alias=node16&noUDP&sock=slot1_17_4290_7168_333197>
...
040 (391496.006.000) 2024-01-22 14:58:16 Finished transferring input files
...
001 (391496.006.000) 2024-01-22 14:58:16 Job executing on host: <172.30.1.216:9618?addrs=172.30.1.216-9618&alias=node16&noUDP&sock=startd_4255_2791>
...
006 (391496.006.000) 2024-01-22 14:58:25 Image size of job updated: 152896
	11  -  MemoryUsage of job (MB)
	10768  -  ResidentSetSize of job (KB)
...
006 (391496.006.000) 2024-01-22 15:03:26 Image size of job updated: 950024
	292  -  MemoryUsage of job (MB)
	298680  -  ResidentSetSize of job (KB)
...
006 (391496.006.000) 2024-01-22 15:08:27 Image size of job updated: 961724
	292  -  MemoryUsage of job (MB)
	298680  -  ResidentSetSize of job (KB)
...
006 (391496.006.000) 2024-01-22 15:13:27 Image size of job updated: 962100
	292  -  MemoryUsage of job (MB)
	298680  -  ResidentSetSize of job (KB)
...
006 (391496.006.000) 2024-01-22 15:18:27 Image size of job updated: 966280
	292  -  MemoryUsage of job (MB)
	298680  -  ResidentSetSize of job (KB)
...
040 (391496.006.000) 2024-01-22 15:19:26 Started transferring output files
...
040 (391496.006.000) 2024-01-22 15:19:28 Finished transferring output files
...
005 (391496.006.000) 2024-01-22 15:19:28 Job terminated.
	(1) Normal termination (return value 0)
		Usr 0 00:19:08, Sys 0 00:01:14  -  Run Remote Usage
		Usr 0 00:00:00, Sys 0 00:00:00  -  Run Local Usage
		Usr 0 00:19:08, Sys 0 00:01:14  -  Total Remote Usage
		Usr 0 00:00:00, Sys 0 00:00:00  -  Total Local Usage
	30587932  -  Run Bytes Sent By Job
	191814  -  Run Bytes Received By Job
	30587932  -  Total Bytes Sent By Job
	191814  -  Total Bytes Received By Job
	Partitionable Resources :    Usage  Request Allocated 
	   Cpus                 :     0.98        1         1 
	   Disk (KB)            : 30134         200    261111 
	   Memory (MB)          :   292        3900      3968 

	Job terminated of its own accord at 2024-01-22T06:19:26Z.
...
000 (391511.006.000) 2024-01-22 15:59:40 Job submitted from host: <172.30.1.200:9618?addrs=172.30.1.200-9618&alias=tamsa2.snu.ac.kr&noUDP&sock=schedd_3625_06e6>
...
040 (391511.006.000) 2024-01-22 15:59:49 Started transferring input files
	Transferring to host: <172.30.1.215:9618?addrs=172.30.1.215-9618&alias=node15&noUDP&sock=slot1_56_4389_328c_281222>
...
040 (391511.006.000) 2024-01-22 15:59:49 Finished transferring input files
...
001 (391511.006.000) 2024-01-22 15:59:49 Job executing on host: <172.30.1.215:9618?addrs=172.30.1.215-9618&alias=node15&noUDP&sock=startd_4353_5fd9>
...
006 (391511.006.000) 2024-01-22 15:59:58 Image size of job updated: 32688
	17  -  MemoryUsage of job (MB)
	16592  -  ResidentSetSize of job (KB)
...
006 (391511.006.000) 2024-01-22 16:04:59 Image size of job updated: 965812
	254  -  MemoryUsage of job (MB)
	259424  -  ResidentSetSize of job (KB)
...
006 (391511.006.000) 2024-01-22 16:14:59 Image size of job updated: 965892
	254  -  MemoryUsage of job (MB)
	259424  -  ResidentSetSize of job (KB)
...
040 (391511.006.000) 2024-01-22 16:21:49 Started transferring output files
...
040 (391511.006.000) 2024-01-22 16:21:49 Finished transferring output files
...
005 (391511.006.000) 2024-01-22 16:21:49 Job terminated.
	(1) Normal termination (return value 0)
		Usr 0 00:19:20, Sys 0 00:01:46  -  Run Remote Usage
		Usr 0 00:00:00, Sys 0 00:00:00  -  Run Local Usage
		Usr 0 00:19:20, Sys 0 00:01:46  -  Total Remote Usage
		Usr 0 00:00:00, Sys 0 00:00:00  -  Total Local Usage
	30730118  -  Run Bytes Sent By Job
	191824  -  Run Bytes Received By Job
	30730118  -  Total Bytes Sent By Job
	191824  -  Total Bytes Received By Job
	Partitionable Resources :    Usage  Request Allocated 
	   Cpus                 :     1.00        1         1 
	   Disk (KB)            : 30273         200    261111 
	   Memory (MB)          :   254        3900      3968 

	Job terminated of its own accord at 2024-01-22T07:21:48Z.
...
000 (391574.006.000) 2024-01-22 23:14:59 Job submitted from host: <172.30.1.200:9618?addrs=172.30.1.200-9618&alias=tamsa2.snu.ac.kr&noUDP&sock=schedd_3625_06e6>
...
040 (391574.006.000) 2024-01-22 23:15:03 Started transferring input files
	Transferring to host: <172.30.1.216:9618?addrs=172.30.1.216-9618&alias=node16&noUDP&sock=slot1_15_4290_7168_334232>
...
040 (391574.006.000) 2024-01-22 23:15:03 Finished transferring input files
...
001 (391574.006.000) 2024-01-22 23:15:03 Job executing on host: <172.30.1.216:9618?addrs=172.30.1.216-9618&alias=node16&noUDP&sock=startd_4255_2791>
...
006 (391574.006.000) 2024-01-22 23:15:12 Image size of job updated: 139344
	5  -  MemoryUsage of job (MB)
	4956  -  ResidentSetSize of job (KB)
...
006 (391574.006.000) 2024-01-22 23:20:12 Image size of job updated: 961488
	225  -  MemoryUsage of job (MB)
	229716  -  ResidentSetSize of job (KB)
...
006 (391574.006.000) 2024-01-22 23:30:13 Image size of job updated: 965916
	225  -  MemoryUsage of job (MB)
	229716  -  ResidentSetSize of job (KB)
...
006 (391574.006.000) 2024-01-22 23:35:03 Image size of job updated: 965992
	225  -  MemoryUsage of job (MB)
	229716  -  ResidentSetSize of job (KB)
...
040 (391574.006.000) 2024-01-22 23:35:03 Started transferring output files
...
040 (391574.006.000) 2024-01-22 23:35:04 Finished transferring output files
...
005 (391574.006.000) 2024-01-22 23:35:04 Job terminated.
	(1) Normal termination (return value 0)
		Usr 0 00:18:06, Sys 0 00:01:06  -  Run Remote Usage
		Usr 0 00:00:00, Sys 0 00:00:00  -  Run Local Usage
		Usr 0 00:18:06, Sys 0 00:01:06  -  Total Remote Usage
		Usr 0 00:00:00, Sys 0 00:00:00  -  Total Local Usage
	30711218  -  Run Bytes Sent By Job
	191685  -  Run Bytes Received By Job
	30711218  -  Total Bytes Sent By Job
	191685  -  Total Bytes Received By Job
	Partitionable Resources :    Usage  Request Allocated 
	   Cpus                 :     1.00        1         1 
	   Disk (KB)            : 30254         200    261111 
	   Memory (MB)          :   225        3900      3968 

	Job terminated of its own accord at 2024-01-22T14:35:03Z.
...
000 (391577.006.000) 2024-01-22 23:35:26 Job submitted from host: <172.30.1.200:9618?addrs=172.30.1.200-9618&alias=tamsa2.snu.ac.kr&noUDP&sock=schedd_3625_06e6>
...
040 (391577.006.000) 2024-01-22 23:35:33 Started transferring input files
	Transferring to host: <172.30.1.216:9618?addrs=172.30.1.216-9618&alias=node16&noUDP&sock=slot1_7_4290_7168_334284>
...
040 (391577.006.000) 2024-01-22 23:35:33 Finished transferring input files
...
001 (391577.006.000) 2024-01-22 23:35:33 Job executing on host: <172.30.1.216:9618?addrs=172.30.1.216-9618&alias=node16&noUDP&sock=startd_4255_2791>
...
006 (391577.006.000) 2024-01-22 23:35:42 Image size of job updated: 561368
	68  -  MemoryUsage of job (MB)
	69420  -  ResidentSetSize of job (KB)
...
006 (391577.006.000) 2024-01-22 23:40:43 Image size of job updated: 965580
	282  -  MemoryUsage of job (MB)
	288544  -  ResidentSetSize of job (KB)
...
006 (391577.006.000) 2024-01-22 23:55:45 Image size of job updated: 966012
	282  -  MemoryUsage of job (MB)
	288544  -  ResidentSetSize of job (KB)
...
006 (391577.006.000) 2024-01-22 23:57:43 Image size of job updated: 966116
	282  -  MemoryUsage of job (MB)
	288544  -  ResidentSetSize of job (KB)
...
040 (391577.006.000) 2024-01-22 23:57:43 Started transferring output files
...
040 (391577.006.000) 2024-01-22 23:57:44 Finished transferring output files
...
005 (391577.006.000) 2024-01-22 23:57:44 Job terminated.
	(1) Normal termination (return value 0)
		Usr 0 00:20:34, Sys 0 00:01:15  -  Run Remote Usage
		Usr 0 00:00:00, Sys 0 00:00:00  -  Run Local Usage
		Usr 0 00:20:34, Sys 0 00:01:15  -  Total Remote Usage
		Usr 0 00:00:00, Sys 0 00:00:00  -  Total Local Usage
	30685836  -  Run Bytes Sent By Job
	191687  -  Run Bytes Received By Job
	30685836  -  Total Bytes Sent By Job
	191687  -  Total Bytes Received By Job
	Partitionable Resources :    Usage  Request Allocated 
	   Cpus                 :     1.00        1         1 
	   Disk (KB)            : 30229         200    261111 
	   Memory (MB)          :   282        3900      3968 

	Job terminated of its own accord at 2024-01-22T14:57:43Z.
...
000 (391582.006.000) 2024-01-23 10:33:34 Job submitted from host: <172.30.1.200:9618?addrs=172.30.1.200-9618&alias=tamsa2.snu.ac.kr&noUDP&sock=schedd_3625_06e6>
...
040 (391582.006.000) 2024-01-23 10:33:39 Started transferring input files
	Transferring to host: <172.30.1.216:9618?addrs=172.30.1.216-9618&alias=node16&noUDP&sock=slot1_15_4290_7168_337532>
...
040 (391582.006.000) 2024-01-23 10:33:39 Finished transferring input files
...
001 (391582.006.000) 2024-01-23 10:33:39 Job executing on host: <172.30.1.216:9618?addrs=172.30.1.216-9618&alias=node16&noUDP&sock=startd_4255_2791>
...
006 (391582.006.000) 2024-01-23 10:33:47 Image size of job updated: 1288
	1  -  MemoryUsage of job (MB)
	84  -  ResidentSetSize of job (KB)
...
006 (391582.006.000) 2024-01-23 10:38:47 Image size of job updated: 949860
	216  -  MemoryUsage of job (MB)
	220612  -  ResidentSetSize of job (KB)
...
006 (391582.006.000) 2024-01-23 10:43:48 Image size of job updated: 950292
	282  -  MemoryUsage of job (MB)
	288524  -  ResidentSetSize of job (KB)
...
006 (391582.006.000) 2024-01-23 10:48:49 Image size of job updated: 959288
	282  -  MemoryUsage of job (MB)
	288524  -  ResidentSetSize of job (KB)
...
040 (391582.006.000) 2024-01-23 10:50:06 Started transferring output files
...
040 (391582.006.000) 2024-01-23 10:50:07 Finished transferring output files
...
005 (391582.006.000) 2024-01-23 10:50:07 Job terminated.
	(1) Normal termination (return value 0)
		Usr 0 00:14:38, Sys 0 00:00:54  -  Run Remote Usage
		Usr 0 00:00:00, Sys 0 00:00:00  -  Run Local Usage
		Usr 0 00:14:38, Sys 0 00:00:54  -  Total Remote Usage
		Usr 0 00:00:00, Sys 0 00:00:00  -  Total Local Usage
	30690236  -  Run Bytes Sent By Job
	191687  -  Run Bytes Received By Job
	30690236  -  Total Bytes Sent By Job
	191687  -  Total Bytes Received By Job
	Partitionable Resources :    Usage  Request Allocated 
	   Cpus                 :     1.00        1         1 
	   Disk (KB)            : 30234         200    261111 
	   Memory (MB)          :   282        3900      3968 

	Job terminated of its own accord at 2024-01-23T01:50:06Z.
...
