000 (390874.028.000) 2024-01-18 20:28:10 Job submitted from host: <172.30.1.200:9618?addrs=172.30.1.200-9618&alias=tamsa2.snu.ac.kr&noUDP&sock=schedd_3625_06e6>
...
040 (390874.028.000) 2024-01-18 20:28:23 Started transferring input files
	Transferring to host: <172.30.1.207:9618?addrs=172.30.1.207-9618&alias=node7&noUDP&sock=slot1_28_39434_91fd_224780>
...
001 (390874.028.000) 2024-01-18 20:28:23 Job executing on host: <172.30.1.207:9618?addrs=172.30.1.207-9618&alias=node7&noUDP&sock=startd_3748_650d>
...
040 (390874.028.000) 2024-01-18 20:28:23 Finished transferring input files
...
006 (390874.028.000) 2024-01-18 20:28:32 Image size of job updated: 50132
	1  -  MemoryUsage of job (MB)
	84  -  ResidentSetSize of job (KB)
...
006 (390874.028.000) 2024-01-18 20:33:32 Image size of job updated: 427252
	49  -  MemoryUsage of job (MB)
	49836  -  ResidentSetSize of job (KB)
...
006 (390874.028.000) 2024-01-18 20:36:31 Image size of job updated: 838360
	49  -  MemoryUsage of job (MB)
	49836  -  ResidentSetSize of job (KB)
...
004 (390874.028.000) 2024-01-18 20:36:31 Job was evicted.
	(0) CPU times
		Usr 0 00:00:16, Sys 0 00:00:02  -  Run Remote Usage
		Usr 0 00:00:00, Sys 0 00:00:00  -  Run Local Usage
	0  -  Run Bytes Sent By Job
	181578  -  Run Bytes Received By Job
	Partitionable Resources :    Usage  Request Allocated 
	   Cpus                 :     0.36        1         1 
	   Disk (KB)            :  2159         200    121695 
	   Memory (MB)          :    49        3900      3968 
...
009 (390874.028.000) 2024-01-18 20:36:31 Job was aborted.
	via condor_rm (by user shin)
...
000 (390875.028.000) 2024-01-18 20:45:32 Job submitted from host: <172.30.1.200:9618?addrs=172.30.1.200-9618&alias=tamsa2.snu.ac.kr&noUDP&sock=schedd_3625_06e6>
...
040 (390875.028.000) 2024-01-18 20:45:46 Started transferring input files
	Transferring to host: <172.30.1.204:9618?addrs=172.30.1.204-9618&alias=node4&noUDP&sock=slot1_4_3725_5971_202590>
...
001 (390875.028.000) 2024-01-18 20:45:47 Job executing on host: <172.30.1.204:9618?addrs=172.30.1.204-9618&alias=node4&noUDP&sock=startd_3691_4c27>
...
040 (390875.028.000) 2024-01-18 20:45:47 Finished transferring input files
...
006 (390875.028.000) 2024-01-18 20:45:55 Image size of job updated: 50132
	5  -  MemoryUsage of job (MB)
	4952  -  ResidentSetSize of job (KB)
...
006 (390875.028.000) 2024-01-18 20:50:33 Image size of job updated: 864992
	5  -  MemoryUsage of job (MB)
	4952  -  ResidentSetSize of job (KB)
...
040 (390875.028.000) 2024-01-18 20:50:33 Started transferring output files
...
040 (390875.028.000) 2024-01-18 20:50:41 Finished transferring output files
...
005 (390875.028.000) 2024-01-18 20:50:41 Job terminated.
	(1) Normal termination (return value 0)
		Usr 0 00:03:04, Sys 0 00:00:12  -  Run Remote Usage
		Usr 0 00:00:00, Sys 0 00:00:00  -  Run Local Usage
		Usr 0 00:03:04, Sys 0 00:00:12  -  Total Remote Usage
		Usr 0 00:00:00, Sys 0 00:00:00  -  Total Local Usage
	100703912  -  Run Bytes Sent By Job
	182042  -  Run Bytes Received By Job
	100703912  -  Total Bytes Sent By Job
	182042  -  Total Bytes Received By Job
	Partitionable Resources :    Usage  Request Allocated 
	   Cpus                 :     0.02        1         1 
	   Disk (KB)            : 98594         200    128928 
	   Memory (MB)          :     5        3900      3968 

	Job terminated of its own accord at 2024-01-18T11:50:33Z.
...
000 (390886.028.000) 2024-01-18 21:10:43 Job submitted from host: <172.30.1.200:9618?addrs=172.30.1.200-9618&alias=tamsa2.snu.ac.kr&noUDP&sock=schedd_3625_06e6>
...
040 (390886.028.000) 2024-01-18 21:10:45 Started transferring input files
	Transferring to host: <172.30.1.204:9618?addrs=172.30.1.204-9618&alias=node4&noUDP&sock=slot1_1_3725_5971_202603>
...
001 (390886.028.000) 2024-01-18 21:10:45 Job executing on host: <172.30.1.204:9618?addrs=172.30.1.204-9618&alias=node4&noUDP&sock=startd_3691_4c27>
...
040 (390886.028.000) 2024-01-18 21:10:45 Finished transferring input files
...
006 (390886.028.000) 2024-01-18 21:10:53 Image size of job updated: 189184
	173  -  MemoryUsage of job (MB)
	177152  -  ResidentSetSize of job (KB)
...
006 (390886.028.000) 2024-01-18 21:12:02 Image size of job updated: 846304
	174  -  MemoryUsage of job (MB)
	177172  -  ResidentSetSize of job (KB)
...
040 (390886.028.000) 2024-01-18 21:12:02 Started transferring output files
...
040 (390886.028.000) 2024-01-18 21:12:06 Finished transferring output files
...
005 (390886.028.000) 2024-01-18 21:12:06 Job terminated.
	(1) Normal termination (return value 0)
		Usr 0 00:00:48, Sys 0 00:00:05  -  Run Remote Usage
		Usr 0 00:00:00, Sys 0 00:00:00  -  Run Local Usage
		Usr 0 00:00:48, Sys 0 00:00:05  -  Total Remote Usage
		Usr 0 00:00:00, Sys 0 00:00:00  -  Total Local Usage
	7473247  -  Run Bytes Sent By Job
	181210  -  Run Bytes Received By Job
	7473247  -  Total Bytes Sent By Job
	181210  -  Total Bytes Received By Job
	Partitionable Resources :    Usage  Request Allocated 
	   Cpus                 :     0.50        1         1 
	   Disk (KB)            :  7547         200    128928 
	   Memory (MB)          :   174        3900      3968 

	Job terminated of its own accord at 2024-01-18T12:12:02Z.
...
000 (390887.028.000) 2024-01-18 21:19:38 Job submitted from host: <172.30.1.200:9618?addrs=172.30.1.200-9618&alias=tamsa2.snu.ac.kr&noUDP&sock=schedd_3625_06e6>
...
040 (390887.028.000) 2024-01-18 21:19:41 Started transferring input files
	Transferring to host: <172.30.1.211:9618?addrs=172.30.1.211-9618&alias=node11&noUDP&sock=slot1_32_3735_6531_176963>
...
040 (390887.028.000) 2024-01-18 21:19:41 Finished transferring input files
...
001 (390887.028.000) 2024-01-18 21:19:41 Job executing on host: <172.30.1.211:9618?addrs=172.30.1.211-9618&alias=node11&noUDP&sock=startd_3699_c8e9>
...
006 (390887.028.000) 2024-01-18 21:19:50 Image size of job updated: 808972
	181  -  MemoryUsage of job (MB)
	185044  -  ResidentSetSize of job (KB)
...
006 (390887.028.000) 2024-01-18 21:23:32 Image size of job updated: 867664
	181  -  MemoryUsage of job (MB)
	185044  -  ResidentSetSize of job (KB)
...
040 (390887.028.000) 2024-01-18 21:23:32 Started transferring output files
...
040 (390887.028.000) 2024-01-18 21:23:32 Finished transferring output files
...
005 (390887.028.000) 2024-01-18 21:23:32 Job terminated.
	(1) Normal termination (return value 0)
		Usr 0 00:03:23, Sys 0 00:00:15  -  Run Remote Usage
		Usr 0 00:00:00, Sys 0 00:00:00  -  Run Local Usage
		Usr 0 00:03:23, Sys 0 00:00:15  -  Total Remote Usage
		Usr 0 00:00:00, Sys 0 00:00:00  -  Total Local Usage
	34593812  -  Run Bytes Sent By Job
	181210  -  Run Bytes Received By Job
	34593812  -  Total Bytes Sent By Job
	181210  -  Total Bytes Received By Job
	Partitionable Resources :    Usage  Request Allocated 
	   Cpus                 :     0.47        1         1 
	   Disk (KB)            : 34032         200    128928 
	   Memory (MB)          :   181        3900      3968 

	Job terminated of its own accord at 2024-01-18T12:23:32Z.
...
000 (390888.028.000) 2024-01-18 21:30:57 Job submitted from host: <172.30.1.200:9618?addrs=172.30.1.200-9618&alias=tamsa2.snu.ac.kr&noUDP&sock=schedd_3625_06e6>
...
040 (390888.028.000) 2024-01-18 21:31:00 Started transferring input files
	Transferring to host: <172.30.1.204:9618?addrs=172.30.1.204-9618&alias=node4&noUDP&sock=slot1_4_3725_5971_202629>
...
001 (390888.028.000) 2024-01-18 21:31:00 Job executing on host: <172.30.1.204:9618?addrs=172.30.1.204-9618&alias=node4&noUDP&sock=startd_3691_4c27>
...
040 (390888.028.000) 2024-01-18 21:31:00 Finished transferring input files
...
006 (390888.028.000) 2024-01-18 21:31:09 Image size of job updated: 835344
	184  -  MemoryUsage of job (MB)
	187572  -  ResidentSetSize of job (KB)
...
006 (390888.028.000) 2024-01-18 21:34:09 Image size of job updated: 864656
	184  -  MemoryUsage of job (MB)
	187708  -  ResidentSetSize of job (KB)
...
040 (390888.028.000) 2024-01-18 21:34:09 Started transferring output files
...
040 (390888.028.000) 2024-01-18 21:34:23 Finished transferring output files
...
005 (390888.028.000) 2024-01-18 21:34:23 Job terminated.
	(1) Normal termination (return value 0)
		Usr 0 00:02:47, Sys 0 00:00:12  -  Run Remote Usage
		Usr 0 00:00:00, Sys 0 00:00:00  -  Run Local Usage
		Usr 0 00:02:47, Sys 0 00:00:12  -  Total Remote Usage
		Usr 0 00:00:00, Sys 0 00:00:00  -  Total Local Usage
	33695560  -  Run Bytes Sent By Job
	181214  -  Run Bytes Received By Job
	33695560  -  Total Bytes Sent By Job
	181214  -  Total Bytes Received By Job
	Partitionable Resources :    Usage  Request Allocated 
	   Cpus                 :     1.00        1         1 
	   Disk (KB)            : 33154         200    128928 
	   Memory (MB)          :   184        3900      3968 

	Job terminated of its own accord at 2024-01-18T12:34:08Z.
...
000 (390894.028.000) 2024-01-18 21:35:52 Job submitted from host: <172.30.1.200:9618?addrs=172.30.1.200-9618&alias=tamsa2.snu.ac.kr&noUDP&sock=schedd_3625_06e6>
...
040 (390894.028.000) 2024-01-18 21:36:09 Started transferring input files
	Transferring to host: <172.30.1.204:9618?addrs=172.30.1.204-9618&alias=node4&noUDP&sock=slot1_5_3725_5971_202652>
...
001 (390894.028.000) 2024-01-18 21:36:09 Job executing on host: <172.30.1.204:9618?addrs=172.30.1.204-9618&alias=node4&noUDP&sock=startd_3691_4c27>
...
040 (390894.028.000) 2024-01-18 21:36:09 Finished transferring input files
...
006 (390894.028.000) 2024-01-18 21:36:18 Image size of job updated: 588500
	184  -  MemoryUsage of job (MB)
	187832  -  ResidentSetSize of job (KB)
...
006 (390894.028.000) 2024-01-18 21:39:14 Image size of job updated: 871136
	184  -  MemoryUsage of job (MB)
	187836  -  ResidentSetSize of job (KB)
...
040 (390894.028.000) 2024-01-18 21:39:14 Started transferring output files
...
040 (390894.028.000) 2024-01-18 21:39:17 Finished transferring output files
...
005 (390894.028.000) 2024-01-18 21:39:17 Job terminated.
	(1) Normal termination (return value 0)
		Usr 0 00:02:45, Sys 0 00:00:12  -  Run Remote Usage
		Usr 0 00:00:00, Sys 0 00:00:00  -  Run Local Usage
		Usr 0 00:02:45, Sys 0 00:00:12  -  Total Remote Usage
		Usr 0 00:00:00, Sys 0 00:00:00  -  Total Local Usage
	33696168  -  Run Bytes Sent By Job
	181194  -  Run Bytes Received By Job
	33696168  -  Total Bytes Sent By Job
	181194  -  Total Bytes Received By Job
	Partitionable Resources :    Usage  Request Allocated 
	   Cpus                 :     0.99        1         1 
	   Disk (KB)            : 33155         200    128928 
	   Memory (MB)          :   184        3900      3968 

	Job terminated of its own accord at 2024-01-18T12:39:14Z.
...
000 (390895.028.000) 2024-01-18 21:48:05 Job submitted from host: <172.30.1.200:9618?addrs=172.30.1.200-9618&alias=tamsa2.snu.ac.kr&noUDP&sock=schedd_3625_06e6>
...
040 (390895.028.000) 2024-01-18 21:48:08 Started transferring input files
	Transferring to host: <172.30.1.208:9618?addrs=172.30.1.208-9618&alias=node8&noUDP&sock=slot1_11_3811_f1b4_190804>
...
001 (390895.028.000) 2024-01-18 21:48:08 Job executing on host: <172.30.1.208:9618?addrs=172.30.1.208-9618&alias=node8&noUDP&sock=startd_3777_494c>
...
040 (390895.028.000) 2024-01-18 21:48:08 Finished transferring input files
...
006 (390895.028.000) 2024-01-18 21:48:17 Image size of job updated: 139088
	15  -  MemoryUsage of job (MB)
	14820  -  ResidentSetSize of job (KB)
...
006 (390895.028.000) 2024-01-18 21:50:05 Image size of job updated: 867336
	17  -  MemoryUsage of job (MB)
	17264  -  ResidentSetSize of job (KB)
...
004 (390895.028.000) 2024-01-18 21:50:06 Job was evicted.
	(0) CPU times
		Usr 0 00:01:05, Sys 0 00:00:05  -  Run Remote Usage
		Usr 0 00:00:00, Sys 0 00:00:00  -  Run Local Usage
	0  -  Run Bytes Sent By Job
	182143  -  Run Bytes Received By Job
	Partitionable Resources :    Usage  Request Allocated 
	   Cpus                 :     0.54        1         1 
	   Disk (KB)            :  4739         200    128928 
	   Memory (MB)          :    17        3900      3968 
...
009 (390895.028.000) 2024-01-18 21:50:06 Job was aborted.
	via condor_rm (by user shin)
...
000 (390896.028.000) 2024-01-18 21:53:08 Job submitted from host: <172.30.1.200:9618?addrs=172.30.1.200-9618&alias=tamsa2.snu.ac.kr&noUDP&sock=schedd_3625_06e6>
...
040 (390896.028.000) 2024-01-18 21:54:28 Started transferring input files
	Transferring to host: <172.30.1.105:9618?addrs=172.30.1.105-9618&alias=n5&noUDP&sock=slot1_17_3459_eda6_34241>
...
001 (390896.028.000) 2024-01-18 21:54:28 Job executing on host: <172.30.1.105:9618?addrs=172.30.1.105-9618&alias=n5&noUDP&sock=startd_3425_d7f5>
...
040 (390896.028.000) 2024-01-18 21:54:28 Finished transferring input files
...
006 (390896.028.000) 2024-01-18 21:54:37 Image size of job updated: 387468
	124  -  MemoryUsage of job (MB)
	126000  -  ResidentSetSize of job (KB)
...
006 (390896.028.000) 2024-01-18 21:59:38 Image size of job updated: 865492
	211  -  MemoryUsage of job (MB)
	215288  -  ResidentSetSize of job (KB)
...
040 (390896.028.000) 2024-01-18 22:00:25 Started transferring output files
...
040 (390896.028.000) 2024-01-18 22:00:26 Finished transferring output files
...
005 (390896.028.000) 2024-01-18 22:00:26 Job terminated.
	(1) Normal termination (return value 0)
		Usr 0 00:05:04, Sys 0 00:00:23  -  Run Remote Usage
		Usr 0 00:00:00, Sys 0 00:00:00  -  Run Local Usage
		Usr 0 00:05:04, Sys 0 00:00:23  -  Total Remote Usage
		Usr 0 00:00:00, Sys 0 00:00:00  -  Total Local Usage
	39364832  -  Run Bytes Sent By Job
	182135  -  Run Bytes Received By Job
	39364832  -  Total Bytes Sent By Job
	182135  -  Total Bytes Received By Job
	Partitionable Resources :    Usage  Request Allocated 
	   Cpus                 :     0.67        1         1 
	   Disk (KB)            : 38692         200     61880 
	   Memory (MB)          :   211        3900      3968 

	Job terminated of its own accord at 2024-01-18T13:00:25Z.
...
000 (390897.028.000) 2024-01-18 22:03:48 Job submitted from host: <172.30.1.200:9618?addrs=172.30.1.200-9618&alias=tamsa2.snu.ac.kr&noUDP&sock=schedd_3625_06e6>
...
040 (390897.028.000) 2024-01-18 22:05:49 Started transferring input files
	Transferring to host: <172.30.1.107:9618?addrs=172.30.1.107-9618&alias=n7&noUDP&sock=slot1_7_4166_12e2_52959>
...
001 (390897.028.000) 2024-01-18 22:05:49 Job executing on host: <172.30.1.107:9618?addrs=172.30.1.107-9618&alias=n7&noUDP&sock=startd_4132_c96b>
...
040 (390897.028.000) 2024-01-18 22:05:49 Finished transferring input files
...
006 (390897.028.000) 2024-01-18 22:05:58 Image size of job updated: 202536
	198  -  MemoryUsage of job (MB)
	202536  -  ResidentSetSize of job (KB)
...
006 (390897.028.000) 2024-01-18 22:09:11 Image size of job updated: 865784
	198  -  MemoryUsage of job (MB)
	202536  -  ResidentSetSize of job (KB)
...
040 (390897.028.000) 2024-01-18 22:09:11 Started transferring output files
...
040 (390897.028.000) 2024-01-18 22:09:12 Finished transferring output files
...
005 (390897.028.000) 2024-01-18 22:09:12 Job terminated.
	(1) Normal termination (return value 0)
		Usr 0 00:03:00, Sys 0 00:00:12  -  Run Remote Usage
		Usr 0 00:00:00, Sys 0 00:00:00  -  Run Local Usage
		Usr 0 00:03:00, Sys 0 00:00:12  -  Total Remote Usage
		Usr 0 00:00:00, Sys 0 00:00:00  -  Total Local Usage
	39185836  -  Run Bytes Sent By Job
	182135  -  Run Bytes Received By Job
	39185836  -  Total Bytes Sent By Job
	182135  -  Total Bytes Received By Job
	Partitionable Resources :    Usage  Request Allocated 
	   Cpus                 :     0.84        1         1 
	   Disk (KB)            : 38517         200    127849 
	   Memory (MB)          :   198        3900      3968 

	Job terminated of its own accord at 2024-01-18T13:09:11Z.
...
000 (390986.028.000) 2024-01-18 22:24:33 Job submitted from host: <172.30.1.200:9618?addrs=172.30.1.200-9618&alias=tamsa2.snu.ac.kr&noUDP&sock=schedd_3625_06e6>
...
040 (390986.028.000) 2024-01-18 22:26:35 Started transferring input files
	Transferring to host: <172.30.1.211:9618?addrs=172.30.1.211-9618&alias=node11&noUDP&sock=slot1_25_3735_6531_177160>
...
040 (390986.028.000) 2024-01-18 22:26:35 Finished transferring input files
...
001 (390986.028.000) 2024-01-18 22:26:35 Job executing on host: <172.30.1.211:9618?addrs=172.30.1.211-9618&alias=node11&noUDP&sock=startd_3699_c8e9>
...
006 (390986.028.000) 2024-01-18 22:26:44 Image size of job updated: 139600
	15  -  MemoryUsage of job (MB)
	14816  -  ResidentSetSize of job (KB)
...
006 (390986.028.000) 2024-01-18 22:31:20 Image size of job updated: 870284
	15  -  MemoryUsage of job (MB)
	14816  -  ResidentSetSize of job (KB)
...
040 (390986.028.000) 2024-01-18 22:31:20 Started transferring output files
...
040 (390986.028.000) 2024-01-18 22:31:21 Finished transferring output files
...
005 (390986.028.000) 2024-01-18 22:31:22 Job terminated.
	(1) Normal termination (return value 0)
		Usr 0 00:03:17, Sys 0 00:00:13  -  Run Remote Usage
		Usr 0 00:00:00, Sys 0 00:00:00  -  Run Local Usage
		Usr 0 00:03:17, Sys 0 00:00:13  -  Total Remote Usage
		Usr 0 00:00:00, Sys 0 00:00:00  -  Total Local Usage
	35426560  -  Run Bytes Sent By Job
	182182  -  Run Bytes Received By Job
	35426560  -  Total Bytes Sent By Job
	182182  -  Total Bytes Received By Job
	Partitionable Resources :    Usage  Request Allocated 
	   Cpus                 :     0.64        1         1 
	   Disk (KB)            : 34846         200    128928 
	   Memory (MB)          :    15        3900      3968 

	Job terminated of its own accord at 2024-01-18T13:31:20Z.
...
000 (391043.028.000) 2024-01-18 23:16:24 Job submitted from host: <172.30.1.200:9618?addrs=172.30.1.200-9618&alias=tamsa2.snu.ac.kr&noUDP&sock=schedd_3625_06e6>
...
040 (391043.028.000) 2024-01-18 23:16:29 Started transferring input files
	Transferring to host: <172.30.1.204:9618?addrs=172.30.1.204-9618&alias=node4&noUDP&sock=slot1_20_3725_5971_202942>
...
040 (391043.028.000) 2024-01-18 23:16:29 Finished transferring input files
...
001 (391043.028.000) 2024-01-18 23:16:30 Job executing on host: <172.30.1.204:9618?addrs=172.30.1.204-9618&alias=node4&noUDP&sock=startd_3691_4c27>
...
006 (391043.028.000) 2024-01-18 23:16:38 Image size of job updated: 139088
	74  -  MemoryUsage of job (MB)
	75364  -  ResidentSetSize of job (KB)
...
006 (391043.028.000) 2024-01-18 23:18:15 Image size of job updated: 846432
	74  -  MemoryUsage of job (MB)
	75364  -  ResidentSetSize of job (KB)
...
040 (391043.028.000) 2024-01-18 23:18:20 Entered queue to transfer output files
...
040 (391043.028.000) 2024-01-18 23:18:22 Started transferring output files
...
040 (391043.028.000) 2024-01-18 23:18:23 Finished transferring output files
...
005 (391043.028.000) 2024-01-18 23:18:23 Job terminated.
	(1) Normal termination (return value 0)
		Usr 0 00:01:05, Sys 0 00:00:07  -  Run Remote Usage
		Usr 0 00:00:00, Sys 0 00:00:00  -  Run Local Usage
		Usr 0 00:01:05, Sys 0 00:00:07  -  Total Remote Usage
		Usr 0 00:00:00, Sys 0 00:00:00  -  Total Local Usage
	7464316  -  Run Bytes Sent By Job
	182524  -  Run Bytes Received By Job
	7464316  -  Total Bytes Sent By Job
	182524  -  Total Bytes Received By Job
	Partitionable Resources :    Usage  Request Allocated 
	   Cpus                 :     0.01        1         1 
	   Disk (KB)            :  7540         200    128928 
	   Memory (MB)          :    74        3900      3968 

	Job terminated of its own accord at 2024-01-18T14:18:15Z.
...
000 (391059.028.000) 2024-01-19 10:38:28 Job submitted from host: <172.30.1.200:9618?addrs=172.30.1.200-9618&alias=tamsa2.snu.ac.kr&noUDP&sock=schedd_3625_06e6>
...
040 (391059.028.000) 2024-01-19 10:38:33 Started transferring input files
	Transferring to host: <172.30.1.214:9618?addrs=172.30.1.214-9618&alias=node14&noUDP&sock=slot1_78_4480_50af_235011>
...
001 (391059.028.000) 2024-01-19 10:38:33 Job executing on host: <172.30.1.214:9618?addrs=172.30.1.214-9618&alias=node14&noUDP&sock=startd_4446_2a28>
...
040 (391059.028.000) 2024-01-19 10:38:33 Finished transferring input files
...
006 (391059.028.000) 2024-01-19 10:38:41 Image size of job updated: 139088
	74  -  MemoryUsage of job (MB)
	75360  -  ResidentSetSize of job (KB)
...
006 (391059.028.000) 2024-01-19 10:43:34 Image size of job updated: 870116
	74  -  MemoryUsage of job (MB)
	75360  -  ResidentSetSize of job (KB)
...
040 (391059.028.000) 2024-01-19 10:43:35 Started transferring output files
...
040 (391059.028.000) 2024-01-19 10:43:37 Finished transferring output files
...
005 (391059.028.000) 2024-01-19 10:43:37 Job terminated.
	(1) Normal termination (return value 0)
		Usr 0 00:03:31, Sys 0 00:00:16  -  Run Remote Usage
		Usr 0 00:00:00, Sys 0 00:00:00  -  Run Local Usage
		Usr 0 00:03:31, Sys 0 00:00:16  -  Total Remote Usage
		Usr 0 00:00:00, Sys 0 00:00:00  -  Total Local Usage
	33786696  -  Run Bytes Sent By Job
	182504  -  Run Bytes Received By Job
	33786696  -  Total Bytes Sent By Job
	182504  -  Total Bytes Received By Job
	Partitionable Resources :    Usage  Request Allocated 
	   Cpus                 :     0.92        1         1 
	   Disk (KB)            : 33245         200    261111 
	   Memory (MB)          :    74        3900      3968 

	Job terminated of its own accord at 2024-01-19T01:43:34Z.
...
000 (391060.028.000) 2024-01-19 10:57:46 Job submitted from host: <172.30.1.200:9618?addrs=172.30.1.200-9618&alias=tamsa2.snu.ac.kr&noUDP&sock=schedd_3625_06e6>
...
040 (391060.028.000) 2024-01-19 10:57:50 Started transferring input files
	Transferring to host: <172.30.1.207:9618?addrs=172.30.1.207-9618&alias=node7&noUDP&sock=slot1_42_39434_91fd_225184>
...
040 (391060.028.000) 2024-01-19 10:57:50 Finished transferring input files
...
001 (391060.028.000) 2024-01-19 10:57:50 Job executing on host: <172.30.1.207:9618?addrs=172.30.1.207-9618&alias=node7&noUDP&sock=startd_3748_650d>
...
006 (391060.028.000) 2024-01-19 10:57:58 Image size of job updated: 176260
	142  -  MemoryUsage of job (MB)
	144500  -  ResidentSetSize of job (KB)
...
006 (391060.028.000) 2024-01-19 11:02:32 Image size of job updated: 866176
	142  -  MemoryUsage of job (MB)
	144596  -  ResidentSetSize of job (KB)
...
040 (391060.028.000) 2024-01-19 11:02:32 Started transferring output files
...
040 (391060.028.000) 2024-01-19 11:02:35 Finished transferring output files
...
005 (391060.028.000) 2024-01-19 11:02:35 Job terminated.
	(1) Normal termination (return value 0)
		Usr 0 00:03:26, Sys 0 00:00:13  -  Run Remote Usage
		Usr 0 00:00:00, Sys 0 00:00:00  -  Run Local Usage
		Usr 0 00:03:26, Sys 0 00:00:13  -  Total Remote Usage
		Usr 0 00:00:00, Sys 0 00:00:00  -  Total Local Usage
	35735336  -  Run Bytes Sent By Job
	182520  -  Run Bytes Received By Job
	35735336  -  Total Bytes Sent By Job
	182520  -  Total Bytes Received By Job
	Partitionable Resources :    Usage  Request Allocated 
	   Cpus                 :     0.78        1         1 
	   Disk (KB)            : 35148         200    121695 
	   Memory (MB)          :   142        3900      3968 

	Job terminated of its own accord at 2024-01-19T02:02:32Z.
...
000 (391113.028.000) 2024-01-19 11:50:58 Job submitted from host: <172.30.1.200:9618?addrs=172.30.1.200-9618&alias=tamsa2.snu.ac.kr&noUDP&sock=schedd_3625_06e6>
...
040 (391113.028.000) 2024-01-19 11:51:02 Started transferring input files
	Transferring to host: <172.30.1.204:9618?addrs=172.30.1.204-9618&alias=node4&noUDP&sock=slot1_46_3725_5971_203290>
...
040 (391113.028.000) 2024-01-19 11:51:02 Finished transferring input files
...
001 (391113.028.000) 2024-01-19 11:51:02 Job executing on host: <172.30.1.204:9618?addrs=172.30.1.204-9618&alias=node4&noUDP&sock=startd_3691_4c27>
...
006 (391113.028.000) 2024-01-19 11:51:10 Image size of job updated: 578840
	124  -  MemoryUsage of job (MB)
	126460  -  ResidentSetSize of job (KB)
...
006 (391113.028.000) 2024-01-19 11:53:11 Image size of job updated: 846140
	124  -  MemoryUsage of job (MB)
	126468  -  ResidentSetSize of job (KB)
...
040 (391113.028.000) 2024-01-19 11:53:11 Started transferring output files
...
040 (391113.028.000) 2024-01-19 11:53:12 Finished transferring output files
...
005 (391113.028.000) 2024-01-19 11:53:12 Job terminated.
	(1) Normal termination (return value 0)
		Usr 0 00:01:10, Sys 0 00:00:07  -  Run Remote Usage
		Usr 0 00:00:00, Sys 0 00:00:00  -  Run Local Usage
		Usr 0 00:01:10, Sys 0 00:00:07  -  Total Remote Usage
		Usr 0 00:00:00, Sys 0 00:00:00  -  Total Local Usage
	7464063  -  Run Bytes Sent By Job
	183986  -  Run Bytes Received By Job
	7464063  -  Total Bytes Sent By Job
	183986  -  Total Bytes Received By Job
	Partitionable Resources :    Usage  Request Allocated 
	   Cpus                 :     0.08        1         1 
	   Disk (KB)            :  7542         200    128928 
	   Memory (MB)          :   124        3900      3968 

	Job terminated of its own accord at 2024-01-19T02:53:11Z.
...
000 (391114.028.000) 2024-01-19 11:56:30 Job submitted from host: <172.30.1.200:9618?addrs=172.30.1.200-9618&alias=tamsa2.snu.ac.kr&noUDP&sock=schedd_3625_06e6>
...
040 (391114.028.000) 2024-01-19 11:56:34 Started transferring input files
	Transferring to host: <172.30.1.204:9618?addrs=172.30.1.204-9618&alias=node4&noUDP&sock=slot1_48_3725_5971_203300>
...
001 (391114.028.000) 2024-01-19 11:56:34 Job executing on host: <172.30.1.204:9618?addrs=172.30.1.204-9618&alias=node4&noUDP&sock=startd_3691_4c27>
...
040 (391114.028.000) 2024-01-19 11:56:34 Finished transferring input files
...
006 (391114.028.000) 2024-01-19 11:56:42 Image size of job updated: 186736
	183  -  MemoryUsage of job (MB)
	186736  -  ResidentSetSize of job (KB)
...
006 (391114.028.000) 2024-01-19 11:58:37 Image size of job updated: 846208
	183  -  MemoryUsage of job (MB)
	186736  -  ResidentSetSize of job (KB)
...
040 (391114.028.000) 2024-01-19 11:58:37 Started transferring output files
...
040 (391114.028.000) 2024-01-19 11:58:37 Finished transferring output files
...
005 (391114.028.000) 2024-01-19 11:58:37 Job terminated.
	(1) Normal termination (return value 0)
		Usr 0 00:01:11, Sys 0 00:00:07  -  Run Remote Usage
		Usr 0 00:00:00, Sys 0 00:00:00  -  Run Local Usage
		Usr 0 00:01:11, Sys 0 00:00:07  -  Total Remote Usage
		Usr 0 00:00:00, Sys 0 00:00:00  -  Total Local Usage
	7464167  -  Run Bytes Sent By Job
	183986  -  Run Bytes Received By Job
	7464167  -  Total Bytes Sent By Job
	183986  -  Total Bytes Received By Job
	Partitionable Resources :    Usage  Request Allocated 
	   Cpus                 :        0        1         1 
	   Disk (KB)            :     7542      200    128928 
	   Memory (MB)          :      183     3900      3968 

	Job terminated of its own accord at 2024-01-19T02:58:37Z.
...
000 (391115.028.000) 2024-01-19 12:05:54 Job submitted from host: <172.30.1.200:9618?addrs=172.30.1.200-9618&alias=tamsa2.snu.ac.kr&noUDP&sock=schedd_3625_06e6>
...
040 (391115.028.000) 2024-01-19 12:05:58 Started transferring input files
	Transferring to host: <172.30.1.208:9618?addrs=172.30.1.208-9618&alias=node8&noUDP&sock=slot1_41_3811_f1b4_191184>
...
001 (391115.028.000) 2024-01-19 12:05:58 Job executing on host: <172.30.1.208:9618?addrs=172.30.1.208-9618&alias=node8&noUDP&sock=startd_3777_494c>
...
040 (391115.028.000) 2024-01-19 12:05:58 Finished transferring input files
...
006 (391115.028.000) 2024-01-19 12:06:06 Image size of job updated: 184584
	181  -  MemoryUsage of job (MB)
	184584  -  ResidentSetSize of job (KB)
...
006 (391115.028.000) 2024-01-19 12:07:49 Image size of job updated: 843956
	181  -  MemoryUsage of job (MB)
	184584  -  ResidentSetSize of job (KB)
...
040 (391115.028.000) 2024-01-19 12:07:49 Started transferring output files
...
040 (391115.028.000) 2024-01-19 12:07:50 Finished transferring output files
...
005 (391115.028.000) 2024-01-19 12:07:50 Job terminated.
	(1) Normal termination (return value 0)
		Usr 0 00:01:12, Sys 0 00:00:07  -  Run Remote Usage
		Usr 0 00:00:00, Sys 0 00:00:00  -  Run Local Usage
		Usr 0 00:01:12, Sys 0 00:00:07  -  Total Remote Usage
		Usr 0 00:00:00, Sys 0 00:00:00  -  Total Local Usage
	7464183  -  Run Bytes Sent By Job
	184022  -  Run Bytes Received By Job
	7464183  -  Total Bytes Sent By Job
	184022  -  Total Bytes Received By Job
	Partitionable Resources :    Usage  Request Allocated 
	   Cpus                 :                 1         1 
	   Disk (KB)            :     7537      200    128928 
	   Memory (MB)          :      181     3900      3968 

	Job terminated of its own accord at 2024-01-19T03:07:49Z.
...
000 (391116.028.000) 2024-01-19 12:09:38 Job submitted from host: <172.30.1.200:9618?addrs=172.30.1.200-9618&alias=tamsa2.snu.ac.kr&noUDP&sock=schedd_3625_06e6>
...
040 (391116.028.000) 2024-01-19 12:09:41 Started transferring input files
	Transferring to host: <172.30.1.208:9618?addrs=172.30.1.208-9618&alias=node8&noUDP&sock=slot1_41_3811_f1b4_191192>
...
001 (391116.028.000) 2024-01-19 12:09:41 Job executing on host: <172.30.1.208:9618?addrs=172.30.1.208-9618&alias=node8&noUDP&sock=startd_3777_494c>
...
040 (391116.028.000) 2024-01-19 12:09:41 Finished transferring input files
...
006 (391116.028.000) 2024-01-19 12:09:49 Image size of job updated: 656436
	183  -  MemoryUsage of job (MB)
	186732  -  ResidentSetSize of job (KB)
...
006 (391116.028.000) 2024-01-19 12:11:44 Image size of job updated: 846192
	183  -  MemoryUsage of job (MB)
	186732  -  ResidentSetSize of job (KB)
...
040 (391116.028.000) 2024-01-19 12:11:44 Started transferring output files
...
040 (391116.028.000) 2024-01-19 12:11:44 Finished transferring output files
...
005 (391116.028.000) 2024-01-19 12:11:44 Job terminated.
	(1) Normal termination (return value 0)
		Usr 0 00:01:13, Sys 0 00:00:07  -  Run Remote Usage
		Usr 0 00:00:00, Sys 0 00:00:00  -  Run Local Usage
		Usr 0 00:01:13, Sys 0 00:00:07  -  Total Remote Usage
		Usr 0 00:00:00, Sys 0 00:00:00  -  Total Local Usage
	7464207  -  Run Bytes Sent By Job
	184022  -  Run Bytes Received By Job
	7464207  -  Total Bytes Sent By Job
	184022  -  Total Bytes Received By Job
	Partitionable Resources :    Usage  Request Allocated 
	   Cpus                 :     0.39        1         1 
	   Disk (KB)            :  7542         200    128928 
	   Memory (MB)          :   183        3900      3968 

	Job terminated of its own accord at 2024-01-19T03:11:44Z.
...
000 (391117.028.000) 2024-01-19 12:15:27 Job submitted from host: <172.30.1.200:9618?addrs=172.30.1.200-9618&alias=tamsa2.snu.ac.kr&noUDP&sock=schedd_3625_06e6>
...
040 (391117.028.000) 2024-01-19 12:15:33 Started transferring input files
	Transferring to host: <172.30.1.208:9618?addrs=172.30.1.208-9618&alias=node8&noUDP&sock=slot1_42_3811_f1b4_191201>
...
001 (391117.028.000) 2024-01-19 12:15:33 Job executing on host: <172.30.1.208:9618?addrs=172.30.1.208-9618&alias=node8&noUDP&sock=startd_3777_494c>
...
040 (391117.028.000) 2024-01-19 12:15:33 Finished transferring input files
...
006 (391117.028.000) 2024-01-19 12:15:41 Image size of job updated: 607908
	182  -  MemoryUsage of job (MB)
	185396  -  ResidentSetSize of job (KB)
...
006 (391117.028.000) 2024-01-19 12:20:18 Image size of job updated: 868312
	182  -  MemoryUsage of job (MB)
	185396  -  ResidentSetSize of job (KB)
...
040 (391117.028.000) 2024-01-19 12:20:18 Started transferring output files
...
040 (391117.028.000) 2024-01-19 12:20:20 Finished transferring output files
...
005 (391117.028.000) 2024-01-19 12:20:20 Job terminated.
	(1) Normal termination (return value 0)
		Usr 0 00:03:35, Sys 0 00:00:13  -  Run Remote Usage
		Usr 0 00:00:00, Sys 0 00:00:00  -  Run Local Usage
		Usr 0 00:03:35, Sys 0 00:00:13  -  Total Remote Usage
		Usr 0 00:00:00, Sys 0 00:00:00  -  Total Local Usage
	33954996  -  Run Bytes Sent By Job
	184028  -  Run Bytes Received By Job
	33954996  -  Total Bytes Sent By Job
	184028  -  Total Bytes Received By Job
	Partitionable Resources :    Usage  Request Allocated 
	   Cpus                 :     0.54        1         1 
	   Disk (KB)            : 33412         200    128928 
	   Memory (MB)          :   182        3900      3968 

	Job terminated of its own accord at 2024-01-19T03:20:18Z.
...
000 (391118.028.000) 2024-01-19 12:41:45 Job submitted from host: <172.30.1.200:9618?addrs=172.30.1.200-9618&alias=tamsa2.snu.ac.kr&noUDP&sock=schedd_3625_06e6>
...
040 (391118.028.000) 2024-01-19 12:41:52 Started transferring input files
	Transferring to host: <172.30.1.208:9618?addrs=172.30.1.208-9618&alias=node8&noUDP&sock=slot1_46_3811_f1b4_191217>
...
040 (391118.028.000) 2024-01-19 12:41:52 Finished transferring input files
...
001 (391118.028.000) 2024-01-19 12:41:52 Job executing on host: <172.30.1.208:9618?addrs=172.30.1.208-9618&alias=node8&noUDP&sock=startd_3777_494c>
...
006 (391118.028.000) 2024-01-19 12:42:01 Image size of job updated: 185032
	181  -  MemoryUsage of job (MB)
	185032  -  ResidentSetSize of job (KB)
...
006 (391118.028.000) 2024-01-19 12:43:50 Image size of job updated: 845732
	181  -  MemoryUsage of job (MB)
	185032  -  ResidentSetSize of job (KB)
...
040 (391118.028.000) 2024-01-19 12:43:51 Started transferring output files
...
040 (391118.028.000) 2024-01-19 12:43:51 Finished transferring output files
...
005 (391118.028.000) 2024-01-19 12:43:51 Job terminated.
	(1) Normal termination (return value 0)
		Usr 0 00:01:10, Sys 0 00:00:07  -  Run Remote Usage
		Usr 0 00:00:00, Sys 0 00:00:00  -  Run Local Usage
		Usr 0 00:01:10, Sys 0 00:00:07  -  Total Remote Usage
		Usr 0 00:00:00, Sys 0 00:00:00  -  Total Local Usage
	7464127  -  Run Bytes Sent By Job
	183796  -  Run Bytes Received By Job
	7464127  -  Total Bytes Sent By Job
	183796  -  Total Bytes Received By Job
	Partitionable Resources :    Usage  Request Allocated 
	   Cpus                 :                 1         1 
	   Disk (KB)            :     7536      200    128928 
	   Memory (MB)          :      181     3900      3968 

	Job terminated of its own accord at 2024-01-19T03:43:50Z.
...
000 (391119.028.000) 2024-01-19 12:47:04 Job submitted from host: <172.30.1.200:9618?addrs=172.30.1.200-9618&alias=tamsa2.snu.ac.kr&noUDP&sock=schedd_3625_06e6>
...
040 (391119.028.000) 2024-01-19 12:47:14 Started transferring input files
	Transferring to host: <172.30.1.210:9618?addrs=172.30.1.210-9618&alias=node10&noUDP&sock=slot1_41_3822_b1d4_184622>
...
001 (391119.028.000) 2024-01-19 12:47:14 Job executing on host: <172.30.1.210:9618?addrs=172.30.1.210-9618&alias=node10&noUDP&sock=startd_3788_d4d6>
...
040 (391119.028.000) 2024-01-19 12:47:14 Finished transferring input files
...
006 (391119.028.000) 2024-01-19 12:47:23 Image size of job updated: 186840
	183  -  MemoryUsage of job (MB)
	186840  -  ResidentSetSize of job (KB)
...
006 (391119.028.000) 2024-01-19 12:51:54 Image size of job updated: 866464
	183  -  MemoryUsage of job (MB)
	186840  -  ResidentSetSize of job (KB)
...
040 (391119.028.000) 2024-01-19 12:51:54 Started transferring output files
...
040 (391119.028.000) 2024-01-19 12:51:54 Finished transferring output files
...
005 (391119.028.000) 2024-01-19 12:51:54 Job terminated.
	(1) Normal termination (return value 0)
		Usr 0 00:03:37, Sys 0 00:00:13  -  Run Remote Usage
		Usr 0 00:00:00, Sys 0 00:00:00  -  Run Local Usage
		Usr 0 00:03:37, Sys 0 00:00:13  -  Total Remote Usage
		Usr 0 00:00:00, Sys 0 00:00:00  -  Total Local Usage
	33456256  -  Run Bytes Sent By Job
	183796  -  Run Bytes Received By Job
	33456256  -  Total Bytes Sent By Job
	183796  -  Total Bytes Received By Job
	Partitionable Resources :    Usage  Request Allocated 
	   Cpus                 :     0.71        1         1 
	   Disk (KB)            : 32925         200    128928 
	   Memory (MB)          :   183        3900      3968 

	Job terminated of its own accord at 2024-01-19T03:51:54Z.
...
000 (391120.028.000) 2024-01-19 13:02:28 Job submitted from host: <172.30.1.200:9618?addrs=172.30.1.200-9618&alias=tamsa2.snu.ac.kr&noUDP&sock=schedd_3625_06e6>
...
040 (391120.028.000) 2024-01-19 13:02:39 Started transferring input files
	Transferring to host: <172.30.1.210:9618?addrs=172.30.1.210-9618&alias=node10&noUDP&sock=slot1_46_3822_b1d4_184629>
...
001 (391120.028.000) 2024-01-19 13:02:39 Job executing on host: <172.30.1.210:9618?addrs=172.30.1.210-9618&alias=node10&noUDP&sock=startd_3788_d4d6>
...
040 (391120.028.000) 2024-01-19 13:02:39 Finished transferring input files
...
006 (391120.028.000) 2024-01-19 13:02:48 Image size of job updated: 810980
	183  -  MemoryUsage of job (MB)
	186732  -  ResidentSetSize of job (KB)
...
006 (391120.028.000) 2024-01-19 13:07:22 Image size of job updated: 866464
	183  -  MemoryUsage of job (MB)
	186732  -  ResidentSetSize of job (KB)
...
040 (391120.028.000) 2024-01-19 13:07:22 Started transferring output files
...
040 (391120.028.000) 2024-01-19 13:07:26 Finished transferring output files
...
005 (391120.028.000) 2024-01-19 13:07:26 Job terminated.
	(1) Normal termination (return value 0)
		Usr 0 00:03:36, Sys 0 00:00:14  -  Run Remote Usage
		Usr 0 00:00:00, Sys 0 00:00:00  -  Run Local Usage
		Usr 0 00:03:36, Sys 0 00:00:14  -  Total Remote Usage
		Usr 0 00:00:00, Sys 0 00:00:00  -  Total Local Usage
	33416664  -  Run Bytes Sent By Job
	183796  -  Run Bytes Received By Job
	33416664  -  Total Bytes Sent By Job
	183796  -  Total Bytes Received By Job
	Partitionable Resources :    Usage  Request Allocated 
	   Cpus                 :     0.80        1         1 
	   Disk (KB)            : 32886         200    128928 
	   Memory (MB)          :   183        3900      3968 

	Job terminated of its own accord at 2024-01-19T04:07:22Z.
...
000 (391131.028.000) 2024-01-19 14:22:45 Job submitted from host: <172.30.1.200:9618?addrs=172.30.1.200-9618&alias=tamsa2.snu.ac.kr&noUDP&sock=schedd_3625_06e6>
...
040 (391131.028.000) 2024-01-19 14:22:52 Started transferring input files
	Transferring to host: <172.30.1.201:9618?addrs=172.30.1.201-9618&alias=node1&noUDP&sock=slot1_46_12171_5208_13841>
...
001 (391131.028.000) 2024-01-19 14:22:52 Job executing on host: <172.30.1.201:9618?addrs=172.30.1.201-9618&alias=node1&noUDP&sock=startd_12138_3ca4>
...
040 (391131.028.000) 2024-01-19 14:22:52 Finished transferring input files
...
006 (391131.028.000) 2024-01-19 14:23:01 Image size of job updated: 154816
	124  -  MemoryUsage of job (MB)
	126008  -  ResidentSetSize of job (KB)
...
006 (391131.028.000) 2024-01-19 14:28:02 Image size of job updated: 955372
	303  -  MemoryUsage of job (MB)
	309596  -  ResidentSetSize of job (KB)
...
006 (391131.028.000) 2024-01-19 14:28:10 Image size of job updated: 963352
	303  -  MemoryUsage of job (MB)
	309596  -  ResidentSetSize of job (KB)
...
004 (391131.028.000) 2024-01-19 14:28:10 Job was evicted.
	(0) CPU times
		Usr 0 00:04:45, Sys 0 00:00:18  -  Run Remote Usage
		Usr 0 00:00:00, Sys 0 00:00:00  -  Run Local Usage
	0  -  Run Bytes Sent By Job
	183798  -  Run Bytes Received By Job
	Partitionable Resources :    Usage  Request Allocated 
	   Cpus                 :     1.00        1         1 
	   Disk (KB)            :  1204         200    128990 
	   Memory (MB)          :   303        3900      3968 
...
009 (391131.028.000) 2024-01-19 14:28:10 Job was aborted.
	via condor_rm (by user shin)
...
000 (391132.028.000) 2024-01-19 14:30:22 Job submitted from host: <172.30.1.200:9618?addrs=172.30.1.200-9618&alias=tamsa2.snu.ac.kr&noUDP&sock=schedd_3625_06e6>
...
040 (391132.028.000) 2024-01-19 14:30:25 Started transferring input files
	Transferring to host: <172.30.1.201:9618?addrs=172.30.1.201-9618&alias=node1&noUDP&sock=slot1_45_12171_5208_13846>
...
001 (391132.028.000) 2024-01-19 14:30:26 Job executing on host: <172.30.1.201:9618?addrs=172.30.1.201-9618&alias=node1&noUDP&sock=startd_12138_3ca4>
...
040 (391132.028.000) 2024-01-19 14:30:26 Finished transferring input files
...
006 (391132.028.000) 2024-01-19 14:30:34 Image size of job updated: 184564
	181  -  MemoryUsage of job (MB)
	184564  -  ResidentSetSize of job (KB)
...
006 (391132.028.000) 2024-01-19 14:35:34 Image size of job updated: 875708
	206  -  MemoryUsage of job (MB)
	210792  -  ResidentSetSize of job (KB)
...
000 (391137.028.000) 2024-01-19 14:35:50 Job submitted from host: <172.30.1.200:9618?addrs=172.30.1.200-9618&alias=tamsa2.snu.ac.kr&noUDP&sock=schedd_3625_06e6>
...
040 (391137.028.000) 2024-01-19 14:35:55 Started transferring input files
	Transferring to host: <172.30.1.109:9618?addrs=172.30.1.109-9618&alias=n9&noUDP&sock=slot1_29_4134_86e1_92618>
...
040 (391137.028.000) 2024-01-19 14:35:55 Finished transferring input files
...
001 (391137.028.000) 2024-01-19 14:35:55 Job executing on host: <172.30.1.109:9618?addrs=172.30.1.109-9618&alias=n9&noUDP&sock=startd_4100_d663>
...
004 (391132.028.000) 2024-01-19 14:36:00 Job was evicted.
	(0) CPU times
		Usr 0 00:04:42, Sys 0 00:00:18  -  Run Remote Usage
		Usr 0 00:00:00, Sys 0 00:00:00  -  Run Local Usage
	0  -  Run Bytes Sent By Job
	183608  -  Run Bytes Received By Job
	Partitionable Resources :    Usage  Request Allocated 
	   Cpus                 :     0.98        1         1 
	   Disk (KB)            : 12332         200    128990 
	   Memory (MB)          :   206        3900      3968 
...
006 (391137.028.000) 2024-01-19 14:36:01 Image size of job updated: 230108
	0  -  MemoryUsage of job (MB)
	0  -  ResidentSetSize of job (KB)
...
009 (391132.028.000) 2024-01-19 14:36:01 Job was aborted.
	via condor_rm (by user shin)
...
004 (391137.028.000) 2024-01-19 14:36:01 Job was evicted.
	(0) CPU times
		Usr 0 00:00:00, Sys 0 00:00:00  -  Run Remote Usage
		Usr 0 00:00:00, Sys 0 00:00:00  -  Run Local Usage
	0  -  Run Bytes Sent By Job
	183614  -  Run Bytes Received By Job
	Partitionable Resources :    Usage  Request Allocated 
	   Cpus                 :     0.02        1         1 
	   Disk (KB)            :   235         200    127849 
	   Memory (MB)          :     0        3900      3968 
...
009 (391137.028.000) 2024-01-19 14:36:01 Job was aborted.
	via condor_rm (by user shin)
...
000 (391138.028.000) 2024-01-19 14:36:02 Job submitted from host: <172.30.1.200:9618?addrs=172.30.1.200-9618&alias=tamsa2.snu.ac.kr&noUDP&sock=schedd_3625_06e6>
...
040 (391138.028.000) 2024-01-19 14:36:14 Started transferring input files
	Transferring to host: <172.30.1.201:9618?addrs=172.30.1.201-9618&alias=node1&noUDP&sock=slot1_44_12171_5208_13851>
...
040 (391138.028.000) 2024-01-19 14:36:14 Finished transferring input files
...
001 (391138.028.000) 2024-01-19 14:36:14 Job executing on host: <172.30.1.201:9618?addrs=172.30.1.201-9618&alias=node1&noUDP&sock=startd_12138_3ca4>
...
006 (391138.028.000) 2024-01-19 14:36:23 Image size of job updated: 186716
	183  -  MemoryUsage of job (MB)
	186716  -  ResidentSetSize of job (KB)
...
006 (391138.028.000) 2024-01-19 14:41:24 Image size of job updated: 873240
	206  -  MemoryUsage of job (MB)
	210852  -  ResidentSetSize of job (KB)
...
006 (391138.028.000) 2024-01-19 14:43:40 Image size of job updated: 875996
	206  -  MemoryUsage of job (MB)
	210852  -  ResidentSetSize of job (KB)
...
040 (391138.028.000) 2024-01-19 14:43:40 Started transferring output files
...
040 (391138.028.000) 2024-01-19 14:43:41 Finished transferring output files
...
005 (391138.028.000) 2024-01-19 14:43:41 Job terminated.
	(1) Normal termination (return value 0)
		Usr 0 00:06:16, Sys 0 00:00:24  -  Run Remote Usage
		Usr 0 00:00:00, Sys 0 00:00:00  -  Run Local Usage
		Usr 0 00:06:16, Sys 0 00:00:24  -  Total Remote Usage
		Usr 0 00:00:00, Sys 0 00:00:00  -  Total Local Usage
	33204592  -  Run Bytes Sent By Job
	183614  -  Run Bytes Received By Job
	33204592  -  Total Bytes Sent By Job
	183614  -  Total Bytes Received By Job
	Partitionable Resources :    Usage  Request Allocated 
	   Cpus                 :     0.99        1         1 
	   Disk (KB)            : 32679         200    128990 
	   Memory (MB)          :   206        3900      3968 

	Job terminated of its own accord at 2024-01-19T05:43:40Z.
...
000 (391139.028.000) 2024-01-19 14:48:50 Job submitted from host: <172.30.1.200:9618?addrs=172.30.1.200-9618&alias=tamsa2.snu.ac.kr&noUDP&sock=schedd_3625_06e6>
...
040 (391139.028.000) 2024-01-19 14:48:52 Started transferring input files
	Transferring to host: <172.30.1.201:9618?addrs=172.30.1.201-9618&alias=node1&noUDP&sock=slot1_42_12171_5208_13857>
...
001 (391139.028.000) 2024-01-19 14:48:52 Job executing on host: <172.30.1.201:9618?addrs=172.30.1.201-9618&alias=node1&noUDP&sock=startd_12138_3ca4>
...
040 (391139.028.000) 2024-01-19 14:48:52 Finished transferring input files
...
006 (391139.028.000) 2024-01-19 14:49:01 Image size of job updated: 612180
	171  -  MemoryUsage of job (MB)
	174648  -  ResidentSetSize of job (KB)
...
006 (391139.028.000) 2024-01-19 14:52:18 Image size of job updated: 873016
	171  -  MemoryUsage of job (MB)
	174648  -  ResidentSetSize of job (KB)
...
004 (391139.028.000) 2024-01-19 14:52:18 Job was evicted.
	(0) CPU times
		Usr 0 00:02:50, Sys 0 00:00:11  -  Run Remote Usage
		Usr 0 00:00:00, Sys 0 00:00:00  -  Run Local Usage
	0  -  Run Bytes Sent By Job
	183618  -  Run Bytes Received By Job
	Partitionable Resources :    Usage  Request Allocated 
	   Cpus                 :     1.00        1         1 
	   Disk (KB)            :  7405         200    128990 
	   Memory (MB)          :   171        3900      3968 
...
009 (391139.028.000) 2024-01-19 14:52:18 Job was aborted.
	via condor_rm (by user shin)
...
000 (391140.028.000) 2024-01-19 14:52:19 Job submitted from host: <172.30.1.200:9618?addrs=172.30.1.200-9618&alias=tamsa2.snu.ac.kr&noUDP&sock=schedd_3625_06e6>
...
040 (391140.028.000) 2024-01-19 14:52:22 Started transferring input files
	Transferring to host: <172.30.1.201:9618?addrs=172.30.1.201-9618&alias=node1&noUDP&sock=slot1_42_12171_5208_13864>
...
001 (391140.028.000) 2024-01-19 14:52:22 Job executing on host: <172.30.1.201:9618?addrs=172.30.1.201-9618&alias=node1&noUDP&sock=startd_12138_3ca4>
...
040 (391140.028.000) 2024-01-19 14:52:22 Finished transferring input files
...
006 (391140.028.000) 2024-01-19 14:52:30 Image size of job updated: 561388
	183  -  MemoryUsage of job (MB)
	186716  -  ResidentSetSize of job (KB)
...
006 (391140.028.000) 2024-01-19 14:57:30 Image size of job updated: 871368
	208  -  MemoryUsage of job (MB)
	212504  -  ResidentSetSize of job (KB)
...
006 (391140.028.000) 2024-01-19 14:59:42 Image size of job updated: 873396
	208  -  MemoryUsage of job (MB)
	212504  -  ResidentSetSize of job (KB)
...
040 (391140.028.000) 2024-01-19 14:59:43 Started transferring output files
...
040 (391140.028.000) 2024-01-19 14:59:44 Finished transferring output files
...
005 (391140.028.000) 2024-01-19 14:59:44 Job terminated.
	(1) Normal termination (return value 0)
		Usr 0 00:06:16, Sys 0 00:00:24  -  Run Remote Usage
		Usr 0 00:00:00, Sys 0 00:00:00  -  Run Local Usage
		Usr 0 00:06:16, Sys 0 00:00:24  -  Total Remote Usage
		Usr 0 00:00:00, Sys 0 00:00:00  -  Total Local Usage
	33160232  -  Run Bytes Sent By Job
	183636  -  Run Bytes Received By Job
	33160232  -  Total Bytes Sent By Job
	183636  -  Total Bytes Received By Job
	Partitionable Resources :    Usage  Request Allocated 
	   Cpus                 :     0.94        1         1 
	   Disk (KB)            : 32635         200    128990 
	   Memory (MB)          :   208        3900      3968 

	Job terminated of its own accord at 2024-01-19T05:59:42Z.
...
000 (391145.028.000) 2024-01-19 15:59:26 Job submitted from host: <172.30.1.200:9618?addrs=172.30.1.200-9618&alias=tamsa2.snu.ac.kr&noUDP&sock=schedd_3625_06e6>
...
040 (391145.028.000) 2024-01-19 15:59:29 Started transferring input files
	Transferring to host: <172.30.1.201:9618?addrs=172.30.1.201-9618&alias=node1&noUDP&sock=slot1_17_12171_5208_13894>
...
001 (391145.028.000) 2024-01-19 15:59:29 Job executing on host: <172.30.1.201:9618?addrs=172.30.1.201-9618&alias=node1&noUDP&sock=startd_12138_3ca4>
...
040 (391145.028.000) 2024-01-19 15:59:29 Finished transferring input files
...
006 (391145.028.000) 2024-01-19 15:59:37 Image size of job updated: 211004
	169  -  MemoryUsage of job (MB)
	172140  -  ResidentSetSize of job (KB)
...
006 (391145.028.000) 2024-01-19 16:04:37 Image size of job updated: 875148
	183  -  MemoryUsage of job (MB)
	187180  -  ResidentSetSize of job (KB)
...
006 (391145.028.000) 2024-01-19 16:06:09 Image size of job updated: 875388
	183  -  MemoryUsage of job (MB)
	187180  -  ResidentSetSize of job (KB)
...
040 (391145.028.000) 2024-01-19 16:06:10 Started transferring output files
...
040 (391145.028.000) 2024-01-19 16:06:10 Finished transferring output files
...
005 (391145.028.000) 2024-01-19 16:06:10 Job terminated.
	(1) Normal termination (return value 0)
		Usr 0 00:05:51, Sys 0 00:00:18  -  Run Remote Usage
		Usr 0 00:00:00, Sys 0 00:00:00  -  Run Local Usage
		Usr 0 00:05:51, Sys 0 00:00:18  -  Total Remote Usage
		Usr 0 00:00:00, Sys 0 00:00:00  -  Total Local Usage
	32122060  -  Run Bytes Sent By Job
	184262  -  Run Bytes Received By Job
	32122060  -  Total Bytes Sent By Job
	184262  -  Total Bytes Received By Job
	Partitionable Resources :    Usage  Request Allocated 
	   Cpus                 :     1.00        1         1 
	   Disk (KB)            : 31623         200    128990 
	   Memory (MB)          :   183        3900      3968 

	Job terminated of its own accord at 2024-01-19T07:06:09Z.
...
000 (391151.028.000) 2024-01-19 16:45:38 Job submitted from host: <172.30.1.200:9618?addrs=172.30.1.200-9618&alias=tamsa2.snu.ac.kr&noUDP&sock=schedd_3625_06e6>
...
040 (391151.028.000) 2024-01-19 16:45:47 Started transferring input files
	Transferring to host: <172.30.1.203:9618?addrs=172.30.1.203-9618&alias=node3&noUDP&sock=slot1_47_24221_a2b2_52048>
...
001 (391151.028.000) 2024-01-19 16:45:47 Job executing on host: <172.30.1.203:9618?addrs=172.30.1.203-9618&alias=node3&noUDP&sock=startd_24188_88db>
...
040 (391151.028.000) 2024-01-19 16:45:47 Finished transferring input files
...
006 (391151.028.000) 2024-01-19 16:45:56 Image size of job updated: 198700
	181  -  MemoryUsage of job (MB)
	184540  -  ResidentSetSize of job (KB)
...
000 (391152.028.000) 2024-01-19 16:46:33 Job submitted from host: <172.30.1.200:9618?addrs=172.30.1.200-9618&alias=tamsa2.snu.ac.kr&noUDP&sock=schedd_3625_06e6>
...
040 (391152.028.000) 2024-01-19 16:46:37 Started transferring input files
	Transferring to host: <172.30.1.106:9618?addrs=172.30.1.106-9618&alias=n6&noUDP&sock=slot1_1_3378_db42_31761>
...
040 (391152.028.000) 2024-01-19 16:46:37 Finished transferring input files
...
001 (391152.028.000) 2024-01-19 16:46:37 Job executing on host: <172.30.1.106:9618?addrs=172.30.1.106-9618&alias=n6&noUDP&sock=startd_3343_9931>
...
006 (391152.028.000) 2024-01-19 16:46:45 Image size of job updated: 50132
	1  -  MemoryUsage of job (MB)
	80  -  ResidentSetSize of job (KB)
...
004 (391152.028.000) 2024-01-19 16:46:46 Job was evicted.
	(0) CPU times
		Usr 0 00:00:00, Sys 0 00:00:00  -  Run Remote Usage
		Usr 0 00:00:00, Sys 0 00:00:00  -  Run Local Usage
	0  -  Run Bytes Sent By Job
	184253  -  Run Bytes Received By Job
	Partitionable Resources :    Usage  Request Allocated 
	   Cpus                 :     0.07        1         1 
	   Disk (KB)            :   236         200     61880 
	   Memory (MB)          :     1        3900      3968 
...
009 (391152.028.000) 2024-01-19 16:46:46 Job was aborted.
	via condor_rm (by user shin)
...
006 (391151.028.000) 2024-01-19 16:47:35 Image size of job updated: 836248
	181  -  MemoryUsage of job (MB)
	184540  -  ResidentSetSize of job (KB)
...
004 (391151.028.000) 2024-01-19 16:47:35 Job was evicted.
	(0) CPU times
		Usr 0 00:01:01, Sys 0 00:00:06  -  Run Remote Usage
		Usr 0 00:00:00, Sys 0 00:00:00  -  Run Local Usage
	0  -  Run Bytes Sent By Job
	184253  -  Run Bytes Received By Job
	Partitionable Resources :    Usage  Request Allocated 
	   Cpus                 :     0.63        1         1 
	   Disk (KB)            :  3129         200    128924 
	   Memory (MB)          :   181        3900      3968 
...
009 (391151.028.000) 2024-01-19 16:47:36 Job was aborted.
	via condor_rm (by user shin)
...
000 (391153.028.000) 2024-01-19 16:47:37 Job submitted from host: <172.30.1.200:9618?addrs=172.30.1.200-9618&alias=tamsa2.snu.ac.kr&noUDP&sock=schedd_3625_06e6>
...
040 (391153.028.000) 2024-01-19 16:47:58 Started transferring input files
	Transferring to host: <172.30.1.203:9618?addrs=172.30.1.203-9618&alias=node3&noUDP&sock=slot1_42_24221_a2b2_52051>
...
001 (391153.028.000) 2024-01-19 16:47:58 Job executing on host: <172.30.1.203:9618?addrs=172.30.1.203-9618&alias=node3&noUDP&sock=startd_24188_88db>
...
040 (391153.028.000) 2024-01-19 16:47:58 Finished transferring input files
...
006 (391153.028.000) 2024-01-19 16:48:07 Image size of job updated: 835120
	183  -  MemoryUsage of job (MB)
	186744  -  ResidentSetSize of job (KB)
...
006 (391153.028.000) 2024-01-19 16:50:05 Image size of job updated: 846480
	183  -  MemoryUsage of job (MB)
	186744  -  ResidentSetSize of job (KB)
...
040 (391153.028.000) 2024-01-19 16:50:05 Started transferring output files
...
040 (391153.028.000) 2024-01-19 16:50:05 Finished transferring output files
...
005 (391153.028.000) 2024-01-19 16:50:05 Job terminated.
	(1) Normal termination (return value 0)
		Usr 0 00:01:16, Sys 0 00:00:07  -  Run Remote Usage
		Usr 0 00:00:00, Sys 0 00:00:00  -  Run Local Usage
		Usr 0 00:01:16, Sys 0 00:00:07  -  Total Remote Usage
		Usr 0 00:00:00, Sys 0 00:00:00  -  Total Local Usage
	7470439  -  Run Bytes Sent By Job
	184257  -  Run Bytes Received By Job
	7470439  -  Total Bytes Sent By Job
	184257  -  Total Bytes Received By Job
	Partitionable Resources :    Usage  Request Allocated 
	   Cpus                 :     0.70        1         1 
	   Disk (KB)            :  7548         200    128924 
	   Memory (MB)          :   183        3900      3968 

	Job terminated of its own accord at 2024-01-19T07:50:05Z.
...
000 (391154.028.000) 2024-01-19 16:50:49 Job submitted from host: <172.30.1.200:9618?addrs=172.30.1.200-9618&alias=tamsa2.snu.ac.kr&noUDP&sock=schedd_3625_06e6>
...
040 (391154.028.000) 2024-01-19 16:50:53 Started transferring input files
	Transferring to host: <172.30.1.209:9618?addrs=172.30.1.209-9618&alias=node9&noUDP&sock=slot1_48_3782_82d3_179436>
...
040 (391154.028.000) 2024-01-19 16:50:53 Finished transferring input files
...
001 (391154.028.000) 2024-01-19 16:50:53 Job executing on host: <172.30.1.209:9618?addrs=172.30.1.209-9618&alias=node9&noUDP&sock=startd_3748_650d>
...
006 (391154.028.000) 2024-01-19 16:51:02 Image size of job updated: 809124
	181  -  MemoryUsage of job (MB)
	185056  -  ResidentSetSize of job (KB)
...
006 (391154.028.000) 2024-01-19 16:56:02 Image size of job updated: 869076
	181  -  MemoryUsage of job (MB)
	185056  -  ResidentSetSize of job (KB)
...
006 (391154.028.000) 2024-01-19 16:57:44 Image size of job updated: 873712
	181  -  MemoryUsage of job (MB)
	185056  -  ResidentSetSize of job (KB)
...
040 (391154.028.000) 2024-01-19 16:57:44 Started transferring output files
...
040 (391154.028.000) 2024-01-19 16:57:45 Finished transferring output files
...
005 (391154.028.000) 2024-01-19 16:57:45 Job terminated.
	(1) Normal termination (return value 0)
		Usr 0 00:05:50, Sys 0 00:00:18  -  Run Remote Usage
		Usr 0 00:00:00, Sys 0 00:00:00  -  Run Local Usage
		Usr 0 00:05:50, Sys 0 00:00:18  -  Total Remote Usage
		Usr 0 00:00:00, Sys 0 00:00:00  -  Total Local Usage
	32615364  -  Run Bytes Sent By Job
	184256  -  Run Bytes Received By Job
	32615364  -  Total Bytes Sent By Job
	184256  -  Total Bytes Received By Job
	Partitionable Resources :    Usage  Request Allocated 
	   Cpus                 :     0.99        1         1 
	   Disk (KB)            : 32104         200    128928 
	   Memory (MB)          :   181        3900      3968 

	Job terminated of its own accord at 2024-01-19T07:57:44Z.
...
000 (391155.028.000) 2024-01-19 17:22:15 Job submitted from host: <172.30.1.200:9618?addrs=172.30.1.200-9618&alias=tamsa2.snu.ac.kr&noUDP&sock=schedd_3625_06e6>
...
040 (391155.028.000) 2024-01-19 17:22:19 Started transferring input files
	Transferring to host: <172.30.1.209:9618?addrs=172.30.1.209-9618&alias=node9&noUDP&sock=slot1_43_3782_82d3_179452>
...
040 (391155.028.000) 2024-01-19 17:22:19 Finished transferring input files
...
001 (391155.028.000) 2024-01-19 17:22:19 Job executing on host: <172.30.1.209:9618?addrs=172.30.1.209-9618&alias=node9&noUDP&sock=startd_3748_650d>
...
006 (391155.028.000) 2024-01-19 17:22:27 Image size of job updated: 186752
	183  -  MemoryUsage of job (MB)
	186752  -  ResidentSetSize of job (KB)
...
006 (391155.028.000) 2024-01-19 17:24:16 Image size of job updated: 846164
	183  -  MemoryUsage of job (MB)
	186752  -  ResidentSetSize of job (KB)
...
040 (391155.028.000) 2024-01-19 17:24:16 Started transferring output files
...
040 (391155.028.000) 2024-01-19 17:24:16 Finished transferring output files
...
005 (391155.028.000) 2024-01-19 17:24:16 Job terminated.
	(1) Normal termination (return value 0)
		Usr 0 00:01:10, Sys 0 00:00:07  -  Run Remote Usage
		Usr 0 00:00:00, Sys 0 00:00:00  -  Run Local Usage
		Usr 0 00:01:10, Sys 0 00:00:07  -  Total Remote Usage
		Usr 0 00:00:00, Sys 0 00:00:00  -  Total Local Usage
	7465407  -  Run Bytes Sent By Job
	186554  -  Run Bytes Received By Job
	7465407  -  Total Bytes Sent By Job
	186554  -  Total Bytes Received By Job
	Partitionable Resources :    Usage  Request Allocated 
	   Cpus                 :                 1         1 
	   Disk (KB)            :     7540      200    128928 
	   Memory (MB)          :      183     3900      3968 

	Job terminated of its own accord at 2024-01-19T08:24:16Z.
...
000 (391156.028.000) 2024-01-19 17:29:00 Job submitted from host: <172.30.1.200:9618?addrs=172.30.1.200-9618&alias=tamsa2.snu.ac.kr&noUDP&sock=schedd_3625_06e6>
...
040 (391156.028.000) 2024-01-19 17:29:04 Started transferring input files
	Transferring to host: <172.30.1.209:9618?addrs=172.30.1.209-9618&alias=node9&noUDP&sock=slot1_39_3782_82d3_179461>
...
001 (391156.028.000) 2024-01-19 17:29:04 Job executing on host: <172.30.1.209:9618?addrs=172.30.1.209-9618&alias=node9&noUDP&sock=startd_3748_650d>
...
040 (391156.028.000) 2024-01-19 17:29:04 Finished transferring input files
...
006 (391156.028.000) 2024-01-19 17:29:12 Image size of job updated: 186740
	183  -  MemoryUsage of job (MB)
	186740  -  ResidentSetSize of job (KB)
...
006 (391156.028.000) 2024-01-19 17:30:57 Image size of job updated: 843220
	183  -  MemoryUsage of job (MB)
	186740  -  ResidentSetSize of job (KB)
...
040 (391156.028.000) 2024-01-19 17:30:57 Started transferring output files
...
040 (391156.028.000) 2024-01-19 17:30:58 Finished transferring output files
...
005 (391156.028.000) 2024-01-19 17:30:58 Job terminated.
	(1) Normal termination (return value 0)
		Usr 0 00:01:10, Sys 0 00:00:07  -  Run Remote Usage
		Usr 0 00:00:00, Sys 0 00:00:00  -  Run Local Usage
		Usr 0 00:01:10, Sys 0 00:00:07  -  Total Remote Usage
		Usr 0 00:00:00, Sys 0 00:00:00  -  Total Local Usage
	7465407  -  Run Bytes Sent By Job
	186554  -  Run Bytes Received By Job
	7465407  -  Total Bytes Sent By Job
	186554  -  Total Bytes Received By Job
	Partitionable Resources :    Usage  Request Allocated 
	   Cpus                 :     0.89        1         1 
	   Disk (KB)            :  7546         200    128928 
	   Memory (MB)          :   183        3900      3968 

	Job terminated of its own accord at 2024-01-19T08:30:57Z.
...
000 (391161.028.000) 2024-01-19 17:33:03 Job submitted from host: <172.30.1.200:9618?addrs=172.30.1.200-9618&alias=tamsa2.snu.ac.kr&noUDP&sock=schedd_3625_06e6>
...
040 (391161.028.000) 2024-01-19 17:33:07 Started transferring input files
	Transferring to host: <172.30.1.209:9618?addrs=172.30.1.209-9618&alias=node9&noUDP&sock=slot1_40_3782_82d3_179472>
...
040 (391161.028.000) 2024-01-19 17:33:07 Finished transferring input files
...
001 (391161.028.000) 2024-01-19 17:33:07 Job executing on host: <172.30.1.209:9618?addrs=172.30.1.209-9618&alias=node9&noUDP&sock=startd_3748_650d>
...
006 (391161.028.000) 2024-01-19 17:33:15 Image size of job updated: 185392
	182  -  MemoryUsage of job (MB)
	185392  -  ResidentSetSize of job (KB)
...
006 (391161.028.000) 2024-01-19 17:34:57 Image size of job updated: 836228
	182  -  MemoryUsage of job (MB)
	185392  -  ResidentSetSize of job (KB)
...
040 (391161.028.000) 2024-01-19 17:34:57 Started transferring output files
...
040 (391161.028.000) 2024-01-19 17:34:57 Finished transferring output files
...
005 (391161.028.000) 2024-01-19 17:34:57 Job terminated.
	(1) Normal termination (return value 0)
		Usr 0 00:01:10, Sys 0 00:00:07  -  Run Remote Usage
		Usr 0 00:00:00, Sys 0 00:00:00  -  Run Local Usage
		Usr 0 00:01:10, Sys 0 00:00:07  -  Total Remote Usage
		Usr 0 00:00:00, Sys 0 00:00:00  -  Total Local Usage
	7469647  -  Run Bytes Sent By Job
	186686  -  Run Bytes Received By Job
	7469647  -  Total Bytes Sent By Job
	186686  -  Total Bytes Received By Job
	Partitionable Resources :    Usage  Request Allocated 
	   Cpus                 :                 1         1 
	   Disk (KB)            :     7545      200    128928 
	   Memory (MB)          :      182     3900      3968 

	Job terminated of its own accord at 2024-01-19T08:34:57Z.
...
000 (391162.028.000) 2024-01-19 17:42:17 Job submitted from host: <172.30.1.200:9618?addrs=172.30.1.200-9618&alias=tamsa2.snu.ac.kr&noUDP&sock=schedd_3625_06e6>
...
040 (391162.028.000) 2024-01-19 17:42:29 Started transferring input files
	Transferring to host: <172.30.1.209:9618?addrs=172.30.1.209-9618&alias=node9&noUDP&sock=slot1_39_3782_82d3_179491>
...
001 (391162.028.000) 2024-01-19 17:42:29 Job executing on host: <172.30.1.209:9618?addrs=172.30.1.209-9618&alias=node9&noUDP&sock=startd_3748_650d>
...
040 (391162.028.000) 2024-01-19 17:42:29 Finished transferring input files
...
006 (391162.028.000) 2024-01-19 17:42:37 Image size of job updated: 186740
	183  -  MemoryUsage of job (MB)
	186740  -  ResidentSetSize of job (KB)
...
006 (391162.028.000) 2024-01-19 17:44:18 Image size of job updated: 835576
	183  -  MemoryUsage of job (MB)
	186740  -  ResidentSetSize of job (KB)
...
040 (391162.028.000) 2024-01-19 17:44:18 Started transferring output files
...
040 (391162.028.000) 2024-01-19 17:44:18 Finished transferring output files
...
005 (391162.028.000) 2024-01-19 17:44:18 Job terminated.
	(1) Normal termination (return value 0)
		Usr 0 00:01:09, Sys 0 00:00:07  -  Run Remote Usage
		Usr 0 00:00:00, Sys 0 00:00:00  -  Run Local Usage
		Usr 0 00:01:09, Sys 0 00:00:07  -  Total Remote Usage
		Usr 0 00:00:00, Sys 0 00:00:00  -  Total Local Usage
	7465015  -  Run Bytes Sent By Job
	187104  -  Run Bytes Received By Job
	7465015  -  Total Bytes Sent By Job
	187104  -  Total Bytes Received By Job
	Partitionable Resources :    Usage  Request Allocated 
	   Cpus                 :                 1         1 
	   Disk (KB)            :     7540      200    128928 
	   Memory (MB)          :      183     3900      3968 

	Job terminated of its own accord at 2024-01-19T08:44:18Z.
...
000 (391163.028.000) 2024-01-19 17:55:44 Job submitted from host: <172.30.1.200:9618?addrs=172.30.1.200-9618&alias=tamsa2.snu.ac.kr&noUDP&sock=schedd_3625_06e6>
...
040 (391163.028.000) 2024-01-19 17:55:58 Started transferring input files
	Transferring to host: <172.30.1.101:9618?addrs=172.30.1.101-9618&alias=n1&noUDP&sock=slot1_49_3437_6d65_45379>
...
040 (391163.028.000) 2024-01-19 17:55:58 Finished transferring input files
...
001 (391163.028.000) 2024-01-19 17:55:58 Job executing on host: <172.30.1.101:9618?addrs=172.30.1.101-9618&alias=n1&noUDP&sock=startd_3403_c0e0>
...
006 (391163.028.000) 2024-01-19 17:56:06 Image size of job updated: 139088
	19  -  MemoryUsage of job (MB)
	18748  -  ResidentSetSize of job (KB)
...
006 (391163.028.000) 2024-01-19 18:01:06 Image size of job updated: 874984
	171  -  MemoryUsage of job (MB)
	174656  -  ResidentSetSize of job (KB)
...
004 (391163.028.000) 2024-01-19 18:03:19 Job was evicted.
	(0) CPU times
		Usr 0 00:06:20, Sys 0 00:00:27  -  Run Remote Usage
		Usr 0 00:00:00, Sys 0 00:00:00  -  Run Local Usage
	0  -  Run Bytes Sent By Job
	186100  -  Run Bytes Received By Job
	Partitionable Resources :    Usage  Request Allocated 
	   Cpus                 :     0.81        1         1 
	   Disk (KB)            : 15160         200    127948 
	   Memory (MB)          :   171        3900      3968 
...
009 (391163.028.000) 2024-01-19 18:03:19 Job was aborted.
	via condor_rm (by user shin)
...
000 (391164.028.000) 2024-01-19 18:03:23 Job submitted from host: <172.30.1.200:9618?addrs=172.30.1.200-9618&alias=tamsa2.snu.ac.kr&noUDP&sock=schedd_3625_06e6>
...
040 (391164.028.000) 2024-01-19 18:03:39 Started transferring input files
	Transferring to host: <172.30.1.101:9618?addrs=172.30.1.101-9618&alias=n1&noUDP&sock=slot1_47_3437_6d65_45391>
...
001 (391164.028.000) 2024-01-19 18:03:39 Job executing on host: <172.30.1.101:9618?addrs=172.30.1.101-9618&alias=n1&noUDP&sock=startd_3403_c0e0>
...
040 (391164.028.000) 2024-01-19 18:03:39 Finished transferring input files
...
006 (391164.028.000) 2024-01-19 18:03:47 Image size of job updated: 139088
	74  -  MemoryUsage of job (MB)
	75376  -  ResidentSetSize of job (KB)
...
006 (391164.028.000) 2024-01-19 18:08:47 Image size of job updated: 870928
	182  -  MemoryUsage of job (MB)
	185776  -  ResidentSetSize of job (KB)
...
006 (391164.028.000) 2024-01-19 18:13:21 Image size of job updated: 871248
	182  -  MemoryUsage of job (MB)
	185776  -  ResidentSetSize of job (KB)
...
040 (391164.028.000) 2024-01-19 18:13:21 Started transferring output files
...
040 (391164.028.000) 2024-01-19 18:13:22 Finished transferring output files
...
005 (391164.028.000) 2024-01-19 18:13:23 Job terminated.
	(1) Normal termination (return value 0)
		Usr 0 00:08:38, Sys 0 00:00:35  -  Run Remote Usage
		Usr 0 00:00:00, Sys 0 00:00:00  -  Run Local Usage
		Usr 0 00:08:38, Sys 0 00:00:35  -  Total Remote Usage
		Usr 0 00:00:00, Sys 0 00:00:00  -  Total Local Usage
	60518644  -  Run Bytes Sent By Job
	186386  -  Run Bytes Received By Job
	60518644  -  Total Bytes Sent By Job
	186386  -  Total Bytes Received By Job
	Partitionable Resources :    Usage  Request Allocated 
	   Cpus                 :     0.91        1         1 
	   Disk (KB)            : 59355         200    127948 
	   Memory (MB)          :   182        3900      3968 

	Job terminated of its own accord at 2024-01-19T09:13:21Z.
...
000 (391165.028.000) 2024-01-19 22:41:31 Job submitted from host: <172.30.1.200:9618?addrs=172.30.1.200-9618&alias=tamsa2.snu.ac.kr&noUDP&sock=schedd_3625_06e6>
...
040 (391165.028.000) 2024-01-19 22:41:35 Started transferring input files
	Transferring to host: <172.30.1.204:9618?addrs=172.30.1.204-9618&alias=node4&noUDP&sock=slot1_37_3725_5971_203508>
...
040 (391165.028.000) 2024-01-19 22:41:35 Finished transferring input files
...
001 (391165.028.000) 2024-01-19 22:41:35 Job executing on host: <172.30.1.204:9618?addrs=172.30.1.204-9618&alias=node4&noUDP&sock=startd_3691_4c27>
...
006 (391165.028.000) 2024-01-19 22:41:44 Image size of job updated: 139088
	68  -  MemoryUsage of job (MB)
	69432  -  ResidentSetSize of job (KB)
...
006 (391165.028.000) 2024-01-19 22:43:34 Image size of job updated: 846572
	68  -  MemoryUsage of job (MB)
	69432  -  ResidentSetSize of job (KB)
...
040 (391165.028.000) 2024-01-19 22:43:34 Started transferring output files
...
040 (391165.028.000) 2024-01-19 22:43:35 Finished transferring output files
...
005 (391165.028.000) 2024-01-19 22:43:35 Job terminated.
	(1) Normal termination (return value 0)
		Usr 0 00:01:09, Sys 0 00:00:07  -  Run Remote Usage
		Usr 0 00:00:00, Sys 0 00:00:00  -  Run Local Usage
		Usr 0 00:01:09, Sys 0 00:00:07  -  Total Remote Usage
		Usr 0 00:00:00, Sys 0 00:00:00  -  Total Local Usage
	7473695  -  Run Bytes Sent By Job
	185908  -  Run Bytes Received By Job
	7473695  -  Total Bytes Sent By Job
	185908  -  Total Bytes Received By Job
	Partitionable Resources :    Usage  Request Allocated 
	   Cpus                 :        0        1         1 
	   Disk (KB)            :     7554      200    128928 
	   Memory (MB)          :       68     3900      3968 

	Job terminated of its own accord at 2024-01-19T13:43:34Z.
...
000 (391166.028.000) 2024-01-19 22:44:51 Job submitted from host: <172.30.1.200:9618?addrs=172.30.1.200-9618&alias=tamsa2.snu.ac.kr&noUDP&sock=schedd_3625_06e6>
...
040 (391166.028.000) 2024-01-19 22:45:01 Started transferring input files
	Transferring to host: <172.30.1.204:9618?addrs=172.30.1.204-9618&alias=node4&noUDP&sock=slot1_37_3725_5971_203534>
...
001 (391166.028.000) 2024-01-19 22:45:01 Job executing on host: <172.30.1.204:9618?addrs=172.30.1.204-9618&alias=node4&noUDP&sock=startd_3691_4c27>
...
040 (391166.028.000) 2024-01-19 22:45:01 Finished transferring input files
...
006 (391166.028.000) 2024-01-19 22:45:09 Image size of job updated: 601724
	154  -  MemoryUsage of job (MB)
	157548  -  ResidentSetSize of job (KB)
...
006 (391166.028.000) 2024-01-19 22:50:09 Image size of job updated: 869120
	213  -  MemoryUsage of job (MB)
	217204  -  ResidentSetSize of job (KB)
...
006 (391166.028.000) 2024-01-19 22:50:51 Image size of job updated: 879476
	213  -  MemoryUsage of job (MB)
	217204  -  ResidentSetSize of job (KB)
...
040 (391166.028.000) 2024-01-19 22:50:51 Started transferring output files
...
040 (391166.028.000) 2024-01-19 22:50:51 Finished transferring output files
...
005 (391166.028.000) 2024-01-19 22:50:51 Job terminated.
	(1) Normal termination (return value 0)
		Usr 0 00:05:20, Sys 0 00:00:15  -  Run Remote Usage
		Usr 0 00:00:00, Sys 0 00:00:00  -  Run Local Usage
		Usr 0 00:05:20, Sys 0 00:00:15  -  Total Remote Usage
		Usr 0 00:00:00, Sys 0 00:00:00  -  Total Local Usage
	32580644  -  Run Bytes Sent By Job
	185911  -  Run Bytes Received By Job
	32580644  -  Total Bytes Sent By Job
	185911  -  Total Bytes Received By Job
	Partitionable Resources :    Usage  Request Allocated 
	   Cpus                 :     0.73        1         1 
	   Disk (KB)            : 32072         200    128928 
	   Memory (MB)          :   213        3900      3968 

	Job terminated of its own accord at 2024-01-19T13:50:51Z.
...
000 (391167.028.000) 2024-01-19 22:57:44 Job submitted from host: <172.30.1.200:9618?addrs=172.30.1.200-9618&alias=tamsa2.snu.ac.kr&noUDP&sock=schedd_3625_06e6>
...
040 (391167.028.000) 2024-01-19 22:57:48 Started transferring input files
	Transferring to host: <172.30.1.204:9618?addrs=172.30.1.204-9618&alias=node4&noUDP&sock=slot1_39_3725_5971_203562>
...
040 (391167.028.000) 2024-01-19 22:57:48 Finished transferring input files
...
001 (391167.028.000) 2024-01-19 22:57:48 Job executing on host: <172.30.1.204:9618?addrs=172.30.1.204-9618&alias=node4&noUDP&sock=startd_3691_4c27>
...
006 (391167.028.000) 2024-01-19 22:57:57 Image size of job updated: 579004
	100  -  MemoryUsage of job (MB)
	102188  -  ResidentSetSize of job (KB)
...
006 (391167.028.000) 2024-01-19 23:02:58 Image size of job updated: 875464
	100  -  MemoryUsage of job (MB)
	102288  -  ResidentSetSize of job (KB)
...
040 (391167.028.000) 2024-01-19 23:03:31 Started transferring output files
...
040 (391167.028.000) 2024-01-19 23:03:32 Finished transferring output files
...
005 (391167.028.000) 2024-01-19 23:03:32 Job terminated.
	(1) Normal termination (return value 0)
		Usr 0 00:05:10, Sys 0 00:00:15  -  Run Remote Usage
		Usr 0 00:00:00, Sys 0 00:00:00  -  Run Local Usage
		Usr 0 00:05:10, Sys 0 00:00:15  -  Total Remote Usage
		Usr 0 00:00:00, Sys 0 00:00:00  -  Total Local Usage
	32575628  -  Run Bytes Sent By Job
	185911  -  Run Bytes Received By Job
	32575628  -  Total Bytes Sent By Job
	185911  -  Total Bytes Received By Job
	Partitionable Resources :    Usage  Request Allocated 
	   Cpus                 :     0.92        1         1 
	   Disk (KB)            : 32067         200    128928 
	   Memory (MB)          :   100        3900      3968 

	Job terminated of its own accord at 2024-01-19T14:03:31Z.
...
000 (391343.028.000) 2024-01-22 10:59:17 Job submitted from host: <172.30.1.200:9618?addrs=172.30.1.200-9618&alias=tamsa2.snu.ac.kr&noUDP&sock=schedd_3625_06e6>
...
040 (391343.028.000) 2024-01-22 10:59:20 Started transferring input files
	Transferring to host: <172.30.1.216:9618?addrs=172.30.1.216-9618&alias=node16&noUDP&sock=slot1_8_4290_7168_332777>
...
040 (391343.028.000) 2024-01-22 10:59:20 Finished transferring input files
...
001 (391343.028.000) 2024-01-22 10:59:20 Job executing on host: <172.30.1.216:9618?addrs=172.30.1.216-9618&alias=node16&noUDP&sock=startd_4255_2791>
...
006 (391343.028.000) 2024-01-22 10:59:29 Image size of job updated: 1288
	1  -  MemoryUsage of job (MB)
	80  -  ResidentSetSize of job (KB)
...
006 (391343.028.000) 2024-01-22 11:04:29 Image size of job updated: 962888
	246  -  MemoryUsage of job (MB)
	251392  -  ResidentSetSize of job (KB)
...
006 (391343.028.000) 2024-01-22 11:14:30 Image size of job updated: 963292
	246  -  MemoryUsage of job (MB)
	251392  -  ResidentSetSize of job (KB)
...
006 (391343.028.000) 2024-01-22 11:19:31 Image size of job updated: 970152
	246  -  MemoryUsage of job (MB)
	251392  -  ResidentSetSize of job (KB)
...
006 (391343.028.000) 2024-01-22 11:21:53 Image size of job updated: 970200
	246  -  MemoryUsage of job (MB)
	251392  -  ResidentSetSize of job (KB)
...
040 (391343.028.000) 2024-01-22 11:21:53 Started transferring output files
...
040 (391343.028.000) 2024-01-22 11:21:54 Finished transferring output files
...
005 (391343.028.000) 2024-01-22 11:21:54 Job terminated.
	(1) Normal termination (return value 0)
		Usr 0 00:20:38, Sys 0 00:00:54  -  Run Remote Usage
		Usr 0 00:00:00, Sys 0 00:00:00  -  Run Local Usage
		Usr 0 00:20:38, Sys 0 00:00:54  -  Total Remote Usage
		Usr 0 00:00:00, Sys 0 00:00:00  -  Total Local Usage
	31055306  -  Run Bytes Sent By Job
	185924  -  Run Bytes Received By Job
	31055306  -  Total Bytes Sent By Job
	185924  -  Total Bytes Received By Job
	Partitionable Resources :    Usage  Request Allocated 
	   Cpus                 :     0.99        1         1 
	   Disk (KB)            : 30582         200    261111 
	   Memory (MB)          :   246        3900      3968 

	Job terminated of its own accord at 2024-01-22T02:21:53Z.
...
000 (391348.028.000) 2024-01-22 12:29:14 Job submitted from host: <172.30.1.200:9618?addrs=172.30.1.200-9618&alias=tamsa2.snu.ac.kr&noUDP&sock=schedd_3625_06e6>
...
040 (391348.028.000) 2024-01-22 12:29:22 Started transferring input files
	Transferring to host: <172.30.1.216:9618?addrs=172.30.1.216-9618&alias=node16&noUDP&sock=slot1_37_4290_7168_332850>
...
040 (391348.028.000) 2024-01-22 12:29:22 Finished transferring input files
...
001 (391348.028.000) 2024-01-22 12:29:22 Job executing on host: <172.30.1.216:9618?addrs=172.30.1.216-9618&alias=node16&noUDP&sock=startd_4255_2791>
...
006 (391348.028.000) 2024-01-22 12:29:30 Image size of job updated: 139088
	5  -  MemoryUsage of job (MB)
	4956  -  ResidentSetSize of job (KB)
...
006 (391348.028.000) 2024-01-22 12:34:30 Image size of job updated: 953396
	276  -  MemoryUsage of job (MB)
	282028  -  ResidentSetSize of job (KB)
...
006 (391348.028.000) 2024-01-22 12:44:32 Image size of job updated: 963084
	276  -  MemoryUsage of job (MB)
	282028  -  ResidentSetSize of job (KB)
...
006 (391348.028.000) 2024-01-22 12:51:26 Image size of job updated: 969972
	276  -  MemoryUsage of job (MB)
	282028  -  ResidentSetSize of job (KB)
...
040 (391348.028.000) 2024-01-22 12:51:26 Started transferring output files
...
040 (391348.028.000) 2024-01-22 12:51:28 Finished transferring output files
...
005 (391348.028.000) 2024-01-22 12:51:28 Job terminated.
	(1) Normal termination (return value 0)
		Usr 0 00:20:40, Sys 0 00:00:55  -  Run Remote Usage
		Usr 0 00:00:00, Sys 0 00:00:00  -  Run Local Usage
		Usr 0 00:20:40, Sys 0 00:00:55  -  Total Remote Usage
		Usr 0 00:00:00, Sys 0 00:00:00  -  Total Local Usage
	31058464  -  Run Bytes Sent By Job
	186484  -  Run Bytes Received By Job
	31058464  -  Total Bytes Sent By Job
	186484  -  Total Bytes Received By Job
	Partitionable Resources :    Usage  Request Allocated 
	   Cpus                 :     0.99        1         1 
	   Disk (KB)            : 30586         200    261111 
	   Memory (MB)          :   276        3900      3968 

	Job terminated of its own accord at 2024-01-22T03:51:26Z.
...
000 (391350.028.000) 2024-01-22 13:01:44 Job submitted from host: <172.30.1.200:9618?addrs=172.30.1.200-9618&alias=tamsa2.snu.ac.kr&noUDP&sock=schedd_3625_06e6>
...
040 (391350.028.000) 2024-01-22 13:02:04 Started transferring input files
	Transferring to host: <172.30.1.216:9618?addrs=172.30.1.216-9618&alias=node16&noUDP&sock=slot1_37_4290_7168_332890>
...
040 (391350.028.000) 2024-01-22 13:02:04 Finished transferring input files
...
001 (391350.028.000) 2024-01-22 13:02:04 Job executing on host: <172.30.1.216:9618?addrs=172.30.1.216-9618&alias=node16&noUDP&sock=startd_4255_2791>
...
006 (391350.028.000) 2024-01-22 13:02:13 Image size of job updated: 139088
	5  -  MemoryUsage of job (MB)
	4960  -  ResidentSetSize of job (KB)
...
006 (391350.028.000) 2024-01-22 13:07:14 Image size of job updated: 965624
	285  -  MemoryUsage of job (MB)
	291500  -  ResidentSetSize of job (KB)
...
040 (391350.028.000) 2024-01-22 13:24:07 Started transferring output files
...
040 (391350.028.000) 2024-01-22 13:24:07 Finished transferring output files
...
005 (391350.028.000) 2024-01-22 13:24:07 Job terminated.
	(1) Normal termination (return value 0)
		Usr 0 00:20:39, Sys 0 00:00:53  -  Run Remote Usage
		Usr 0 00:00:00, Sys 0 00:00:00  -  Run Local Usage
		Usr 0 00:20:39, Sys 0 00:00:53  -  Total Remote Usage
		Usr 0 00:00:00, Sys 0 00:00:00  -  Total Local Usage
	31076216  -  Run Bytes Sent By Job
	186577  -  Run Bytes Received By Job
	31076216  -  Total Bytes Sent By Job
	186577  -  Total Bytes Received By Job
	Partitionable Resources :    Usage  Request Allocated 
	   Cpus                 :     0.89        1         1 
	   Disk (KB)            : 30604         200    261111 
	   Memory (MB)          :   285        3900      3968 

	Job terminated of its own accord at 2024-01-22T04:24:07Z.
...
000 (391361.028.000) 2024-01-22 13:44:17 Job submitted from host: <172.30.1.200:9618?addrs=172.30.1.200-9618&alias=tamsa2.snu.ac.kr&noUDP&sock=schedd_3625_06e6>
...
040 (391361.028.000) 2024-01-22 13:44:31 Started transferring input files
	Transferring to host: <172.30.1.216:9618?addrs=172.30.1.216-9618&alias=node16&noUDP&sock=slot1_54_4290_7168_333012>
...
040 (391361.028.000) 2024-01-22 13:44:31 Finished transferring input files
...
001 (391361.028.000) 2024-01-22 13:44:31 Job executing on host: <172.30.1.216:9618?addrs=172.30.1.216-9618&alias=node16&noUDP&sock=startd_4255_2791>
...
006 (391361.028.000) 2024-01-22 13:44:40 Image size of job updated: 139344
	68  -  MemoryUsage of job (MB)
	69428  -  ResidentSetSize of job (KB)
...
006 (391361.028.000) 2024-01-22 13:48:34 Image size of job updated: 872952
	68  -  MemoryUsage of job (MB)
	69428  -  ResidentSetSize of job (KB)
...
040 (391361.028.000) 2024-01-22 13:48:34 Started transferring output files
...
040 (391361.028.000) 2024-01-22 13:48:37 Finished transferring output files
...
005 (391361.028.000) 2024-01-22 13:48:37 Job terminated.
	(1) Normal termination (return value 0)
		Usr 0 00:03:23, Sys 0 00:00:14  -  Run Remote Usage
		Usr 0 00:00:00, Sys 0 00:00:00  -  Run Local Usage
		Usr 0 00:03:23, Sys 0 00:00:14  -  Total Remote Usage
		Usr 0 00:00:00, Sys 0 00:00:00  -  Total Local Usage
	31247780  -  Run Bytes Sent By Job
	191813  -  Run Bytes Received By Job
	31247780  -  Total Bytes Sent By Job
	191813  -  Total Bytes Received By Job
	Partitionable Resources :    Usage  Request Allocated 
	   Cpus                 :     1.00        1         1 
	   Disk (KB)            : 30778         200    261111 
	   Memory (MB)          :    68        3900      3968 

	Job terminated of its own accord at 2024-01-22T04:48:34Z.
...
000 (391362.028.000) 2024-01-22 13:50:58 Job submitted from host: <172.30.1.200:9618?addrs=172.30.1.200-9618&alias=tamsa2.snu.ac.kr&noUDP&sock=schedd_3625_06e6>
...
040 (391362.028.000) 2024-01-22 13:51:04 Started transferring input files
	Transferring to host: <172.30.1.216:9618?addrs=172.30.1.216-9618&alias=node16&noUDP&sock=slot1_37_4290_7168_333053>
...
040 (391362.028.000) 2024-01-22 13:51:04 Finished transferring input files
...
001 (391362.028.000) 2024-01-22 13:51:04 Job executing on host: <172.30.1.216:9618?addrs=172.30.1.216-9618&alias=node16&noUDP&sock=startd_4255_2791>
...
006 (391362.028.000) 2024-01-22 13:51:13 Image size of job updated: 139088
	5  -  MemoryUsage of job (MB)
	4964  -  ResidentSetSize of job (KB)
...
006 (391362.028.000) 2024-01-22 13:56:14 Image size of job updated: 969348
	255  -  MemoryUsage of job (MB)
	261012  -  ResidentSetSize of job (KB)
...
006 (391362.028.000) 2024-01-22 14:01:14 Image size of job updated: 969348
	294  -  MemoryUsage of job (MB)
	300928  -  ResidentSetSize of job (KB)
...
006 (391362.028.000) 2024-01-22 14:11:14 Image size of job updated: 969576
	294  -  MemoryUsage of job (MB)
	300928  -  ResidentSetSize of job (KB)
...
006 (391362.028.000) 2024-01-22 14:16:14 Image size of job updated: 969764
	294  -  MemoryUsage of job (MB)
	300928  -  ResidentSetSize of job (KB)
...
040 (391362.028.000) 2024-01-22 14:16:48 Started transferring output files
...
040 (391362.028.000) 2024-01-22 14:16:49 Finished transferring output files
...
005 (391362.028.000) 2024-01-22 14:16:49 Job terminated.
	(1) Normal termination (return value 0)
		Usr 0 00:23:28, Sys 0 00:01:01  -  Run Remote Usage
		Usr 0 00:00:00, Sys 0 00:00:00  -  Run Local Usage
		Usr 0 00:23:28, Sys 0 00:01:01  -  Total Remote Usage
		Usr 0 00:00:00, Sys 0 00:00:00  -  Total Local Usage
	31053000  -  Run Bytes Sent By Job
	191814  -  Run Bytes Received By Job
	31053000  -  Total Bytes Sent By Job
	191814  -  Total Bytes Received By Job
	Partitionable Resources :    Usage  Request Allocated 
	   Cpus                 :     0.56        1         1 
	   Disk (KB)            : 30588         200    261111 
	   Memory (MB)          :   294        3900      3968 

	Job terminated of its own accord at 2024-01-22T05:16:48Z.
...
000 (391496.028.000) 2024-01-22 14:58:10 Job submitted from host: <172.30.1.200:9618?addrs=172.30.1.200-9618&alias=tamsa2.snu.ac.kr&noUDP&sock=schedd_3625_06e6>
...
040 (391496.028.000) 2024-01-22 14:58:21 Started transferring input files
	Transferring to host: <172.30.1.216:9618?addrs=172.30.1.216-9618&alias=node16&noUDP&sock=slot1_40_4290_7168_333220>
...
040 (391496.028.000) 2024-01-22 14:58:21 Finished transferring input files
...
001 (391496.028.000) 2024-01-22 14:58:21 Job executing on host: <172.30.1.216:9618?addrs=172.30.1.216-9618&alias=node16&noUDP&sock=startd_4255_2791>
...
006 (391496.028.000) 2024-01-22 14:58:30 Image size of job updated: 139088
	5  -  MemoryUsage of job (MB)
	4956  -  ResidentSetSize of job (KB)
...
006 (391496.028.000) 2024-01-22 15:03:31 Image size of job updated: 952936
	236  -  MemoryUsage of job (MB)
	241464  -  ResidentSetSize of job (KB)
...
006 (391496.028.000) 2024-01-22 15:08:32 Image size of job updated: 969216
	257  -  MemoryUsage of job (MB)
	262680  -  ResidentSetSize of job (KB)
...
006 (391496.028.000) 2024-01-22 15:13:32 Image size of job updated: 969864
	294  -  MemoryUsage of job (MB)
	301012  -  ResidentSetSize of job (KB)
...
006 (391496.028.000) 2024-01-22 15:18:32 Image size of job updated: 969864
	294  -  MemoryUsage of job (MB)
	301032  -  ResidentSetSize of job (KB)
...
006 (391496.028.000) 2024-01-22 15:29:51 Image size of job updated: 969952
	294  -  MemoryUsage of job (MB)
	301032  -  ResidentSetSize of job (KB)
...
040 (391496.028.000) 2024-01-22 15:29:51 Started transferring output files
...
040 (391496.028.000) 2024-01-22 15:29:52 Finished transferring output files
...
005 (391496.028.000) 2024-01-22 15:29:52 Job terminated.
	(1) Normal termination (return value 0)
		Usr 0 00:29:25, Sys 0 00:01:17  -  Run Remote Usage
		Usr 0 00:00:00, Sys 0 00:00:00  -  Run Local Usage
		Usr 0 00:29:25, Sys 0 00:01:17  -  Total Remote Usage
		Usr 0 00:00:00, Sys 0 00:00:00  -  Total Local Usage
	31050860  -  Run Bytes Sent By Job
	191814  -  Run Bytes Received By Job
	31050860  -  Total Bytes Sent By Job
	191814  -  Total Bytes Received By Job
	Partitionable Resources :    Usage  Request Allocated 
	   Cpus                 :     0.99        1         1 
	   Disk (KB)            : 30586         200    261111 
	   Memory (MB)          :   294        3900      3968 

	Job terminated of its own accord at 2024-01-22T06:29:51Z.
...
000 (391511.028.000) 2024-01-22 15:59:41 Job submitted from host: <172.30.1.200:9618?addrs=172.30.1.200-9618&alias=tamsa2.snu.ac.kr&noUDP&sock=schedd_3625_06e6>
...
040 (391511.028.000) 2024-01-22 15:59:55 Started transferring input files
	Transferring to host: <172.30.1.214:9618?addrs=172.30.1.214-9618&alias=node14&noUDP&sock=slot1_51_4480_50af_235853>
...
040 (391511.028.000) 2024-01-22 15:59:55 Finished transferring input files
...
001 (391511.028.000) 2024-01-22 15:59:55 Job executing on host: <172.30.1.214:9618?addrs=172.30.1.214-9618&alias=node14&noUDP&sock=startd_4446_2a28>
...
006 (391511.028.000) 2024-01-22 16:00:04 Image size of job updated: 139344
	11  -  MemoryUsage of job (MB)
	10760  -  ResidentSetSize of job (KB)
...
006 (391511.028.000) 2024-01-22 16:05:04 Image size of job updated: 953564
	216  -  MemoryUsage of job (MB)
	220736  -  ResidentSetSize of job (KB)
...
006 (391511.028.000) 2024-01-22 16:10:04 Image size of job updated: 969144
	256  -  MemoryUsage of job (MB)
	261244  -  ResidentSetSize of job (KB)
...
006 (391511.028.000) 2024-01-22 16:20:06 Image size of job updated: 970144
	256  -  MemoryUsage of job (MB)
	261244  -  ResidentSetSize of job (KB)
...
006 (391511.028.000) 2024-01-22 16:25:06 Image size of job updated: 970144
	310  -  MemoryUsage of job (MB)
	316840  -  ResidentSetSize of job (KB)
...
040 (391511.028.000) 2024-01-22 16:28:07 Started transferring output files
...
040 (391511.028.000) 2024-01-22 16:28:11 Finished transferring output files
...
005 (391511.028.000) 2024-01-22 16:28:11 Job terminated.
	(1) Normal termination (return value 0)
		Usr 0 00:26:31, Sys 0 00:01:09  -  Run Remote Usage
		Usr 0 00:00:00, Sys 0 00:00:00  -  Run Local Usage
		Usr 0 00:26:31, Sys 0 00:01:09  -  Total Remote Usage
		Usr 0 00:00:00, Sys 0 00:00:00  -  Total Local Usage
	31042652  -  Run Bytes Sent By Job
	191824  -  Run Bytes Received By Job
	31042652  -  Total Bytes Sent By Job
	191824  -  Total Bytes Received By Job
	Partitionable Resources :    Usage  Request Allocated 
	   Cpus                 :     1.00        1         1 
	   Disk (KB)            : 30578         200    261111 
	   Memory (MB)          :   310        3900      3968 

	Job terminated of its own accord at 2024-01-22T07:28:07Z.
...
000 (391574.028.000) 2024-01-22 23:14:59 Job submitted from host: <172.30.1.200:9618?addrs=172.30.1.200-9618&alias=tamsa2.snu.ac.kr&noUDP&sock=schedd_3625_06e6>
...
040 (391574.028.000) 2024-01-22 23:15:06 Started transferring input files
	Transferring to host: <172.30.1.216:9618?addrs=172.30.1.216-9618&alias=node16&noUDP&sock=slot1_29_4290_7168_334246>
...
040 (391574.028.000) 2024-01-22 23:15:06 Finished transferring input files
...
001 (391574.028.000) 2024-01-22 23:15:06 Job executing on host: <172.30.1.216:9618?addrs=172.30.1.216-9618&alias=node16&noUDP&sock=startd_4255_2791>
...
006 (391574.028.000) 2024-01-22 23:15:14 Image size of job updated: 139344
	5  -  MemoryUsage of job (MB)
	4960  -  ResidentSetSize of job (KB)
...
006 (391574.028.000) 2024-01-22 23:20:14 Image size of job updated: 955256
	265  -  MemoryUsage of job (MB)
	270572  -  ResidentSetSize of job (KB)
...
006 (391574.028.000) 2024-01-22 23:25:15 Image size of job updated: 969400
	311  -  MemoryUsage of job (MB)
	318404  -  ResidentSetSize of job (KB)
...
004 (391574.028.000) 2024-01-22 23:35:24 Job was evicted.
	(0) CPU times
		Usr 0 00:18:43, Sys 0 00:00:53  -  Run Remote Usage
		Usr 0 00:00:00, Sys 0 00:00:00  -  Run Local Usage
	0  -  Run Bytes Sent By Job
	191685  -  Run Bytes Received By Job
	Partitionable Resources :    Usage  Request Allocated 
	   Cpus                 :     1.00        1         1 
	   Disk (KB)            : 10984         200    261111 
	   Memory (MB)          :   311        3900      3968 
...
009 (391574.028.000) 2024-01-22 23:35:24 Job was aborted.
	via condor_rm (by user shin)
...
000 (391577.028.000) 2024-01-22 23:35:26 Job submitted from host: <172.30.1.200:9618?addrs=172.30.1.200-9618&alias=tamsa2.snu.ac.kr&noUDP&sock=schedd_3625_06e6>
...
040 (391577.028.000) 2024-01-22 23:35:37 Started transferring input files
	Transferring to host: <172.30.1.216:9618?addrs=172.30.1.216-9618&alias=node16&noUDP&sock=slot1_29_4290_7168_334306>
...
040 (391577.028.000) 2024-01-22 23:35:37 Finished transferring input files
...
001 (391577.028.000) 2024-01-22 23:35:37 Job executing on host: <172.30.1.216:9618?addrs=172.30.1.216-9618&alias=node16&noUDP&sock=startd_4255_2791>
...
006 (391577.028.000) 2024-01-22 23:35:46 Image size of job updated: 139088
	5  -  MemoryUsage of job (MB)
	4960  -  ResidentSetSize of job (KB)
...
006 (391577.028.000) 2024-01-22 23:40:47 Image size of job updated: 969072
	236  -  MemoryUsage of job (MB)
	241344  -  ResidentSetSize of job (KB)
...
006 (391577.028.000) 2024-01-22 23:45:48 Image size of job updated: 969072
	267  -  MemoryUsage of job (MB)
	272972  -  ResidentSetSize of job (KB)
...
006 (391577.028.000) 2024-01-22 23:50:48 Image size of job updated: 969072
	306  -  MemoryUsage of job (MB)
	312384  -  ResidentSetSize of job (KB)
...
006 (391577.028.000) 2024-01-23 00:00:49 Image size of job updated: 970048
	306  -  MemoryUsage of job (MB)
	312384  -  ResidentSetSize of job (KB)
...
040 (391577.028.000) 2024-01-23 00:04:32 Started transferring output files
...
040 (391577.028.000) 2024-01-23 00:04:33 Finished transferring output files
...
005 (391577.028.000) 2024-01-23 00:04:33 Job terminated.
	(1) Normal termination (return value 0)
		Usr 0 00:27:25, Sys 0 00:01:11  -  Run Remote Usage
		Usr 0 00:00:00, Sys 0 00:00:00  -  Run Local Usage
		Usr 0 00:27:25, Sys 0 00:01:11  -  Total Remote Usage
		Usr 0 00:00:00, Sys 0 00:00:00  -  Total Local Usage
	31051042  -  Run Bytes Sent By Job
	191687  -  Run Bytes Received By Job
	31051042  -  Total Bytes Sent By Job
	191687  -  Total Bytes Received By Job
	Partitionable Resources :    Usage  Request Allocated 
	   Cpus                 :     0.87        1         1 
	   Disk (KB)            : 30586         200    261111 
	   Memory (MB)          :   306        3900      3968 

	Job terminated of its own accord at 2024-01-22T15:04:32Z.
...
000 (391582.028.000) 2024-01-23 10:33:35 Job submitted from host: <172.30.1.200:9618?addrs=172.30.1.200-9618&alias=tamsa2.snu.ac.kr&noUDP&sock=schedd_3625_06e6>
...
040 (391582.028.000) 2024-01-23 10:33:38 Started transferring input files
	Transferring to host: <172.30.1.216:9618?addrs=172.30.1.216-9618&alias=node16&noUDP&sock=slot1_8_4290_7168_337525>
...
040 (391582.028.000) 2024-01-23 10:33:38 Finished transferring input files
...
001 (391582.028.000) 2024-01-23 10:33:38 Job executing on host: <172.30.1.216:9618?addrs=172.30.1.216-9618&alias=node16&noUDP&sock=startd_4255_2791>
...
006 (391582.028.000) 2024-01-23 10:33:46 Image size of job updated: 1288
	1  -  MemoryUsage of job (MB)
	84  -  ResidentSetSize of job (KB)
...
006 (391582.028.000) 2024-01-23 10:38:46 Image size of job updated: 969268
	255  -  MemoryUsage of job (MB)
	260812  -  ResidentSetSize of job (KB)
...
006 (391582.028.000) 2024-01-23 10:53:48 Image size of job updated: 969268
	297  -  MemoryUsage of job (MB)
	303796  -  ResidentSetSize of job (KB)
...
006 (391582.028.000) 2024-01-23 10:56:37 Image size of job updated: 969900
	297  -  MemoryUsage of job (MB)
	303796  -  ResidentSetSize of job (KB)
...
040 (391582.028.000) 2024-01-23 10:56:37 Started transferring output files
...
040 (391582.028.000) 2024-01-23 10:56:40 Finished transferring output files
...
005 (391582.028.000) 2024-01-23 10:56:40 Job terminated.
	(1) Normal termination (return value 0)
		Usr 0 00:21:07, Sys 0 00:00:55  -  Run Remote Usage
		Usr 0 00:00:00, Sys 0 00:00:00  -  Run Local Usage
		Usr 0 00:21:07, Sys 0 00:00:55  -  Total Remote Usage
		Usr 0 00:00:00, Sys 0 00:00:00  -  Total Local Usage
	31054292  -  Run Bytes Sent By Job
	191687  -  Run Bytes Received By Job
	31054292  -  Total Bytes Sent By Job
	191687  -  Total Bytes Received By Job
	Partitionable Resources :    Usage  Request Allocated 
	   Cpus                 :     1.00        1         1 
	   Disk (KB)            : 30589         200    261111 
	   Memory (MB)          :   297        3900      3968 

	Job terminated of its own accord at 2024-01-23T01:56:37Z.
...
