000 (390874.031.000) 2024-01-18 20:28:10 Job submitted from host: <172.30.1.200:9618?addrs=172.30.1.200-9618&alias=tamsa2.snu.ac.kr&noUDP&sock=schedd_3625_06e6>
...
040 (390874.031.000) 2024-01-18 20:28:23 Started transferring input files
	Transferring to host: <172.30.1.202:9618?addrs=172.30.1.202-9618&alias=node2&noUDP&sock=slot1_2_3851_20b6_74227>
...
001 (390874.031.000) 2024-01-18 20:28:24 Job executing on host: <172.30.1.202:9618?addrs=172.30.1.202-9618&alias=node2&noUDP&sock=startd_3818_68ae>
...
040 (390874.031.000) 2024-01-18 20:28:24 Finished transferring input files
...
006 (390874.031.000) 2024-01-18 20:28:32 Image size of job updated: 139088
	5  -  MemoryUsage of job (MB)
	4952  -  ResidentSetSize of job (KB)
...
006 (390874.031.000) 2024-01-18 20:32:32 Image size of job updated: 846392
	5  -  MemoryUsage of job (MB)
	4952  -  ResidentSetSize of job (KB)
...
040 (390874.031.000) 2024-01-18 20:32:32 Started transferring output files
...
040 (390874.031.000) 2024-01-18 20:32:32 Finished transferring output files
...
005 (390874.031.000) 2024-01-18 20:32:32 Job terminated.
	(1) Normal termination (return value 0)
		Usr 0 00:01:12, Sys 0 00:00:07  -  Run Remote Usage
		Usr 0 00:00:00, Sys 0 00:00:00  -  Run Local Usage
		Usr 0 00:01:12, Sys 0 00:00:07  -  Total Remote Usage
		Usr 0 00:00:00, Sys 0 00:00:00  -  Total Local Usage
	12886726  -  Run Bytes Sent By Job
	181578  -  Run Bytes Received By Job
	12886726  -  Total Bytes Sent By Job
	181578  -  Total Bytes Received By Job
	Partitionable Resources :    Usage  Request Allocated 
	   Cpus                 :     0.00        1         1 
	   Disk (KB)            : 12834         200    128928 
	   Memory (MB)          :     5        3900      3968 

	Job terminated of its own accord at 2024-01-18T11:32:32Z.
...
000 (390875.031.000) 2024-01-18 20:45:32 Job submitted from host: <172.30.1.200:9618?addrs=172.30.1.200-9618&alias=tamsa2.snu.ac.kr&noUDP&sock=schedd_3625_06e6>
...
040 (390875.031.000) 2024-01-18 20:45:47 Started transferring input files
	Transferring to host: <172.30.1.204:9618?addrs=172.30.1.204-9618&alias=node4&noUDP&sock=slot1_7_3725_5971_202593>
...
001 (390875.031.000) 2024-01-18 20:45:47 Job executing on host: <172.30.1.204:9618?addrs=172.30.1.204-9618&alias=node4&noUDP&sock=startd_3691_4c27>
...
040 (390875.031.000) 2024-01-18 20:45:47 Finished transferring input files
...
006 (390875.031.000) 2024-01-18 20:45:55 Image size of job updated: 50132
	5  -  MemoryUsage of job (MB)
	4952  -  ResidentSetSize of job (KB)
...
006 (390875.031.000) 2024-01-18 20:50:33 Image size of job updated: 868080
	5  -  MemoryUsage of job (MB)
	4952  -  ResidentSetSize of job (KB)
...
040 (390875.031.000) 2024-01-18 20:50:33 Started transferring output files
...
040 (390875.031.000) 2024-01-18 20:50:40 Finished transferring output files
...
005 (390875.031.000) 2024-01-18 20:50:40 Job terminated.
	(1) Normal termination (return value 0)
		Usr 0 00:03:01, Sys 0 00:00:11  -  Run Remote Usage
		Usr 0 00:00:00, Sys 0 00:00:00  -  Run Local Usage
		Usr 0 00:03:01, Sys 0 00:00:11  -  Total Remote Usage
		Usr 0 00:00:00, Sys 0 00:00:00  -  Total Local Usage
	99197032  -  Run Bytes Sent By Job
	182042  -  Run Bytes Received By Job
	99197032  -  Total Bytes Sent By Job
	182042  -  Total Bytes Received By Job
	Partitionable Resources :    Usage  Request Allocated 
	   Cpus                 :     0.02        1         1 
	   Disk (KB)            : 97122         200    128928 
	   Memory (MB)          :     5        3900      3968 

	Job terminated of its own accord at 2024-01-18T11:50:33Z.
...
000 (390886.031.000) 2024-01-18 21:10:43 Job submitted from host: <172.30.1.200:9618?addrs=172.30.1.200-9618&alias=tamsa2.snu.ac.kr&noUDP&sock=schedd_3625_06e6>
...
040 (390886.031.000) 2024-01-18 21:10:45 Started transferring input files
	Transferring to host: <172.30.1.204:9618?addrs=172.30.1.204-9618&alias=node4&noUDP&sock=slot1_4_3725_5971_202606>
...
001 (390886.031.000) 2024-01-18 21:10:45 Job executing on host: <172.30.1.204:9618?addrs=172.30.1.204-9618&alias=node4&noUDP&sock=startd_3691_4c27>
...
040 (390886.031.000) 2024-01-18 21:10:45 Finished transferring input files
...
006 (390886.031.000) 2024-01-18 21:10:54 Image size of job updated: 205420
	182  -  MemoryUsage of job (MB)
	185708  -  ResidentSetSize of job (KB)
...
006 (390886.031.000) 2024-01-18 21:12:02 Image size of job updated: 834472
	182  -  MemoryUsage of job (MB)
	185708  -  ResidentSetSize of job (KB)
...
040 (390886.031.000) 2024-01-18 21:12:02 Started transferring output files
...
040 (390886.031.000) 2024-01-18 21:12:07 Finished transferring output files
...
005 (390886.031.000) 2024-01-18 21:12:07 Job terminated.
	(1) Normal termination (return value 0)
		Usr 0 00:00:48, Sys 0 00:00:05  -  Run Remote Usage
		Usr 0 00:00:00, Sys 0 00:00:00  -  Run Local Usage
		Usr 0 00:00:48, Sys 0 00:00:05  -  Total Remote Usage
		Usr 0 00:00:00, Sys 0 00:00:00  -  Total Local Usage
	7473247  -  Run Bytes Sent By Job
	181210  -  Run Bytes Received By Job
	7473247  -  Total Bytes Sent By Job
	181210  -  Total Bytes Received By Job
	Partitionable Resources :    Usage  Request Allocated 
	   Cpus                 :     0.50        1         1 
	   Disk (KB)            :  7547         200    128928 
	   Memory (MB)          :   182        3900      3968 

	Job terminated of its own accord at 2024-01-18T12:12:02Z.
...
000 (390887.031.000) 2024-01-18 21:19:38 Job submitted from host: <172.30.1.200:9618?addrs=172.30.1.200-9618&alias=tamsa2.snu.ac.kr&noUDP&sock=schedd_3625_06e6>
...
040 (390887.031.000) 2024-01-18 21:19:40 Started transferring input files
	Transferring to host: <172.30.1.204:9618?addrs=172.30.1.204-9618&alias=node4&noUDP&sock=slot1_3_3725_5971_202617>
...
001 (390887.031.000) 2024-01-18 21:19:40 Job executing on host: <172.30.1.204:9618?addrs=172.30.1.204-9618&alias=node4&noUDP&sock=startd_3691_4c27>
...
040 (390887.031.000) 2024-01-18 21:19:40 Finished transferring input files
...
006 (390887.031.000) 2024-01-18 21:19:48 Image size of job updated: 854564
	198  -  MemoryUsage of job (MB)
	202628  -  ResidentSetSize of job (KB)
...
006 (390887.031.000) 2024-01-18 21:22:10 Image size of job updated: 863804
	198  -  MemoryUsage of job (MB)
	202628  -  ResidentSetSize of job (KB)
...
040 (390887.031.000) 2024-01-18 21:22:10 Started transferring output files
...
040 (390887.031.000) 2024-01-18 21:22:14 Finished transferring output files
...
005 (390887.031.000) 2024-01-18 21:22:14 Job terminated.
	(1) Normal termination (return value 0)
		Usr 0 00:02:15, Sys 0 00:00:09  -  Run Remote Usage
		Usr 0 00:00:00, Sys 0 00:00:00  -  Run Local Usage
		Usr 0 00:02:15, Sys 0 00:00:09  -  Total Remote Usage
		Usr 0 00:00:00, Sys 0 00:00:00  -  Total Local Usage
	34614868  -  Run Bytes Sent By Job
	181210  -  Run Bytes Received By Job
	34614868  -  Total Bytes Sent By Job
	181210  -  Total Bytes Received By Job
	Partitionable Resources :    Usage  Request Allocated 
	   Cpus                 :     0.60        1         1 
	   Disk (KB)            : 34052         200    128928 
	   Memory (MB)          :   198        3900      3968 

	Job terminated of its own accord at 2024-01-18T12:22:10Z.
...
000 (390888.031.000) 2024-01-18 21:30:57 Job submitted from host: <172.30.1.200:9618?addrs=172.30.1.200-9618&alias=tamsa2.snu.ac.kr&noUDP&sock=schedd_3625_06e6>
...
040 (390888.031.000) 2024-01-18 21:31:01 Started transferring input files
	Transferring to host: <172.30.1.204:9618?addrs=172.30.1.204-9618&alias=node4&noUDP&sock=slot1_7_3725_5971_202632>
...
001 (390888.031.000) 2024-01-18 21:31:01 Job executing on host: <172.30.1.204:9618?addrs=172.30.1.204-9618&alias=node4&noUDP&sock=startd_3691_4c27>
...
040 (390888.031.000) 2024-01-18 21:31:01 Finished transferring input files
...
006 (390888.031.000) 2024-01-18 21:31:10 Image size of job updated: 834744
	190  -  MemoryUsage of job (MB)
	194084  -  ResidentSetSize of job (KB)
...
006 (390888.031.000) 2024-01-18 21:34:13 Image size of job updated: 863836
	190  -  MemoryUsage of job (MB)
	194084  -  ResidentSetSize of job (KB)
...
040 (390888.031.000) 2024-01-18 21:34:14 Started transferring output files
...
040 (390888.031.000) 2024-01-18 21:34:23 Finished transferring output files
...
005 (390888.031.000) 2024-01-18 21:34:23 Job terminated.
	(1) Normal termination (return value 0)
		Usr 0 00:02:52, Sys 0 00:00:12  -  Run Remote Usage
		Usr 0 00:00:00, Sys 0 00:00:00  -  Run Local Usage
		Usr 0 00:02:52, Sys 0 00:00:12  -  Total Remote Usage
		Usr 0 00:00:00, Sys 0 00:00:00  -  Total Local Usage
	33711008  -  Run Bytes Sent By Job
	181214  -  Run Bytes Received By Job
	33711008  -  Total Bytes Sent By Job
	181214  -  Total Bytes Received By Job
	Partitionable Resources :    Usage  Request Allocated 
	   Cpus                 :     1.00        1         1 
	   Disk (KB)            : 33170         200    128928 
	   Memory (MB)          :   190        3900      3968 

	Job terminated of its own accord at 2024-01-18T12:34:13Z.
...
000 (390894.031.000) 2024-01-18 21:35:52 Job submitted from host: <172.30.1.200:9618?addrs=172.30.1.200-9618&alias=tamsa2.snu.ac.kr&noUDP&sock=schedd_3625_06e6>
...
040 (390894.031.000) 2024-01-18 21:36:10 Started transferring input files
	Transferring to host: <172.30.1.204:9618?addrs=172.30.1.204-9618&alias=node4&noUDP&sock=slot1_8_3725_5971_202655>
...
040 (390894.031.000) 2024-01-18 21:36:10 Finished transferring input files
...
001 (390894.031.000) 2024-01-18 21:36:10 Job executing on host: <172.30.1.204:9618?addrs=172.30.1.204-9618&alias=node4&noUDP&sock=startd_3691_4c27>
...
006 (390894.031.000) 2024-01-18 21:36:18 Image size of job updated: 425640
	183  -  MemoryUsage of job (MB)
	186372  -  ResidentSetSize of job (KB)
...
006 (390894.031.000) 2024-01-18 21:39:18 Image size of job updated: 867204
	183  -  MemoryUsage of job (MB)
	186372  -  ResidentSetSize of job (KB)
...
040 (390894.031.000) 2024-01-18 21:39:19 Started transferring output files
...
040 (390894.031.000) 2024-01-18 21:39:22 Finished transferring output files
...
005 (390894.031.000) 2024-01-18 21:39:22 Job terminated.
	(1) Normal termination (return value 0)
		Usr 0 00:02:47, Sys 0 00:00:11  -  Run Remote Usage
		Usr 0 00:00:00, Sys 0 00:00:00  -  Run Local Usage
		Usr 0 00:02:47, Sys 0 00:00:11  -  Total Remote Usage
		Usr 0 00:00:00, Sys 0 00:00:00  -  Total Local Usage
	33712500  -  Run Bytes Sent By Job
	181194  -  Run Bytes Received By Job
	33712500  -  Total Bytes Sent By Job
	181194  -  Total Bytes Received By Job
	Partitionable Resources :    Usage  Request Allocated 
	   Cpus                 :     0.98        1         1 
	   Disk (KB)            : 33171         200    128928 
	   Memory (MB)          :   183        3900      3968 

	Job terminated of its own accord at 2024-01-18T12:39:18Z.
...
000 (390895.031.000) 2024-01-18 21:48:05 Job submitted from host: <172.30.1.200:9618?addrs=172.30.1.200-9618&alias=tamsa2.snu.ac.kr&noUDP&sock=schedd_3625_06e6>
...
040 (390895.031.000) 2024-01-18 21:48:08 Started transferring input files
	Transferring to host: <172.30.1.208:9618?addrs=172.30.1.208-9618&alias=node8&noUDP&sock=slot1_22_3811_f1b4_190807>
...
001 (390895.031.000) 2024-01-18 21:48:08 Job executing on host: <172.30.1.208:9618?addrs=172.30.1.208-9618&alias=node8&noUDP&sock=startd_3777_494c>
...
040 (390895.031.000) 2024-01-18 21:48:08 Finished transferring input files
...
006 (390895.031.000) 2024-01-18 21:48:17 Image size of job updated: 139088
	15  -  MemoryUsage of job (MB)
	14820  -  ResidentSetSize of job (KB)
...
006 (390895.031.000) 2024-01-18 21:50:05 Image size of job updated: 867384
	169  -  MemoryUsage of job (MB)
	172744  -  ResidentSetSize of job (KB)
...
004 (390895.031.000) 2024-01-18 21:50:06 Job was evicted.
	(0) CPU times
		Usr 0 00:01:05, Sys 0 00:00:04  -  Run Remote Usage
		Usr 0 00:00:00, Sys 0 00:00:00  -  Run Local Usage
	0  -  Run Bytes Sent By Job
	182143  -  Run Bytes Received By Job
	Partitionable Resources :    Usage  Request Allocated 
	   Cpus                 :     0.53        1         1 
	   Disk (KB)            :  4738         200    128928 
	   Memory (MB)          :   169        3900      3968 
...
009 (390895.031.000) 2024-01-18 21:50:06 Job was aborted.
	via condor_rm (by user shin)
...
000 (390896.031.000) 2024-01-18 21:53:08 Job submitted from host: <172.30.1.200:9618?addrs=172.30.1.200-9618&alias=tamsa2.snu.ac.kr&noUDP&sock=schedd_3625_06e6>
...
040 (390896.031.000) 2024-01-18 21:54:29 Started transferring input files
	Transferring to host: <172.30.1.102:9618?addrs=172.30.1.102-9618&alias=n2&noUDP&sock=slot1_25_3356_5b02_63211>
...
001 (390896.031.000) 2024-01-18 21:54:29 Job executing on host: <172.30.1.102:9618?addrs=172.30.1.102-9618&alias=n2&noUDP&sock=startd_3322_31b4>
...
040 (390896.031.000) 2024-01-18 21:54:29 Finished transferring input files
...
006 (390896.031.000) 2024-01-18 21:54:38 Image size of job updated: 166936
	164  -  MemoryUsage of job (MB)
	166936  -  ResidentSetSize of job (KB)
...
006 (390896.031.000) 2024-01-18 21:59:39 Image size of job updated: 870848
	199  -  MemoryUsage of job (MB)
	203720  -  ResidentSetSize of job (KB)
...
040 (390896.031.000) 2024-01-18 22:01:51 Started transferring output files
...
040 (390896.031.000) 2024-01-18 22:01:51 Finished transferring output files
...
005 (390896.031.000) 2024-01-18 22:01:51 Job terminated.
	(1) Normal termination (return value 0)
		Usr 0 00:05:54, Sys 0 00:00:35  -  Run Remote Usage
		Usr 0 00:00:00, Sys 0 00:00:00  -  Run Local Usage
		Usr 0 00:05:54, Sys 0 00:00:35  -  Total Remote Usage
		Usr 0 00:00:00, Sys 0 00:00:00  -  Total Local Usage
	39345184  -  Run Bytes Sent By Job
	182135  -  Run Bytes Received By Job
	39345184  -  Total Bytes Sent By Job
	182135  -  Total Bytes Received By Job
	Partitionable Resources :    Usage  Request Allocated 
	   Cpus                 :     0.89        1         1 
	   Disk (KB)            : 38673         200    123820 
	   Memory (MB)          :   199        3900      3968 

	Job terminated of its own accord at 2024-01-18T13:01:51Z.
...
000 (390897.031.000) 2024-01-18 22:03:48 Job submitted from host: <172.30.1.200:9618?addrs=172.30.1.200-9618&alias=tamsa2.snu.ac.kr&noUDP&sock=schedd_3625_06e6>
...
040 (390897.031.000) 2024-01-18 22:06:49 Started transferring input files
	Transferring to host: <172.30.1.204:9618?addrs=172.30.1.204-9618&alias=node4&noUDP&sock=slot1_8_3725_5971_202868>
...
001 (390897.031.000) 2024-01-18 22:06:49 Job executing on host: <172.30.1.204:9618?addrs=172.30.1.204-9618&alias=node4&noUDP&sock=startd_3691_4c27>
...
040 (390897.031.000) 2024-01-18 22:06:49 Finished transferring input files
...
006 (390897.031.000) 2024-01-18 22:06:58 Image size of job updated: 756892
	183  -  MemoryUsage of job (MB)
	186740  -  ResidentSetSize of job (KB)
...
006 (390897.031.000) 2024-01-18 22:10:38 Image size of job updated: 866388
	183  -  MemoryUsage of job (MB)
	186740  -  ResidentSetSize of job (KB)
...
040 (390897.031.000) 2024-01-18 22:10:38 Started transferring output files
...
040 (390897.031.000) 2024-01-18 22:10:39 Finished transferring output files
...
005 (390897.031.000) 2024-01-18 22:10:39 Job terminated.
	(1) Normal termination (return value 0)
		Usr 0 00:03:12, Sys 0 00:00:12  -  Run Remote Usage
		Usr 0 00:00:00, Sys 0 00:00:00  -  Run Local Usage
		Usr 0 00:03:12, Sys 0 00:00:12  -  Total Remote Usage
		Usr 0 00:00:00, Sys 0 00:00:00  -  Total Local Usage
	39177264  -  Run Bytes Sent By Job
	182135  -  Run Bytes Received By Job
	39177264  -  Total Bytes Sent By Job
	182135  -  Total Bytes Received By Job
	Partitionable Resources :    Usage  Request Allocated 
	   Cpus                 :                 1         1 
	   Disk (KB)            :    38503      200    128928 
	   Memory (MB)          :      183     3900      3968 

	Job terminated of its own accord at 2024-01-18T13:10:38Z.
...
000 (390986.031.000) 2024-01-18 22:24:33 Job submitted from host: <172.30.1.200:9618?addrs=172.30.1.200-9618&alias=tamsa2.snu.ac.kr&noUDP&sock=schedd_3625_06e6>
...
040 (390986.031.000) 2024-01-18 22:26:35 Started transferring input files
	Transferring to host: <172.30.1.204:9618?addrs=172.30.1.204-9618&alias=node4&noUDP&sock=slot1_6_3725_5971_202903>
...
001 (390986.031.000) 2024-01-18 22:26:35 Job executing on host: <172.30.1.204:9618?addrs=172.30.1.204-9618&alias=node4&noUDP&sock=startd_3691_4c27>
...
040 (390986.031.000) 2024-01-18 22:26:35 Finished transferring input files
...
006 (390986.031.000) 2024-01-18 22:26:44 Image size of job updated: 832928
	183  -  MemoryUsage of job (MB)
	186740  -  ResidentSetSize of job (KB)
...
006 (390986.031.000) 2024-01-18 22:30:48 Image size of job updated: 863472
	183  -  MemoryUsage of job (MB)
	186740  -  ResidentSetSize of job (KB)
...
040 (390986.031.000) 2024-01-18 22:30:49 Started transferring output files
...
040 (390986.031.000) 2024-01-18 22:30:50 Finished transferring output files
...
005 (390986.031.000) 2024-01-18 22:30:50 Job terminated.
	(1) Normal termination (return value 0)
		Usr 0 00:03:12, Sys 0 00:00:12  -  Run Remote Usage
		Usr 0 00:00:00, Sys 0 00:00:00  -  Run Local Usage
		Usr 0 00:03:12, Sys 0 00:00:12  -  Total Remote Usage
		Usr 0 00:00:00, Sys 0 00:00:00  -  Total Local Usage
	35463800  -  Run Bytes Sent By Job
	182182  -  Run Bytes Received By Job
	35463800  -  Total Bytes Sent By Job
	182182  -  Total Bytes Received By Job
	Partitionable Resources :    Usage  Request Allocated 
	   Cpus                 :                 1         1 
	   Disk (KB)            :    34877      200    128928 
	   Memory (MB)          :      183     3900      3968 

	Job terminated of its own accord at 2024-01-18T13:30:48Z.
...
000 (391043.031.000) 2024-01-18 23:16:24 Job submitted from host: <172.30.1.200:9618?addrs=172.30.1.200-9618&alias=tamsa2.snu.ac.kr&noUDP&sock=schedd_3625_06e6>
...
040 (391043.031.000) 2024-01-18 23:16:30 Started transferring input files
	Transferring to host: <172.30.1.204:9618?addrs=172.30.1.204-9618&alias=node4&noUDP&sock=slot1_25_3725_5971_202945>
...
001 (391043.031.000) 2024-01-18 23:16:30 Job executing on host: <172.30.1.204:9618?addrs=172.30.1.204-9618&alias=node4&noUDP&sock=startd_3691_4c27>
...
040 (391043.031.000) 2024-01-18 23:16:30 Finished transferring input files
...
006 (391043.031.000) 2024-01-18 23:16:39 Image size of job updated: 139756
	132  -  MemoryUsage of job (MB)
	134276  -  ResidentSetSize of job (KB)
...
006 (391043.031.000) 2024-01-18 23:18:19 Image size of job updated: 846504
	132  -  MemoryUsage of job (MB)
	134756  -  ResidentSetSize of job (KB)
...
040 (391043.031.000) 2024-01-18 23:18:23 Started transferring output files
...
040 (391043.031.000) 2024-01-18 23:18:26 Finished transferring output files
...
005 (391043.031.000) 2024-01-18 23:18:26 Job terminated.
	(1) Normal termination (return value 0)
		Usr 0 00:01:05, Sys 0 00:00:06  -  Run Remote Usage
		Usr 0 00:00:00, Sys 0 00:00:00  -  Run Local Usage
		Usr 0 00:01:05, Sys 0 00:00:06  -  Total Remote Usage
		Usr 0 00:00:00, Sys 0 00:00:00  -  Total Local Usage
	7464110  -  Run Bytes Sent By Job
	182524  -  Run Bytes Received By Job
	7464110  -  Total Bytes Sent By Job
	182524  -  Total Bytes Received By Job
	Partitionable Resources :    Usage  Request Allocated 
	   Cpus                 :     0.05        1         1 
	   Disk (KB)            :  7540         200    128928 
	   Memory (MB)          :   132        3900      3968 

	Job terminated of its own accord at 2024-01-18T14:18:19Z.
...
000 (391059.031.000) 2024-01-19 10:38:28 Job submitted from host: <172.30.1.200:9618?addrs=172.30.1.200-9618&alias=tamsa2.snu.ac.kr&noUDP&sock=schedd_3625_06e6>
...
040 (391059.031.000) 2024-01-19 10:38:32 Started transferring input files
	Transferring to host: <172.30.1.207:9618?addrs=172.30.1.207-9618&alias=node7&noUDP&sock=slot1_39_39434_91fd_225173>
...
001 (391059.031.000) 2024-01-19 10:38:32 Job executing on host: <172.30.1.207:9618?addrs=172.30.1.207-9618&alias=node7&noUDP&sock=startd_3748_650d>
...
040 (391059.031.000) 2024-01-19 10:38:32 Finished transferring input files
...
006 (391059.031.000) 2024-01-19 10:38:41 Image size of job updated: 139088
	74  -  MemoryUsage of job (MB)
	75364  -  ResidentSetSize of job (KB)
...
006 (391059.031.000) 2024-01-19 10:43:22 Image size of job updated: 863180
	74  -  MemoryUsage of job (MB)
	75364  -  ResidentSetSize of job (KB)
...
040 (391059.031.000) 2024-01-19 10:43:22 Started transferring output files
...
040 (391059.031.000) 2024-01-19 10:43:23 Finished transferring output files
...
005 (391059.031.000) 2024-01-19 10:43:23 Job terminated.
	(1) Normal termination (return value 0)
		Usr 0 00:03:21, Sys 0 00:00:13  -  Run Remote Usage
		Usr 0 00:00:00, Sys 0 00:00:00  -  Run Local Usage
		Usr 0 00:03:21, Sys 0 00:00:13  -  Total Remote Usage
		Usr 0 00:00:00, Sys 0 00:00:00  -  Total Local Usage
	33793488  -  Run Bytes Sent By Job
	182504  -  Run Bytes Received By Job
	33793488  -  Total Bytes Sent By Job
	182504  -  Total Bytes Received By Job
	Partitionable Resources :    Usage  Request Allocated 
	   Cpus                 :     0.20        1         1 
	   Disk (KB)            : 33252         200    121695 
	   Memory (MB)          :    74        3900      3968 

	Job terminated of its own accord at 2024-01-19T01:43:22Z.
...
000 (391060.031.000) 2024-01-19 10:57:46 Job submitted from host: <172.30.1.200:9618?addrs=172.30.1.200-9618&alias=tamsa2.snu.ac.kr&noUDP&sock=schedd_3625_06e6>
...
040 (391060.031.000) 2024-01-19 10:57:51 Started transferring input files
	Transferring to host: <172.30.1.207:9618?addrs=172.30.1.207-9618&alias=node7&noUDP&sock=slot1_47_39434_91fd_225187>
...
040 (391060.031.000) 2024-01-19 10:57:51 Finished transferring input files
...
001 (391060.031.000) 2024-01-19 10:57:51 Job executing on host: <172.30.1.207:9618?addrs=172.30.1.207-9618&alias=node7&noUDP&sock=startd_3748_650d>
...
006 (391060.031.000) 2024-01-19 10:58:00 Image size of job updated: 189740
	172  -  MemoryUsage of job (MB)
	175176  -  ResidentSetSize of job (KB)
...
006 (391060.031.000) 2024-01-19 11:02:32 Image size of job updated: 866176
	172  -  MemoryUsage of job (MB)
	175176  -  ResidentSetSize of job (KB)
...
040 (391060.031.000) 2024-01-19 11:02:32 Started transferring output files
...
040 (391060.031.000) 2024-01-19 11:02:36 Finished transferring output files
...
005 (391060.031.000) 2024-01-19 11:02:37 Job terminated.
	(1) Normal termination (return value 0)
		Usr 0 00:03:29, Sys 0 00:00:13  -  Run Remote Usage
		Usr 0 00:00:00, Sys 0 00:00:00  -  Run Local Usage
		Usr 0 00:03:29, Sys 0 00:00:13  -  Total Remote Usage
		Usr 0 00:00:00, Sys 0 00:00:00  -  Total Local Usage
	35596832  -  Run Bytes Sent By Job
	182520  -  Run Bytes Received By Job
	35596832  -  Total Bytes Sent By Job
	182520  -  Total Bytes Received By Job
	Partitionable Resources :    Usage  Request Allocated 
	   Cpus                 :     0.82        1         1 
	   Disk (KB)            : 35013         200    121695 
	   Memory (MB)          :   172        3900      3968 

	Job terminated of its own accord at 2024-01-19T02:02:32Z.
...
000 (391113.031.000) 2024-01-19 11:50:58 Job submitted from host: <172.30.1.200:9618?addrs=172.30.1.200-9618&alias=tamsa2.snu.ac.kr&noUDP&sock=schedd_3625_06e6>
...
040 (391113.031.000) 2024-01-19 11:51:01 Started transferring input files
	Transferring to host: <172.30.1.208:9618?addrs=172.30.1.208-9618&alias=node8&noUDP&sock=slot1_41_3811_f1b4_191166>
...
001 (391113.031.000) 2024-01-19 11:51:01 Job executing on host: <172.30.1.208:9618?addrs=172.30.1.208-9618&alias=node8&noUDP&sock=startd_3777_494c>
...
040 (391113.031.000) 2024-01-19 11:51:01 Finished transferring input files
...
006 (391113.031.000) 2024-01-19 11:51:10 Image size of job updated: 561376
	123  -  MemoryUsage of job (MB)
	125544  -  ResidentSetSize of job (KB)
...
006 (391113.031.000) 2024-01-19 11:53:11 Image size of job updated: 843924
	123  -  MemoryUsage of job (MB)
	125676  -  ResidentSetSize of job (KB)
...
040 (391113.031.000) 2024-01-19 11:53:11 Started transferring output files
...
040 (391113.031.000) 2024-01-19 11:53:12 Finished transferring output files
...
005 (391113.031.000) 2024-01-19 11:53:12 Job terminated.
	(1) Normal termination (return value 0)
		Usr 0 00:01:10, Sys 0 00:00:07  -  Run Remote Usage
		Usr 0 00:00:00, Sys 0 00:00:00  -  Run Local Usage
		Usr 0 00:01:10, Sys 0 00:00:07  -  Total Remote Usage
		Usr 0 00:00:00, Sys 0 00:00:00  -  Total Local Usage
	7464079  -  Run Bytes Sent By Job
	183986  -  Run Bytes Received By Job
	7464079  -  Total Bytes Sent By Job
	183986  -  Total Bytes Received By Job
	Partitionable Resources :    Usage  Request Allocated 
	   Cpus                 :                 1         1 
	   Disk (KB)            :     7536      200    128928 
	   Memory (MB)          :      123     3900      3968 

	Job terminated of its own accord at 2024-01-19T02:53:11Z.
...
000 (391114.031.000) 2024-01-19 11:56:30 Job submitted from host: <172.30.1.200:9618?addrs=172.30.1.200-9618&alias=tamsa2.snu.ac.kr&noUDP&sock=schedd_3625_06e6>
...
040 (391114.031.000) 2024-01-19 11:56:34 Started transferring input files
	Transferring to host: <172.30.1.208:9618?addrs=172.30.1.208-9618&alias=node8&noUDP&sock=slot1_43_3811_f1b4_191178>
...
001 (391114.031.000) 2024-01-19 11:56:34 Job executing on host: <172.30.1.208:9618?addrs=172.30.1.208-9618&alias=node8&noUDP&sock=startd_3777_494c>
...
040 (391114.031.000) 2024-01-19 11:56:34 Finished transferring input files
...
006 (391114.031.000) 2024-01-19 11:56:42 Image size of job updated: 739708
	183  -  MemoryUsage of job (MB)
	186744  -  ResidentSetSize of job (KB)
...
006 (391114.031.000) 2024-01-19 11:58:38 Image size of job updated: 837536
	183  -  MemoryUsage of job (MB)
	186744  -  ResidentSetSize of job (KB)
...
040 (391114.031.000) 2024-01-19 11:58:38 Started transferring output files
...
040 (391114.031.000) 2024-01-19 11:58:38 Finished transferring output files
...
005 (391114.031.000) 2024-01-19 11:58:38 Job terminated.
	(1) Normal termination (return value 0)
		Usr 0 00:01:11, Sys 0 00:00:07  -  Run Remote Usage
		Usr 0 00:00:00, Sys 0 00:00:00  -  Run Local Usage
		Usr 0 00:01:11, Sys 0 00:00:07  -  Total Remote Usage
		Usr 0 00:00:00, Sys 0 00:00:00  -  Total Local Usage
	7464183  -  Run Bytes Sent By Job
	183986  -  Run Bytes Received By Job
	7464183  -  Total Bytes Sent By Job
	183986  -  Total Bytes Received By Job
	Partitionable Resources :    Usage  Request Allocated 
	   Cpus                 :                 1         1 
	   Disk (KB)            :     7536      200    128928 
	   Memory (MB)          :      183     3900      3968 

	Job terminated of its own accord at 2024-01-19T02:58:38Z.
...
000 (391115.031.000) 2024-01-19 12:05:54 Job submitted from host: <172.30.1.200:9618?addrs=172.30.1.200-9618&alias=tamsa2.snu.ac.kr&noUDP&sock=schedd_3625_06e6>
...
040 (391115.031.000) 2024-01-19 12:05:58 Started transferring input files
	Transferring to host: <172.30.1.208:9618?addrs=172.30.1.208-9618&alias=node8&noUDP&sock=slot1_44_3811_f1b4_191187>
...
001 (391115.031.000) 2024-01-19 12:05:58 Job executing on host: <172.30.1.208:9618?addrs=172.30.1.208-9618&alias=node8&noUDP&sock=startd_3777_494c>
...
040 (391115.031.000) 2024-01-19 12:05:58 Finished transferring input files
...
006 (391115.031.000) 2024-01-19 12:06:07 Image size of job updated: 186736
	183  -  MemoryUsage of job (MB)
	186736  -  ResidentSetSize of job (KB)
...
006 (391115.031.000) 2024-01-19 12:07:58 Image size of job updated: 836208
	183  -  MemoryUsage of job (MB)
	186736  -  ResidentSetSize of job (KB)
...
040 (391115.031.000) 2024-01-19 12:07:58 Started transferring output files
...
040 (391115.031.000) 2024-01-19 12:07:59 Finished transferring output files
...
005 (391115.031.000) 2024-01-19 12:07:59 Job terminated.
	(1) Normal termination (return value 0)
		Usr 0 00:01:12, Sys 0 00:00:07  -  Run Remote Usage
		Usr 0 00:00:00, Sys 0 00:00:00  -  Run Local Usage
		Usr 0 00:01:12, Sys 0 00:00:07  -  Total Remote Usage
		Usr 0 00:00:00, Sys 0 00:00:00  -  Total Local Usage
	7464183  -  Run Bytes Sent By Job
	184022  -  Run Bytes Received By Job
	7464183  -  Total Bytes Sent By Job
	184022  -  Total Bytes Received By Job
	Partitionable Resources :    Usage  Request Allocated 
	   Cpus                 :                 1         1 
	   Disk (KB)            :     7537      200    128928 
	   Memory (MB)          :      183     3900      3968 

	Job terminated of its own accord at 2024-01-19T03:07:58Z.
...
000 (391116.031.000) 2024-01-19 12:09:38 Job submitted from host: <172.30.1.200:9618?addrs=172.30.1.200-9618&alias=tamsa2.snu.ac.kr&noUDP&sock=schedd_3625_06e6>
...
040 (391116.031.000) 2024-01-19 12:09:41 Started transferring input files
	Transferring to host: <172.30.1.208:9618?addrs=172.30.1.208-9618&alias=node8&noUDP&sock=slot1_44_3811_f1b4_191195>
...
001 (391116.031.000) 2024-01-19 12:09:41 Job executing on host: <172.30.1.208:9618?addrs=172.30.1.208-9618&alias=node8&noUDP&sock=startd_3777_494c>
...
040 (391116.031.000) 2024-01-19 12:09:41 Finished transferring input files
...
006 (391116.031.000) 2024-01-19 12:09:50 Image size of job updated: 615048
	182  -  MemoryUsage of job (MB)
	185408  -  ResidentSetSize of job (KB)
...
006 (391116.031.000) 2024-01-19 12:11:45 Image size of job updated: 844352
	182  -  MemoryUsage of job (MB)
	185408  -  ResidentSetSize of job (KB)
...
040 (391116.031.000) 2024-01-19 12:11:45 Started transferring output files
...
040 (391116.031.000) 2024-01-19 12:11:45 Finished transferring output files
...
005 (391116.031.000) 2024-01-19 12:11:45 Job terminated.
	(1) Normal termination (return value 0)
		Usr 0 00:01:13, Sys 0 00:00:07  -  Run Remote Usage
		Usr 0 00:00:00, Sys 0 00:00:00  -  Run Local Usage
		Usr 0 00:01:13, Sys 0 00:00:07  -  Total Remote Usage
		Usr 0 00:00:00, Sys 0 00:00:00  -  Total Local Usage
	7464207  -  Run Bytes Sent By Job
	184022  -  Run Bytes Received By Job
	7464207  -  Total Bytes Sent By Job
	184022  -  Total Bytes Received By Job
	Partitionable Resources :    Usage  Request Allocated 
	   Cpus                 :     0.40        1         1 
	   Disk (KB)            :  7542         200    128928 
	   Memory (MB)          :   182        3900      3968 

	Job terminated of its own accord at 2024-01-19T03:11:45Z.
...
000 (391117.031.000) 2024-01-19 12:15:27 Job submitted from host: <172.30.1.200:9618?addrs=172.30.1.200-9618&alias=tamsa2.snu.ac.kr&noUDP&sock=schedd_3625_06e6>
...
040 (391117.031.000) 2024-01-19 12:15:34 Started transferring input files
	Transferring to host: <172.30.1.208:9618?addrs=172.30.1.208-9618&alias=node8&noUDP&sock=slot1_45_3811_f1b4_191204>
...
040 (391117.031.000) 2024-01-19 12:15:34 Finished transferring input files
...
001 (391117.031.000) 2024-01-19 12:15:34 Job executing on host: <172.30.1.208:9618?addrs=172.30.1.208-9618&alias=node8&noUDP&sock=startd_3777_494c>
...
006 (391117.031.000) 2024-01-19 12:15:42 Image size of job updated: 425720
	181  -  MemoryUsage of job (MB)
	184560  -  ResidentSetSize of job (KB)
...
006 (391117.031.000) 2024-01-19 12:20:20 Image size of job updated: 870396
	181  -  MemoryUsage of job (MB)
	184560  -  ResidentSetSize of job (KB)
...
040 (391117.031.000) 2024-01-19 12:20:20 Started transferring output files
...
040 (391117.031.000) 2024-01-19 12:20:21 Finished transferring output files
...
005 (391117.031.000) 2024-01-19 12:20:21 Job terminated.
	(1) Normal termination (return value 0)
		Usr 0 00:03:36, Sys 0 00:00:13  -  Run Remote Usage
		Usr 0 00:00:00, Sys 0 00:00:00  -  Run Local Usage
		Usr 0 00:03:36, Sys 0 00:00:13  -  Total Remote Usage
		Usr 0 00:00:00, Sys 0 00:00:00  -  Total Local Usage
	33960212  -  Run Bytes Sent By Job
	184028  -  Run Bytes Received By Job
	33960212  -  Total Bytes Sent By Job
	184028  -  Total Bytes Received By Job
	Partitionable Resources :    Usage  Request Allocated 
	   Cpus                 :     0.30        1         1 
	   Disk (KB)            : 33417         200    128928 
	   Memory (MB)          :   181        3900      3968 

	Job terminated of its own accord at 2024-01-19T03:20:20Z.
...
000 (391118.031.000) 2024-01-19 12:41:45 Job submitted from host: <172.30.1.200:9618?addrs=172.30.1.200-9618&alias=tamsa2.snu.ac.kr&noUDP&sock=schedd_3625_06e6>
...
040 (391118.031.000) 2024-01-19 12:41:52 Started transferring input files
	Transferring to host: <172.30.1.210:9618?addrs=172.30.1.210-9618&alias=node10&noUDP&sock=slot1_32_3822_b1d4_184617>
...
001 (391118.031.000) 2024-01-19 12:41:52 Job executing on host: <172.30.1.210:9618?addrs=172.30.1.210-9618&alias=node10&noUDP&sock=startd_3788_d4d6>
...
040 (391118.031.000) 2024-01-19 12:41:52 Finished transferring input files
...
006 (391118.031.000) 2024-01-19 12:42:01 Image size of job updated: 186732
	183  -  MemoryUsage of job (MB)
	186732  -  ResidentSetSize of job (KB)
...
006 (391118.031.000) 2024-01-19 12:43:48 Image size of job updated: 845700
	183  -  MemoryUsage of job (MB)
	186732  -  ResidentSetSize of job (KB)
...
040 (391118.031.000) 2024-01-19 12:43:48 Started transferring output files
...
040 (391118.031.000) 2024-01-19 12:43:48 Finished transferring output files
...
005 (391118.031.000) 2024-01-19 12:43:48 Job terminated.
	(1) Normal termination (return value 0)
		Usr 0 00:01:13, Sys 0 00:00:07  -  Run Remote Usage
		Usr 0 00:00:00, Sys 0 00:00:00  -  Run Local Usage
		Usr 0 00:01:13, Sys 0 00:00:07  -  Total Remote Usage
		Usr 0 00:00:00, Sys 0 00:00:00  -  Total Local Usage
	7464143  -  Run Bytes Sent By Job
	183796  -  Run Bytes Received By Job
	7464143  -  Total Bytes Sent By Job
	183796  -  Total Bytes Received By Job
	Partitionable Resources :    Usage  Request Allocated 
	   Cpus                 :                 1         1 
	   Disk (KB)            :     7536      200    128928 
	   Memory (MB)          :      183     3900      3968 

	Job terminated of its own accord at 2024-01-19T03:43:48Z.
...
000 (391119.031.000) 2024-01-19 12:47:04 Job submitted from host: <172.30.1.200:9618?addrs=172.30.1.200-9618&alias=tamsa2.snu.ac.kr&noUDP&sock=schedd_3625_06e6>
...
040 (391119.031.000) 2024-01-19 12:47:14 Started transferring input files
	Transferring to host: <172.30.1.209:9618?addrs=172.30.1.209-9618&alias=node9&noUDP&sock=slot1_5_3782_82d3_179353>
...
001 (391119.031.000) 2024-01-19 12:47:14 Job executing on host: <172.30.1.209:9618?addrs=172.30.1.209-9618&alias=node9&noUDP&sock=startd_3748_650d>
...
040 (391119.031.000) 2024-01-19 12:47:14 Finished transferring input files
...
006 (391119.031.000) 2024-01-19 12:47:23 Image size of job updated: 832928
	183  -  MemoryUsage of job (MB)
	186740  -  ResidentSetSize of job (KB)
...
006 (391119.031.000) 2024-01-19 12:51:57 Image size of job updated: 870268
	183  -  MemoryUsage of job (MB)
	186740  -  ResidentSetSize of job (KB)
...
040 (391119.031.000) 2024-01-19 12:51:57 Started transferring output files
...
040 (391119.031.000) 2024-01-19 12:52:00 Finished transferring output files
...
005 (391119.031.000) 2024-01-19 12:52:00 Job terminated.
	(1) Normal termination (return value 0)
		Usr 0 00:03:37, Sys 0 00:00:14  -  Run Remote Usage
		Usr 0 00:00:00, Sys 0 00:00:00  -  Run Local Usage
		Usr 0 00:03:37, Sys 0 00:00:14  -  Total Remote Usage
		Usr 0 00:00:00, Sys 0 00:00:00  -  Total Local Usage
	33483602  -  Run Bytes Sent By Job
	183796  -  Run Bytes Received By Job
	33483602  -  Total Bytes Sent By Job
	183796  -  Total Bytes Received By Job
	Partitionable Resources :    Usage  Request Allocated 
	   Cpus                 :     0.94        1         1 
	   Disk (KB)            : 32951         200    128928 
	   Memory (MB)          :   183        3900      3968 

	Job terminated of its own accord at 2024-01-19T03:51:57Z.
...
000 (391120.031.000) 2024-01-19 13:02:28 Job submitted from host: <172.30.1.200:9618?addrs=172.30.1.200-9618&alias=tamsa2.snu.ac.kr&noUDP&sock=schedd_3625_06e6>
...
040 (391120.031.000) 2024-01-19 13:02:39 Started transferring input files
	Transferring to host: <172.30.1.209:9618?addrs=172.30.1.209-9618&alias=node9&noUDP&sock=slot1_46_3782_82d3_179360>
...
040 (391120.031.000) 2024-01-19 13:02:39 Finished transferring input files
...
001 (391120.031.000) 2024-01-19 13:02:39 Job executing on host: <172.30.1.209:9618?addrs=172.30.1.209-9618&alias=node9&noUDP&sock=startd_3748_650d>
...
006 (391120.031.000) 2024-01-19 13:02:48 Image size of job updated: 757908
	181  -  MemoryUsage of job (MB)
	185068  -  ResidentSetSize of job (KB)
...
006 (391120.031.000) 2024-01-19 13:07:16 Image size of job updated: 866472
	181  -  MemoryUsage of job (MB)
	185068  -  ResidentSetSize of job (KB)
...
040 (391120.031.000) 2024-01-19 13:07:18 Started transferring output files
...
040 (391120.031.000) 2024-01-19 13:07:20 Finished transferring output files
...
005 (391120.031.000) 2024-01-19 13:07:20 Job terminated.
	(1) Normal termination (return value 0)
		Usr 0 00:03:35, Sys 0 00:00:13  -  Run Remote Usage
		Usr 0 00:00:00, Sys 0 00:00:00  -  Run Local Usage
		Usr 0 00:03:35, Sys 0 00:00:13  -  Total Remote Usage
		Usr 0 00:00:00, Sys 0 00:00:00  -  Total Local Usage
	33444068  -  Run Bytes Sent By Job
	183796  -  Run Bytes Received By Job
	33444068  -  Total Bytes Sent By Job
	183796  -  Total Bytes Received By Job
	Partitionable Resources :    Usage  Request Allocated 
	   Cpus                 :     0.64        1         1 
	   Disk (KB)            : 32913         200    128928 
	   Memory (MB)          :   181        3900      3968 

	Job terminated of its own accord at 2024-01-19T04:07:16Z.
...
000 (391131.031.000) 2024-01-19 14:22:45 Job submitted from host: <172.30.1.200:9618?addrs=172.30.1.200-9618&alias=tamsa2.snu.ac.kr&noUDP&sock=schedd_3625_06e6>
...
040 (391131.031.000) 2024-01-19 14:22:52 Started transferring input files
	Transferring to host: <172.30.1.104:9618?addrs=172.30.1.104-9618&alias=n4&noUDP&sock=slot1_1_21200_1157_31949>
...
001 (391131.031.000) 2024-01-19 14:22:52 Job executing on host: <172.30.1.104:9618?addrs=172.30.1.104-9618&alias=n4&noUDP&sock=startd_21167_613f>
...
040 (391131.031.000) 2024-01-19 14:22:52 Finished transferring input files
...
006 (391131.031.000) 2024-01-19 14:23:01 Image size of job updated: 188940
	132  -  MemoryUsage of job (MB)
	134756  -  ResidentSetSize of job (KB)
...
006 (391131.031.000) 2024-01-19 14:28:01 Image size of job updated: 987972
	330  -  MemoryUsage of job (MB)
	337312  -  ResidentSetSize of job (KB)
...
006 (391131.031.000) 2024-01-19 14:28:10 Image size of job updated: 997944
	332  -  MemoryUsage of job (MB)
	339140  -  ResidentSetSize of job (KB)
...
004 (391131.031.000) 2024-01-19 14:28:10 Job was evicted.
	(0) CPU times
		Usr 0 00:04:49, Sys 0 00:00:19  -  Run Remote Usage
		Usr 0 00:00:00, Sys 0 00:00:00  -  Run Local Usage
	0  -  Run Bytes Sent By Job
	183798  -  Run Bytes Received By Job
	Partitionable Resources :    Usage  Request Allocated 
	   Cpus                 :     1.00        1         1 
	   Disk (KB)            :  1450         200     54661 
	   Memory (MB)          :   332        3900      3968 
...
009 (391131.031.000) 2024-01-19 14:28:10 Job was aborted.
	via condor_rm (by user shin)
...
000 (391132.031.000) 2024-01-19 14:30:22 Job submitted from host: <172.30.1.200:9618?addrs=172.30.1.200-9618&alias=tamsa2.snu.ac.kr&noUDP&sock=schedd_3625_06e6>
...
040 (391132.031.000) 2024-01-19 14:30:26 Started transferring input files
	Transferring to host: <172.30.1.201:9618?addrs=172.30.1.201-9618&alias=node1&noUDP&sock=slot1_48_12171_5208_13849>
...
040 (391132.031.000) 2024-01-19 14:30:26 Finished transferring input files
...
001 (391132.031.000) 2024-01-19 14:30:26 Job executing on host: <172.30.1.201:9618?addrs=172.30.1.201-9618&alias=node1&noUDP&sock=startd_12138_3ca4>
...
006 (391132.031.000) 2024-01-19 14:30:35 Image size of job updated: 185400
	182  -  MemoryUsage of job (MB)
	185400  -  ResidentSetSize of job (KB)
...
006 (391132.031.000) 2024-01-19 14:35:36 Image size of job updated: 873720
	203  -  MemoryUsage of job (MB)
	207072  -  ResidentSetSize of job (KB)
...
000 (391137.031.000) 2024-01-19 14:35:50 Job submitted from host: <172.30.1.200:9618?addrs=172.30.1.200-9618&alias=tamsa2.snu.ac.kr&noUDP&sock=schedd_3625_06e6>
...
040 (391137.031.000) 2024-01-19 14:35:55 Started transferring input files
	Transferring to host: <172.30.1.109:9618?addrs=172.30.1.109-9618&alias=n9&noUDP&sock=slot1_32_4134_86e1_92621>
...
040 (391137.031.000) 2024-01-19 14:35:55 Finished transferring input files
...
001 (391137.031.000) 2024-01-19 14:35:55 Job executing on host: <172.30.1.109:9618?addrs=172.30.1.109-9618&alias=n9&noUDP&sock=startd_4100_d663>
...
004 (391132.031.000) 2024-01-19 14:36:01 Job was evicted.
	(0) CPU times
		Usr 0 00:04:44, Sys 0 00:00:18  -  Run Remote Usage
		Usr 0 00:00:00, Sys 0 00:00:00  -  Run Local Usage
	0  -  Run Bytes Sent By Job
	183608  -  Run Bytes Received By Job
	Partitionable Resources :    Usage  Request Allocated 
	   Cpus                 :     0.99        1         1 
	   Disk (KB)            : 12024         200    128990 
	   Memory (MB)          :   203        3900      3968 
...
006 (391137.031.000) 2024-01-19 14:36:01 Image size of job updated: 230108
	0  -  MemoryUsage of job (MB)
	0  -  ResidentSetSize of job (KB)
...
009 (391132.031.000) 2024-01-19 14:36:01 Job was aborted.
	via condor_rm (by user shin)
...
004 (391137.031.000) 2024-01-19 14:36:01 Job was evicted.
	(0) CPU times
		Usr 0 00:00:00, Sys 0 00:00:00  -  Run Remote Usage
		Usr 0 00:00:00, Sys 0 00:00:00  -  Run Local Usage
	0  -  Run Bytes Sent By Job
	183614  -  Run Bytes Received By Job
	Partitionable Resources :    Usage  Request Allocated 
	   Cpus                 :     0.02        1         1 
	   Disk (KB)            :   235         200    127849 
	   Memory (MB)          :     0        3900      3968 
...
009 (391137.031.000) 2024-01-19 14:36:01 Job was aborted.
	via condor_rm (by user shin)
...
000 (391138.031.000) 2024-01-19 14:36:02 Job submitted from host: <172.30.1.200:9618?addrs=172.30.1.200-9618&alias=tamsa2.snu.ac.kr&noUDP&sock=schedd_3625_06e6>
...
040 (391138.031.000) 2024-01-19 14:36:15 Started transferring input files
	Transferring to host: <172.30.1.201:9618?addrs=172.30.1.201-9618&alias=node1&noUDP&sock=slot1_47_12171_5208_13854>
...
001 (391138.031.000) 2024-01-19 14:36:15 Job executing on host: <172.30.1.201:9618?addrs=172.30.1.201-9618&alias=node1&noUDP&sock=startd_12138_3ca4>
...
040 (391138.031.000) 2024-01-19 14:36:15 Finished transferring input files
...
006 (391138.031.000) 2024-01-19 14:36:23 Image size of job updated: 185388
	182  -  MemoryUsage of job (MB)
	185388  -  ResidentSetSize of job (KB)
...
006 (391138.031.000) 2024-01-19 14:41:23 Image size of job updated: 873508
	203  -  MemoryUsage of job (MB)
	207120  -  ResidentSetSize of job (KB)
...
006 (391138.031.000) 2024-01-19 14:43:46 Image size of job updated: 876112
	203  -  MemoryUsage of job (MB)
	207120  -  ResidentSetSize of job (KB)
...
040 (391138.031.000) 2024-01-19 14:43:46 Started transferring output files
...
040 (391138.031.000) 2024-01-19 14:43:46 Finished transferring output files
...
005 (391138.031.000) 2024-01-19 14:43:46 Job terminated.
	(1) Normal termination (return value 0)
		Usr 0 00:06:29, Sys 0 00:00:24  -  Run Remote Usage
		Usr 0 00:00:00, Sys 0 00:00:00  -  Run Local Usage
		Usr 0 00:06:29, Sys 0 00:00:24  -  Total Remote Usage
		Usr 0 00:00:00, Sys 0 00:00:00  -  Total Local Usage
	33232328  -  Run Bytes Sent By Job
	183614  -  Run Bytes Received By Job
	33232328  -  Total Bytes Sent By Job
	183614  -  Total Bytes Received By Job
	Partitionable Resources :    Usage  Request Allocated 
	   Cpus                 :     1.00        1         1 
	   Disk (KB)            : 32706         200    128990 
	   Memory (MB)          :   203        3900      3968 

	Job terminated of its own accord at 2024-01-19T05:43:46Z.
...
000 (391139.031.000) 2024-01-19 14:48:50 Job submitted from host: <172.30.1.200:9618?addrs=172.30.1.200-9618&alias=tamsa2.snu.ac.kr&noUDP&sock=schedd_3625_06e6>
...
040 (391139.031.000) 2024-01-19 14:48:53 Started transferring input files
	Transferring to host: <172.30.1.201:9618?addrs=172.30.1.201-9618&alias=node1&noUDP&sock=slot1_46_12171_5208_13860>
...
040 (391139.031.000) 2024-01-19 14:48:53 Finished transferring input files
...
001 (391139.031.000) 2024-01-19 14:48:53 Job executing on host: <172.30.1.201:9618?addrs=172.30.1.201-9618&alias=node1&noUDP&sock=startd_12138_3ca4>
...
006 (391139.031.000) 2024-01-19 14:49:02 Image size of job updated: 613220
	171  -  MemoryUsage of job (MB)
	174644  -  ResidentSetSize of job (KB)
...
006 (391139.031.000) 2024-01-19 14:52:18 Image size of job updated: 871312
	189  -  MemoryUsage of job (MB)
	193016  -  ResidentSetSize of job (KB)
...
004 (391139.031.000) 2024-01-19 14:52:18 Job was evicted.
	(0) CPU times
		Usr 0 00:02:48, Sys 0 00:00:10  -  Run Remote Usage
		Usr 0 00:00:00, Sys 0 00:00:00  -  Run Local Usage
	0  -  Run Bytes Sent By Job
	183618  -  Run Bytes Received By Job
	Partitionable Resources :    Usage  Request Allocated 
	   Cpus                 :     0.99        1         1 
	   Disk (KB)            :  7322         200    128990 
	   Memory (MB)          :   189        3900      3968 
...
009 (391139.031.000) 2024-01-19 14:52:18 Job was aborted.
	via condor_rm (by user shin)
...
000 (391140.031.000) 2024-01-19 14:52:19 Job submitted from host: <172.30.1.200:9618?addrs=172.30.1.200-9618&alias=tamsa2.snu.ac.kr&noUDP&sock=schedd_3625_06e6>
...
040 (391140.031.000) 2024-01-19 14:52:23 Started transferring input files
	Transferring to host: <172.30.1.201:9618?addrs=172.30.1.201-9618&alias=node1&noUDP&sock=slot1_46_12171_5208_13867>
...
001 (391140.031.000) 2024-01-19 14:52:23 Job executing on host: <172.30.1.201:9618?addrs=172.30.1.201-9618&alias=node1&noUDP&sock=startd_12138_3ca4>
...
040 (391140.031.000) 2024-01-19 14:52:23 Finished transferring input files
...
006 (391140.031.000) 2024-01-19 14:52:31 Image size of job updated: 185036
	181  -  MemoryUsage of job (MB)
	185036  -  ResidentSetSize of job (KB)
...
006 (391140.031.000) 2024-01-19 14:57:31 Image size of job updated: 873160
	203  -  MemoryUsage of job (MB)
	207128  -  ResidentSetSize of job (KB)
...
006 (391140.031.000) 2024-01-19 14:59:57 Image size of job updated: 876216
	203  -  MemoryUsage of job (MB)
	207128  -  ResidentSetSize of job (KB)
...
040 (391140.031.000) 2024-01-19 14:59:57 Started transferring output files
...
040 (391140.031.000) 2024-01-19 14:59:57 Finished transferring output files
...
005 (391140.031.000) 2024-01-19 14:59:58 Job terminated.
	(1) Normal termination (return value 0)
		Usr 0 00:06:28, Sys 0 00:00:24  -  Run Remote Usage
		Usr 0 00:00:00, Sys 0 00:00:00  -  Run Local Usage
		Usr 0 00:06:28, Sys 0 00:00:24  -  Total Remote Usage
		Usr 0 00:00:00, Sys 0 00:00:00  -  Total Local Usage
	33203574  -  Run Bytes Sent By Job
	183636  -  Run Bytes Received By Job
	33203574  -  Total Bytes Sent By Job
	183636  -  Total Bytes Received By Job
	Partitionable Resources :    Usage  Request Allocated 
	   Cpus                 :     0.71        1         1 
	   Disk (KB)            : 32678         200    128990 
	   Memory (MB)          :   203        3900      3968 

	Job terminated of its own accord at 2024-01-19T05:59:57Z.
...
000 (391145.031.000) 2024-01-19 15:59:26 Job submitted from host: <172.30.1.200:9618?addrs=172.30.1.200-9618&alias=tamsa2.snu.ac.kr&noUDP&sock=schedd_3625_06e6>
...
040 (391145.031.000) 2024-01-19 15:59:30 Started transferring input files
	Transferring to host: <172.30.1.201:9618?addrs=172.30.1.201-9618&alias=node1&noUDP&sock=slot1_23_12171_5208_13897>
...
001 (391145.031.000) 2024-01-19 15:59:30 Job executing on host: <172.30.1.201:9618?addrs=172.30.1.201-9618&alias=node1&noUDP&sock=startd_12138_3ca4>
...
040 (391145.031.000) 2024-01-19 15:59:30 Finished transferring input files
...
006 (391145.031.000) 2024-01-19 15:59:38 Image size of job updated: 201956
	171  -  MemoryUsage of job (MB)
	174664  -  ResidentSetSize of job (KB)
...
006 (391145.031.000) 2024-01-19 16:04:38 Image size of job updated: 872672
	171  -  MemoryUsage of job (MB)
	174664  -  ResidentSetSize of job (KB)
...
006 (391145.031.000) 2024-01-19 16:06:17 Image size of job updated: 872684
	171  -  MemoryUsage of job (MB)
	174664  -  ResidentSetSize of job (KB)
...
040 (391145.031.000) 2024-01-19 16:06:17 Started transferring output files
...
040 (391145.031.000) 2024-01-19 16:06:18 Finished transferring output files
...
005 (391145.031.000) 2024-01-19 16:06:18 Job terminated.
	(1) Normal termination (return value 0)
		Usr 0 00:05:59, Sys 0 00:00:18  -  Run Remote Usage
		Usr 0 00:00:00, Sys 0 00:00:00  -  Run Local Usage
		Usr 0 00:05:59, Sys 0 00:00:18  -  Total Remote Usage
		Usr 0 00:00:00, Sys 0 00:00:00  -  Total Local Usage
	32155204  -  Run Bytes Sent By Job
	184262  -  Run Bytes Received By Job
	32155204  -  Total Bytes Sent By Job
	184262  -  Total Bytes Received By Job
	Partitionable Resources :    Usage  Request Allocated 
	   Cpus                 :     1.00        1         1 
	   Disk (KB)            : 31655         200    128990 
	   Memory (MB)          :   171        3900      3968 

	Job terminated of its own accord at 2024-01-19T07:06:17Z.
...
000 (391151.031.000) 2024-01-19 16:45:38 Job submitted from host: <172.30.1.200:9618?addrs=172.30.1.200-9618&alias=tamsa2.snu.ac.kr&noUDP&sock=schedd_3625_06e6>
...
040 (391151.031.000) 2024-01-19 16:45:46 Started transferring input files
	Transferring to host: <172.30.1.201:9618?addrs=172.30.1.201-9618&alias=node1&noUDP&sock=slot1_39_12171_5208_13928>
...
001 (391151.031.000) 2024-01-19 16:45:46 Job executing on host: <172.30.1.201:9618?addrs=172.30.1.201-9618&alias=node1&noUDP&sock=startd_12138_3ca4>
...
040 (391151.031.000) 2024-01-19 16:45:46 Finished transferring input files
...
006 (391151.031.000) 2024-01-19 16:45:55 Image size of job updated: 230128
	171  -  MemoryUsage of job (MB)
	174656  -  ResidentSetSize of job (KB)
...
000 (391152.031.000) 2024-01-19 16:46:33 Job submitted from host: <172.30.1.200:9618?addrs=172.30.1.200-9618&alias=tamsa2.snu.ac.kr&noUDP&sock=schedd_3625_06e6>
...
040 (391152.031.000) 2024-01-19 16:46:37 Started transferring input files
	Transferring to host: <172.30.1.106:9618?addrs=172.30.1.106-9618&alias=n6&noUDP&sock=slot1_4_3378_db42_31764>
...
001 (391152.031.000) 2024-01-19 16:46:37 Job executing on host: <172.30.1.106:9618?addrs=172.30.1.106-9618&alias=n6&noUDP&sock=startd_3343_9931>
...
040 (391152.031.000) 2024-01-19 16:46:37 Finished transferring input files
...
006 (391152.031.000) 2024-01-19 16:46:46 Image size of job updated: 50132
	0  -  MemoryUsage of job (MB)
	0  -  ResidentSetSize of job (KB)
...
004 (391152.031.000) 2024-01-19 16:46:46 Job was evicted.
	(0) CPU times
		Usr 0 00:00:00, Sys 0 00:00:00  -  Run Remote Usage
		Usr 0 00:00:00, Sys 0 00:00:00  -  Run Local Usage
	0  -  Run Bytes Sent By Job
	184253  -  Run Bytes Received By Job
	Partitionable Resources :    Usage  Request Allocated 
	   Cpus                 :     0.05        1         1 
	   Disk (KB)            :   236         200     61880 
	   Memory (MB)          :     0        3900      3968 
...
009 (391152.031.000) 2024-01-19 16:46:46 Job was aborted.
	via condor_rm (by user shin)
...
006 (391151.031.000) 2024-01-19 16:47:35 Image size of job updated: 835860
	171  -  MemoryUsage of job (MB)
	174656  -  ResidentSetSize of job (KB)
...
004 (391151.031.000) 2024-01-19 16:47:35 Job was evicted.
	(0) CPU times
		Usr 0 00:01:05, Sys 0 00:00:06  -  Run Remote Usage
		Usr 0 00:00:00, Sys 0 00:00:00  -  Run Local Usage
	0  -  Run Bytes Sent By Job
	184253  -  Run Bytes Received By Job
	Partitionable Resources :    Usage  Request Allocated 
	   Cpus                 :     0.82        1         1 
	   Disk (KB)            :  3362         200    128990 
	   Memory (MB)          :   171        3900      3968 
...
009 (391151.031.000) 2024-01-19 16:47:36 Job was aborted.
	via condor_rm (by user shin)
...
000 (391153.031.000) 2024-01-19 16:47:37 Job submitted from host: <172.30.1.200:9618?addrs=172.30.1.200-9618&alias=tamsa2.snu.ac.kr&noUDP&sock=schedd_3625_06e6>
...
040 (391153.031.000) 2024-01-19 16:47:59 Started transferring input files
	Transferring to host: <172.30.1.203:9618?addrs=172.30.1.203-9618&alias=node3&noUDP&sock=slot1_45_24221_a2b2_52053>
...
001 (391153.031.000) 2024-01-19 16:47:59 Job executing on host: <172.30.1.203:9618?addrs=172.30.1.203-9618&alias=node3&noUDP&sock=startd_24188_88db>
...
040 (391153.031.000) 2024-01-19 16:47:59 Finished transferring input files
...
006 (391153.031.000) 2024-01-19 16:48:08 Image size of job updated: 833428
	182  -  MemoryUsage of job (MB)
	185688  -  ResidentSetSize of job (KB)
...
006 (391153.031.000) 2024-01-19 16:50:05 Image size of job updated: 846500
	182  -  MemoryUsage of job (MB)
	185688  -  ResidentSetSize of job (KB)
...
040 (391153.031.000) 2024-01-19 16:50:05 Started transferring output files
...
040 (391153.031.000) 2024-01-19 16:50:05 Finished transferring output files
...
005 (391153.031.000) 2024-01-19 16:50:05 Job terminated.
	(1) Normal termination (return value 0)
		Usr 0 00:01:17, Sys 0 00:00:07  -  Run Remote Usage
		Usr 0 00:00:00, Sys 0 00:00:00  -  Run Local Usage
		Usr 0 00:01:17, Sys 0 00:00:07  -  Total Remote Usage
		Usr 0 00:00:00, Sys 0 00:00:00  -  Total Local Usage
	7470439  -  Run Bytes Sent By Job
	184257  -  Run Bytes Received By Job
	7470439  -  Total Bytes Sent By Job
	184257  -  Total Bytes Received By Job
	Partitionable Resources :    Usage  Request Allocated 
	   Cpus                 :     0.62        1         1 
	   Disk (KB)            :  7548         200    128924 
	   Memory (MB)          :   182        3900      3968 

	Job terminated of its own accord at 2024-01-19T07:50:05Z.
...
000 (391154.031.000) 2024-01-19 16:50:49 Job submitted from host: <172.30.1.200:9618?addrs=172.30.1.200-9618&alias=tamsa2.snu.ac.kr&noUDP&sock=schedd_3625_06e6>
...
040 (391154.031.000) 2024-01-19 16:50:52 Started transferring input files
	Transferring to host: <172.30.1.203:9618?addrs=172.30.1.203-9618&alias=node3&noUDP&sock=slot1_43_24221_a2b2_52060>
...
001 (391154.031.000) 2024-01-19 16:50:52 Job executing on host: <172.30.1.203:9618?addrs=172.30.1.203-9618&alias=node3&noUDP&sock=startd_24188_88db>
...
040 (391154.031.000) 2024-01-19 16:50:52 Finished transferring input files
...
006 (391154.031.000) 2024-01-19 16:51:01 Image size of job updated: 567988
	183  -  MemoryUsage of job (MB)
	186736  -  ResidentSetSize of job (KB)
...
006 (391154.031.000) 2024-01-19 16:56:02 Image size of job updated: 869316
	215  -  MemoryUsage of job (MB)
	219348  -  ResidentSetSize of job (KB)
...
006 (391154.031.000) 2024-01-19 16:57:42 Image size of job updated: 873696
	215  -  MemoryUsage of job (MB)
	219348  -  ResidentSetSize of job (KB)
...
040 (391154.031.000) 2024-01-19 16:57:42 Started transferring output files
...
040 (391154.031.000) 2024-01-19 16:57:43 Finished transferring output files
...
005 (391154.031.000) 2024-01-19 16:57:43 Job terminated.
	(1) Normal termination (return value 0)
		Usr 0 00:05:57, Sys 0 00:00:18  -  Run Remote Usage
		Usr 0 00:00:00, Sys 0 00:00:00  -  Run Local Usage
		Usr 0 00:05:57, Sys 0 00:00:18  -  Total Remote Usage
		Usr 0 00:00:00, Sys 0 00:00:00  -  Total Local Usage
	32642340  -  Run Bytes Sent By Job
	184256  -  Run Bytes Received By Job
	32642340  -  Total Bytes Sent By Job
	184256  -  Total Bytes Received By Job
	Partitionable Resources :    Usage  Request Allocated 
	   Cpus                 :     0.97        1         1 
	   Disk (KB)            : 32130         200    128924 
	   Memory (MB)          :   215        3900      3968 

	Job terminated of its own accord at 2024-01-19T07:57:42Z.
...
000 (391155.031.000) 2024-01-19 17:22:15 Job submitted from host: <172.30.1.200:9618?addrs=172.30.1.200-9618&alias=tamsa2.snu.ac.kr&noUDP&sock=schedd_3625_06e6>
...
040 (391155.031.000) 2024-01-19 17:22:19 Started transferring input files
	Transferring to host: <172.30.1.209:9618?addrs=172.30.1.209-9618&alias=node9&noUDP&sock=slot1_48_3782_82d3_179455>
...
001 (391155.031.000) 2024-01-19 17:22:19 Job executing on host: <172.30.1.209:9618?addrs=172.30.1.209-9618&alias=node9&noUDP&sock=startd_3748_650d>
...
040 (391155.031.000) 2024-01-19 17:22:19 Finished transferring input files
...
006 (391155.031.000) 2024-01-19 17:22:28 Image size of job updated: 835140
	183  -  MemoryUsage of job (MB)
	186756  -  ResidentSetSize of job (KB)
...
006 (391155.031.000) 2024-01-19 17:24:16 Image size of job updated: 846240
	183  -  MemoryUsage of job (MB)
	186756  -  ResidentSetSize of job (KB)
...
040 (391155.031.000) 2024-01-19 17:24:16 Started transferring output files
...
040 (391155.031.000) 2024-01-19 17:24:16 Finished transferring output files
...
005 (391155.031.000) 2024-01-19 17:24:16 Job terminated.
	(1) Normal termination (return value 0)
		Usr 0 00:01:11, Sys 0 00:00:07  -  Run Remote Usage
		Usr 0 00:00:00, Sys 0 00:00:00  -  Run Local Usage
		Usr 0 00:01:11, Sys 0 00:00:07  -  Total Remote Usage
		Usr 0 00:00:00, Sys 0 00:00:00  -  Total Local Usage
	7465407  -  Run Bytes Sent By Job
	186554  -  Run Bytes Received By Job
	7465407  -  Total Bytes Sent By Job
	186554  -  Total Bytes Received By Job
	Partitionable Resources :    Usage  Request Allocated 
	   Cpus                 :                 1         1 
	   Disk (KB)            :     7540      200    128928 
	   Memory (MB)          :      183     3900      3968 

	Job terminated of its own accord at 2024-01-19T08:24:16Z.
...
000 (391156.031.000) 2024-01-19 17:29:00 Job submitted from host: <172.30.1.200:9618?addrs=172.30.1.200-9618&alias=tamsa2.snu.ac.kr&noUDP&sock=schedd_3625_06e6>
...
040 (391156.031.000) 2024-01-19 17:29:04 Started transferring input files
	Transferring to host: <172.30.1.209:9618?addrs=172.30.1.209-9618&alias=node9&noUDP&sock=slot1_47_3782_82d3_179464>
...
040 (391156.031.000) 2024-01-19 17:29:04 Finished transferring input files
...
001 (391156.031.000) 2024-01-19 17:29:04 Job executing on host: <172.30.1.209:9618?addrs=172.30.1.209-9618&alias=node9&noUDP&sock=startd_3748_650d>
...
006 (391156.031.000) 2024-01-19 17:29:13 Image size of job updated: 186728
	183  -  MemoryUsage of job (MB)
	186728  -  ResidentSetSize of job (KB)
...
006 (391156.031.000) 2024-01-19 17:31:00 Image size of job updated: 836160
	183  -  MemoryUsage of job (MB)
	186728  -  ResidentSetSize of job (KB)
...
040 (391156.031.000) 2024-01-19 17:31:00 Started transferring output files
...
040 (391156.031.000) 2024-01-19 17:31:02 Finished transferring output files
...
005 (391156.031.000) 2024-01-19 17:31:02 Job terminated.
	(1) Normal termination (return value 0)
		Usr 0 00:01:11, Sys 0 00:00:07  -  Run Remote Usage
		Usr 0 00:00:00, Sys 0 00:00:00  -  Run Local Usage
		Usr 0 00:01:11, Sys 0 00:00:07  -  Total Remote Usage
		Usr 0 00:00:00, Sys 0 00:00:00  -  Total Local Usage
	7465407  -  Run Bytes Sent By Job
	186554  -  Run Bytes Received By Job
	7465407  -  Total Bytes Sent By Job
	186554  -  Total Bytes Received By Job
	Partitionable Resources :    Usage  Request Allocated 
	   Cpus                 :     0.50        1         1 
	   Disk (KB)            :  7546         200    128928 
	   Memory (MB)          :   183        3900      3968 

	Job terminated of its own accord at 2024-01-19T08:31:00Z.
...
000 (391161.031.000) 2024-01-19 17:33:03 Job submitted from host: <172.30.1.200:9618?addrs=172.30.1.200-9618&alias=tamsa2.snu.ac.kr&noUDP&sock=schedd_3625_06e6>
...
040 (391161.031.000) 2024-01-19 17:33:07 Started transferring input files
	Transferring to host: <172.30.1.209:9618?addrs=172.30.1.209-9618&alias=node9&noUDP&sock=slot1_47_3782_82d3_179475>
...
040 (391161.031.000) 2024-01-19 17:33:07 Finished transferring input files
...
001 (391161.031.000) 2024-01-19 17:33:07 Job executing on host: <172.30.1.209:9618?addrs=172.30.1.209-9618&alias=node9&noUDP&sock=startd_3748_650d>
...
006 (391161.031.000) 2024-01-19 17:33:16 Image size of job updated: 186728
	183  -  MemoryUsage of job (MB)
	186728  -  ResidentSetSize of job (KB)
...
006 (391161.031.000) 2024-01-19 17:34:57 Image size of job updated: 844092
	183  -  MemoryUsage of job (MB)
	186728  -  ResidentSetSize of job (KB)
...
040 (391161.031.000) 2024-01-19 17:34:57 Started transferring output files
...
040 (391161.031.000) 2024-01-19 17:34:58 Finished transferring output files
...
005 (391161.031.000) 2024-01-19 17:34:58 Job terminated.
	(1) Normal termination (return value 0)
		Usr 0 00:01:10, Sys 0 00:00:07  -  Run Remote Usage
		Usr 0 00:00:00, Sys 0 00:00:00  -  Run Local Usage
		Usr 0 00:01:10, Sys 0 00:00:07  -  Total Remote Usage
		Usr 0 00:00:00, Sys 0 00:00:00  -  Total Local Usage
	7469647  -  Run Bytes Sent By Job
	186686  -  Run Bytes Received By Job
	7469647  -  Total Bytes Sent By Job
	186686  -  Total Bytes Received By Job
	Partitionable Resources :    Usage  Request Allocated 
	   Cpus                 :                 1         1 
	   Disk (KB)            :     7545      200    128928 
	   Memory (MB)          :      183     3900      3968 

	Job terminated of its own accord at 2024-01-19T08:34:57Z.
...
000 (391162.031.000) 2024-01-19 17:42:17 Job submitted from host: <172.30.1.200:9618?addrs=172.30.1.200-9618&alias=tamsa2.snu.ac.kr&noUDP&sock=schedd_3625_06e6>
...
040 (391162.031.000) 2024-01-19 17:42:29 Started transferring input files
	Transferring to host: <172.30.1.209:9618?addrs=172.30.1.209-9618&alias=node9&noUDP&sock=slot1_46_3782_82d3_179494>
...
040 (391162.031.000) 2024-01-19 17:42:29 Finished transferring input files
...
001 (391162.031.000) 2024-01-19 17:42:29 Job executing on host: <172.30.1.209:9618?addrs=172.30.1.209-9618&alias=node9&noUDP&sock=startd_3748_650d>
...
006 (391162.031.000) 2024-01-19 17:42:38 Image size of job updated: 186736
	183  -  MemoryUsage of job (MB)
	186736  -  ResidentSetSize of job (KB)
...
006 (391162.031.000) 2024-01-19 17:44:19 Image size of job updated: 846152
	183  -  MemoryUsage of job (MB)
	186736  -  ResidentSetSize of job (KB)
...
040 (391162.031.000) 2024-01-19 17:44:19 Started transferring output files
...
040 (391162.031.000) 2024-01-19 17:44:19 Finished transferring output files
...
005 (391162.031.000) 2024-01-19 17:44:19 Job terminated.
	(1) Normal termination (return value 0)
		Usr 0 00:01:09, Sys 0 00:00:07  -  Run Remote Usage
		Usr 0 00:00:00, Sys 0 00:00:00  -  Run Local Usage
		Usr 0 00:01:09, Sys 0 00:00:07  -  Total Remote Usage
		Usr 0 00:00:00, Sys 0 00:00:00  -  Total Local Usage
	7465015  -  Run Bytes Sent By Job
	187104  -  Run Bytes Received By Job
	7465015  -  Total Bytes Sent By Job
	187104  -  Total Bytes Received By Job
	Partitionable Resources :    Usage  Request Allocated 
	   Cpus                 :                 1         1 
	   Disk (KB)            :     7540      200    128928 
	   Memory (MB)          :      183     3900      3968 

	Job terminated of its own accord at 2024-01-19T08:44:19Z.
...
000 (391163.031.000) 2024-01-19 17:55:44 Job submitted from host: <172.30.1.200:9618?addrs=172.30.1.200-9618&alias=tamsa2.snu.ac.kr&noUDP&sock=schedd_3625_06e6>
...
040 (391163.031.000) 2024-01-19 17:55:58 Started transferring input files
	Transferring to host: <172.30.1.101:9618?addrs=172.30.1.101-9618&alias=n1&noUDP&sock=slot1_52_3437_6d65_45382>
...
040 (391163.031.000) 2024-01-19 17:55:58 Finished transferring input files
...
001 (391163.031.000) 2024-01-19 17:55:58 Job executing on host: <172.30.1.101:9618?addrs=172.30.1.101-9618&alias=n1&noUDP&sock=startd_3403_c0e0>
...
006 (391163.031.000) 2024-01-19 17:56:07 Image size of job updated: 63188
	60  -  MemoryUsage of job (MB)
	61428  -  ResidentSetSize of job (KB)
...
006 (391163.031.000) 2024-01-19 18:01:08 Image size of job updated: 869092
	86  -  MemoryUsage of job (MB)
	87692  -  ResidentSetSize of job (KB)
...
006 (391163.031.000) 2024-01-19 18:03:19 Image size of job updated: 875380
	86  -  MemoryUsage of job (MB)
	87700  -  ResidentSetSize of job (KB)
...
004 (391163.031.000) 2024-01-19 18:03:19 Job was evicted.
	(0) CPU times
		Usr 0 00:06:23, Sys 0 00:00:26  -  Run Remote Usage
		Usr 0 00:00:00, Sys 0 00:00:00  -  Run Local Usage
	0  -  Run Bytes Sent By Job
	186100  -  Run Bytes Received By Job
	Partitionable Resources :    Usage  Request Allocated 
	   Cpus                 :     0.97        1         1 
	   Disk (KB)            : 14934         200    127948 
	   Memory (MB)          :    86        3900      3968 
...
009 (391163.031.000) 2024-01-19 18:03:19 Job was aborted.
	via condor_rm (by user shin)
...
000 (391164.031.000) 2024-01-19 18:03:23 Job submitted from host: <172.30.1.200:9618?addrs=172.30.1.200-9618&alias=tamsa2.snu.ac.kr&noUDP&sock=schedd_3625_06e6>
...
040 (391164.031.000) 2024-01-19 18:03:39 Started transferring input files
	Transferring to host: <172.30.1.101:9618?addrs=172.30.1.101-9618&alias=n1&noUDP&sock=slot1_50_3437_6d65_45394>
...
040 (391164.031.000) 2024-01-19 18:03:39 Finished transferring input files
...
001 (391164.031.000) 2024-01-19 18:03:39 Job executing on host: <172.30.1.101:9618?addrs=172.30.1.101-9618&alias=n1&noUDP&sock=startd_3403_c0e0>
...
006 (391164.031.000) 2024-01-19 18:03:48 Image size of job updated: 137756
	102  -  MemoryUsage of job (MB)
	103948  -  ResidentSetSize of job (KB)
...
006 (391164.031.000) 2024-01-19 18:08:49 Image size of job updated: 871000
	181  -  MemoryUsage of job (MB)
	185100  -  ResidentSetSize of job (KB)
...
006 (391164.031.000) 2024-01-19 18:13:37 Image size of job updated: 875040
	181  -  MemoryUsage of job (MB)
	185100  -  ResidentSetSize of job (KB)
...
040 (391164.031.000) 2024-01-19 18:13:37 Started transferring output files
...
040 (391164.031.000) 2024-01-19 18:13:39 Finished transferring output files
...
005 (391164.031.000) 2024-01-19 18:13:39 Job terminated.
	(1) Normal termination (return value 0)
		Usr 0 00:08:55, Sys 0 00:00:36  -  Run Remote Usage
		Usr 0 00:00:00, Sys 0 00:00:00  -  Run Local Usage
		Usr 0 00:08:55, Sys 0 00:00:36  -  Total Remote Usage
		Usr 0 00:00:00, Sys 0 00:00:00  -  Total Local Usage
	60955492  -  Run Bytes Sent By Job
	186386  -  Run Bytes Received By Job
	60955492  -  Total Bytes Sent By Job
	186386  -  Total Bytes Received By Job
	Partitionable Resources :    Usage  Request Allocated 
	   Cpus                 :     0.83        1         1 
	   Disk (KB)            : 59782         200    127948 
	   Memory (MB)          :   181        3900      3968 

	Job terminated of its own accord at 2024-01-19T09:13:37Z.
...
000 (391165.031.000) 2024-01-19 22:41:31 Job submitted from host: <172.30.1.200:9618?addrs=172.30.1.200-9618&alias=tamsa2.snu.ac.kr&noUDP&sock=schedd_3625_06e6>
...
040 (391165.031.000) 2024-01-19 22:41:35 Started transferring input files
	Transferring to host: <172.30.1.204:9618?addrs=172.30.1.204-9618&alias=node4&noUDP&sock=slot1_40_3725_5971_203511>
...
040 (391165.031.000) 2024-01-19 22:41:35 Finished transferring input files
...
001 (391165.031.000) 2024-01-19 22:41:35 Job executing on host: <172.30.1.204:9618?addrs=172.30.1.204-9618&alias=node4&noUDP&sock=startd_3691_4c27>
...
006 (391165.031.000) 2024-01-19 22:41:44 Image size of job updated: 72204
	68  -  MemoryUsage of job (MB)
	69436  -  ResidentSetSize of job (KB)
...
006 (391165.031.000) 2024-01-19 22:43:34 Image size of job updated: 846596
	68  -  MemoryUsage of job (MB)
	69436  -  ResidentSetSize of job (KB)
...
040 (391165.031.000) 2024-01-19 22:43:34 Started transferring output files
...
040 (391165.031.000) 2024-01-19 22:43:35 Finished transferring output files
...
005 (391165.031.000) 2024-01-19 22:43:35 Job terminated.
	(1) Normal termination (return value 0)
		Usr 0 00:01:09, Sys 0 00:00:07  -  Run Remote Usage
		Usr 0 00:00:00, Sys 0 00:00:00  -  Run Local Usage
		Usr 0 00:01:09, Sys 0 00:00:07  -  Total Remote Usage
		Usr 0 00:00:00, Sys 0 00:00:00  -  Total Local Usage
	7473695  -  Run Bytes Sent By Job
	185908  -  Run Bytes Received By Job
	7473695  -  Total Bytes Sent By Job
	185908  -  Total Bytes Received By Job
	Partitionable Resources :    Usage  Request Allocated 
	   Cpus                 :        0        1         1 
	   Disk (KB)            :     7554      200    128928 
	   Memory (MB)          :       68     3900      3968 

	Job terminated of its own accord at 2024-01-19T13:43:34Z.
...
000 (391166.031.000) 2024-01-19 22:44:51 Job submitted from host: <172.30.1.200:9618?addrs=172.30.1.200-9618&alias=tamsa2.snu.ac.kr&noUDP&sock=schedd_3625_06e6>
...
040 (391166.031.000) 2024-01-19 22:45:01 Started transferring input files
	Transferring to host: <172.30.1.204:9618?addrs=172.30.1.204-9618&alias=node4&noUDP&sock=slot1_40_3725_5971_203537>
...
040 (391166.031.000) 2024-01-19 22:45:01 Finished transferring input files
...
001 (391166.031.000) 2024-01-19 22:45:01 Job executing on host: <172.30.1.204:9618?addrs=172.30.1.204-9618&alias=node4&noUDP&sock=startd_3691_4c27>
...
006 (391166.031.000) 2024-01-19 22:45:10 Image size of job updated: 580556
	173  -  MemoryUsage of job (MB)
	176664  -  ResidentSetSize of job (KB)
...
006 (391166.031.000) 2024-01-19 22:50:11 Image size of job updated: 867696
	211  -  MemoryUsage of job (MB)
	215784  -  ResidentSetSize of job (KB)
...
006 (391166.031.000) 2024-01-19 22:50:57 Image size of job updated: 875344
	211  -  MemoryUsage of job (MB)
	215784  -  ResidentSetSize of job (KB)
...
040 (391166.031.000) 2024-01-19 22:50:57 Started transferring output files
...
040 (391166.031.000) 2024-01-19 22:50:58 Finished transferring output files
...
005 (391166.031.000) 2024-01-19 22:50:58 Job terminated.
	(1) Normal termination (return value 0)
		Usr 0 00:05:28, Sys 0 00:00:15  -  Run Remote Usage
		Usr 0 00:00:00, Sys 0 00:00:00  -  Run Local Usage
		Usr 0 00:05:28, Sys 0 00:00:15  -  Total Remote Usage
		Usr 0 00:00:00, Sys 0 00:00:00  -  Total Local Usage
	32622280  -  Run Bytes Sent By Job
	185911  -  Run Bytes Received By Job
	32622280  -  Total Bytes Sent By Job
	185911  -  Total Bytes Received By Job
	Partitionable Resources :    Usage  Request Allocated 
	   Cpus                 :     0.69        1         1 
	   Disk (KB)            : 32113         200    128928 
	   Memory (MB)          :   211        3900      3968 

	Job terminated of its own accord at 2024-01-19T13:50:57Z.
...
000 (391167.031.000) 2024-01-19 22:57:44 Job submitted from host: <172.30.1.200:9618?addrs=172.30.1.200-9618&alias=tamsa2.snu.ac.kr&noUDP&sock=schedd_3625_06e6>
...
040 (391167.031.000) 2024-01-19 22:57:46 Started transferring input files
	Transferring to host: <172.30.1.208:9618?addrs=172.30.1.208-9618&alias=node8&noUDP&sock=slot1_2_3811_f1b4_191475>
...
001 (391167.031.000) 2024-01-19 22:57:46 Job executing on host: <172.30.1.208:9618?addrs=172.30.1.208-9618&alias=node8&noUDP&sock=startd_3777_494c>
...
040 (391167.031.000) 2024-01-19 22:57:46 Finished transferring input files
...
006 (391167.031.000) 2024-01-19 22:57:55 Image size of job updated: 832936
	183  -  MemoryUsage of job (MB)
	186764  -  ResidentSetSize of job (KB)
...
006 (391167.031.000) 2024-01-19 23:01:44 Image size of job updated: 872708
	183  -  MemoryUsage of job (MB)
	186764  -  ResidentSetSize of job (KB)
...
040 (391167.031.000) 2024-01-19 23:01:44 Started transferring output files
...
040 (391167.031.000) 2024-01-19 23:01:46 Finished transferring output files
...
005 (391167.031.000) 2024-01-19 23:01:46 Job terminated.
	(1) Normal termination (return value 0)
		Usr 0 00:03:36, Sys 0 00:00:11  -  Run Remote Usage
		Usr 0 00:00:00, Sys 0 00:00:00  -  Run Local Usage
		Usr 0 00:03:36, Sys 0 00:00:11  -  Total Remote Usage
		Usr 0 00:00:00, Sys 0 00:00:00  -  Total Local Usage
	32602604  -  Run Bytes Sent By Job
	185911  -  Run Bytes Received By Job
	32602604  -  Total Bytes Sent By Job
	185911  -  Total Bytes Received By Job
	Partitionable Resources :    Usage  Request Allocated 
	   Cpus                 :     1.00        1         1 
	   Disk (KB)            : 32093         200    128928 
	   Memory (MB)          :   183        3900      3968 

	Job terminated of its own accord at 2024-01-19T14:01:44Z.
...
000 (391343.031.000) 2024-01-22 10:59:17 Job submitted from host: <172.30.1.200:9618?addrs=172.30.1.200-9618&alias=tamsa2.snu.ac.kr&noUDP&sock=schedd_3625_06e6>
...
040 (391343.031.000) 2024-01-22 10:59:24 Started transferring input files
	Transferring to host: <172.30.1.216:9618?addrs=172.30.1.216-9618&alias=node16&noUDP&sock=slot1_32_4290_7168_332801>
...
040 (391343.031.000) 2024-01-22 10:59:24 Finished transferring input files
...
001 (391343.031.000) 2024-01-22 10:59:24 Job executing on host: <172.30.1.216:9618?addrs=172.30.1.216-9618&alias=node16&noUDP&sock=startd_4255_2791>
...
006 (391343.031.000) 2024-01-22 10:59:33 Image size of job updated: 1288
	1  -  MemoryUsage of job (MB)
	88  -  ResidentSetSize of job (KB)
...
006 (391343.031.000) 2024-01-22 11:04:34 Image size of job updated: 966116
	246  -  MemoryUsage of job (MB)
	251256  -  ResidentSetSize of job (KB)
...
006 (391343.031.000) 2024-01-22 11:14:34 Image size of job updated: 966116
	295  -  MemoryUsage of job (MB)
	301984  -  ResidentSetSize of job (KB)
...
006 (391343.031.000) 2024-01-22 11:22:45 Image size of job updated: 970412
	295  -  MemoryUsage of job (MB)
	301984  -  ResidentSetSize of job (KB)
...
040 (391343.031.000) 2024-01-22 11:22:45 Started transferring output files
...
040 (391343.031.000) 2024-01-22 11:22:47 Finished transferring output files
...
005 (391343.031.000) 2024-01-22 11:22:47 Job terminated.
	(1) Normal termination (return value 0)
		Usr 0 00:21:30, Sys 0 00:00:54  -  Run Remote Usage
		Usr 0 00:00:00, Sys 0 00:00:00  -  Run Local Usage
		Usr 0 00:21:30, Sys 0 00:00:54  -  Total Remote Usage
		Usr 0 00:00:00, Sys 0 00:00:00  -  Total Local Usage
	31095372  -  Run Bytes Sent By Job
	185924  -  Run Bytes Received By Job
	31095372  -  Total Bytes Sent By Job
	185924  -  Total Bytes Received By Job
	Partitionable Resources :    Usage  Request Allocated 
	   Cpus                 :     1.00        1         1 
	   Disk (KB)            : 30621         200    261111 
	   Memory (MB)          :   295        3900      3968 

	Job terminated of its own accord at 2024-01-22T02:22:45Z.
...
000 (391348.031.000) 2024-01-22 12:29:14 Job submitted from host: <172.30.1.200:9618?addrs=172.30.1.200-9618&alias=tamsa2.snu.ac.kr&noUDP&sock=schedd_3625_06e6>
...
040 (391348.031.000) 2024-01-22 12:29:19 Started transferring input files
	Transferring to host: <172.30.1.216:9618?addrs=172.30.1.216-9618&alias=node16&noUDP&sock=slot1_24_4290_7168_332837>
...
040 (391348.031.000) 2024-01-22 12:29:19 Finished transferring input files
...
001 (391348.031.000) 2024-01-22 12:29:19 Job executing on host: <172.30.1.216:9618?addrs=172.30.1.216-9618&alias=node16&noUDP&sock=startd_4255_2791>
...
006 (391348.031.000) 2024-01-22 12:29:28 Image size of job updated: 139380
	5  -  MemoryUsage of job (MB)
	4956  -  ResidentSetSize of job (KB)
...
006 (391348.031.000) 2024-01-22 12:34:29 Image size of job updated: 970024
	276  -  MemoryUsage of job (MB)
	281928  -  ResidentSetSize of job (KB)
...
006 (391348.031.000) 2024-01-22 12:44:29 Image size of job updated: 970452
	276  -  MemoryUsage of job (MB)
	281928  -  ResidentSetSize of job (KB)
...
006 (391348.031.000) 2024-01-22 12:49:30 Image size of job updated: 970492
	276  -  MemoryUsage of job (MB)
	281928  -  ResidentSetSize of job (KB)
...
040 (391348.031.000) 2024-01-22 12:52:10 Started transferring output files
...
040 (391348.031.000) 2024-01-22 12:52:11 Finished transferring output files
...
005 (391348.031.000) 2024-01-22 12:52:11 Job terminated.
	(1) Normal termination (return value 0)
		Usr 0 00:21:23, Sys 0 00:00:54  -  Run Remote Usage
		Usr 0 00:00:00, Sys 0 00:00:00  -  Run Local Usage
		Usr 0 00:21:23, Sys 0 00:00:54  -  Total Remote Usage
		Usr 0 00:00:00, Sys 0 00:00:00  -  Total Local Usage
	31092820  -  Run Bytes Sent By Job
	186484  -  Run Bytes Received By Job
	31092820  -  Total Bytes Sent By Job
	186484  -  Total Bytes Received By Job
	Partitionable Resources :    Usage  Request Allocated 
	   Cpus                 :     1.01        1         1 
	   Disk (KB)            : 30620         200    261111 
	   Memory (MB)          :   276        3900      3968 

	Job terminated of its own accord at 2024-01-22T03:52:10Z.
...
000 (391350.031.000) 2024-01-22 13:01:44 Job submitted from host: <172.30.1.200:9618?addrs=172.30.1.200-9618&alias=tamsa2.snu.ac.kr&noUDP&sock=schedd_3625_06e6>
...
040 (391350.031.000) 2024-01-22 13:02:02 Started transferring input files
	Transferring to host: <172.30.1.216:9618?addrs=172.30.1.216-9618&alias=node16&noUDP&sock=slot1_23_4290_7168_332876>
...
040 (391350.031.000) 2024-01-22 13:02:02 Finished transferring input files
...
001 (391350.031.000) 2024-01-22 13:02:02 Job executing on host: <172.30.1.216:9618?addrs=172.30.1.216-9618&alias=node16&noUDP&sock=startd_4255_2791>
...
006 (391350.031.000) 2024-01-22 13:02:10 Image size of job updated: 139088
	5  -  MemoryUsage of job (MB)
	4952  -  ResidentSetSize of job (KB)
...
006 (391350.031.000) 2024-01-22 13:07:10 Image size of job updated: 953308
	265  -  MemoryUsage of job (MB)
	270356  -  ResidentSetSize of job (KB)
...
006 (391350.031.000) 2024-01-22 13:12:11 Image size of job updated: 969216
	265  -  MemoryUsage of job (MB)
	270356  -  ResidentSetSize of job (KB)
...
006 (391350.031.000) 2024-01-22 13:22:12 Image size of job updated: 969216
	275  -  MemoryUsage of job (MB)
	281256  -  ResidentSetSize of job (KB)
...
006 (391350.031.000) 2024-01-22 13:25:29 Image size of job updated: 969248
	275  -  MemoryUsage of job (MB)
	281256  -  ResidentSetSize of job (KB)
...
040 (391350.031.000) 2024-01-22 13:25:29 Started transferring output files
...
040 (391350.031.000) 2024-01-22 13:25:31 Finished transferring output files
...
005 (391350.031.000) 2024-01-22 13:25:31 Job terminated.
	(1) Normal termination (return value 0)
		Usr 0 00:22:01, Sys 0 00:00:53  -  Run Remote Usage
		Usr 0 00:00:00, Sys 0 00:00:00  -  Run Local Usage
		Usr 0 00:22:01, Sys 0 00:00:53  -  Total Remote Usage
		Usr 0 00:00:00, Sys 0 00:00:00  -  Total Local Usage
	31098090  -  Run Bytes Sent By Job
	186577  -  Run Bytes Received By Job
	31098090  -  Total Bytes Sent By Job
	186577  -  Total Bytes Received By Job
	Partitionable Resources :    Usage  Request Allocated 
	   Cpus                 :     1.00        1         1 
	   Disk (KB)            : 30625         200    261111 
	   Memory (MB)          :   275        3900      3968 

	Job terminated of its own accord at 2024-01-22T04:25:29Z.
...
000 (391361.031.000) 2024-01-22 13:44:17 Job submitted from host: <172.30.1.200:9618?addrs=172.30.1.200-9618&alias=tamsa2.snu.ac.kr&noUDP&sock=schedd_3625_06e6>
...
040 (391361.031.000) 2024-01-22 13:44:32 Started transferring input files
	Transferring to host: <172.30.1.216:9618?addrs=172.30.1.216-9618&alias=node16&noUDP&sock=slot1_57_4290_7168_333015>
...
040 (391361.031.000) 2024-01-22 13:44:32 Finished transferring input files
...
001 (391361.031.000) 2024-01-22 13:44:32 Job executing on host: <172.30.1.216:9618?addrs=172.30.1.216-9618&alias=node16&noUDP&sock=startd_4255_2791>
...
006 (391361.031.000) 2024-01-22 13:44:41 Image size of job updated: 526676
	68  -  MemoryUsage of job (MB)
	69432  -  ResidentSetSize of job (KB)
...
006 (391361.031.000) 2024-01-22 13:48:44 Image size of job updated: 873008
	68  -  MemoryUsage of job (MB)
	69432  -  ResidentSetSize of job (KB)
...
040 (391361.031.000) 2024-01-22 13:48:44 Started transferring output files
...
040 (391361.031.000) 2024-01-22 13:48:45 Finished transferring output files
...
005 (391361.031.000) 2024-01-22 13:48:45 Job terminated.
	(1) Normal termination (return value 0)
		Usr 0 00:03:30, Sys 0 00:00:13  -  Run Remote Usage
		Usr 0 00:00:00, Sys 0 00:00:00  -  Run Local Usage
		Usr 0 00:03:30, Sys 0 00:00:13  -  Total Remote Usage
		Usr 0 00:00:00, Sys 0 00:00:00  -  Total Local Usage
	31302584  -  Run Bytes Sent By Job
	191813  -  Run Bytes Received By Job
	31302584  -  Total Bytes Sent By Job
	191813  -  Total Bytes Received By Job
	Partitionable Resources :    Usage  Request Allocated 
	   Cpus                 :     0.98        1         1 
	   Disk (KB)            : 30832         200    261111 
	   Memory (MB)          :    68        3900      3968 

	Job terminated of its own accord at 2024-01-22T04:48:44Z.
...
000 (391362.031.000) 2024-01-22 13:50:58 Job submitted from host: <172.30.1.200:9618?addrs=172.30.1.200-9618&alias=tamsa2.snu.ac.kr&noUDP&sock=schedd_3625_06e6>
...
040 (391362.031.000) 2024-01-22 13:51:04 Started transferring input files
	Transferring to host: <172.30.1.216:9618?addrs=172.30.1.216-9618&alias=node16&noUDP&sock=slot1_42_4290_7168_333054>
...
040 (391362.031.000) 2024-01-22 13:51:04 Finished transferring input files
...
001 (391362.031.000) 2024-01-22 13:51:04 Job executing on host: <172.30.1.216:9618?addrs=172.30.1.216-9618&alias=node16&noUDP&sock=startd_4255_2791>
...
006 (391362.031.000) 2024-01-22 13:51:13 Image size of job updated: 139472
	5  -  MemoryUsage of job (MB)
	4956  -  ResidentSetSize of job (KB)
...
006 (391362.031.000) 2024-01-22 13:56:13 Image size of job updated: 962780
	226  -  MemoryUsage of job (MB)
	230420  -  ResidentSetSize of job (KB)
...
006 (391362.031.000) 2024-01-22 14:01:14 Image size of job updated: 969360
	256  -  MemoryUsage of job (MB)
	261388  -  ResidentSetSize of job (KB)
...
006 (391362.031.000) 2024-01-22 14:06:14 Image size of job updated: 969696
	295  -  MemoryUsage of job (MB)
	301360  -  ResidentSetSize of job (KB)
...
006 (391362.031.000) 2024-01-22 14:11:15 Image size of job updated: 969924
	295  -  MemoryUsage of job (MB)
	301360  -  ResidentSetSize of job (KB)
...
006 (391362.031.000) 2024-01-22 14:16:16 Image size of job updated: 969924
	295  -  MemoryUsage of job (MB)
	301788  -  ResidentSetSize of job (KB)
...
006 (391362.031.000) 2024-01-22 14:18:47 Image size of job updated: 970284
	295  -  MemoryUsage of job (MB)
	301788  -  ResidentSetSize of job (KB)
...
040 (391362.031.000) 2024-01-22 14:18:47 Started transferring output files
...
040 (391362.031.000) 2024-01-22 14:18:48 Finished transferring output files
...
005 (391362.031.000) 2024-01-22 14:18:48 Job terminated.
	(1) Normal termination (return value 0)
		Usr 0 00:25:38, Sys 0 00:00:59  -  Run Remote Usage
		Usr 0 00:00:00, Sys 0 00:00:00  -  Run Local Usage
		Usr 0 00:25:38, Sys 0 00:00:59  -  Total Remote Usage
		Usr 0 00:00:00, Sys 0 00:00:00  -  Total Local Usage
	31095420  -  Run Bytes Sent By Job
	191814  -  Run Bytes Received By Job
	31095420  -  Total Bytes Sent By Job
	191814  -  Total Bytes Received By Job
	Partitionable Resources :    Usage  Request Allocated 
	   Cpus                 :     1.00        1         1 
	   Disk (KB)            : 30630         200    261111 
	   Memory (MB)          :   295        3900      3968 

	Job terminated of its own accord at 2024-01-22T05:18:47Z.
...
000 (391496.031.000) 2024-01-22 14:58:10 Job submitted from host: <172.30.1.200:9618?addrs=172.30.1.200-9618&alias=tamsa2.snu.ac.kr&noUDP&sock=schedd_3625_06e6>
...
040 (391496.031.000) 2024-01-22 14:58:21 Started transferring input files
	Transferring to host: <172.30.1.216:9618?addrs=172.30.1.216-9618&alias=node16&noUDP&sock=slot1_43_4290_7168_333223>
...
040 (391496.031.000) 2024-01-22 14:58:21 Finished transferring input files
...
001 (391496.031.000) 2024-01-22 14:58:21 Job executing on host: <172.30.1.216:9618?addrs=172.30.1.216-9618&alias=node16&noUDP&sock=startd_4255_2791>
...
006 (391496.031.000) 2024-01-22 14:58:30 Image size of job updated: 139088
	5  -  MemoryUsage of job (MB)
	4956  -  ResidentSetSize of job (KB)
...
006 (391496.031.000) 2024-01-22 15:03:30 Image size of job updated: 952868
	216  -  MemoryUsage of job (MB)
	220812  -  ResidentSetSize of job (KB)
...
006 (391496.031.000) 2024-01-22 15:08:30 Image size of job updated: 962588
	237  -  MemoryUsage of job (MB)
	241772  -  ResidentSetSize of job (KB)
...
006 (391496.031.000) 2024-01-22 15:13:31 Image size of job updated: 969672
	265  -  MemoryUsage of job (MB)
	270940  -  ResidentSetSize of job (KB)
...
006 (391496.031.000) 2024-01-22 15:18:32 Image size of job updated: 969672
	285  -  MemoryUsage of job (MB)
	291556  -  ResidentSetSize of job (KB)
...
006 (391496.031.000) 2024-01-22 15:23:32 Image size of job updated: 969672
	295  -  MemoryUsage of job (MB)
	301444  -  ResidentSetSize of job (KB)
...
006 (391496.031.000) 2024-01-22 15:28:32 Image size of job updated: 969860
	295  -  MemoryUsage of job (MB)
	301444  -  ResidentSetSize of job (KB)
...
040 (391496.031.000) 2024-01-22 15:32:13 Started transferring output files
...
040 (391496.031.000) 2024-01-22 15:32:14 Finished transferring output files
...
005 (391496.031.000) 2024-01-22 15:32:14 Job terminated.
	(1) Normal termination (return value 0)
		Usr 0 00:31:49, Sys 0 00:01:17  -  Run Remote Usage
		Usr 0 00:00:00, Sys 0 00:00:00  -  Run Local Usage
		Usr 0 00:31:49, Sys 0 00:01:17  -  Total Remote Usage
		Usr 0 00:00:00, Sys 0 00:00:00  -  Total Local Usage
	31079666  -  Run Bytes Sent By Job
	191814  -  Run Bytes Received By Job
	31079666  -  Total Bytes Sent By Job
	191814  -  Total Bytes Received By Job
	Partitionable Resources :    Usage  Request Allocated 
	   Cpus                 :     1.00        1         1 
	   Disk (KB)            : 30614         200    261111 
	   Memory (MB)          :   295        3900      3968 

	Job terminated of its own accord at 2024-01-22T06:32:13Z.
...
000 (391511.031.000) 2024-01-22 15:59:41 Job submitted from host: <172.30.1.200:9618?addrs=172.30.1.200-9618&alias=tamsa2.snu.ac.kr&noUDP&sock=schedd_3625_06e6>
...
040 (391511.031.000) 2024-01-22 15:59:56 Started transferring input files
	Transferring to host: <172.30.1.214:9618?addrs=172.30.1.214-9618&alias=node14&noUDP&sock=slot1_54_4480_50af_235856>
...
040 (391511.031.000) 2024-01-22 15:59:56 Finished transferring input files
...
001 (391511.031.000) 2024-01-22 15:59:56 Job executing on host: <172.30.1.214:9618?addrs=172.30.1.214-9618&alias=node14&noUDP&sock=startd_4446_2a28>
...
006 (391511.031.000) 2024-01-22 16:00:05 Image size of job updated: 139344
	11  -  MemoryUsage of job (MB)
	10764  -  ResidentSetSize of job (KB)
...
006 (391511.031.000) 2024-01-22 16:05:06 Image size of job updated: 966644
	207  -  MemoryUsage of job (MB)
	211540  -  ResidentSetSize of job (KB)
...
006 (391511.031.000) 2024-01-22 16:10:07 Image size of job updated: 966644
	237  -  MemoryUsage of job (MB)
	241752  -  ResidentSetSize of job (KB)
...
006 (391511.031.000) 2024-01-22 16:15:07 Image size of job updated: 969660
	265  -  MemoryUsage of job (MB)
	271300  -  ResidentSetSize of job (KB)
...
006 (391511.031.000) 2024-01-22 16:20:07 Image size of job updated: 969660
	295  -  MemoryUsage of job (MB)
	301700  -  ResidentSetSize of job (KB)
...
006 (391511.031.000) 2024-01-22 16:25:08 Image size of job updated: 970236
	295  -  MemoryUsage of job (MB)
	301700  -  ResidentSetSize of job (KB)
...
040 (391511.031.000) 2024-01-22 16:30:02 Started transferring output files
...
040 (391511.031.000) 2024-01-22 16:30:02 Finished transferring output files
...
005 (391511.031.000) 2024-01-22 16:30:02 Job terminated.
	(1) Normal termination (return value 0)
		Usr 0 00:28:26, Sys 0 00:01:09  -  Run Remote Usage
		Usr 0 00:00:00, Sys 0 00:00:00  -  Run Local Usage
		Usr 0 00:28:26, Sys 0 00:01:09  -  Total Remote Usage
		Usr 0 00:00:00, Sys 0 00:00:00  -  Total Local Usage
	31076936  -  Run Bytes Sent By Job
	191824  -  Run Bytes Received By Job
	31076936  -  Total Bytes Sent By Job
	191824  -  Total Bytes Received By Job
	Partitionable Resources :    Usage  Request Allocated 
	   Cpus                 :     1.00        1         1 
	   Disk (KB)            : 30612         200    261111 
	   Memory (MB)          :   295        3900      3968 

	Job terminated of its own accord at 2024-01-22T07:30:01Z.
...
000 (391574.031.000) 2024-01-22 23:14:59 Job submitted from host: <172.30.1.200:9618?addrs=172.30.1.200-9618&alias=tamsa2.snu.ac.kr&noUDP&sock=schedd_3625_06e6>
...
040 (391574.031.000) 2024-01-22 23:15:06 Started transferring input files
	Transferring to host: <172.30.1.216:9618?addrs=172.30.1.216-9618&alias=node16&noUDP&sock=slot1_32_4290_7168_334249>
...
040 (391574.031.000) 2024-01-22 23:15:06 Finished transferring input files
...
001 (391574.031.000) 2024-01-22 23:15:06 Job executing on host: <172.30.1.216:9618?addrs=172.30.1.216-9618&alias=node16&noUDP&sock=startd_4255_2791>
...
006 (391574.031.000) 2024-01-22 23:15:15 Image size of job updated: 139088
	5  -  MemoryUsage of job (MB)
	4960  -  ResidentSetSize of job (KB)
...
006 (391574.031.000) 2024-01-22 23:20:15 Image size of job updated: 969588
	255  -  MemoryUsage of job (MB)
	260964  -  ResidentSetSize of job (KB)
...
006 (391574.031.000) 2024-01-22 23:25:15 Image size of job updated: 969588
	285  -  MemoryUsage of job (MB)
	291532  -  ResidentSetSize of job (KB)
...
006 (391574.031.000) 2024-01-22 23:30:16 Image size of job updated: 969692
	285  -  MemoryUsage of job (MB)
	291532  -  ResidentSetSize of job (KB)
...
004 (391574.031.000) 2024-01-22 23:35:24 Job was evicted.
	(0) CPU times
		Usr 0 00:18:47, Sys 0 00:00:48  -  Run Remote Usage
		Usr 0 00:00:00, Sys 0 00:00:00  -  Run Local Usage
	0  -  Run Bytes Sent By Job
	191685  -  Run Bytes Received By Job
	Partitionable Resources :    Usage  Request Allocated 
	   Cpus                 :     1.00        1         1 
	   Disk (KB)            : 10459         200    261111 
	   Memory (MB)          :   285        3900      3968 
...
009 (391574.031.000) 2024-01-22 23:35:24 Job was aborted.
	via condor_rm (by user shin)
...
000 (391577.031.000) 2024-01-22 23:35:26 Job submitted from host: <172.30.1.200:9618?addrs=172.30.1.200-9618&alias=tamsa2.snu.ac.kr&noUDP&sock=schedd_3625_06e6>
...
040 (391577.031.000) 2024-01-22 23:35:37 Started transferring input files
	Transferring to host: <172.30.1.216:9618?addrs=172.30.1.216-9618&alias=node16&noUDP&sock=slot1_32_4290_7168_334309>
...
001 (391577.031.000) 2024-01-22 23:35:38 Job executing on host: <172.30.1.216:9618?addrs=172.30.1.216-9618&alias=node16&noUDP&sock=startd_4255_2791>
...
040 (391577.031.000) 2024-01-22 23:35:38 Finished transferring input files
...
006 (391577.031.000) 2024-01-22 23:35:46 Image size of job updated: 139088
	5  -  MemoryUsage of job (MB)
	4960  -  ResidentSetSize of job (KB)
...
006 (391577.031.000) 2024-01-22 23:40:46 Image size of job updated: 965024
	216  -  MemoryUsage of job (MB)
	220852  -  ResidentSetSize of job (KB)
...
006 (391577.031.000) 2024-01-22 23:45:47 Image size of job updated: 969684
	246  -  MemoryUsage of job (MB)
	251180  -  ResidentSetSize of job (KB)
...
006 (391577.031.000) 2024-01-22 23:50:48 Image size of job updated: 969684
	265  -  MemoryUsage of job (MB)
	270872  -  ResidentSetSize of job (KB)
...
006 (391577.031.000) 2024-01-22 23:55:49 Image size of job updated: 969684
	286  -  MemoryUsage of job (MB)
	292008  -  ResidentSetSize of job (KB)
...
006 (391577.031.000) 2024-01-23 00:00:48 Image size of job updated: 970268
	286  -  MemoryUsage of job (MB)
	292008  -  ResidentSetSize of job (KB)
...
006 (391577.031.000) 2024-01-23 00:05:48 Image size of job updated: 970492
	286  -  MemoryUsage of job (MB)
	292008  -  ResidentSetSize of job (KB)
...
040 (391577.031.000) 2024-01-23 00:06:21 Started transferring output files
...
040 (391577.031.000) 2024-01-23 00:06:21 Finished transferring output files
...
005 (391577.031.000) 2024-01-23 00:06:21 Job terminated.
	(1) Normal termination (return value 0)
		Usr 0 00:29:16, Sys 0 00:01:07  -  Run Remote Usage
		Usr 0 00:00:00, Sys 0 00:00:00  -  Run Local Usage
		Usr 0 00:29:16, Sys 0 00:01:07  -  Total Remote Usage
		Usr 0 00:00:00, Sys 0 00:00:00  -  Total Local Usage
	31076366  -  Run Bytes Sent By Job
	191687  -  Run Bytes Received By Job
	31076366  -  Total Bytes Sent By Job
	191687  -  Total Bytes Received By Job
	Partitionable Resources :    Usage  Request Allocated 
	   Cpus                 :     1.00        1         1 
	   Disk (KB)            : 30611         200    261111 
	   Memory (MB)          :   286        3900      3968 

	Job terminated of its own accord at 2024-01-22T15:06:20Z.
...
000 (391582.031.000) 2024-01-23 10:33:35 Job submitted from host: <172.30.1.200:9618?addrs=172.30.1.200-9618&alias=tamsa2.snu.ac.kr&noUDP&sock=schedd_3625_06e6>
...
040 (391582.031.000) 2024-01-23 10:33:42 Started transferring input files
	Transferring to host: <172.30.1.216:9618?addrs=172.30.1.216-9618&alias=node16&noUDP&sock=slot1_32_4290_7168_337549>
...
040 (391582.031.000) 2024-01-23 10:33:42 Finished transferring input files
...
001 (391582.031.000) 2024-01-23 10:33:42 Job executing on host: <172.30.1.216:9618?addrs=172.30.1.216-9618&alias=node16&noUDP&sock=startd_4255_2791>
...
006 (391582.031.000) 2024-01-23 10:33:50 Image size of job updated: 4704
	5  -  MemoryUsage of job (MB)
	4704  -  ResidentSetSize of job (KB)
...
006 (391582.031.000) 2024-01-23 10:38:50 Image size of job updated: 952712
	246  -  MemoryUsage of job (MB)
	251084  -  ResidentSetSize of job (KB)
...
006 (391582.031.000) 2024-01-23 10:43:50 Image size of job updated: 969108
	246  -  MemoryUsage of job (MB)
	251084  -  ResidentSetSize of job (KB)
...
006 (391582.031.000) 2024-01-23 10:48:51 Image size of job updated: 969108
	295  -  MemoryUsage of job (MB)
	301856  -  ResidentSetSize of job (KB)
...
006 (391582.031.000) 2024-01-23 10:53:51 Image size of job updated: 970300
	295  -  MemoryUsage of job (MB)
	301856  -  ResidentSetSize of job (KB)
...
040 (391582.031.000) 2024-01-23 10:57:31 Started transferring output files
...
040 (391582.031.000) 2024-01-23 10:57:32 Finished transferring output files
...
005 (391582.031.000) 2024-01-23 10:57:32 Job terminated.
	(1) Normal termination (return value 0)
		Usr 0 00:22:03, Sys 0 00:00:54  -  Run Remote Usage
		Usr 0 00:00:00, Sys 0 00:00:00  -  Run Local Usage
		Usr 0 00:22:03, Sys 0 00:00:54  -  Total Remote Usage
		Usr 0 00:00:00, Sys 0 00:00:00  -  Total Local Usage
	31075414  -  Run Bytes Sent By Job
	191687  -  Run Bytes Received By Job
	31075414  -  Total Bytes Sent By Job
	191687  -  Total Bytes Received By Job
	Partitionable Resources :    Usage  Request Allocated 
	   Cpus                 :     1.00        1         1 
	   Disk (KB)            : 30610         200    261111 
	   Memory (MB)          :   295        3900      3968 

	Job terminated of its own accord at 2024-01-23T01:57:31Z.
...
