000 (390874.032.000) 2024-01-18 20:28:10 Job submitted from host: <172.30.1.200:9618?addrs=172.30.1.200-9618&alias=tamsa2.snu.ac.kr&noUDP&sock=schedd_3625_06e6>
...
040 (390874.032.000) 2024-01-18 20:28:23 Started transferring input files
	Transferring to host: <172.30.1.202:9618?addrs=172.30.1.202-9618&alias=node2&noUDP&sock=slot1_10_3851_20b6_74228>
...
001 (390874.032.000) 2024-01-18 20:28:24 Job executing on host: <172.30.1.202:9618?addrs=172.30.1.202-9618&alias=node2&noUDP&sock=startd_3818_68ae>
...
040 (390874.032.000) 2024-01-18 20:28:24 Finished transferring input files
...
006 (390874.032.000) 2024-01-18 20:28:32 Image size of job updated: 139088
	5  -  MemoryUsage of job (MB)
	4960  -  ResidentSetSize of job (KB)
...
006 (390874.032.000) 2024-01-18 20:32:32 Image size of job updated: 846740
	5  -  MemoryUsage of job (MB)
	4960  -  ResidentSetSize of job (KB)
...
040 (390874.032.000) 2024-01-18 20:32:32 Started transferring output files
...
040 (390874.032.000) 2024-01-18 20:32:33 Finished transferring output files
...
005 (390874.032.000) 2024-01-18 20:32:33 Job terminated.
	(1) Normal termination (return value 0)
		Usr 0 00:01:10, Sys 0 00:00:07  -  Run Remote Usage
		Usr 0 00:00:00, Sys 0 00:00:00  -  Run Local Usage
		Usr 0 00:01:10, Sys 0 00:00:07  -  Total Remote Usage
		Usr 0 00:00:00, Sys 0 00:00:00  -  Total Local Usage
	14815623  -  Run Bytes Sent By Job
	181578  -  Run Bytes Received By Job
	14815623  -  Total Bytes Sent By Job
	181578  -  Total Bytes Received By Job
	Partitionable Resources :    Usage  Request Allocated 
	   Cpus                 :     0.00        1         1 
	   Disk (KB)            : 14718         200    128928 
	   Memory (MB)          :     5        3900      3968 

	Job terminated of its own accord at 2024-01-18T11:32:32Z.
...
000 (390875.032.000) 2024-01-18 20:45:32 Job submitted from host: <172.30.1.200:9618?addrs=172.30.1.200-9618&alias=tamsa2.snu.ac.kr&noUDP&sock=schedd_3625_06e6>
...
040 (390875.032.000) 2024-01-18 20:45:47 Started transferring input files
	Transferring to host: <172.30.1.204:9618?addrs=172.30.1.204-9618&alias=node4&noUDP&sock=slot1_8_3725_5971_202594>
...
040 (390875.032.000) 2024-01-18 20:45:47 Finished transferring input files
...
001 (390875.032.000) 2024-01-18 20:45:47 Job executing on host: <172.30.1.204:9618?addrs=172.30.1.204-9618&alias=node4&noUDP&sock=startd_3691_4c27>
...
006 (390875.032.000) 2024-01-18 20:45:55 Image size of job updated: 50132
	5  -  MemoryUsage of job (MB)
	5080  -  ResidentSetSize of job (KB)
...
006 (390875.032.000) 2024-01-18 20:50:35 Image size of job updated: 871892
	5  -  MemoryUsage of job (MB)
	5080  -  ResidentSetSize of job (KB)
...
040 (390875.032.000) 2024-01-18 20:50:35 Started transferring output files
...
040 (390875.032.000) 2024-01-18 20:50:44 Finished transferring output files
...
005 (390875.032.000) 2024-01-18 20:50:44 Job terminated.
	(1) Normal termination (return value 0)
		Usr 0 00:03:08, Sys 0 00:00:12  -  Run Remote Usage
		Usr 0 00:00:00, Sys 0 00:00:00  -  Run Local Usage
		Usr 0 00:03:08, Sys 0 00:00:12  -  Total Remote Usage
		Usr 0 00:00:00, Sys 0 00:00:00  -  Total Local Usage
	101801432  -  Run Bytes Sent By Job
	182042  -  Run Bytes Received By Job
	101801432  -  Total Bytes Sent By Job
	182042  -  Total Bytes Received By Job
	Partitionable Resources :    Usage  Request Allocated 
	   Cpus                 :     0.02        1         1 
	   Disk (KB)            : 99666         200    128928 
	   Memory (MB)          :     5        3900      3968 

	Job terminated of its own accord at 2024-01-18T11:50:35Z.
...
000 (390886.032.000) 2024-01-18 21:10:43 Job submitted from host: <172.30.1.200:9618?addrs=172.30.1.200-9618&alias=tamsa2.snu.ac.kr&noUDP&sock=schedd_3625_06e6>
...
040 (390886.032.000) 2024-01-18 21:10:45 Started transferring input files
	Transferring to host: <172.30.1.204:9618?addrs=172.30.1.204-9618&alias=node4&noUDP&sock=slot1_5_3725_5971_202607>
...
001 (390886.032.000) 2024-01-18 21:10:45 Job executing on host: <172.30.1.204:9618?addrs=172.30.1.204-9618&alias=node4&noUDP&sock=startd_3691_4c27>
...
040 (390886.032.000) 2024-01-18 21:10:45 Finished transferring input files
...
006 (390886.032.000) 2024-01-18 21:10:54 Image size of job updated: 198904
	183  -  MemoryUsage of job (MB)
	186736  -  ResidentSetSize of job (KB)
...
006 (390886.032.000) 2024-01-18 21:12:02 Image size of job updated: 846300
	183  -  MemoryUsage of job (MB)
	186736  -  ResidentSetSize of job (KB)
...
040 (390886.032.000) 2024-01-18 21:12:02 Started transferring output files
...
040 (390886.032.000) 2024-01-18 21:12:06 Finished transferring output files
...
005 (390886.032.000) 2024-01-18 21:12:06 Job terminated.
	(1) Normal termination (return value 0)
		Usr 0 00:00:48, Sys 0 00:00:05  -  Run Remote Usage
		Usr 0 00:00:00, Sys 0 00:00:00  -  Run Local Usage
		Usr 0 00:00:48, Sys 0 00:00:05  -  Total Remote Usage
		Usr 0 00:00:00, Sys 0 00:00:00  -  Total Local Usage
	7473247  -  Run Bytes Sent By Job
	181210  -  Run Bytes Received By Job
	7473247  -  Total Bytes Sent By Job
	181210  -  Total Bytes Received By Job
	Partitionable Resources :    Usage  Request Allocated 
	   Cpus                 :     0.59        1         1 
	   Disk (KB)            :  7547         200    128928 
	   Memory (MB)          :   183        3900      3968 

	Job terminated of its own accord at 2024-01-18T12:12:02Z.
...
000 (390887.032.000) 2024-01-18 21:19:38 Job submitted from host: <172.30.1.200:9618?addrs=172.30.1.200-9618&alias=tamsa2.snu.ac.kr&noUDP&sock=schedd_3625_06e6>
...
040 (390887.032.000) 2024-01-18 21:19:40 Started transferring input files
	Transferring to host: <172.30.1.204:9618?addrs=172.30.1.204-9618&alias=node4&noUDP&sock=slot1_4_3725_5971_202618>
...
001 (390887.032.000) 2024-01-18 21:19:40 Job executing on host: <172.30.1.204:9618?addrs=172.30.1.204-9618&alias=node4&noUDP&sock=startd_3691_4c27>
...
040 (390887.032.000) 2024-01-18 21:19:40 Finished transferring input files
...
006 (390887.032.000) 2024-01-18 21:19:49 Image size of job updated: 845880
	199  -  MemoryUsage of job (MB)
	203376  -  ResidentSetSize of job (KB)
...
006 (390887.032.000) 2024-01-18 21:22:10 Image size of job updated: 863792
	199  -  MemoryUsage of job (MB)
	203376  -  ResidentSetSize of job (KB)
...
040 (390887.032.000) 2024-01-18 21:22:10 Started transferring output files
...
040 (390887.032.000) 2024-01-18 21:22:15 Finished transferring output files
...
005 (390887.032.000) 2024-01-18 21:22:15 Job terminated.
	(1) Normal termination (return value 0)
		Usr 0 00:02:14, Sys 0 00:00:09  -  Run Remote Usage
		Usr 0 00:00:00, Sys 0 00:00:00  -  Run Local Usage
		Usr 0 00:02:14, Sys 0 00:00:09  -  Total Remote Usage
		Usr 0 00:00:00, Sys 0 00:00:00  -  Total Local Usage
	34615856  -  Run Bytes Sent By Job
	181210  -  Run Bytes Received By Job
	34615856  -  Total Bytes Sent By Job
	181210  -  Total Bytes Received By Job
	Partitionable Resources :    Usage  Request Allocated 
	   Cpus                 :     0.57        1         1 
	   Disk (KB)            : 34053         200    128928 
	   Memory (MB)          :   199        3900      3968 

	Job terminated of its own accord at 2024-01-18T12:22:10Z.
...
000 (390888.032.000) 2024-01-18 21:30:57 Job submitted from host: <172.30.1.200:9618?addrs=172.30.1.200-9618&alias=tamsa2.snu.ac.kr&noUDP&sock=schedd_3625_06e6>
...
040 (390888.032.000) 2024-01-18 21:31:01 Started transferring input files
	Transferring to host: <172.30.1.204:9618?addrs=172.30.1.204-9618&alias=node4&noUDP&sock=slot1_8_3725_5971_202633>
...
001 (390888.032.000) 2024-01-18 21:31:01 Job executing on host: <172.30.1.204:9618?addrs=172.30.1.204-9618&alias=node4&noUDP&sock=startd_3691_4c27>
...
040 (390888.032.000) 2024-01-18 21:31:01 Finished transferring input files
...
006 (390888.032.000) 2024-01-18 21:31:10 Image size of job updated: 835108
	195  -  MemoryUsage of job (MB)
	198836  -  ResidentSetSize of job (KB)
...
006 (390888.032.000) 2024-01-18 21:34:13 Image size of job updated: 867076
	195  -  MemoryUsage of job (MB)
	198836  -  ResidentSetSize of job (KB)
...
040 (390888.032.000) 2024-01-18 21:34:14 Started transferring output files
...
040 (390888.032.000) 2024-01-18 21:34:23 Finished transferring output files
...
005 (390888.032.000) 2024-01-18 21:34:23 Job terminated.
	(1) Normal termination (return value 0)
		Usr 0 00:02:50, Sys 0 00:00:12  -  Run Remote Usage
		Usr 0 00:00:00, Sys 0 00:00:00  -  Run Local Usage
		Usr 0 00:02:50, Sys 0 00:00:12  -  Total Remote Usage
		Usr 0 00:00:00, Sys 0 00:00:00  -  Total Local Usage
	33714816  -  Run Bytes Sent By Job
	181214  -  Run Bytes Received By Job
	33714816  -  Total Bytes Sent By Job
	181214  -  Total Bytes Received By Job
	Partitionable Resources :    Usage  Request Allocated 
	   Cpus                 :     0.99        1         1 
	   Disk (KB)            : 33173         200    128928 
	   Memory (MB)          :   195        3900      3968 

	Job terminated of its own accord at 2024-01-18T12:34:13Z.
...
000 (390894.032.000) 2024-01-18 21:35:52 Job submitted from host: <172.30.1.200:9618?addrs=172.30.1.200-9618&alias=tamsa2.snu.ac.kr&noUDP&sock=schedd_3625_06e6>
...
040 (390894.032.000) 2024-01-18 21:36:10 Started transferring input files
	Transferring to host: <172.30.1.204:9618?addrs=172.30.1.204-9618&alias=node4&noUDP&sock=slot1_9_3725_5971_202656>
...
001 (390894.032.000) 2024-01-18 21:36:10 Job executing on host: <172.30.1.204:9618?addrs=172.30.1.204-9618&alias=node4&noUDP&sock=startd_3691_4c27>
...
040 (390894.032.000) 2024-01-18 21:36:10 Finished transferring input files
...
006 (390894.032.000) 2024-01-18 21:36:19 Image size of job updated: 561380
	184  -  MemoryUsage of job (MB)
	187796  -  ResidentSetSize of job (KB)
...
006 (390894.032.000) 2024-01-18 21:39:18 Image size of job updated: 864804
	184  -  MemoryUsage of job (MB)
	187796  -  ResidentSetSize of job (KB)
...
040 (390894.032.000) 2024-01-18 21:39:18 Started transferring output files
...
040 (390894.032.000) 2024-01-18 21:39:22 Finished transferring output files
...
005 (390894.032.000) 2024-01-18 21:39:22 Job terminated.
	(1) Normal termination (return value 0)
		Usr 0 00:02:48, Sys 0 00:00:11  -  Run Remote Usage
		Usr 0 00:00:00, Sys 0 00:00:00  -  Run Local Usage
		Usr 0 00:02:48, Sys 0 00:00:11  -  Total Remote Usage
		Usr 0 00:00:00, Sys 0 00:00:00  -  Total Local Usage
	33714156  -  Run Bytes Sent By Job
	181194  -  Run Bytes Received By Job
	33714156  -  Total Bytes Sent By Job
	181194  -  Total Bytes Received By Job
	Partitionable Resources :    Usage  Request Allocated 
	   Cpus                 :     0.98        1         1 
	   Disk (KB)            : 33173         200    128928 
	   Memory (MB)          :   184        3900      3968 

	Job terminated of its own accord at 2024-01-18T12:39:18Z.
...
000 (390895.032.000) 2024-01-18 21:48:05 Job submitted from host: <172.30.1.200:9618?addrs=172.30.1.200-9618&alias=tamsa2.snu.ac.kr&noUDP&sock=schedd_3625_06e6>
...
040 (390895.032.000) 2024-01-18 21:48:08 Started transferring input files
	Transferring to host: <172.30.1.209:9618?addrs=172.30.1.209-9618&alias=node9&noUDP&sock=slot1_5_3782_82d3_178421>
...
001 (390895.032.000) 2024-01-18 21:48:08 Job executing on host: <172.30.1.209:9618?addrs=172.30.1.209-9618&alias=node9&noUDP&sock=startd_3748_650d>
...
040 (390895.032.000) 2024-01-18 21:48:08 Finished transferring input files
...
006 (390895.032.000) 2024-01-18 21:48:17 Image size of job updated: 230108
	79  -  MemoryUsage of job (MB)
	80112  -  ResidentSetSize of job (KB)
...
006 (390895.032.000) 2024-01-18 21:50:05 Image size of job updated: 863576
	182  -  MemoryUsage of job (MB)
	185996  -  ResidentSetSize of job (KB)
...
004 (390895.032.000) 2024-01-18 21:50:05 Job was evicted.
	(0) CPU times
		Usr 0 00:01:31, Sys 0 00:00:06  -  Run Remote Usage
		Usr 0 00:00:00, Sys 0 00:00:00  -  Run Local Usage
	0  -  Run Bytes Sent By Job
	182143  -  Run Bytes Received By Job
	Partitionable Resources :    Usage  Request Allocated 
	   Cpus                 :                 1         1 
	   Disk (KB)            :     6549      200    128928 
	   Memory (MB)          :      182     3900      3968 
...
009 (390895.032.000) 2024-01-18 21:50:05 Job was aborted.
	via condor_rm (by user shin)
...
000 (390896.032.000) 2024-01-18 21:53:08 Job submitted from host: <172.30.1.200:9618?addrs=172.30.1.200-9618&alias=tamsa2.snu.ac.kr&noUDP&sock=schedd_3625_06e6>
...
040 (390896.032.000) 2024-01-18 21:54:29 Started transferring input files
	Transferring to host: <172.30.1.102:9618?addrs=172.30.1.102-9618&alias=n2&noUDP&sock=slot1_34_3356_5b02_63212>
...
001 (390896.032.000) 2024-01-18 21:54:29 Job executing on host: <172.30.1.102:9618?addrs=172.30.1.102-9618&alias=n2&noUDP&sock=startd_3322_31b4>
...
040 (390896.032.000) 2024-01-18 21:54:29 Finished transferring input files
...
006 (390896.032.000) 2024-01-18 21:54:38 Image size of job updated: 798016
	165  -  MemoryUsage of job (MB)
	168020  -  ResidentSetSize of job (KB)
...
006 (390896.032.000) 2024-01-18 21:59:39 Image size of job updated: 868008
	201  -  MemoryUsage of job (MB)
	204924  -  ResidentSetSize of job (KB)
...
006 (390896.032.000) 2024-01-18 22:01:46 Image size of job updated: 868176
	201  -  MemoryUsage of job (MB)
	204924  -  ResidentSetSize of job (KB)
...
040 (390896.032.000) 2024-01-18 22:01:46 Started transferring output files
...
040 (390896.032.000) 2024-01-18 22:01:47 Finished transferring output files
...
005 (390896.032.000) 2024-01-18 22:01:47 Job terminated.
	(1) Normal termination (return value 0)
		Usr 0 00:05:51, Sys 0 00:00:34  -  Run Remote Usage
		Usr 0 00:00:00, Sys 0 00:00:00  -  Run Local Usage
		Usr 0 00:05:51, Sys 0 00:00:34  -  Total Remote Usage
		Usr 0 00:00:00, Sys 0 00:00:00  -  Total Local Usage
	39328648  -  Run Bytes Sent By Job
	182135  -  Run Bytes Received By Job
	39328648  -  Total Bytes Sent By Job
	182135  -  Total Bytes Received By Job
	Partitionable Resources :    Usage  Request Allocated 
	   Cpus                 :     0.97        1         1 
	   Disk (KB)            : 38657         200    123820 
	   Memory (MB)          :   201        3900      3968 

	Job terminated of its own accord at 2024-01-18T13:01:46Z.
...
000 (390897.032.000) 2024-01-18 22:03:48 Job submitted from host: <172.30.1.200:9618?addrs=172.30.1.200-9618&alias=tamsa2.snu.ac.kr&noUDP&sock=schedd_3625_06e6>
...
040 (390897.032.000) 2024-01-18 22:06:49 Started transferring input files
	Transferring to host: <172.30.1.204:9618?addrs=172.30.1.204-9618&alias=node4&noUDP&sock=slot1_12_3725_5971_202869>
...
001 (390897.032.000) 2024-01-18 22:06:49 Job executing on host: <172.30.1.204:9618?addrs=172.30.1.204-9618&alias=node4&noUDP&sock=startd_3691_4c27>
...
040 (390897.032.000) 2024-01-18 22:06:49 Finished transferring input files
...
006 (390897.032.000) 2024-01-18 22:06:58 Image size of job updated: 752928
	183  -  MemoryUsage of job (MB)
	186736  -  ResidentSetSize of job (KB)
...
006 (390897.032.000) 2024-01-18 22:10:36 Image size of job updated: 866208
	183  -  MemoryUsage of job (MB)
	186736  -  ResidentSetSize of job (KB)
...
040 (390897.032.000) 2024-01-18 22:10:36 Started transferring output files
...
040 (390897.032.000) 2024-01-18 22:10:37 Finished transferring output files
...
005 (390897.032.000) 2024-01-18 22:10:37 Job terminated.
	(1) Normal termination (return value 0)
		Usr 0 00:03:11, Sys 0 00:00:12  -  Run Remote Usage
		Usr 0 00:00:00, Sys 0 00:00:00  -  Run Local Usage
		Usr 0 00:03:11, Sys 0 00:00:12  -  Total Remote Usage
		Usr 0 00:00:00, Sys 0 00:00:00  -  Total Local Usage
	39162804  -  Run Bytes Sent By Job
	182135  -  Run Bytes Received By Job
	39162804  -  Total Bytes Sent By Job
	182135  -  Total Bytes Received By Job
	Partitionable Resources :    Usage  Request Allocated 
	   Cpus                 :                 1         1 
	   Disk (KB)            :    38489      200    128928 
	   Memory (MB)          :      183     3900      3968 

	Job terminated of its own accord at 2024-01-18T13:10:36Z.
...
000 (390986.032.000) 2024-01-18 22:24:33 Job submitted from host: <172.30.1.200:9618?addrs=172.30.1.200-9618&alias=tamsa2.snu.ac.kr&noUDP&sock=schedd_3625_06e6>
...
040 (390986.032.000) 2024-01-18 22:26:35 Started transferring input files
	Transferring to host: <172.30.1.204:9618?addrs=172.30.1.204-9618&alias=node4&noUDP&sock=slot1_7_3725_5971_202904>
...
001 (390986.032.000) 2024-01-18 22:26:35 Job executing on host: <172.30.1.204:9618?addrs=172.30.1.204-9618&alias=node4&noUDP&sock=startd_3691_4c27>
...
040 (390986.032.000) 2024-01-18 22:26:35 Finished transferring input files
...
006 (390986.032.000) 2024-01-18 22:26:44 Image size of job updated: 835112
	183  -  MemoryUsage of job (MB)
	186732  -  ResidentSetSize of job (KB)
...
006 (390986.032.000) 2024-01-18 22:30:49 Image size of job updated: 865712
	183  -  MemoryUsage of job (MB)
	186732  -  ResidentSetSize of job (KB)
...
040 (390986.032.000) 2024-01-18 22:30:49 Started transferring output files
...
040 (390986.032.000) 2024-01-18 22:30:50 Finished transferring output files
...
005 (390986.032.000) 2024-01-18 22:30:50 Job terminated.
	(1) Normal termination (return value 0)
		Usr 0 00:03:12, Sys 0 00:00:12  -  Run Remote Usage
		Usr 0 00:00:00, Sys 0 00:00:00  -  Run Local Usage
		Usr 0 00:03:12, Sys 0 00:00:12  -  Total Remote Usage
		Usr 0 00:00:00, Sys 0 00:00:00  -  Total Local Usage
	35490064  -  Run Bytes Sent By Job
	182182  -  Run Bytes Received By Job
	35490064  -  Total Bytes Sent By Job
	182182  -  Total Bytes Received By Job
	Partitionable Resources :    Usage  Request Allocated 
	   Cpus                 :                 1         1 
	   Disk (KB)            :    34903      200    128928 
	   Memory (MB)          :      183     3900      3968 

	Job terminated of its own accord at 2024-01-18T13:30:49Z.
...
000 (391043.032.000) 2024-01-18 23:16:24 Job submitted from host: <172.30.1.200:9618?addrs=172.30.1.200-9618&alias=tamsa2.snu.ac.kr&noUDP&sock=schedd_3625_06e6>
...
040 (391043.032.000) 2024-01-18 23:16:30 Started transferring input files
	Transferring to host: <172.30.1.204:9618?addrs=172.30.1.204-9618&alias=node4&noUDP&sock=slot1_26_3725_5971_202946>
...
001 (391043.032.000) 2024-01-18 23:16:30 Job executing on host: <172.30.1.204:9618?addrs=172.30.1.204-9618&alias=node4&noUDP&sock=startd_3691_4c27>
...
040 (391043.032.000) 2024-01-18 23:16:30 Finished transferring input files
...
006 (391043.032.000) 2024-01-18 23:16:39 Image size of job updated: 139088
	118  -  MemoryUsage of job (MB)
	120832  -  ResidentSetSize of job (KB)
...
006 (391043.032.000) 2024-01-18 23:18:12 Image size of job updated: 846532
	119  -  MemoryUsage of job (MB)
	120932  -  ResidentSetSize of job (KB)
...
040 (391043.032.000) 2024-01-18 23:18:12 Started transferring output files
...
040 (391043.032.000) 2024-01-18 23:18:23 Finished transferring output files
...
005 (391043.032.000) 2024-01-18 23:18:23 Job terminated.
	(1) Normal termination (return value 0)
		Usr 0 00:01:05, Sys 0 00:00:07  -  Run Remote Usage
		Usr 0 00:00:00, Sys 0 00:00:00  -  Run Local Usage
		Usr 0 00:01:05, Sys 0 00:00:07  -  Total Remote Usage
		Usr 0 00:00:00, Sys 0 00:00:00  -  Total Local Usage
	7464213  -  Run Bytes Sent By Job
	182524  -  Run Bytes Received By Job
	7464213  -  Total Bytes Sent By Job
	182524  -  Total Bytes Received By Job
	Partitionable Resources :    Usage  Request Allocated 
	   Cpus                 :     0.04        1         1 
	   Disk (KB)            :  7540         200    128928 
	   Memory (MB)          :   119        3900      3968 

	Job terminated of its own accord at 2024-01-18T14:18:12Z.
...
000 (391059.032.000) 2024-01-19 10:38:28 Job submitted from host: <172.30.1.200:9618?addrs=172.30.1.200-9618&alias=tamsa2.snu.ac.kr&noUDP&sock=schedd_3625_06e6>
...
040 (391059.032.000) 2024-01-19 10:38:32 Started transferring input files
	Transferring to host: <172.30.1.207:9618?addrs=172.30.1.207-9618&alias=node7&noUDP&sock=slot1_40_39434_91fd_225174>
...
001 (391059.032.000) 2024-01-19 10:38:32 Job executing on host: <172.30.1.207:9618?addrs=172.30.1.207-9618&alias=node7&noUDP&sock=startd_3748_650d>
...
040 (391059.032.000) 2024-01-19 10:38:32 Finished transferring input files
...
006 (391059.032.000) 2024-01-19 10:38:41 Image size of job updated: 139088
	74  -  MemoryUsage of job (MB)
	75452  -  ResidentSetSize of job (KB)
...
006 (391059.032.000) 2024-01-19 10:43:22 Image size of job updated: 869920
	74  -  MemoryUsage of job (MB)
	75464  -  ResidentSetSize of job (KB)
...
040 (391059.032.000) 2024-01-19 10:43:22 Started transferring output files
...
040 (391059.032.000) 2024-01-19 10:43:24 Finished transferring output files
...
005 (391059.032.000) 2024-01-19 10:43:24 Job terminated.
	(1) Normal termination (return value 0)
		Usr 0 00:03:20, Sys 0 00:00:13  -  Run Remote Usage
		Usr 0 00:00:00, Sys 0 00:00:00  -  Run Local Usage
		Usr 0 00:03:20, Sys 0 00:00:13  -  Total Remote Usage
		Usr 0 00:00:00, Sys 0 00:00:00  -  Total Local Usage
	33807288  -  Run Bytes Sent By Job
	182504  -  Run Bytes Received By Job
	33807288  -  Total Bytes Sent By Job
	182504  -  Total Bytes Received By Job
	Partitionable Resources :    Usage  Request Allocated 
	   Cpus                 :     0.31        1         1 
	   Disk (KB)            : 33265         200    121695 
	   Memory (MB)          :    74        3900      3968 

	Job terminated of its own accord at 2024-01-19T01:43:22Z.
...
000 (391060.032.000) 2024-01-19 10:57:46 Job submitted from host: <172.30.1.200:9618?addrs=172.30.1.200-9618&alias=tamsa2.snu.ac.kr&noUDP&sock=schedd_3625_06e6>
...
040 (391060.032.000) 2024-01-19 10:57:51 Started transferring input files
	Transferring to host: <172.30.1.207:9618?addrs=172.30.1.207-9618&alias=node7&noUDP&sock=slot1_48_39434_91fd_225188>
...
001 (391060.032.000) 2024-01-19 10:57:51 Job executing on host: <172.30.1.207:9618?addrs=172.30.1.207-9618&alias=node7&noUDP&sock=startd_3748_650d>
...
040 (391060.032.000) 2024-01-19 10:57:51 Finished transferring input files
...
006 (391060.032.000) 2024-01-19 10:58:00 Image size of job updated: 192544
	172  -  MemoryUsage of job (MB)
	175188  -  ResidentSetSize of job (KB)
...
006 (391060.032.000) 2024-01-19 11:02:34 Image size of job updated: 870144
	172  -  MemoryUsage of job (MB)
	175188  -  ResidentSetSize of job (KB)
...
040 (391060.032.000) 2024-01-19 11:02:34 Started transferring output files
...
040 (391060.032.000) 2024-01-19 11:02:37 Finished transferring output files
...
005 (391060.032.000) 2024-01-19 11:02:37 Job terminated.
	(1) Normal termination (return value 0)
		Usr 0 00:03:29, Sys 0 00:00:13  -  Run Remote Usage
		Usr 0 00:00:00, Sys 0 00:00:00  -  Run Local Usage
		Usr 0 00:03:29, Sys 0 00:00:13  -  Total Remote Usage
		Usr 0 00:00:00, Sys 0 00:00:00  -  Total Local Usage
	34858468  -  Run Bytes Sent By Job
	182520  -  Run Bytes Received By Job
	34858468  -  Total Bytes Sent By Job
	182520  -  Total Bytes Received By Job
	Partitionable Resources :    Usage  Request Allocated 
	   Cpus                 :     0.79        1         1 
	   Disk (KB)            : 34292         200    121695 
	   Memory (MB)          :   172        3900      3968 

	Job terminated of its own accord at 2024-01-19T02:02:34Z.
...
000 (391113.032.000) 2024-01-19 11:50:58 Job submitted from host: <172.30.1.200:9618?addrs=172.30.1.200-9618&alias=tamsa2.snu.ac.kr&noUDP&sock=schedd_3625_06e6>
...
040 (391113.032.000) 2024-01-19 11:51:01 Started transferring input files
	Transferring to host: <172.30.1.208:9618?addrs=172.30.1.208-9618&alias=node8&noUDP&sock=slot1_42_3811_f1b4_191167>
...
001 (391113.032.000) 2024-01-19 11:51:01 Job executing on host: <172.30.1.208:9618?addrs=172.30.1.208-9618&alias=node8&noUDP&sock=startd_3777_494c>
...
040 (391113.032.000) 2024-01-19 11:51:01 Finished transferring input files
...
006 (391113.032.000) 2024-01-19 11:51:10 Image size of job updated: 561376
	131  -  MemoryUsage of job (MB)
	133144  -  ResidentSetSize of job (KB)
...
006 (391113.032.000) 2024-01-19 11:53:08 Image size of job updated: 843232
	131  -  MemoryUsage of job (MB)
	133628  -  ResidentSetSize of job (KB)
...
040 (391113.032.000) 2024-01-19 11:53:08 Started transferring output files
...
040 (391113.032.000) 2024-01-19 11:53:09 Finished transferring output files
...
005 (391113.032.000) 2024-01-19 11:53:09 Job terminated.
	(1) Normal termination (return value 0)
		Usr 0 00:01:10, Sys 0 00:00:07  -  Run Remote Usage
		Usr 0 00:00:00, Sys 0 00:00:00  -  Run Local Usage
		Usr 0 00:01:10, Sys 0 00:00:07  -  Total Remote Usage
		Usr 0 00:00:00, Sys 0 00:00:00  -  Total Local Usage
	7464079  -  Run Bytes Sent By Job
	183986  -  Run Bytes Received By Job
	7464079  -  Total Bytes Sent By Job
	183986  -  Total Bytes Received By Job
	Partitionable Resources :    Usage  Request Allocated 
	   Cpus                 :                 1         1 
	   Disk (KB)            :     7536      200    128928 
	   Memory (MB)          :      131     3900      3968 

	Job terminated of its own accord at 2024-01-19T02:53:08Z.
...
000 (391114.032.000) 2024-01-19 11:56:30 Job submitted from host: <172.30.1.200:9618?addrs=172.30.1.200-9618&alias=tamsa2.snu.ac.kr&noUDP&sock=schedd_3625_06e6>
...
040 (391114.032.000) 2024-01-19 11:56:34 Started transferring input files
	Transferring to host: <172.30.1.208:9618?addrs=172.30.1.208-9618&alias=node8&noUDP&sock=slot1_44_3811_f1b4_191179>
...
040 (391114.032.000) 2024-01-19 11:56:34 Finished transferring input files
...
001 (391114.032.000) 2024-01-19 11:56:34 Job executing on host: <172.30.1.208:9618?addrs=172.30.1.208-9618&alias=node8&noUDP&sock=startd_3777_494c>
...
006 (391114.032.000) 2024-01-19 11:56:43 Image size of job updated: 651732
	181  -  MemoryUsage of job (MB)
	185056  -  ResidentSetSize of job (KB)
...
006 (391114.032.000) 2024-01-19 11:58:39 Image size of job updated: 846192
	181  -  MemoryUsage of job (MB)
	185056  -  ResidentSetSize of job (KB)
...
040 (391114.032.000) 2024-01-19 11:58:39 Started transferring output files
...
040 (391114.032.000) 2024-01-19 11:58:39 Finished transferring output files
...
005 (391114.032.000) 2024-01-19 11:58:39 Job terminated.
	(1) Normal termination (return value 0)
		Usr 0 00:01:11, Sys 0 00:00:07  -  Run Remote Usage
		Usr 0 00:00:00, Sys 0 00:00:00  -  Run Local Usage
		Usr 0 00:01:11, Sys 0 00:00:07  -  Total Remote Usage
		Usr 0 00:00:00, Sys 0 00:00:00  -  Total Local Usage
	7464183  -  Run Bytes Sent By Job
	183986  -  Run Bytes Received By Job
	7464183  -  Total Bytes Sent By Job
	183986  -  Total Bytes Received By Job
	Partitionable Resources :    Usage  Request Allocated 
	   Cpus                 :                 1         1 
	   Disk (KB)            :     7536      200    128928 
	   Memory (MB)          :      181     3900      3968 

	Job terminated of its own accord at 2024-01-19T02:58:39Z.
...
000 (391115.032.000) 2024-01-19 12:05:54 Job submitted from host: <172.30.1.200:9618?addrs=172.30.1.200-9618&alias=tamsa2.snu.ac.kr&noUDP&sock=schedd_3625_06e6>
...
040 (391115.032.000) 2024-01-19 12:05:58 Started transferring input files
	Transferring to host: <172.30.1.208:9618?addrs=172.30.1.208-9618&alias=node8&noUDP&sock=slot1_45_3811_f1b4_191188>
...
040 (391115.032.000) 2024-01-19 12:05:58 Finished transferring input files
...
001 (391115.032.000) 2024-01-19 12:05:58 Job executing on host: <172.30.1.208:9618?addrs=172.30.1.208-9618&alias=node8&noUDP&sock=startd_3777_494c>
...
006 (391115.032.000) 2024-01-19 12:06:07 Image size of job updated: 185060
	181  -  MemoryUsage of job (MB)
	185060  -  ResidentSetSize of job (KB)
...
006 (391115.032.000) 2024-01-19 12:08:01 Image size of job updated: 845804
	181  -  MemoryUsage of job (MB)
	185060  -  ResidentSetSize of job (KB)
...
040 (391115.032.000) 2024-01-19 12:08:01 Started transferring output files
...
040 (391115.032.000) 2024-01-19 12:08:01 Finished transferring output files
...
005 (391115.032.000) 2024-01-19 12:08:02 Job terminated.
	(1) Normal termination (return value 0)
		Usr 0 00:01:13, Sys 0 00:00:07  -  Run Remote Usage
		Usr 0 00:00:00, Sys 0 00:00:00  -  Run Local Usage
		Usr 0 00:01:13, Sys 0 00:00:07  -  Total Remote Usage
		Usr 0 00:00:00, Sys 0 00:00:00  -  Total Local Usage
	7464183  -  Run Bytes Sent By Job
	184022  -  Run Bytes Received By Job
	7464183  -  Total Bytes Sent By Job
	184022  -  Total Bytes Received By Job
	Partitionable Resources :    Usage  Request Allocated 
	   Cpus                 :                 1         1 
	   Disk (KB)            :     7537      200    128928 
	   Memory (MB)          :      181     3900      3968 

	Job terminated of its own accord at 2024-01-19T03:08:01Z.
...
000 (391116.032.000) 2024-01-19 12:09:38 Job submitted from host: <172.30.1.200:9618?addrs=172.30.1.200-9618&alias=tamsa2.snu.ac.kr&noUDP&sock=schedd_3625_06e6>
...
040 (391116.032.000) 2024-01-19 12:09:41 Started transferring input files
	Transferring to host: <172.30.1.208:9618?addrs=172.30.1.208-9618&alias=node8&noUDP&sock=slot1_45_3811_f1b4_191196>
...
001 (391116.032.000) 2024-01-19 12:09:42 Job executing on host: <172.30.1.208:9618?addrs=172.30.1.208-9618&alias=node8&noUDP&sock=startd_3777_494c>
...
040 (391116.032.000) 2024-01-19 12:09:42 Finished transferring input files
...
006 (391116.032.000) 2024-01-19 12:09:50 Image size of job updated: 570628
	183  -  MemoryUsage of job (MB)
	186740  -  ResidentSetSize of job (KB)
...
006 (391116.032.000) 2024-01-19 12:11:46 Image size of job updated: 846200
	183  -  MemoryUsage of job (MB)
	186744  -  ResidentSetSize of job (KB)
...
040 (391116.032.000) 2024-01-19 12:11:47 Started transferring output files
...
040 (391116.032.000) 2024-01-19 12:11:47 Finished transferring output files
...
005 (391116.032.000) 2024-01-19 12:11:48 Job terminated.
	(1) Normal termination (return value 0)
		Usr 0 00:01:13, Sys 0 00:00:07  -  Run Remote Usage
		Usr 0 00:00:00, Sys 0 00:00:00  -  Run Local Usage
		Usr 0 00:01:13, Sys 0 00:00:07  -  Total Remote Usage
		Usr 0 00:00:00, Sys 0 00:00:00  -  Total Local Usage
	7464207  -  Run Bytes Sent By Job
	184022  -  Run Bytes Received By Job
	7464207  -  Total Bytes Sent By Job
	184022  -  Total Bytes Received By Job
	Partitionable Resources :    Usage  Request Allocated 
	   Cpus                 :     0.18        1         1 
	   Disk (KB)            :  7542         200    128928 
	   Memory (MB)          :   183        3900      3968 

	Job terminated of its own accord at 2024-01-19T03:11:46Z.
...
000 (391117.032.000) 2024-01-19 12:15:27 Job submitted from host: <172.30.1.200:9618?addrs=172.30.1.200-9618&alias=tamsa2.snu.ac.kr&noUDP&sock=schedd_3625_06e6>
...
040 (391117.032.000) 2024-01-19 12:15:34 Started transferring input files
	Transferring to host: <172.30.1.208:9618?addrs=172.30.1.208-9618&alias=node8&noUDP&sock=slot1_46_3811_f1b4_191205>
...
001 (391117.032.000) 2024-01-19 12:15:34 Job executing on host: <172.30.1.208:9618?addrs=172.30.1.208-9618&alias=node8&noUDP&sock=startd_3777_494c>
...
040 (391117.032.000) 2024-01-19 12:15:34 Finished transferring input files
...
006 (391117.032.000) 2024-01-19 12:15:42 Image size of job updated: 511852
	181  -  MemoryUsage of job (MB)
	184592  -  ResidentSetSize of job (KB)
...
006 (391117.032.000) 2024-01-19 12:20:21 Image size of job updated: 867736
	181  -  MemoryUsage of job (MB)
	184592  -  ResidentSetSize of job (KB)
...
040 (391117.032.000) 2024-01-19 12:20:21 Started transferring output files
...
040 (391117.032.000) 2024-01-19 12:20:23 Finished transferring output files
...
005 (391117.032.000) 2024-01-19 12:20:23 Job terminated.
	(1) Normal termination (return value 0)
		Usr 0 00:03:37, Sys 0 00:00:12  -  Run Remote Usage
		Usr 0 00:00:00, Sys 0 00:00:00  -  Run Local Usage
		Usr 0 00:03:37, Sys 0 00:00:12  -  Total Remote Usage
		Usr 0 00:00:00, Sys 0 00:00:00  -  Total Local Usage
	33962340  -  Run Bytes Sent By Job
	184028  -  Run Bytes Received By Job
	33962340  -  Total Bytes Sent By Job
	184028  -  Total Bytes Received By Job
	Partitionable Resources :    Usage  Request Allocated 
	   Cpus                 :     0.30        1         1 
	   Disk (KB)            : 33419         200    128928 
	   Memory (MB)          :   181        3900      3968 

	Job terminated of its own accord at 2024-01-19T03:20:21Z.
...
000 (391118.032.000) 2024-01-19 12:41:45 Job submitted from host: <172.30.1.200:9618?addrs=172.30.1.200-9618&alias=tamsa2.snu.ac.kr&noUDP&sock=schedd_3625_06e6>
...
040 (391118.032.000) 2024-01-19 12:41:52 Started transferring input files
	Transferring to host: <172.30.1.210:9618?addrs=172.30.1.210-9618&alias=node10&noUDP&sock=slot1_41_3822_b1d4_184618>
...
001 (391118.032.000) 2024-01-19 12:41:53 Job executing on host: <172.30.1.210:9618?addrs=172.30.1.210-9618&alias=node10&noUDP&sock=startd_3788_d4d6>
...
040 (391118.032.000) 2024-01-19 12:41:53 Finished transferring input files
...
006 (391118.032.000) 2024-01-19 12:42:01 Image size of job updated: 184576
	181  -  MemoryUsage of job (MB)
	184576  -  ResidentSetSize of job (KB)
...
006 (391118.032.000) 2024-01-19 12:43:48 Image size of job updated: 844900
	181  -  MemoryUsage of job (MB)
	184576  -  ResidentSetSize of job (KB)
...
040 (391118.032.000) 2024-01-19 12:43:48 Started transferring output files
...
040 (391118.032.000) 2024-01-19 12:43:48 Finished transferring output files
...
005 (391118.032.000) 2024-01-19 12:43:48 Job terminated.
	(1) Normal termination (return value 0)
		Usr 0 00:01:13, Sys 0 00:00:07  -  Run Remote Usage
		Usr 0 00:00:00, Sys 0 00:00:00  -  Run Local Usage
		Usr 0 00:01:13, Sys 0 00:00:07  -  Total Remote Usage
		Usr 0 00:00:00, Sys 0 00:00:00  -  Total Local Usage
	7464143  -  Run Bytes Sent By Job
	183796  -  Run Bytes Received By Job
	7464143  -  Total Bytes Sent By Job
	183796  -  Total Bytes Received By Job
	Partitionable Resources :    Usage  Request Allocated 
	   Cpus                 :                 1         1 
	   Disk (KB)            :     7536      200    128928 
	   Memory (MB)          :      181     3900      3968 

	Job terminated of its own accord at 2024-01-19T03:43:48Z.
...
000 (391119.032.000) 2024-01-19 12:47:04 Job submitted from host: <172.30.1.200:9618?addrs=172.30.1.200-9618&alias=tamsa2.snu.ac.kr&noUDP&sock=schedd_3625_06e6>
...
040 (391119.032.000) 2024-01-19 12:47:14 Started transferring input files
	Transferring to host: <172.30.1.209:9618?addrs=172.30.1.209-9618&alias=node9&noUDP&sock=slot1_43_3782_82d3_179354>
...
040 (391119.032.000) 2024-01-19 12:47:14 Finished transferring input files
...
001 (391119.032.000) 2024-01-19 12:47:14 Job executing on host: <172.30.1.209:9618?addrs=172.30.1.209-9618&alias=node9&noUDP&sock=startd_3748_650d>
...
006 (391119.032.000) 2024-01-19 12:47:24 Image size of job updated: 832956
	181  -  MemoryUsage of job (MB)
	185044  -  ResidentSetSize of job (KB)
...
006 (391119.032.000) 2024-01-19 12:51:57 Image size of job updated: 866472
	181  -  MemoryUsage of job (MB)
	185044  -  ResidentSetSize of job (KB)
...
040 (391119.032.000) 2024-01-19 12:51:57 Started transferring output files
...
040 (391119.032.000) 2024-01-19 12:52:00 Finished transferring output files
...
005 (391119.032.000) 2024-01-19 12:52:00 Job terminated.
	(1) Normal termination (return value 0)
		Usr 0 00:03:37, Sys 0 00:00:14  -  Run Remote Usage
		Usr 0 00:00:00, Sys 0 00:00:00  -  Run Local Usage
		Usr 0 00:03:37, Sys 0 00:00:14  -  Total Remote Usage
		Usr 0 00:00:00, Sys 0 00:00:00  -  Total Local Usage
	33501392  -  Run Bytes Sent By Job
	183796  -  Run Bytes Received By Job
	33501392  -  Total Bytes Sent By Job
	183796  -  Total Bytes Received By Job
	Partitionable Resources :    Usage  Request Allocated 
	   Cpus                 :     0.95        1         1 
	   Disk (KB)            : 32969         200    128928 
	   Memory (MB)          :   181        3900      3968 

	Job terminated of its own accord at 2024-01-19T03:51:57Z.
...
000 (391120.032.000) 2024-01-19 13:02:28 Job submitted from host: <172.30.1.200:9618?addrs=172.30.1.200-9618&alias=tamsa2.snu.ac.kr&noUDP&sock=schedd_3625_06e6>
...
040 (391120.032.000) 2024-01-19 13:02:39 Started transferring input files
	Transferring to host: <172.30.1.209:9618?addrs=172.30.1.209-9618&alias=node9&noUDP&sock=slot1_47_3782_82d3_179361>
...
001 (391120.032.000) 2024-01-19 13:02:39 Job executing on host: <172.30.1.209:9618?addrs=172.30.1.209-9618&alias=node9&noUDP&sock=startd_3748_650d>
...
040 (391120.032.000) 2024-01-19 13:02:39 Finished transferring input files
...
006 (391120.032.000) 2024-01-19 13:02:48 Image size of job updated: 755848
	181  -  MemoryUsage of job (MB)
	185068  -  ResidentSetSize of job (KB)
...
006 (391120.032.000) 2024-01-19 13:07:17 Image size of job updated: 870524
	181  -  MemoryUsage of job (MB)
	185068  -  ResidentSetSize of job (KB)
...
040 (391120.032.000) 2024-01-19 13:07:18 Started transferring output files
...
040 (391120.032.000) 2024-01-19 13:07:22 Finished transferring output files
...
005 (391120.032.000) 2024-01-19 13:07:22 Job terminated.
	(1) Normal termination (return value 0)
		Usr 0 00:03:34, Sys 0 00:00:14  -  Run Remote Usage
		Usr 0 00:00:00, Sys 0 00:00:00  -  Run Local Usage
		Usr 0 00:03:34, Sys 0 00:00:14  -  Total Remote Usage
		Usr 0 00:00:00, Sys 0 00:00:00  -  Total Local Usage
	33477092  -  Run Bytes Sent By Job
	183796  -  Run Bytes Received By Job
	33477092  -  Total Bytes Sent By Job
	183796  -  Total Bytes Received By Job
	Partitionable Resources :    Usage  Request Allocated 
	   Cpus                 :     0.65        1         1 
	   Disk (KB)            : 32945         200    128928 
	   Memory (MB)          :   181        3900      3968 

	Job terminated of its own accord at 2024-01-19T04:07:17Z.
...
000 (391131.032.000) 2024-01-19 14:22:45 Job submitted from host: <172.30.1.200:9618?addrs=172.30.1.200-9618&alias=tamsa2.snu.ac.kr&noUDP&sock=schedd_3625_06e6>
...
040 (391131.032.000) 2024-01-19 14:22:53 Started transferring input files
	Transferring to host: <172.30.1.104:9618?addrs=172.30.1.104-9618&alias=n4&noUDP&sock=slot1_2_21200_1157_31950>
...
040 (391131.032.000) 2024-01-19 14:22:53 Finished transferring input files
...
001 (391131.032.000) 2024-01-19 14:22:53 Job executing on host: <172.30.1.104:9618?addrs=172.30.1.104-9618&alias=n4&noUDP&sock=startd_21167_613f>
...
006 (391131.032.000) 2024-01-19 14:23:01 Image size of job updated: 189036
	132  -  MemoryUsage of job (MB)
	134808  -  ResidentSetSize of job (KB)
...
006 (391131.032.000) 2024-01-19 14:28:01 Image size of job updated: 980792
	323  -  MemoryUsage of job (MB)
	330052  -  ResidentSetSize of job (KB)
...
006 (391131.032.000) 2024-01-19 14:28:10 Image size of job updated: 986624
	323  -  MemoryUsage of job (MB)
	330052  -  ResidentSetSize of job (KB)
...
004 (391131.032.000) 2024-01-19 14:28:10 Job was evicted.
	(0) CPU times
		Usr 0 00:04:42, Sys 0 00:00:27  -  Run Remote Usage
		Usr 0 00:00:00, Sys 0 00:00:00  -  Run Local Usage
	0  -  Run Bytes Sent By Job
	183798  -  Run Bytes Received By Job
	Partitionable Resources :    Usage  Request Allocated 
	   Cpus                 :     1.00        1         1 
	   Disk (KB)            :  1291         200     54661 
	   Memory (MB)          :   323        3900      3968 
...
009 (391131.032.000) 2024-01-19 14:28:10 Job was aborted.
	via condor_rm (by user shin)
...
000 (391132.032.000) 2024-01-19 14:30:22 Job submitted from host: <172.30.1.200:9618?addrs=172.30.1.200-9618&alias=tamsa2.snu.ac.kr&noUDP&sock=schedd_3625_06e6>
...
040 (391132.032.000) 2024-01-19 14:30:26 Started transferring input files
	Transferring to host: <172.30.1.104:9618?addrs=172.30.1.104-9618&alias=n4&noUDP&sock=slot1_1_21200_1157_31952>
...
001 (391132.032.000) 2024-01-19 14:30:26 Job executing on host: <172.30.1.104:9618?addrs=172.30.1.104-9618&alias=n4&noUDP&sock=startd_21167_613f>
...
040 (391132.032.000) 2024-01-19 14:30:26 Finished transferring input files
...
006 (391132.032.000) 2024-01-19 14:30:34 Image size of job updated: 144708
	15  -  MemoryUsage of job (MB)
	14816  -  ResidentSetSize of job (KB)
...
006 (391132.032.000) 2024-01-19 14:35:34 Image size of job updated: 875716
	201  -  MemoryUsage of job (MB)
	205400  -  ResidentSetSize of job (KB)
...
000 (391137.032.000) 2024-01-19 14:35:50 Job submitted from host: <172.30.1.200:9618?addrs=172.30.1.200-9618&alias=tamsa2.snu.ac.kr&noUDP&sock=schedd_3625_06e6>
...
040 (391137.032.000) 2024-01-19 14:35:55 Started transferring input files
	Transferring to host: <172.30.1.109:9618?addrs=172.30.1.109-9618&alias=n9&noUDP&sock=slot1_33_4134_86e1_92622>
...
040 (391137.032.000) 2024-01-19 14:35:55 Finished transferring input files
...
001 (391137.032.000) 2024-01-19 14:35:55 Job executing on host: <172.30.1.109:9618?addrs=172.30.1.109-9618&alias=n9&noUDP&sock=startd_4100_d663>
...
004 (391132.032.000) 2024-01-19 14:36:00 Job was evicted.
	(0) CPU times
		Usr 0 00:04:53, Sys 0 00:00:23  -  Run Remote Usage
		Usr 0 00:00:00, Sys 0 00:00:00  -  Run Local Usage
	0  -  Run Bytes Sent By Job
	183608  -  Run Bytes Received By Job
	Partitionable Resources :    Usage  Request Allocated 
	   Cpus                 :     1.00        1         1 
	   Disk (KB)            : 13976         200     54661 
	   Memory (MB)          :   201        3900      3968 
...
009 (391132.032.000) 2024-01-19 14:36:00 Job was aborted.
	via condor_rm (by user shin)
...
006 (391137.032.000) 2024-01-19 14:36:01 Image size of job updated: 230108
	0  -  MemoryUsage of job (MB)
	0  -  ResidentSetSize of job (KB)
...
004 (391137.032.000) 2024-01-19 14:36:01 Job was evicted.
	(0) CPU times
		Usr 0 00:00:00, Sys 0 00:00:00  -  Run Remote Usage
		Usr 0 00:00:00, Sys 0 00:00:00  -  Run Local Usage
	0  -  Run Bytes Sent By Job
	183614  -  Run Bytes Received By Job
	Partitionable Resources :    Usage  Request Allocated 
	   Cpus                 :     0.03        1         1 
	   Disk (KB)            :   235         200    127849 
	   Memory (MB)          :     0        3900      3968 
...
009 (391137.032.000) 2024-01-19 14:36:01 Job was aborted.
	via condor_rm (by user shin)
...
000 (391138.032.000) 2024-01-19 14:36:02 Job submitted from host: <172.30.1.200:9618?addrs=172.30.1.200-9618&alias=tamsa2.snu.ac.kr&noUDP&sock=schedd_3625_06e6>
...
040 (391138.032.000) 2024-01-19 14:36:15 Started transferring input files
	Transferring to host: <172.30.1.201:9618?addrs=172.30.1.201-9618&alias=node1&noUDP&sock=slot1_48_12171_5208_13855>
...
040 (391138.032.000) 2024-01-19 14:36:15 Finished transferring input files
...
001 (391138.032.000) 2024-01-19 14:36:15 Job executing on host: <172.30.1.201:9618?addrs=172.30.1.201-9618&alias=node1&noUDP&sock=startd_12138_3ca4>
...
006 (391138.032.000) 2024-01-19 14:36:24 Image size of job updated: 185996
	182  -  MemoryUsage of job (MB)
	185996  -  ResidentSetSize of job (KB)
...
006 (391138.032.000) 2024-01-19 14:41:25 Image size of job updated: 875940
	206  -  MemoryUsage of job (MB)
	210828  -  ResidentSetSize of job (KB)
...
006 (391138.032.000) 2024-01-19 14:43:44 Image size of job updated: 876396
	206  -  MemoryUsage of job (MB)
	210828  -  ResidentSetSize of job (KB)
...
040 (391138.032.000) 2024-01-19 14:43:45 Started transferring output files
...
040 (391138.032.000) 2024-01-19 14:43:46 Finished transferring output files
...
005 (391138.032.000) 2024-01-19 14:43:46 Job terminated.
	(1) Normal termination (return value 0)
		Usr 0 00:06:24, Sys 0 00:00:24  -  Run Remote Usage
		Usr 0 00:00:00, Sys 0 00:00:00  -  Run Local Usage
		Usr 0 00:06:24, Sys 0 00:00:24  -  Total Remote Usage
		Usr 0 00:00:00, Sys 0 00:00:00  -  Total Local Usage
	33247388  -  Run Bytes Sent By Job
	183614  -  Run Bytes Received By Job
	33247388  -  Total Bytes Sent By Job
	183614  -  Total Bytes Received By Job
	Partitionable Resources :    Usage  Request Allocated 
	   Cpus                 :     0.98        1         1 
	   Disk (KB)            : 32720         200    128990 
	   Memory (MB)          :   206        3900      3968 

	Job terminated of its own accord at 2024-01-19T05:43:44Z.
...
000 (391139.032.000) 2024-01-19 14:48:50 Job submitted from host: <172.30.1.200:9618?addrs=172.30.1.200-9618&alias=tamsa2.snu.ac.kr&noUDP&sock=schedd_3625_06e6>
...
040 (391139.032.000) 2024-01-19 14:48:53 Started transferring input files
	Transferring to host: <172.30.1.201:9618?addrs=172.30.1.201-9618&alias=node1&noUDP&sock=slot1_47_12171_5208_13861>
...
001 (391139.032.000) 2024-01-19 14:48:54 Job executing on host: <172.30.1.201:9618?addrs=172.30.1.201-9618&alias=node1&noUDP&sock=startd_12138_3ca4>
...
040 (391139.032.000) 2024-01-19 14:48:54 Finished transferring input files
...
006 (391139.032.000) 2024-01-19 14:49:02 Image size of job updated: 612180
	171  -  MemoryUsage of job (MB)
	174652  -  ResidentSetSize of job (KB)
...
006 (391139.032.000) 2024-01-19 14:52:18 Image size of job updated: 879836
	171  -  MemoryUsage of job (MB)
	174652  -  ResidentSetSize of job (KB)
...
004 (391139.032.000) 2024-01-19 14:52:18 Job was evicted.
	(0) CPU times
		Usr 0 00:02:48, Sys 0 00:00:10  -  Run Remote Usage
		Usr 0 00:00:00, Sys 0 00:00:00  -  Run Local Usage
	0  -  Run Bytes Sent By Job
	183618  -  Run Bytes Received By Job
	Partitionable Resources :    Usage  Request Allocated 
	   Cpus                 :     0.99        1         1 
	   Disk (KB)            :  7327         200    128990 
	   Memory (MB)          :   171        3900      3968 
...
009 (391139.032.000) 2024-01-19 14:52:18 Job was aborted.
	via condor_rm (by user shin)
...
000 (391140.032.000) 2024-01-19 14:52:19 Job submitted from host: <172.30.1.200:9618?addrs=172.30.1.200-9618&alias=tamsa2.snu.ac.kr&noUDP&sock=schedd_3625_06e6>
...
040 (391140.032.000) 2024-01-19 14:52:23 Started transferring input files
	Transferring to host: <172.30.1.201:9618?addrs=172.30.1.201-9618&alias=node1&noUDP&sock=slot1_47_12171_5208_13868>
...
001 (391140.032.000) 2024-01-19 14:52:23 Job executing on host: <172.30.1.201:9618?addrs=172.30.1.201-9618&alias=node1&noUDP&sock=startd_12138_3ca4>
...
040 (391140.032.000) 2024-01-19 14:52:23 Finished transferring input files
...
006 (391140.032.000) 2024-01-19 14:52:31 Image size of job updated: 186720
	183  -  MemoryUsage of job (MB)
	186720  -  ResidentSetSize of job (KB)
...
006 (391140.032.000) 2024-01-19 14:57:31 Image size of job updated: 873716
	205  -  MemoryUsage of job (MB)
	209032  -  ResidentSetSize of job (KB)
...
006 (391140.032.000) 2024-01-19 14:59:52 Image size of job updated: 876368
	205  -  MemoryUsage of job (MB)
	209036  -  ResidentSetSize of job (KB)
...
040 (391140.032.000) 2024-01-19 14:59:52 Started transferring output files
...
040 (391140.032.000) 2024-01-19 14:59:53 Finished transferring output files
...
005 (391140.032.000) 2024-01-19 14:59:53 Job terminated.
	(1) Normal termination (return value 0)
		Usr 0 00:06:26, Sys 0 00:00:24  -  Run Remote Usage
		Usr 0 00:00:00, Sys 0 00:00:00  -  Run Local Usage
		Usr 0 00:06:26, Sys 0 00:00:24  -  Total Remote Usage
		Usr 0 00:00:00, Sys 0 00:00:00  -  Total Local Usage
	33204512  -  Run Bytes Sent By Job
	183636  -  Run Bytes Received By Job
	33204512  -  Total Bytes Sent By Job
	183636  -  Total Bytes Received By Job
	Partitionable Resources :    Usage  Request Allocated 
	   Cpus                 :     0.92        1         1 
	   Disk (KB)            : 32679         200    128990 
	   Memory (MB)          :   205        3900      3968 

	Job terminated of its own accord at 2024-01-19T05:59:52Z.
...
000 (391145.032.000) 2024-01-19 15:59:26 Job submitted from host: <172.30.1.200:9618?addrs=172.30.1.200-9618&alias=tamsa2.snu.ac.kr&noUDP&sock=schedd_3625_06e6>
...
040 (391145.032.000) 2024-01-19 15:59:29 Started transferring input files
	Transferring to host: <172.30.1.104:9618?addrs=172.30.1.104-9618&alias=n4&noUDP&sock=slot1_12_21200_1157_31994>
...
001 (391145.032.000) 2024-01-19 15:59:29 Job executing on host: <172.30.1.104:9618?addrs=172.30.1.104-9618&alias=n4&noUDP&sock=startd_21167_613f>
...
040 (391145.032.000) 2024-01-19 15:59:29 Finished transferring input files
...
006 (391145.032.000) 2024-01-19 15:59:37 Image size of job updated: 200144
	81  -  MemoryUsage of job (MB)
	82892  -  ResidentSetSize of job (KB)
...
006 (391145.032.000) 2024-01-19 16:04:37 Image size of job updated: 872772
	200  -  MemoryUsage of job (MB)
	203832  -  ResidentSetSize of job (KB)
...
040 (391145.032.000) 2024-01-19 16:05:06 Started transferring output files
...
040 (391145.032.000) 2024-01-19 16:05:16 Finished transferring output files
...
005 (391145.032.000) 2024-01-19 16:05:16 Job terminated.
	(1) Normal termination (return value 0)
		Usr 0 00:05:02, Sys 0 00:00:20  -  Run Remote Usage
		Usr 0 00:00:00, Sys 0 00:00:00  -  Run Local Usage
		Usr 0 00:05:02, Sys 0 00:00:20  -  Total Remote Usage
		Usr 0 00:00:00, Sys 0 00:00:00  -  Total Local Usage
	32160750  -  Run Bytes Sent By Job
	184262  -  Run Bytes Received By Job
	32160750  -  Total Bytes Sent By Job
	184262  -  Total Bytes Received By Job
	Partitionable Resources :    Usage  Request Allocated 
	   Cpus                 :     1.00        1         1 
	   Disk (KB)            : 31660         200     54661 
	   Memory (MB)          :   200        3900      3968 

	Job terminated of its own accord at 2024-01-19T07:05:06Z.
...
000 (391151.032.000) 2024-01-19 16:45:38 Job submitted from host: <172.30.1.200:9618?addrs=172.30.1.200-9618&alias=tamsa2.snu.ac.kr&noUDP&sock=schedd_3625_06e6>
...
040 (391151.032.000) 2024-01-19 16:45:47 Started transferring input files
	Transferring to host: <172.30.1.201:9618?addrs=172.30.1.201-9618&alias=node1&noUDP&sock=slot1_42_12171_5208_13929>
...
001 (391151.032.000) 2024-01-19 16:45:47 Job executing on host: <172.30.1.201:9618?addrs=172.30.1.201-9618&alias=node1&noUDP&sock=startd_12138_3ca4>
...
040 (391151.032.000) 2024-01-19 16:45:47 Finished transferring input files
...
006 (391151.032.000) 2024-01-19 16:45:56 Image size of job updated: 201800
	181  -  MemoryUsage of job (MB)
	184532  -  ResidentSetSize of job (KB)
...
000 (391152.032.000) 2024-01-19 16:46:33 Job submitted from host: <172.30.1.200:9618?addrs=172.30.1.200-9618&alias=tamsa2.snu.ac.kr&noUDP&sock=schedd_3625_06e6>
...
040 (391152.032.000) 2024-01-19 16:46:37 Started transferring input files
	Transferring to host: <172.30.1.106:9618?addrs=172.30.1.106-9618&alias=n6&noUDP&sock=slot1_5_3378_db42_31765>
...
001 (391152.032.000) 2024-01-19 16:46:37 Job executing on host: <172.30.1.106:9618?addrs=172.30.1.106-9618&alias=n6&noUDP&sock=startd_3343_9931>
...
040 (391152.032.000) 2024-01-19 16:46:37 Finished transferring input files
...
006 (391152.032.000) 2024-01-19 16:46:46 Image size of job updated: 50132
	0  -  MemoryUsage of job (MB)
	0  -  ResidentSetSize of job (KB)
...
004 (391152.032.000) 2024-01-19 16:46:46 Job was evicted.
	(0) CPU times
		Usr 0 00:00:00, Sys 0 00:00:00  -  Run Remote Usage
		Usr 0 00:00:00, Sys 0 00:00:00  -  Run Local Usage
	0  -  Run Bytes Sent By Job
	184253  -  Run Bytes Received By Job
	Partitionable Resources :    Usage  Request Allocated 
	   Cpus                 :     0.06        1         1 
	   Disk (KB)            :   236         200     61880 
	   Memory (MB)          :     0        3900      3968 
...
009 (391152.032.000) 2024-01-19 16:46:46 Job was aborted.
	via condor_rm (by user shin)
...
006 (391151.032.000) 2024-01-19 16:47:35 Image size of job updated: 835568
	181  -  MemoryUsage of job (MB)
	184532  -  ResidentSetSize of job (KB)
...
004 (391151.032.000) 2024-01-19 16:47:35 Job was evicted.
	(0) CPU times
		Usr 0 00:01:04, Sys 0 00:00:06  -  Run Remote Usage
		Usr 0 00:00:00, Sys 0 00:00:00  -  Run Local Usage
	0  -  Run Bytes Sent By Job
	184253  -  Run Bytes Received By Job
	Partitionable Resources :    Usage  Request Allocated 
	   Cpus                 :     0.82        1         1 
	   Disk (KB)            :  3322         200    128990 
	   Memory (MB)          :   181        3900      3968 
...
009 (391151.032.000) 2024-01-19 16:47:36 Job was aborted.
	via condor_rm (by user shin)
...
000 (391153.032.000) 2024-01-19 16:47:37 Job submitted from host: <172.30.1.200:9618?addrs=172.30.1.200-9618&alias=tamsa2.snu.ac.kr&noUDP&sock=schedd_3625_06e6>
...
040 (391153.032.000) 2024-01-19 16:47:59 Started transferring input files
	Transferring to host: <172.30.1.203:9618?addrs=172.30.1.203-9618&alias=node3&noUDP&sock=slot1_46_24221_a2b2_52054>
...
001 (391153.032.000) 2024-01-19 16:47:59 Job executing on host: <172.30.1.203:9618?addrs=172.30.1.203-9618&alias=node3&noUDP&sock=startd_24188_88db>
...
040 (391153.032.000) 2024-01-19 16:47:59 Finished transferring input files
...
006 (391153.032.000) 2024-01-19 16:48:08 Image size of job updated: 832936
	183  -  MemoryUsage of job (MB)
	186736  -  ResidentSetSize of job (KB)
...
006 (391153.032.000) 2024-01-19 16:50:06 Image size of job updated: 846504
	183  -  MemoryUsage of job (MB)
	186736  -  ResidentSetSize of job (KB)
...
040 (391153.032.000) 2024-01-19 16:50:06 Started transferring output files
...
040 (391153.032.000) 2024-01-19 16:50:06 Finished transferring output files
...
005 (391153.032.000) 2024-01-19 16:50:06 Job terminated.
	(1) Normal termination (return value 0)
		Usr 0 00:01:16, Sys 0 00:00:07  -  Run Remote Usage
		Usr 0 00:00:00, Sys 0 00:00:00  -  Run Local Usage
		Usr 0 00:01:16, Sys 0 00:00:07  -  Total Remote Usage
		Usr 0 00:00:00, Sys 0 00:00:00  -  Total Local Usage
	7470439  -  Run Bytes Sent By Job
	184257  -  Run Bytes Received By Job
	7470439  -  Total Bytes Sent By Job
	184257  -  Total Bytes Received By Job
	Partitionable Resources :    Usage  Request Allocated 
	   Cpus                 :     0.70        1         1 
	   Disk (KB)            :  7548         200    128924 
	   Memory (MB)          :   183        3900      3968 

	Job terminated of its own accord at 2024-01-19T07:50:06Z.
...
000 (391154.032.000) 2024-01-19 16:50:49 Job submitted from host: <172.30.1.200:9618?addrs=172.30.1.200-9618&alias=tamsa2.snu.ac.kr&noUDP&sock=schedd_3625_06e6>
...
040 (391154.032.000) 2024-01-19 16:50:53 Started transferring input files
	Transferring to host: <172.30.1.203:9618?addrs=172.30.1.203-9618&alias=node3&noUDP&sock=slot1_44_24221_a2b2_52061>
...
040 (391154.032.000) 2024-01-19 16:50:53 Finished transferring input files
...
001 (391154.032.000) 2024-01-19 16:50:53 Job executing on host: <172.30.1.203:9618?addrs=172.30.1.203-9618&alias=node3&noUDP&sock=startd_24188_88db>
...
006 (391154.032.000) 2024-01-19 16:51:01 Image size of job updated: 470248
	181  -  MemoryUsage of job (MB)
	184688  -  ResidentSetSize of job (KB)
...
006 (391154.032.000) 2024-01-19 16:56:01 Image size of job updated: 871744
	181  -  MemoryUsage of job (MB)
	184688  -  ResidentSetSize of job (KB)
...
006 (391154.032.000) 2024-01-19 16:57:41 Image size of job updated: 872228
	181  -  MemoryUsage of job (MB)
	184688  -  ResidentSetSize of job (KB)
...
040 (391154.032.000) 2024-01-19 16:57:41 Started transferring output files
...
040 (391154.032.000) 2024-01-19 16:57:42 Finished transferring output files
...
005 (391154.032.000) 2024-01-19 16:57:42 Job terminated.
	(1) Normal termination (return value 0)
		Usr 0 00:05:54, Sys 0 00:00:19  -  Run Remote Usage
		Usr 0 00:00:00, Sys 0 00:00:00  -  Run Local Usage
		Usr 0 00:05:54, Sys 0 00:00:19  -  Total Remote Usage
		Usr 0 00:00:00, Sys 0 00:00:00  -  Total Local Usage
	32643208  -  Run Bytes Sent By Job
	184256  -  Run Bytes Received By Job
	32643208  -  Total Bytes Sent By Job
	184256  -  Total Bytes Received By Job
	Partitionable Resources :    Usage  Request Allocated 
	   Cpus                 :     0.97        1         1 
	   Disk (KB)            : 32131         200    128924 
	   Memory (MB)          :   181        3900      3968 

	Job terminated of its own accord at 2024-01-19T07:57:41Z.
...
000 (391155.032.000) 2024-01-19 17:22:15 Job submitted from host: <172.30.1.200:9618?addrs=172.30.1.200-9618&alias=tamsa2.snu.ac.kr&noUDP&sock=schedd_3625_06e6>
...
040 (391155.032.000) 2024-01-19 17:22:18 Started transferring input files
	Transferring to host: <172.30.1.203:9618?addrs=172.30.1.203-9618&alias=node3&noUDP&sock=slot1_41_24221_a2b2_52075>
...
001 (391155.032.000) 2024-01-19 17:22:19 Job executing on host: <172.30.1.203:9618?addrs=172.30.1.203-9618&alias=node3&noUDP&sock=startd_24188_88db>
...
040 (391155.032.000) 2024-01-19 17:22:19 Finished transferring input files
...
006 (391155.032.000) 2024-01-19 17:22:27 Image size of job updated: 756600
	181  -  MemoryUsage of job (MB)
	185044  -  ResidentSetSize of job (KB)
...
006 (391155.032.000) 2024-01-19 17:24:18 Image size of job updated: 844624
	181  -  MemoryUsage of job (MB)
	185044  -  ResidentSetSize of job (KB)
...
040 (391155.032.000) 2024-01-19 17:24:18 Started transferring output files
...
040 (391155.032.000) 2024-01-19 17:24:18 Finished transferring output files
...
005 (391155.032.000) 2024-01-19 17:24:18 Job terminated.
	(1) Normal termination (return value 0)
		Usr 0 00:01:11, Sys 0 00:00:07  -  Run Remote Usage
		Usr 0 00:00:00, Sys 0 00:00:00  -  Run Local Usage
		Usr 0 00:01:11, Sys 0 00:00:07  -  Total Remote Usage
		Usr 0 00:00:00, Sys 0 00:00:00  -  Total Local Usage
	7465407  -  Run Bytes Sent By Job
	186554  -  Run Bytes Received By Job
	7465407  -  Total Bytes Sent By Job
	186554  -  Total Bytes Received By Job
	Partitionable Resources :    Usage  Request Allocated 
	   Cpus                 :     0.58        1         1 
	   Disk (KB)            :  7546         200    128924 
	   Memory (MB)          :   181        3900      3968 

	Job terminated of its own accord at 2024-01-19T08:24:18Z.
...
000 (391156.032.000) 2024-01-19 17:29:00 Job submitted from host: <172.30.1.200:9618?addrs=172.30.1.200-9618&alias=tamsa2.snu.ac.kr&noUDP&sock=schedd_3625_06e6>
...
040 (391156.032.000) 2024-01-19 17:29:04 Started transferring input files
	Transferring to host: <172.30.1.209:9618?addrs=172.30.1.209-9618&alias=node9&noUDP&sock=slot1_48_3782_82d3_179465>
...
001 (391156.032.000) 2024-01-19 17:29:04 Job executing on host: <172.30.1.209:9618?addrs=172.30.1.209-9618&alias=node9&noUDP&sock=startd_3748_650d>
...
040 (391156.032.000) 2024-01-19 17:29:04 Finished transferring input files
...
006 (391156.032.000) 2024-01-19 17:29:13 Image size of job updated: 186728
	183  -  MemoryUsage of job (MB)
	186728  -  ResidentSetSize of job (KB)
...
006 (391156.032.000) 2024-01-19 17:31:01 Image size of job updated: 845996
	183  -  MemoryUsage of job (MB)
	186728  -  ResidentSetSize of job (KB)
...
040 (391156.032.000) 2024-01-19 17:31:01 Started transferring output files
...
040 (391156.032.000) 2024-01-19 17:31:02 Finished transferring output files
...
005 (391156.032.000) 2024-01-19 17:31:02 Job terminated.
	(1) Normal termination (return value 0)
		Usr 0 00:01:10, Sys 0 00:00:07  -  Run Remote Usage
		Usr 0 00:00:00, Sys 0 00:00:00  -  Run Local Usage
		Usr 0 00:01:10, Sys 0 00:00:07  -  Total Remote Usage
		Usr 0 00:00:00, Sys 0 00:00:00  -  Total Local Usage
	7465407  -  Run Bytes Sent By Job
	186554  -  Run Bytes Received By Job
	7465407  -  Total Bytes Sent By Job
	186554  -  Total Bytes Received By Job
	Partitionable Resources :    Usage  Request Allocated 
	   Cpus                 :     0.06        1         1 
	   Disk (KB)            :  7546         200    128928 
	   Memory (MB)          :   183        3900      3968 

	Job terminated of its own accord at 2024-01-19T08:31:01Z.
...
000 (391161.032.000) 2024-01-19 17:33:03 Job submitted from host: <172.30.1.200:9618?addrs=172.30.1.200-9618&alias=tamsa2.snu.ac.kr&noUDP&sock=schedd_3625_06e6>
...
040 (391161.032.000) 2024-01-19 17:33:07 Started transferring input files
	Transferring to host: <172.30.1.209:9618?addrs=172.30.1.209-9618&alias=node9&noUDP&sock=slot1_48_3782_82d3_179476>
...
001 (391161.032.000) 2024-01-19 17:33:07 Job executing on host: <172.30.1.209:9618?addrs=172.30.1.209-9618&alias=node9&noUDP&sock=startd_3748_650d>
...
040 (391161.032.000) 2024-01-19 17:33:07 Finished transferring input files
...
006 (391161.032.000) 2024-01-19 17:33:17 Image size of job updated: 186740
	183  -  MemoryUsage of job (MB)
	186740  -  ResidentSetSize of job (KB)
...
006 (391161.032.000) 2024-01-19 17:34:58 Image size of job updated: 845980
	183  -  MemoryUsage of job (MB)
	186740  -  ResidentSetSize of job (KB)
...
040 (391161.032.000) 2024-01-19 17:34:58 Started transferring output files
...
040 (391161.032.000) 2024-01-19 17:34:58 Finished transferring output files
...
005 (391161.032.000) 2024-01-19 17:34:58 Job terminated.
	(1) Normal termination (return value 0)
		Usr 0 00:01:10, Sys 0 00:00:07  -  Run Remote Usage
		Usr 0 00:00:00, Sys 0 00:00:00  -  Run Local Usage
		Usr 0 00:01:10, Sys 0 00:00:07  -  Total Remote Usage
		Usr 0 00:00:00, Sys 0 00:00:00  -  Total Local Usage
	7469647  -  Run Bytes Sent By Job
	186686  -  Run Bytes Received By Job
	7469647  -  Total Bytes Sent By Job
	186686  -  Total Bytes Received By Job
	Partitionable Resources :    Usage  Request Allocated 
	   Cpus                 :                 1         1 
	   Disk (KB)            :     7545      200    128928 
	   Memory (MB)          :      183     3900      3968 

	Job terminated of its own accord at 2024-01-19T08:34:58Z.
...
000 (391162.032.000) 2024-01-19 17:42:17 Job submitted from host: <172.30.1.200:9618?addrs=172.30.1.200-9618&alias=tamsa2.snu.ac.kr&noUDP&sock=schedd_3625_06e6>
...
040 (391162.032.000) 2024-01-19 17:42:29 Started transferring input files
	Transferring to host: <172.30.1.209:9618?addrs=172.30.1.209-9618&alias=node9&noUDP&sock=slot1_47_3782_82d3_179495>
...
001 (391162.032.000) 2024-01-19 17:42:29 Job executing on host: <172.30.1.209:9618?addrs=172.30.1.209-9618&alias=node9&noUDP&sock=startd_3748_650d>
...
040 (391162.032.000) 2024-01-19 17:42:29 Finished transferring input files
...
006 (391162.032.000) 2024-01-19 17:42:38 Image size of job updated: 185388
	182  -  MemoryUsage of job (MB)
	185388  -  ResidentSetSize of job (KB)
...
006 (391162.032.000) 2024-01-19 17:44:19 Image size of job updated: 845988
	182  -  MemoryUsage of job (MB)
	185388  -  ResidentSetSize of job (KB)
...
040 (391162.032.000) 2024-01-19 17:44:19 Started transferring output files
...
040 (391162.032.000) 2024-01-19 17:44:20 Finished transferring output files
...
005 (391162.032.000) 2024-01-19 17:44:20 Job terminated.
	(1) Normal termination (return value 0)
		Usr 0 00:01:10, Sys 0 00:00:07  -  Run Remote Usage
		Usr 0 00:00:00, Sys 0 00:00:00  -  Run Local Usage
		Usr 0 00:01:10, Sys 0 00:00:07  -  Total Remote Usage
		Usr 0 00:00:00, Sys 0 00:00:00  -  Total Local Usage
	7465015  -  Run Bytes Sent By Job
	187104  -  Run Bytes Received By Job
	7465015  -  Total Bytes Sent By Job
	187104  -  Total Bytes Received By Job
	Partitionable Resources :    Usage  Request Allocated 
	   Cpus                 :                 1         1 
	   Disk (KB)            :     7540      200    128928 
	   Memory (MB)          :      182     3900      3968 

	Job terminated of its own accord at 2024-01-19T08:44:19Z.
...
000 (391163.032.000) 2024-01-19 17:55:44 Job submitted from host: <172.30.1.200:9618?addrs=172.30.1.200-9618&alias=tamsa2.snu.ac.kr&noUDP&sock=schedd_3625_06e6>
...
040 (391163.032.000) 2024-01-19 17:55:57 Started transferring input files
	Transferring to host: <172.30.1.111:9618?addrs=172.30.1.111-9618&alias=n11&noUDP&sock=slot1_13_4271_0e47_38755>
...
040 (391163.032.000) 2024-01-19 17:55:57 Finished transferring input files
...
001 (391163.032.000) 2024-01-19 17:55:57 Job executing on host: <172.30.1.111:9618?addrs=172.30.1.111-9618&alias=n11&noUDP&sock=startd_4237_cedc>
...
006 (391163.032.000) 2024-01-19 17:56:06 Image size of job updated: 276820
	84  -  MemoryUsage of job (MB)
	85044  -  ResidentSetSize of job (KB)
...
006 (391163.032.000) 2024-01-19 17:59:04 Image size of job updated: 871536
	84  -  MemoryUsage of job (MB)
	85668  -  ResidentSetSize of job (KB)
...
040 (391163.032.000) 2024-01-19 17:59:04 Started transferring output files
...
040 (391163.032.000) 2024-01-19 17:59:16 Finished transferring output files
...
005 (391163.032.000) 2024-01-19 17:59:17 Job terminated.
	(1) Normal termination (return value 0)
		Usr 0 00:02:19, Sys 0 00:00:07  -  Run Remote Usage
		Usr 0 00:00:00, Sys 0 00:00:00  -  Run Local Usage
		Usr 0 00:02:19, Sys 0 00:00:07  -  Total Remote Usage
		Usr 0 00:00:00, Sys 0 00:00:00  -  Total Local Usage
	34328308  -  Run Bytes Sent By Job
	186100  -  Run Bytes Received By Job
	34328308  -  Total Bytes Sent By Job
	186100  -  Total Bytes Received By Job
	Partitionable Resources :    Usage  Request Allocated 
	   Cpus                 :                 1         1 
	   Disk (KB)            :    33773      200    127752 
	   GPUs                 :                           0 
	   Memory (MB)          :       84     3900      3968 

	Job terminated of its own accord at 2024-01-19T08:59:04Z.
...
000 (391164.032.000) 2024-01-19 18:03:23 Job submitted from host: <172.30.1.200:9618?addrs=172.30.1.200-9618&alias=tamsa2.snu.ac.kr&noUDP&sock=schedd_3625_06e6>
...
040 (391164.032.000) 2024-01-19 18:03:39 Started transferring input files
	Transferring to host: <172.30.1.101:9618?addrs=172.30.1.101-9618&alias=n1&noUDP&sock=slot1_51_3437_6d65_45395>
...
040 (391164.032.000) 2024-01-19 18:03:39 Finished transferring input files
...
001 (391164.032.000) 2024-01-19 18:03:39 Job executing on host: <172.30.1.101:9618?addrs=172.30.1.101-9618&alias=n1&noUDP&sock=startd_3403_c0e0>
...
006 (391164.032.000) 2024-01-19 18:03:49 Image size of job updated: 108364
	106  -  MemoryUsage of job (MB)
	108364  -  ResidentSetSize of job (KB)
...
006 (391164.032.000) 2024-01-19 18:08:49 Image size of job updated: 870868
	183  -  MemoryUsage of job (MB)
	186452  -  ResidentSetSize of job (KB)
...
006 (391164.032.000) 2024-01-19 18:13:30 Image size of job updated: 874932
	183  -  MemoryUsage of job (MB)
	186452  -  ResidentSetSize of job (KB)
...
040 (391164.032.000) 2024-01-19 18:13:31 Started transferring output files
...
040 (391164.032.000) 2024-01-19 18:13:33 Finished transferring output files
...
005 (391164.032.000) 2024-01-19 18:13:33 Job terminated.
	(1) Normal termination (return value 0)
		Usr 0 00:08:47, Sys 0 00:00:36  -  Run Remote Usage
		Usr 0 00:00:00, Sys 0 00:00:00  -  Run Local Usage
		Usr 0 00:08:47, Sys 0 00:00:36  -  Total Remote Usage
		Usr 0 00:00:00, Sys 0 00:00:00  -  Total Local Usage
	61027264  -  Run Bytes Sent By Job
	186386  -  Run Bytes Received By Job
	61027264  -  Total Bytes Sent By Job
	186386  -  Total Bytes Received By Job
	Partitionable Resources :    Usage  Request Allocated 
	   Cpus                 :     0.88        1         1 
	   Disk (KB)            : 59852         200    127948 
	   Memory (MB)          :   183        3900      3968 

	Job terminated of its own accord at 2024-01-19T09:13:30Z.
...
000 (391165.032.000) 2024-01-19 22:41:31 Job submitted from host: <172.30.1.200:9618?addrs=172.30.1.200-9618&alias=tamsa2.snu.ac.kr&noUDP&sock=schedd_3625_06e6>
...
040 (391165.032.000) 2024-01-19 22:41:33 Started transferring input files
	Transferring to host: <172.30.1.208:9618?addrs=172.30.1.208-9618&alias=node8&noUDP&sock=slot1_1_3811_f1b4_191455>
...
001 (391165.032.000) 2024-01-19 22:41:34 Job executing on host: <172.30.1.208:9618?addrs=172.30.1.208-9618&alias=node8&noUDP&sock=startd_3777_494c>
...
040 (391165.032.000) 2024-01-19 22:41:34 Finished transferring input files
...
006 (391165.032.000) 2024-01-19 22:41:42 Image size of job updated: 230124
	74  -  MemoryUsage of job (MB)
	75364  -  ResidentSetSize of job (KB)
...
006 (391165.032.000) 2024-01-19 22:43:10 Image size of job updated: 843236
	74  -  MemoryUsage of job (MB)
	75364  -  ResidentSetSize of job (KB)
...
040 (391165.032.000) 2024-01-19 22:43:10 Started transferring output files
...
040 (391165.032.000) 2024-01-19 22:43:14 Finished transferring output files
...
005 (391165.032.000) 2024-01-19 22:43:14 Job terminated.
	(1) Normal termination (return value 0)
		Usr 0 00:00:48, Sys 0 00:00:05  -  Run Remote Usage
		Usr 0 00:00:00, Sys 0 00:00:00  -  Run Local Usage
		Usr 0 00:00:48, Sys 0 00:00:05  -  Total Remote Usage
		Usr 0 00:00:00, Sys 0 00:00:00  -  Total Local Usage
	7473695  -  Run Bytes Sent By Job
	185908  -  Run Bytes Received By Job
	7473695  -  Total Bytes Sent By Job
	185908  -  Total Bytes Received By Job
	Partitionable Resources :    Usage  Request Allocated 
	   Cpus                 :                 1         1 
	   Disk (KB)            :     7548      200    128928 
	   Memory (MB)          :       74     3900      3968 

	Job terminated of its own accord at 2024-01-19T13:43:10Z.
...
000 (391166.032.000) 2024-01-19 22:44:51 Job submitted from host: <172.30.1.200:9618?addrs=172.30.1.200-9618&alias=tamsa2.snu.ac.kr&noUDP&sock=schedd_3625_06e6>
...
040 (391166.032.000) 2024-01-19 22:45:00 Started transferring input files
	Transferring to host: <172.30.1.208:9618?addrs=172.30.1.208-9618&alias=node8&noUDP&sock=slot1_1_3811_f1b4_191464>
...
001 (391166.032.000) 2024-01-19 22:45:00 Job executing on host: <172.30.1.208:9618?addrs=172.30.1.208-9618&alias=node8&noUDP&sock=startd_3777_494c>
...
040 (391166.032.000) 2024-01-19 22:45:00 Finished transferring input files
...
006 (391166.032.000) 2024-01-19 22:45:08 Image size of job updated: 846276
	190  -  MemoryUsage of job (MB)
	194428  -  ResidentSetSize of job (KB)
...
006 (391166.032.000) 2024-01-19 22:48:58 Image size of job updated: 875384
	190  -  MemoryUsage of job (MB)
	194428  -  ResidentSetSize of job (KB)
...
040 (391166.032.000) 2024-01-19 22:48:58 Started transferring output files
...
040 (391166.032.000) 2024-01-19 22:49:07 Finished transferring output files
...
005 (391166.032.000) 2024-01-19 22:49:07 Job terminated.
	(1) Normal termination (return value 0)
		Usr 0 00:03:41, Sys 0 00:00:11  -  Run Remote Usage
		Usr 0 00:00:00, Sys 0 00:00:00  -  Run Local Usage
		Usr 0 00:03:41, Sys 0 00:00:11  -  Total Remote Usage
		Usr 0 00:00:00, Sys 0 00:00:00  -  Total Local Usage
	32621064  -  Run Bytes Sent By Job
	185911  -  Run Bytes Received By Job
	32621064  -  Total Bytes Sent By Job
	185911  -  Total Bytes Received By Job
	Partitionable Resources :    Usage  Request Allocated 
	   Cpus                 :     0.79        1         1 
	   Disk (KB)            : 32111         200    128928 
	   Memory (MB)          :   190        3900      3968 

	Job terminated of its own accord at 2024-01-19T13:48:58Z.
...
000 (391167.032.000) 2024-01-19 22:57:44 Job submitted from host: <172.30.1.200:9618?addrs=172.30.1.200-9618&alias=tamsa2.snu.ac.kr&noUDP&sock=schedd_3625_06e6>
...
040 (391167.032.000) 2024-01-19 22:57:46 Started transferring input files
	Transferring to host: <172.30.1.208:9618?addrs=172.30.1.208-9618&alias=node8&noUDP&sock=slot1_7_3811_f1b4_191476>
...
001 (391167.032.000) 2024-01-19 22:57:46 Job executing on host: <172.30.1.208:9618?addrs=172.30.1.208-9618&alias=node8&noUDP&sock=startd_3777_494c>
...
040 (391167.032.000) 2024-01-19 22:57:46 Finished transferring input files
...
006 (391167.032.000) 2024-01-19 22:57:55 Image size of job updated: 832936
	183  -  MemoryUsage of job (MB)
	186744  -  ResidentSetSize of job (KB)
...
006 (391167.032.000) 2024-01-19 23:01:43 Image size of job updated: 875448
	183  -  MemoryUsage of job (MB)
	186744  -  ResidentSetSize of job (KB)
...
040 (391167.032.000) 2024-01-19 23:01:43 Started transferring output files
...
040 (391167.032.000) 2024-01-19 23:01:46 Finished transferring output files
...
005 (391167.032.000) 2024-01-19 23:01:46 Job terminated.
	(1) Normal termination (return value 0)
		Usr 0 00:03:35, Sys 0 00:00:11  -  Run Remote Usage
		Usr 0 00:00:00, Sys 0 00:00:00  -  Run Local Usage
		Usr 0 00:03:35, Sys 0 00:00:11  -  Total Remote Usage
		Usr 0 00:00:00, Sys 0 00:00:00  -  Total Local Usage
	32614996  -  Run Bytes Sent By Job
	185911  -  Run Bytes Received By Job
	32614996  -  Total Bytes Sent By Job
	185911  -  Total Bytes Received By Job
	Partitionable Resources :    Usage  Request Allocated 
	   Cpus                 :     1.00        1         1 
	   Disk (KB)            : 32106         200    128928 
	   Memory (MB)          :   183        3900      3968 

	Job terminated of its own accord at 2024-01-19T14:01:43Z.
...
000 (391343.032.000) 2024-01-22 10:59:17 Job submitted from host: <172.30.1.200:9618?addrs=172.30.1.200-9618&alias=tamsa2.snu.ac.kr&noUDP&sock=schedd_3625_06e6>
...
040 (391343.032.000) 2024-01-22 10:59:24 Started transferring input files
	Transferring to host: <172.30.1.216:9618?addrs=172.30.1.216-9618&alias=node16&noUDP&sock=slot1_33_4290_7168_332802>
...
040 (391343.032.000) 2024-01-22 10:59:24 Finished transferring input files
...
001 (391343.032.000) 2024-01-22 10:59:24 Job executing on host: <172.30.1.216:9618?addrs=172.30.1.216-9618&alias=node16&noUDP&sock=startd_4255_2791>
...
006 (391343.032.000) 2024-01-22 10:59:34 Image size of job updated: 1288
	1  -  MemoryUsage of job (MB)
	84  -  ResidentSetSize of job (KB)
...
006 (391343.032.000) 2024-01-22 11:04:34 Image size of job updated: 953400
	256  -  MemoryUsage of job (MB)
	261712  -  ResidentSetSize of job (KB)
...
006 (391343.032.000) 2024-01-22 11:09:34 Image size of job updated: 953524
	256  -  MemoryUsage of job (MB)
	261712  -  ResidentSetSize of job (KB)
...
006 (391343.032.000) 2024-01-22 11:14:34 Image size of job updated: 954036
	256  -  MemoryUsage of job (MB)
	261712  -  ResidentSetSize of job (KB)
...
006 (391343.032.000) 2024-01-22 11:19:35 Image size of job updated: 970468
	286  -  MemoryUsage of job (MB)
	292444  -  ResidentSetSize of job (KB)
...
006 (391343.032.000) 2024-01-22 11:22:40 Image size of job updated: 970724
	286  -  MemoryUsage of job (MB)
	292444  -  ResidentSetSize of job (KB)
...
040 (391343.032.000) 2024-01-22 11:22:40 Started transferring output files
...
040 (391343.032.000) 2024-01-22 11:22:40 Finished transferring output files
...
005 (391343.032.000) 2024-01-22 11:22:40 Job terminated.
	(1) Normal termination (return value 0)
		Usr 0 00:21:24, Sys 0 00:00:55  -  Run Remote Usage
		Usr 0 00:00:00, Sys 0 00:00:00  -  Run Local Usage
		Usr 0 00:21:24, Sys 0 00:00:55  -  Total Remote Usage
		Usr 0 00:00:00, Sys 0 00:00:00  -  Total Local Usage
	31097716  -  Run Bytes Sent By Job
	185924  -  Run Bytes Received By Job
	31097716  -  Total Bytes Sent By Job
	185924  -  Total Bytes Received By Job
	Partitionable Resources :    Usage  Request Allocated 
	   Cpus                 :     1.01        1         1 
	   Disk (KB)            : 30624         200    261111 
	   Memory (MB)          :   286        3900      3968 

	Job terminated of its own accord at 2024-01-22T02:22:40Z.
...
000 (391348.032.000) 2024-01-22 12:29:14 Job submitted from host: <172.30.1.200:9618?addrs=172.30.1.200-9618&alias=tamsa2.snu.ac.kr&noUDP&sock=schedd_3625_06e6>
...
040 (391348.032.000) 2024-01-22 12:29:19 Started transferring input files
	Transferring to host: <172.30.1.216:9618?addrs=172.30.1.216-9618&alias=node16&noUDP&sock=slot1_25_4290_7168_332838>
...
040 (391348.032.000) 2024-01-22 12:29:19 Finished transferring input files
...
001 (391348.032.000) 2024-01-22 12:29:19 Job executing on host: <172.30.1.216:9618?addrs=172.30.1.216-9618&alias=node16&noUDP&sock=startd_4255_2791>
...
006 (391348.032.000) 2024-01-22 12:29:28 Image size of job updated: 139344
	5  -  MemoryUsage of job (MB)
	4960  -  ResidentSetSize of job (KB)
...
006 (391348.032.000) 2024-01-22 12:34:28 Image size of job updated: 969940
	269  -  MemoryUsage of job (MB)
	274748  -  ResidentSetSize of job (KB)
...
006 (391348.032.000) 2024-01-22 12:44:29 Image size of job updated: 970068
	269  -  MemoryUsage of job (MB)
	274748  -  ResidentSetSize of job (KB)
...
006 (391348.032.000) 2024-01-22 12:49:30 Image size of job updated: 970068
	297  -  MemoryUsage of job (MB)
	303520  -  ResidentSetSize of job (KB)
...
006 (391348.032.000) 2024-01-22 12:52:19 Image size of job updated: 970336
	297  -  MemoryUsage of job (MB)
	303548  -  ResidentSetSize of job (KB)
...
040 (391348.032.000) 2024-01-22 12:52:19 Started transferring output files
...
040 (391348.032.000) 2024-01-22 12:52:20 Finished transferring output files
...
005 (391348.032.000) 2024-01-22 12:52:20 Job terminated.
	(1) Normal termination (return value 0)
		Usr 0 00:21:32, Sys 0 00:00:54  -  Run Remote Usage
		Usr 0 00:00:00, Sys 0 00:00:00  -  Run Local Usage
		Usr 0 00:21:32, Sys 0 00:00:54  -  Total Remote Usage
		Usr 0 00:00:00, Sys 0 00:00:00  -  Total Local Usage
	31097800  -  Run Bytes Sent By Job
	186484  -  Run Bytes Received By Job
	31097800  -  Total Bytes Sent By Job
	186484  -  Total Bytes Received By Job
	Partitionable Resources :    Usage  Request Allocated 
	   Cpus                 :     1.00        1         1 
	   Disk (KB)            : 30625         200    261111 
	   Memory (MB)          :   297        3900      3968 

	Job terminated of its own accord at 2024-01-22T03:52:19Z.
...
000 (391350.032.000) 2024-01-22 13:01:44 Job submitted from host: <172.30.1.200:9618?addrs=172.30.1.200-9618&alias=tamsa2.snu.ac.kr&noUDP&sock=schedd_3625_06e6>
...
040 (391350.032.000) 2024-01-22 13:02:02 Started transferring input files
	Transferring to host: <172.30.1.216:9618?addrs=172.30.1.216-9618&alias=node16&noUDP&sock=slot1_24_4290_7168_332877>
...
040 (391350.032.000) 2024-01-22 13:02:02 Finished transferring input files
...
001 (391350.032.000) 2024-01-22 13:02:02 Job executing on host: <172.30.1.216:9618?addrs=172.30.1.216-9618&alias=node16&noUDP&sock=startd_4255_2791>
...
006 (391350.032.000) 2024-01-22 13:02:11 Image size of job updated: 139088
	5  -  MemoryUsage of job (MB)
	4956  -  ResidentSetSize of job (KB)
...
006 (391350.032.000) 2024-01-22 13:07:12 Image size of job updated: 953324
	276  -  MemoryUsage of job (MB)
	282212  -  ResidentSetSize of job (KB)
...
006 (391350.032.000) 2024-01-22 13:12:13 Image size of job updated: 969736
	276  -  MemoryUsage of job (MB)
	282212  -  ResidentSetSize of job (KB)
...
006 (391350.032.000) 2024-01-22 13:17:13 Image size of job updated: 970044
	276  -  MemoryUsage of job (MB)
	282212  -  ResidentSetSize of job (KB)
...
006 (391350.032.000) 2024-01-22 13:22:13 Image size of job updated: 970384
	276  -  MemoryUsage of job (MB)
	282212  -  ResidentSetSize of job (KB)
...
040 (391350.032.000) 2024-01-22 13:24:18 Started transferring output files
...
040 (391350.032.000) 2024-01-22 13:24:19 Finished transferring output files
...
005 (391350.032.000) 2024-01-22 13:24:19 Job terminated.
	(1) Normal termination (return value 0)
		Usr 0 00:20:51, Sys 0 00:00:52  -  Run Remote Usage
		Usr 0 00:00:00, Sys 0 00:00:00  -  Run Local Usage
		Usr 0 00:20:51, Sys 0 00:00:52  -  Total Remote Usage
		Usr 0 00:00:00, Sys 0 00:00:00  -  Total Local Usage
	31117816  -  Run Bytes Sent By Job
	186577  -  Run Bytes Received By Job
	31117816  -  Total Bytes Sent By Job
	186577  -  Total Bytes Received By Job
	Partitionable Resources :    Usage  Request Allocated 
	   Cpus                 :     1.00        1         1 
	   Disk (KB)            : 30644         200    261111 
	   Memory (MB)          :   276        3900      3968 

	Job terminated of its own accord at 2024-01-22T04:24:18Z.
...
000 (391361.032.000) 2024-01-22 13:44:17 Job submitted from host: <172.30.1.200:9618?addrs=172.30.1.200-9618&alias=tamsa2.snu.ac.kr&noUDP&sock=schedd_3625_06e6>
...
040 (391361.032.000) 2024-01-22 13:44:32 Started transferring input files
	Transferring to host: <172.30.1.216:9618?addrs=172.30.1.216-9618&alias=node16&noUDP&sock=slot1_58_4290_7168_333016>
...
040 (391361.032.000) 2024-01-22 13:44:32 Finished transferring input files
...
001 (391361.032.000) 2024-01-22 13:44:32 Job executing on host: <172.30.1.216:9618?addrs=172.30.1.216-9618&alias=node16&noUDP&sock=startd_4255_2791>
...
006 (391361.032.000) 2024-01-22 13:44:41 Image size of job updated: 139344
	11  -  MemoryUsage of job (MB)
	11116  -  ResidentSetSize of job (KB)
...
006 (391361.032.000) 2024-01-22 13:48:45 Image size of job updated: 870560
	11  -  MemoryUsage of job (MB)
	11168  -  ResidentSetSize of job (KB)
...
040 (391361.032.000) 2024-01-22 13:48:45 Started transferring output files
...
040 (391361.032.000) 2024-01-22 13:48:46 Finished transferring output files
...
005 (391361.032.000) 2024-01-22 13:48:46 Job terminated.
	(1) Normal termination (return value 0)
		Usr 0 00:03:34, Sys 0 00:00:14  -  Run Remote Usage
		Usr 0 00:00:00, Sys 0 00:00:00  -  Run Local Usage
		Usr 0 00:03:34, Sys 0 00:00:14  -  Total Remote Usage
		Usr 0 00:00:00, Sys 0 00:00:00  -  Total Local Usage
	31322324  -  Run Bytes Sent By Job
	191813  -  Run Bytes Received By Job
	31322324  -  Total Bytes Sent By Job
	191813  -  Total Bytes Received By Job
	Partitionable Resources :    Usage  Request Allocated 
	   Cpus                 :     1.00        1         1 
	   Disk (KB)            : 30851         200    261111 
	   Memory (MB)          :    11        3900      3968 

	Job terminated of its own accord at 2024-01-22T04:48:45Z.
...
000 (391362.032.000) 2024-01-22 13:50:58 Job submitted from host: <172.30.1.200:9618?addrs=172.30.1.200-9618&alias=tamsa2.snu.ac.kr&noUDP&sock=schedd_3625_06e6>
...
040 (391362.032.000) 2024-01-22 13:51:05 Started transferring input files
	Transferring to host: <172.30.1.216:9618?addrs=172.30.1.216-9618&alias=node16&noUDP&sock=slot1_43_4290_7168_333057>
...
040 (391362.032.000) 2024-01-22 13:51:05 Finished transferring input files
...
001 (391362.032.000) 2024-01-22 13:51:05 Job executing on host: <172.30.1.216:9618?addrs=172.30.1.216-9618&alias=node16&noUDP&sock=startd_4255_2791>
...
006 (391362.032.000) 2024-01-22 13:51:14 Image size of job updated: 139088
	5  -  MemoryUsage of job (MB)
	4956  -  ResidentSetSize of job (KB)
...
006 (391362.032.000) 2024-01-22 13:56:15 Image size of job updated: 952876
	237  -  MemoryUsage of job (MB)
	241792  -  ResidentSetSize of job (KB)
...
006 (391362.032.000) 2024-01-22 14:01:15 Image size of job updated: 953488
	285  -  MemoryUsage of job (MB)
	291120  -  ResidentSetSize of job (KB)
...
006 (391362.032.000) 2024-01-22 14:06:15 Image size of job updated: 969824
	285  -  MemoryUsage of job (MB)
	291120  -  ResidentSetSize of job (KB)
...
040 (391362.032.000) 2024-01-22 14:17:18 Started transferring output files
...
040 (391362.032.000) 2024-01-22 14:17:19 Finished transferring output files
...
005 (391362.032.000) 2024-01-22 14:17:19 Job terminated.
	(1) Normal termination (return value 0)
		Usr 0 00:24:06, Sys 0 00:01:02  -  Run Remote Usage
		Usr 0 00:00:00, Sys 0 00:00:00  -  Run Local Usage
		Usr 0 00:24:06, Sys 0 00:01:02  -  Total Remote Usage
		Usr 0 00:00:00, Sys 0 00:00:00  -  Total Local Usage
	31115126  -  Run Bytes Sent By Job
	191814  -  Run Bytes Received By Job
	31115126  -  Total Bytes Sent By Job
	191814  -  Total Bytes Received By Job
	Partitionable Resources :    Usage  Request Allocated 
	   Cpus                 :     1.00        1         1 
	   Disk (KB)            : 30649         200    261111 
	   Memory (MB)          :   285        3900      3968 

	Job terminated of its own accord at 2024-01-22T05:17:18Z.
...
000 (391496.032.000) 2024-01-22 14:58:10 Job submitted from host: <172.30.1.200:9618?addrs=172.30.1.200-9618&alias=tamsa2.snu.ac.kr&noUDP&sock=schedd_3625_06e6>
...
040 (391496.032.000) 2024-01-22 14:58:22 Started transferring input files
	Transferring to host: <172.30.1.216:9618?addrs=172.30.1.216-9618&alias=node16&noUDP&sock=slot1_44_4290_7168_333224>
...
040 (391496.032.000) 2024-01-22 14:58:22 Finished transferring input files
...
001 (391496.032.000) 2024-01-22 14:58:22 Job executing on host: <172.30.1.216:9618?addrs=172.30.1.216-9618&alias=node16&noUDP&sock=startd_4255_2791>
...
006 (391496.032.000) 2024-01-22 14:58:30 Image size of job updated: 139088
	5  -  MemoryUsage of job (MB)
	4956  -  ResidentSetSize of job (KB)
...
006 (391496.032.000) 2024-01-22 15:03:30 Image size of job updated: 954316
	236  -  MemoryUsage of job (MB)
	241392  -  ResidentSetSize of job (KB)
...
006 (391496.032.000) 2024-01-22 15:08:31 Image size of job updated: 969368
	256  -  MemoryUsage of job (MB)
	261384  -  ResidentSetSize of job (KB)
...
006 (391496.032.000) 2024-01-22 15:13:32 Image size of job updated: 969636
	294  -  MemoryUsage of job (MB)
	301008  -  ResidentSetSize of job (KB)
...
006 (391496.032.000) 2024-01-22 15:23:32 Image size of job updated: 970592
	294  -  MemoryUsage of job (MB)
	301008  -  ResidentSetSize of job (KB)
...
040 (391496.032.000) 2024-01-22 15:31:00 Started transferring output files
...
040 (391496.032.000) 2024-01-22 15:31:02 Finished transferring output files
...
005 (391496.032.000) 2024-01-22 15:31:02 Job terminated.
	(1) Normal termination (return value 0)
		Usr 0 00:30:32, Sys 0 00:01:18  -  Run Remote Usage
		Usr 0 00:00:00, Sys 0 00:00:00  -  Run Local Usage
		Usr 0 00:30:32, Sys 0 00:01:18  -  Total Remote Usage
		Usr 0 00:00:00, Sys 0 00:00:00  -  Total Local Usage
	31097200  -  Run Bytes Sent By Job
	191814  -  Run Bytes Received By Job
	31097200  -  Total Bytes Sent By Job
	191814  -  Total Bytes Received By Job
	Partitionable Resources :    Usage  Request Allocated 
	   Cpus                 :     0.62        1         1 
	   Disk (KB)            : 30631         200    261111 
	   Memory (MB)          :   294        3900      3968 

	Job terminated of its own accord at 2024-01-22T06:31:00Z.
...
000 (391511.032.000) 2024-01-22 15:59:41 Job submitted from host: <172.30.1.200:9618?addrs=172.30.1.200-9618&alias=tamsa2.snu.ac.kr&noUDP&sock=schedd_3625_06e6>
...
040 (391511.032.000) 2024-01-22 15:59:56 Started transferring input files
	Transferring to host: <172.30.1.214:9618?addrs=172.30.1.214-9618&alias=node14&noUDP&sock=slot1_55_4480_50af_235857>
...
040 (391511.032.000) 2024-01-22 15:59:56 Finished transferring input files
...
001 (391511.032.000) 2024-01-22 15:59:56 Job executing on host: <172.30.1.214:9618?addrs=172.30.1.214-9618&alias=node14&noUDP&sock=startd_4446_2a28>
...
006 (391511.032.000) 2024-01-22 16:00:05 Image size of job updated: 152896
	11  -  MemoryUsage of job (MB)
	10768  -  ResidentSetSize of job (KB)
...
006 (391511.032.000) 2024-01-22 16:05:06 Image size of job updated: 963216
	210  -  MemoryUsage of job (MB)
	214644  -  ResidentSetSize of job (KB)
...
006 (391511.032.000) 2024-01-22 16:10:06 Image size of job updated: 963216
	246  -  MemoryUsage of job (MB)
	251164  -  ResidentSetSize of job (KB)
...
006 (391511.032.000) 2024-01-22 16:15:06 Image size of job updated: 969180
	286  -  MemoryUsage of job (MB)
	292352  -  ResidentSetSize of job (KB)
...
006 (391511.032.000) 2024-01-22 16:20:07 Image size of job updated: 970288
	286  -  MemoryUsage of job (MB)
	292372  -  ResidentSetSize of job (KB)
...
040 (391511.032.000) 2024-01-22 16:28:32 Started transferring output files
...
040 (391511.032.000) 2024-01-22 16:28:33 Finished transferring output files
...
005 (391511.032.000) 2024-01-22 16:28:33 Job terminated.
	(1) Normal termination (return value 0)
		Usr 0 00:26:54, Sys 0 00:01:10  -  Run Remote Usage
		Usr 0 00:00:00, Sys 0 00:00:00  -  Run Local Usage
		Usr 0 00:26:54, Sys 0 00:01:10  -  Total Remote Usage
		Usr 0 00:00:00, Sys 0 00:00:00  -  Total Local Usage
	31098212  -  Run Bytes Sent By Job
	191824  -  Run Bytes Received By Job
	31098212  -  Total Bytes Sent By Job
	191824  -  Total Bytes Received By Job
	Partitionable Resources :    Usage  Request Allocated 
	   Cpus                 :     1.00        1         1 
	   Disk (KB)            : 30632         200    261111 
	   Memory (MB)          :   286        3900      3968 

	Job terminated of its own accord at 2024-01-22T07:28:32Z.
...
000 (391574.032.000) 2024-01-22 23:14:59 Job submitted from host: <172.30.1.200:9618?addrs=172.30.1.200-9618&alias=tamsa2.snu.ac.kr&noUDP&sock=schedd_3625_06e6>
...
040 (391574.032.000) 2024-01-22 23:15:07 Started transferring input files
	Transferring to host: <172.30.1.216:9618?addrs=172.30.1.216-9618&alias=node16&noUDP&sock=slot1_33_4290_7168_334250>
...
040 (391574.032.000) 2024-01-22 23:15:07 Finished transferring input files
...
001 (391574.032.000) 2024-01-22 23:15:07 Job executing on host: <172.30.1.216:9618?addrs=172.30.1.216-9618&alias=node16&noUDP&sock=startd_4255_2791>
...
006 (391574.032.000) 2024-01-22 23:15:15 Image size of job updated: 139088
	5  -  MemoryUsage of job (MB)
	4960  -  ResidentSetSize of job (KB)
...
006 (391574.032.000) 2024-01-22 23:20:15 Image size of job updated: 953032
	256  -  MemoryUsage of job (MB)
	261640  -  ResidentSetSize of job (KB)
...
006 (391574.032.000) 2024-01-22 23:25:15 Image size of job updated: 955064
	295  -  MemoryUsage of job (MB)
	301100  -  ResidentSetSize of job (KB)
...
006 (391574.032.000) 2024-01-22 23:35:16 Image size of job updated: 970104
	295  -  MemoryUsage of job (MB)
	301100  -  ResidentSetSize of job (KB)
...
004 (391574.032.000) 2024-01-22 23:35:24 Job was evicted.
	(0) CPU times
		Usr 0 00:18:48, Sys 0 00:00:47  -  Run Remote Usage
		Usr 0 00:00:00, Sys 0 00:00:00  -  Run Local Usage
	0  -  Run Bytes Sent By Job
	191685  -  Run Bytes Received By Job
	Partitionable Resources :    Usage  Request Allocated 
	   Cpus                 :     1.00        1         1 
	   Disk (KB)            : 10734         200    261111 
	   Memory (MB)          :   295        3900      3968 
...
009 (391574.032.000) 2024-01-22 23:35:24 Job was aborted.
	via condor_rm (by user shin)
...
000 (391577.032.000) 2024-01-22 23:35:26 Job submitted from host: <172.30.1.200:9618?addrs=172.30.1.200-9618&alias=tamsa2.snu.ac.kr&noUDP&sock=schedd_3625_06e6>
...
040 (391577.032.000) 2024-01-22 23:35:38 Started transferring input files
	Transferring to host: <172.30.1.216:9618?addrs=172.30.1.216-9618&alias=node16&noUDP&sock=slot1_33_4290_7168_334310>
...
040 (391577.032.000) 2024-01-22 23:35:38 Finished transferring input files
...
001 (391577.032.000) 2024-01-22 23:35:38 Job executing on host: <172.30.1.216:9618?addrs=172.30.1.216-9618&alias=node16&noUDP&sock=startd_4255_2791>
...
006 (391577.032.000) 2024-01-22 23:35:46 Image size of job updated: 139088
	5  -  MemoryUsage of job (MB)
	4956  -  ResidentSetSize of job (KB)
...
006 (391577.032.000) 2024-01-22 23:40:46 Image size of job updated: 962892
	216  -  MemoryUsage of job (MB)
	220876  -  ResidentSetSize of job (KB)
...
006 (391577.032.000) 2024-01-22 23:45:47 Image size of job updated: 962892
	256  -  MemoryUsage of job (MB)
	261268  -  ResidentSetSize of job (KB)
...
006 (391577.032.000) 2024-01-22 23:50:48 Image size of job updated: 962892
	285  -  MemoryUsage of job (MB)
	291168  -  ResidentSetSize of job (KB)
...
006 (391577.032.000) 2024-01-22 23:55:49 Image size of job updated: 969848
	285  -  MemoryUsage of job (MB)
	291168  -  ResidentSetSize of job (KB)
...
040 (391577.032.000) 2024-01-23 00:05:14 Started transferring output files
...
040 (391577.032.000) 2024-01-23 00:05:15 Finished transferring output files
...
005 (391577.032.000) 2024-01-23 00:05:15 Job terminated.
	(1) Normal termination (return value 0)
		Usr 0 00:28:03, Sys 0 00:01:15  -  Run Remote Usage
		Usr 0 00:00:00, Sys 0 00:00:00  -  Run Local Usage
		Usr 0 00:28:03, Sys 0 00:01:15  -  Total Remote Usage
		Usr 0 00:00:00, Sys 0 00:00:00  -  Total Local Usage
	31094350  -  Run Bytes Sent By Job
	191687  -  Run Bytes Received By Job
	31094350  -  Total Bytes Sent By Job
	191687  -  Total Bytes Received By Job
	Partitionable Resources :    Usage  Request Allocated 
	   Cpus                 :     1.00        1         1 
	   Disk (KB)            : 30628         200    261111 
	   Memory (MB)          :   285        3900      3968 

	Job terminated of its own accord at 2024-01-22T15:05:14Z.
...
000 (391582.032.000) 2024-01-23 10:33:35 Job submitted from host: <172.30.1.200:9618?addrs=172.30.1.200-9618&alias=tamsa2.snu.ac.kr&noUDP&sock=schedd_3625_06e6>
...
040 (391582.032.000) 2024-01-23 10:33:42 Started transferring input files
	Transferring to host: <172.30.1.216:9618?addrs=172.30.1.216-9618&alias=node16&noUDP&sock=slot1_33_4290_7168_337550>
...
040 (391582.032.000) 2024-01-23 10:33:42 Finished transferring input files
...
001 (391582.032.000) 2024-01-23 10:33:42 Job executing on host: <172.30.1.216:9618?addrs=172.30.1.216-9618&alias=node16&noUDP&sock=startd_4255_2791>
...
006 (391582.032.000) 2024-01-23 10:33:50 Image size of job updated: 4704
	5  -  MemoryUsage of job (MB)
	4704  -  ResidentSetSize of job (KB)
...
006 (391582.032.000) 2024-01-23 10:38:50 Image size of job updated: 954440
	256  -  MemoryUsage of job (MB)
	261280  -  ResidentSetSize of job (KB)
...
006 (391582.032.000) 2024-01-23 10:43:51 Image size of job updated: 963904
	256  -  MemoryUsage of job (MB)
	261280  -  ResidentSetSize of job (KB)
...
006 (391582.032.000) 2024-01-23 10:53:52 Image size of job updated: 969788
	295  -  MemoryUsage of job (MB)
	301844  -  ResidentSetSize of job (KB)
...
006 (391582.032.000) 2024-01-23 10:56:42 Image size of job updated: 969948
	295  -  MemoryUsage of job (MB)
	301844  -  ResidentSetSize of job (KB)
...
040 (391582.032.000) 2024-01-23 10:56:42 Started transferring output files
...
040 (391582.032.000) 2024-01-23 10:56:42 Finished transferring output files
...
005 (391582.032.000) 2024-01-23 10:56:43 Job terminated.
	(1) Normal termination (return value 0)
		Usr 0 00:21:14, Sys 0 00:00:54  -  Run Remote Usage
		Usr 0 00:00:00, Sys 0 00:00:00  -  Run Local Usage
		Usr 0 00:21:14, Sys 0 00:00:54  -  Total Remote Usage
		Usr 0 00:00:00, Sys 0 00:00:00  -  Total Local Usage
	31101692  -  Run Bytes Sent By Job
	191687  -  Run Bytes Received By Job
	31101692  -  Total Bytes Sent By Job
	191687  -  Total Bytes Received By Job
	Partitionable Resources :    Usage  Request Allocated 
	   Cpus                 :     1.01        1         1 
	   Disk (KB)            : 30636         200    261111 
	   Memory (MB)          :   295        3900      3968 

	Job terminated of its own accord at 2024-01-23T01:56:42Z.
...
