000 (390874.034.000) 2024-01-18 20:28:10 Job submitted from host: <172.30.1.200:9618?addrs=172.30.1.200-9618&alias=tamsa2.snu.ac.kr&noUDP&sock=schedd_3625_06e6>
...
040 (390874.034.000) 2024-01-18 20:28:24 Started transferring input files
	Transferring to host: <172.30.1.202:9618?addrs=172.30.1.202-9618&alias=node2&noUDP&sock=slot1_12_3851_20b6_74230>
...
001 (390874.034.000) 2024-01-18 20:28:24 Job executing on host: <172.30.1.202:9618?addrs=172.30.1.202-9618&alias=node2&noUDP&sock=startd_3818_68ae>
...
040 (390874.034.000) 2024-01-18 20:28:24 Finished transferring input files
...
006 (390874.034.000) 2024-01-18 20:28:32 Image size of job updated: 139088
	5  -  MemoryUsage of job (MB)
	4952  -  ResidentSetSize of job (KB)
...
006 (390874.034.000) 2024-01-18 20:32:32 Image size of job updated: 846796
	5  -  MemoryUsage of job (MB)
	4952  -  ResidentSetSize of job (KB)
...
040 (390874.034.000) 2024-01-18 20:32:32 Started transferring output files
...
040 (390874.034.000) 2024-01-18 20:32:33 Finished transferring output files
...
005 (390874.034.000) 2024-01-18 20:32:33 Job terminated.
	(1) Normal termination (return value 0)
		Usr 0 00:01:13, Sys 0 00:00:07  -  Run Remote Usage
		Usr 0 00:00:00, Sys 0 00:00:00  -  Run Local Usage
		Usr 0 00:01:13, Sys 0 00:00:07  -  Total Remote Usage
		Usr 0 00:00:00, Sys 0 00:00:00  -  Total Local Usage
	13885726  -  Run Bytes Sent By Job
	181578  -  Run Bytes Received By Job
	13885726  -  Total Bytes Sent By Job
	181578  -  Total Bytes Received By Job
	Partitionable Resources :    Usage  Request Allocated 
	   Cpus                 :     0.00        1         1 
	   Disk (KB)            : 13810         200    128928 
	   Memory (MB)          :     5        3900      3968 

	Job terminated of its own accord at 2024-01-18T11:32:32Z.
...
000 (390875.034.000) 2024-01-18 20:45:32 Job submitted from host: <172.30.1.200:9618?addrs=172.30.1.200-9618&alias=tamsa2.snu.ac.kr&noUDP&sock=schedd_3625_06e6>
...
040 (390875.034.000) 2024-01-18 20:45:47 Started transferring input files
	Transferring to host: <172.30.1.204:9618?addrs=172.30.1.204-9618&alias=node4&noUDP&sock=slot1_10_3725_5971_202596>
...
001 (390875.034.000) 2024-01-18 20:45:47 Job executing on host: <172.30.1.204:9618?addrs=172.30.1.204-9618&alias=node4&noUDP&sock=startd_3691_4c27>
...
040 (390875.034.000) 2024-01-18 20:45:47 Finished transferring input files
...
006 (390875.034.000) 2024-01-18 20:45:56 Image size of job updated: 144992
	11  -  MemoryUsage of job (MB)
	10736  -  ResidentSetSize of job (KB)
...
006 (390875.034.000) 2024-01-18 20:50:35 Image size of job updated: 872032
	11  -  MemoryUsage of job (MB)
	10736  -  ResidentSetSize of job (KB)
...
040 (390875.034.000) 2024-01-18 20:50:35 Started transferring output files
...
040 (390875.034.000) 2024-01-18 20:50:44 Finished transferring output files
...
005 (390875.034.000) 2024-01-18 20:50:44 Job terminated.
	(1) Normal termination (return value 0)
		Usr 0 00:03:11, Sys 0 00:00:12  -  Run Remote Usage
		Usr 0 00:00:00, Sys 0 00:00:00  -  Run Local Usage
		Usr 0 00:03:11, Sys 0 00:00:12  -  Total Remote Usage
		Usr 0 00:00:00, Sys 0 00:00:00  -  Total Local Usage
	107798056  -  Run Bytes Sent By Job
	182042  -  Run Bytes Received By Job
	107798056  -  Total Bytes Sent By Job
	182042  -  Total Bytes Received By Job
	Partitionable Resources :     Usage  Request Allocated 
	   Cpus                 :      0.02        1         1 
	   Disk (KB)            : 105522         200    128928 
	   Memory (MB)          :     11        3900      3968 

	Job terminated of its own accord at 2024-01-18T11:50:35Z.
...
000 (390886.034.000) 2024-01-18 21:10:43 Job submitted from host: <172.30.1.200:9618?addrs=172.30.1.200-9618&alias=tamsa2.snu.ac.kr&noUDP&sock=schedd_3625_06e6>
...
040 (390886.034.000) 2024-01-18 21:10:46 Started transferring input files
	Transferring to host: <172.30.1.204:9618?addrs=172.30.1.204-9618&alias=node4&noUDP&sock=slot1_7_3725_5971_202609>
...
001 (390886.034.000) 2024-01-18 21:10:46 Job executing on host: <172.30.1.204:9618?addrs=172.30.1.204-9618&alias=node4&noUDP&sock=startd_3691_4c27>
...
040 (390886.034.000) 2024-01-18 21:10:46 Finished transferring input files
...
006 (390886.034.000) 2024-01-18 21:10:54 Image size of job updated: 199052
	183  -  MemoryUsage of job (MB)
	186736  -  ResidentSetSize of job (KB)
...
006 (390886.034.000) 2024-01-18 21:12:03 Image size of job updated: 846292
	183  -  MemoryUsage of job (MB)
	186736  -  ResidentSetSize of job (KB)
...
040 (390886.034.000) 2024-01-18 21:12:03 Started transferring output files
...
040 (390886.034.000) 2024-01-18 21:12:07 Finished transferring output files
...
005 (390886.034.000) 2024-01-18 21:12:07 Job terminated.
	(1) Normal termination (return value 0)
		Usr 0 00:00:49, Sys 0 00:00:05  -  Run Remote Usage
		Usr 0 00:00:00, Sys 0 00:00:00  -  Run Local Usage
		Usr 0 00:00:49, Sys 0 00:00:05  -  Total Remote Usage
		Usr 0 00:00:00, Sys 0 00:00:00  -  Total Local Usage
	7473247  -  Run Bytes Sent By Job
	181210  -  Run Bytes Received By Job
	7473247  -  Total Bytes Sent By Job
	181210  -  Total Bytes Received By Job
	Partitionable Resources :    Usage  Request Allocated 
	   Cpus                 :     0.55        1         1 
	   Disk (KB)            :  7547         200    128928 
	   Memory (MB)          :   183        3900      3968 

	Job terminated of its own accord at 2024-01-18T12:12:03Z.
...
000 (390887.034.000) 2024-01-18 21:19:38 Job submitted from host: <172.30.1.200:9618?addrs=172.30.1.200-9618&alias=tamsa2.snu.ac.kr&noUDP&sock=schedd_3625_06e6>
...
040 (390887.034.000) 2024-01-18 21:19:40 Started transferring input files
	Transferring to host: <172.30.1.204:9618?addrs=172.30.1.204-9618&alias=node4&noUDP&sock=slot1_6_3725_5971_202620>
...
001 (390887.034.000) 2024-01-18 21:19:40 Job executing on host: <172.30.1.204:9618?addrs=172.30.1.204-9618&alias=node4&noUDP&sock=startd_3691_4c27>
...
040 (390887.034.000) 2024-01-18 21:19:40 Finished transferring input files
...
006 (390887.034.000) 2024-01-18 21:19:49 Image size of job updated: 836552
	199  -  MemoryUsage of job (MB)
	203336  -  ResidentSetSize of job (KB)
...
006 (390887.034.000) 2024-01-18 21:22:15 Image size of job updated: 871628
	199  -  MemoryUsage of job (MB)
	203336  -  ResidentSetSize of job (KB)
...
040 (390887.034.000) 2024-01-18 21:22:15 Started transferring output files
...
040 (390887.034.000) 2024-01-18 21:22:17 Finished transferring output files
...
005 (390887.034.000) 2024-01-18 21:22:17 Job terminated.
	(1) Normal termination (return value 0)
		Usr 0 00:02:17, Sys 0 00:00:10  -  Run Remote Usage
		Usr 0 00:00:00, Sys 0 00:00:00  -  Run Local Usage
		Usr 0 00:02:17, Sys 0 00:00:10  -  Total Remote Usage
		Usr 0 00:00:00, Sys 0 00:00:00  -  Total Local Usage
	34628768  -  Run Bytes Sent By Job
	181210  -  Run Bytes Received By Job
	34628768  -  Total Bytes Sent By Job
	181210  -  Total Bytes Received By Job
	Partitionable Resources :    Usage  Request Allocated 
	   Cpus                 :     0.23        1         1 
	   Disk (KB)            : 34066         200    128928 
	   Memory (MB)          :   199        3900      3968 

	Job terminated of its own accord at 2024-01-18T12:22:15Z.
...
000 (390888.034.000) 2024-01-18 21:30:57 Job submitted from host: <172.30.1.200:9618?addrs=172.30.1.200-9618&alias=tamsa2.snu.ac.kr&noUDP&sock=schedd_3625_06e6>
...
040 (390888.034.000) 2024-01-18 21:31:01 Started transferring input files
	Transferring to host: <172.30.1.204:9618?addrs=172.30.1.204-9618&alias=node4&noUDP&sock=slot1_10_3725_5971_202635>
...
001 (390888.034.000) 2024-01-18 21:31:01 Job executing on host: <172.30.1.204:9618?addrs=172.30.1.204-9618&alias=node4&noUDP&sock=startd_3691_4c27>
...
040 (390888.034.000) 2024-01-18 21:31:01 Finished transferring input files
...
006 (390888.034.000) 2024-01-18 21:31:10 Image size of job updated: 835112
	186  -  MemoryUsage of job (MB)
	190412  -  ResidentSetSize of job (KB)
...
006 (390888.034.000) 2024-01-18 21:34:15 Image size of job updated: 867744
	186  -  MemoryUsage of job (MB)
	190412  -  ResidentSetSize of job (KB)
...
040 (390888.034.000) 2024-01-18 21:34:15 Started transferring output files
...
040 (390888.034.000) 2024-01-18 21:34:23 Finished transferring output files
...
005 (390888.034.000) 2024-01-18 21:34:23 Job terminated.
	(1) Normal termination (return value 0)
		Usr 0 00:02:52, Sys 0 00:00:12  -  Run Remote Usage
		Usr 0 00:00:00, Sys 0 00:00:00  -  Run Local Usage
		Usr 0 00:02:52, Sys 0 00:00:12  -  Total Remote Usage
		Usr 0 00:00:00, Sys 0 00:00:00  -  Total Local Usage
	33717940  -  Run Bytes Sent By Job
	181214  -  Run Bytes Received By Job
	33717940  -  Total Bytes Sent By Job
	181214  -  Total Bytes Received By Job
	Partitionable Resources :    Usage  Request Allocated 
	   Cpus                 :     0.98        1         1 
	   Disk (KB)            : 33176         200    128928 
	   Memory (MB)          :   186        3900      3968 

	Job terminated of its own accord at 2024-01-18T12:34:15Z.
...
000 (390894.034.000) 2024-01-18 21:35:52 Job submitted from host: <172.30.1.200:9618?addrs=172.30.1.200-9618&alias=tamsa2.snu.ac.kr&noUDP&sock=schedd_3625_06e6>
...
040 (390894.034.000) 2024-01-18 21:36:10 Started transferring input files
	Transferring to host: <172.30.1.204:9618?addrs=172.30.1.204-9618&alias=node4&noUDP&sock=slot1_11_3725_5971_202658>
...
001 (390894.034.000) 2024-01-18 21:36:10 Job executing on host: <172.30.1.204:9618?addrs=172.30.1.204-9618&alias=node4&noUDP&sock=startd_3691_4c27>
...
040 (390894.034.000) 2024-01-18 21:36:10 Finished transferring input files
...
006 (390894.034.000) 2024-01-18 21:36:19 Image size of job updated: 187576
	184  -  MemoryUsage of job (MB)
	187576  -  ResidentSetSize of job (KB)
...
006 (390894.034.000) 2024-01-18 21:39:18 Image size of job updated: 864920
	184  -  MemoryUsage of job (MB)
	187576  -  ResidentSetSize of job (KB)
...
040 (390894.034.000) 2024-01-18 21:39:18 Started transferring output files
...
040 (390894.034.000) 2024-01-18 21:39:22 Finished transferring output files
...
005 (390894.034.000) 2024-01-18 21:39:22 Job terminated.
	(1) Normal termination (return value 0)
		Usr 0 00:02:48, Sys 0 00:00:11  -  Run Remote Usage
		Usr 0 00:00:00, Sys 0 00:00:00  -  Run Local Usage
		Usr 0 00:02:48, Sys 0 00:00:11  -  Total Remote Usage
		Usr 0 00:00:00, Sys 0 00:00:00  -  Total Local Usage
	33728928  -  Run Bytes Sent By Job
	181194  -  Run Bytes Received By Job
	33728928  -  Total Bytes Sent By Job
	181194  -  Total Bytes Received By Job
	Partitionable Resources :    Usage  Request Allocated 
	   Cpus                 :     0.97        1         1 
	   Disk (KB)            : 33187         200    128928 
	   Memory (MB)          :   184        3900      3968 

	Job terminated of its own accord at 2024-01-18T12:39:18Z.
...
000 (390895.034.000) 2024-01-18 21:48:05 Job submitted from host: <172.30.1.200:9618?addrs=172.30.1.200-9618&alias=tamsa2.snu.ac.kr&noUDP&sock=schedd_3625_06e6>
...
040 (390895.034.000) 2024-01-18 21:48:09 Started transferring input files
	Transferring to host: <172.30.1.216:9618?addrs=172.30.1.216-9618&alias=node16&noUDP&sock=slot1_74_4290_7168_331031>
...
001 (390895.034.000) 2024-01-18 21:48:09 Job executing on host: <172.30.1.216:9618?addrs=172.30.1.216-9618&alias=node16&noUDP&sock=startd_4255_2791>
...
040 (390895.034.000) 2024-01-18 21:48:09 Finished transferring input files
...
006 (390895.034.000) 2024-01-18 21:48:17 Image size of job updated: 139344
	77  -  MemoryUsage of job (MB)
	78128  -  ResidentSetSize of job (KB)
...
006 (390895.034.000) 2024-01-18 21:50:05 Image size of job updated: 864636
	77  -  MemoryUsage of job (MB)
	78252  -  ResidentSetSize of job (KB)
...
004 (390895.034.000) 2024-01-18 21:50:06 Job was evicted.
	(0) CPU times
		Usr 0 00:01:29, Sys 0 00:00:07  -  Run Remote Usage
		Usr 0 00:00:00, Sys 0 00:00:00  -  Run Local Usage
	0  -  Run Bytes Sent By Job
	182143  -  Run Bytes Received By Job
	Partitionable Resources :    Usage  Request Allocated 
	   Cpus                 :     0.98        1         1 
	   Disk (KB)            :  6109         200    261111 
	   Memory (MB)          :    77        3900      3968 
...
009 (390895.034.000) 2024-01-18 21:50:06 Job was aborted.
	via condor_rm (by user shin)
...
000 (390896.034.000) 2024-01-18 21:53:08 Job submitted from host: <172.30.1.200:9618?addrs=172.30.1.200-9618&alias=tamsa2.snu.ac.kr&noUDP&sock=schedd_3625_06e6>
...
040 (390896.034.000) 2024-01-18 21:54:30 Started transferring input files
	Transferring to host: <172.30.1.102:9618?addrs=172.30.1.102-9618&alias=n2&noUDP&sock=slot1_46_3356_5b02_63214>
...
040 (390896.034.000) 2024-01-18 21:54:30 Finished transferring input files
...
001 (390896.034.000) 2024-01-18 21:54:30 Job executing on host: <172.30.1.102:9618?addrs=172.30.1.102-9618&alias=n2&noUDP&sock=startd_3322_31b4>
...
006 (390896.034.000) 2024-01-18 21:54:38 Image size of job updated: 154144
	151  -  MemoryUsage of job (MB)
	154144  -  ResidentSetSize of job (KB)
...
006 (390896.034.000) 2024-01-18 21:59:38 Image size of job updated: 865144
	199  -  MemoryUsage of job (MB)
	202860  -  ResidentSetSize of job (KB)
...
006 (390896.034.000) 2024-01-18 22:01:53 Image size of job updated: 868284
	199  -  MemoryUsage of job (MB)
	202860  -  ResidentSetSize of job (KB)
...
040 (390896.034.000) 2024-01-18 22:01:53 Started transferring output files
...
040 (390896.034.000) 2024-01-18 22:01:54 Finished transferring output files
...
005 (390896.034.000) 2024-01-18 22:01:54 Job terminated.
	(1) Normal termination (return value 0)
		Usr 0 00:05:55, Sys 0 00:00:34  -  Run Remote Usage
		Usr 0 00:00:00, Sys 0 00:00:00  -  Run Local Usage
		Usr 0 00:05:55, Sys 0 00:00:34  -  Total Remote Usage
		Usr 0 00:00:00, Sys 0 00:00:00  -  Total Local Usage
	39330480  -  Run Bytes Sent By Job
	182135  -  Run Bytes Received By Job
	39330480  -  Total Bytes Sent By Job
	182135  -  Total Bytes Received By Job
	Partitionable Resources :    Usage  Request Allocated 
	   Cpus                 :     0.89        1         1 
	   Disk (KB)            : 38659         200    123820 
	   Memory (MB)          :   199        3900      3968 

	Job terminated of its own accord at 2024-01-18T13:01:53Z.
...
000 (390897.034.000) 2024-01-18 22:03:48 Job submitted from host: <172.30.1.200:9618?addrs=172.30.1.200-9618&alias=tamsa2.snu.ac.kr&noUDP&sock=schedd_3625_06e6>
...
040 (390897.034.000) 2024-01-18 22:06:49 Started transferring input files
	Transferring to host: <172.30.1.108:9618?addrs=172.30.1.108-9618&alias=n8&noUDP&sock=slot1_40_4128_4ca1_81038>
...
001 (390897.034.000) 2024-01-18 22:06:49 Job executing on host: <172.30.1.108:9618?addrs=172.30.1.108-9618&alias=n8&noUDP&sock=startd_4094_b8d1>
...
040 (390897.034.000) 2024-01-18 22:06:49 Finished transferring input files
...
006 (390897.034.000) 2024-01-18 22:06:58 Image size of job updated: 296904
	141  -  MemoryUsage of job (MB)
	143992  -  ResidentSetSize of job (KB)
...
006 (390897.034.000) 2024-01-18 22:10:45 Image size of job updated: 863700
	141  -  MemoryUsage of job (MB)
	144048  -  ResidentSetSize of job (KB)
...
040 (390897.034.000) 2024-01-18 22:10:45 Started transferring output files
...
040 (390897.034.000) 2024-01-18 22:10:46 Finished transferring output files
...
005 (390897.034.000) 2024-01-18 22:10:46 Job terminated.
	(1) Normal termination (return value 0)
		Usr 0 00:03:10, Sys 0 00:00:16  -  Run Remote Usage
		Usr 0 00:00:00, Sys 0 00:00:00  -  Run Local Usage
		Usr 0 00:03:10, Sys 0 00:00:16  -  Total Remote Usage
		Usr 0 00:00:00, Sys 0 00:00:00  -  Total Local Usage
	39157856  -  Run Bytes Sent By Job
	182135  -  Run Bytes Received By Job
	39157856  -  Total Bytes Sent By Job
	182135  -  Total Bytes Received By Job
	Partitionable Resources :    Usage  Request Allocated 
	   Cpus                 :     0.77        1         1 
	   Disk (KB)            : 38490         200    127849 
	   Memory (MB)          :   141        3900      3968 

	Job terminated of its own accord at 2024-01-18T13:10:45Z.
...
000 (390986.034.000) 2024-01-18 22:24:33 Job submitted from host: <172.30.1.200:9618?addrs=172.30.1.200-9618&alias=tamsa2.snu.ac.kr&noUDP&sock=schedd_3625_06e6>
...
040 (390986.034.000) 2024-01-18 22:26:36 Started transferring input files
	Transferring to host: <172.30.1.204:9618?addrs=172.30.1.204-9618&alias=node4&noUDP&sock=slot1_36_3725_5971_202906>
...
001 (390986.034.000) 2024-01-18 22:26:36 Job executing on host: <172.30.1.204:9618?addrs=172.30.1.204-9618&alias=node4&noUDP&sock=startd_3691_4c27>
...
040 (390986.034.000) 2024-01-18 22:26:36 Finished transferring input files
...
006 (390986.034.000) 2024-01-18 22:26:44 Image size of job updated: 832464
	181  -  MemoryUsage of job (MB)
	184584  -  ResidentSetSize of job (KB)
...
006 (390986.034.000) 2024-01-18 22:30:49 Image size of job updated: 863476
	181  -  MemoryUsage of job (MB)
	184584  -  ResidentSetSize of job (KB)
...
040 (390986.034.000) 2024-01-18 22:30:49 Started transferring output files
...
040 (390986.034.000) 2024-01-18 22:30:51 Finished transferring output files
...
005 (390986.034.000) 2024-01-18 22:30:51 Job terminated.
	(1) Normal termination (return value 0)
		Usr 0 00:03:13, Sys 0 00:00:12  -  Run Remote Usage
		Usr 0 00:00:00, Sys 0 00:00:00  -  Run Local Usage
		Usr 0 00:03:13, Sys 0 00:00:12  -  Total Remote Usage
		Usr 0 00:00:00, Sys 0 00:00:00  -  Total Local Usage
	35490376  -  Run Bytes Sent By Job
	182182  -  Run Bytes Received By Job
	35490376  -  Total Bytes Sent By Job
	182182  -  Total Bytes Received By Job
	Partitionable Resources :    Usage  Request Allocated 
	   Cpus                 :                 1         1 
	   Disk (KB)            :    34903      200    128928 
	   Memory (MB)          :      181     3900      3968 

	Job terminated of its own accord at 2024-01-18T13:30:49Z.
...
000 (391043.034.000) 2024-01-18 23:16:24 Job submitted from host: <172.30.1.200:9618?addrs=172.30.1.200-9618&alias=tamsa2.snu.ac.kr&noUDP&sock=schedd_3625_06e6>
...
040 (391043.034.000) 2024-01-18 23:16:30 Started transferring input files
	Transferring to host: <172.30.1.204:9618?addrs=172.30.1.204-9618&alias=node4&noUDP&sock=slot1_29_3725_5971_202948>
...
001 (391043.034.000) 2024-01-18 23:16:30 Job executing on host: <172.30.1.204:9618?addrs=172.30.1.204-9618&alias=node4&noUDP&sock=startd_3691_4c27>
...
040 (391043.034.000) 2024-01-18 23:16:30 Finished transferring input files
...
006 (391043.034.000) 2024-01-18 23:16:39 Image size of job updated: 142696
	132  -  MemoryUsage of job (MB)
	134828  -  ResidentSetSize of job (KB)
...
006 (391043.034.000) 2024-01-18 23:18:19 Image size of job updated: 846156
	132  -  MemoryUsage of job (MB)
	134892  -  ResidentSetSize of job (KB)
...
040 (391043.034.000) 2024-01-18 23:18:23 Started transferring output files
...
040 (391043.034.000) 2024-01-18 23:18:27 Finished transferring output files
...
005 (391043.034.000) 2024-01-18 23:18:27 Job terminated.
	(1) Normal termination (return value 0)
		Usr 0 00:01:07, Sys 0 00:00:07  -  Run Remote Usage
		Usr 0 00:00:00, Sys 0 00:00:00  -  Run Local Usage
		Usr 0 00:01:07, Sys 0 00:00:07  -  Total Remote Usage
		Usr 0 00:00:00, Sys 0 00:00:00  -  Total Local Usage
	7464007  -  Run Bytes Sent By Job
	182524  -  Run Bytes Received By Job
	7464007  -  Total Bytes Sent By Job
	182524  -  Total Bytes Received By Job
	Partitionable Resources :    Usage  Request Allocated 
	   Cpus                 :        0        1         1 
	   Disk (KB)            :     7540      200    128928 
	   Memory (MB)          :      132     3900      3968 

	Job terminated of its own accord at 2024-01-18T14:18:19Z.
...
000 (391059.034.000) 2024-01-19 10:38:28 Job submitted from host: <172.30.1.200:9618?addrs=172.30.1.200-9618&alias=tamsa2.snu.ac.kr&noUDP&sock=schedd_3625_06e6>
...
040 (391059.034.000) 2024-01-19 10:38:33 Started transferring input files
	Transferring to host: <172.30.1.207:9618?addrs=172.30.1.207-9618&alias=node7&noUDP&sock=slot1_42_39434_91fd_225176>
...
001 (391059.034.000) 2024-01-19 10:38:33 Job executing on host: <172.30.1.207:9618?addrs=172.30.1.207-9618&alias=node7&noUDP&sock=startd_3748_650d>
...
040 (391059.034.000) 2024-01-19 10:38:33 Finished transferring input files
...
006 (391059.034.000) 2024-01-19 10:38:41 Image size of job updated: 139088
	76  -  MemoryUsage of job (MB)
	77028  -  ResidentSetSize of job (KB)
...
006 (391059.034.000) 2024-01-19 10:43:25 Image size of job updated: 870120
	76  -  MemoryUsage of job (MB)
	77028  -  ResidentSetSize of job (KB)
...
040 (391059.034.000) 2024-01-19 10:43:25 Started transferring output files
...
040 (391059.034.000) 2024-01-19 10:43:27 Finished transferring output files
...
005 (391059.034.000) 2024-01-19 10:43:27 Job terminated.
	(1) Normal termination (return value 0)
		Usr 0 00:03:23, Sys 0 00:00:13  -  Run Remote Usage
		Usr 0 00:00:00, Sys 0 00:00:00  -  Run Local Usage
		Usr 0 00:03:23, Sys 0 00:00:13  -  Total Remote Usage
		Usr 0 00:00:00, Sys 0 00:00:00  -  Total Local Usage
	33812000  -  Run Bytes Sent By Job
	182504  -  Run Bytes Received By Job
	33812000  -  Total Bytes Sent By Job
	182504  -  Total Bytes Received By Job
	Partitionable Resources :    Usage  Request Allocated 
	   Cpus                 :     0.21        1         1 
	   Disk (KB)            : 33270         200    121695 
	   Memory (MB)          :    76        3900      3968 

	Job terminated of its own accord at 2024-01-19T01:43:25Z.
...
000 (391060.034.000) 2024-01-19 10:57:46 Job submitted from host: <172.30.1.200:9618?addrs=172.30.1.200-9618&alias=tamsa2.snu.ac.kr&noUDP&sock=schedd_3625_06e6>
...
040 (391060.034.000) 2024-01-19 10:57:50 Started transferring input files
	Transferring to host: <172.30.1.202:9618?addrs=172.30.1.202-9618&alias=node2&noUDP&sock=slot1_43_3851_20b6_74648>
...
001 (391060.034.000) 2024-01-19 10:57:50 Job executing on host: <172.30.1.202:9618?addrs=172.30.1.202-9618&alias=node2&noUDP&sock=startd_3818_68ae>
...
040 (391060.034.000) 2024-01-19 10:57:50 Finished transferring input files
...
006 (391060.034.000) 2024-01-19 10:57:58 Image size of job updated: 211848
	166  -  MemoryUsage of job (MB)
	169248  -  ResidentSetSize of job (KB)
...
006 (391060.034.000) 2024-01-19 11:02:24 Image size of job updated: 865596
	166  -  MemoryUsage of job (MB)
	169248  -  ResidentSetSize of job (KB)
...
040 (391060.034.000) 2024-01-19 11:02:24 Started transferring output files
...
040 (391060.034.000) 2024-01-19 11:02:27 Finished transferring output files
...
005 (391060.034.000) 2024-01-19 11:02:27 Job terminated.
	(1) Normal termination (return value 0)
		Usr 0 00:03:29, Sys 0 00:00:13  -  Run Remote Usage
		Usr 0 00:00:00, Sys 0 00:00:00  -  Run Local Usage
		Usr 0 00:03:29, Sys 0 00:00:13  -  Total Remote Usage
		Usr 0 00:00:00, Sys 0 00:00:00  -  Total Local Usage
	34486192  -  Run Bytes Sent By Job
	182520  -  Run Bytes Received By Job
	34486192  -  Total Bytes Sent By Job
	182520  -  Total Bytes Received By Job
	Partitionable Resources :    Usage  Request Allocated 
	   Cpus                 :     0.97        1         1 
	   Disk (KB)            : 33928         200    128928 
	   Memory (MB)          :   166        3900      3968 

	Job terminated of its own accord at 2024-01-19T02:02:24Z.
...
000 (391113.034.000) 2024-01-19 11:50:58 Job submitted from host: <172.30.1.200:9618?addrs=172.30.1.200-9618&alias=tamsa2.snu.ac.kr&noUDP&sock=schedd_3625_06e6>
...
040 (391113.034.000) 2024-01-19 11:51:02 Started transferring input files
	Transferring to host: <172.30.1.208:9618?addrs=172.30.1.208-9618&alias=node8&noUDP&sock=slot1_44_3811_f1b4_191169>
...
040 (391113.034.000) 2024-01-19 11:51:02 Finished transferring input files
...
001 (391113.034.000) 2024-01-19 11:51:02 Job executing on host: <172.30.1.208:9618?addrs=172.30.1.208-9618&alias=node8&noUDP&sock=startd_3777_494c>
...
006 (391113.034.000) 2024-01-19 11:51:11 Image size of job updated: 561376
	143  -  MemoryUsage of job (MB)
	146396  -  ResidentSetSize of job (KB)
...
006 (391113.034.000) 2024-01-19 11:53:12 Image size of job updated: 846152
	144  -  MemoryUsage of job (MB)
	146464  -  ResidentSetSize of job (KB)
...
040 (391113.034.000) 2024-01-19 11:53:12 Started transferring output files
...
040 (391113.034.000) 2024-01-19 11:53:13 Finished transferring output files
...
005 (391113.034.000) 2024-01-19 11:53:13 Job terminated.
	(1) Normal termination (return value 0)
		Usr 0 00:01:11, Sys 0 00:00:07  -  Run Remote Usage
		Usr 0 00:00:00, Sys 0 00:00:00  -  Run Local Usage
		Usr 0 00:01:11, Sys 0 00:00:07  -  Total Remote Usage
		Usr 0 00:00:00, Sys 0 00:00:00  -  Total Local Usage
	7464079  -  Run Bytes Sent By Job
	183986  -  Run Bytes Received By Job
	7464079  -  Total Bytes Sent By Job
	183986  -  Total Bytes Received By Job
	Partitionable Resources :    Usage  Request Allocated 
	   Cpus                 :                 1         1 
	   Disk (KB)            :     7536      200    128928 
	   Memory (MB)          :      144     3900      3968 

	Job terminated of its own accord at 2024-01-19T02:53:12Z.
...
000 (391114.034.000) 2024-01-19 11:56:30 Job submitted from host: <172.30.1.200:9618?addrs=172.30.1.200-9618&alias=tamsa2.snu.ac.kr&noUDP&sock=schedd_3625_06e6>
...
040 (391114.034.000) 2024-01-19 11:56:34 Started transferring input files
	Transferring to host: <172.30.1.208:9618?addrs=172.30.1.208-9618&alias=node8&noUDP&sock=slot1_46_3811_f1b4_191181>
...
001 (391114.034.000) 2024-01-19 11:56:34 Job executing on host: <172.30.1.208:9618?addrs=172.30.1.208-9618&alias=node8&noUDP&sock=startd_3777_494c>
...
040 (391114.034.000) 2024-01-19 11:56:34 Finished transferring input files
...
006 (391114.034.000) 2024-01-19 11:56:43 Image size of job updated: 651200
	183  -  MemoryUsage of job (MB)
	186740  -  ResidentSetSize of job (KB)
...
006 (391114.034.000) 2024-01-19 11:58:39 Image size of job updated: 846188
	183  -  MemoryUsage of job (MB)
	186740  -  ResidentSetSize of job (KB)
...
040 (391114.034.000) 2024-01-19 11:58:39 Started transferring output files
...
040 (391114.034.000) 2024-01-19 11:58:39 Finished transferring output files
...
005 (391114.034.000) 2024-01-19 11:58:39 Job terminated.
	(1) Normal termination (return value 0)
		Usr 0 00:01:11, Sys 0 00:00:07  -  Run Remote Usage
		Usr 0 00:00:00, Sys 0 00:00:00  -  Run Local Usage
		Usr 0 00:01:11, Sys 0 00:00:07  -  Total Remote Usage
		Usr 0 00:00:00, Sys 0 00:00:00  -  Total Local Usage
	7464183  -  Run Bytes Sent By Job
	183986  -  Run Bytes Received By Job
	7464183  -  Total Bytes Sent By Job
	183986  -  Total Bytes Received By Job
	Partitionable Resources :    Usage  Request Allocated 
	   Cpus                 :                 1         1 
	   Disk (KB)            :     7536      200    128928 
	   Memory (MB)          :      183     3900      3968 

	Job terminated of its own accord at 2024-01-19T02:58:39Z.
...
000 (391115.034.000) 2024-01-19 12:05:54 Job submitted from host: <172.30.1.200:9618?addrs=172.30.1.200-9618&alias=tamsa2.snu.ac.kr&noUDP&sock=schedd_3625_06e6>
...
040 (391115.034.000) 2024-01-19 12:05:58 Started transferring input files
	Transferring to host: <172.30.1.208:9618?addrs=172.30.1.208-9618&alias=node8&noUDP&sock=slot1_47_3811_f1b4_191190>
...
040 (391115.034.000) 2024-01-19 12:05:58 Finished transferring input files
...
001 (391115.034.000) 2024-01-19 12:05:58 Job executing on host: <172.30.1.208:9618?addrs=172.30.1.208-9618&alias=node8&noUDP&sock=startd_3777_494c>
...
006 (391115.034.000) 2024-01-19 12:06:07 Image size of job updated: 186732
	183  -  MemoryUsage of job (MB)
	186732  -  ResidentSetSize of job (KB)
...
006 (391115.034.000) 2024-01-19 12:07:59 Image size of job updated: 843516
	183  -  MemoryUsage of job (MB)
	186732  -  ResidentSetSize of job (KB)
...
040 (391115.034.000) 2024-01-19 12:07:59 Started transferring output files
...
040 (391115.034.000) 2024-01-19 12:08:00 Finished transferring output files
...
005 (391115.034.000) 2024-01-19 12:08:00 Job terminated.
	(1) Normal termination (return value 0)
		Usr 0 00:01:13, Sys 0 00:00:07  -  Run Remote Usage
		Usr 0 00:00:00, Sys 0 00:00:00  -  Run Local Usage
		Usr 0 00:01:13, Sys 0 00:00:07  -  Total Remote Usage
		Usr 0 00:00:00, Sys 0 00:00:00  -  Total Local Usage
	7464183  -  Run Bytes Sent By Job
	184022  -  Run Bytes Received By Job
	7464183  -  Total Bytes Sent By Job
	184022  -  Total Bytes Received By Job
	Partitionable Resources :    Usage  Request Allocated 
	   Cpus                 :                 1         1 
	   Disk (KB)            :     7537      200    128928 
	   Memory (MB)          :      183     3900      3968 

	Job terminated of its own accord at 2024-01-19T03:07:59Z.
...
000 (391116.034.000) 2024-01-19 12:09:38 Job submitted from host: <172.30.1.200:9618?addrs=172.30.1.200-9618&alias=tamsa2.snu.ac.kr&noUDP&sock=schedd_3625_06e6>
...
040 (391116.034.000) 2024-01-19 12:09:42 Started transferring input files
	Transferring to host: <172.30.1.208:9618?addrs=172.30.1.208-9618&alias=node8&noUDP&sock=slot1_47_3811_f1b4_191198>
...
001 (391116.034.000) 2024-01-19 12:09:42 Job executing on host: <172.30.1.208:9618?addrs=172.30.1.208-9618&alias=node8&noUDP&sock=startd_3777_494c>
...
040 (391116.034.000) 2024-01-19 12:09:42 Finished transferring input files
...
006 (391116.034.000) 2024-01-19 12:09:50 Image size of job updated: 583288
	182  -  MemoryUsage of job (MB)
	185396  -  ResidentSetSize of job (KB)
...
006 (391116.034.000) 2024-01-19 12:11:46 Image size of job updated: 846204
	182  -  MemoryUsage of job (MB)
	185396  -  ResidentSetSize of job (KB)
...
040 (391116.034.000) 2024-01-19 12:11:47 Started transferring output files
...
040 (391116.034.000) 2024-01-19 12:11:48 Finished transferring output files
...
005 (391116.034.000) 2024-01-19 12:11:48 Job terminated.
	(1) Normal termination (return value 0)
		Usr 0 00:01:14, Sys 0 00:00:07  -  Run Remote Usage
		Usr 0 00:00:00, Sys 0 00:00:00  -  Run Local Usage
		Usr 0 00:01:14, Sys 0 00:00:07  -  Total Remote Usage
		Usr 0 00:00:00, Sys 0 00:00:00  -  Total Local Usage
	7464207  -  Run Bytes Sent By Job
	184022  -  Run Bytes Received By Job
	7464207  -  Total Bytes Sent By Job
	184022  -  Total Bytes Received By Job
	Partitionable Resources :    Usage  Request Allocated 
	   Cpus                 :     0.22        1         1 
	   Disk (KB)            :  7542         200    128928 
	   Memory (MB)          :   182        3900      3968 

	Job terminated of its own accord at 2024-01-19T03:11:46Z.
...
000 (391117.034.000) 2024-01-19 12:15:27 Job submitted from host: <172.30.1.200:9618?addrs=172.30.1.200-9618&alias=tamsa2.snu.ac.kr&noUDP&sock=schedd_3625_06e6>
...
040 (391117.034.000) 2024-01-19 12:15:34 Started transferring input files
	Transferring to host: <172.30.1.208:9618?addrs=172.30.1.208-9618&alias=node8&noUDP&sock=slot1_48_3811_f1b4_191207>
...
001 (391117.034.000) 2024-01-19 12:15:34 Job executing on host: <172.30.1.208:9618?addrs=172.30.1.208-9618&alias=node8&noUDP&sock=startd_3777_494c>
...
040 (391117.034.000) 2024-01-19 12:15:34 Finished transferring input files
...
006 (391117.034.000) 2024-01-19 12:15:43 Image size of job updated: 493816
	183  -  MemoryUsage of job (MB)
	186732  -  ResidentSetSize of job (KB)
...
006 (391117.034.000) 2024-01-19 12:20:20 Image size of job updated: 866576
	183  -  MemoryUsage of job (MB)
	186732  -  ResidentSetSize of job (KB)
...
040 (391117.034.000) 2024-01-19 12:20:21 Started transferring output files
...
040 (391117.034.000) 2024-01-19 12:20:21 Finished transferring output files
...
005 (391117.034.000) 2024-01-19 12:20:21 Job terminated.
	(1) Normal termination (return value 0)
		Usr 0 00:03:37, Sys 0 00:00:13  -  Run Remote Usage
		Usr 0 00:00:00, Sys 0 00:00:00  -  Run Local Usage
		Usr 0 00:03:37, Sys 0 00:00:13  -  Total Remote Usage
		Usr 0 00:00:00, Sys 0 00:00:00  -  Total Local Usage
	33961236  -  Run Bytes Sent By Job
	184028  -  Run Bytes Received By Job
	33961236  -  Total Bytes Sent By Job
	184028  -  Total Bytes Received By Job
	Partitionable Resources :    Usage  Request Allocated 
	   Cpus                 :     0.35        1         1 
	   Disk (KB)            : 33418         200    128928 
	   Memory (MB)          :   183        3900      3968 

	Job terminated of its own accord at 2024-01-19T03:20:20Z.
...
000 (391118.034.000) 2024-01-19 12:41:45 Job submitted from host: <172.30.1.200:9618?addrs=172.30.1.200-9618&alias=tamsa2.snu.ac.kr&noUDP&sock=schedd_3625_06e6>
...
040 (391118.034.000) 2024-01-19 12:41:53 Started transferring input files
	Transferring to host: <172.30.1.210:9618?addrs=172.30.1.210-9618&alias=node10&noUDP&sock=slot1_46_3822_b1d4_184620>
...
040 (391118.034.000) 2024-01-19 12:41:53 Finished transferring input files
...
001 (391118.034.000) 2024-01-19 12:41:53 Job executing on host: <172.30.1.210:9618?addrs=172.30.1.210-9618&alias=node10&noUDP&sock=startd_3788_d4d6>
...
006 (391118.034.000) 2024-01-19 12:42:01 Image size of job updated: 184596
	181  -  MemoryUsage of job (MB)
	184596  -  ResidentSetSize of job (KB)
...
006 (391118.034.000) 2024-01-19 12:43:48 Image size of job updated: 843228
	181  -  MemoryUsage of job (MB)
	184596  -  ResidentSetSize of job (KB)
...
040 (391118.034.000) 2024-01-19 12:43:48 Started transferring output files
...
040 (391118.034.000) 2024-01-19 12:43:48 Finished transferring output files
...
005 (391118.034.000) 2024-01-19 12:43:48 Job terminated.
	(1) Normal termination (return value 0)
		Usr 0 00:01:13, Sys 0 00:00:07  -  Run Remote Usage
		Usr 0 00:00:00, Sys 0 00:00:00  -  Run Local Usage
		Usr 0 00:01:13, Sys 0 00:00:07  -  Total Remote Usage
		Usr 0 00:00:00, Sys 0 00:00:00  -  Total Local Usage
	7464143  -  Run Bytes Sent By Job
	183796  -  Run Bytes Received By Job
	7464143  -  Total Bytes Sent By Job
	183796  -  Total Bytes Received By Job
	Partitionable Resources :    Usage  Request Allocated 
	   Cpus                 :                 1         1 
	   Disk (KB)            :     7536      200    128928 
	   Memory (MB)          :      181     3900      3968 

	Job terminated of its own accord at 2024-01-19T03:43:48Z.
...
000 (391119.034.000) 2024-01-19 12:47:04 Job submitted from host: <172.30.1.200:9618?addrs=172.30.1.200-9618&alias=tamsa2.snu.ac.kr&noUDP&sock=schedd_3625_06e6>
...
040 (391119.034.000) 2024-01-19 12:47:14 Started transferring input files
	Transferring to host: <172.30.1.209:9618?addrs=172.30.1.209-9618&alias=node9&noUDP&sock=slot1_47_3782_82d3_179356>
...
040 (391119.034.000) 2024-01-19 12:47:14 Finished transferring input files
...
001 (391119.034.000) 2024-01-19 12:47:14 Job executing on host: <172.30.1.209:9618?addrs=172.30.1.209-9618&alias=node9&noUDP&sock=startd_3748_650d>
...
006 (391119.034.000) 2024-01-19 12:47:23 Image size of job updated: 832928
	181  -  MemoryUsage of job (MB)
	184576  -  ResidentSetSize of job (KB)
...
006 (391119.034.000) 2024-01-19 12:51:57 Image size of job updated: 866796
	181  -  MemoryUsage of job (MB)
	184576  -  ResidentSetSize of job (KB)
...
040 (391119.034.000) 2024-01-19 12:51:57 Started transferring output files
...
040 (391119.034.000) 2024-01-19 12:51:57 Finished transferring output files
...
005 (391119.034.000) 2024-01-19 12:51:57 Job terminated.
	(1) Normal termination (return value 0)
		Usr 0 00:03:36, Sys 0 00:00:12  -  Run Remote Usage
		Usr 0 00:00:00, Sys 0 00:00:00  -  Run Local Usage
		Usr 0 00:03:36, Sys 0 00:00:12  -  Total Remote Usage
		Usr 0 00:00:00, Sys 0 00:00:00  -  Total Local Usage
	33526636  -  Run Bytes Sent By Job
	183796  -  Run Bytes Received By Job
	33526636  -  Total Bytes Sent By Job
	183796  -  Total Bytes Received By Job
	Partitionable Resources :    Usage  Request Allocated 
	   Cpus                 :     0.95        1         1 
	   Disk (KB)            : 32993         200    128928 
	   Memory (MB)          :   181        3900      3968 

	Job terminated of its own accord at 2024-01-19T03:51:57Z.
...
000 (391120.034.000) 2024-01-19 13:02:28 Job submitted from host: <172.30.1.200:9618?addrs=172.30.1.200-9618&alias=tamsa2.snu.ac.kr&noUDP&sock=schedd_3625_06e6>
...
040 (391120.034.000) 2024-01-19 13:02:39 Started transferring input files
	Transferring to host: <172.30.1.203:9618?addrs=172.30.1.203-9618&alias=node3&noUDP&sock=slot1_44_24221_a2b2_51956>
...
001 (391120.034.000) 2024-01-19 13:02:39 Job executing on host: <172.30.1.203:9618?addrs=172.30.1.203-9618&alias=node3&noUDP&sock=startd_24188_88db>
...
040 (391120.034.000) 2024-01-19 13:02:39 Finished transferring input files
...
006 (391120.034.000) 2024-01-19 13:02:47 Image size of job updated: 236920
	181  -  MemoryUsage of job (MB)
	184564  -  ResidentSetSize of job (KB)
...
006 (391120.034.000) 2024-01-19 13:07:19 Image size of job updated: 863792
	181  -  MemoryUsage of job (MB)
	184564  -  ResidentSetSize of job (KB)
...
040 (391120.034.000) 2024-01-19 13:07:19 Started transferring output files
...
040 (391120.034.000) 2024-01-19 13:07:21 Finished transferring output files
...
005 (391120.034.000) 2024-01-19 13:07:21 Job terminated.
	(1) Normal termination (return value 0)
		Usr 0 00:03:36, Sys 0 00:00:14  -  Run Remote Usage
		Usr 0 00:00:00, Sys 0 00:00:00  -  Run Local Usage
		Usr 0 00:03:36, Sys 0 00:00:14  -  Total Remote Usage
		Usr 0 00:00:00, Sys 0 00:00:00  -  Total Local Usage
	33502068  -  Run Bytes Sent By Job
	183796  -  Run Bytes Received By Job
	33502068  -  Total Bytes Sent By Job
	183796  -  Total Bytes Received By Job
	Partitionable Resources :    Usage  Request Allocated 
	   Cpus                 :     0.82        1         1 
	   Disk (KB)            : 32969         200    128924 
	   Memory (MB)          :   181        3900      3968 

	Job terminated of its own accord at 2024-01-19T04:07:19Z.
...
000 (391131.034.000) 2024-01-19 14:22:45 Job submitted from host: <172.30.1.200:9618?addrs=172.30.1.200-9618&alias=tamsa2.snu.ac.kr&noUDP&sock=schedd_3625_06e6>
...
040 (391131.034.000) 2024-01-19 14:22:52 Started transferring input files
	Transferring to host: <172.30.1.103:9618?addrs=172.30.1.103-9618&alias=n3&noUDP&sock=slot1_4_3441_3ee5_36089>
...
001 (391131.034.000) 2024-01-19 14:22:52 Job executing on host: <172.30.1.103:9618?addrs=172.30.1.103-9618&alias=n3&noUDP&sock=startd_3407_7f41>
...
040 (391131.034.000) 2024-01-19 14:22:52 Finished transferring input files
...
006 (391131.034.000) 2024-01-19 14:23:00 Image size of job updated: 50120
	29  -  MemoryUsage of job (MB)
	28848  -  ResidentSetSize of job (KB)
...
006 (391131.034.000) 2024-01-19 14:28:00 Image size of job updated: 981140
	327  -  MemoryUsage of job (MB)
	334352  -  ResidentSetSize of job (KB)
...
006 (391131.034.000) 2024-01-19 14:28:10 Image size of job updated: 997224
	327  -  MemoryUsage of job (MB)
	334352  -  ResidentSetSize of job (KB)
...
004 (391131.034.000) 2024-01-19 14:28:10 Job was evicted.
	(0) CPU times
		Usr 0 00:04:49, Sys 0 00:00:19  -  Run Remote Usage
		Usr 0 00:00:00, Sys 0 00:00:00  -  Run Local Usage
	0  -  Run Bytes Sent By Job
	183798  -  Run Bytes Received By Job
	Partitionable Resources :    Usage  Request Allocated 
	   Cpus                 :     1.00        1         1 
	   Disk (KB)            :  1449         200     61880 
	   Memory (MB)          :   327        3900      3968 
...
009 (391131.034.000) 2024-01-19 14:28:10 Job was aborted.
	via condor_rm (by user shin)
...
000 (391132.034.000) 2024-01-19 14:30:22 Job submitted from host: <172.30.1.200:9618?addrs=172.30.1.200-9618&alias=tamsa2.snu.ac.kr&noUDP&sock=schedd_3625_06e6>
...
040 (391132.034.000) 2024-01-19 14:30:26 Started transferring input files
	Transferring to host: <172.30.1.104:9618?addrs=172.30.1.104-9618&alias=n4&noUDP&sock=slot1_3_21200_1157_31954>
...
040 (391132.034.000) 2024-01-19 14:30:26 Finished transferring input files
...
001 (391132.034.000) 2024-01-19 14:30:26 Job executing on host: <172.30.1.104:9618?addrs=172.30.1.104-9618&alias=n4&noUDP&sock=startd_21167_613f>
...
006 (391132.034.000) 2024-01-19 14:30:35 Image size of job updated: 139344
	18  -  MemoryUsage of job (MB)
	18116  -  ResidentSetSize of job (KB)
...
006 (391132.034.000) 2024-01-19 14:35:36 Image size of job updated: 873284
	183  -  MemoryUsage of job (MB)
	186528  -  ResidentSetSize of job (KB)
...
000 (391137.034.000) 2024-01-19 14:35:50 Job submitted from host: <172.30.1.200:9618?addrs=172.30.1.200-9618&alias=tamsa2.snu.ac.kr&noUDP&sock=schedd_3625_06e6>
...
040 (391137.034.000) 2024-01-19 14:35:56 Started transferring input files
	Transferring to host: <172.30.1.109:9618?addrs=172.30.1.109-9618&alias=n9&noUDP&sock=slot1_35_4134_86e1_92624>
...
040 (391137.034.000) 2024-01-19 14:35:56 Finished transferring input files
...
001 (391137.034.000) 2024-01-19 14:35:56 Job executing on host: <172.30.1.109:9618?addrs=172.30.1.109-9618&alias=n9&noUDP&sock=startd_4100_d663>
...
004 (391132.034.000) 2024-01-19 14:36:00 Job was evicted.
	(0) CPU times
		Usr 0 00:04:52, Sys 0 00:00:22  -  Run Remote Usage
		Usr 0 00:00:00, Sys 0 00:00:00  -  Run Local Usage
	0  -  Run Bytes Sent By Job
	183608  -  Run Bytes Received By Job
	Partitionable Resources :    Usage  Request Allocated 
	   Cpus                 :     1.00        1         1 
	   Disk (KB)            : 13341         200     54661 
	   Memory (MB)          :   183        3900      3968 
...
009 (391132.034.000) 2024-01-19 14:36:00 Job was aborted.
	via condor_rm (by user shin)
...
006 (391137.034.000) 2024-01-19 14:36:01 Image size of job updated: 230108
	0  -  MemoryUsage of job (MB)
	0  -  ResidentSetSize of job (KB)
...
004 (391137.034.000) 2024-01-19 14:36:01 Job was evicted.
	(0) CPU times
		Usr 0 00:00:00, Sys 0 00:00:00  -  Run Remote Usage
		Usr 0 00:00:00, Sys 0 00:00:00  -  Run Local Usage
	0  -  Run Bytes Sent By Job
	183614  -  Run Bytes Received By Job
	Partitionable Resources :    Usage  Request Allocated 
	   Cpus                 :     0.02        1         1 
	   Disk (KB)            :   235         200    127849 
	   Memory (MB)          :     0        3900      3968 
...
009 (391137.034.000) 2024-01-19 14:36:01 Job was aborted.
	via condor_rm (by user shin)
...
000 (391138.034.000) 2024-01-19 14:36:02 Job submitted from host: <172.30.1.200:9618?addrs=172.30.1.200-9618&alias=tamsa2.snu.ac.kr&noUDP&sock=schedd_3625_06e6>
...
040 (391138.034.000) 2024-01-19 14:36:15 Started transferring input files
	Transferring to host: <172.30.1.104:9618?addrs=172.30.1.104-9618&alias=n4&noUDP&sock=slot1_2_21200_1157_31965>
...
001 (391138.034.000) 2024-01-19 14:36:15 Job executing on host: <172.30.1.104:9618?addrs=172.30.1.104-9618&alias=n4&noUDP&sock=startd_21167_613f>
...
040 (391138.034.000) 2024-01-19 14:36:15 Finished transferring input files
...
006 (391138.034.000) 2024-01-19 14:36:23 Image size of job updated: 183980
	124  -  MemoryUsage of job (MB)
	126472  -  ResidentSetSize of job (KB)
...
006 (391138.034.000) 2024-01-19 14:41:23 Image size of job updated: 875504
	204  -  MemoryUsage of job (MB)
	208844  -  ResidentSetSize of job (KB)
...
040 (391138.034.000) 2024-01-19 14:42:38 Started transferring output files
...
040 (391138.034.000) 2024-01-19 14:42:40 Finished transferring output files
...
005 (391138.034.000) 2024-01-19 14:42:40 Job terminated.
	(1) Normal termination (return value 0)
		Usr 0 00:05:48, Sys 0 00:00:26  -  Run Remote Usage
		Usr 0 00:00:00, Sys 0 00:00:00  -  Run Local Usage
		Usr 0 00:05:48, Sys 0 00:00:26  -  Total Remote Usage
		Usr 0 00:00:00, Sys 0 00:00:00  -  Total Local Usage
	33289386  -  Run Bytes Sent By Job
	183614  -  Run Bytes Received By Job
	33289386  -  Total Bytes Sent By Job
	183614  -  Total Bytes Received By Job
	Partitionable Resources :    Usage  Request Allocated 
	   Cpus                 :     0.93        1         1 
	   Disk (KB)            : 32761         200     54661 
	   Memory (MB)          :   204        3900      3968 

	Job terminated of its own accord at 2024-01-19T05:42:38Z.
...
000 (391139.034.000) 2024-01-19 14:48:50 Job submitted from host: <172.30.1.200:9618?addrs=172.30.1.200-9618&alias=tamsa2.snu.ac.kr&noUDP&sock=schedd_3625_06e6>
...
040 (391139.034.000) 2024-01-19 14:48:53 Started transferring input files
	Transferring to host: <172.30.1.104:9618?addrs=172.30.1.104-9618&alias=n4&noUDP&sock=slot1_1_21200_1157_31973>
...
040 (391139.034.000) 2024-01-19 14:48:53 Finished transferring input files
...
001 (391139.034.000) 2024-01-19 14:48:53 Job executing on host: <172.30.1.104:9618?addrs=172.30.1.104-9618&alias=n4&noUDP&sock=startd_21167_613f>
...
006 (391139.034.000) 2024-01-19 14:49:01 Image size of job updated: 139088
	68  -  MemoryUsage of job (MB)
	69428  -  ResidentSetSize of job (KB)
...
006 (391139.034.000) 2024-01-19 14:52:18 Image size of job updated: 880088
	68  -  MemoryUsage of job (MB)
	69428  -  ResidentSetSize of job (KB)
...
004 (391139.034.000) 2024-01-19 14:52:18 Job was evicted.
	(0) CPU times
		Usr 0 00:03:02, Sys 0 00:00:12  -  Run Remote Usage
		Usr 0 00:00:00, Sys 0 00:00:00  -  Run Local Usage
	0  -  Run Bytes Sent By Job
	183618  -  Run Bytes Received By Job
	Partitionable Resources :    Usage  Request Allocated 
	   Cpus                 :     0.73        1         1 
	   Disk (KB)            :  9039         200     54661 
	   Memory (MB)          :    68        3900      3968 
...
009 (391139.034.000) 2024-01-19 14:52:18 Job was aborted.
	via condor_rm (by user shin)
...
000 (391140.034.000) 2024-01-19 14:52:19 Job submitted from host: <172.30.1.200:9618?addrs=172.30.1.200-9618&alias=tamsa2.snu.ac.kr&noUDP&sock=schedd_3625_06e6>
...
040 (391140.034.000) 2024-01-19 14:52:22 Started transferring input files
	Transferring to host: <172.30.1.104:9618?addrs=172.30.1.104-9618&alias=n4&noUDP&sock=slot1_1_21200_1157_31980>
...
001 (391140.034.000) 2024-01-19 14:52:22 Job executing on host: <172.30.1.104:9618?addrs=172.30.1.104-9618&alias=n4&noUDP&sock=startd_21167_613f>
...
040 (391140.034.000) 2024-01-19 14:52:22 Finished transferring input files
...
006 (391140.034.000) 2024-01-19 14:52:30 Image size of job updated: 561388
	183  -  MemoryUsage of job (MB)
	186728  -  ResidentSetSize of job (KB)
...
006 (391140.034.000) 2024-01-19 14:57:30 Image size of job updated: 875892
	183  -  MemoryUsage of job (MB)
	186728  -  ResidentSetSize of job (KB)
...
006 (391140.034.000) 2024-01-19 14:58:08 Image size of job updated: 876024
	183  -  MemoryUsage of job (MB)
	186728  -  ResidentSetSize of job (KB)
...
040 (391140.034.000) 2024-01-19 14:58:08 Started transferring output files
...
040 (391140.034.000) 2024-01-19 14:58:18 Finished transferring output files
...
005 (391140.034.000) 2024-01-19 14:58:18 Job terminated.
	(1) Normal termination (return value 0)
		Usr 0 00:05:15, Sys 0 00:00:21  -  Run Remote Usage
		Usr 0 00:00:00, Sys 0 00:00:00  -  Run Local Usage
		Usr 0 00:05:15, Sys 0 00:00:21  -  Total Remote Usage
		Usr 0 00:00:00, Sys 0 00:00:00  -  Total Local Usage
	33245362  -  Run Bytes Sent By Job
	183636  -  Run Bytes Received By Job
	33245362  -  Total Bytes Sent By Job
	183636  -  Total Bytes Received By Job
	Partitionable Resources :    Usage  Request Allocated 
	   Cpus                 :     1.00        1         1 
	   Disk (KB)            : 32718         200     54661 
	   Memory (MB)          :   183        3900      3968 

	Job terminated of its own accord at 2024-01-19T05:58:08Z.
...
000 (391145.034.000) 2024-01-19 15:59:26 Job submitted from host: <172.30.1.200:9618?addrs=172.30.1.200-9618&alias=tamsa2.snu.ac.kr&noUDP&sock=schedd_3625_06e6>
...
040 (391145.034.000) 2024-01-19 15:59:30 Started transferring input files
	Transferring to host: <172.30.1.103:9618?addrs=172.30.1.103-9618&alias=n3&noUDP&sock=slot1_2_3441_3ee5_36107>
...
040 (391145.034.000) 2024-01-19 15:59:30 Finished transferring input files
...
001 (391145.034.000) 2024-01-19 15:59:30 Job executing on host: <172.30.1.103:9618?addrs=172.30.1.103-9618&alias=n3&noUDP&sock=startd_3407_7f41>
...
006 (391145.034.000) 2024-01-19 15:59:38 Image size of job updated: 50120
	6  -  MemoryUsage of job (MB)
	5332  -  ResidentSetSize of job (KB)
...
006 (391145.034.000) 2024-01-19 16:04:39 Image size of job updated: 872220
	216  -  MemoryUsage of job (MB)
	220724  -  ResidentSetSize of job (KB)
...
006 (391145.034.000) 2024-01-19 16:05:24 Image size of job updated: 875564
	216  -  MemoryUsage of job (MB)
	220732  -  ResidentSetSize of job (KB)
...
040 (391145.034.000) 2024-01-19 16:05:24 Started transferring output files
...
040 (391145.034.000) 2024-01-19 16:05:25 Finished transferring output files
...
005 (391145.034.000) 2024-01-19 16:05:25 Job terminated.
	(1) Normal termination (return value 0)
		Usr 0 00:05:05, Sys 0 00:00:17  -  Run Remote Usage
		Usr 0 00:00:00, Sys 0 00:00:00  -  Run Local Usage
		Usr 0 00:05:05, Sys 0 00:00:17  -  Total Remote Usage
		Usr 0 00:00:00, Sys 0 00:00:00  -  Total Local Usage
	32195432  -  Run Bytes Sent By Job
	184262  -  Run Bytes Received By Job
	32195432  -  Total Bytes Sent By Job
	184262  -  Total Bytes Received By Job
	Partitionable Resources :    Usage  Request Allocated 
	   Cpus                 :     0.96        1         1 
	   Disk (KB)            : 31694         200     61880 
	   Memory (MB)          :   216        3900      3968 

	Job terminated of its own accord at 2024-01-19T07:05:24Z.
...
000 (391151.034.000) 2024-01-19 16:45:38 Job submitted from host: <172.30.1.200:9618?addrs=172.30.1.200-9618&alias=tamsa2.snu.ac.kr&noUDP&sock=schedd_3625_06e6>
...
040 (391151.034.000) 2024-01-19 16:45:47 Started transferring input files
	Transferring to host: <172.30.1.201:9618?addrs=172.30.1.201-9618&alias=node1&noUDP&sock=slot1_45_12171_5208_13931>
...
040 (391151.034.000) 2024-01-19 16:45:47 Finished transferring input files
...
001 (391151.034.000) 2024-01-19 16:45:47 Job executing on host: <172.30.1.201:9618?addrs=172.30.1.201-9618&alias=node1&noUDP&sock=startd_12138_3ca4>
...
006 (391151.034.000) 2024-01-19 16:45:56 Image size of job updated: 195408
	172  -  MemoryUsage of job (MB)
	175152  -  ResidentSetSize of job (KB)
...
000 (391152.034.000) 2024-01-19 16:46:33 Job submitted from host: <172.30.1.200:9618?addrs=172.30.1.200-9618&alias=tamsa2.snu.ac.kr&noUDP&sock=schedd_3625_06e6>
...
040 (391152.034.000) 2024-01-19 16:46:37 Started transferring input files
	Transferring to host: <172.30.1.106:9618?addrs=172.30.1.106-9618&alias=n6&noUDP&sock=slot1_7_3378_db42_31767>
...
001 (391152.034.000) 2024-01-19 16:46:37 Job executing on host: <172.30.1.106:9618?addrs=172.30.1.106-9618&alias=n6&noUDP&sock=startd_3343_9931>
...
040 (391152.034.000) 2024-01-19 16:46:37 Finished transferring input files
...
006 (391152.034.000) 2024-01-19 16:46:46 Image size of job updated: 50132
	0  -  MemoryUsage of job (MB)
	0  -  ResidentSetSize of job (KB)
...
004 (391152.034.000) 2024-01-19 16:46:46 Job was evicted.
	(0) CPU times
		Usr 0 00:00:00, Sys 0 00:00:00  -  Run Remote Usage
		Usr 0 00:00:00, Sys 0 00:00:00  -  Run Local Usage
	0  -  Run Bytes Sent By Job
	184253  -  Run Bytes Received By Job
	Partitionable Resources :    Usage  Request Allocated 
	   Cpus                 :     0.07        1         1 
	   Disk (KB)            :   236         200     61880 
	   Memory (MB)          :     0        3900      3968 
...
009 (391152.034.000) 2024-01-19 16:46:46 Job was aborted.
	via condor_rm (by user shin)
...
006 (391151.034.000) 2024-01-19 16:47:35 Image size of job updated: 836224
	178  -  MemoryUsage of job (MB)
	181692  -  ResidentSetSize of job (KB)
...
004 (391151.034.000) 2024-01-19 16:47:35 Job was evicted.
	(0) CPU times
		Usr 0 00:01:05, Sys 0 00:00:06  -  Run Remote Usage
		Usr 0 00:00:00, Sys 0 00:00:00  -  Run Local Usage
	0  -  Run Bytes Sent By Job
	184253  -  Run Bytes Received By Job
	Partitionable Resources :    Usage  Request Allocated 
	   Cpus                 :     0.85        1         1 
	   Disk (KB)            :  3430         200    128990 
	   Memory (MB)          :   178        3900      3968 
...
009 (391151.034.000) 2024-01-19 16:47:36 Job was aborted.
	via condor_rm (by user shin)
...
000 (391153.034.000) 2024-01-19 16:47:37 Job submitted from host: <172.30.1.200:9618?addrs=172.30.1.200-9618&alias=tamsa2.snu.ac.kr&noUDP&sock=schedd_3625_06e6>
...
040 (391153.034.000) 2024-01-19 16:48:00 Started transferring input files
	Transferring to host: <172.30.1.203:9618?addrs=172.30.1.203-9618&alias=node3&noUDP&sock=slot1_48_24221_a2b2_52057>
...
040 (391153.034.000) 2024-01-19 16:48:00 Finished transferring input files
...
001 (391153.034.000) 2024-01-19 16:48:00 Job executing on host: <172.30.1.203:9618?addrs=172.30.1.203-9618&alias=node3&noUDP&sock=startd_24188_88db>
...
006 (391153.034.000) 2024-01-19 16:48:08 Image size of job updated: 815944
	181  -  MemoryUsage of job (MB)
	184576  -  ResidentSetSize of job (KB)
...
006 (391153.034.000) 2024-01-19 16:50:06 Image size of job updated: 846464
	181  -  MemoryUsage of job (MB)
	184576  -  ResidentSetSize of job (KB)
...
040 (391153.034.000) 2024-01-19 16:50:06 Started transferring output files
...
040 (391153.034.000) 2024-01-19 16:50:06 Finished transferring output files
...
005 (391153.034.000) 2024-01-19 16:50:06 Job terminated.
	(1) Normal termination (return value 0)
		Usr 0 00:01:16, Sys 0 00:00:07  -  Run Remote Usage
		Usr 0 00:00:00, Sys 0 00:00:00  -  Run Local Usage
		Usr 0 00:01:16, Sys 0 00:00:07  -  Total Remote Usage
		Usr 0 00:00:00, Sys 0 00:00:00  -  Total Local Usage
	7470439  -  Run Bytes Sent By Job
	184257  -  Run Bytes Received By Job
	7470439  -  Total Bytes Sent By Job
	184257  -  Total Bytes Received By Job
	Partitionable Resources :    Usage  Request Allocated 
	   Cpus                 :     0.57        1         1 
	   Disk (KB)            :  7548         200    128924 
	   Memory (MB)          :   181        3900      3968 

	Job terminated of its own accord at 2024-01-19T07:50:06Z.
...
000 (391154.034.000) 2024-01-19 16:50:49 Job submitted from host: <172.30.1.200:9618?addrs=172.30.1.200-9618&alias=tamsa2.snu.ac.kr&noUDP&sock=schedd_3625_06e6>
...
040 (391154.034.000) 2024-01-19 16:50:53 Started transferring input files
	Transferring to host: <172.30.1.203:9618?addrs=172.30.1.203-9618&alias=node3&noUDP&sock=slot1_46_24221_a2b2_52063>
...
001 (391154.034.000) 2024-01-19 16:50:53 Job executing on host: <172.30.1.203:9618?addrs=172.30.1.203-9618&alias=node3&noUDP&sock=startd_24188_88db>
...
040 (391154.034.000) 2024-01-19 16:50:53 Finished transferring input files
...
006 (391154.034.000) 2024-01-19 16:51:01 Image size of job updated: 331884
	183  -  MemoryUsage of job (MB)
	186764  -  ResidentSetSize of job (KB)
...
006 (391154.034.000) 2024-01-19 16:56:01 Image size of job updated: 867768
	211  -  MemoryUsage of job (MB)
	215884  -  ResidentSetSize of job (KB)
...
006 (391154.034.000) 2024-01-19 16:57:48 Image size of job updated: 869548
	211  -  MemoryUsage of job (MB)
	215884  -  ResidentSetSize of job (KB)
...
040 (391154.034.000) 2024-01-19 16:57:48 Started transferring output files
...
040 (391154.034.000) 2024-01-19 16:57:48 Finished transferring output files
...
005 (391154.034.000) 2024-01-19 16:57:48 Job terminated.
	(1) Normal termination (return value 0)
		Usr 0 00:06:00, Sys 0 00:00:18  -  Run Remote Usage
		Usr 0 00:00:00, Sys 0 00:00:00  -  Run Local Usage
		Usr 0 00:06:00, Sys 0 00:00:18  -  Total Remote Usage
		Usr 0 00:00:00, Sys 0 00:00:00  -  Total Local Usage
	32663140  -  Run Bytes Sent By Job
	184256  -  Run Bytes Received By Job
	32663140  -  Total Bytes Sent By Job
	184256  -  Total Bytes Received By Job
	Partitionable Resources :    Usage  Request Allocated 
	   Cpus                 :     0.97        1         1 
	   Disk (KB)            : 32151         200    128924 
	   Memory (MB)          :   211        3900      3968 

	Job terminated of its own accord at 2024-01-19T07:57:48Z.
...
000 (391155.034.000) 2024-01-19 17:22:15 Job submitted from host: <172.30.1.200:9618?addrs=172.30.1.200-9618&alias=tamsa2.snu.ac.kr&noUDP&sock=schedd_3625_06e6>
...
040 (391155.034.000) 2024-01-19 17:22:19 Started transferring input files
	Transferring to host: <172.30.1.203:9618?addrs=172.30.1.203-9618&alias=node3&noUDP&sock=slot1_43_24221_a2b2_52077>
...
040 (391155.034.000) 2024-01-19 17:22:19 Finished transferring input files
...
001 (391155.034.000) 2024-01-19 17:22:19 Job executing on host: <172.30.1.203:9618?addrs=172.30.1.203-9618&alias=node3&noUDP&sock=startd_24188_88db>
...
006 (391155.034.000) 2024-01-19 17:22:28 Image size of job updated: 728024
	183  -  MemoryUsage of job (MB)
	186740  -  ResidentSetSize of job (KB)
...
006 (391155.034.000) 2024-01-19 17:24:18 Image size of job updated: 846604
	183  -  MemoryUsage of job (MB)
	186740  -  ResidentSetSize of job (KB)
...
040 (391155.034.000) 2024-01-19 17:24:18 Started transferring output files
...
040 (391155.034.000) 2024-01-19 17:24:18 Finished transferring output files
...
005 (391155.034.000) 2024-01-19 17:24:18 Job terminated.
	(1) Normal termination (return value 0)
		Usr 0 00:01:12, Sys 0 00:00:07  -  Run Remote Usage
		Usr 0 00:00:00, Sys 0 00:00:00  -  Run Local Usage
		Usr 0 00:01:12, Sys 0 00:00:07  -  Total Remote Usage
		Usr 0 00:00:00, Sys 0 00:00:00  -  Total Local Usage
	7465407  -  Run Bytes Sent By Job
	186554  -  Run Bytes Received By Job
	7465407  -  Total Bytes Sent By Job
	186554  -  Total Bytes Received By Job
	Partitionable Resources :    Usage  Request Allocated 
	   Cpus                 :     0.58        1         1 
	   Disk (KB)            :  7546         200    128924 
	   Memory (MB)          :   183        3900      3968 

	Job terminated of its own accord at 2024-01-19T08:24:18Z.
...
000 (391156.034.000) 2024-01-19 17:29:00 Job submitted from host: <172.30.1.200:9618?addrs=172.30.1.200-9618&alias=tamsa2.snu.ac.kr&noUDP&sock=schedd_3625_06e6>
...
040 (391156.034.000) 2024-01-19 17:29:04 Started transferring input files
	Transferring to host: <172.30.1.203:9618?addrs=172.30.1.203-9618&alias=node3&noUDP&sock=slot1_42_24221_a2b2_52088>
...
001 (391156.034.000) 2024-01-19 17:29:04 Job executing on host: <172.30.1.203:9618?addrs=172.30.1.203-9618&alias=node3&noUDP&sock=startd_24188_88db>
...
040 (391156.034.000) 2024-01-19 17:29:04 Finished transferring input files
...
006 (391156.034.000) 2024-01-19 17:29:12 Image size of job updated: 567204
	183  -  MemoryUsage of job (MB)
	186740  -  ResidentSetSize of job (KB)
...
006 (391156.034.000) 2024-01-19 17:30:55 Image size of job updated: 845724
	183  -  MemoryUsage of job (MB)
	186740  -  ResidentSetSize of job (KB)
...
040 (391156.034.000) 2024-01-19 17:30:55 Started transferring output files
...
040 (391156.034.000) 2024-01-19 17:30:55 Finished transferring output files
...
005 (391156.034.000) 2024-01-19 17:30:55 Job terminated.
	(1) Normal termination (return value 0)
		Usr 0 00:01:12, Sys 0 00:00:07  -  Run Remote Usage
		Usr 0 00:00:00, Sys 0 00:00:00  -  Run Local Usage
		Usr 0 00:01:12, Sys 0 00:00:07  -  Total Remote Usage
		Usr 0 00:00:00, Sys 0 00:00:00  -  Total Local Usage
	7465407  -  Run Bytes Sent By Job
	186554  -  Run Bytes Received By Job
	7465407  -  Total Bytes Sent By Job
	186554  -  Total Bytes Received By Job
	Partitionable Resources :    Usage  Request Allocated 
	   Cpus                 :     0.38        1         1 
	   Disk (KB)            :  7546         200    128924 
	   Memory (MB)          :   183        3900      3968 

	Job terminated of its own accord at 2024-01-19T08:30:55Z.
...
000 (391161.034.000) 2024-01-19 17:33:03 Job submitted from host: <172.30.1.200:9618?addrs=172.30.1.200-9618&alias=tamsa2.snu.ac.kr&noUDP&sock=schedd_3625_06e6>
...
040 (391161.034.000) 2024-01-19 17:33:06 Started transferring input files
	Transferring to host: <172.30.1.203:9618?addrs=172.30.1.203-9618&alias=node3&noUDP&sock=slot1_41_24221_a2b2_52096>
...
040 (391161.034.000) 2024-01-19 17:33:06 Finished transferring input files
...
001 (391161.034.000) 2024-01-19 17:33:06 Job executing on host: <172.30.1.203:9618?addrs=172.30.1.203-9618&alias=node3&noUDP&sock=startd_24188_88db>
...
006 (391161.034.000) 2024-01-19 17:33:15 Image size of job updated: 568808
	183  -  MemoryUsage of job (MB)
	186736  -  ResidentSetSize of job (KB)
...
006 (391161.034.000) 2024-01-19 17:35:02 Image size of job updated: 843520
	183  -  MemoryUsage of job (MB)
	186736  -  ResidentSetSize of job (KB)
...
040 (391161.034.000) 2024-01-19 17:35:02 Started transferring output files
...
040 (391161.034.000) 2024-01-19 17:35:02 Finished transferring output files
...
005 (391161.034.000) 2024-01-19 17:35:02 Job terminated.
	(1) Normal termination (return value 0)
		Usr 0 00:01:11, Sys 0 00:00:07  -  Run Remote Usage
		Usr 0 00:00:00, Sys 0 00:00:00  -  Run Local Usage
		Usr 0 00:01:11, Sys 0 00:00:07  -  Total Remote Usage
		Usr 0 00:00:00, Sys 0 00:00:00  -  Total Local Usage
	7469647  -  Run Bytes Sent By Job
	186686  -  Run Bytes Received By Job
	7469647  -  Total Bytes Sent By Job
	186686  -  Total Bytes Received By Job
	Partitionable Resources :    Usage  Request Allocated 
	   Cpus                 :     0.64        1         1 
	   Disk (KB)            :  7550         200    128924 
	   Memory (MB)          :   183        3900      3968 

	Job terminated of its own accord at 2024-01-19T08:35:02Z.
...
000 (391162.034.000) 2024-01-19 17:42:18 Job submitted from host: <172.30.1.200:9618?addrs=172.30.1.200-9618&alias=tamsa2.snu.ac.kr&noUDP&sock=schedd_3625_06e6>
...
040 (391162.034.000) 2024-01-19 17:42:29 Started transferring input files
	Transferring to host: <172.30.1.203:9618?addrs=172.30.1.203-9618&alias=node3&noUDP&sock=slot1_15_24221_a2b2_52105>
...
001 (391162.034.000) 2024-01-19 17:42:29 Job executing on host: <172.30.1.203:9618?addrs=172.30.1.203-9618&alias=node3&noUDP&sock=startd_24188_88db>
...
040 (391162.034.000) 2024-01-19 17:42:29 Finished transferring input files
...
006 (391162.034.000) 2024-01-19 17:42:38 Image size of job updated: 833776
	182  -  MemoryUsage of job (MB)
	185396  -  ResidentSetSize of job (KB)
...
006 (391162.034.000) 2024-01-19 17:44:27 Image size of job updated: 846168
	182  -  MemoryUsage of job (MB)
	185396  -  ResidentSetSize of job (KB)
...
040 (391162.034.000) 2024-01-19 17:44:27 Started transferring output files
...
040 (391162.034.000) 2024-01-19 17:44:27 Finished transferring output files
...
005 (391162.034.000) 2024-01-19 17:44:27 Job terminated.
	(1) Normal termination (return value 0)
		Usr 0 00:01:11, Sys 0 00:00:07  -  Run Remote Usage
		Usr 0 00:00:00, Sys 0 00:00:00  -  Run Local Usage
		Usr 0 00:01:11, Sys 0 00:00:07  -  Total Remote Usage
		Usr 0 00:00:00, Sys 0 00:00:00  -  Total Local Usage
	7465015  -  Run Bytes Sent By Job
	187104  -  Run Bytes Received By Job
	7465015  -  Total Bytes Sent By Job
	187104  -  Total Bytes Received By Job
	Partitionable Resources :    Usage  Request Allocated 
	   Cpus                 :     0.65        1         1 
	   Disk (KB)            :  7546         200    128924 
	   Memory (MB)          :   182        3900      3968 

	Job terminated of its own accord at 2024-01-19T08:44:27Z.
...
000 (391163.034.000) 2024-01-19 17:55:44 Job submitted from host: <172.30.1.200:9618?addrs=172.30.1.200-9618&alias=tamsa2.snu.ac.kr&noUDP&sock=schedd_3625_06e6>
...
040 (391163.034.000) 2024-01-19 17:55:57 Started transferring input files
	Transferring to host: <172.30.1.111:9618?addrs=172.30.1.111-9618&alias=n11&noUDP&sock=slot1_15_4271_0e47_38757>
...
001 (391163.034.000) 2024-01-19 17:55:57 Job executing on host: <172.30.1.111:9618?addrs=172.30.1.111-9618&alias=n11&noUDP&sock=startd_4237_cedc>
...
040 (391163.034.000) 2024-01-19 17:55:57 Finished transferring input files
...
006 (391163.034.000) 2024-01-19 17:56:06 Image size of job updated: 276652
	92  -  MemoryUsage of job (MB)
	93524  -  ResidentSetSize of job (KB)
...
006 (391163.034.000) 2024-01-19 17:59:04 Image size of job updated: 873372
	92  -  MemoryUsage of job (MB)
	93628  -  ResidentSetSize of job (KB)
...
040 (391163.034.000) 2024-01-19 17:59:04 Started transferring output files
...
040 (391163.034.000) 2024-01-19 17:59:18 Finished transferring output files
...
005 (391163.034.000) 2024-01-19 17:59:18 Job terminated.
	(1) Normal termination (return value 0)
		Usr 0 00:02:24, Sys 0 00:00:07  -  Run Remote Usage
		Usr 0 00:00:00, Sys 0 00:00:00  -  Run Local Usage
		Usr 0 00:02:24, Sys 0 00:00:07  -  Total Remote Usage
		Usr 0 00:00:00, Sys 0 00:00:00  -  Total Local Usage
	34351928  -  Run Bytes Sent By Job
	186100  -  Run Bytes Received By Job
	34351928  -  Total Bytes Sent By Job
	186100  -  Total Bytes Received By Job
	Partitionable Resources :    Usage  Request Allocated 
	   Cpus                 :                 1         1 
	   Disk (KB)            :    33796      200    127752 
	   GPUs                 :                           0 
	   Memory (MB)          :       92     3900      3968 

	Job terminated of its own accord at 2024-01-19T08:59:04Z.
...
000 (391164.034.000) 2024-01-19 18:03:23 Job submitted from host: <172.30.1.200:9618?addrs=172.30.1.200-9618&alias=tamsa2.snu.ac.kr&noUDP&sock=schedd_3625_06e6>
...
040 (391164.034.000) 2024-01-19 18:03:39 Started transferring input files
	Transferring to host: <172.30.1.111:9618?addrs=172.30.1.111-9618&alias=n11&noUDP&sock=slot1_11_4271_0e47_38781>
...
040 (391164.034.000) 2024-01-19 18:03:39 Finished transferring input files
...
001 (391164.034.000) 2024-01-19 18:03:39 Job executing on host: <172.30.1.111:9618?addrs=172.30.1.111-9618&alias=n11&noUDP&sock=startd_4237_cedc>
...
006 (391164.034.000) 2024-01-19 18:03:48 Image size of job updated: 236664
	190  -  MemoryUsage of job (MB)
	194444  -  ResidentSetSize of job (KB)
...
006 (391164.034.000) 2024-01-19 18:06:45 Image size of job updated: 870664
	190  -  MemoryUsage of job (MB)
	194444  -  ResidentSetSize of job (KB)
...
040 (391164.034.000) 2024-01-19 18:06:45 Started transferring output files
...
040 (391164.034.000) 2024-01-19 18:06:58 Finished transferring output files
...
005 (391164.034.000) 2024-01-19 18:06:58 Job terminated.
	(1) Normal termination (return value 0)
		Usr 0 00:02:45, Sys 0 00:00:07  -  Run Remote Usage
		Usr 0 00:00:00, Sys 0 00:00:00  -  Run Local Usage
		Usr 0 00:02:45, Sys 0 00:00:07  -  Total Remote Usage
		Usr 0 00:00:00, Sys 0 00:00:00  -  Total Local Usage
	60779464  -  Run Bytes Sent By Job
	186386  -  Run Bytes Received By Job
	60779464  -  Total Bytes Sent By Job
	186386  -  Total Bytes Received By Job
	Partitionable Resources :    Usage  Request Allocated 
	   Cpus                 :        0        1         1 
	   Disk (KB)            :    59611      200    127752 
	   GPUs                 :                           0 
	   Memory (MB)          :      190     3900      3968 

	Job terminated of its own accord at 2024-01-19T09:06:45Z.
...
000 (391165.034.000) 2024-01-19 22:41:31 Job submitted from host: <172.30.1.200:9618?addrs=172.30.1.200-9618&alias=tamsa2.snu.ac.kr&noUDP&sock=schedd_3625_06e6>
...
040 (391165.034.000) 2024-01-19 22:41:34 Started transferring input files
	Transferring to host: <172.30.1.208:9618?addrs=172.30.1.208-9618&alias=node8&noUDP&sock=slot1_7_3811_f1b4_191457>
...
001 (391165.034.000) 2024-01-19 22:41:34 Job executing on host: <172.30.1.208:9618?addrs=172.30.1.208-9618&alias=node8&noUDP&sock=startd_3777_494c>
...
040 (391165.034.000) 2024-01-19 22:41:34 Finished transferring input files
...
006 (391165.034.000) 2024-01-19 22:41:42 Image size of job updated: 230124
	71  -  MemoryUsage of job (MB)
	72496  -  ResidentSetSize of job (KB)
...
006 (391165.034.000) 2024-01-19 22:43:10 Image size of job updated: 843236
	71  -  MemoryUsage of job (MB)
	72628  -  ResidentSetSize of job (KB)
...
040 (391165.034.000) 2024-01-19 22:43:10 Started transferring output files
...
040 (391165.034.000) 2024-01-19 22:43:14 Finished transferring output files
...
005 (391165.034.000) 2024-01-19 22:43:14 Job terminated.
	(1) Normal termination (return value 0)
		Usr 0 00:00:48, Sys 0 00:00:05  -  Run Remote Usage
		Usr 0 00:00:00, Sys 0 00:00:00  -  Run Local Usage
		Usr 0 00:00:48, Sys 0 00:00:05  -  Total Remote Usage
		Usr 0 00:00:00, Sys 0 00:00:00  -  Total Local Usage
	7473695  -  Run Bytes Sent By Job
	185908  -  Run Bytes Received By Job
	7473695  -  Total Bytes Sent By Job
	185908  -  Total Bytes Received By Job
	Partitionable Resources :    Usage  Request Allocated 
	   Cpus                 :                 1         1 
	   Disk (KB)            :     7548      200    128928 
	   Memory (MB)          :       71     3900      3968 

	Job terminated of its own accord at 2024-01-19T13:43:10Z.
...
000 (391166.034.000) 2024-01-19 22:44:51 Job submitted from host: <172.30.1.200:9618?addrs=172.30.1.200-9618&alias=tamsa2.snu.ac.kr&noUDP&sock=schedd_3625_06e6>
...
040 (391166.034.000) 2024-01-19 22:45:00 Started transferring input files
	Transferring to host: <172.30.1.208:9618?addrs=172.30.1.208-9618&alias=node8&noUDP&sock=slot1_7_3811_f1b4_191466>
...
001 (391166.034.000) 2024-01-19 22:45:00 Job executing on host: <172.30.1.208:9618?addrs=172.30.1.208-9618&alias=node8&noUDP&sock=startd_3777_494c>
...
040 (391166.034.000) 2024-01-19 22:45:00 Finished transferring input files
...
006 (391166.034.000) 2024-01-19 22:45:09 Image size of job updated: 846288
	199  -  MemoryUsage of job (MB)
	203548  -  ResidentSetSize of job (KB)
...
006 (391166.034.000) 2024-01-19 22:49:02 Image size of job updated: 872412
	199  -  MemoryUsage of job (MB)
	203548  -  ResidentSetSize of job (KB)
...
040 (391166.034.000) 2024-01-19 22:49:02 Started transferring output files
...
040 (391166.034.000) 2024-01-19 22:49:07 Finished transferring output files
...
005 (391166.034.000) 2024-01-19 22:49:07 Job terminated.
	(1) Normal termination (return value 0)
		Usr 0 00:03:44, Sys 0 00:00:11  -  Run Remote Usage
		Usr 0 00:00:00, Sys 0 00:00:00  -  Run Local Usage
		Usr 0 00:03:44, Sys 0 00:00:11  -  Total Remote Usage
		Usr 0 00:00:00, Sys 0 00:00:00  -  Total Local Usage
	32646648  -  Run Bytes Sent By Job
	185911  -  Run Bytes Received By Job
	32646648  -  Total Bytes Sent By Job
	185911  -  Total Bytes Received By Job
	Partitionable Resources :    Usage  Request Allocated 
	   Cpus                 :     0.69        1         1 
	   Disk (KB)            : 32136         200    128928 
	   Memory (MB)          :   199        3900      3968 

	Job terminated of its own accord at 2024-01-19T13:49:02Z.
...
000 (391167.034.000) 2024-01-19 22:57:44 Job submitted from host: <172.30.1.200:9618?addrs=172.30.1.200-9618&alias=tamsa2.snu.ac.kr&noUDP&sock=schedd_3625_06e6>
...
040 (391167.034.000) 2024-01-19 22:57:47 Started transferring input files
	Transferring to host: <172.30.1.208:9618?addrs=172.30.1.208-9618&alias=node8&noUDP&sock=slot1_9_3811_f1b4_191478>
...
001 (391167.034.000) 2024-01-19 22:57:47 Job executing on host: <172.30.1.208:9618?addrs=172.30.1.208-9618&alias=node8&noUDP&sock=startd_3777_494c>
...
040 (391167.034.000) 2024-01-19 22:57:47 Finished transferring input files
...
006 (391167.034.000) 2024-01-19 22:57:57 Image size of job updated: 832936
	187  -  MemoryUsage of job (MB)
	191200  -  ResidentSetSize of job (KB)
...
006 (391167.034.000) 2024-01-19 23:01:47 Image size of job updated: 875084
	187  -  MemoryUsage of job (MB)
	191200  -  ResidentSetSize of job (KB)
...
040 (391167.034.000) 2024-01-19 23:01:47 Started transferring output files
...
040 (391167.034.000) 2024-01-19 23:01:48 Finished transferring output files
...
005 (391167.034.000) 2024-01-19 23:01:48 Job terminated.
	(1) Normal termination (return value 0)
		Usr 0 00:03:39, Sys 0 00:00:11  -  Run Remote Usage
		Usr 0 00:00:00, Sys 0 00:00:00  -  Run Local Usage
		Usr 0 00:03:39, Sys 0 00:00:11  -  Total Remote Usage
		Usr 0 00:00:00, Sys 0 00:00:00  -  Total Local Usage
	32644366  -  Run Bytes Sent By Job
	185911  -  Run Bytes Received By Job
	32644366  -  Total Bytes Sent By Job
	185911  -  Total Bytes Received By Job
	Partitionable Resources :    Usage  Request Allocated 
	   Cpus                 :     1.00        1         1 
	   Disk (KB)            : 32134         200    128928 
	   Memory (MB)          :   187        3900      3968 

	Job terminated of its own accord at 2024-01-19T14:01:47Z.
...
000 (391343.034.000) 2024-01-22 10:59:18 Job submitted from host: <172.30.1.200:9618?addrs=172.30.1.200-9618&alias=tamsa2.snu.ac.kr&noUDP&sock=schedd_3625_06e6>
...
040 (391343.034.000) 2024-01-22 10:59:25 Started transferring input files
	Transferring to host: <172.30.1.216:9618?addrs=172.30.1.216-9618&alias=node16&noUDP&sock=slot1_35_4290_7168_332804>
...
040 (391343.034.000) 2024-01-22 10:59:25 Finished transferring input files
...
001 (391343.034.000) 2024-01-22 10:59:25 Job executing on host: <172.30.1.216:9618?addrs=172.30.1.216-9618&alias=node16&noUDP&sock=startd_4255_2791>
...
006 (391343.034.000) 2024-01-22 10:59:33 Image size of job updated: 1288
	1  -  MemoryUsage of job (MB)
	84  -  ResidentSetSize of job (KB)
...
006 (391343.034.000) 2024-01-22 11:04:33 Image size of job updated: 970108
	246  -  MemoryUsage of job (MB)
	251308  -  ResidentSetSize of job (KB)
...
006 (391343.034.000) 2024-01-22 11:14:35 Image size of job updated: 970108
	276  -  MemoryUsage of job (MB)
	282408  -  ResidentSetSize of job (KB)
...
006 (391343.034.000) 2024-01-22 11:23:41 Image size of job updated: 970716
	276  -  MemoryUsage of job (MB)
	282408  -  ResidentSetSize of job (KB)
...
040 (391343.034.000) 2024-01-22 11:23:41 Started transferring output files
...
040 (391343.034.000) 2024-01-22 11:23:42 Finished transferring output files
...
005 (391343.034.000) 2024-01-22 11:23:42 Job terminated.
	(1) Normal termination (return value 0)
		Usr 0 00:22:27, Sys 0 00:00:54  -  Run Remote Usage
		Usr 0 00:00:00, Sys 0 00:00:00  -  Run Local Usage
		Usr 0 00:22:27, Sys 0 00:00:54  -  Total Remote Usage
		Usr 0 00:00:00, Sys 0 00:00:00  -  Total Local Usage
	31122000  -  Run Bytes Sent By Job
	185924  -  Run Bytes Received By Job
	31122000  -  Total Bytes Sent By Job
	185924  -  Total Bytes Received By Job
	Partitionable Resources :    Usage  Request Allocated 
	   Cpus                 :     1.00        1         1 
	   Disk (KB)            : 30647         200    261111 
	   Memory (MB)          :   276        3900      3968 

	Job terminated of its own accord at 2024-01-22T02:23:41Z.
...
000 (391348.034.000) 2024-01-22 12:29:14 Job submitted from host: <172.30.1.200:9618?addrs=172.30.1.200-9618&alias=tamsa2.snu.ac.kr&noUDP&sock=schedd_3625_06e6>
...
040 (391348.034.000) 2024-01-22 12:29:20 Started transferring input files
	Transferring to host: <172.30.1.216:9618?addrs=172.30.1.216-9618&alias=node16&noUDP&sock=slot1_27_4290_7168_332840>
...
040 (391348.034.000) 2024-01-22 12:29:20 Finished transferring input files
...
001 (391348.034.000) 2024-01-22 12:29:20 Job executing on host: <172.30.1.216:9618?addrs=172.30.1.216-9618&alias=node16&noUDP&sock=startd_4255_2791>
...
006 (391348.034.000) 2024-01-22 12:29:28 Image size of job updated: 139344
	5  -  MemoryUsage of job (MB)
	4956  -  ResidentSetSize of job (KB)
...
006 (391348.034.000) 2024-01-22 12:34:28 Image size of job updated: 955036
	276  -  MemoryUsage of job (MB)
	282500  -  ResidentSetSize of job (KB)
...
006 (391348.034.000) 2024-01-22 12:39:29 Image size of job updated: 970804
	276  -  MemoryUsage of job (MB)
	282500  -  ResidentSetSize of job (KB)
...
006 (391348.034.000) 2024-01-22 12:44:29 Image size of job updated: 970804
	305  -  MemoryUsage of job (MB)
	311880  -  ResidentSetSize of job (KB)
...
040 (391348.034.000) 2024-01-22 12:52:42 Started transferring output files
...
040 (391348.034.000) 2024-01-22 12:52:42 Finished transferring output files
...
005 (391348.034.000) 2024-01-22 12:52:42 Job terminated.
	(1) Normal termination (return value 0)
		Usr 0 00:21:55, Sys 0 00:00:53  -  Run Remote Usage
		Usr 0 00:00:00, Sys 0 00:00:00  -  Run Local Usage
		Usr 0 00:21:55, Sys 0 00:00:53  -  Total Remote Usage
		Usr 0 00:00:00, Sys 0 00:00:00  -  Total Local Usage
	31115904  -  Run Bytes Sent By Job
	186484  -  Run Bytes Received By Job
	31115904  -  Total Bytes Sent By Job
	186484  -  Total Bytes Received By Job
	Partitionable Resources :    Usage  Request Allocated 
	   Cpus                 :     1.00        1         1 
	   Disk (KB)            : 30642         200    261111 
	   Memory (MB)          :   305        3900      3968 

	Job terminated of its own accord at 2024-01-22T03:52:42Z.
...
000 (391350.034.000) 2024-01-22 13:01:44 Job submitted from host: <172.30.1.200:9618?addrs=172.30.1.200-9618&alias=tamsa2.snu.ac.kr&noUDP&sock=schedd_3625_06e6>
...
040 (391350.034.000) 2024-01-22 13:02:02 Started transferring input files
	Transferring to host: <172.30.1.216:9618?addrs=172.30.1.216-9618&alias=node16&noUDP&sock=slot1_26_4290_7168_332879>
...
040 (391350.034.000) 2024-01-22 13:02:02 Finished transferring input files
...
001 (391350.034.000) 2024-01-22 13:02:02 Job executing on host: <172.30.1.216:9618?addrs=172.30.1.216-9618&alias=node16&noUDP&sock=startd_4255_2791>
...
006 (391350.034.000) 2024-01-22 13:02:11 Image size of job updated: 139088
	5  -  MemoryUsage of job (MB)
	4956  -  ResidentSetSize of job (KB)
...
006 (391350.034.000) 2024-01-22 13:07:12 Image size of job updated: 954220
	256  -  MemoryUsage of job (MB)
	261148  -  ResidentSetSize of job (KB)
...
006 (391350.034.000) 2024-01-22 13:12:12 Image size of job updated: 963660
	256  -  MemoryUsage of job (MB)
	261148  -  ResidentSetSize of job (KB)
...
006 (391350.034.000) 2024-01-22 13:22:13 Image size of job updated: 963660
	265  -  MemoryUsage of job (MB)
	270780  -  ResidentSetSize of job (KB)
...
006 (391350.034.000) 2024-01-22 13:25:52 Image size of job updated: 970032
	265  -  MemoryUsage of job (MB)
	270780  -  ResidentSetSize of job (KB)
...
040 (391350.034.000) 2024-01-22 13:25:52 Started transferring output files
...
040 (391350.034.000) 2024-01-22 13:25:52 Finished transferring output files
...
005 (391350.034.000) 2024-01-22 13:25:53 Job terminated.
	(1) Normal termination (return value 0)
		Usr 0 00:22:23, Sys 0 00:00:53  -  Run Remote Usage
		Usr 0 00:00:00, Sys 0 00:00:00  -  Run Local Usage
		Usr 0 00:22:23, Sys 0 00:00:53  -  Total Remote Usage
		Usr 0 00:00:00, Sys 0 00:00:00  -  Total Local Usage
	31158348  -  Run Bytes Sent By Job
	186577  -  Run Bytes Received By Job
	31158348  -  Total Bytes Sent By Job
	186577  -  Total Bytes Received By Job
	Partitionable Resources :    Usage  Request Allocated 
	   Cpus                 :     1.00        1         1 
	   Disk (KB)            : 30684         200    261111 
	   Memory (MB)          :   265        3900      3968 

	Job terminated of its own accord at 2024-01-22T04:25:52Z.
...
000 (391361.034.000) 2024-01-22 13:44:17 Job submitted from host: <172.30.1.200:9618?addrs=172.30.1.200-9618&alias=tamsa2.snu.ac.kr&noUDP&sock=schedd_3625_06e6>
...
040 (391361.034.000) 2024-01-22 13:44:33 Started transferring input files
	Transferring to host: <172.30.1.216:9618?addrs=172.30.1.216-9618&alias=node16&noUDP&sock=slot1_60_4290_7168_333018>
...
040 (391361.034.000) 2024-01-22 13:44:33 Finished transferring input files
...
001 (391361.034.000) 2024-01-22 13:44:33 Job executing on host: <172.30.1.216:9618?addrs=172.30.1.216-9618&alias=node16&noUDP&sock=startd_4255_2791>
...
006 (391361.034.000) 2024-01-22 13:44:41 Image size of job updated: 139344
	68  -  MemoryUsage of job (MB)
	69444  -  ResidentSetSize of job (KB)
...
006 (391361.034.000) 2024-01-22 13:48:46 Image size of job updated: 869936
	68  -  MemoryUsage of job (MB)
	69444  -  ResidentSetSize of job (KB)
...
040 (391361.034.000) 2024-01-22 13:48:46 Started transferring output files
...
040 (391361.034.000) 2024-01-22 13:48:46 Finished transferring output files
...
005 (391361.034.000) 2024-01-22 13:48:46 Job terminated.
	(1) Normal termination (return value 0)
		Usr 0 00:03:32, Sys 0 00:00:13  -  Run Remote Usage
		Usr 0 00:00:00, Sys 0 00:00:00  -  Run Local Usage
		Usr 0 00:03:32, Sys 0 00:00:13  -  Total Remote Usage
		Usr 0 00:00:00, Sys 0 00:00:00  -  Total Local Usage
	31512474  -  Run Bytes Sent By Job
	191813  -  Run Bytes Received By Job
	31512474  -  Total Bytes Sent By Job
	191813  -  Total Bytes Received By Job
	Partitionable Resources :    Usage  Request Allocated 
	   Cpus                 :     1.00        1         1 
	   Disk (KB)            : 31037         200    261111 
	   Memory (MB)          :    68        3900      3968 

	Job terminated of its own accord at 2024-01-22T04:48:46Z.
...
000 (391362.034.000) 2024-01-22 13:50:58 Job submitted from host: <172.30.1.200:9618?addrs=172.30.1.200-9618&alias=tamsa2.snu.ac.kr&noUDP&sock=schedd_3625_06e6>
...
040 (391362.034.000) 2024-01-22 13:51:05 Started transferring input files
	Transferring to host: <172.30.1.216:9618?addrs=172.30.1.216-9618&alias=node16&noUDP&sock=slot1_45_4290_7168_333058>
...
040 (391362.034.000) 2024-01-22 13:51:05 Finished transferring input files
...
001 (391362.034.000) 2024-01-22 13:51:05 Job executing on host: <172.30.1.216:9618?addrs=172.30.1.216-9618&alias=node16&noUDP&sock=startd_4255_2791>
...
006 (391362.034.000) 2024-01-22 13:51:14 Image size of job updated: 139088
	5  -  MemoryUsage of job (MB)
	4960  -  ResidentSetSize of job (KB)
...
006 (391362.034.000) 2024-01-22 13:56:14 Image size of job updated: 953532
	237  -  MemoryUsage of job (MB)
	241964  -  ResidentSetSize of job (KB)
...
006 (391362.034.000) 2024-01-22 14:01:14 Image size of job updated: 970560
	265  -  MemoryUsage of job (MB)
	271180  -  ResidentSetSize of job (KB)
...
006 (391362.034.000) 2024-01-22 14:18:39 Image size of job updated: 971264
	265  -  MemoryUsage of job (MB)
	271180  -  ResidentSetSize of job (KB)
...
040 (391362.034.000) 2024-01-22 14:18:39 Started transferring output files
...
040 (391362.034.000) 2024-01-22 14:18:40 Finished transferring output files
...
005 (391362.034.000) 2024-01-22 14:18:40 Job terminated.
	(1) Normal termination (return value 0)
		Usr 0 00:25:26, Sys 0 00:01:00  -  Run Remote Usage
		Usr 0 00:00:00, Sys 0 00:00:00  -  Run Local Usage
		Usr 0 00:25:26, Sys 0 00:01:00  -  Total Remote Usage
		Usr 0 00:00:00, Sys 0 00:00:00  -  Total Local Usage
	31156718  -  Run Bytes Sent By Job
	191814  -  Run Bytes Received By Job
	31156718  -  Total Bytes Sent By Job
	191814  -  Total Bytes Received By Job
	Partitionable Resources :    Usage  Request Allocated 
	   Cpus                 :     1.00        1         1 
	   Disk (KB)            : 30689         200    261111 
	   Memory (MB)          :   265        3900      3968 

	Job terminated of its own accord at 2024-01-22T05:18:39Z.
...
000 (391496.034.000) 2024-01-22 14:58:10 Job submitted from host: <172.30.1.200:9618?addrs=172.30.1.200-9618&alias=tamsa2.snu.ac.kr&noUDP&sock=schedd_3625_06e6>
...
040 (391496.034.000) 2024-01-22 14:58:20 Started transferring input files
	Transferring to host: <172.30.1.216:9618?addrs=172.30.1.216-9618&alias=node16&noUDP&sock=slot1_36_4290_7168_333216>
...
040 (391496.034.000) 2024-01-22 14:58:20 Finished transferring input files
...
001 (391496.034.000) 2024-01-22 14:58:20 Job executing on host: <172.30.1.216:9618?addrs=172.30.1.216-9618&alias=node16&noUDP&sock=startd_4255_2791>
...
006 (391496.034.000) 2024-01-22 14:58:29 Image size of job updated: 139088
	5  -  MemoryUsage of job (MB)
	4956  -  ResidentSetSize of job (KB)
...
006 (391496.034.000) 2024-01-22 15:03:30 Image size of job updated: 953700
	218  -  MemoryUsage of job (MB)
	222640  -  ResidentSetSize of job (KB)
...
006 (391496.034.000) 2024-01-22 15:08:31 Image size of job updated: 970808
	236  -  MemoryUsage of job (MB)
	241636  -  ResidentSetSize of job (KB)
...
006 (391496.034.000) 2024-01-22 15:13:31 Image size of job updated: 970808
	257  -  MemoryUsage of job (MB)
	262476  -  ResidentSetSize of job (KB)
...
006 (391496.034.000) 2024-01-22 15:18:31 Image size of job updated: 970808
	277  -  MemoryUsage of job (MB)
	283024  -  ResidentSetSize of job (KB)
...
006 (391496.034.000) 2024-01-22 15:23:32 Image size of job updated: 970808
	296  -  MemoryUsage of job (MB)
	302176  -  ResidentSetSize of job (KB)
...
006 (391496.034.000) 2024-01-22 15:28:32 Image size of job updated: 970808
	311  -  MemoryUsage of job (MB)
	317864  -  ResidentSetSize of job (KB)
...
040 (391496.034.000) 2024-01-22 15:32:39 Started transferring output files
...
040 (391496.034.000) 2024-01-22 15:32:40 Finished transferring output files
...
005 (391496.034.000) 2024-01-22 15:32:40 Job terminated.
	(1) Normal termination (return value 0)
		Usr 0 00:32:12, Sys 0 00:01:19  -  Run Remote Usage
		Usr 0 00:00:00, Sys 0 00:00:00  -  Run Local Usage
		Usr 0 00:32:12, Sys 0 00:01:19  -  Total Remote Usage
		Usr 0 00:00:00, Sys 0 00:00:00  -  Total Local Usage
	31134316  -  Run Bytes Sent By Job
	191814  -  Run Bytes Received By Job
	31134316  -  Total Bytes Sent By Job
	191814  -  Total Bytes Received By Job
	Partitionable Resources :    Usage  Request Allocated 
	   Cpus                 :     0.99        1         1 
	   Disk (KB)            : 30668         200    261111 
	   Memory (MB)          :   311        3900      3968 

	Job terminated of its own accord at 2024-01-22T06:32:39Z.
...
000 (391511.034.000) 2024-01-22 15:59:41 Job submitted from host: <172.30.1.200:9618?addrs=172.30.1.200-9618&alias=tamsa2.snu.ac.kr&noUDP&sock=schedd_3625_06e6>
...
040 (391511.034.000) 2024-01-22 15:59:57 Started transferring input files
	Transferring to host: <172.30.1.214:9618?addrs=172.30.1.214-9618&alias=node14&noUDP&sock=slot1_57_4480_50af_235859>
...
040 (391511.034.000) 2024-01-22 15:59:57 Finished transferring input files
...
001 (391511.034.000) 2024-01-22 15:59:57 Job executing on host: <172.30.1.214:9618?addrs=172.30.1.214-9618&alias=node14&noUDP&sock=startd_4446_2a28>
...
006 (391511.034.000) 2024-01-22 16:00:05 Image size of job updated: 139344
	11  -  MemoryUsage of job (MB)
	10768  -  ResidentSetSize of job (KB)
...
006 (391511.034.000) 2024-01-22 16:05:05 Image size of job updated: 960056
	196  -  MemoryUsage of job (MB)
	200540  -  ResidentSetSize of job (KB)
...
006 (391511.034.000) 2024-01-22 16:10:05 Image size of job updated: 960056
	227  -  MemoryUsage of job (MB)
	231824  -  ResidentSetSize of job (KB)
...
006 (391511.034.000) 2024-01-22 16:15:07 Image size of job updated: 960056
	256  -  MemoryUsage of job (MB)
	261592  -  ResidentSetSize of job (KB)
...
006 (391511.034.000) 2024-01-22 16:20:07 Image size of job updated: 960056
	288  -  MemoryUsage of job (MB)
	294572  -  ResidentSetSize of job (KB)
...
006 (391511.034.000) 2024-01-22 16:25:07 Image size of job updated: 970784
	288  -  MemoryUsage of job (MB)
	294572  -  ResidentSetSize of job (KB)
...
040 (391511.034.000) 2024-01-22 16:29:56 Started transferring output files
...
040 (391511.034.000) 2024-01-22 16:29:56 Finished transferring output files
...
005 (391511.034.000) 2024-01-22 16:29:56 Job terminated.
	(1) Normal termination (return value 0)
		Usr 0 00:28:19, Sys 0 00:01:09  -  Run Remote Usage
		Usr 0 00:00:00, Sys 0 00:00:00  -  Run Local Usage
		Usr 0 00:28:19, Sys 0 00:01:09  -  Total Remote Usage
		Usr 0 00:00:00, Sys 0 00:00:00  -  Total Local Usage
	31134242  -  Run Bytes Sent By Job
	191824  -  Run Bytes Received By Job
	31134242  -  Total Bytes Sent By Job
	191824  -  Total Bytes Received By Job
	Partitionable Resources :    Usage  Request Allocated 
	   Cpus                 :     1.00        1         1 
	   Disk (KB)            : 30668         200    261111 
	   Memory (MB)          :   288        3900      3968 

	Job terminated of its own accord at 2024-01-22T07:29:56Z.
...
000 (391574.034.000) 2024-01-22 23:15:00 Job submitted from host: <172.30.1.200:9618?addrs=172.30.1.200-9618&alias=tamsa2.snu.ac.kr&noUDP&sock=schedd_3625_06e6>
...
040 (391574.034.000) 2024-01-22 23:15:07 Started transferring input files
	Transferring to host: <172.30.1.216:9618?addrs=172.30.1.216-9618&alias=node16&noUDP&sock=slot1_35_4290_7168_334252>
...
040 (391574.034.000) 2024-01-22 23:15:07 Finished transferring input files
...
001 (391574.034.000) 2024-01-22 23:15:07 Job executing on host: <172.30.1.216:9618?addrs=172.30.1.216-9618&alias=node16&noUDP&sock=startd_4255_2791>
...
006 (391574.034.000) 2024-01-22 23:15:16 Image size of job updated: 139088
	5  -  MemoryUsage of job (MB)
	4956  -  ResidentSetSize of job (KB)
...
006 (391574.034.000) 2024-01-22 23:20:17 Image size of job updated: 953740
	246  -  MemoryUsage of job (MB)
	251468  -  ResidentSetSize of job (KB)
...
006 (391574.034.000) 2024-01-22 23:25:18 Image size of job updated: 953888
	276  -  MemoryUsage of job (MB)
	282452  -  ResidentSetSize of job (KB)
...
006 (391574.034.000) 2024-01-22 23:30:18 Image size of job updated: 970292
	276  -  MemoryUsage of job (MB)
	282452  -  ResidentSetSize of job (KB)
...
004 (391574.034.000) 2024-01-22 23:35:24 Job was evicted.
	(0) CPU times
		Usr 0 00:18:48, Sys 0 00:00:47  -  Run Remote Usage
		Usr 0 00:00:00, Sys 0 00:00:00  -  Run Local Usage
	0  -  Run Bytes Sent By Job
	191685  -  Run Bytes Received By Job
	Partitionable Resources :    Usage  Request Allocated 
	   Cpus                 :     1.00        1         1 
	   Disk (KB)            : 10378         200    261111 
	   Memory (MB)          :   276        3900      3968 
...
009 (391574.034.000) 2024-01-22 23:35:24 Job was aborted.
	via condor_rm (by user shin)
...
000 (391577.034.000) 2024-01-22 23:35:26 Job submitted from host: <172.30.1.200:9618?addrs=172.30.1.200-9618&alias=tamsa2.snu.ac.kr&noUDP&sock=schedd_3625_06e6>
...
040 (391577.034.000) 2024-01-22 23:35:38 Started transferring input files
	Transferring to host: <172.30.1.216:9618?addrs=172.30.1.216-9618&alias=node16&noUDP&sock=slot1_35_4290_7168_334312>
...
040 (391577.034.000) 2024-01-22 23:35:38 Finished transferring input files
...
001 (391577.034.000) 2024-01-22 23:35:38 Job executing on host: <172.30.1.216:9618?addrs=172.30.1.216-9618&alias=node16&noUDP&sock=startd_4255_2791>
...
006 (391577.034.000) 2024-01-22 23:35:47 Image size of job updated: 139088
	5  -  MemoryUsage of job (MB)
	4952  -  ResidentSetSize of job (KB)
...
006 (391577.034.000) 2024-01-22 23:40:48 Image size of job updated: 955416
	207  -  MemoryUsage of job (MB)
	211616  -  ResidentSetSize of job (KB)
...
006 (391577.034.000) 2024-01-22 23:45:49 Image size of job updated: 955416
	237  -  MemoryUsage of job (MB)
	241940  -  ResidentSetSize of job (KB)
...
006 (391577.034.000) 2024-01-22 23:50:49 Image size of job updated: 966276
	256  -  MemoryUsage of job (MB)
	261240  -  ResidentSetSize of job (KB)
...
006 (391577.034.000) 2024-01-22 23:55:50 Image size of job updated: 966276
	277  -  MemoryUsage of job (MB)
	283032  -  ResidentSetSize of job (KB)
...
006 (391577.034.000) 2024-01-23 00:00:51 Image size of job updated: 970512
	277  -  MemoryUsage of job (MB)
	283032  -  ResidentSetSize of job (KB)
...
006 (391577.034.000) 2024-01-23 00:05:51 Image size of job updated: 970900
	277  -  MemoryUsage of job (MB)
	283032  -  ResidentSetSize of job (KB)
...
006 (391577.034.000) 2024-01-23 00:06:48 Image size of job updated: 971516
	277  -  MemoryUsage of job (MB)
	283032  -  ResidentSetSize of job (KB)
...
040 (391577.034.000) 2024-01-23 00:06:48 Started transferring output files
...
040 (391577.034.000) 2024-01-23 00:06:48 Finished transferring output files
...
005 (391577.034.000) 2024-01-23 00:06:48 Job terminated.
	(1) Normal termination (return value 0)
		Usr 0 00:29:38, Sys 0 00:01:12  -  Run Remote Usage
		Usr 0 00:00:00, Sys 0 00:00:00  -  Run Local Usage
		Usr 0 00:29:38, Sys 0 00:01:12  -  Total Remote Usage
		Usr 0 00:00:00, Sys 0 00:00:00  -  Total Local Usage
	31122172  -  Run Bytes Sent By Job
	191687  -  Run Bytes Received By Job
	31122172  -  Total Bytes Sent By Job
	191687  -  Total Bytes Received By Job
	Partitionable Resources :    Usage  Request Allocated 
	   Cpus                 :     1.00        1         1 
	   Disk (KB)            : 30656         200    261111 
	   Memory (MB)          :   277        3900      3968 

	Job terminated of its own accord at 2024-01-22T15:06:48Z.
...
000 (391582.034.000) 2024-01-23 10:33:35 Job submitted from host: <172.30.1.200:9618?addrs=172.30.1.200-9618&alias=tamsa2.snu.ac.kr&noUDP&sock=schedd_3625_06e6>
...
040 (391582.034.000) 2024-01-23 10:33:42 Started transferring input files
	Transferring to host: <172.30.1.216:9618?addrs=172.30.1.216-9618&alias=node16&noUDP&sock=slot1_35_4290_7168_337552>
...
040 (391582.034.000) 2024-01-23 10:33:42 Finished transferring input files
...
001 (391582.034.000) 2024-01-23 10:33:42 Job executing on host: <172.30.1.216:9618?addrs=172.30.1.216-9618&alias=node16&noUDP&sock=startd_4255_2791>
...
006 (391582.034.000) 2024-01-23 10:33:51 Image size of job updated: 4804
	5  -  MemoryUsage of job (MB)
	4696  -  ResidentSetSize of job (KB)
...
006 (391582.034.000) 2024-01-23 10:38:52 Image size of job updated: 956112
	246  -  MemoryUsage of job (MB)
	251576  -  ResidentSetSize of job (KB)
...
006 (391582.034.000) 2024-01-23 10:48:53 Image size of job updated: 963468
	256  -  MemoryUsage of job (MB)
	261856  -  ResidentSetSize of job (KB)
...
006 (391582.034.000) 2024-01-23 10:53:53 Image size of job updated: 966176
	256  -  MemoryUsage of job (MB)
	261856  -  ResidentSetSize of job (KB)
...
006 (391582.034.000) 2024-01-23 10:58:26 Image size of job updated: 966608
	256  -  MemoryUsage of job (MB)
	261856  -  ResidentSetSize of job (KB)
...
040 (391582.034.000) 2024-01-23 10:58:26 Started transferring output files
...
040 (391582.034.000) 2024-01-23 10:58:27 Finished transferring output files
...
005 (391582.034.000) 2024-01-23 10:58:27 Job terminated.
	(1) Normal termination (return value 0)
		Usr 0 00:22:57, Sys 0 00:00:54  -  Run Remote Usage
		Usr 0 00:00:00, Sys 0 00:00:00  -  Run Local Usage
		Usr 0 00:22:57, Sys 0 00:00:54  -  Total Remote Usage
		Usr 0 00:00:00, Sys 0 00:00:00  -  Total Local Usage
	31123028  -  Run Bytes Sent By Job
	191687  -  Run Bytes Received By Job
	31123028  -  Total Bytes Sent By Job
	191687  -  Total Bytes Received By Job
	Partitionable Resources :    Usage  Request Allocated 
	   Cpus                 :     1.00        1         1 
	   Disk (KB)            : 30656         200    261111 
	   Memory (MB)          :   256        3900      3968 

	Job terminated of its own accord at 2024-01-23T01:58:26Z.
...
