000 (390874.015.000) 2024-01-18 20:28:10 Job submitted from host: <172.30.1.200:9618?addrs=172.30.1.200-9618&alias=tamsa2.snu.ac.kr&noUDP&sock=schedd_3625_06e6>
...
040 (390874.015.000) 2024-01-18 20:28:25 Started transferring input files
	Transferring to host: <172.30.1.213:9618?addrs=172.30.1.213-9618&alias=node13&noUDP&sock=slot1_56_4363_e0ca_274566>
...
001 (390874.015.000) 2024-01-18 20:28:25 Job executing on host: <172.30.1.213:9618?addrs=172.30.1.213-9618&alias=node13&noUDP&sock=startd_4329_e993>
...
040 (390874.015.000) 2024-01-18 20:28:25 Finished transferring input files
...
006 (390874.015.000) 2024-01-18 20:28:34 Image size of job updated: 139344
	68  -  MemoryUsage of job (MB)
	69428  -  ResidentSetSize of job (KB)
...
006 (390874.015.000) 2024-01-18 20:30:35 Image size of job updated: 846796
	68  -  MemoryUsage of job (MB)
	69428  -  ResidentSetSize of job (KB)
...
040 (390874.015.000) 2024-01-18 20:30:35 Started transferring output files
...
040 (390874.015.000) 2024-01-18 20:30:36 Finished transferring output files
...
005 (390874.015.000) 2024-01-18 20:30:36 Job terminated.
	(1) Normal termination (return value 0)
		Usr 0 00:01:19, Sys 0 00:00:08  -  Run Remote Usage
		Usr 0 00:00:00, Sys 0 00:00:00  -  Run Local Usage
		Usr 0 00:01:19, Sys 0 00:00:08  -  Total Remote Usage
		Usr 0 00:00:00, Sys 0 00:00:00  -  Total Local Usage
	14783623  -  Run Bytes Sent By Job
	181578  -  Run Bytes Received By Job
	14783623  -  Total Bytes Sent By Job
	181578  -  Total Bytes Received By Job
	Partitionable Resources :    Usage  Request Allocated 
	   Cpus                 :                 1         1 
	   Disk (KB)            :    14681      200    261111 
	   Memory (MB)          :       68     3900      3968 

	Job terminated of its own accord at 2024-01-18T11:30:35Z.
...
000 (390875.015.000) 2024-01-18 20:45:32 Job submitted from host: <172.30.1.200:9618?addrs=172.30.1.200-9618&alias=tamsa2.snu.ac.kr&noUDP&sock=schedd_3625_06e6>
...
040 (390875.015.000) 2024-01-18 20:45:46 Started transferring input files
	Transferring to host: <172.30.1.211:9618?addrs=172.30.1.211-9618&alias=node11&noUDP&sock=slot1_23_3735_6531_176919>
...
040 (390875.015.000) 2024-01-18 20:45:46 Finished transferring input files
...
001 (390875.015.000) 2024-01-18 20:45:46 Job executing on host: <172.30.1.211:9618?addrs=172.30.1.211-9618&alias=node11&noUDP&sock=startd_3699_c8e9>
...
006 (390875.015.000) 2024-01-18 20:45:55 Image size of job updated: 139344
	5  -  MemoryUsage of job (MB)
	4960  -  ResidentSetSize of job (KB)
...
006 (390875.015.000) 2024-01-18 20:50:56 Image size of job updated: 867408
	208  -  MemoryUsage of job (MB)
	212156  -  ResidentSetSize of job (KB)
...
006 (390875.015.000) 2024-01-18 20:51:32 Image size of job updated: 871800
	208  -  MemoryUsage of job (MB)
	212156  -  ResidentSetSize of job (KB)
...
040 (390875.015.000) 2024-01-18 20:51:32 Started transferring output files
...
040 (390875.015.000) 2024-01-18 20:51:35 Finished transferring output files
...
005 (390875.015.000) 2024-01-18 20:51:35 Job terminated.
	(1) Normal termination (return value 0)
		Usr 0 00:03:58, Sys 0 00:00:16  -  Run Remote Usage
		Usr 0 00:00:00, Sys 0 00:00:00  -  Run Local Usage
		Usr 0 00:03:58, Sys 0 00:00:16  -  Total Remote Usage
		Usr 0 00:00:00, Sys 0 00:00:00  -  Total Local Usage
	105873784  -  Run Bytes Sent By Job
	182042  -  Run Bytes Received By Job
	105873784  -  Total Bytes Sent By Job
	182042  -  Total Bytes Received By Job
	Partitionable Resources :     Usage  Request Allocated 
	   Cpus                 :      0.75        1         1 
	   Disk (KB)            : 103643         200    128928 
	   Memory (MB)          :    208        3900      3968 

	Job terminated of its own accord at 2024-01-18T11:51:32Z.
...
000 (390886.015.000) 2024-01-18 21:10:43 Job submitted from host: <172.30.1.200:9618?addrs=172.30.1.200-9618&alias=tamsa2.snu.ac.kr&noUDP&sock=schedd_3625_06e6>
...
040 (390886.015.000) 2024-01-18 21:10:45 Started transferring input files
	Transferring to host: <172.30.1.211:9618?addrs=172.30.1.211-9618&alias=node11&noUDP&sock=slot1_20_3735_6531_176933>
...
040 (390886.015.000) 2024-01-18 21:10:45 Finished transferring input files
...
001 (390886.015.000) 2024-01-18 21:10:45 Job executing on host: <172.30.1.211:9618?addrs=172.30.1.211-9618&alias=node11&noUDP&sock=startd_3699_c8e9>
...
006 (390886.015.000) 2024-01-18 21:10:54 Image size of job updated: 139344
	127  -  MemoryUsage of job (MB)
	129256  -  ResidentSetSize of job (KB)
...
006 (390886.015.000) 2024-01-18 21:12:26 Image size of job updated: 846236
	127  -  MemoryUsage of job (MB)
	129516  -  ResidentSetSize of job (KB)
...
040 (390886.015.000) 2024-01-18 21:12:26 Started transferring output files
...
040 (390886.015.000) 2024-01-18 21:12:26 Finished transferring output files
...
005 (390886.015.000) 2024-01-18 21:12:26 Job terminated.
	(1) Normal termination (return value 0)
		Usr 0 00:01:07, Sys 0 00:00:07  -  Run Remote Usage
		Usr 0 00:00:00, Sys 0 00:00:00  -  Run Local Usage
		Usr 0 00:01:07, Sys 0 00:00:07  -  Total Remote Usage
		Usr 0 00:00:00, Sys 0 00:00:00  -  Total Local Usage
	7473247  -  Run Bytes Sent By Job
	181210  -  Run Bytes Received By Job
	7473247  -  Total Bytes Sent By Job
	181210  -  Total Bytes Received By Job
	Partitionable Resources :    Usage  Request Allocated 
	   Cpus                 :                 1         1 
	   Disk (KB)            :     7541      200    128928 
	   Memory (MB)          :      127     3900      3968 

	Job terminated of its own accord at 2024-01-18T12:12:26Z.
...
000 (390887.015.000) 2024-01-18 21:19:38 Job submitted from host: <172.30.1.200:9618?addrs=172.30.1.200-9618&alias=tamsa2.snu.ac.kr&noUDP&sock=schedd_3625_06e6>
...
040 (390887.015.000) 2024-01-18 21:19:40 Started transferring input files
	Transferring to host: <172.30.1.211:9618?addrs=172.30.1.211-9618&alias=node11&noUDP&sock=slot1_19_3735_6531_176950>
...
001 (390887.015.000) 2024-01-18 21:19:40 Job executing on host: <172.30.1.211:9618?addrs=172.30.1.211-9618&alias=node11&noUDP&sock=startd_3699_c8e9>
...
040 (390887.015.000) 2024-01-18 21:19:40 Finished transferring input files
...
006 (390887.015.000) 2024-01-18 21:19:48 Image size of job updated: 181708
	178  -  MemoryUsage of job (MB)
	181708  -  ResidentSetSize of job (KB)
...
006 (390887.015.000) 2024-01-18 21:23:20 Image size of job updated: 868160
	179  -  MemoryUsage of job (MB)
	182376  -  ResidentSetSize of job (KB)
...
040 (390887.015.000) 2024-01-18 21:23:20 Started transferring output files
...
040 (390887.015.000) 2024-01-18 21:23:21 Finished transferring output files
...
005 (390887.015.000) 2024-01-18 21:23:21 Job terminated.
	(1) Normal termination (return value 0)
		Usr 0 00:03:14, Sys 0 00:00:15  -  Run Remote Usage
		Usr 0 00:00:00, Sys 0 00:00:00  -  Run Local Usage
		Usr 0 00:03:14, Sys 0 00:00:15  -  Total Remote Usage
		Usr 0 00:00:00, Sys 0 00:00:00  -  Total Local Usage
	34571200  -  Run Bytes Sent By Job
	181210  -  Run Bytes Received By Job
	34571200  -  Total Bytes Sent By Job
	181210  -  Total Bytes Received By Job
	Partitionable Resources :    Usage  Request Allocated 
	   Cpus                 :     0.62        1         1 
	   Disk (KB)            : 34010         200    128928 
	   Memory (MB)          :   179        3900      3968 

	Job terminated of its own accord at 2024-01-18T12:23:20Z.
...
000 (390888.015.000) 2024-01-18 21:30:57 Job submitted from host: <172.30.1.200:9618?addrs=172.30.1.200-9618&alias=tamsa2.snu.ac.kr&noUDP&sock=schedd_3625_06e6>
...
040 (390888.015.000) 2024-01-18 21:31:01 Started transferring input files
	Transferring to host: <172.30.1.211:9618?addrs=172.30.1.211-9618&alias=node11&noUDP&sock=slot1_23_3735_6531_176972>
...
001 (390888.015.000) 2024-01-18 21:31:01 Job executing on host: <172.30.1.211:9618?addrs=172.30.1.211-9618&alias=node11&noUDP&sock=startd_3699_c8e9>
...
040 (390888.015.000) 2024-01-18 21:31:01 Finished transferring input files
...
006 (390888.015.000) 2024-01-18 21:31:09 Image size of job updated: 832928
	181  -  MemoryUsage of job (MB)
	184580  -  ResidentSetSize of job (KB)
...
006 (390888.015.000) 2024-01-18 21:34:41 Image size of job updated: 867488
	181  -  MemoryUsage of job (MB)
	184580  -  ResidentSetSize of job (KB)
...
040 (390888.015.000) 2024-01-18 21:34:41 Started transferring output files
...
040 (390888.015.000) 2024-01-18 21:34:41 Finished transferring output files
...
005 (390888.015.000) 2024-01-18 21:34:41 Job terminated.
	(1) Normal termination (return value 0)
		Usr 0 00:03:13, Sys 0 00:00:14  -  Run Remote Usage
		Usr 0 00:00:00, Sys 0 00:00:00  -  Run Local Usage
		Usr 0 00:03:13, Sys 0 00:00:14  -  Total Remote Usage
		Usr 0 00:00:00, Sys 0 00:00:00  -  Total Local Usage
	33654208  -  Run Bytes Sent By Job
	181214  -  Run Bytes Received By Job
	33654208  -  Total Bytes Sent By Job
	181214  -  Total Bytes Received By Job
	Partitionable Resources :    Usage  Request Allocated 
	   Cpus                 :                 1         1 
	   Disk (KB)            :    33108      200    128928 
	   Memory (MB)          :      181     3900      3968 

	Job terminated of its own accord at 2024-01-18T12:34:41Z.
...
000 (390894.015.000) 2024-01-18 21:35:52 Job submitted from host: <172.30.1.200:9618?addrs=172.30.1.200-9618&alias=tamsa2.snu.ac.kr&noUDP&sock=schedd_3625_06e6>
...
040 (390894.015.000) 2024-01-18 21:36:09 Started transferring input files
	Transferring to host: <172.30.1.211:9618?addrs=172.30.1.211-9618&alias=node11&noUDP&sock=slot1_24_3735_6531_176991>
...
001 (390894.015.000) 2024-01-18 21:36:09 Job executing on host: <172.30.1.211:9618?addrs=172.30.1.211-9618&alias=node11&noUDP&sock=startd_3699_c8e9>
...
040 (390894.015.000) 2024-01-18 21:36:09 Finished transferring input files
...
006 (390894.015.000) 2024-01-18 21:36:19 Image size of job updated: 561380
	183  -  MemoryUsage of job (MB)
	186740  -  ResidentSetSize of job (KB)
...
006 (390894.015.000) 2024-01-18 21:39:49 Image size of job updated: 865176
	183  -  MemoryUsage of job (MB)
	186740  -  ResidentSetSize of job (KB)
...
040 (390894.015.000) 2024-01-18 21:39:49 Started transferring output files
...
040 (390894.015.000) 2024-01-18 21:39:50 Finished transferring output files
...
005 (390894.015.000) 2024-01-18 21:39:50 Job terminated.
	(1) Normal termination (return value 0)
		Usr 0 00:03:12, Sys 0 00:00:15  -  Run Remote Usage
		Usr 0 00:00:00, Sys 0 00:00:00  -  Run Local Usage
		Usr 0 00:03:12, Sys 0 00:00:15  -  Total Remote Usage
		Usr 0 00:00:00, Sys 0 00:00:00  -  Total Local Usage
	33654568  -  Run Bytes Sent By Job
	181194  -  Run Bytes Received By Job
	33654568  -  Total Bytes Sent By Job
	181194  -  Total Bytes Received By Job
	Partitionable Resources :    Usage  Request Allocated 
	   Cpus                 :                 1         1 
	   Disk (KB)            :    33109      200    128928 
	   Memory (MB)          :      183     3900      3968 

	Job terminated of its own accord at 2024-01-18T12:39:49Z.
...
000 (390895.015.000) 2024-01-18 21:48:05 Job submitted from host: <172.30.1.200:9618?addrs=172.30.1.200-9618&alias=tamsa2.snu.ac.kr&noUDP&sock=schedd_3625_06e6>
...
040 (390895.015.000) 2024-01-18 21:48:07 Started transferring input files
	Transferring to host: <172.30.1.204:9618?addrs=172.30.1.204-9618&alias=node4&noUDP&sock=slot1_9_3725_5971_202802>
...
001 (390895.015.000) 2024-01-18 21:48:07 Job executing on host: <172.30.1.204:9618?addrs=172.30.1.204-9618&alias=node4&noUDP&sock=startd_3691_4c27>
...
040 (390895.015.000) 2024-01-18 21:48:07 Finished transferring input files
...
006 (390895.015.000) 2024-01-18 21:48:16 Image size of job updated: 139604
	68  -  MemoryUsage of job (MB)
	69424  -  ResidentSetSize of job (KB)
...
006 (390895.015.000) 2024-01-18 21:50:05 Image size of job updated: 867720
	68  -  MemoryUsage of job (MB)
	69424  -  ResidentSetSize of job (KB)
...
004 (390895.015.000) 2024-01-18 21:50:06 Job was evicted.
	(0) CPU times
		Usr 0 00:01:21, Sys 0 00:00:06  -  Run Remote Usage
		Usr 0 00:00:00, Sys 0 00:00:00  -  Run Local Usage
	0  -  Run Bytes Sent By Job
	182143  -  Run Bytes Received By Job
	Partitionable Resources :    Usage  Request Allocated 
	   Cpus                 :     0.83        1         1 
	   Disk (KB)            :  6425         200    128928 
	   Memory (MB)          :    68        3900      3968 
...
009 (390895.015.000) 2024-01-18 21:50:06 Job was aborted.
	via condor_rm (by user shin)
...
000 (390896.015.000) 2024-01-18 21:53:08 Job submitted from host: <172.30.1.200:9618?addrs=172.30.1.200-9618&alias=tamsa2.snu.ac.kr&noUDP&sock=schedd_3625_06e6>
...
040 (390896.015.000) 2024-01-18 21:54:28 Started transferring input files
	Transferring to host: <172.30.1.207:9618?addrs=172.30.1.207-9618&alias=node7&noUDP&sock=slot1_40_39434_91fd_224860>
...
001 (390896.015.000) 2024-01-18 21:54:28 Job executing on host: <172.30.1.207:9618?addrs=172.30.1.207-9618&alias=node7&noUDP&sock=startd_3748_650d>
...
040 (390896.015.000) 2024-01-18 21:54:28 Finished transferring input files
...
006 (390896.015.000) 2024-01-18 21:54:37 Image size of job updated: 185064
	181  -  MemoryUsage of job (MB)
	185064  -  ResidentSetSize of job (KB)
...
006 (390896.015.000) 2024-01-18 21:59:01 Image size of job updated: 868640
	181  -  MemoryUsage of job (MB)
	185064  -  ResidentSetSize of job (KB)
...
040 (390896.015.000) 2024-01-18 21:59:01 Started transferring output files
...
040 (390896.015.000) 2024-01-18 21:59:02 Finished transferring output files
...
005 (390896.015.000) 2024-01-18 21:59:02 Job terminated.
	(1) Normal termination (return value 0)
		Usr 0 00:03:30, Sys 0 00:00:15  -  Run Remote Usage
		Usr 0 00:00:00, Sys 0 00:00:00  -  Run Local Usage
		Usr 0 00:03:30, Sys 0 00:00:15  -  Total Remote Usage
		Usr 0 00:00:00, Sys 0 00:00:00  -  Total Local Usage
	39775644  -  Run Bytes Sent By Job
	182135  -  Run Bytes Received By Job
	39775644  -  Total Bytes Sent By Job
	182135  -  Total Bytes Received By Job
	Partitionable Resources :    Usage  Request Allocated 
	   Cpus                 :     0.89        1         1 
	   Disk (KB)            : 39093         200    121695 
	   Memory (MB)          :   181        3900      3968 

	Job terminated of its own accord at 2024-01-18T12:59:01Z.
...
000 (390897.015.000) 2024-01-18 22:03:48 Job submitted from host: <172.30.1.200:9618?addrs=172.30.1.200-9618&alias=tamsa2.snu.ac.kr&noUDP&sock=schedd_3625_06e6>
...
040 (390897.015.000) 2024-01-18 22:04:49 Started transferring input files
	Transferring to host: <172.30.1.111:9618?addrs=172.30.1.111-9618&alias=n11&noUDP&sock=slot1_28_4271_0e47_37933>
...
001 (390897.015.000) 2024-01-18 22:04:49 Job executing on host: <172.30.1.111:9618?addrs=172.30.1.111-9618&alias=n11&noUDP&sock=startd_4237_cedc>
...
040 (390897.015.000) 2024-01-18 22:04:49 Finished transferring input files
...
006 (390897.015.000) 2024-01-18 22:04:58 Image size of job updated: 854724
	198  -  MemoryUsage of job (MB)
	202688  -  ResidentSetSize of job (KB)
...
006 (390897.015.000) 2024-01-18 22:07:15 Image size of job updated: 870216
	198  -  MemoryUsage of job (MB)
	202688  -  ResidentSetSize of job (KB)
...
040 (390897.015.000) 2024-01-18 22:07:15 Started transferring output files
...
040 (390897.015.000) 2024-01-18 22:07:16 Finished transferring output files
...
005 (390897.015.000) 2024-01-18 22:07:17 Job terminated.
	(1) Normal termination (return value 0)
		Usr 0 00:02:12, Sys 0 00:00:09  -  Run Remote Usage
		Usr 0 00:00:00, Sys 0 00:00:00  -  Run Local Usage
		Usr 0 00:02:12, Sys 0 00:00:09  -  Total Remote Usage
		Usr 0 00:00:00, Sys 0 00:00:00  -  Total Local Usage
	39631932  -  Run Bytes Sent By Job
	182135  -  Run Bytes Received By Job
	39631932  -  Total Bytes Sent By Job
	182135  -  Total Bytes Received By Job
	Partitionable Resources :    Usage  Request Allocated 
	   Cpus                 :                 1         1 
	   Disk (KB)            :    38948      200    127752 
	   GPUs                 :                           0 
	   Memory (MB)          :      198     3900      3968 

	Job terminated of its own accord at 2024-01-18T13:07:15Z.
...
000 (390986.015.000) 2024-01-18 22:24:33 Job submitted from host: <172.30.1.200:9618?addrs=172.30.1.200-9618&alias=tamsa2.snu.ac.kr&noUDP&sock=schedd_3625_06e6>
...
040 (390986.015.000) 2024-01-18 22:25:35 Started transferring input files
	Transferring to host: <172.30.1.107:9618?addrs=172.30.1.107-9618&alias=n7&noUDP&sock=slot1_7_4166_12e2_52995>
...
001 (390986.015.000) 2024-01-18 22:25:36 Job executing on host: <172.30.1.107:9618?addrs=172.30.1.107-9618&alias=n7&noUDP&sock=startd_4132_c96b>
...
040 (390986.015.000) 2024-01-18 22:25:36 Finished transferring input files
...
006 (390986.015.000) 2024-01-18 22:25:44 Image size of job updated: 184576
	181  -  MemoryUsage of job (MB)
	184576  -  ResidentSetSize of job (KB)
...
006 (390986.015.000) 2024-01-18 22:29:27 Image size of job updated: 865696
	181  -  MemoryUsage of job (MB)
	184576  -  ResidentSetSize of job (KB)
...
040 (390986.015.000) 2024-01-18 22:29:27 Started transferring output files
...
040 (390986.015.000) 2024-01-18 22:29:28 Finished transferring output files
...
005 (390986.015.000) 2024-01-18 22:29:28 Job terminated.
	(1) Normal termination (return value 0)
		Usr 0 00:02:52, Sys 0 00:00:13  -  Run Remote Usage
		Usr 0 00:00:00, Sys 0 00:00:00  -  Run Local Usage
		Usr 0 00:02:52, Sys 0 00:00:13  -  Total Remote Usage
		Usr 0 00:00:00, Sys 0 00:00:00  -  Total Local Usage
	35095452  -  Run Bytes Sent By Job
	182182  -  Run Bytes Received By Job
	35095452  -  Total Bytes Sent By Job
	182182  -  Total Bytes Received By Job
	Partitionable Resources :    Usage  Request Allocated 
	   Cpus                 :     0.97        1         1 
	   Disk (KB)            : 34523         200    127849 
	   Memory (MB)          :   181        3900      3968 

	Job terminated of its own accord at 2024-01-18T13:29:27Z.
...
000 (391043.015.000) 2024-01-18 23:16:23 Job submitted from host: <172.30.1.200:9618?addrs=172.30.1.200-9618&alias=tamsa2.snu.ac.kr&noUDP&sock=schedd_3625_06e6>
...
040 (391043.015.000) 2024-01-18 23:16:28 Started transferring input files
	Transferring to host: <172.30.1.204:9618?addrs=172.30.1.204-9618&alias=node4&noUDP&sock=slot1_1_3725_5971_202929>
...
001 (391043.015.000) 2024-01-18 23:16:28 Job executing on host: <172.30.1.204:9618?addrs=172.30.1.204-9618&alias=node4&noUDP&sock=startd_3691_4c27>
...
040 (391043.015.000) 2024-01-18 23:16:28 Finished transferring input files
...
006 (391043.015.000) 2024-01-18 23:16:37 Image size of job updated: 139344
	74  -  MemoryUsage of job (MB)
	75364  -  ResidentSetSize of job (KB)
...
006 (391043.015.000) 2024-01-18 23:18:12 Image size of job updated: 846500
	74  -  MemoryUsage of job (MB)
	75364  -  ResidentSetSize of job (KB)
...
040 (391043.015.000) 2024-01-18 23:18:12 Started transferring output files
...
040 (391043.015.000) 2024-01-18 23:18:22 Finished transferring output files
...
005 (391043.015.000) 2024-01-18 23:18:22 Job terminated.
	(1) Normal termination (return value 0)
		Usr 0 00:01:04, Sys 0 00:00:07  -  Run Remote Usage
		Usr 0 00:00:00, Sys 0 00:00:00  -  Run Local Usage
		Usr 0 00:01:04, Sys 0 00:00:07  -  Total Remote Usage
		Usr 0 00:00:00, Sys 0 00:00:00  -  Total Local Usage
	7464213  -  Run Bytes Sent By Job
	182524  -  Run Bytes Received By Job
	7464213  -  Total Bytes Sent By Job
	182524  -  Total Bytes Received By Job
	Partitionable Resources :    Usage  Request Allocated 
	   Cpus                 :     0.09        1         1 
	   Disk (KB)            :  7540         200    128928 
	   Memory (MB)          :    74        3900      3968 

	Job terminated of its own accord at 2024-01-18T14:18:12Z.
...
000 (391059.015.000) 2024-01-19 10:38:28 Job submitted from host: <172.30.1.200:9618?addrs=172.30.1.200-9618&alias=tamsa2.snu.ac.kr&noUDP&sock=schedd_3625_06e6>
...
040 (391059.015.000) 2024-01-19 10:38:31 Started transferring input files
	Transferring to host: <172.30.1.213:9618?addrs=172.30.1.213-9618&alias=node13&noUDP&sock=slot1_72_4363_e0ca_274862>
...
040 (391059.015.000) 2024-01-19 10:38:31 Finished transferring input files
...
001 (391059.015.000) 2024-01-19 10:38:31 Job executing on host: <172.30.1.213:9618?addrs=172.30.1.213-9618&alias=node13&noUDP&sock=startd_4329_e993>
...
006 (391059.015.000) 2024-01-19 10:38:40 Image size of job updated: 139344
	68  -  MemoryUsage of job (MB)
	69432  -  ResidentSetSize of job (KB)
...
006 (391059.015.000) 2024-01-19 10:43:23 Image size of job updated: 865952
	68  -  MemoryUsage of job (MB)
	69432  -  ResidentSetSize of job (KB)
...
040 (391059.015.000) 2024-01-19 10:43:24 Started transferring output files
...
040 (391059.015.000) 2024-01-19 10:43:24 Finished transferring output files
...
005 (391059.015.000) 2024-01-19 10:43:24 Job terminated.
	(1) Normal termination (return value 0)
		Usr 0 00:03:17, Sys 0 00:00:14  -  Run Remote Usage
		Usr 0 00:00:00, Sys 0 00:00:00  -  Run Local Usage
		Usr 0 00:03:17, Sys 0 00:00:14  -  Total Remote Usage
		Usr 0 00:00:00, Sys 0 00:00:00  -  Total Local Usage
	33789352  -  Run Bytes Sent By Job
	182504  -  Run Bytes Received By Job
	33789352  -  Total Bytes Sent By Job
	182504  -  Total Bytes Received By Job
	Partitionable Resources :    Usage  Request Allocated 
	   Cpus                 :     0.56        1         1 
	   Disk (KB)            : 33248         200    261111 
	   Memory (MB)          :    68        3900      3968 

	Job terminated of its own accord at 2024-01-19T01:43:23Z.
...
000 (391060.015.000) 2024-01-19 10:57:46 Job submitted from host: <172.30.1.200:9618?addrs=172.30.1.200-9618&alias=tamsa2.snu.ac.kr&noUDP&sock=schedd_3625_06e6>
...
040 (391060.015.000) 2024-01-19 10:57:51 Started transferring input files
	Transferring to host: <172.30.1.213:9618?addrs=172.30.1.213-9618&alias=node13&noUDP&sock=slot1_79_4363_e0ca_274880>
...
040 (391060.015.000) 2024-01-19 10:57:51 Finished transferring input files
...
001 (391060.015.000) 2024-01-19 10:57:51 Job executing on host: <172.30.1.213:9618?addrs=172.30.1.213-9618&alias=node13&noUDP&sock=startd_4329_e993>
...
006 (391060.015.000) 2024-01-19 10:57:59 Image size of job updated: 570416
	138  -  MemoryUsage of job (MB)
	141124  -  ResidentSetSize of job (KB)
...
006 (391060.015.000) 2024-01-19 11:02:31 Image size of job updated: 866172
	138  -  MemoryUsage of job (MB)
	141124  -  ResidentSetSize of job (KB)
...
040 (391060.015.000) 2024-01-19 11:02:31 Started transferring output files
...
040 (391060.015.000) 2024-01-19 11:02:34 Finished transferring output files
...
005 (391060.015.000) 2024-01-19 11:02:34 Job terminated.
	(1) Normal termination (return value 0)
		Usr 0 00:03:26, Sys 0 00:00:15  -  Run Remote Usage
		Usr 0 00:00:00, Sys 0 00:00:00  -  Run Local Usage
		Usr 0 00:03:26, Sys 0 00:00:15  -  Total Remote Usage
		Usr 0 00:00:00, Sys 0 00:00:00  -  Total Local Usage
	37139912  -  Run Bytes Sent By Job
	182520  -  Run Bytes Received By Job
	37139912  -  Total Bytes Sent By Job
	182520  -  Total Bytes Received By Job
	Partitionable Resources :    Usage  Request Allocated 
	   Cpus                 :        0        1         1 
	   Disk (KB)            :    36520      200    261111 
	   Memory (MB)          :      138     3900      3968 

	Job terminated of its own accord at 2024-01-19T02:02:31Z.
...
000 (391113.015.000) 2024-01-19 11:50:58 Job submitted from host: <172.30.1.200:9618?addrs=172.30.1.200-9618&alias=tamsa2.snu.ac.kr&noUDP&sock=schedd_3625_06e6>
...
040 (391113.015.000) 2024-01-19 11:51:00 Started transferring input files
	Transferring to host: <172.30.1.211:9618?addrs=172.30.1.211-9618&alias=node11&noUDP&sock=slot1_13_3735_6531_177558>
...
001 (391113.015.000) 2024-01-19 11:51:00 Job executing on host: <172.30.1.211:9618?addrs=172.30.1.211-9618&alias=node11&noUDP&sock=startd_3699_c8e9>
...
040 (391113.015.000) 2024-01-19 11:51:00 Finished transferring input files
...
006 (391113.015.000) 2024-01-19 11:51:09 Image size of job updated: 230108
	71  -  MemoryUsage of job (MB)
	71968  -  ResidentSetSize of job (KB)
...
006 (391113.015.000) 2024-01-19 11:53:08 Image size of job updated: 842732
	71  -  MemoryUsage of job (MB)
	72000  -  ResidentSetSize of job (KB)
...
040 (391113.015.000) 2024-01-19 11:53:08 Started transferring output files
...
040 (391113.015.000) 2024-01-19 11:53:09 Finished transferring output files
...
005 (391113.015.000) 2024-01-19 11:53:09 Job terminated.
	(1) Normal termination (return value 0)
		Usr 0 00:01:12, Sys 0 00:00:08  -  Run Remote Usage
		Usr 0 00:00:00, Sys 0 00:00:00  -  Run Local Usage
		Usr 0 00:01:12, Sys 0 00:00:08  -  Total Remote Usage
		Usr 0 00:00:00, Sys 0 00:00:00  -  Total Local Usage
	7464079  -  Run Bytes Sent By Job
	183986  -  Run Bytes Received By Job
	7464079  -  Total Bytes Sent By Job
	183986  -  Total Bytes Received By Job
	Partitionable Resources :    Usage  Request Allocated 
	   Cpus                 :                 1         1 
	   Disk (KB)            :     7536      200    128928 
	   Memory (MB)          :       71     3900      3968 

	Job terminated of its own accord at 2024-01-19T02:53:08Z.
...
000 (391114.015.000) 2024-01-19 11:56:30 Job submitted from host: <172.30.1.200:9618?addrs=172.30.1.200-9618&alias=tamsa2.snu.ac.kr&noUDP&sock=schedd_3625_06e6>
...
040 (391114.015.000) 2024-01-19 11:56:33 Started transferring input files
	Transferring to host: <172.30.1.211:9618?addrs=172.30.1.211-9618&alias=node11&noUDP&sock=slot1_43_3735_6531_177569>
...
040 (391114.015.000) 2024-01-19 11:56:33 Finished transferring input files
...
001 (391114.015.000) 2024-01-19 11:56:33 Job executing on host: <172.30.1.211:9618?addrs=172.30.1.211-9618&alias=node11&noUDP&sock=startd_3699_c8e9>
...
006 (391114.015.000) 2024-01-19 11:56:41 Image size of job updated: 625212
	183  -  MemoryUsage of job (MB)
	186732  -  ResidentSetSize of job (KB)
...
006 (391114.015.000) 2024-01-19 11:58:37 Image size of job updated: 846200
	183  -  MemoryUsage of job (MB)
	186732  -  ResidentSetSize of job (KB)
...
040 (391114.015.000) 2024-01-19 11:58:37 Started transferring output files
...
040 (391114.015.000) 2024-01-19 11:58:37 Finished transferring output files
...
005 (391114.015.000) 2024-01-19 11:58:37 Job terminated.
	(1) Normal termination (return value 0)
		Usr 0 00:01:13, Sys 0 00:00:07  -  Run Remote Usage
		Usr 0 00:00:00, Sys 0 00:00:00  -  Run Local Usage
		Usr 0 00:01:13, Sys 0 00:00:07  -  Total Remote Usage
		Usr 0 00:00:00, Sys 0 00:00:00  -  Total Local Usage
	7464183  -  Run Bytes Sent By Job
	183986  -  Run Bytes Received By Job
	7464183  -  Total Bytes Sent By Job
	183986  -  Total Bytes Received By Job
	Partitionable Resources :    Usage  Request Allocated 
	   Cpus                 :                 1         1 
	   Disk (KB)            :     7536      200    128928 
	   Memory (MB)          :      183     3900      3968 

	Job terminated of its own accord at 2024-01-19T02:58:37Z.
...
000 (391115.015.000) 2024-01-19 12:05:54 Job submitted from host: <172.30.1.200:9618?addrs=172.30.1.200-9618&alias=tamsa2.snu.ac.kr&noUDP&sock=schedd_3625_06e6>
...
040 (391115.015.000) 2024-01-19 12:05:56 Started transferring input files
	Transferring to host: <172.30.1.211:9618?addrs=172.30.1.211-9618&alias=node11&noUDP&sock=slot1_44_3735_6531_177578>
...
001 (391115.015.000) 2024-01-19 12:05:57 Job executing on host: <172.30.1.211:9618?addrs=172.30.1.211-9618&alias=node11&noUDP&sock=startd_3699_c8e9>
...
040 (391115.015.000) 2024-01-19 12:05:57 Finished transferring input files
...
006 (391115.015.000) 2024-01-19 12:06:05 Image size of job updated: 184552
	181  -  MemoryUsage of job (MB)
	184552  -  ResidentSetSize of job (KB)
...
006 (391115.015.000) 2024-01-19 12:07:55 Image size of job updated: 843516
	181  -  MemoryUsage of job (MB)
	184552  -  ResidentSetSize of job (KB)
...
040 (391115.015.000) 2024-01-19 12:07:56 Started transferring output files
...
040 (391115.015.000) 2024-01-19 12:07:56 Finished transferring output files
...
005 (391115.015.000) 2024-01-19 12:07:56 Job terminated.
	(1) Normal termination (return value 0)
		Usr 0 00:01:13, Sys 0 00:00:07  -  Run Remote Usage
		Usr 0 00:00:00, Sys 0 00:00:00  -  Run Local Usage
		Usr 0 00:01:13, Sys 0 00:00:07  -  Total Remote Usage
		Usr 0 00:00:00, Sys 0 00:00:00  -  Total Local Usage
	7464183  -  Run Bytes Sent By Job
	184022  -  Run Bytes Received By Job
	7464183  -  Total Bytes Sent By Job
	184022  -  Total Bytes Received By Job
	Partitionable Resources :    Usage  Request Allocated 
	   Cpus                 :                 1         1 
	   Disk (KB)            :     7537      200    128928 
	   Memory (MB)          :      181     3900      3968 

	Job terminated of its own accord at 2024-01-19T03:07:55Z.
...
000 (391116.015.000) 2024-01-19 12:09:38 Job submitted from host: <172.30.1.200:9618?addrs=172.30.1.200-9618&alias=tamsa2.snu.ac.kr&noUDP&sock=schedd_3625_06e6>
...
040 (391116.015.000) 2024-01-19 12:09:40 Started transferring input files
	Transferring to host: <172.30.1.211:9618?addrs=172.30.1.211-9618&alias=node11&noUDP&sock=slot1_44_3735_6531_177588>
...
001 (391116.015.000) 2024-01-19 12:09:40 Job executing on host: <172.30.1.211:9618?addrs=172.30.1.211-9618&alias=node11&noUDP&sock=startd_3699_c8e9>
...
040 (391116.015.000) 2024-01-19 12:09:40 Finished transferring input files
...
006 (391116.015.000) 2024-01-19 12:09:49 Image size of job updated: 567220
	183  -  MemoryUsage of job (MB)
	186740  -  ResidentSetSize of job (KB)
...
006 (391116.015.000) 2024-01-19 12:11:45 Image size of job updated: 843664
	183  -  MemoryUsage of job (MB)
	186740  -  ResidentSetSize of job (KB)
...
040 (391116.015.000) 2024-01-19 12:11:45 Started transferring output files
...
040 (391116.015.000) 2024-01-19 12:11:45 Finished transferring output files
...
005 (391116.015.000) 2024-01-19 12:11:45 Job terminated.
	(1) Normal termination (return value 0)
		Usr 0 00:01:14, Sys 0 00:00:07  -  Run Remote Usage
		Usr 0 00:00:00, Sys 0 00:00:00  -  Run Local Usage
		Usr 0 00:01:14, Sys 0 00:00:07  -  Total Remote Usage
		Usr 0 00:00:00, Sys 0 00:00:00  -  Total Local Usage
	7464207  -  Run Bytes Sent By Job
	184022  -  Run Bytes Received By Job
	7464207  -  Total Bytes Sent By Job
	184022  -  Total Bytes Received By Job
	Partitionable Resources :    Usage  Request Allocated 
	   Cpus                 :     0.07        1         1 
	   Disk (KB)            :  7542         200    128928 
	   Memory (MB)          :   183        3900      3968 

	Job terminated of its own accord at 2024-01-19T03:11:45Z.
...
000 (391117.015.000) 2024-01-19 12:15:27 Job submitted from host: <172.30.1.200:9618?addrs=172.30.1.200-9618&alias=tamsa2.snu.ac.kr&noUDP&sock=schedd_3625_06e6>
...
040 (391117.015.000) 2024-01-19 12:15:32 Started transferring input files
	Transferring to host: <172.30.1.211:9618?addrs=172.30.1.211-9618&alias=node11&noUDP&sock=slot1_45_3735_6531_177599>
...
001 (391117.015.000) 2024-01-19 12:15:32 Job executing on host: <172.30.1.211:9618?addrs=172.30.1.211-9618&alias=node11&noUDP&sock=startd_3699_c8e9>
...
040 (391117.015.000) 2024-01-19 12:15:32 Finished transferring input files
...
006 (391117.015.000) 2024-01-19 12:15:41 Image size of job updated: 184584
	181  -  MemoryUsage of job (MB)
	184584  -  ResidentSetSize of job (KB)
...
006 (391117.015.000) 2024-01-19 12:20:12 Image size of job updated: 870556
	181  -  MemoryUsage of job (MB)
	184584  -  ResidentSetSize of job (KB)
...
040 (391117.015.000) 2024-01-19 12:20:12 Started transferring output files
...
040 (391117.015.000) 2024-01-19 12:20:15 Finished transferring output files
...
005 (391117.015.000) 2024-01-19 12:20:15 Job terminated.
	(1) Normal termination (return value 0)
		Usr 0 00:03:27, Sys 0 00:00:14  -  Run Remote Usage
		Usr 0 00:00:00, Sys 0 00:00:00  -  Run Local Usage
		Usr 0 00:03:27, Sys 0 00:00:14  -  Total Remote Usage
		Usr 0 00:00:00, Sys 0 00:00:00  -  Total Local Usage
	33871680  -  Run Bytes Sent By Job
	184028  -  Run Bytes Received By Job
	33871680  -  Total Bytes Sent By Job
	184028  -  Total Bytes Received By Job
	Partitionable Resources :    Usage  Request Allocated 
	   Cpus                 :     0.63        1         1 
	   Disk (KB)            : 33331         200    128928 
	   Memory (MB)          :   181        3900      3968 

	Job terminated of its own accord at 2024-01-19T03:20:12Z.
...
000 (391118.015.000) 2024-01-19 12:41:45 Job submitted from host: <172.30.1.200:9618?addrs=172.30.1.200-9618&alias=tamsa2.snu.ac.kr&noUDP&sock=schedd_3625_06e6>
...
040 (391118.015.000) 2024-01-19 12:41:51 Started transferring input files
	Transferring to host: <172.30.1.204:9618?addrs=172.30.1.204-9618&alias=node4&noUDP&sock=slot1_41_3725_5971_203333>
...
001 (391118.015.000) 2024-01-19 12:41:51 Job executing on host: <172.30.1.204:9618?addrs=172.30.1.204-9618&alias=node4&noUDP&sock=startd_3691_4c27>
...
040 (391118.015.000) 2024-01-19 12:41:51 Finished transferring input files
...
006 (391118.015.000) 2024-01-19 12:42:00 Image size of job updated: 175232
	172  -  MemoryUsage of job (MB)
	175232  -  ResidentSetSize of job (KB)
...
006 (391118.015.000) 2024-01-19 12:43:55 Image size of job updated: 844096
	172  -  MemoryUsage of job (MB)
	175232  -  ResidentSetSize of job (KB)
...
040 (391118.015.000) 2024-01-19 12:43:55 Started transferring output files
...
040 (391118.015.000) 2024-01-19 12:43:56 Finished transferring output files
...
005 (391118.015.000) 2024-01-19 12:43:56 Job terminated.
	(1) Normal termination (return value 0)
		Usr 0 00:01:10, Sys 0 00:00:07  -  Run Remote Usage
		Usr 0 00:00:00, Sys 0 00:00:00  -  Run Local Usage
		Usr 0 00:01:10, Sys 0 00:00:07  -  Total Remote Usage
		Usr 0 00:00:00, Sys 0 00:00:00  -  Total Local Usage
	7464143  -  Run Bytes Sent By Job
	183796  -  Run Bytes Received By Job
	7464143  -  Total Bytes Sent By Job
	183796  -  Total Bytes Received By Job
	Partitionable Resources :    Usage  Request Allocated 
	   Cpus                 :                 1         1 
	   Disk (KB)            :     7536      200    128928 
	   Memory (MB)          :      172     3900      3968 

	Job terminated of its own accord at 2024-01-19T03:43:55Z.
...
000 (391119.015.000) 2024-01-19 12:47:04 Job submitted from host: <172.30.1.200:9618?addrs=172.30.1.200-9618&alias=tamsa2.snu.ac.kr&noUDP&sock=schedd_3625_06e6>
...
040 (391119.015.000) 2024-01-19 12:47:13 Started transferring input files
	Transferring to host: <172.30.1.204:9618?addrs=172.30.1.204-9618&alias=node4&noUDP&sock=slot1_45_3725_5971_203347>
...
001 (391119.015.000) 2024-01-19 12:47:13 Job executing on host: <172.30.1.204:9618?addrs=172.30.1.204-9618&alias=node4&noUDP&sock=startd_3691_4c27>
...
040 (391119.015.000) 2024-01-19 12:47:13 Finished transferring input files
...
006 (391119.015.000) 2024-01-19 12:47:22 Image size of job updated: 186752
	183  -  MemoryUsage of job (MB)
	186752  -  ResidentSetSize of job (KB)
...
006 (391119.015.000) 2024-01-19 12:51:36 Image size of job updated: 866460
	183  -  MemoryUsage of job (MB)
	186752  -  ResidentSetSize of job (KB)
...
040 (391119.015.000) 2024-01-19 12:51:36 Started transferring output files
...
040 (391119.015.000) 2024-01-19 12:51:39 Finished transferring output files
...
005 (391119.015.000) 2024-01-19 12:51:39 Job terminated.
	(1) Normal termination (return value 0)
		Usr 0 00:03:20, Sys 0 00:00:13  -  Run Remote Usage
		Usr 0 00:00:00, Sys 0 00:00:00  -  Run Local Usage
		Usr 0 00:03:20, Sys 0 00:00:13  -  Total Remote Usage
		Usr 0 00:00:00, Sys 0 00:00:00  -  Total Local Usage
	33283788  -  Run Bytes Sent By Job
	183796  -  Run Bytes Received By Job
	33283788  -  Total Bytes Sent By Job
	183796  -  Total Bytes Received By Job
	Partitionable Resources :    Usage  Request Allocated 
	   Cpus                 :                 1         1 
	   Disk (KB)            :    32750      200    128928 
	   Memory (MB)          :      183     3900      3968 

	Job terminated of its own accord at 2024-01-19T03:51:36Z.
...
000 (391120.015.000) 2024-01-19 13:02:28 Job submitted from host: <172.30.1.200:9618?addrs=172.30.1.200-9618&alias=tamsa2.snu.ac.kr&noUDP&sock=schedd_3625_06e6>
...
040 (391120.015.000) 2024-01-19 13:02:39 Started transferring input files
	Transferring to host: <172.30.1.204:9618?addrs=172.30.1.204-9618&alias=node4&noUDP&sock=slot1_48_3725_5971_203362>
...
040 (391120.015.000) 2024-01-19 13:02:39 Finished transferring input files
...
001 (391120.015.000) 2024-01-19 13:02:39 Job executing on host: <172.30.1.204:9618?addrs=172.30.1.204-9618&alias=node4&noUDP&sock=startd_3691_4c27>
...
006 (391120.015.000) 2024-01-19 13:02:48 Image size of job updated: 808976
	183  -  MemoryUsage of job (MB)
	186744  -  ResidentSetSize of job (KB)
...
006 (391120.015.000) 2024-01-19 13:07:07 Image size of job updated: 866460
	183  -  MemoryUsage of job (MB)
	186744  -  ResidentSetSize of job (KB)
...
040 (391120.015.000) 2024-01-19 13:07:07 Started transferring output files
...
040 (391120.015.000) 2024-01-19 13:07:19 Finished transferring output files
...
005 (391120.015.000) 2024-01-19 13:07:20 Job terminated.
	(1) Normal termination (return value 0)
		Usr 0 00:03:20, Sys 0 00:00:12  -  Run Remote Usage
		Usr 0 00:00:00, Sys 0 00:00:00  -  Run Local Usage
		Usr 0 00:03:20, Sys 0 00:00:12  -  Total Remote Usage
		Usr 0 00:00:00, Sys 0 00:00:00  -  Total Local Usage
	33254696  -  Run Bytes Sent By Job
	183796  -  Run Bytes Received By Job
	33254696  -  Total Bytes Sent By Job
	183796  -  Total Bytes Received By Job
	Partitionable Resources :    Usage  Request Allocated 
	   Cpus                 :     0.91        1         1 
	   Disk (KB)            : 32728         200    128928 
	   Memory (MB)          :   183        3900      3968 

	Job terminated of its own accord at 2024-01-19T04:07:07Z.
...
000 (391131.015.000) 2024-01-19 14:22:45 Job submitted from host: <172.30.1.200:9618?addrs=172.30.1.200-9618&alias=tamsa2.snu.ac.kr&noUDP&sock=schedd_3625_06e6>
...
040 (391131.015.000) 2024-01-19 14:22:51 Started transferring input files
	Transferring to host: <172.30.1.210:9618?addrs=172.30.1.210-9618&alias=node10&noUDP&sock=slot1_46_3822_b1d4_184647>
...
001 (391131.015.000) 2024-01-19 14:22:51 Job executing on host: <172.30.1.210:9618?addrs=172.30.1.210-9618&alias=node10&noUDP&sock=startd_3788_d4d6>
...
040 (391131.015.000) 2024-01-19 14:22:51 Finished transferring input files
...
006 (391131.015.000) 2024-01-19 14:23:00 Image size of job updated: 230108
	74  -  MemoryUsage of job (MB)
	75444  -  ResidentSetSize of job (KB)
...
006 (391131.015.000) 2024-01-19 14:28:01 Image size of job updated: 960068
	304  -  MemoryUsage of job (MB)
	310932  -  ResidentSetSize of job (KB)
...
006 (391131.015.000) 2024-01-19 14:28:10 Image size of job updated: 966048
	304  -  MemoryUsage of job (MB)
	310952  -  ResidentSetSize of job (KB)
...
004 (391131.015.000) 2024-01-19 14:28:10 Job was evicted.
	(0) CPU times
		Usr 0 00:04:44, Sys 0 00:00:20  -  Run Remote Usage
		Usr 0 00:00:00, Sys 0 00:00:00  -  Run Local Usage
	0  -  Run Bytes Sent By Job
	183798  -  Run Bytes Received By Job
	Partitionable Resources :    Usage  Request Allocated 
	   Cpus                 :     0.99        1         1 
	   Disk (KB)            :  1280         200    128928 
	   Memory (MB)          :   304        3900      3968 
...
009 (391131.015.000) 2024-01-19 14:28:10 Job was aborted.
	via condor_rm (by user shin)
...
000 (391132.015.000) 2024-01-19 14:30:22 Job submitted from host: <172.30.1.200:9618?addrs=172.30.1.200-9618&alias=tamsa2.snu.ac.kr&noUDP&sock=schedd_3625_06e6>
...
040 (391132.015.000) 2024-01-19 14:30:26 Started transferring input files
	Transferring to host: <172.30.1.210:9618?addrs=172.30.1.210-9618&alias=node10&noUDP&sock=slot1_46_3822_b1d4_184653>
...
040 (391132.015.000) 2024-01-19 14:30:26 Finished transferring input files
...
001 (391132.015.000) 2024-01-19 14:30:26 Job executing on host: <172.30.1.210:9618?addrs=172.30.1.210-9618&alias=node10&noUDP&sock=startd_3788_d4d6>
...
006 (391132.015.000) 2024-01-19 14:30:34 Image size of job updated: 561380
	181  -  MemoryUsage of job (MB)
	185040  -  ResidentSetSize of job (KB)
...
006 (391132.015.000) 2024-01-19 14:35:34 Image size of job updated: 879080
	214  -  MemoryUsage of job (MB)
	218836  -  ResidentSetSize of job (KB)
...
000 (391137.015.000) 2024-01-19 14:35:50 Job submitted from host: <172.30.1.200:9618?addrs=172.30.1.200-9618&alias=tamsa2.snu.ac.kr&noUDP&sock=schedd_3625_06e6>
...
040 (391137.015.000) 2024-01-19 14:35:53 Started transferring input files
	Transferring to host: <172.30.1.109:9618?addrs=172.30.1.109-9618&alias=n9&noUDP&sock=slot1_16_4134_86e1_92605>
...
001 (391137.015.000) 2024-01-19 14:35:53 Job executing on host: <172.30.1.109:9618?addrs=172.30.1.109-9618&alias=n9&noUDP&sock=startd_4100_d663>
...
040 (391137.015.000) 2024-01-19 14:35:53 Finished transferring input files
...
004 (391132.015.000) 2024-01-19 14:36:00 Job was evicted.
	(0) CPU times
		Usr 0 00:04:39, Sys 0 00:00:20  -  Run Remote Usage
		Usr 0 00:00:00, Sys 0 00:00:00  -  Run Local Usage
	0  -  Run Bytes Sent By Job
	183608  -  Run Bytes Received By Job
	Partitionable Resources :    Usage  Request Allocated 
	   Cpus                 :     0.57        1         1 
	   Disk (KB)            : 12875         200    128928 
	   Memory (MB)          :   214        3900      3968 
...
006 (391137.015.000) 2024-01-19 14:36:01 Image size of job updated: 220364
	0  -  MemoryUsage of job (MB)
	0  -  ResidentSetSize of job (KB)
...
009 (391132.015.000) 2024-01-19 14:36:01 Job was aborted.
	via condor_rm (by user shin)
...
004 (391137.015.000) 2024-01-19 14:36:01 Job was evicted.
	(0) CPU times
		Usr 0 00:00:00, Sys 0 00:00:00  -  Run Remote Usage
		Usr 0 00:00:00, Sys 0 00:00:00  -  Run Local Usage
	0  -  Run Bytes Sent By Job
	183614  -  Run Bytes Received By Job
	Partitionable Resources :    Usage  Request Allocated 
	   Cpus                 :     0.04        1         1 
	   Disk (KB)            :   235         200    127849 
	   Memory (MB)          :     0        3900      3968 
...
009 (391137.015.000) 2024-01-19 14:36:01 Job was aborted.
	via condor_rm (by user shin)
...
000 (391138.015.000) 2024-01-19 14:36:02 Job submitted from host: <172.30.1.200:9618?addrs=172.30.1.200-9618&alias=tamsa2.snu.ac.kr&noUDP&sock=schedd_3625_06e6>
...
040 (391138.015.000) 2024-01-19 14:36:13 Started transferring input files
	Transferring to host: <172.30.1.210:9618?addrs=172.30.1.210-9618&alias=node10&noUDP&sock=slot1_44_3822_b1d4_184658>
...
040 (391138.015.000) 2024-01-19 14:36:13 Finished transferring input files
...
001 (391138.015.000) 2024-01-19 14:36:13 Job executing on host: <172.30.1.210:9618?addrs=172.30.1.210-9618&alias=node10&noUDP&sock=startd_3788_d4d6>
...
006 (391138.015.000) 2024-01-19 14:36:22 Image size of job updated: 561376
	183  -  MemoryUsage of job (MB)
	186724  -  ResidentSetSize of job (KB)
...
006 (391138.015.000) 2024-01-19 14:41:22 Image size of job updated: 878924
	216  -  MemoryUsage of job (MB)
	220284  -  ResidentSetSize of job (KB)
...
040 (391138.015.000) 2024-01-19 14:43:06 Started transferring output files
...
040 (391138.015.000) 2024-01-19 14:43:07 Finished transferring output files
...
005 (391138.015.000) 2024-01-19 14:43:07 Job terminated.
	(1) Normal termination (return value 0)
		Usr 0 00:05:49, Sys 0 00:00:24  -  Run Remote Usage
		Usr 0 00:00:00, Sys 0 00:00:00  -  Run Local Usage
		Usr 0 00:05:49, Sys 0 00:00:24  -  Total Remote Usage
		Usr 0 00:00:00, Sys 0 00:00:00  -  Total Local Usage
	32980920  -  Run Bytes Sent By Job
	183614  -  Run Bytes Received By Job
	32980920  -  Total Bytes Sent By Job
	183614  -  Total Bytes Received By Job
	Partitionable Resources :    Usage  Request Allocated 
	   Cpus                 :     0.72        1         1 
	   Disk (KB)            : 32460         200    128928 
	   Memory (MB)          :   216        3900      3968 

	Job terminated of its own accord at 2024-01-19T05:43:06Z.
...
000 (391139.015.000) 2024-01-19 14:48:49 Job submitted from host: <172.30.1.200:9618?addrs=172.30.1.200-9618&alias=tamsa2.snu.ac.kr&noUDP&sock=schedd_3625_06e6>
...
040 (391139.015.000) 2024-01-19 14:48:53 Started transferring input files
	Transferring to host: <172.30.1.210:9618?addrs=172.30.1.210-9618&alias=node10&noUDP&sock=slot1_44_3822_b1d4_184664>
...
040 (391139.015.000) 2024-01-19 14:48:53 Finished transferring input files
...
001 (391139.015.000) 2024-01-19 14:48:53 Job executing on host: <172.30.1.210:9618?addrs=172.30.1.210-9618&alias=node10&noUDP&sock=startd_3788_d4d6>
...
006 (391139.015.000) 2024-01-19 14:49:02 Image size of job updated: 207340
	172  -  MemoryUsage of job (MB)
	175196  -  ResidentSetSize of job (KB)
...
006 (391139.015.000) 2024-01-19 14:52:18 Image size of job updated: 870784
	172  -  MemoryUsage of job (MB)
	175196  -  ResidentSetSize of job (KB)
...
004 (391139.015.000) 2024-01-19 14:52:18 Job was evicted.
	(0) CPU times
		Usr 0 00:02:48, Sys 0 00:00:12  -  Run Remote Usage
		Usr 0 00:00:00, Sys 0 00:00:00  -  Run Local Usage
	0  -  Run Bytes Sent By Job
	183618  -  Run Bytes Received By Job
	Partitionable Resources :    Usage  Request Allocated 
	   Cpus                 :     0.97        1         1 
	   Disk (KB)            :  7816         200    128928 
	   Memory (MB)          :   172        3900      3968 
...
009 (391139.015.000) 2024-01-19 14:52:18 Job was aborted.
	via condor_rm (by user shin)
...
000 (391140.015.000) 2024-01-19 14:52:19 Job submitted from host: <172.30.1.200:9618?addrs=172.30.1.200-9618&alias=tamsa2.snu.ac.kr&noUDP&sock=schedd_3625_06e6>
...
040 (391140.015.000) 2024-01-19 14:52:22 Started transferring input files
	Transferring to host: <172.30.1.210:9618?addrs=172.30.1.210-9618&alias=node10&noUDP&sock=slot1_44_3822_b1d4_184670>
...
001 (391140.015.000) 2024-01-19 14:52:22 Job executing on host: <172.30.1.210:9618?addrs=172.30.1.210-9618&alias=node10&noUDP&sock=startd_3788_d4d6>
...
040 (391140.015.000) 2024-01-19 14:52:22 Finished transferring input files
...
006 (391140.015.000) 2024-01-19 14:52:31 Image size of job updated: 185688
	182  -  MemoryUsage of job (MB)
	185688  -  ResidentSetSize of job (KB)
...
006 (391140.015.000) 2024-01-19 14:57:32 Image size of job updated: 875008
	218  -  MemoryUsage of job (MB)
	222560  -  ResidentSetSize of job (KB)
...
006 (391140.015.000) 2024-01-19 14:59:17 Image size of job updated: 875300
	218  -  MemoryUsage of job (MB)
	222560  -  ResidentSetSize of job (KB)
...
040 (391140.015.000) 2024-01-19 14:59:17 Started transferring output files
...
040 (391140.015.000) 2024-01-19 14:59:17 Finished transferring output files
...
005 (391140.015.000) 2024-01-19 14:59:17 Job terminated.
	(1) Normal termination (return value 0)
		Usr 0 00:05:53, Sys 0 00:00:25  -  Run Remote Usage
		Usr 0 00:00:00, Sys 0 00:00:00  -  Run Local Usage
		Usr 0 00:05:53, Sys 0 00:00:25  -  Total Remote Usage
		Usr 0 00:00:00, Sys 0 00:00:00  -  Total Local Usage
	32835728  -  Run Bytes Sent By Job
	183636  -  Run Bytes Received By Job
	32835728  -  Total Bytes Sent By Job
	183636  -  Total Bytes Received By Job
	Partitionable Resources :    Usage  Request Allocated 
	   Cpus                 :     0.97        1         1 
	   Disk (KB)            : 32318         200    128928 
	   Memory (MB)          :   218        3900      3968 

	Job terminated of its own accord at 2024-01-19T05:59:17Z.
...
000 (391145.015.000) 2024-01-19 15:59:26 Job submitted from host: <172.30.1.200:9618?addrs=172.30.1.200-9618&alias=tamsa2.snu.ac.kr&noUDP&sock=schedd_3625_06e6>
...
040 (391145.015.000) 2024-01-19 15:59:28 Started transferring input files
	Transferring to host: <172.30.1.209:9618?addrs=172.30.1.209-9618&alias=node9&noUDP&sock=slot1_43_3782_82d3_179406>
...
001 (391145.015.000) 2024-01-19 15:59:28 Job executing on host: <172.30.1.209:9618?addrs=172.30.1.209-9618&alias=node9&noUDP&sock=startd_3748_650d>
...
040 (391145.015.000) 2024-01-19 15:59:28 Finished transferring input files
...
006 (391145.015.000) 2024-01-19 15:59:36 Image size of job updated: 199148
	160  -  MemoryUsage of job (MB)
	163340  -  ResidentSetSize of job (KB)
...
006 (391145.015.000) 2024-01-19 16:04:36 Image size of job updated: 871628
	183  -  MemoryUsage of job (MB)
	187172  -  ResidentSetSize of job (KB)
...
006 (391145.015.000) 2024-01-19 16:06:03 Image size of job updated: 871956
	183  -  MemoryUsage of job (MB)
	187172  -  ResidentSetSize of job (KB)
...
040 (391145.015.000) 2024-01-19 16:06:03 Started transferring output files
...
040 (391145.015.000) 2024-01-19 16:06:04 Finished transferring output files
...
005 (391145.015.000) 2024-01-19 16:06:04 Job terminated.
	(1) Normal termination (return value 0)
		Usr 0 00:05:33, Sys 0 00:00:18  -  Run Remote Usage
		Usr 0 00:00:00, Sys 0 00:00:00  -  Run Local Usage
		Usr 0 00:05:33, Sys 0 00:00:18  -  Total Remote Usage
		Usr 0 00:00:00, Sys 0 00:00:00  -  Total Local Usage
	31791214  -  Run Bytes Sent By Job
	184262  -  Run Bytes Received By Job
	31791214  -  Total Bytes Sent By Job
	184262  -  Total Bytes Received By Job
	Partitionable Resources :    Usage  Request Allocated 
	   Cpus                 :     0.99        1         1 
	   Disk (KB)            : 31299         200    128928 
	   Memory (MB)          :   183        3900      3968 

	Job terminated of its own accord at 2024-01-19T07:06:03Z.
...
000 (391151.015.000) 2024-01-19 16:45:38 Job submitted from host: <172.30.1.200:9618?addrs=172.30.1.200-9618&alias=tamsa2.snu.ac.kr&noUDP&sock=schedd_3625_06e6>
...
040 (391151.015.000) 2024-01-19 16:45:47 Started transferring input files
	Transferring to host: <172.30.1.210:9618?addrs=172.30.1.210-9618&alias=node10&noUDP&sock=slot1_46_3822_b1d4_184706>
...
001 (391151.015.000) 2024-01-19 16:45:47 Job executing on host: <172.30.1.210:9618?addrs=172.30.1.210-9618&alias=node10&noUDP&sock=startd_3788_d4d6>
...
040 (391151.015.000) 2024-01-19 16:45:47 Finished transferring input files
...
006 (391151.015.000) 2024-01-19 16:45:55 Image size of job updated: 188340
	171  -  MemoryUsage of job (MB)
	174652  -  ResidentSetSize of job (KB)
...
000 (391152.015.000) 2024-01-19 16:46:33 Job submitted from host: <172.30.1.200:9618?addrs=172.30.1.200-9618&alias=tamsa2.snu.ac.kr&noUDP&sock=schedd_3625_06e6>
...
040 (391152.015.000) 2024-01-19 16:46:36 Started transferring input files
	Transferring to host: <172.30.1.103:9618?addrs=172.30.1.103-9618&alias=n3&noUDP&sock=slot1_12_3441_3ee5_36130>
...
001 (391152.015.000) 2024-01-19 16:46:36 Job executing on host: <172.30.1.103:9618?addrs=172.30.1.103-9618&alias=n3&noUDP&sock=startd_3407_7f41>
...
040 (391152.015.000) 2024-01-19 16:46:36 Finished transferring input files
...
006 (391152.015.000) 2024-01-19 16:46:43 Image size of job updated: 562984
	0  -  MemoryUsage of job (MB)
	0  -  ResidentSetSize of job (KB)
...
004 (391152.015.000) 2024-01-19 16:46:43 Job was evicted.
	(0) CPU times
		Usr 0 00:00:00, Sys 0 00:00:00  -  Run Remote Usage
		Usr 0 00:00:00, Sys 0 00:00:00  -  Run Local Usage
	0  -  Run Bytes Sent By Job
	184253  -  Run Bytes Received By Job
	Partitionable Resources :    Usage  Request Allocated 
	   Cpus                 :        0        1         1 
	   Disk (KB)            :      236      200     61880 
	   Memory (MB)          :        0     3900      3968 
...
009 (391152.015.000) 2024-01-19 16:46:43 Job was aborted.
	via condor_rm (by user shin)
...
006 (391151.015.000) 2024-01-19 16:47:35 Image size of job updated: 835120
	171  -  MemoryUsage of job (MB)
	174652  -  ResidentSetSize of job (KB)
...
004 (391151.015.000) 2024-01-19 16:47:35 Job was evicted.
	(0) CPU times
		Usr 0 00:01:04, Sys 0 00:00:06  -  Run Remote Usage
		Usr 0 00:00:00, Sys 0 00:00:00  -  Run Local Usage
	0  -  Run Bytes Sent By Job
	184253  -  Run Bytes Received By Job
	Partitionable Resources :    Usage  Request Allocated 
	   Cpus                 :     0.61        1         1 
	   Disk (KB)            :  3253         200    128928 
	   Memory (MB)          :   171        3900      3968 
...
009 (391151.015.000) 2024-01-19 16:47:36 Job was aborted.
	via condor_rm (by user shin)
...
000 (391153.015.000) 2024-01-19 16:47:37 Job submitted from host: <172.30.1.200:9618?addrs=172.30.1.200-9618&alias=tamsa2.snu.ac.kr&noUDP&sock=schedd_3625_06e6>
...
040 (391153.015.000) 2024-01-19 16:47:58 Started transferring input files
	Transferring to host: <172.30.1.210:9618?addrs=172.30.1.210-9618&alias=node10&noUDP&sock=slot1_34_3822_b1d4_184710>
...
001 (391153.015.000) 2024-01-19 16:47:58 Job executing on host: <172.30.1.210:9618?addrs=172.30.1.210-9618&alias=node10&noUDP&sock=startd_3788_d4d6>
...
040 (391153.015.000) 2024-01-19 16:47:58 Finished transferring input files
...
006 (391153.015.000) 2024-01-19 16:48:06 Image size of job updated: 184552
	181  -  MemoryUsage of job (MB)
	184552  -  ResidentSetSize of job (KB)
...
006 (391153.015.000) 2024-01-19 16:50:08 Image size of job updated: 846484
	181  -  MemoryUsage of job (MB)
	184552  -  ResidentSetSize of job (KB)
...
040 (391153.015.000) 2024-01-19 16:50:08 Started transferring output files
...
040 (391153.015.000) 2024-01-19 16:50:09 Finished transferring output files
...
005 (391153.015.000) 2024-01-19 16:50:09 Job terminated.
	(1) Normal termination (return value 0)
		Usr 0 00:01:17, Sys 0 00:00:07  -  Run Remote Usage
		Usr 0 00:00:00, Sys 0 00:00:00  -  Run Local Usage
		Usr 0 00:01:17, Sys 0 00:00:07  -  Total Remote Usage
		Usr 0 00:00:00, Sys 0 00:00:00  -  Total Local Usage
	7470423  -  Run Bytes Sent By Job
	184257  -  Run Bytes Received By Job
	7470423  -  Total Bytes Sent By Job
	184257  -  Total Bytes Received By Job
	Partitionable Resources :    Usage  Request Allocated 
	   Cpus                 :                 1         1 
	   Disk (KB)            :     7543      200    128928 
	   Memory (MB)          :      181     3900      3968 

	Job terminated of its own accord at 2024-01-19T07:50:08Z.
...
000 (391154.015.000) 2024-01-19 16:50:49 Job submitted from host: <172.30.1.200:9618?addrs=172.30.1.200-9618&alias=tamsa2.snu.ac.kr&noUDP&sock=schedd_3625_06e6>
...
040 (391154.015.000) 2024-01-19 16:50:51 Started transferring input files
	Transferring to host: <172.30.1.210:9618?addrs=172.30.1.210-9618&alias=node10&noUDP&sock=slot1_22_3822_b1d4_184716>
...
040 (391154.015.000) 2024-01-19 16:50:51 Finished transferring input files
...
001 (391154.015.000) 2024-01-19 16:50:51 Job executing on host: <172.30.1.210:9618?addrs=172.30.1.210-9618&alias=node10&noUDP&sock=startd_3788_d4d6>
...
006 (391154.015.000) 2024-01-19 16:51:00 Image size of job updated: 230128
	182  -  MemoryUsage of job (MB)
	185396  -  ResidentSetSize of job (KB)
...
006 (391154.015.000) 2024-01-19 16:56:01 Image size of job updated: 868640
	202  -  MemoryUsage of job (MB)
	205932  -  ResidentSetSize of job (KB)
...
006 (391154.015.000) 2024-01-19 16:57:18 Image size of job updated: 871360
	202  -  MemoryUsage of job (MB)
	205932  -  ResidentSetSize of job (KB)
...
040 (391154.015.000) 2024-01-19 16:57:18 Started transferring output files
...
040 (391154.015.000) 2024-01-19 16:57:19 Finished transferring output files
...
005 (391154.015.000) 2024-01-19 16:57:19 Job terminated.
	(1) Normal termination (return value 0)
		Usr 0 00:05:30, Sys 0 00:00:19  -  Run Remote Usage
		Usr 0 00:00:00, Sys 0 00:00:00  -  Run Local Usage
		Usr 0 00:05:30, Sys 0 00:00:19  -  Total Remote Usage
		Usr 0 00:00:00, Sys 0 00:00:00  -  Total Local Usage
	32274150  -  Run Bytes Sent By Job
	184256  -  Run Bytes Received By Job
	32274150  -  Total Bytes Sent By Job
	184256  -  Total Bytes Received By Job
	Partitionable Resources :    Usage  Request Allocated 
	   Cpus                 :     0.68        1         1 
	   Disk (KB)            : 31771         200    128928 
	   Memory (MB)          :   202        3900      3968 

	Job terminated of its own accord at 2024-01-19T07:57:18Z.
...
000 (391155.015.000) 2024-01-19 17:22:15 Job submitted from host: <172.30.1.200:9618?addrs=172.30.1.200-9618&alias=tamsa2.snu.ac.kr&noUDP&sock=schedd_3625_06e6>
...
040 (391155.015.000) 2024-01-19 17:22:18 Started transferring input files
	Transferring to host: <172.30.1.208:9618?addrs=172.30.1.208-9618&alias=node8&noUDP&sock=slot1_48_3811_f1b4_191365>
...
001 (391155.015.000) 2024-01-19 17:22:18 Job executing on host: <172.30.1.208:9618?addrs=172.30.1.208-9618&alias=node8&noUDP&sock=startd_3777_494c>
...
040 (391155.015.000) 2024-01-19 17:22:18 Finished transferring input files
...
006 (391155.015.000) 2024-01-19 17:22:26 Image size of job updated: 200064
	181  -  MemoryUsage of job (MB)
	184584  -  ResidentSetSize of job (KB)
...
006 (391155.015.000) 2024-01-19 17:24:15 Image size of job updated: 846680
	181  -  MemoryUsage of job (MB)
	184584  -  ResidentSetSize of job (KB)
...
040 (391155.015.000) 2024-01-19 17:24:15 Started transferring output files
...
040 (391155.015.000) 2024-01-19 17:24:16 Finished transferring output files
...
005 (391155.015.000) 2024-01-19 17:24:16 Job terminated.
	(1) Normal termination (return value 0)
		Usr 0 00:01:11, Sys 0 00:00:07  -  Run Remote Usage
		Usr 0 00:00:00, Sys 0 00:00:00  -  Run Local Usage
		Usr 0 00:01:11, Sys 0 00:00:07  -  Total Remote Usage
		Usr 0 00:00:00, Sys 0 00:00:00  -  Total Local Usage
	7465407  -  Run Bytes Sent By Job
	186554  -  Run Bytes Received By Job
	7465407  -  Total Bytes Sent By Job
	186554  -  Total Bytes Received By Job
	Partitionable Resources :    Usage  Request Allocated 
	   Cpus                 :                 1         1 
	   Disk (KB)            :     7540      200    128928 
	   Memory (MB)          :      181     3900      3968 

	Job terminated of its own accord at 2024-01-19T08:24:15Z.
...
000 (391156.015.000) 2024-01-19 17:29:00 Job submitted from host: <172.30.1.200:9618?addrs=172.30.1.200-9618&alias=tamsa2.snu.ac.kr&noUDP&sock=schedd_3625_06e6>
...
040 (391156.015.000) 2024-01-19 17:29:03 Started transferring input files
	Transferring to host: <172.30.1.208:9618?addrs=172.30.1.208-9618&alias=node8&noUDP&sock=slot1_47_3811_f1b4_191371>
...
040 (391156.015.000) 2024-01-19 17:29:03 Finished transferring input files
...
001 (391156.015.000) 2024-01-19 17:29:03 Job executing on host: <172.30.1.208:9618?addrs=172.30.1.208-9618&alias=node8&noUDP&sock=startd_3777_494c>
...
006 (391156.015.000) 2024-01-19 17:29:12 Image size of job updated: 611924
	182  -  MemoryUsage of job (MB)
	185692  -  ResidentSetSize of job (KB)
...
006 (391156.015.000) 2024-01-19 17:31:01 Image size of job updated: 837824
	182  -  MemoryUsage of job (MB)
	185692  -  ResidentSetSize of job (KB)
...
040 (391156.015.000) 2024-01-19 17:31:01 Started transferring output files
...
040 (391156.015.000) 2024-01-19 17:31:02 Finished transferring output files
...
005 (391156.015.000) 2024-01-19 17:31:03 Job terminated.
	(1) Normal termination (return value 0)
		Usr 0 00:01:11, Sys 0 00:00:07  -  Run Remote Usage
		Usr 0 00:00:00, Sys 0 00:00:00  -  Run Local Usage
		Usr 0 00:01:11, Sys 0 00:00:07  -  Total Remote Usage
		Usr 0 00:00:00, Sys 0 00:00:00  -  Total Local Usage
	7465407  -  Run Bytes Sent By Job
	186554  -  Run Bytes Received By Job
	7465407  -  Total Bytes Sent By Job
	186554  -  Total Bytes Received By Job
	Partitionable Resources :    Usage  Request Allocated 
	   Cpus                 :     0.50        1         1 
	   Disk (KB)            :  7546         200    128928 
	   Memory (MB)          :   182        3900      3968 

	Job terminated of its own accord at 2024-01-19T08:31:01Z.
...
000 (391161.015.000) 2024-01-19 17:33:03 Job submitted from host: <172.30.1.200:9618?addrs=172.30.1.200-9618&alias=tamsa2.snu.ac.kr&noUDP&sock=schedd_3625_06e6>
...
040 (391161.015.000) 2024-01-19 17:33:06 Started transferring input files
	Transferring to host: <172.30.1.208:9618?addrs=172.30.1.208-9618&alias=node8&noUDP&sock=slot1_47_3811_f1b4_191378>
...
001 (391161.015.000) 2024-01-19 17:33:06 Job executing on host: <172.30.1.208:9618?addrs=172.30.1.208-9618&alias=node8&noUDP&sock=startd_3777_494c>
...
040 (391161.015.000) 2024-01-19 17:33:06 Finished transferring input files
...
006 (391161.015.000) 2024-01-19 17:33:14 Image size of job updated: 612180
	181  -  MemoryUsage of job (MB)
	185036  -  ResidentSetSize of job (KB)
...
006 (391161.015.000) 2024-01-19 17:35:01 Image size of job updated: 845724
	181  -  MemoryUsage of job (MB)
	185036  -  ResidentSetSize of job (KB)
...
040 (391161.015.000) 2024-01-19 17:35:01 Started transferring output files
...
040 (391161.015.000) 2024-01-19 17:35:01 Finished transferring output files
...
005 (391161.015.000) 2024-01-19 17:35:01 Job terminated.
	(1) Normal termination (return value 0)
		Usr 0 00:01:11, Sys 0 00:00:07  -  Run Remote Usage
		Usr 0 00:00:00, Sys 0 00:00:00  -  Run Local Usage
		Usr 0 00:01:11, Sys 0 00:00:07  -  Total Remote Usage
		Usr 0 00:00:00, Sys 0 00:00:00  -  Total Local Usage
	7469647  -  Run Bytes Sent By Job
	186686  -  Run Bytes Received By Job
	7469647  -  Total Bytes Sent By Job
	186686  -  Total Bytes Received By Job
	Partitionable Resources :    Usage  Request Allocated 
	   Cpus                 :                 1         1 
	   Disk (KB)            :     7545      200    128928 
	   Memory (MB)          :      181     3900      3968 

	Job terminated of its own accord at 2024-01-19T08:35:01Z.
...
000 (391162.015.000) 2024-01-19 17:42:17 Job submitted from host: <172.30.1.200:9618?addrs=172.30.1.200-9618&alias=tamsa2.snu.ac.kr&noUDP&sock=schedd_3625_06e6>
...
040 (391162.015.000) 2024-01-19 17:42:28 Started transferring input files
	Transferring to host: <172.30.1.208:9618?addrs=172.30.1.208-9618&alias=node8&noUDP&sock=slot1_46_3811_f1b4_191384>
...
001 (391162.015.000) 2024-01-19 17:42:28 Job executing on host: <172.30.1.208:9618?addrs=172.30.1.208-9618&alias=node8&noUDP&sock=startd_3777_494c>
...
040 (391162.015.000) 2024-01-19 17:42:28 Finished transferring input files
...
006 (391162.015.000) 2024-01-19 17:42:36 Image size of job updated: 186744
	183  -  MemoryUsage of job (MB)
	186740  -  ResidentSetSize of job (KB)
...
006 (391162.015.000) 2024-01-19 17:44:22 Image size of job updated: 846000
	183  -  MemoryUsage of job (MB)
	186740  -  ResidentSetSize of job (KB)
...
040 (391162.015.000) 2024-01-19 17:44:22 Started transferring output files
...
040 (391162.015.000) 2024-01-19 17:44:22 Finished transferring output files
...
005 (391162.015.000) 2024-01-19 17:44:22 Job terminated.
	(1) Normal termination (return value 0)
		Usr 0 00:01:11, Sys 0 00:00:07  -  Run Remote Usage
		Usr 0 00:00:00, Sys 0 00:00:00  -  Run Local Usage
		Usr 0 00:01:11, Sys 0 00:00:07  -  Total Remote Usage
		Usr 0 00:00:00, Sys 0 00:00:00  -  Total Local Usage
	7465015  -  Run Bytes Sent By Job
	187104  -  Run Bytes Received By Job
	7465015  -  Total Bytes Sent By Job
	187104  -  Total Bytes Received By Job
	Partitionable Resources :    Usage  Request Allocated 
	   Cpus                 :                 1         1 
	   Disk (KB)            :     7540      200    128928 
	   Memory (MB)          :      183     3900      3968 

	Job terminated of its own accord at 2024-01-19T08:44:22Z.
...
000 (391163.015.000) 2024-01-19 17:55:43 Job submitted from host: <172.30.1.200:9618?addrs=172.30.1.200-9618&alias=tamsa2.snu.ac.kr&noUDP&sock=schedd_3625_06e6>
...
040 (391163.015.000) 2024-01-19 17:55:56 Started transferring input files
	Transferring to host: <172.30.1.108:9618?addrs=172.30.1.108-9618&alias=n8&noUDP&sock=slot1_24_4128_4ca1_81449>
...
001 (391163.015.000) 2024-01-19 17:55:56 Job executing on host: <172.30.1.108:9618?addrs=172.30.1.108-9618&alias=n8&noUDP&sock=startd_4094_b8d1>
...
040 (391163.015.000) 2024-01-19 17:55:56 Finished transferring input files
...
006 (391163.015.000) 2024-01-19 17:56:04 Image size of job updated: 567204
	159  -  MemoryUsage of job (MB)
	161884  -  ResidentSetSize of job (KB)
...
006 (391163.015.000) 2024-01-19 17:59:51 Image size of job updated: 875496
	159  -  MemoryUsage of job (MB)
	162132  -  ResidentSetSize of job (KB)
...
040 (391163.015.000) 2024-01-19 17:59:51 Started transferring output files
...
040 (391163.015.000) 2024-01-19 17:59:51 Finished transferring output files
...
005 (391163.015.000) 2024-01-19 17:59:51 Job terminated.
	(1) Normal termination (return value 0)
		Usr 0 00:03:29, Sys 0 00:00:11  -  Run Remote Usage
		Usr 0 00:00:00, Sys 0 00:00:00  -  Run Local Usage
		Usr 0 00:03:29, Sys 0 00:00:11  -  Total Remote Usage
		Usr 0 00:00:00, Sys 0 00:00:00  -  Total Local Usage
	33944072  -  Run Bytes Sent By Job
	186100  -  Run Bytes Received By Job
	33944072  -  Total Bytes Sent By Job
	186100  -  Total Bytes Received By Job
	Partitionable Resources :    Usage  Request Allocated 
	   Cpus                 :     1.01        1         1 
	   Disk (KB)            : 33403         200    127849 
	   Memory (MB)          :   159        3900      3968 

	Job terminated of its own accord at 2024-01-19T08:59:51Z.
...
000 (391164.015.000) 2024-01-19 18:03:23 Job submitted from host: <172.30.1.200:9618?addrs=172.30.1.200-9618&alias=tamsa2.snu.ac.kr&noUDP&sock=schedd_3625_06e6>
...
040 (391164.015.000) 2024-01-19 18:03:38 Started transferring input files
	Transferring to host: <172.30.1.107:9618?addrs=172.30.1.107-9618&alias=n7&noUDP&sock=slot1_18_4166_12e2_53815>
...
001 (391164.015.000) 2024-01-19 18:03:38 Job executing on host: <172.30.1.107:9618?addrs=172.30.1.107-9618&alias=n7&noUDP&sock=startd_4132_c96b>
...
040 (391164.015.000) 2024-01-19 18:03:38 Finished transferring input files
...
006 (391164.015.000) 2024-01-19 18:03:47 Image size of job updated: 139088
	74  -  MemoryUsage of job (MB)
	75456  -  ResidentSetSize of job (KB)
...
006 (391164.015.000) 2024-01-19 18:08:14 Image size of job updated: 875840
	74  -  MemoryUsage of job (MB)
	75456  -  ResidentSetSize of job (KB)
...
040 (391164.015.000) 2024-01-19 18:08:14 Started transferring output files
...
040 (391164.015.000) 2024-01-19 18:08:16 Finished transferring output files
...
005 (391164.015.000) 2024-01-19 18:08:16 Job terminated.
	(1) Normal termination (return value 0)
		Usr 0 00:04:08, Sys 0 00:00:12  -  Run Remote Usage
		Usr 0 00:00:00, Sys 0 00:00:00  -  Run Local Usage
		Usr 0 00:04:08, Sys 0 00:00:12  -  Total Remote Usage
		Usr 0 00:00:00, Sys 0 00:00:00  -  Total Local Usage
	50364368  -  Run Bytes Sent By Job
	186386  -  Run Bytes Received By Job
	50364368  -  Total Bytes Sent By Job
	186386  -  Total Bytes Received By Job
	Partitionable Resources :    Usage  Request Allocated 
	   Cpus                 :     1.00        1         1 
	   Disk (KB)            : 49439         200    127849 
	   Memory (MB)          :    74        3900      3968 

	Job terminated of its own accord at 2024-01-19T09:08:14Z.
...
000 (391165.015.000) 2024-01-19 22:41:31 Job submitted from host: <172.30.1.200:9618?addrs=172.30.1.200-9618&alias=tamsa2.snu.ac.kr&noUDP&sock=schedd_3625_06e6>
...
040 (391165.015.000) 2024-01-19 22:41:34 Started transferring input files
	Transferring to host: <172.30.1.204:9618?addrs=172.30.1.204-9618&alias=node4&noUDP&sock=slot1_21_3725_5971_203495>
...
001 (391165.015.000) 2024-01-19 22:41:34 Job executing on host: <172.30.1.204:9618?addrs=172.30.1.204-9618&alias=node4&noUDP&sock=startd_3691_4c27>
...
040 (391165.015.000) 2024-01-19 22:41:34 Finished transferring input files
...
006 (391165.015.000) 2024-01-19 22:41:43 Image size of job updated: 139088
	64  -  MemoryUsage of job (MB)
	64580  -  ResidentSetSize of job (KB)
...
006 (391165.015.000) 2024-01-19 22:43:35 Image size of job updated: 846620
	64  -  MemoryUsage of job (MB)
	64900  -  ResidentSetSize of job (KB)
...
040 (391165.015.000) 2024-01-19 22:43:35 Started transferring output files
...
040 (391165.015.000) 2024-01-19 22:43:35 Finished transferring output files
...
005 (391165.015.000) 2024-01-19 22:43:35 Job terminated.
	(1) Normal termination (return value 0)
		Usr 0 00:01:09, Sys 0 00:00:07  -  Run Remote Usage
		Usr 0 00:00:00, Sys 0 00:00:00  -  Run Local Usage
		Usr 0 00:01:09, Sys 0 00:00:07  -  Total Remote Usage
		Usr 0 00:00:00, Sys 0 00:00:00  -  Total Local Usage
	7473695  -  Run Bytes Sent By Job
	185908  -  Run Bytes Received By Job
	7473695  -  Total Bytes Sent By Job
	185908  -  Total Bytes Received By Job
	Partitionable Resources :    Usage  Request Allocated 
	   Cpus                 :     0.04        1         1 
	   Disk (KB)            :  7554         200    128928 
	   Memory (MB)          :    64        3900      3968 

	Job terminated of its own accord at 2024-01-19T13:43:35Z.
...
000 (391166.015.000) 2024-01-19 22:44:51 Job submitted from host: <172.30.1.200:9618?addrs=172.30.1.200-9618&alias=tamsa2.snu.ac.kr&noUDP&sock=schedd_3625_06e6>
...
040 (391166.015.000) 2024-01-19 22:44:59 Started transferring input files
	Transferring to host: <172.30.1.204:9618?addrs=172.30.1.204-9618&alias=node4&noUDP&sock=slot1_21_3725_5971_203521>
...
040 (391166.015.000) 2024-01-19 22:44:59 Finished transferring input files
...
001 (391166.015.000) 2024-01-19 22:44:59 Job executing on host: <172.30.1.204:9618?addrs=172.30.1.204-9618&alias=node4&noUDP&sock=startd_3691_4c27>
...
006 (391166.015.000) 2024-01-19 22:45:08 Image size of job updated: 799148
	172  -  MemoryUsage of job (MB)
	176116  -  ResidentSetSize of job (KB)
...
006 (391166.015.000) 2024-01-19 22:50:09 Image size of job updated: 871732
	201  -  MemoryUsage of job (MB)
	205220  -  ResidentSetSize of job (KB)
...
006 (391166.015.000) 2024-01-19 22:50:32 Image size of job updated: 874632
	201  -  MemoryUsage of job (MB)
	205220  -  ResidentSetSize of job (KB)
...
040 (391166.015.000) 2024-01-19 22:50:32 Started transferring output files
...
040 (391166.015.000) 2024-01-19 22:50:33 Finished transferring output files
...
005 (391166.015.000) 2024-01-19 22:50:33 Job terminated.
	(1) Normal termination (return value 0)
		Usr 0 00:05:05, Sys 0 00:00:15  -  Run Remote Usage
		Usr 0 00:00:00, Sys 0 00:00:00  -  Run Local Usage
		Usr 0 00:05:05, Sys 0 00:00:15  -  Total Remote Usage
		Usr 0 00:00:00, Sys 0 00:00:00  -  Total Local Usage
	32270146  -  Run Bytes Sent By Job
	185911  -  Run Bytes Received By Job
	32270146  -  Total Bytes Sent By Job
	185911  -  Total Bytes Received By Job
	Partitionable Resources :    Usage  Request Allocated 
	   Cpus                 :     0.94        1         1 
	   Disk (KB)            : 31769         200    128928 
	   Memory (MB)          :   201        3900      3968 

	Job terminated of its own accord at 2024-01-19T13:50:32Z.
...
000 (391167.015.000) 2024-01-19 22:57:44 Job submitted from host: <172.30.1.200:9618?addrs=172.30.1.200-9618&alias=tamsa2.snu.ac.kr&noUDP&sock=schedd_3625_06e6>
...
040 (391167.015.000) 2024-01-19 22:57:47 Started transferring input files
	Transferring to host: <172.30.1.204:9618?addrs=172.30.1.204-9618&alias=node4&noUDP&sock=slot1_23_3725_5971_203549>
...
040 (391167.015.000) 2024-01-19 22:57:47 Finished transferring input files
...
001 (391167.015.000) 2024-01-19 22:57:47 Job executing on host: <172.30.1.204:9618?addrs=172.30.1.204-9618&alias=node4&noUDP&sock=startd_3691_4c27>
...
006 (391167.015.000) 2024-01-19 22:57:55 Image size of job updated: 139344
	68  -  MemoryUsage of job (MB)
	69444  -  ResidentSetSize of job (KB)
...
006 (391167.015.000) 2024-01-19 23:02:55 Image size of job updated: 874140
	200  -  MemoryUsage of job (MB)
	203824  -  ResidentSetSize of job (KB)
...
040 (391167.015.000) 2024-01-19 23:03:20 Started transferring output files
...
040 (391167.015.000) 2024-01-19 23:03:20 Finished transferring output files
...
005 (391167.015.000) 2024-01-19 23:03:20 Job terminated.
	(1) Normal termination (return value 0)
		Usr 0 00:04:59, Sys 0 00:00:16  -  Run Remote Usage
		Usr 0 00:00:00, Sys 0 00:00:00  -  Run Local Usage
		Usr 0 00:04:59, Sys 0 00:00:16  -  Total Remote Usage
		Usr 0 00:00:00, Sys 0 00:00:00  -  Total Local Usage
	32231056  -  Run Bytes Sent By Job
	185911  -  Run Bytes Received By Job
	32231056  -  Total Bytes Sent By Job
	185911  -  Total Bytes Received By Job
	Partitionable Resources :    Usage  Request Allocated 
	   Cpus                 :     1.00        1         1 
	   Disk (KB)            : 31731         200    128928 
	   Memory (MB)          :   200        3900      3968 

	Job terminated of its own accord at 2024-01-19T14:03:20Z.
...
000 (391343.015.000) 2024-01-22 10:59:17 Job submitted from host: <172.30.1.200:9618?addrs=172.30.1.200-9618&alias=tamsa2.snu.ac.kr&noUDP&sock=schedd_3625_06e6>
...
040 (391343.015.000) 2024-01-22 10:59:23 Started transferring input files
	Transferring to host: <172.30.1.216:9618?addrs=172.30.1.216-9618&alias=node16&noUDP&sock=slot1_24_4290_7168_332793>
...
040 (391343.015.000) 2024-01-22 10:59:23 Finished transferring input files
...
001 (391343.015.000) 2024-01-22 10:59:23 Job executing on host: <172.30.1.216:9618?addrs=172.30.1.216-9618&alias=node16&noUDP&sock=startd_4255_2791>
...
006 (391343.015.000) 2024-01-22 10:59:32 Image size of job updated: 1288
	1  -  MemoryUsage of job (MB)
	84  -  ResidentSetSize of job (KB)
...
006 (391343.015.000) 2024-01-22 11:04:33 Image size of job updated: 951944
	265  -  MemoryUsage of job (MB)
	270580  -  ResidentSetSize of job (KB)
...
006 (391343.015.000) 2024-01-22 11:09:35 Image size of job updated: 951944
	265  -  MemoryUsage of job (MB)
	270600  -  ResidentSetSize of job (KB)
...
006 (391343.015.000) 2024-01-22 11:14:35 Image size of job updated: 961092
	265  -  MemoryUsage of job (MB)
	270600  -  ResidentSetSize of job (KB)
...
006 (391343.015.000) 2024-01-22 11:19:35 Image size of job updated: 967420
	265  -  MemoryUsage of job (MB)
	270600  -  ResidentSetSize of job (KB)
...
040 (391343.015.000) 2024-01-22 11:21:23 Started transferring output files
...
040 (391343.015.000) 2024-01-22 11:21:24 Finished transferring output files
...
005 (391343.015.000) 2024-01-22 11:21:24 Job terminated.
	(1) Normal termination (return value 0)
		Usr 0 00:20:07, Sys 0 00:00:55  -  Run Remote Usage
		Usr 0 00:00:00, Sys 0 00:00:00  -  Run Local Usage
		Usr 0 00:20:07, Sys 0 00:00:55  -  Total Remote Usage
		Usr 0 00:00:00, Sys 0 00:00:00  -  Total Local Usage
	30730188  -  Run Bytes Sent By Job
	185924  -  Run Bytes Received By Job
	30730188  -  Total Bytes Sent By Job
	185924  -  Total Bytes Received By Job
	Partitionable Resources :    Usage  Request Allocated 
	   Cpus                 :     0.98        1         1 
	   Disk (KB)            : 30265         200    261111 
	   Memory (MB)          :   265        3900      3968 

	Job terminated of its own accord at 2024-01-22T02:21:23Z.
...
000 (391348.015.000) 2024-01-22 12:29:14 Job submitted from host: <172.30.1.200:9618?addrs=172.30.1.200-9618&alias=tamsa2.snu.ac.kr&noUDP&sock=schedd_3625_06e6>
...
040 (391348.015.000) 2024-01-22 12:29:18 Started transferring input files
	Transferring to host: <172.30.1.216:9618?addrs=172.30.1.216-9618&alias=node16&noUDP&sock=slot1_16_4290_7168_332829>
...
040 (391348.015.000) 2024-01-22 12:29:18 Finished transferring input files
...
001 (391348.015.000) 2024-01-22 12:29:18 Job executing on host: <172.30.1.216:9618?addrs=172.30.1.216-9618&alias=node16&noUDP&sock=startd_4255_2791>
...
006 (391348.015.000) 2024-01-22 12:29:27 Image size of job updated: 139344
	5  -  MemoryUsage of job (MB)
	4956  -  ResidentSetSize of job (KB)
...
006 (391348.015.000) 2024-01-22 12:34:28 Image size of job updated: 961076
	293  -  MemoryUsage of job (MB)
	299700  -  ResidentSetSize of job (KB)
...
006 (391348.015.000) 2024-01-22 12:49:29 Image size of job updated: 967832
	293  -  MemoryUsage of job (MB)
	299700  -  ResidentSetSize of job (KB)
...
006 (391348.015.000) 2024-01-22 12:50:27 Image size of job updated: 968000
	293  -  MemoryUsage of job (MB)
	299700  -  ResidentSetSize of job (KB)
...
040 (391348.015.000) 2024-01-22 12:50:27 Started transferring output files
...
040 (391348.015.000) 2024-01-22 12:50:27 Finished transferring output files
...
005 (391348.015.000) 2024-01-22 12:50:27 Job terminated.
	(1) Normal termination (return value 0)
		Usr 0 00:19:41, Sys 0 00:00:54  -  Run Remote Usage
		Usr 0 00:00:00, Sys 0 00:00:00  -  Run Local Usage
		Usr 0 00:19:41, Sys 0 00:00:54  -  Total Remote Usage
		Usr 0 00:00:00, Sys 0 00:00:00  -  Total Local Usage
	30744208  -  Run Bytes Sent By Job
	186484  -  Run Bytes Received By Job
	30744208  -  Total Bytes Sent By Job
	186484  -  Total Bytes Received By Job
	Partitionable Resources :    Usage  Request Allocated 
	   Cpus                 :     1.01        1         1 
	   Disk (KB)            : 30279         200    261111 
	   Memory (MB)          :   293        3900      3968 

	Job terminated of its own accord at 2024-01-22T03:50:27Z.
...
000 (391350.015.000) 2024-01-22 13:01:44 Job submitted from host: <172.30.1.200:9618?addrs=172.30.1.200-9618&alias=tamsa2.snu.ac.kr&noUDP&sock=schedd_3625_06e6>
...
040 (391350.015.000) 2024-01-22 13:02:01 Started transferring input files
	Transferring to host: <172.30.1.216:9618?addrs=172.30.1.216-9618&alias=node16&noUDP&sock=slot1_16_4290_7168_332869>
...
040 (391350.015.000) 2024-01-22 13:02:01 Finished transferring input files
...
001 (391350.015.000) 2024-01-22 13:02:01 Job executing on host: <172.30.1.216:9618?addrs=172.30.1.216-9618&alias=node16&noUDP&sock=startd_4255_2791>
...
006 (391350.015.000) 2024-01-22 13:02:09 Image size of job updated: 139088
	5  -  MemoryUsage of job (MB)
	4956  -  ResidentSetSize of job (KB)
...
006 (391350.015.000) 2024-01-22 13:07:09 Image size of job updated: 966860
	283  -  MemoryUsage of job (MB)
	289560  -  ResidentSetSize of job (KB)
...
040 (391350.015.000) 2024-01-22 13:24:00 Started transferring output files
...
040 (391350.015.000) 2024-01-22 13:24:01 Finished transferring output files
...
005 (391350.015.000) 2024-01-22 13:24:01 Job terminated.
	(1) Normal termination (return value 0)
		Usr 0 00:20:31, Sys 0 00:00:54  -  Run Remote Usage
		Usr 0 00:00:00, Sys 0 00:00:00  -  Run Local Usage
		Usr 0 00:20:31, Sys 0 00:00:54  -  Total Remote Usage
		Usr 0 00:00:00, Sys 0 00:00:00  -  Total Local Usage
	30734516  -  Run Bytes Sent By Job
	186577  -  Run Bytes Received By Job
	30734516  -  Total Bytes Sent By Job
	186577  -  Total Bytes Received By Job
	Partitionable Resources :    Usage  Request Allocated 
	   Cpus                 :     0.87        1         1 
	   Disk (KB)            : 30270         200    261111 
	   Memory (MB)          :   283        3900      3968 

	Job terminated of its own accord at 2024-01-22T04:24:00Z.
...
000 (391361.015.000) 2024-01-22 13:44:17 Job submitted from host: <172.30.1.200:9618?addrs=172.30.1.200-9618&alias=tamsa2.snu.ac.kr&noUDP&sock=schedd_3625_06e6>
...
040 (391361.015.000) 2024-01-22 13:44:29 Started transferring input files
	Transferring to host: <172.30.1.216:9618?addrs=172.30.1.216-9618&alias=node16&noUDP&sock=slot1_41_4290_7168_332999>
...
040 (391361.015.000) 2024-01-22 13:44:29 Finished transferring input files
...
001 (391361.015.000) 2024-01-22 13:44:29 Job executing on host: <172.30.1.216:9618?addrs=172.30.1.216-9618&alias=node16&noUDP&sock=startd_4255_2791>
...
006 (391361.015.000) 2024-01-22 13:44:38 Image size of job updated: 554876
	67  -  MemoryUsage of job (MB)
	67816  -  ResidentSetSize of job (KB)
...
006 (391361.015.000) 2024-01-22 13:48:26 Image size of job updated: 868720
	67  -  MemoryUsage of job (MB)
	67984  -  ResidentSetSize of job (KB)
...
040 (391361.015.000) 2024-01-22 13:48:26 Started transferring output files
...
040 (391361.015.000) 2024-01-22 13:48:30 Finished transferring output files
...
005 (391361.015.000) 2024-01-22 13:48:30 Job terminated.
	(1) Normal termination (return value 0)
		Usr 0 00:03:20, Sys 0 00:00:13  -  Run Remote Usage
		Usr 0 00:00:00, Sys 0 00:00:00  -  Run Local Usage
		Usr 0 00:03:20, Sys 0 00:00:13  -  Total Remote Usage
		Usr 0 00:00:00, Sys 0 00:00:00  -  Total Local Usage
	30929492  -  Run Bytes Sent By Job
	191813  -  Run Bytes Received By Job
	30929492  -  Total Bytes Sent By Job
	191813  -  Total Bytes Received By Job
	Partitionable Resources :    Usage  Request Allocated 
	   Cpus                 :     1.00        1         1 
	   Disk (KB)            : 30468         200    261111 
	   Memory (MB)          :    67        3900      3968 

	Job terminated of its own accord at 2024-01-22T04:48:26Z.
...
000 (391362.015.000) 2024-01-22 13:50:58 Job submitted from host: <172.30.1.200:9618?addrs=172.30.1.200-9618&alias=tamsa2.snu.ac.kr&noUDP&sock=schedd_3625_06e6>
...
040 (391362.015.000) 2024-01-22 13:51:03 Started transferring input files
	Transferring to host: <172.30.1.216:9618?addrs=172.30.1.216-9618&alias=node16&noUDP&sock=slot1_32_4290_7168_333046>
...
040 (391362.015.000) 2024-01-22 13:51:03 Finished transferring input files
...
001 (391362.015.000) 2024-01-22 13:51:03 Job executing on host: <172.30.1.216:9618?addrs=172.30.1.216-9618&alias=node16&noUDP&sock=startd_4255_2791>
...
006 (391362.015.000) 2024-01-22 13:51:12 Image size of job updated: 139232
	5  -  MemoryUsage of job (MB)
	4960  -  ResidentSetSize of job (KB)
...
006 (391362.015.000) 2024-01-22 13:56:13 Image size of job updated: 969508
	256  -  MemoryUsage of job (MB)
	261376  -  ResidentSetSize of job (KB)
...
006 (391362.015.000) 2024-01-22 14:06:14 Image size of job updated: 970128
	256  -  MemoryUsage of job (MB)
	261376  -  ResidentSetSize of job (KB)
...
006 (391362.015.000) 2024-01-22 14:15:39 Image size of job updated: 970252
	256  -  MemoryUsage of job (MB)
	261376  -  ResidentSetSize of job (KB)
...
040 (391362.015.000) 2024-01-22 14:15:39 Started transferring output files
...
040 (391362.015.000) 2024-01-22 14:15:40 Finished transferring output files
...
005 (391362.015.000) 2024-01-22 14:15:40 Job terminated.
	(1) Normal termination (return value 0)
		Usr 0 00:22:10, Sys 0 00:01:02  -  Run Remote Usage
		Usr 0 00:00:00, Sys 0 00:00:00  -  Run Local Usage
		Usr 0 00:22:10, Sys 0 00:01:02  -  Total Remote Usage
		Usr 0 00:00:00, Sys 0 00:00:00  -  Total Local Usage
	30729264  -  Run Bytes Sent By Job
	191814  -  Run Bytes Received By Job
	30729264  -  Total Bytes Sent By Job
	191814  -  Total Bytes Received By Job
	Partitionable Resources :    Usage  Request Allocated 
	   Cpus                 :     1.00        1         1 
	   Disk (KB)            : 30272         200    261111 
	   Memory (MB)          :   256        3900      3968 

	Job terminated of its own accord at 2024-01-22T05:15:39Z.
...
000 (391496.015.000) 2024-01-22 14:58:10 Job submitted from host: <172.30.1.200:9618?addrs=172.30.1.200-9618&alias=tamsa2.snu.ac.kr&noUDP&sock=schedd_3625_06e6>
...
040 (391496.015.000) 2024-01-22 14:58:18 Started transferring input files
	Transferring to host: <172.30.1.216:9618?addrs=172.30.1.216-9618&alias=node16&noUDP&sock=slot1_26_4290_7168_333206>
...
040 (391496.015.000) 2024-01-22 14:58:18 Finished transferring input files
...
001 (391496.015.000) 2024-01-22 14:58:18 Job executing on host: <172.30.1.216:9618?addrs=172.30.1.216-9618&alias=node16&noUDP&sock=startd_4255_2791>
...
006 (391496.015.000) 2024-01-22 14:58:27 Image size of job updated: 139344
	5  -  MemoryUsage of job (MB)
	4956  -  ResidentSetSize of job (KB)
...
006 (391496.015.000) 2024-01-22 15:03:28 Image size of job updated: 969480
	246  -  MemoryUsage of job (MB)
	251252  -  ResidentSetSize of job (KB)
...
006 (391496.015.000) 2024-01-22 15:08:29 Image size of job updated: 969480
	285  -  MemoryUsage of job (MB)
	291816  -  ResidentSetSize of job (KB)
...
006 (391496.015.000) 2024-01-22 15:18:29 Image size of job updated: 969540
	285  -  MemoryUsage of job (MB)
	291816  -  ResidentSetSize of job (KB)
...
006 (391496.015.000) 2024-01-22 15:23:30 Image size of job updated: 970488
	285  -  MemoryUsage of job (MB)
	291816  -  ResidentSetSize of job (KB)
...
040 (391496.015.000) 2024-01-22 15:27:02 Started transferring output files
...
040 (391496.015.000) 2024-01-22 15:27:03 Finished transferring output files
...
005 (391496.015.000) 2024-01-22 15:27:03 Job terminated.
	(1) Normal termination (return value 0)
		Usr 0 00:26:37, Sys 0 00:01:17  -  Run Remote Usage
		Usr 0 00:00:00, Sys 0 00:00:00  -  Run Local Usage
		Usr 0 00:26:37, Sys 0 00:01:17  -  Total Remote Usage
		Usr 0 00:00:00, Sys 0 00:00:00  -  Total Local Usage
	30766832  -  Run Bytes Sent By Job
	191814  -  Run Bytes Received By Job
	30766832  -  Total Bytes Sent By Job
	191814  -  Total Bytes Received By Job
	Partitionable Resources :    Usage  Request Allocated 
	   Cpus                 :     1.00        1         1 
	   Disk (KB)            : 30309         200    261111 
	   Memory (MB)          :   285        3900      3968 

	Job terminated of its own accord at 2024-01-22T06:27:02Z.
...
000 (391511.015.000) 2024-01-22 15:59:41 Job submitted from host: <172.30.1.200:9618?addrs=172.30.1.200-9618&alias=tamsa2.snu.ac.kr&noUDP&sock=schedd_3625_06e6>
...
040 (391511.015.000) 2024-01-22 15:59:52 Started transferring input files
	Transferring to host: <172.30.1.214:9618?addrs=172.30.1.214-9618&alias=node14&noUDP&sock=slot1_39_4480_50af_235841>
...
040 (391511.015.000) 2024-01-22 15:59:52 Finished transferring input files
...
001 (391511.015.000) 2024-01-22 15:59:52 Job executing on host: <172.30.1.214:9618?addrs=172.30.1.214-9618&alias=node14&noUDP&sock=startd_4446_2a28>
...
006 (391511.015.000) 2024-01-22 16:00:01 Image size of job updated: 139344
	5  -  MemoryUsage of job (MB)
	4956  -  ResidentSetSize of job (KB)
...
006 (391511.015.000) 2024-01-22 16:05:01 Image size of job updated: 963456
	217  -  MemoryUsage of job (MB)
	221960  -  ResidentSetSize of job (KB)
...
006 (391511.015.000) 2024-01-22 16:10:01 Image size of job updated: 965952
	265  -  MemoryUsage of job (MB)
	271244  -  ResidentSetSize of job (KB)
...
006 (391511.015.000) 2024-01-22 16:15:02 Image size of job updated: 970496
	265  -  MemoryUsage of job (MB)
	271244  -  ResidentSetSize of job (KB)
...
040 (391511.015.000) 2024-01-22 16:26:42 Started transferring output files
...
040 (391511.015.000) 2024-01-22 16:26:42 Finished transferring output files
...
005 (391511.015.000) 2024-01-22 16:26:43 Job terminated.
	(1) Normal termination (return value 0)
		Usr 0 00:25:03, Sys 0 00:01:12  -  Run Remote Usage
		Usr 0 00:00:00, Sys 0 00:00:00  -  Run Local Usage
		Usr 0 00:25:03, Sys 0 00:01:12  -  Total Remote Usage
		Usr 0 00:00:00, Sys 0 00:00:00  -  Total Local Usage
	30792464  -  Run Bytes Sent By Job
	191824  -  Run Bytes Received By Job
	30792464  -  Total Bytes Sent By Job
	191824  -  Total Bytes Received By Job
	Partitionable Resources :    Usage  Request Allocated 
	   Cpus                 :     1.00        1         1 
	   Disk (KB)            : 30334         200    261111 
	   Memory (MB)          :   265        3900      3968 

	Job terminated of its own accord at 2024-01-22T07:26:41Z.
...
000 (391574.015.000) 2024-01-22 23:14:59 Job submitted from host: <172.30.1.200:9618?addrs=172.30.1.200-9618&alias=tamsa2.snu.ac.kr&noUDP&sock=schedd_3625_06e6>
...
040 (391574.015.000) 2024-01-22 23:15:05 Started transferring input files
	Transferring to host: <172.30.1.216:9618?addrs=172.30.1.216-9618&alias=node16&noUDP&sock=slot1_24_4290_7168_334241>
...
040 (391574.015.000) 2024-01-22 23:15:05 Finished transferring input files
...
001 (391574.015.000) 2024-01-22 23:15:05 Job executing on host: <172.30.1.216:9618?addrs=172.30.1.216-9618&alias=node16&noUDP&sock=startd_4255_2791>
...
006 (391574.015.000) 2024-01-22 23:15:14 Image size of job updated: 139344
	5  -  MemoryUsage of job (MB)
	4960  -  ResidentSetSize of job (KB)
...
006 (391574.015.000) 2024-01-22 23:20:15 Image size of job updated: 970116
	286  -  MemoryUsage of job (MB)
	292252  -  ResidentSetSize of job (KB)
...
006 (391574.015.000) 2024-01-22 23:35:16 Image size of job updated: 970140
	286  -  MemoryUsage of job (MB)
	292252  -  ResidentSetSize of job (KB)
...
004 (391574.015.000) 2024-01-22 23:35:24 Job was evicted.
	(0) CPU times
		Usr 0 00:18:43, Sys 0 00:00:50  -  Run Remote Usage
		Usr 0 00:00:00, Sys 0 00:00:00  -  Run Local Usage
	0  -  Run Bytes Sent By Job
	191685  -  Run Bytes Received By Job
	Partitionable Resources :    Usage  Request Allocated 
	   Cpus                 :     1.00        1         1 
	   Disk (KB)            : 12069         200    261111 
	   Memory (MB)          :   286        3900      3968 
...
009 (391574.015.000) 2024-01-22 23:35:24 Job was aborted.
	via condor_rm (by user shin)
...
000 (391577.015.000) 2024-01-22 23:35:26 Job submitted from host: <172.30.1.200:9618?addrs=172.30.1.200-9618&alias=tamsa2.snu.ac.kr&noUDP&sock=schedd_3625_06e6>
...
040 (391577.015.000) 2024-01-22 23:35:35 Started transferring input files
	Transferring to host: <172.30.1.216:9618?addrs=172.30.1.216-9618&alias=node16&noUDP&sock=slot1_16_4290_7168_334293>
...
040 (391577.015.000) 2024-01-22 23:35:35 Finished transferring input files
...
001 (391577.015.000) 2024-01-22 23:35:35 Job executing on host: <172.30.1.216:9618?addrs=172.30.1.216-9618&alias=node16&noUDP&sock=startd_4255_2791>
...
006 (391577.015.000) 2024-01-22 23:35:43 Image size of job updated: 139344
	5  -  MemoryUsage of job (MB)
	4952  -  ResidentSetSize of job (KB)
...
006 (391577.015.000) 2024-01-22 23:40:43 Image size of job updated: 953700
	237  -  MemoryUsage of job (MB)
	241720  -  ResidentSetSize of job (KB)
...
006 (391577.015.000) 2024-01-22 23:45:43 Image size of job updated: 953700
	277  -  MemoryUsage of job (MB)
	282920  -  ResidentSetSize of job (KB)
...
006 (391577.015.000) 2024-01-22 23:50:44 Image size of job updated: 970340
	277  -  MemoryUsage of job (MB)
	282920  -  ResidentSetSize of job (KB)
...
006 (391577.015.000) 2024-01-23 00:00:45 Image size of job updated: 970524
	277  -  MemoryUsage of job (MB)
	282920  -  ResidentSetSize of job (KB)
...
040 (391577.015.000) 2024-01-23 00:03:17 Started transferring output files
...
040 (391577.015.000) 2024-01-23 00:03:17 Finished transferring output files
...
005 (391577.015.000) 2024-01-23 00:03:17 Job terminated.
	(1) Normal termination (return value 0)
		Usr 0 00:26:12, Sys 0 00:01:08  -  Run Remote Usage
		Usr 0 00:00:00, Sys 0 00:00:00  -  Run Local Usage
		Usr 0 00:26:12, Sys 0 00:01:08  -  Total Remote Usage
		Usr 0 00:00:00, Sys 0 00:00:00  -  Total Local Usage
	30771324  -  Run Bytes Sent By Job
	191687  -  Run Bytes Received By Job
	30771324  -  Total Bytes Sent By Job
	191687  -  Total Bytes Received By Job
	Partitionable Resources :    Usage  Request Allocated 
	   Cpus                 :     1.00        1         1 
	   Disk (KB)            : 30313         200    261111 
	   Memory (MB)          :   277        3900      3968 

	Job terminated of its own accord at 2024-01-22T15:03:17Z.
...
000 (391582.015.000) 2024-01-23 10:33:34 Job submitted from host: <172.30.1.200:9618?addrs=172.30.1.200-9618&alias=tamsa2.snu.ac.kr&noUDP&sock=schedd_3625_06e6>
...
040 (391582.015.000) 2024-01-23 10:33:40 Started transferring input files
	Transferring to host: <172.30.1.216:9618?addrs=172.30.1.216-9618&alias=node16&noUDP&sock=slot1_24_4290_7168_337541>
...
040 (391582.015.000) 2024-01-23 10:33:40 Finished transferring input files
...
001 (391582.015.000) 2024-01-23 10:33:40 Job executing on host: <172.30.1.216:9618?addrs=172.30.1.216-9618&alias=node16&noUDP&sock=startd_4255_2791>
...
006 (391582.015.000) 2024-01-23 10:33:49 Image size of job updated: 4696
	5  -  MemoryUsage of job (MB)
	4696  -  ResidentSetSize of job (KB)
...
006 (391582.015.000) 2024-01-23 10:38:50 Image size of job updated: 953844
	256  -  MemoryUsage of job (MB)
	261184  -  ResidentSetSize of job (KB)
...
006 (391582.015.000) 2024-01-23 10:43:50 Image size of job updated: 954392
	256  -  MemoryUsage of job (MB)
	261184  -  ResidentSetSize of job (KB)
...
006 (391582.015.000) 2024-01-23 10:48:50 Image size of job updated: 970108
	256  -  MemoryUsage of job (MB)
	261184  -  ResidentSetSize of job (KB)
...
040 (391582.015.000) 2024-01-23 10:55:35 Started transferring output files
...
040 (391582.015.000) 2024-01-23 10:55:36 Finished transferring output files
...
005 (391582.015.000) 2024-01-23 10:55:36 Job terminated.
	(1) Normal termination (return value 0)
		Usr 0 00:20:04, Sys 0 00:00:56  -  Run Remote Usage
		Usr 0 00:00:00, Sys 0 00:00:00  -  Run Local Usage
		Usr 0 00:20:04, Sys 0 00:00:56  -  Total Remote Usage
		Usr 0 00:00:00, Sys 0 00:00:00  -  Total Local Usage
	30769072  -  Run Bytes Sent By Job
	191687  -  Run Bytes Received By Job
	30769072  -  Total Bytes Sent By Job
	191687  -  Total Bytes Received By Job
	Partitionable Resources :    Usage  Request Allocated 
	   Cpus                 :     1.01        1         1 
	   Disk (KB)            : 30311         200    261111 
	   Memory (MB)          :   256        3900      3968 

	Job terminated of its own accord at 2024-01-23T01:55:35Z.
...
