000 (390874.027.000) 2024-01-18 20:28:10 Job submitted from host: <172.30.1.200:9618?addrs=172.30.1.200-9618&alias=tamsa2.snu.ac.kr&noUDP&sock=schedd_3625_06e6>
...
040 (390874.027.000) 2024-01-18 20:28:23 Started transferring input files
	Transferring to host: <172.30.1.207:9618?addrs=172.30.1.207-9618&alias=node7&noUDP&sock=slot1_26_39434_91fd_224779>
...
001 (390874.027.000) 2024-01-18 20:28:23 Job executing on host: <172.30.1.207:9618?addrs=172.30.1.207-9618&alias=node7&noUDP&sock=startd_3748_650d>
...
040 (390874.027.000) 2024-01-18 20:28:23 Finished transferring input files
...
006 (390874.027.000) 2024-01-18 20:28:32 Image size of job updated: 50132
	1  -  MemoryUsage of job (MB)
	84  -  ResidentSetSize of job (KB)
...
006 (390874.027.000) 2024-01-18 20:33:33 Image size of job updated: 427248
	49  -  MemoryUsage of job (MB)
	49836  -  ResidentSetSize of job (KB)
...
006 (390874.027.000) 2024-01-18 20:36:31 Image size of job updated: 838384
	49  -  MemoryUsage of job (MB)
	49836  -  ResidentSetSize of job (KB)
...
004 (390874.027.000) 2024-01-18 20:36:31 Job was evicted.
	(0) CPU times
		Usr 0 00:00:16, Sys 0 00:00:02  -  Run Remote Usage
		Usr 0 00:00:00, Sys 0 00:00:00  -  Run Local Usage
	0  -  Run Bytes Sent By Job
	181578  -  Run Bytes Received By Job
	Partitionable Resources :    Usage  Request Allocated 
	   Cpus                 :     0.33        1         1 
	   Disk (KB)            :  1781         200    121695 
	   Memory (MB)          :    49        3900      3968 
...
009 (390874.027.000) 2024-01-18 20:36:31 Job was aborted.
	via condor_rm (by user shin)
...
000 (390875.027.000) 2024-01-18 20:45:32 Job submitted from host: <172.30.1.200:9618?addrs=172.30.1.200-9618&alias=tamsa2.snu.ac.kr&noUDP&sock=schedd_3625_06e6>
...
040 (390875.027.000) 2024-01-18 20:45:46 Started transferring input files
	Transferring to host: <172.30.1.204:9618?addrs=172.30.1.204-9618&alias=node4&noUDP&sock=slot1_3_3725_5971_202589>
...
001 (390875.027.000) 2024-01-18 20:45:47 Job executing on host: <172.30.1.204:9618?addrs=172.30.1.204-9618&alias=node4&noUDP&sock=startd_3691_4c27>
...
040 (390875.027.000) 2024-01-18 20:45:47 Finished transferring input files
...
006 (390875.027.000) 2024-01-18 20:45:55 Image size of job updated: 50132
	5  -  MemoryUsage of job (MB)
	4960  -  ResidentSetSize of job (KB)
...
006 (390875.027.000) 2024-01-18 20:50:34 Image size of job updated: 868100
	5  -  MemoryUsage of job (MB)
	4960  -  ResidentSetSize of job (KB)
...
040 (390875.027.000) 2024-01-18 20:50:34 Started transferring output files
...
040 (390875.027.000) 2024-01-18 20:50:44 Finished transferring output files
...
005 (390875.027.000) 2024-01-18 20:50:44 Job terminated.
	(1) Normal termination (return value 0)
		Usr 0 00:02:59, Sys 0 00:00:12  -  Run Remote Usage
		Usr 0 00:00:00, Sys 0 00:00:00  -  Run Local Usage
		Usr 0 00:02:59, Sys 0 00:00:12  -  Total Remote Usage
		Usr 0 00:00:00, Sys 0 00:00:00  -  Total Local Usage
	98736968  -  Run Bytes Sent By Job
	182042  -  Run Bytes Received By Job
	98736968  -  Total Bytes Sent By Job
	182042  -  Total Bytes Received By Job
	Partitionable Resources :    Usage  Request Allocated 
	   Cpus                 :     0.02        1         1 
	   Disk (KB)            : 96673         200    128928 
	   Memory (MB)          :     5        3900      3968 

	Job terminated of its own accord at 2024-01-18T11:50:34Z.
...
000 (390886.027.000) 2024-01-18 21:10:43 Job submitted from host: <172.30.1.200:9618?addrs=172.30.1.200-9618&alias=tamsa2.snu.ac.kr&noUDP&sock=schedd_3625_06e6>
...
040 (390886.027.000) 2024-01-18 21:10:47 Started transferring input files
	Transferring to host: <172.30.1.211:9618?addrs=172.30.1.211-9618&alias=node11&noUDP&sock=slot1_32_3735_6531_176945>
...
040 (390886.027.000) 2024-01-18 21:10:47 Finished transferring input files
...
001 (390886.027.000) 2024-01-18 21:10:47 Job executing on host: <172.30.1.211:9618?addrs=172.30.1.211-9618&alias=node11&noUDP&sock=startd_3699_c8e9>
...
006 (390886.027.000) 2024-01-18 21:10:55 Image size of job updated: 144128
	138  -  MemoryUsage of job (MB)
	141036  -  ResidentSetSize of job (KB)
...
006 (390886.027.000) 2024-01-18 21:12:27 Image size of job updated: 843516
	138  -  MemoryUsage of job (MB)
	141036  -  ResidentSetSize of job (KB)
...
040 (390886.027.000) 2024-01-18 21:12:27 Started transferring output files
...
040 (390886.027.000) 2024-01-18 21:12:27 Finished transferring output files
...
005 (390886.027.000) 2024-01-18 21:12:27 Job terminated.
	(1) Normal termination (return value 0)
		Usr 0 00:01:07, Sys 0 00:00:07  -  Run Remote Usage
		Usr 0 00:00:00, Sys 0 00:00:00  -  Run Local Usage
		Usr 0 00:01:07, Sys 0 00:00:07  -  Total Remote Usage
		Usr 0 00:00:00, Sys 0 00:00:00  -  Total Local Usage
	7473247  -  Run Bytes Sent By Job
	181210  -  Run Bytes Received By Job
	7473247  -  Total Bytes Sent By Job
	181210  -  Total Bytes Received By Job
	Partitionable Resources :    Usage  Request Allocated 
	   Cpus                 :                 1         1 
	   Disk (KB)            :     7541      200    128928 
	   Memory (MB)          :      138     3900      3968 

	Job terminated of its own accord at 2024-01-18T12:12:27Z.
...
000 (390887.027.000) 2024-01-18 21:19:38 Job submitted from host: <172.30.1.200:9618?addrs=172.30.1.200-9618&alias=tamsa2.snu.ac.kr&noUDP&sock=schedd_3625_06e6>
...
040 (390887.027.000) 2024-01-18 21:19:41 Started transferring input files
	Transferring to host: <172.30.1.211:9618?addrs=172.30.1.211-9618&alias=node11&noUDP&sock=slot1_31_3735_6531_176962>
...
040 (390887.027.000) 2024-01-18 21:19:41 Finished transferring input files
...
001 (390887.027.000) 2024-01-18 21:19:41 Job executing on host: <172.30.1.211:9618?addrs=172.30.1.211-9618&alias=node11&noUDP&sock=startd_3699_c8e9>
...
006 (390887.027.000) 2024-01-18 21:19:50 Image size of job updated: 815088
	183  -  MemoryUsage of job (MB)
	186728  -  ResidentSetSize of job (KB)
...
006 (390887.027.000) 2024-01-18 21:23:30 Image size of job updated: 869228
	183  -  MemoryUsage of job (MB)
	186728  -  ResidentSetSize of job (KB)
...
040 (390887.027.000) 2024-01-18 21:23:30 Started transferring output files
...
040 (390887.027.000) 2024-01-18 21:23:31 Finished transferring output files
...
005 (390887.027.000) 2024-01-18 21:23:31 Job terminated.
	(1) Normal termination (return value 0)
		Usr 0 00:03:22, Sys 0 00:00:14  -  Run Remote Usage
		Usr 0 00:00:00, Sys 0 00:00:00  -  Run Local Usage
		Usr 0 00:03:22, Sys 0 00:00:14  -  Total Remote Usage
		Usr 0 00:00:00, Sys 0 00:00:00  -  Total Local Usage
	34579400  -  Run Bytes Sent By Job
	181210  -  Run Bytes Received By Job
	34579400  -  Total Bytes Sent By Job
	181210  -  Total Bytes Received By Job
	Partitionable Resources :    Usage  Request Allocated 
	   Cpus                 :     0.48        1         1 
	   Disk (KB)            : 34018         200    128928 
	   Memory (MB)          :   183        3900      3968 

	Job terminated of its own accord at 2024-01-18T12:23:30Z.
...
000 (390888.027.000) 2024-01-18 21:30:57 Job submitted from host: <172.30.1.200:9618?addrs=172.30.1.200-9618&alias=tamsa2.snu.ac.kr&noUDP&sock=schedd_3625_06e6>
...
040 (390888.027.000) 2024-01-18 21:31:00 Started transferring input files
	Transferring to host: <172.30.1.204:9618?addrs=172.30.1.204-9618&alias=node4&noUDP&sock=slot1_3_3725_5971_202628>
...
001 (390888.027.000) 2024-01-18 21:31:00 Job executing on host: <172.30.1.204:9618?addrs=172.30.1.204-9618&alias=node4&noUDP&sock=startd_3691_4c27>
...
040 (390888.027.000) 2024-01-18 21:31:00 Finished transferring input files
...
006 (390888.027.000) 2024-01-18 21:31:09 Image size of job updated: 835348
	184  -  MemoryUsage of job (MB)
	187808  -  ResidentSetSize of job (KB)
...
006 (390888.027.000) 2024-01-18 21:34:08 Image size of job updated: 867472
	184  -  MemoryUsage of job (MB)
	187808  -  ResidentSetSize of job (KB)
...
040 (390888.027.000) 2024-01-18 21:34:09 Started transferring output files
...
040 (390888.027.000) 2024-01-18 21:34:23 Finished transferring output files
...
005 (390888.027.000) 2024-01-18 21:34:23 Job terminated.
	(1) Normal termination (return value 0)
		Usr 0 00:02:46, Sys 0 00:00:12  -  Run Remote Usage
		Usr 0 00:00:00, Sys 0 00:00:00  -  Run Local Usage
		Usr 0 00:02:46, Sys 0 00:00:12  -  Total Remote Usage
		Usr 0 00:00:00, Sys 0 00:00:00  -  Total Local Usage
	33681116  -  Run Bytes Sent By Job
	181214  -  Run Bytes Received By Job
	33681116  -  Total Bytes Sent By Job
	181214  -  Total Bytes Received By Job
	Partitionable Resources :    Usage  Request Allocated 
	   Cpus                 :     1.00        1         1 
	   Disk (KB)            : 33140         200    128928 
	   Memory (MB)          :   184        3900      3968 

	Job terminated of its own accord at 2024-01-18T12:34:08Z.
...
000 (390894.027.000) 2024-01-18 21:35:52 Job submitted from host: <172.30.1.200:9618?addrs=172.30.1.200-9618&alias=tamsa2.snu.ac.kr&noUDP&sock=schedd_3625_06e6>
...
040 (390894.027.000) 2024-01-18 21:36:09 Started transferring input files
	Transferring to host: <172.30.1.204:9618?addrs=172.30.1.204-9618&alias=node4&noUDP&sock=slot1_4_3725_5971_202651>
...
001 (390894.027.000) 2024-01-18 21:36:09 Job executing on host: <172.30.1.204:9618?addrs=172.30.1.204-9618&alias=node4&noUDP&sock=startd_3691_4c27>
...
040 (390894.027.000) 2024-01-18 21:36:09 Finished transferring input files
...
006 (390894.027.000) 2024-01-18 21:36:18 Image size of job updated: 612172
	184  -  MemoryUsage of job (MB)
	187576  -  ResidentSetSize of job (KB)
...
006 (390894.027.000) 2024-01-18 21:39:12 Image size of job updated: 867644
	184  -  MemoryUsage of job (MB)
	187576  -  ResidentSetSize of job (KB)
...
040 (390894.027.000) 2024-01-18 21:39:12 Started transferring output files
...
040 (390894.027.000) 2024-01-18 21:39:17 Finished transferring output files
...
005 (390894.027.000) 2024-01-18 21:39:17 Job terminated.
	(1) Normal termination (return value 0)
		Usr 0 00:02:45, Sys 0 00:00:11  -  Run Remote Usage
		Usr 0 00:00:00, Sys 0 00:00:00  -  Run Local Usage
		Usr 0 00:02:45, Sys 0 00:00:11  -  Total Remote Usage
		Usr 0 00:00:00, Sys 0 00:00:00  -  Total Local Usage
	33690696  -  Run Bytes Sent By Job
	181194  -  Run Bytes Received By Job
	33690696  -  Total Bytes Sent By Job
	181194  -  Total Bytes Received By Job
	Partitionable Resources :    Usage  Request Allocated 
	   Cpus                 :     0.99        1         1 
	   Disk (KB)            : 33150         200    128928 
	   Memory (MB)          :   184        3900      3968 

	Job terminated of its own accord at 2024-01-18T12:39:12Z.
...
000 (390895.027.000) 2024-01-18 21:48:05 Job submitted from host: <172.30.1.200:9618?addrs=172.30.1.200-9618&alias=tamsa2.snu.ac.kr&noUDP&sock=schedd_3625_06e6>
...
040 (390895.027.000) 2024-01-18 21:48:09 Started transferring input files
	Transferring to host: <172.30.1.204:9618?addrs=172.30.1.204-9618&alias=node4&noUDP&sock=slot1_31_3725_5971_202822>
...
040 (390895.027.000) 2024-01-18 21:48:09 Finished transferring input files
...
001 (390895.027.000) 2024-01-18 21:48:09 Job executing on host: <172.30.1.204:9618?addrs=172.30.1.204-9618&alias=node4&noUDP&sock=startd_3691_4c27>
...
006 (390895.027.000) 2024-01-18 21:48:18 Image size of job updated: 139344
	68  -  MemoryUsage of job (MB)
	69440  -  ResidentSetSize of job (KB)
...
006 (390895.027.000) 2024-01-18 21:50:05 Image size of job updated: 871116
	68  -  MemoryUsage of job (MB)
	69440  -  ResidentSetSize of job (KB)
...
004 (390895.027.000) 2024-01-18 21:50:06 Job was evicted.
	(0) CPU times
		Usr 0 00:01:18, Sys 0 00:00:05  -  Run Remote Usage
		Usr 0 00:00:00, Sys 0 00:00:00  -  Run Local Usage
	0  -  Run Bytes Sent By Job
	182143  -  Run Bytes Received By Job
	Partitionable Resources :    Usage  Request Allocated 
	   Cpus                 :     0.79        1         1 
	   Disk (KB)            :  6151         200    128928 
	   Memory (MB)          :    68        3900      3968 
...
009 (390895.027.000) 2024-01-18 21:50:06 Job was aborted.
	via condor_rm (by user shin)
...
000 (390896.027.000) 2024-01-18 21:53:08 Job submitted from host: <172.30.1.200:9618?addrs=172.30.1.200-9618&alias=tamsa2.snu.ac.kr&noUDP&sock=schedd_3625_06e6>
...
040 (390896.027.000) 2024-01-18 21:54:28 Started transferring input files
	Transferring to host: <172.30.1.105:9618?addrs=172.30.1.105-9618&alias=n5&noUDP&sock=slot1_16_3459_eda6_34240>
...
001 (390896.027.000) 2024-01-18 21:54:28 Job executing on host: <172.30.1.105:9618?addrs=172.30.1.105-9618&alias=n5&noUDP&sock=startd_3425_d7f5>
...
040 (390896.027.000) 2024-01-18 21:54:28 Finished transferring input files
...
006 (390896.027.000) 2024-01-18 21:54:37 Image size of job updated: 387468
	118  -  MemoryUsage of job (MB)
	120424  -  ResidentSetSize of job (KB)
...
006 (390896.027.000) 2024-01-18 21:59:38 Image size of job updated: 867996
	211  -  MemoryUsage of job (MB)
	215292  -  ResidentSetSize of job (KB)
...
040 (390896.027.000) 2024-01-18 22:00:25 Started transferring output files
...
040 (390896.027.000) 2024-01-18 22:00:27 Finished transferring output files
...
005 (390896.027.000) 2024-01-18 22:00:27 Job terminated.
	(1) Normal termination (return value 0)
		Usr 0 00:05:10, Sys 0 00:00:22  -  Run Remote Usage
		Usr 0 00:00:00, Sys 0 00:00:00  -  Run Local Usage
		Usr 0 00:05:10, Sys 0 00:00:22  -  Total Remote Usage
		Usr 0 00:00:00, Sys 0 00:00:00  -  Total Local Usage
	39350208  -  Run Bytes Sent By Job
	182135  -  Run Bytes Received By Job
	39350208  -  Total Bytes Sent By Job
	182135  -  Total Bytes Received By Job
	Partitionable Resources :    Usage  Request Allocated 
	   Cpus                 :     0.70        1         1 
	   Disk (KB)            : 38678         200     61880 
	   Memory (MB)          :   211        3900      3968 

	Job terminated of its own accord at 2024-01-18T13:00:25Z.
...
000 (390897.027.000) 2024-01-18 22:03:48 Job submitted from host: <172.30.1.200:9618?addrs=172.30.1.200-9618&alias=tamsa2.snu.ac.kr&noUDP&sock=schedd_3625_06e6>
...
040 (390897.027.000) 2024-01-18 22:05:49 Started transferring input files
	Transferring to host: <172.30.1.102:9618?addrs=172.30.1.102-9618&alias=n2&noUDP&sock=slot1_45_3356_5b02_63241>
...
001 (390897.027.000) 2024-01-18 22:05:49 Job executing on host: <172.30.1.102:9618?addrs=172.30.1.102-9618&alias=n2&noUDP&sock=startd_3322_31b4>
...
040 (390897.027.000) 2024-01-18 22:05:49 Finished transferring input files
...
006 (390897.027.000) 2024-01-18 22:05:58 Image size of job updated: 141416
	139  -  MemoryUsage of job (MB)
	141416  -  ResidentSetSize of job (KB)
...
006 (390897.027.000) 2024-01-18 22:10:59 Image size of job updated: 866216
	204  -  MemoryUsage of job (MB)
	208136  -  ResidentSetSize of job (KB)
...
040 (390897.027.000) 2024-01-18 22:11:57 Started transferring output files
...
040 (390897.027.000) 2024-01-18 22:11:57 Finished transferring output files
...
005 (390897.027.000) 2024-01-18 22:11:57 Job terminated.
	(1) Normal termination (return value 0)
		Usr 0 00:05:03, Sys 0 00:00:26  -  Run Remote Usage
		Usr 0 00:00:00, Sys 0 00:00:00  -  Run Local Usage
		Usr 0 00:05:03, Sys 0 00:00:26  -  Total Remote Usage
		Usr 0 00:00:00, Sys 0 00:00:00  -  Total Local Usage
	39195884  -  Run Bytes Sent By Job
	182135  -  Run Bytes Received By Job
	39195884  -  Total Bytes Sent By Job
	182135  -  Total Bytes Received By Job
	Partitionable Resources :    Usage  Request Allocated 
	   Cpus                 :     0.61        1         1 
	   Disk (KB)            : 38527         200    123820 
	   Memory (MB)          :   204        3900      3968 

	Job terminated of its own accord at 2024-01-18T13:11:56Z.
...
000 (390986.027.000) 2024-01-18 22:24:33 Job submitted from host: <172.30.1.200:9618?addrs=172.30.1.200-9618&alias=tamsa2.snu.ac.kr&noUDP&sock=schedd_3625_06e6>
...
040 (390986.027.000) 2024-01-18 22:26:35 Started transferring input files
	Transferring to host: <172.30.1.211:9618?addrs=172.30.1.211-9618&alias=node11&noUDP&sock=slot1_20_3735_6531_177159>
...
001 (390986.027.000) 2024-01-18 22:26:35 Job executing on host: <172.30.1.211:9618?addrs=172.30.1.211-9618&alias=node11&noUDP&sock=startd_3699_c8e9>
...
040 (390986.027.000) 2024-01-18 22:26:35 Finished transferring input files
...
006 (390986.027.000) 2024-01-18 22:26:43 Image size of job updated: 139600
	12  -  MemoryUsage of job (MB)
	11704  -  ResidentSetSize of job (KB)
...
006 (390986.027.000) 2024-01-18 22:31:18 Image size of job updated: 866096
	12  -  MemoryUsage of job (MB)
	11712  -  ResidentSetSize of job (KB)
...
040 (390986.027.000) 2024-01-18 22:31:18 Started transferring output files
...
040 (390986.027.000) 2024-01-18 22:31:19 Finished transferring output files
...
005 (390986.027.000) 2024-01-18 22:31:19 Job terminated.
	(1) Normal termination (return value 0)
		Usr 0 00:03:16, Sys 0 00:00:13  -  Run Remote Usage
		Usr 0 00:00:00, Sys 0 00:00:00  -  Run Local Usage
		Usr 0 00:03:16, Sys 0 00:00:13  -  Total Remote Usage
		Usr 0 00:00:00, Sys 0 00:00:00  -  Total Local Usage
	35411736  -  Run Bytes Sent By Job
	182182  -  Run Bytes Received By Job
	35411736  -  Total Bytes Sent By Job
	182182  -  Total Bytes Received By Job
	Partitionable Resources :    Usage  Request Allocated 
	   Cpus                 :     0.60        1         1 
	   Disk (KB)            : 34832         200    128928 
	   Memory (MB)          :    12        3900      3968 

	Job terminated of its own accord at 2024-01-18T13:31:18Z.
...
000 (391043.027.000) 2024-01-18 23:16:24 Job submitted from host: <172.30.1.200:9618?addrs=172.30.1.200-9618&alias=tamsa2.snu.ac.kr&noUDP&sock=schedd_3625_06e6>
...
040 (391043.027.000) 2024-01-18 23:16:29 Started transferring input files
	Transferring to host: <172.30.1.204:9618?addrs=172.30.1.204-9618&alias=node4&noUDP&sock=slot1_19_3725_5971_202941>
...
001 (391043.027.000) 2024-01-18 23:16:29 Job executing on host: <172.30.1.204:9618?addrs=172.30.1.204-9618&alias=node4&noUDP&sock=startd_3691_4c27>
...
040 (391043.027.000) 2024-01-18 23:16:29 Finished transferring input files
...
006 (391043.027.000) 2024-01-18 23:16:38 Image size of job updated: 139088
	74  -  MemoryUsage of job (MB)
	75368  -  ResidentSetSize of job (KB)
...
006 (391043.027.000) 2024-01-18 23:18:18 Image size of job updated: 836704
	74  -  MemoryUsage of job (MB)
	75368  -  ResidentSetSize of job (KB)
...
040 (391043.027.000) 2024-01-18 23:18:22 Started transferring output files
...
040 (391043.027.000) 2024-01-18 23:18:23 Finished transferring output files
...
005 (391043.027.000) 2024-01-18 23:18:23 Job terminated.
	(1) Normal termination (return value 0)
		Usr 0 00:01:04, Sys 0 00:00:07  -  Run Remote Usage
		Usr 0 00:00:00, Sys 0 00:00:00  -  Run Local Usage
		Usr 0 00:01:04, Sys 0 00:00:07  -  Total Remote Usage
		Usr 0 00:00:00, Sys 0 00:00:00  -  Total Local Usage
	7464110  -  Run Bytes Sent By Job
	182524  -  Run Bytes Received By Job
	7464110  -  Total Bytes Sent By Job
	182524  -  Total Bytes Received By Job
	Partitionable Resources :    Usage  Request Allocated 
	   Cpus                 :     0.01        1         1 
	   Disk (KB)            :  7540         200    128928 
	   Memory (MB)          :    74        3900      3968 

	Job terminated of its own accord at 2024-01-18T14:18:18Z.
...
000 (391059.027.000) 2024-01-19 10:38:28 Job submitted from host: <172.30.1.200:9618?addrs=172.30.1.200-9618&alias=tamsa2.snu.ac.kr&noUDP&sock=schedd_3625_06e6>
...
040 (391059.027.000) 2024-01-19 10:38:32 Started transferring input files
	Transferring to host: <172.30.1.214:9618?addrs=172.30.1.214-9618&alias=node14&noUDP&sock=slot1_77_4480_50af_235010>
...
040 (391059.027.000) 2024-01-19 10:38:32 Finished transferring input files
...
001 (391059.027.000) 2024-01-19 10:38:32 Job executing on host: <172.30.1.214:9618?addrs=172.30.1.214-9618&alias=node14&noUDP&sock=startd_4446_2a28>
...
006 (391059.027.000) 2024-01-19 10:38:41 Image size of job updated: 139604
	74  -  MemoryUsage of job (MB)
	75032  -  ResidentSetSize of job (KB)
...
006 (391059.027.000) 2024-01-19 10:43:35 Image size of job updated: 866132
	74  -  MemoryUsage of job (MB)
	75220  -  ResidentSetSize of job (KB)
...
040 (391059.027.000) 2024-01-19 10:43:35 Started transferring output files
...
040 (391059.027.000) 2024-01-19 10:43:37 Finished transferring output files
...
005 (391059.027.000) 2024-01-19 10:43:37 Job terminated.
	(1) Normal termination (return value 0)
		Usr 0 00:03:32, Sys 0 00:00:17  -  Run Remote Usage
		Usr 0 00:00:00, Sys 0 00:00:00  -  Run Local Usage
		Usr 0 00:03:32, Sys 0 00:00:17  -  Total Remote Usage
		Usr 0 00:00:00, Sys 0 00:00:00  -  Total Local Usage
	33775336  -  Run Bytes Sent By Job
	182504  -  Run Bytes Received By Job
	33775336  -  Total Bytes Sent By Job
	182504  -  Total Bytes Received By Job
	Partitionable Resources :    Usage  Request Allocated 
	   Cpus                 :     0.88        1         1 
	   Disk (KB)            : 33234         200    261111 
	   Memory (MB)          :    74        3900      3968 

	Job terminated of its own accord at 2024-01-19T01:43:35Z.
...
000 (391060.027.000) 2024-01-19 10:57:46 Job submitted from host: <172.30.1.200:9618?addrs=172.30.1.200-9618&alias=tamsa2.snu.ac.kr&noUDP&sock=schedd_3625_06e6>
...
040 (391060.027.000) 2024-01-19 10:57:49 Started transferring input files
	Transferring to host: <172.30.1.207:9618?addrs=172.30.1.207-9618&alias=node7&noUDP&sock=slot1_41_39434_91fd_225183>
...
001 (391060.027.000) 2024-01-19 10:57:50 Job executing on host: <172.30.1.207:9618?addrs=172.30.1.207-9618&alias=node7&noUDP&sock=startd_3748_650d>
...
040 (391060.027.000) 2024-01-19 10:57:50 Finished transferring input files
...
006 (391060.027.000) 2024-01-19 10:57:58 Image size of job updated: 164908
	142  -  MemoryUsage of job (MB)
	144744  -  ResidentSetSize of job (KB)
...
006 (391060.027.000) 2024-01-19 11:02:30 Image size of job updated: 866176
	142  -  MemoryUsage of job (MB)
	144952  -  ResidentSetSize of job (KB)
...
040 (391060.027.000) 2024-01-19 11:02:30 Started transferring output files
...
040 (391060.027.000) 2024-01-19 11:02:33 Finished transferring output files
...
005 (391060.027.000) 2024-01-19 11:02:33 Job terminated.
	(1) Normal termination (return value 0)
		Usr 0 00:03:24, Sys 0 00:00:13  -  Run Remote Usage
		Usr 0 00:00:00, Sys 0 00:00:00  -  Run Local Usage
		Usr 0 00:03:24, Sys 0 00:00:13  -  Total Remote Usage
		Usr 0 00:00:00, Sys 0 00:00:00  -  Total Local Usage
	36774672  -  Run Bytes Sent By Job
	182520  -  Run Bytes Received By Job
	36774672  -  Total Bytes Sent By Job
	182520  -  Total Bytes Received By Job
	Partitionable Resources :    Usage  Request Allocated 
	   Cpus                 :     0.81        1         1 
	   Disk (KB)            : 36163         200    121695 
	   Memory (MB)          :   142        3900      3968 

	Job terminated of its own accord at 2024-01-19T02:02:30Z.
...
000 (391113.027.000) 2024-01-19 11:50:58 Job submitted from host: <172.30.1.200:9618?addrs=172.30.1.200-9618&alias=tamsa2.snu.ac.kr&noUDP&sock=schedd_3625_06e6>
...
040 (391113.027.000) 2024-01-19 11:51:01 Started transferring input files
	Transferring to host: <172.30.1.204:9618?addrs=172.30.1.204-9618&alias=node4&noUDP&sock=slot1_45_3725_5971_203289>
...
001 (391113.027.000) 2024-01-19 11:51:01 Job executing on host: <172.30.1.204:9618?addrs=172.30.1.204-9618&alias=node4&noUDP&sock=startd_3691_4c27>
...
040 (391113.027.000) 2024-01-19 11:51:01 Finished transferring input files
...
006 (391113.027.000) 2024-01-19 11:51:10 Image size of job updated: 578840
	118  -  MemoryUsage of job (MB)
	120128  -  ResidentSetSize of job (KB)
...
006 (391113.027.000) 2024-01-19 11:53:11 Image size of job updated: 845724
	118  -  MemoryUsage of job (MB)
	120136  -  ResidentSetSize of job (KB)
...
040 (391113.027.000) 2024-01-19 11:53:11 Started transferring output files
...
040 (391113.027.000) 2024-01-19 11:53:12 Finished transferring output files
...
005 (391113.027.000) 2024-01-19 11:53:12 Job terminated.
	(1) Normal termination (return value 0)
		Usr 0 00:01:10, Sys 0 00:00:07  -  Run Remote Usage
		Usr 0 00:00:00, Sys 0 00:00:00  -  Run Local Usage
		Usr 0 00:01:10, Sys 0 00:00:07  -  Total Remote Usage
		Usr 0 00:00:00, Sys 0 00:00:00  -  Total Local Usage
	7464063  -  Run Bytes Sent By Job
	183986  -  Run Bytes Received By Job
	7464063  -  Total Bytes Sent By Job
	183986  -  Total Bytes Received By Job
	Partitionable Resources :    Usage  Request Allocated 
	   Cpus                 :     0.06        1         1 
	   Disk (KB)            :  7542         200    128928 
	   Memory (MB)          :   118        3900      3968 

	Job terminated of its own accord at 2024-01-19T02:53:11Z.
...
000 (391114.027.000) 2024-01-19 11:56:30 Job submitted from host: <172.30.1.200:9618?addrs=172.30.1.200-9618&alias=tamsa2.snu.ac.kr&noUDP&sock=schedd_3625_06e6>
...
040 (391114.027.000) 2024-01-19 11:56:33 Started transferring input files
	Transferring to host: <172.30.1.204:9618?addrs=172.30.1.204-9618&alias=node4&noUDP&sock=slot1_47_3725_5971_203299>
...
001 (391114.027.000) 2024-01-19 11:56:34 Job executing on host: <172.30.1.204:9618?addrs=172.30.1.204-9618&alias=node4&noUDP&sock=startd_3691_4c27>
...
040 (391114.027.000) 2024-01-19 11:56:34 Finished transferring input files
...
006 (391114.027.000) 2024-01-19 11:56:42 Image size of job updated: 186736
	183  -  MemoryUsage of job (MB)
	186736  -  ResidentSetSize of job (KB)
...
006 (391114.027.000) 2024-01-19 11:58:35 Image size of job updated: 846200
	183  -  MemoryUsage of job (MB)
	186736  -  ResidentSetSize of job (KB)
...
040 (391114.027.000) 2024-01-19 11:58:35 Started transferring output files
...
040 (391114.027.000) 2024-01-19 11:58:35 Finished transferring output files
...
005 (391114.027.000) 2024-01-19 11:58:35 Job terminated.
	(1) Normal termination (return value 0)
		Usr 0 00:01:10, Sys 0 00:00:07  -  Run Remote Usage
		Usr 0 00:00:00, Sys 0 00:00:00  -  Run Local Usage
		Usr 0 00:01:10, Sys 0 00:00:07  -  Total Remote Usage
		Usr 0 00:00:00, Sys 0 00:00:00  -  Total Local Usage
	7464167  -  Run Bytes Sent By Job
	183986  -  Run Bytes Received By Job
	7464167  -  Total Bytes Sent By Job
	183986  -  Total Bytes Received By Job
	Partitionable Resources :    Usage  Request Allocated 
	   Cpus                 :        0        1         1 
	   Disk (KB)            :     7542      200    128928 
	   Memory (MB)          :      183     3900      3968 

	Job terminated of its own accord at 2024-01-19T02:58:35Z.
...
000 (391115.027.000) 2024-01-19 12:05:54 Job submitted from host: <172.30.1.200:9618?addrs=172.30.1.200-9618&alias=tamsa2.snu.ac.kr&noUDP&sock=schedd_3625_06e6>
...
040 (391115.027.000) 2024-01-19 12:05:58 Started transferring input files
	Transferring to host: <172.30.1.204:9618?addrs=172.30.1.204-9618&alias=node4&noUDP&sock=slot1_48_3725_5971_203308>
...
001 (391115.027.000) 2024-01-19 12:05:58 Job executing on host: <172.30.1.204:9618?addrs=172.30.1.204-9618&alias=node4&noUDP&sock=startd_3691_4c27>
...
040 (391115.027.000) 2024-01-19 12:05:58 Finished transferring input files
...
006 (391115.027.000) 2024-01-19 12:06:06 Image size of job updated: 808976
	181  -  MemoryUsage of job (MB)
	184572  -  ResidentSetSize of job (KB)
...
006 (391115.027.000) 2024-01-19 12:07:58 Image size of job updated: 846212
	181  -  MemoryUsage of job (MB)
	184572  -  ResidentSetSize of job (KB)
...
040 (391115.027.000) 2024-01-19 12:07:58 Started transferring output files
...
040 (391115.027.000) 2024-01-19 12:07:58 Finished transferring output files
...
005 (391115.027.000) 2024-01-19 12:07:58 Job terminated.
	(1) Normal termination (return value 0)
		Usr 0 00:01:12, Sys 0 00:00:07  -  Run Remote Usage
		Usr 0 00:00:00, Sys 0 00:00:00  -  Run Local Usage
		Usr 0 00:01:12, Sys 0 00:00:07  -  Total Remote Usage
		Usr 0 00:00:00, Sys 0 00:00:00  -  Total Local Usage
	7464183  -  Run Bytes Sent By Job
	184022  -  Run Bytes Received By Job
	7464183  -  Total Bytes Sent By Job
	184022  -  Total Bytes Received By Job
	Partitionable Resources :    Usage  Request Allocated 
	   Cpus                 :     0.44        1         1 
	   Disk (KB)            :  7542         200    128928 
	   Memory (MB)          :   181        3900      3968 

	Job terminated of its own accord at 2024-01-19T03:07:58Z.
...
000 (391116.027.000) 2024-01-19 12:09:38 Job submitted from host: <172.30.1.200:9618?addrs=172.30.1.200-9618&alias=tamsa2.snu.ac.kr&noUDP&sock=schedd_3625_06e6>
...
040 (391116.027.000) 2024-01-19 12:09:41 Started transferring input files
	Transferring to host: <172.30.1.204:9618?addrs=172.30.1.204-9618&alias=node4&noUDP&sock=slot1_48_3725_5971_203316>
...
001 (391116.027.000) 2024-01-19 12:09:41 Job executing on host: <172.30.1.204:9618?addrs=172.30.1.204-9618&alias=node4&noUDP&sock=startd_3691_4c27>
...
040 (391116.027.000) 2024-01-19 12:09:41 Finished transferring input files
...
006 (391116.027.000) 2024-01-19 12:09:50 Image size of job updated: 186744
	183  -  MemoryUsage of job (MB)
	186744  -  ResidentSetSize of job (KB)
...
006 (391116.027.000) 2024-01-19 12:11:46 Image size of job updated: 846136
	183  -  MemoryUsage of job (MB)
	186744  -  ResidentSetSize of job (KB)
...
040 (391116.027.000) 2024-01-19 12:11:46 Started transferring output files
...
040 (391116.027.000) 2024-01-19 12:11:46 Finished transferring output files
...
005 (391116.027.000) 2024-01-19 12:11:46 Job terminated.
	(1) Normal termination (return value 0)
		Usr 0 00:01:12, Sys 0 00:00:07  -  Run Remote Usage
		Usr 0 00:00:00, Sys 0 00:00:00  -  Run Local Usage
		Usr 0 00:01:12, Sys 0 00:00:07  -  Total Remote Usage
		Usr 0 00:00:00, Sys 0 00:00:00  -  Total Local Usage
	7464207  -  Run Bytes Sent By Job
	184022  -  Run Bytes Received By Job
	7464207  -  Total Bytes Sent By Job
	184022  -  Total Bytes Received By Job
	Partitionable Resources :    Usage  Request Allocated 
	   Cpus                 :     0.62        1         1 
	   Disk (KB)            :  7542         200    128928 
	   Memory (MB)          :   183        3900      3968 

	Job terminated of its own accord at 2024-01-19T03:11:46Z.
...
000 (391117.027.000) 2024-01-19 12:15:27 Job submitted from host: <172.30.1.200:9618?addrs=172.30.1.200-9618&alias=tamsa2.snu.ac.kr&noUDP&sock=schedd_3625_06e6>
...
040 (391117.027.000) 2024-01-19 12:15:33 Started transferring input files
	Transferring to host: <172.30.1.208:9618?addrs=172.30.1.208-9618&alias=node8&noUDP&sock=slot1_41_3811_f1b4_191200>
...
001 (391117.027.000) 2024-01-19 12:15:33 Job executing on host: <172.30.1.208:9618?addrs=172.30.1.208-9618&alias=node8&noUDP&sock=startd_3777_494c>
...
040 (391117.027.000) 2024-01-19 12:15:33 Finished transferring input files
...
006 (391117.027.000) 2024-01-19 12:15:41 Image size of job updated: 600088
	183  -  MemoryUsage of job (MB)
	186748  -  ResidentSetSize of job (KB)
...
006 (391117.027.000) 2024-01-19 12:20:18 Image size of job updated: 863464
	183  -  MemoryUsage of job (MB)
	186748  -  ResidentSetSize of job (KB)
...
040 (391117.027.000) 2024-01-19 12:20:18 Started transferring output files
...
040 (391117.027.000) 2024-01-19 12:20:19 Finished transferring output files
...
005 (391117.027.000) 2024-01-19 12:20:19 Job terminated.
	(1) Normal termination (return value 0)
		Usr 0 00:03:33, Sys 0 00:00:13  -  Run Remote Usage
		Usr 0 00:00:00, Sys 0 00:00:00  -  Run Local Usage
		Usr 0 00:03:33, Sys 0 00:00:13  -  Total Remote Usage
		Usr 0 00:00:00, Sys 0 00:00:00  -  Total Local Usage
	33937092  -  Run Bytes Sent By Job
	184028  -  Run Bytes Received By Job
	33937092  -  Total Bytes Sent By Job
	184028  -  Total Bytes Received By Job
	Partitionable Resources :    Usage  Request Allocated 
	   Cpus                 :     0.53        1         1 
	   Disk (KB)            : 33395         200    128928 
	   Memory (MB)          :   183        3900      3968 

	Job terminated of its own accord at 2024-01-19T03:20:18Z.
...
000 (391118.027.000) 2024-01-19 12:41:45 Job submitted from host: <172.30.1.200:9618?addrs=172.30.1.200-9618&alias=tamsa2.snu.ac.kr&noUDP&sock=schedd_3625_06e6>
...
040 (391118.027.000) 2024-01-19 12:41:52 Started transferring input files
	Transferring to host: <172.30.1.208:9618?addrs=172.30.1.208-9618&alias=node8&noUDP&sock=slot1_45_3811_f1b4_191216>
...
040 (391118.027.000) 2024-01-19 12:41:52 Finished transferring input files
...
001 (391118.027.000) 2024-01-19 12:41:52 Job executing on host: <172.30.1.208:9618?addrs=172.30.1.208-9618&alias=node8&noUDP&sock=startd_3777_494c>
...
006 (391118.027.000) 2024-01-19 12:42:01 Image size of job updated: 186728
	183  -  MemoryUsage of job (MB)
	186728  -  ResidentSetSize of job (KB)
...
006 (391118.027.000) 2024-01-19 12:43:49 Image size of job updated: 842564
	183  -  MemoryUsage of job (MB)
	186728  -  ResidentSetSize of job (KB)
...
040 (391118.027.000) 2024-01-19 12:43:50 Started transferring output files
...
040 (391118.027.000) 2024-01-19 12:43:50 Finished transferring output files
...
005 (391118.027.000) 2024-01-19 12:43:50 Job terminated.
	(1) Normal termination (return value 0)
		Usr 0 00:01:10, Sys 0 00:00:07  -  Run Remote Usage
		Usr 0 00:00:00, Sys 0 00:00:00  -  Run Local Usage
		Usr 0 00:01:10, Sys 0 00:00:07  -  Total Remote Usage
		Usr 0 00:00:00, Sys 0 00:00:00  -  Total Local Usage
	7464127  -  Run Bytes Sent By Job
	183796  -  Run Bytes Received By Job
	7464127  -  Total Bytes Sent By Job
	183796  -  Total Bytes Received By Job
	Partitionable Resources :    Usage  Request Allocated 
	   Cpus                 :                 1         1 
	   Disk (KB)            :     7536      200    128928 
	   Memory (MB)          :      183     3900      3968 

	Job terminated of its own accord at 2024-01-19T03:43:49Z.
...
000 (391119.027.000) 2024-01-19 12:47:04 Job submitted from host: <172.30.1.200:9618?addrs=172.30.1.200-9618&alias=tamsa2.snu.ac.kr&noUDP&sock=schedd_3625_06e6>
...
040 (391119.027.000) 2024-01-19 12:47:14 Started transferring input files
	Transferring to host: <172.30.1.210:9618?addrs=172.30.1.210-9618&alias=node10&noUDP&sock=slot1_32_3822_b1d4_184621>
...
001 (391119.027.000) 2024-01-19 12:47:14 Job executing on host: <172.30.1.210:9618?addrs=172.30.1.210-9618&alias=node10&noUDP&sock=startd_3788_d4d6>
...
040 (391119.027.000) 2024-01-19 12:47:14 Finished transferring input files
...
006 (391119.027.000) 2024-01-19 12:47:23 Image size of job updated: 185036
	181  -  MemoryUsage of job (MB)
	185036  -  ResidentSetSize of job (KB)
...
006 (391119.027.000) 2024-01-19 12:51:54 Image size of job updated: 866460
	181  -  MemoryUsage of job (MB)
	185036  -  ResidentSetSize of job (KB)
...
040 (391119.027.000) 2024-01-19 12:51:54 Started transferring output files
...
040 (391119.027.000) 2024-01-19 12:51:55 Finished transferring output files
...
005 (391119.027.000) 2024-01-19 12:51:55 Job terminated.
	(1) Normal termination (return value 0)
		Usr 0 00:03:37, Sys 0 00:00:13  -  Run Remote Usage
		Usr 0 00:00:00, Sys 0 00:00:00  -  Run Local Usage
		Usr 0 00:03:37, Sys 0 00:00:13  -  Total Remote Usage
		Usr 0 00:00:00, Sys 0 00:00:00  -  Total Local Usage
	33426602  -  Run Bytes Sent By Job
	183796  -  Run Bytes Received By Job
	33426602  -  Total Bytes Sent By Job
	183796  -  Total Bytes Received By Job
	Partitionable Resources :    Usage  Request Allocated 
	   Cpus                 :     0.62        1         1 
	   Disk (KB)            : 32896         200    128928 
	   Memory (MB)          :   181        3900      3968 

	Job terminated of its own accord at 2024-01-19T03:51:54Z.
...
000 (391120.027.000) 2024-01-19 13:02:28 Job submitted from host: <172.30.1.200:9618?addrs=172.30.1.200-9618&alias=tamsa2.snu.ac.kr&noUDP&sock=schedd_3625_06e6>
...
040 (391120.027.000) 2024-01-19 13:02:39 Started transferring input files
	Transferring to host: <172.30.1.210:9618?addrs=172.30.1.210-9618&alias=node10&noUDP&sock=slot1_44_3822_b1d4_184628>
...
001 (391120.027.000) 2024-01-19 13:02:39 Job executing on host: <172.30.1.210:9618?addrs=172.30.1.210-9618&alias=node10&noUDP&sock=startd_3788_d4d6>
...
040 (391120.027.000) 2024-01-19 13:02:39 Finished transferring input files
...
006 (391120.027.000) 2024-01-19 13:02:48 Image size of job updated: 811032
	183  -  MemoryUsage of job (MB)
	186740  -  ResidentSetSize of job (KB)
...
006 (391120.027.000) 2024-01-19 13:07:21 Image size of job updated: 870520
	183  -  MemoryUsage of job (MB)
	186740  -  ResidentSetSize of job (KB)
...
040 (391120.027.000) 2024-01-19 13:07:22 Started transferring output files
...
040 (391120.027.000) 2024-01-19 13:07:26 Finished transferring output files
...
005 (391120.027.000) 2024-01-19 13:07:26 Job terminated.
	(1) Normal termination (return value 0)
		Usr 0 00:03:34, Sys 0 00:00:14  -  Run Remote Usage
		Usr 0 00:00:00, Sys 0 00:00:00  -  Run Local Usage
		Usr 0 00:03:34, Sys 0 00:00:14  -  Total Remote Usage
		Usr 0 00:00:00, Sys 0 00:00:00  -  Total Local Usage
	33404218  -  Run Bytes Sent By Job
	183796  -  Run Bytes Received By Job
	33404218  -  Total Bytes Sent By Job
	183796  -  Total Bytes Received By Job
	Partitionable Resources :    Usage  Request Allocated 
	   Cpus                 :     0.79        1         1 
	   Disk (KB)            : 32874         200    128928 
	   Memory (MB)          :   183        3900      3968 

	Job terminated of its own accord at 2024-01-19T04:07:21Z.
...
000 (391131.027.000) 2024-01-19 14:22:45 Job submitted from host: <172.30.1.200:9618?addrs=172.30.1.200-9618&alias=tamsa2.snu.ac.kr&noUDP&sock=schedd_3625_06e6>
...
040 (391131.027.000) 2024-01-19 14:22:52 Started transferring input files
	Transferring to host: <172.30.1.201:9618?addrs=172.30.1.201-9618&alias=node1&noUDP&sock=slot1_45_12171_5208_13840>
...
001 (391131.027.000) 2024-01-19 14:22:52 Job executing on host: <172.30.1.201:9618?addrs=172.30.1.201-9618&alias=node1&noUDP&sock=startd_12138_3ca4>
...
040 (391131.027.000) 2024-01-19 14:22:52 Finished transferring input files
...
006 (391131.027.000) 2024-01-19 14:23:01 Image size of job updated: 156800
	121  -  MemoryUsage of job (MB)
	123520  -  ResidentSetSize of job (KB)
...
006 (391131.027.000) 2024-01-19 14:28:02 Image size of job updated: 955412
	302  -  MemoryUsage of job (MB)
	308636  -  ResidentSetSize of job (KB)
...
006 (391131.027.000) 2024-01-19 14:28:10 Image size of job updated: 962300
	302  -  MemoryUsage of job (MB)
	308636  -  ResidentSetSize of job (KB)
...
004 (391131.027.000) 2024-01-19 14:28:10 Job was evicted.
	(0) CPU times
		Usr 0 00:04:45, Sys 0 00:00:18  -  Run Remote Usage
		Usr 0 00:00:00, Sys 0 00:00:00  -  Run Local Usage
	0  -  Run Bytes Sent By Job
	183798  -  Run Bytes Received By Job
	Partitionable Resources :    Usage  Request Allocated 
	   Cpus                 :     1.00        1         1 
	   Disk (KB)            :  1204         200    128990 
	   Memory (MB)          :   302        3900      3968 
...
009 (391131.027.000) 2024-01-19 14:28:10 Job was aborted.
	via condor_rm (by user shin)
...
000 (391132.027.000) 2024-01-19 14:30:22 Job submitted from host: <172.30.1.200:9618?addrs=172.30.1.200-9618&alias=tamsa2.snu.ac.kr&noUDP&sock=schedd_3625_06e6>
...
040 (391132.027.000) 2024-01-19 14:30:25 Started transferring input files
	Transferring to host: <172.30.1.201:9618?addrs=172.30.1.201-9618&alias=node1&noUDP&sock=slot1_44_12171_5208_13845>
...
001 (391132.027.000) 2024-01-19 14:30:25 Job executing on host: <172.30.1.201:9618?addrs=172.30.1.201-9618&alias=node1&noUDP&sock=startd_12138_3ca4>
...
040 (391132.027.000) 2024-01-19 14:30:25 Finished transferring input files
...
006 (391132.027.000) 2024-01-19 14:30:34 Image size of job updated: 179612
	176  -  MemoryUsage of job (MB)
	179612  -  ResidentSetSize of job (KB)
...
006 (391132.027.000) 2024-01-19 14:35:34 Image size of job updated: 875628
	205  -  MemoryUsage of job (MB)
	208932  -  ResidentSetSize of job (KB)
...
000 (391137.027.000) 2024-01-19 14:35:50 Job submitted from host: <172.30.1.200:9618?addrs=172.30.1.200-9618&alias=tamsa2.snu.ac.kr&noUDP&sock=schedd_3625_06e6>
...
040 (391137.027.000) 2024-01-19 14:35:55 Started transferring input files
	Transferring to host: <172.30.1.109:9618?addrs=172.30.1.109-9618&alias=n9&noUDP&sock=slot1_28_4134_86e1_92617>
...
040 (391137.027.000) 2024-01-19 14:35:55 Finished transferring input files
...
001 (391137.027.000) 2024-01-19 14:35:55 Job executing on host: <172.30.1.109:9618?addrs=172.30.1.109-9618&alias=n9&noUDP&sock=startd_4100_d663>
...
004 (391132.027.000) 2024-01-19 14:36:00 Job was evicted.
	(0) CPU times
		Usr 0 00:04:42, Sys 0 00:00:18  -  Run Remote Usage
		Usr 0 00:00:00, Sys 0 00:00:00  -  Run Local Usage
	0  -  Run Bytes Sent By Job
	183608  -  Run Bytes Received By Job
	Partitionable Resources :    Usage  Request Allocated 
	   Cpus                 :     0.99        1         1 
	   Disk (KB)            : 12330         200    128990 
	   Memory (MB)          :   205        3900      3968 
...
006 (391137.027.000) 2024-01-19 14:36:01 Image size of job updated: 220364
	0  -  MemoryUsage of job (MB)
	0  -  ResidentSetSize of job (KB)
...
009 (391132.027.000) 2024-01-19 14:36:01 Job was aborted.
	via condor_rm (by user shin)
...
004 (391137.027.000) 2024-01-19 14:36:01 Job was evicted.
	(0) CPU times
		Usr 0 00:00:00, Sys 0 00:00:00  -  Run Remote Usage
		Usr 0 00:00:00, Sys 0 00:00:00  -  Run Local Usage
	0  -  Run Bytes Sent By Job
	183614  -  Run Bytes Received By Job
	Partitionable Resources :    Usage  Request Allocated 
	   Cpus                 :     0.02        1         1 
	   Disk (KB)            :   235         200    127849 
	   Memory (MB)          :     0        3900      3968 
...
009 (391137.027.000) 2024-01-19 14:36:01 Job was aborted.
	via condor_rm (by user shin)
...
000 (391138.027.000) 2024-01-19 14:36:02 Job submitted from host: <172.30.1.200:9618?addrs=172.30.1.200-9618&alias=tamsa2.snu.ac.kr&noUDP&sock=schedd_3625_06e6>
...
040 (391138.027.000) 2024-01-19 14:36:14 Started transferring input files
	Transferring to host: <172.30.1.201:9618?addrs=172.30.1.201-9618&alias=node1&noUDP&sock=slot1_42_12171_5208_13850>
...
040 (391138.027.000) 2024-01-19 14:36:14 Finished transferring input files
...
001 (391138.027.000) 2024-01-19 14:36:14 Job executing on host: <172.30.1.201:9618?addrs=172.30.1.201-9618&alias=node1&noUDP&sock=startd_12138_3ca4>
...
006 (391138.027.000) 2024-01-19 14:36:23 Image size of job updated: 186728
	183  -  MemoryUsage of job (MB)
	186728  -  ResidentSetSize of job (KB)
...
006 (391138.027.000) 2024-01-19 14:41:24 Image size of job updated: 873004
	204  -  MemoryUsage of job (MB)
	208864  -  ResidentSetSize of job (KB)
...
006 (391138.027.000) 2024-01-19 14:43:40 Image size of job updated: 875900
	204  -  MemoryUsage of job (MB)
	208864  -  ResidentSetSize of job (KB)
...
040 (391138.027.000) 2024-01-19 14:43:40 Started transferring output files
...
040 (391138.027.000) 2024-01-19 14:43:41 Finished transferring output files
...
005 (391138.027.000) 2024-01-19 14:43:41 Job terminated.
	(1) Normal termination (return value 0)
		Usr 0 00:06:16, Sys 0 00:00:24  -  Run Remote Usage
		Usr 0 00:00:00, Sys 0 00:00:00  -  Run Local Usage
		Usr 0 00:06:16, Sys 0 00:00:24  -  Total Remote Usage
		Usr 0 00:00:00, Sys 0 00:00:00  -  Total Local Usage
	33204368  -  Run Bytes Sent By Job
	183614  -  Run Bytes Received By Job
	33204368  -  Total Bytes Sent By Job
	183614  -  Total Bytes Received By Job
	Partitionable Resources :    Usage  Request Allocated 
	   Cpus                 :     0.99        1         1 
	   Disk (KB)            : 32678         200    128990 
	   Memory (MB)          :   204        3900      3968 

	Job terminated of its own accord at 2024-01-19T05:43:40Z.
...
000 (391139.027.000) 2024-01-19 14:48:49 Job submitted from host: <172.30.1.200:9618?addrs=172.30.1.200-9618&alias=tamsa2.snu.ac.kr&noUDP&sock=schedd_3625_06e6>
...
040 (391139.027.000) 2024-01-19 14:48:52 Started transferring input files
	Transferring to host: <172.30.1.201:9618?addrs=172.30.1.201-9618&alias=node1&noUDP&sock=slot1_2_12171_5208_13856>
...
001 (391139.027.000) 2024-01-19 14:48:52 Job executing on host: <172.30.1.201:9618?addrs=172.30.1.201-9618&alias=node1&noUDP&sock=startd_12138_3ca4>
...
040 (391139.027.000) 2024-01-19 14:48:52 Finished transferring input files
...
006 (391139.027.000) 2024-01-19 14:49:01 Image size of job updated: 607100
	171  -  MemoryUsage of job (MB)
	174652  -  ResidentSetSize of job (KB)
...
006 (391139.027.000) 2024-01-19 14:52:18 Image size of job updated: 879716
	171  -  MemoryUsage of job (MB)
	174652  -  ResidentSetSize of job (KB)
...
004 (391139.027.000) 2024-01-19 14:52:18 Job was evicted.
	(0) CPU times
		Usr 0 00:02:49, Sys 0 00:00:11  -  Run Remote Usage
		Usr 0 00:00:00, Sys 0 00:00:00  -  Run Local Usage
	0  -  Run Bytes Sent By Job
	183618  -  Run Bytes Received By Job
	Partitionable Resources :    Usage  Request Allocated 
	   Cpus                 :     0.98        1         1 
	   Disk (KB)            :  7401         200    128990 
	   Memory (MB)          :   171        3900      3968 
...
009 (391139.027.000) 2024-01-19 14:52:18 Job was aborted.
	via condor_rm (by user shin)
...
000 (391140.027.000) 2024-01-19 14:52:19 Job submitted from host: <172.30.1.200:9618?addrs=172.30.1.200-9618&alias=tamsa2.snu.ac.kr&noUDP&sock=schedd_3625_06e6>
...
040 (391140.027.000) 2024-01-19 14:52:21 Started transferring input files
	Transferring to host: <172.30.1.201:9618?addrs=172.30.1.201-9618&alias=node1&noUDP&sock=slot1_2_12171_5208_13863>
...
001 (391140.027.000) 2024-01-19 14:52:21 Job executing on host: <172.30.1.201:9618?addrs=172.30.1.201-9618&alias=node1&noUDP&sock=startd_12138_3ca4>
...
040 (391140.027.000) 2024-01-19 14:52:21 Finished transferring input files
...
006 (391140.027.000) 2024-01-19 14:52:31 Image size of job updated: 568252
	183  -  MemoryUsage of job (MB)
	186732  -  ResidentSetSize of job (KB)
...
006 (391140.027.000) 2024-01-19 14:57:31 Image size of job updated: 875612
	208  -  MemoryUsage of job (MB)
	212580  -  ResidentSetSize of job (KB)
...
006 (391140.027.000) 2024-01-19 14:59:44 Image size of job updated: 880352
	208  -  MemoryUsage of job (MB)
	212580  -  ResidentSetSize of job (KB)
...
040 (391140.027.000) 2024-01-19 14:59:44 Started transferring output files
...
040 (391140.027.000) 2024-01-19 14:59:45 Finished transferring output files
...
005 (391140.027.000) 2024-01-19 14:59:45 Job terminated.
	(1) Normal termination (return value 0)
		Usr 0 00:06:16, Sys 0 00:00:23  -  Run Remote Usage
		Usr 0 00:00:00, Sys 0 00:00:00  -  Run Local Usage
		Usr 0 00:06:16, Sys 0 00:00:23  -  Total Remote Usage
		Usr 0 00:00:00, Sys 0 00:00:00  -  Total Local Usage
	33145362  -  Run Bytes Sent By Job
	183636  -  Run Bytes Received By Job
	33145362  -  Total Bytes Sent By Job
	183636  -  Total Bytes Received By Job
	Partitionable Resources :    Usage  Request Allocated 
	   Cpus                 :     0.95        1         1 
	   Disk (KB)            : 32621         200    128990 
	   Memory (MB)          :   208        3900      3968 

	Job terminated of its own accord at 2024-01-19T05:59:44Z.
...
000 (391145.027.000) 2024-01-19 15:59:26 Job submitted from host: <172.30.1.200:9618?addrs=172.30.1.200-9618&alias=tamsa2.snu.ac.kr&noUDP&sock=schedd_3625_06e6>
...
040 (391145.027.000) 2024-01-19 15:59:28 Started transferring input files
	Transferring to host: <172.30.1.201:9618?addrs=172.30.1.201-9618&alias=node1&noUDP&sock=slot1_9_12171_5208_13893>
...
001 (391145.027.000) 2024-01-19 15:59:29 Job executing on host: <172.30.1.201:9618?addrs=172.30.1.201-9618&alias=node1&noUDP&sock=startd_12138_3ca4>
...
040 (391145.027.000) 2024-01-19 15:59:29 Finished transferring input files
...
006 (391145.027.000) 2024-01-19 15:59:37 Image size of job updated: 214144
	169  -  MemoryUsage of job (MB)
	172092  -  ResidentSetSize of job (KB)
...
006 (391145.027.000) 2024-01-19 16:04:37 Image size of job updated: 875072
	183  -  MemoryUsage of job (MB)
	186892  -  ResidentSetSize of job (KB)
...
006 (391145.027.000) 2024-01-19 16:06:11 Image size of job updated: 879544
	183  -  MemoryUsage of job (MB)
	186892  -  ResidentSetSize of job (KB)
...
040 (391145.027.000) 2024-01-19 16:06:11 Started transferring output files
...
040 (391145.027.000) 2024-01-19 16:06:14 Finished transferring output files
...
005 (391145.027.000) 2024-01-19 16:06:14 Job terminated.
	(1) Normal termination (return value 0)
		Usr 0 00:05:50, Sys 0 00:00:18  -  Run Remote Usage
		Usr 0 00:00:00, Sys 0 00:00:00  -  Run Local Usage
		Usr 0 00:05:50, Sys 0 00:00:18  -  Total Remote Usage
		Usr 0 00:00:00, Sys 0 00:00:00  -  Total Local Usage
	32098156  -  Run Bytes Sent By Job
	184262  -  Run Bytes Received By Job
	32098156  -  Total Bytes Sent By Job
	184262  -  Total Bytes Received By Job
	Partitionable Resources :    Usage  Request Allocated 
	   Cpus                 :     1.00        1         1 
	   Disk (KB)            : 31599         200    128990 
	   Memory (MB)          :   183        3900      3968 

	Job terminated of its own accord at 2024-01-19T07:06:11Z.
...
000 (391151.027.000) 2024-01-19 16:45:38 Job submitted from host: <172.30.1.200:9618?addrs=172.30.1.200-9618&alias=tamsa2.snu.ac.kr&noUDP&sock=schedd_3625_06e6>
...
040 (391151.027.000) 2024-01-19 16:45:47 Started transferring input files
	Transferring to host: <172.30.1.203:9618?addrs=172.30.1.203-9618&alias=node3&noUDP&sock=slot1_46_24221_a2b2_52047>
...
040 (391151.027.000) 2024-01-19 16:45:47 Finished transferring input files
...
001 (391151.027.000) 2024-01-19 16:45:47 Job executing on host: <172.30.1.203:9618?addrs=172.30.1.203-9618&alias=node3&noUDP&sock=startd_24188_88db>
...
006 (391151.027.000) 2024-01-19 16:45:56 Image size of job updated: 212452
	181  -  MemoryUsage of job (MB)
	184560  -  ResidentSetSize of job (KB)
...
000 (391152.027.000) 2024-01-19 16:46:33 Job submitted from host: <172.30.1.200:9618?addrs=172.30.1.200-9618&alias=tamsa2.snu.ac.kr&noUDP&sock=schedd_3625_06e6>
...
040 (391152.027.000) 2024-01-19 16:46:38 Started transferring input files
	Transferring to host: <172.30.1.105:9618?addrs=172.30.1.105-9618&alias=n5&noUDP&sock=slot1_12_3459_eda6_34502>
...
001 (391152.027.000) 2024-01-19 16:46:38 Job executing on host: <172.30.1.105:9618?addrs=172.30.1.105-9618&alias=n5&noUDP&sock=startd_3425_d7f5>
...
040 (391152.027.000) 2024-01-19 16:46:38 Finished transferring input files
...
006 (391152.027.000) 2024-01-19 16:46:45 Image size of job updated: 80
	0  -  MemoryUsage of job (MB)
	0  -  ResidentSetSize of job (KB)
...
004 (391152.027.000) 2024-01-19 16:46:45 Job was evicted.
	(0) CPU times
		Usr 0 00:00:00, Sys 0 00:00:00  -  Run Remote Usage
		Usr 0 00:00:00, Sys 0 00:00:00  -  Run Local Usage
	0  -  Run Bytes Sent By Job
	184253  -  Run Bytes Received By Job
	Partitionable Resources :    Usage  Request Allocated 
	   Cpus                 :        0        1         1 
	   Disk (KB)            :      236      200     61880 
	   Memory (MB)          :        0     3900      3968 
...
009 (391152.027.000) 2024-01-19 16:46:45 Job was aborted.
	via condor_rm (by user shin)
...
006 (391151.027.000) 2024-01-19 16:47:35 Image size of job updated: 841572
	181  -  MemoryUsage of job (MB)
	184560  -  ResidentSetSize of job (KB)
...
004 (391151.027.000) 2024-01-19 16:47:35 Job was evicted.
	(0) CPU times
		Usr 0 00:01:02, Sys 0 00:00:06  -  Run Remote Usage
		Usr 0 00:00:00, Sys 0 00:00:00  -  Run Local Usage
	0  -  Run Bytes Sent By Job
	184253  -  Run Bytes Received By Job
	Partitionable Resources :    Usage  Request Allocated 
	   Cpus                 :     0.63        1         1 
	   Disk (KB)            :  3210         200    128924 
	   Memory (MB)          :   181        3900      3968 
...
009 (391151.027.000) 2024-01-19 16:47:36 Job was aborted.
	via condor_rm (by user shin)
...
000 (391153.027.000) 2024-01-19 16:47:37 Job submitted from host: <172.30.1.200:9618?addrs=172.30.1.200-9618&alias=tamsa2.snu.ac.kr&noUDP&sock=schedd_3625_06e6>
...
040 (391153.027.000) 2024-01-19 16:47:58 Started transferring input files
	Transferring to host: <172.30.1.203:9618?addrs=172.30.1.203-9618&alias=node3&noUDP&sock=slot1_41_24221_a2b2_52050>
...
040 (391153.027.000) 2024-01-19 16:47:58 Finished transferring input files
...
001 (391153.027.000) 2024-01-19 16:47:58 Job executing on host: <172.30.1.203:9618?addrs=172.30.1.203-9618&alias=node3&noUDP&sock=startd_24188_88db>
...
006 (391153.027.000) 2024-01-19 16:48:07 Image size of job updated: 835120
	183  -  MemoryUsage of job (MB)
	186736  -  ResidentSetSize of job (KB)
...
040 (391153.027.000) 2024-01-19 16:50:04 Started transferring output files
...
040 (391153.027.000) 2024-01-19 16:50:05 Finished transferring output files
...
005 (391153.027.000) 2024-01-19 16:50:05 Job terminated.
	(1) Normal termination (return value 0)
		Usr 0 00:01:16, Sys 0 00:00:07  -  Run Remote Usage
		Usr 0 00:00:00, Sys 0 00:00:00  -  Run Local Usage
		Usr 0 00:01:16, Sys 0 00:00:07  -  Total Remote Usage
		Usr 0 00:00:00, Sys 0 00:00:00  -  Total Local Usage
	7470439  -  Run Bytes Sent By Job
	184257  -  Run Bytes Received By Job
	7470439  -  Total Bytes Sent By Job
	184257  -  Total Bytes Received By Job
	Partitionable Resources :    Usage  Request Allocated 
	   Cpus                 :     0.62        1         1 
	   Disk (KB)            :  7548         200    128924 
	   Memory (MB)          :   183        3900      3968 

	Job terminated of its own accord at 2024-01-19T07:50:04Z.
...
000 (391154.027.000) 2024-01-19 16:50:49 Job submitted from host: <172.30.1.200:9618?addrs=172.30.1.200-9618&alias=tamsa2.snu.ac.kr&noUDP&sock=schedd_3625_06e6>
...
040 (391154.027.000) 2024-01-19 16:50:53 Started transferring input files
	Transferring to host: <172.30.1.209:9618?addrs=172.30.1.209-9618&alias=node9&noUDP&sock=slot1_47_3782_82d3_179435>
...
001 (391154.027.000) 2024-01-19 16:50:53 Job executing on host: <172.30.1.209:9618?addrs=172.30.1.209-9618&alias=node9&noUDP&sock=startd_3748_650d>
...
040 (391154.027.000) 2024-01-19 16:50:53 Finished transferring input files
...
006 (391154.027.000) 2024-01-19 16:51:02 Image size of job updated: 832472
	183  -  MemoryUsage of job (MB)
	186728  -  ResidentSetSize of job (KB)
...
006 (391154.027.000) 2024-01-19 16:56:03 Image size of job updated: 868808
	183  -  MemoryUsage of job (MB)
	186728  -  ResidentSetSize of job (KB)
...
006 (391154.027.000) 2024-01-19 16:57:43 Image size of job updated: 869332
	183  -  MemoryUsage of job (MB)
	186728  -  ResidentSetSize of job (KB)
...
040 (391154.027.000) 2024-01-19 16:57:43 Started transferring output files
...
040 (391154.027.000) 2024-01-19 16:57:44 Finished transferring output files
...
005 (391154.027.000) 2024-01-19 16:57:44 Job terminated.
	(1) Normal termination (return value 0)
		Usr 0 00:05:50, Sys 0 00:00:18  -  Run Remote Usage
		Usr 0 00:00:00, Sys 0 00:00:00  -  Run Local Usage
		Usr 0 00:05:50, Sys 0 00:00:18  -  Total Remote Usage
		Usr 0 00:00:00, Sys 0 00:00:00  -  Total Local Usage
	32598382  -  Run Bytes Sent By Job
	184256  -  Run Bytes Received By Job
	32598382  -  Total Bytes Sent By Job
	184256  -  Total Bytes Received By Job
	Partitionable Resources :    Usage  Request Allocated 
	   Cpus                 :     0.98        1         1 
	   Disk (KB)            : 32087         200    128928 
	   Memory (MB)          :   183        3900      3968 

	Job terminated of its own accord at 2024-01-19T07:57:43Z.
...
000 (391155.027.000) 2024-01-19 17:22:15 Job submitted from host: <172.30.1.200:9618?addrs=172.30.1.200-9618&alias=tamsa2.snu.ac.kr&noUDP&sock=schedd_3625_06e6>
...
040 (391155.027.000) 2024-01-19 17:22:18 Started transferring input files
	Transferring to host: <172.30.1.209:9618?addrs=172.30.1.209-9618&alias=node9&noUDP&sock=slot1_39_3782_82d3_179451>
...
040 (391155.027.000) 2024-01-19 17:22:18 Finished transferring input files
...
001 (391155.027.000) 2024-01-19 17:22:18 Job executing on host: <172.30.1.209:9618?addrs=172.30.1.209-9618&alias=node9&noUDP&sock=startd_3748_650d>
...
006 (391155.027.000) 2024-01-19 17:22:27 Image size of job updated: 186740
	183  -  MemoryUsage of job (MB)
	186740  -  ResidentSetSize of job (KB)
...
006 (391155.027.000) 2024-01-19 17:24:06 Image size of job updated: 835360
	183  -  MemoryUsage of job (MB)
	186740  -  ResidentSetSize of job (KB)
...
040 (391155.027.000) 2024-01-19 17:24:06 Started transferring output files
...
040 (391155.027.000) 2024-01-19 17:24:07 Finished transferring output files
...
005 (391155.027.000) 2024-01-19 17:24:07 Job terminated.
	(1) Normal termination (return value 0)
		Usr 0 00:01:11, Sys 0 00:00:07  -  Run Remote Usage
		Usr 0 00:00:00, Sys 0 00:00:00  -  Run Local Usage
		Usr 0 00:01:11, Sys 0 00:00:07  -  Total Remote Usage
		Usr 0 00:00:00, Sys 0 00:00:00  -  Total Local Usage
	7465407  -  Run Bytes Sent By Job
	186554  -  Run Bytes Received By Job
	7465407  -  Total Bytes Sent By Job
	186554  -  Total Bytes Received By Job
	Partitionable Resources :    Usage  Request Allocated 
	   Cpus                 :                 1         1 
	   Disk (KB)            :     7540      200    128928 
	   Memory (MB)          :      183     3900      3968 

	Job terminated of its own accord at 2024-01-19T08:24:06Z.
...
000 (391156.027.000) 2024-01-19 17:29:00 Job submitted from host: <172.30.1.200:9618?addrs=172.30.1.200-9618&alias=tamsa2.snu.ac.kr&noUDP&sock=schedd_3625_06e6>
...
040 (391156.027.000) 2024-01-19 17:29:04 Started transferring input files
	Transferring to host: <172.30.1.209:9618?addrs=172.30.1.209-9618&alias=node9&noUDP&sock=slot1_30_3782_82d3_179460>
...
001 (391156.027.000) 2024-01-19 17:29:04 Job executing on host: <172.30.1.209:9618?addrs=172.30.1.209-9618&alias=node9&noUDP&sock=startd_3748_650d>
...
040 (391156.027.000) 2024-01-19 17:29:04 Finished transferring input files
...
006 (391156.027.000) 2024-01-19 17:29:12 Image size of job updated: 186740
	183  -  MemoryUsage of job (MB)
	186740  -  ResidentSetSize of job (KB)
...
006 (391156.027.000) 2024-01-19 17:30:53 Image size of job updated: 845444
	183  -  MemoryUsage of job (MB)
	186740  -  ResidentSetSize of job (KB)
...
040 (391156.027.000) 2024-01-19 17:30:53 Started transferring output files
...
040 (391156.027.000) 2024-01-19 17:30:53 Finished transferring output files
...
005 (391156.027.000) 2024-01-19 17:30:53 Job terminated.
	(1) Normal termination (return value 0)
		Usr 0 00:01:10, Sys 0 00:00:07  -  Run Remote Usage
		Usr 0 00:00:00, Sys 0 00:00:00  -  Run Local Usage
		Usr 0 00:01:10, Sys 0 00:00:07  -  Total Remote Usage
		Usr 0 00:00:00, Sys 0 00:00:00  -  Total Local Usage
	7465407  -  Run Bytes Sent By Job
	186554  -  Run Bytes Received By Job
	7465407  -  Total Bytes Sent By Job
	186554  -  Total Bytes Received By Job
	Partitionable Resources :    Usage  Request Allocated 
	   Cpus                 :     0.68        1         1 
	   Disk (KB)            :  7546         200    128928 
	   Memory (MB)          :   183        3900      3968 

	Job terminated of its own accord at 2024-01-19T08:30:53Z.
...
000 (391161.027.000) 2024-01-19 17:33:03 Job submitted from host: <172.30.1.200:9618?addrs=172.30.1.200-9618&alias=tamsa2.snu.ac.kr&noUDP&sock=schedd_3625_06e6>
...
040 (391161.027.000) 2024-01-19 17:33:06 Started transferring input files
	Transferring to host: <172.30.1.209:9618?addrs=172.30.1.209-9618&alias=node9&noUDP&sock=slot1_39_3782_82d3_179471>
...
001 (391161.027.000) 2024-01-19 17:33:06 Job executing on host: <172.30.1.209:9618?addrs=172.30.1.209-9618&alias=node9&noUDP&sock=startd_3748_650d>
...
040 (391161.027.000) 2024-01-19 17:33:06 Finished transferring input files
...
006 (391161.027.000) 2024-01-19 17:33:15 Image size of job updated: 496788
	182  -  MemoryUsage of job (MB)
	185704  -  ResidentSetSize of job (KB)
...
006 (391161.027.000) 2024-01-19 17:34:55 Image size of job updated: 835856
	182  -  MemoryUsage of job (MB)
	185704  -  ResidentSetSize of job (KB)
...
040 (391161.027.000) 2024-01-19 17:34:55 Started transferring output files
...
040 (391161.027.000) 2024-01-19 17:34:55 Finished transferring output files
...
005 (391161.027.000) 2024-01-19 17:34:55 Job terminated.
	(1) Normal termination (return value 0)
		Usr 0 00:01:10, Sys 0 00:00:07  -  Run Remote Usage
		Usr 0 00:00:00, Sys 0 00:00:00  -  Run Local Usage
		Usr 0 00:01:10, Sys 0 00:00:07  -  Total Remote Usage
		Usr 0 00:00:00, Sys 0 00:00:00  -  Total Local Usage
	7469647  -  Run Bytes Sent By Job
	186686  -  Run Bytes Received By Job
	7469647  -  Total Bytes Sent By Job
	186686  -  Total Bytes Received By Job
	Partitionable Resources :    Usage  Request Allocated 
	   Cpus                 :                 1         1 
	   Disk (KB)            :     7545      200    128928 
	   Memory (MB)          :      182     3900      3968 

	Job terminated of its own accord at 2024-01-19T08:34:55Z.
...
000 (391162.027.000) 2024-01-19 17:42:17 Job submitted from host: <172.30.1.200:9618?addrs=172.30.1.200-9618&alias=tamsa2.snu.ac.kr&noUDP&sock=schedd_3625_06e6>
...
040 (391162.027.000) 2024-01-19 17:42:29 Started transferring input files
	Transferring to host: <172.30.1.209:9618?addrs=172.30.1.209-9618&alias=node9&noUDP&sock=slot1_38_3782_82d3_179490>
...
001 (391162.027.000) 2024-01-19 17:42:29 Job executing on host: <172.30.1.209:9618?addrs=172.30.1.209-9618&alias=node9&noUDP&sock=startd_3748_650d>
...
040 (391162.027.000) 2024-01-19 17:42:29 Finished transferring input files
...
006 (391162.027.000) 2024-01-19 17:42:37 Image size of job updated: 186744
	183  -  MemoryUsage of job (MB)
	186744  -  ResidentSetSize of job (KB)
...
006 (391162.027.000) 2024-01-19 17:44:12 Image size of job updated: 836244
	183  -  MemoryUsage of job (MB)
	186744  -  ResidentSetSize of job (KB)
...
040 (391162.027.000) 2024-01-19 17:44:12 Started transferring output files
...
040 (391162.027.000) 2024-01-19 17:44:15 Finished transferring output files
...
005 (391162.027.000) 2024-01-19 17:44:15 Job terminated.
	(1) Normal termination (return value 0)
		Usr 0 00:01:09, Sys 0 00:00:07  -  Run Remote Usage
		Usr 0 00:00:00, Sys 0 00:00:00  -  Run Local Usage
		Usr 0 00:01:09, Sys 0 00:00:07  -  Total Remote Usage
		Usr 0 00:00:00, Sys 0 00:00:00  -  Total Local Usage
	7465015  -  Run Bytes Sent By Job
	187104  -  Run Bytes Received By Job
	7465015  -  Total Bytes Sent By Job
	187104  -  Total Bytes Received By Job
	Partitionable Resources :    Usage  Request Allocated 
	   Cpus                 :                 1         1 
	   Disk (KB)            :     7540      200    128928 
	   Memory (MB)          :      183     3900      3968 

	Job terminated of its own accord at 2024-01-19T08:44:12Z.
...
000 (391163.027.000) 2024-01-19 17:55:44 Job submitted from host: <172.30.1.200:9618?addrs=172.30.1.200-9618&alias=tamsa2.snu.ac.kr&noUDP&sock=schedd_3625_06e6>
...
040 (391163.027.000) 2024-01-19 17:55:57 Started transferring input files
	Transferring to host: <172.30.1.101:9618?addrs=172.30.1.101-9618&alias=n1&noUDP&sock=slot1_48_3437_6d65_45378>
...
040 (391163.027.000) 2024-01-19 17:55:57 Finished transferring input files
...
001 (391163.027.000) 2024-01-19 17:55:57 Job executing on host: <172.30.1.101:9618?addrs=172.30.1.101-9618&alias=n1&noUDP&sock=startd_3403_c0e0>
...
006 (391163.027.000) 2024-01-19 17:56:06 Image size of job updated: 139088
	17  -  MemoryUsage of job (MB)
	16580  -  ResidentSetSize of job (KB)
...
006 (391163.027.000) 2024-01-19 18:01:06 Image size of job updated: 867616
	183  -  MemoryUsage of job (MB)
	186752  -  ResidentSetSize of job (KB)
...
006 (391163.027.000) 2024-01-19 18:03:19 Image size of job updated: 869508
	183  -  MemoryUsage of job (MB)
	186752  -  ResidentSetSize of job (KB)
...
004 (391163.027.000) 2024-01-19 18:03:19 Job was evicted.
	(0) CPU times
		Usr 0 00:06:20, Sys 0 00:00:28  -  Run Remote Usage
		Usr 0 00:00:00, Sys 0 00:00:00  -  Run Local Usage
	0  -  Run Bytes Sent By Job
	186100  -  Run Bytes Received By Job
	Partitionable Resources :    Usage  Request Allocated 
	   Cpus                 :     0.85        1         1 
	   Disk (KB)            : 15221         200    127948 
	   Memory (MB)          :   183        3900      3968 
...
009 (391163.027.000) 2024-01-19 18:03:19 Job was aborted.
	via condor_rm (by user shin)
...
000 (391164.027.000) 2024-01-19 18:03:23 Job submitted from host: <172.30.1.200:9618?addrs=172.30.1.200-9618&alias=tamsa2.snu.ac.kr&noUDP&sock=schedd_3625_06e6>
...
040 (391164.027.000) 2024-01-19 18:03:38 Started transferring input files
	Transferring to host: <172.30.1.101:9618?addrs=172.30.1.101-9618&alias=n1&noUDP&sock=slot1_46_3437_6d65_45390>
...
040 (391164.027.000) 2024-01-19 18:03:38 Finished transferring input files
...
001 (391164.027.000) 2024-01-19 18:03:39 Job executing on host: <172.30.1.101:9618?addrs=172.30.1.101-9618&alias=n1&noUDP&sock=startd_3403_c0e0>
...
006 (391164.027.000) 2024-01-19 18:03:47 Image size of job updated: 139088
	74  -  MemoryUsage of job (MB)
	75368  -  ResidentSetSize of job (KB)
...
006 (391164.027.000) 2024-01-19 18:08:47 Image size of job updated: 869420
	183  -  MemoryUsage of job (MB)
	186828  -  ResidentSetSize of job (KB)
...
006 (391164.027.000) 2024-01-19 18:13:20 Image size of job updated: 871160
	183  -  MemoryUsage of job (MB)
	186828  -  ResidentSetSize of job (KB)
...
040 (391164.027.000) 2024-01-19 18:13:20 Started transferring output files
...
040 (391164.027.000) 2024-01-19 18:13:21 Finished transferring output files
...
005 (391164.027.000) 2024-01-19 18:13:21 Job terminated.
	(1) Normal termination (return value 0)
		Usr 0 00:08:36, Sys 0 00:00:35  -  Run Remote Usage
		Usr 0 00:00:00, Sys 0 00:00:00  -  Run Local Usage
		Usr 0 00:08:36, Sys 0 00:00:35  -  Total Remote Usage
		Usr 0 00:00:00, Sys 0 00:00:00  -  Total Local Usage
	60449180  -  Run Bytes Sent By Job
	186386  -  Run Bytes Received By Job
	60449180  -  Total Bytes Sent By Job
	186386  -  Total Bytes Received By Job
	Partitionable Resources :    Usage  Request Allocated 
	   Cpus                 :     0.92        1         1 
	   Disk (KB)            : 59287         200    127948 
	   Memory (MB)          :   183        3900      3968 

	Job terminated of its own accord at 2024-01-19T09:13:20Z.
...
000 (391165.027.000) 2024-01-19 22:41:31 Job submitted from host: <172.30.1.200:9618?addrs=172.30.1.200-9618&alias=tamsa2.snu.ac.kr&noUDP&sock=schedd_3625_06e6>
...
040 (391165.027.000) 2024-01-19 22:41:35 Started transferring input files
	Transferring to host: <172.30.1.204:9618?addrs=172.30.1.204-9618&alias=node4&noUDP&sock=slot1_36_3725_5971_203507>
...
001 (391165.027.000) 2024-01-19 22:41:35 Job executing on host: <172.30.1.204:9618?addrs=172.30.1.204-9618&alias=node4&noUDP&sock=startd_3691_4c27>
...
040 (391165.027.000) 2024-01-19 22:41:35 Finished transferring input files
...
006 (391165.027.000) 2024-01-19 22:41:44 Image size of job updated: 139088
	68  -  MemoryUsage of job (MB)
	69436  -  ResidentSetSize of job (KB)
...
006 (391165.027.000) 2024-01-19 22:43:35 Image size of job updated: 846564
	68  -  MemoryUsage of job (MB)
	69436  -  ResidentSetSize of job (KB)
...
040 (391165.027.000) 2024-01-19 22:43:35 Started transferring output files
...
040 (391165.027.000) 2024-01-19 22:43:35 Finished transferring output files
...
005 (391165.027.000) 2024-01-19 22:43:35 Job terminated.
	(1) Normal termination (return value 0)
		Usr 0 00:01:09, Sys 0 00:00:07  -  Run Remote Usage
		Usr 0 00:00:00, Sys 0 00:00:00  -  Run Local Usage
		Usr 0 00:01:09, Sys 0 00:00:07  -  Total Remote Usage
		Usr 0 00:00:00, Sys 0 00:00:00  -  Total Local Usage
	7473695  -  Run Bytes Sent By Job
	185908  -  Run Bytes Received By Job
	7473695  -  Total Bytes Sent By Job
	185908  -  Total Bytes Received By Job
	Partitionable Resources :    Usage  Request Allocated 
	   Cpus                 :        0        1         1 
	   Disk (KB)            :     7554      200    128928 
	   Memory (MB)          :       68     3900      3968 

	Job terminated of its own accord at 2024-01-19T13:43:35Z.
...
000 (391166.027.000) 2024-01-19 22:44:51 Job submitted from host: <172.30.1.200:9618?addrs=172.30.1.200-9618&alias=tamsa2.snu.ac.kr&noUDP&sock=schedd_3625_06e6>
...
040 (391166.027.000) 2024-01-19 22:45:01 Started transferring input files
	Transferring to host: <172.30.1.204:9618?addrs=172.30.1.204-9618&alias=node4&noUDP&sock=slot1_36_3725_5971_203533>
...
001 (391166.027.000) 2024-01-19 22:45:01 Job executing on host: <172.30.1.204:9618?addrs=172.30.1.204-9618&alias=node4&noUDP&sock=startd_3691_4c27>
...
040 (391166.027.000) 2024-01-19 22:45:01 Finished transferring input files
...
006 (391166.027.000) 2024-01-19 22:45:09 Image size of job updated: 584072
	146  -  MemoryUsage of job (MB)
	148800  -  ResidentSetSize of job (KB)
...
006 (391166.027.000) 2024-01-19 22:50:09 Image size of job updated: 870864
	214  -  MemoryUsage of job (MB)
	218824  -  ResidentSetSize of job (KB)
...
006 (391166.027.000) 2024-01-19 22:50:50 Image size of job updated: 875448
	214  -  MemoryUsage of job (MB)
	218824  -  ResidentSetSize of job (KB)
...
040 (391166.027.000) 2024-01-19 22:50:50 Started transferring output files
...
040 (391166.027.000) 2024-01-19 22:50:51 Finished transferring output files
...
005 (391166.027.000) 2024-01-19 22:50:51 Job terminated.
	(1) Normal termination (return value 0)
		Usr 0 00:05:19, Sys 0 00:00:15  -  Run Remote Usage
		Usr 0 00:00:00, Sys 0 00:00:00  -  Run Local Usage
		Usr 0 00:05:19, Sys 0 00:00:15  -  Total Remote Usage
		Usr 0 00:00:00, Sys 0 00:00:00  -  Total Local Usage
	32578648  -  Run Bytes Sent By Job
	185911  -  Run Bytes Received By Job
	32578648  -  Total Bytes Sent By Job
	185911  -  Total Bytes Received By Job
	Partitionable Resources :    Usage  Request Allocated 
	   Cpus                 :     0.74        1         1 
	   Disk (KB)            : 32070         200    128928 
	   Memory (MB)          :   214        3900      3968 

	Job terminated of its own accord at 2024-01-19T13:50:50Z.
...
000 (391167.027.000) 2024-01-19 22:57:44 Job submitted from host: <172.30.1.200:9618?addrs=172.30.1.200-9618&alias=tamsa2.snu.ac.kr&noUDP&sock=schedd_3625_06e6>
...
040 (391167.027.000) 2024-01-19 22:57:48 Started transferring input files
	Transferring to host: <172.30.1.204:9618?addrs=172.30.1.204-9618&alias=node4&noUDP&sock=slot1_38_3725_5971_203561>
...
001 (391167.027.000) 2024-01-19 22:57:48 Job executing on host: <172.30.1.204:9618?addrs=172.30.1.204-9618&alias=node4&noUDP&sock=startd_3691_4c27>
...
040 (391167.027.000) 2024-01-19 22:57:48 Finished transferring input files
...
006 (391167.027.000) 2024-01-19 22:57:57 Image size of job updated: 579004
	94  -  MemoryUsage of job (MB)
	95572  -  ResidentSetSize of job (KB)
...
006 (391167.027.000) 2024-01-19 23:02:58 Image size of job updated: 875284
	94  -  MemoryUsage of job (MB)
	95636  -  ResidentSetSize of job (KB)
...
006 (391167.027.000) 2024-01-19 23:03:30 Image size of job updated: 879384
	94  -  MemoryUsage of job (MB)
	95636  -  ResidentSetSize of job (KB)
...
040 (391167.027.000) 2024-01-19 23:03:30 Started transferring output files
...
040 (391167.027.000) 2024-01-19 23:03:31 Finished transferring output files
...
005 (391167.027.000) 2024-01-19 23:03:31 Job terminated.
	(1) Normal termination (return value 0)
		Usr 0 00:05:09, Sys 0 00:00:15  -  Run Remote Usage
		Usr 0 00:00:00, Sys 0 00:00:00  -  Run Local Usage
		Usr 0 00:05:09, Sys 0 00:00:15  -  Total Remote Usage
		Usr 0 00:00:00, Sys 0 00:00:00  -  Total Local Usage
	32559982  -  Run Bytes Sent By Job
	185911  -  Run Bytes Received By Job
	32559982  -  Total Bytes Sent By Job
	185911  -  Total Bytes Received By Job
	Partitionable Resources :    Usage  Request Allocated 
	   Cpus                 :     0.92        1         1 
	   Disk (KB)            : 32052         200    128928 
	   Memory (MB)          :    94        3900      3968 

	Job terminated of its own accord at 2024-01-19T14:03:30Z.
...
000 (391343.027.000) 2024-01-22 10:59:17 Job submitted from host: <172.30.1.200:9618?addrs=172.30.1.200-9618&alias=tamsa2.snu.ac.kr&noUDP&sock=schedd_3625_06e6>
...
040 (391343.027.000) 2024-01-22 10:59:20 Started transferring input files
	Transferring to host: <172.30.1.216:9618?addrs=172.30.1.216-9618&alias=node16&noUDP&sock=slot1_7_4290_7168_332776>
...
040 (391343.027.000) 2024-01-22 10:59:20 Finished transferring input files
...
001 (391343.027.000) 2024-01-22 10:59:20 Job executing on host: <172.30.1.216:9618?addrs=172.30.1.216-9618&alias=node16&noUDP&sock=startd_4255_2791>
...
006 (391343.027.000) 2024-01-22 10:59:29 Image size of job updated: 1288
	1  -  MemoryUsage of job (MB)
	84  -  ResidentSetSize of job (KB)
...
006 (391343.027.000) 2024-01-22 11:04:30 Image size of job updated: 962708
	257  -  MemoryUsage of job (MB)
	262376  -  ResidentSetSize of job (KB)
...
006 (391343.027.000) 2024-01-22 11:09:30 Image size of job updated: 963016
	257  -  MemoryUsage of job (MB)
	262376  -  ResidentSetSize of job (KB)
...
006 (391343.027.000) 2024-01-22 11:14:30 Image size of job updated: 969156
	295  -  MemoryUsage of job (MB)
	301424  -  ResidentSetSize of job (KB)
...
006 (391343.027.000) 2024-01-22 11:19:31 Image size of job updated: 970016
	295  -  MemoryUsage of job (MB)
	301424  -  ResidentSetSize of job (KB)
...
040 (391343.027.000) 2024-01-22 11:22:31 Started transferring output files
...
040 (391343.027.000) 2024-01-22 11:22:32 Finished transferring output files
...
005 (391343.027.000) 2024-01-22 11:22:32 Job terminated.
	(1) Normal termination (return value 0)
		Usr 0 00:21:14, Sys 0 00:00:56  -  Run Remote Usage
		Usr 0 00:00:00, Sys 0 00:00:00  -  Run Local Usage
		Usr 0 00:21:14, Sys 0 00:00:56  -  Total Remote Usage
		Usr 0 00:00:00, Sys 0 00:00:00  -  Total Local Usage
	31054784  -  Run Bytes Sent By Job
	185924  -  Run Bytes Received By Job
	31054784  -  Total Bytes Sent By Job
	185924  -  Total Bytes Received By Job
	Partitionable Resources :    Usage  Request Allocated 
	   Cpus                 :     1.01        1         1 
	   Disk (KB)            : 30582         200    261111 
	   Memory (MB)          :   295        3900      3968 

	Job terminated of its own accord at 2024-01-22T02:22:31Z.
...
000 (391348.027.000) 2024-01-22 12:29:14 Job submitted from host: <172.30.1.200:9618?addrs=172.30.1.200-9618&alias=tamsa2.snu.ac.kr&noUDP&sock=schedd_3625_06e6>
...
040 (391348.027.000) 2024-01-22 12:29:21 Started transferring input files
	Transferring to host: <172.30.1.216:9618?addrs=172.30.1.216-9618&alias=node16&noUDP&sock=slot1_36_4290_7168_332849>
...
040 (391348.027.000) 2024-01-22 12:29:21 Finished transferring input files
...
001 (391348.027.000) 2024-01-22 12:29:21 Job executing on host: <172.30.1.216:9618?addrs=172.30.1.216-9618&alias=node16&noUDP&sock=startd_4255_2791>
...
006 (391348.027.000) 2024-01-22 12:29:30 Image size of job updated: 139088
	5  -  MemoryUsage of job (MB)
	4952  -  ResidentSetSize of job (KB)
...
006 (391348.027.000) 2024-01-22 12:34:30 Image size of job updated: 965460
	276  -  MemoryUsage of job (MB)
	281644  -  ResidentSetSize of job (KB)
...
006 (391348.027.000) 2024-01-22 12:49:32 Image size of job updated: 965460
	295  -  MemoryUsage of job (MB)
	301308  -  ResidentSetSize of job (KB)
...
040 (391348.027.000) 2024-01-22 12:52:17 Started transferring output files
...
040 (391348.027.000) 2024-01-22 12:52:18 Finished transferring output files
...
005 (391348.027.000) 2024-01-22 12:52:18 Job terminated.
	(1) Normal termination (return value 0)
		Usr 0 00:21:29, Sys 0 00:00:55  -  Run Remote Usage
		Usr 0 00:00:00, Sys 0 00:00:00  -  Run Local Usage
		Usr 0 00:21:29, Sys 0 00:00:55  -  Total Remote Usage
		Usr 0 00:00:00, Sys 0 00:00:00  -  Total Local Usage
	31053862  -  Run Bytes Sent By Job
	186484  -  Run Bytes Received By Job
	31053862  -  Total Bytes Sent By Job
	186484  -  Total Bytes Received By Job
	Partitionable Resources :    Usage  Request Allocated 
	   Cpus                 :     1.00        1         1 
	   Disk (KB)            : 30582         200    261111 
	   Memory (MB)          :   295        3900      3968 

	Job terminated of its own accord at 2024-01-22T03:52:17Z.
...
000 (391350.027.000) 2024-01-22 13:01:44 Job submitted from host: <172.30.1.200:9618?addrs=172.30.1.200-9618&alias=tamsa2.snu.ac.kr&noUDP&sock=schedd_3625_06e6>
...
040 (391350.027.000) 2024-01-22 13:02:04 Started transferring input files
	Transferring to host: <172.30.1.216:9618?addrs=172.30.1.216-9618&alias=node16&noUDP&sock=slot1_36_4290_7168_332889>
...
040 (391350.027.000) 2024-01-22 13:02:04 Finished transferring input files
...
001 (391350.027.000) 2024-01-22 13:02:04 Job executing on host: <172.30.1.216:9618?addrs=172.30.1.216-9618&alias=node16&noUDP&sock=startd_4255_2791>
...
006 (391350.027.000) 2024-01-22 13:02:13 Image size of job updated: 139088
	5  -  MemoryUsage of job (MB)
	4960  -  ResidentSetSize of job (KB)
...
006 (391350.027.000) 2024-01-22 13:07:14 Image size of job updated: 962468
	285  -  MemoryUsage of job (MB)
	291036  -  ResidentSetSize of job (KB)
...
006 (391350.027.000) 2024-01-22 13:12:15 Image size of job updated: 969372
	285  -  MemoryUsage of job (MB)
	291036  -  ResidentSetSize of job (KB)
...
006 (391350.027.000) 2024-01-22 13:22:15 Image size of job updated: 969612
	285  -  MemoryUsage of job (MB)
	291036  -  ResidentSetSize of job (KB)
...
040 (391350.027.000) 2024-01-22 13:24:19 Started transferring output files
...
040 (391350.027.000) 2024-01-22 13:24:20 Finished transferring output files
...
005 (391350.027.000) 2024-01-22 13:24:20 Job terminated.
	(1) Normal termination (return value 0)
		Usr 0 00:20:51, Sys 0 00:00:52  -  Run Remote Usage
		Usr 0 00:00:00, Sys 0 00:00:00  -  Run Local Usage
		Usr 0 00:20:51, Sys 0 00:00:52  -  Total Remote Usage
		Usr 0 00:00:00, Sys 0 00:00:00  -  Total Local Usage
	31058724  -  Run Bytes Sent By Job
	186577  -  Run Bytes Received By Job
	31058724  -  Total Bytes Sent By Job
	186577  -  Total Bytes Received By Job
	Partitionable Resources :    Usage  Request Allocated 
	   Cpus                 :     1.00        1         1 
	   Disk (KB)            : 30586         200    261111 
	   Memory (MB)          :   285        3900      3968 

	Job terminated of its own accord at 2024-01-22T04:24:19Z.
...
000 (391361.027.000) 2024-01-22 13:44:17 Job submitted from host: <172.30.1.200:9618?addrs=172.30.1.200-9618&alias=tamsa2.snu.ac.kr&noUDP&sock=schedd_3625_06e6>
...
040 (391361.027.000) 2024-01-22 13:44:31 Started transferring input files
	Transferring to host: <172.30.1.216:9618?addrs=172.30.1.216-9618&alias=node16&noUDP&sock=slot1_53_4290_7168_333011>
...
040 (391361.027.000) 2024-01-22 13:44:31 Finished transferring input files
...
001 (391361.027.000) 2024-01-22 13:44:31 Job executing on host: <172.30.1.216:9618?addrs=172.30.1.216-9618&alias=node16&noUDP&sock=startd_4255_2791>
...
006 (391361.027.000) 2024-01-22 13:44:41 Image size of job updated: 295656
	68  -  MemoryUsage of job (MB)
	69436  -  ResidentSetSize of job (KB)
...
006 (391361.027.000) 2024-01-22 13:48:44 Image size of job updated: 873108
	68  -  MemoryUsage of job (MB)
	69436  -  ResidentSetSize of job (KB)
...
040 (391361.027.000) 2024-01-22 13:48:44 Started transferring output files
...
040 (391361.027.000) 2024-01-22 13:48:45 Finished transferring output files
...
005 (391361.027.000) 2024-01-22 13:48:45 Job terminated.
	(1) Normal termination (return value 0)
		Usr 0 00:03:32, Sys 0 00:00:13  -  Run Remote Usage
		Usr 0 00:00:00, Sys 0 00:00:00  -  Run Local Usage
		Usr 0 00:03:32, Sys 0 00:00:13  -  Total Remote Usage
		Usr 0 00:00:00, Sys 0 00:00:00  -  Total Local Usage
	31255236  -  Run Bytes Sent By Job
	191813  -  Run Bytes Received By Job
	31255236  -  Total Bytes Sent By Job
	191813  -  Total Bytes Received By Job
	Partitionable Resources :    Usage  Request Allocated 
	   Cpus                 :     1.00        1         1 
	   Disk (KB)            : 30786         200    261111 
	   Memory (MB)          :    68        3900      3968 

	Job terminated of its own accord at 2024-01-22T04:48:44Z.
...
000 (391362.027.000) 2024-01-22 13:50:58 Job submitted from host: <172.30.1.200:9618?addrs=172.30.1.200-9618&alias=tamsa2.snu.ac.kr&noUDP&sock=schedd_3625_06e6>
...
040 (391362.027.000) 2024-01-22 13:51:04 Started transferring input files
	Transferring to host: <172.30.1.216:9618?addrs=172.30.1.216-9618&alias=node16&noUDP&sock=slot1_36_4290_7168_333051>
...
040 (391362.027.000) 2024-01-22 13:51:04 Finished transferring input files
...
001 (391362.027.000) 2024-01-22 13:51:04 Job executing on host: <172.30.1.216:9618?addrs=172.30.1.216-9618&alias=node16&noUDP&sock=startd_4255_2791>
...
006 (391362.027.000) 2024-01-22 13:51:13 Image size of job updated: 139088
	5  -  MemoryUsage of job (MB)
	4960  -  ResidentSetSize of job (KB)
...
006 (391362.027.000) 2024-01-22 13:56:14 Image size of job updated: 962712
	237  -  MemoryUsage of job (MB)
	241896  -  ResidentSetSize of job (KB)
...
006 (391362.027.000) 2024-01-22 14:01:15 Image size of job updated: 969524
	276  -  MemoryUsage of job (MB)
	281728  -  ResidentSetSize of job (KB)
...
006 (391362.027.000) 2024-01-22 14:16:17 Image size of job updated: 969800
	276  -  MemoryUsage of job (MB)
	281728  -  ResidentSetSize of job (KB)
...
040 (391362.027.000) 2024-01-22 14:17:50 Started transferring output files
...
040 (391362.027.000) 2024-01-22 14:17:51 Finished transferring output files
...
005 (391362.027.000) 2024-01-22 14:17:51 Job terminated.
	(1) Normal termination (return value 0)
		Usr 0 00:24:35, Sys 0 00:01:01  -  Run Remote Usage
		Usr 0 00:00:00, Sys 0 00:00:00  -  Run Local Usage
		Usr 0 00:24:35, Sys 0 00:01:01  -  Total Remote Usage
		Usr 0 00:00:00, Sys 0 00:00:00  -  Total Local Usage
	31036762  -  Run Bytes Sent By Job
	191814  -  Run Bytes Received By Job
	31036762  -  Total Bytes Sent By Job
	191814  -  Total Bytes Received By Job
	Partitionable Resources :    Usage  Request Allocated 
	   Cpus                 :     1.01        1         1 
	   Disk (KB)            : 30572         200    261111 
	   Memory (MB)          :   276        3900      3968 

	Job terminated of its own accord at 2024-01-22T05:17:50Z.
...
000 (391496.027.000) 2024-01-22 14:58:10 Job submitted from host: <172.30.1.200:9618?addrs=172.30.1.200-9618&alias=tamsa2.snu.ac.kr&noUDP&sock=schedd_3625_06e6>
...
040 (391496.027.000) 2024-01-22 14:58:21 Started transferring input files
	Transferring to host: <172.30.1.216:9618?addrs=172.30.1.216-9618&alias=node16&noUDP&sock=slot1_39_4290_7168_333219>
...
040 (391496.027.000) 2024-01-22 14:58:21 Finished transferring input files
...
001 (391496.027.000) 2024-01-22 14:58:21 Job executing on host: <172.30.1.216:9618?addrs=172.30.1.216-9618&alias=node16&noUDP&sock=startd_4255_2791>
...
006 (391496.027.000) 2024-01-22 14:58:29 Image size of job updated: 139088
	5  -  MemoryUsage of job (MB)
	4952  -  ResidentSetSize of job (KB)
...
006 (391496.027.000) 2024-01-22 15:03:29 Image size of job updated: 953088
	218  -  MemoryUsage of job (MB)
	222300  -  ResidentSetSize of job (KB)
...
006 (391496.027.000) 2024-01-22 15:08:31 Image size of job updated: 962480
	246  -  MemoryUsage of job (MB)
	251456  -  ResidentSetSize of job (KB)
...
006 (391496.027.000) 2024-01-22 15:13:31 Image size of job updated: 965272
	285  -  MemoryUsage of job (MB)
	291044  -  ResidentSetSize of job (KB)
...
006 (391496.027.000) 2024-01-22 15:18:31 Image size of job updated: 970124
	285  -  MemoryUsage of job (MB)
	291044  -  ResidentSetSize of job (KB)
...
040 (391496.027.000) 2024-01-22 15:30:33 Started transferring output files
...
040 (391496.027.000) 2024-01-22 15:30:35 Finished transferring output files
...
005 (391496.027.000) 2024-01-22 15:30:35 Job terminated.
	(1) Normal termination (return value 0)
		Usr 0 00:30:08, Sys 0 00:01:17  -  Run Remote Usage
		Usr 0 00:00:00, Sys 0 00:00:00  -  Run Local Usage
		Usr 0 00:30:08, Sys 0 00:01:17  -  Total Remote Usage
		Usr 0 00:00:00, Sys 0 00:00:00  -  Total Local Usage
	31037644  -  Run Bytes Sent By Job
	191814  -  Run Bytes Received By Job
	31037644  -  Total Bytes Sent By Job
	191814  -  Total Bytes Received By Job
	Partitionable Resources :    Usage  Request Allocated 
	   Cpus                 :     0.96        1         1 
	   Disk (KB)            : 30573         200    261111 
	   Memory (MB)          :   285        3900      3968 

	Job terminated of its own accord at 2024-01-22T06:30:33Z.
...
000 (391511.027.000) 2024-01-22 15:59:41 Job submitted from host: <172.30.1.200:9618?addrs=172.30.1.200-9618&alias=tamsa2.snu.ac.kr&noUDP&sock=schedd_3625_06e6>
...
040 (391511.027.000) 2024-01-22 15:59:55 Started transferring input files
	Transferring to host: <172.30.1.214:9618?addrs=172.30.1.214-9618&alias=node14&noUDP&sock=slot1_50_4480_50af_235852>
...
040 (391511.027.000) 2024-01-22 15:59:55 Finished transferring input files
...
001 (391511.027.000) 2024-01-22 15:59:55 Job executing on host: <172.30.1.214:9618?addrs=172.30.1.214-9618&alias=node14&noUDP&sock=startd_4446_2a28>
...
006 (391511.027.000) 2024-01-22 16:00:04 Image size of job updated: 139344
	11  -  MemoryUsage of job (MB)
	10764  -  ResidentSetSize of job (KB)
...
006 (391511.027.000) 2024-01-22 16:05:05 Image size of job updated: 952980
	216  -  MemoryUsage of job (MB)
	220984  -  ResidentSetSize of job (KB)
...
006 (391511.027.000) 2024-01-22 16:10:05 Image size of job updated: 969688
	246  -  MemoryUsage of job (MB)
	251628  -  ResidentSetSize of job (KB)
...
006 (391511.027.000) 2024-01-22 16:15:06 Image size of job updated: 969688
	294  -  MemoryUsage of job (MB)
	300660  -  ResidentSetSize of job (KB)
...
006 (391511.027.000) 2024-01-22 16:25:07 Image size of job updated: 969936
	295  -  MemoryUsage of job (MB)
	301872  -  ResidentSetSize of job (KB)
...
040 (391511.027.000) 2024-01-22 16:28:04 Started transferring output files
...
040 (391511.027.000) 2024-01-22 16:28:05 Finished transferring output files
...
005 (391511.027.000) 2024-01-22 16:28:05 Job terminated.
	(1) Normal termination (return value 0)
		Usr 0 00:26:22, Sys 0 00:01:16  -  Run Remote Usage
		Usr 0 00:00:00, Sys 0 00:00:00  -  Run Local Usage
		Usr 0 00:26:22, Sys 0 00:01:16  -  Total Remote Usage
		Usr 0 00:00:00, Sys 0 00:00:00  -  Total Local Usage
	31038634  -  Run Bytes Sent By Job
	191824  -  Run Bytes Received By Job
	31038634  -  Total Bytes Sent By Job
	191824  -  Total Bytes Received By Job
	Partitionable Resources :    Usage  Request Allocated 
	   Cpus                 :     1.00        1         1 
	   Disk (KB)            : 30574         200    261111 
	   Memory (MB)          :   295        3900      3968 

	Job terminated of its own accord at 2024-01-22T07:28:04Z.
...
000 (391574.027.000) 2024-01-22 23:14:59 Job submitted from host: <172.30.1.200:9618?addrs=172.30.1.200-9618&alias=tamsa2.snu.ac.kr&noUDP&sock=schedd_3625_06e6>
...
040 (391574.027.000) 2024-01-22 23:15:06 Started transferring input files
	Transferring to host: <172.30.1.216:9618?addrs=172.30.1.216-9618&alias=node16&noUDP&sock=slot1_28_4290_7168_334245>
...
040 (391574.027.000) 2024-01-22 23:15:06 Finished transferring input files
...
001 (391574.027.000) 2024-01-22 23:15:06 Job executing on host: <172.30.1.216:9618?addrs=172.30.1.216-9618&alias=node16&noUDP&sock=startd_4255_2791>
...
006 (391574.027.000) 2024-01-22 23:15:14 Image size of job updated: 139344
	5  -  MemoryUsage of job (MB)
	4956  -  ResidentSetSize of job (KB)
...
006 (391574.027.000) 2024-01-22 23:20:14 Image size of job updated: 952896
	267  -  MemoryUsage of job (MB)
	273016  -  ResidentSetSize of job (KB)
...
006 (391574.027.000) 2024-01-22 23:25:15 Image size of job updated: 969112
	309  -  MemoryUsage of job (MB)
	315936  -  ResidentSetSize of job (KB)
...
004 (391574.027.000) 2024-01-22 23:35:24 Job was evicted.
	(0) CPU times
		Usr 0 00:18:47, Sys 0 00:00:49  -  Run Remote Usage
		Usr 0 00:00:00, Sys 0 00:00:00  -  Run Local Usage
	0  -  Run Bytes Sent By Job
	191685  -  Run Bytes Received By Job
	Partitionable Resources :    Usage  Request Allocated 
	   Cpus                 :     1.00        1         1 
	   Disk (KB)            : 10932         200    261111 
	   Memory (MB)          :   309        3900      3968 
...
009 (391574.027.000) 2024-01-22 23:35:24 Job was aborted.
	via condor_rm (by user shin)
...
000 (391577.027.000) 2024-01-22 23:35:26 Job submitted from host: <172.30.1.200:9618?addrs=172.30.1.200-9618&alias=tamsa2.snu.ac.kr&noUDP&sock=schedd_3625_06e6>
...
040 (391577.027.000) 2024-01-22 23:35:37 Started transferring input files
	Transferring to host: <172.30.1.216:9618?addrs=172.30.1.216-9618&alias=node16&noUDP&sock=slot1_28_4290_7168_334305>
...
040 (391577.027.000) 2024-01-22 23:35:37 Finished transferring input files
...
001 (391577.027.000) 2024-01-22 23:35:37 Job executing on host: <172.30.1.216:9618?addrs=172.30.1.216-9618&alias=node16&noUDP&sock=startd_4255_2791>
...
006 (391577.027.000) 2024-01-22 23:35:45 Image size of job updated: 139088
	5  -  MemoryUsage of job (MB)
	4956  -  ResidentSetSize of job (KB)
...
006 (391577.027.000) 2024-01-22 23:40:45 Image size of job updated: 952796
	226  -  MemoryUsage of job (MB)
	230412  -  ResidentSetSize of job (KB)
...
006 (391577.027.000) 2024-01-22 23:45:46 Image size of job updated: 969436
	256  -  MemoryUsage of job (MB)
	261912  -  ResidentSetSize of job (KB)
...
006 (391577.027.000) 2024-01-22 23:50:47 Image size of job updated: 969436
	287  -  MemoryUsage of job (MB)
	293096  -  ResidentSetSize of job (KB)
...
006 (391577.027.000) 2024-01-22 23:55:49 Image size of job updated: 969436
	287  -  MemoryUsage of job (MB)
	293128  -  ResidentSetSize of job (KB)
...
040 (391577.027.000) 2024-01-23 00:04:56 Started transferring output files
...
040 (391577.027.000) 2024-01-23 00:04:56 Finished transferring output files
...
005 (391577.027.000) 2024-01-23 00:04:57 Job terminated.
	(1) Normal termination (return value 0)
		Usr 0 00:27:43, Sys 0 00:01:15  -  Run Remote Usage
		Usr 0 00:00:00, Sys 0 00:00:00  -  Run Local Usage
		Usr 0 00:27:43, Sys 0 00:01:15  -  Total Remote Usage
		Usr 0 00:00:00, Sys 0 00:00:00  -  Total Local Usage
	31034356  -  Run Bytes Sent By Job
	191687  -  Run Bytes Received By Job
	31034356  -  Total Bytes Sent By Job
	191687  -  Total Bytes Received By Job
	Partitionable Resources :    Usage  Request Allocated 
	   Cpus                 :     1.00        1         1 
	   Disk (KB)            : 30570         200    261111 
	   Memory (MB)          :   287        3900      3968 

	Job terminated of its own accord at 2024-01-22T15:04:56Z.
...
000 (391582.027.000) 2024-01-23 10:33:35 Job submitted from host: <172.30.1.200:9618?addrs=172.30.1.200-9618&alias=tamsa2.snu.ac.kr&noUDP&sock=schedd_3625_06e6>
...
040 (391582.027.000) 2024-01-23 10:33:38 Started transferring input files
	Transferring to host: <172.30.1.216:9618?addrs=172.30.1.216-9618&alias=node16&noUDP&sock=slot1_7_4290_7168_337524>
...
040 (391582.027.000) 2024-01-23 10:33:38 Finished transferring input files
...
001 (391582.027.000) 2024-01-23 10:33:38 Job executing on host: <172.30.1.216:9618?addrs=172.30.1.216-9618&alias=node16&noUDP&sock=startd_4255_2791>
...
006 (391582.027.000) 2024-01-23 10:33:46 Image size of job updated: 1288
	1  -  MemoryUsage of job (MB)
	84  -  ResidentSetSize of job (KB)
...
006 (391582.027.000) 2024-01-23 10:38:46 Image size of job updated: 953204
	255  -  MemoryUsage of job (MB)
	261116  -  ResidentSetSize of job (KB)
...
006 (391582.027.000) 2024-01-23 10:43:46 Image size of job updated: 954572
	255  -  MemoryUsage of job (MB)
	261116  -  ResidentSetSize of job (KB)
...
006 (391582.027.000) 2024-01-23 10:48:47 Image size of job updated: 966068
	255  -  MemoryUsage of job (MB)
	261116  -  ResidentSetSize of job (KB)
...
040 (391582.027.000) 2024-01-23 10:56:17 Started transferring output files
...
040 (391582.027.000) 2024-01-23 10:56:21 Finished transferring output files
...
005 (391582.027.000) 2024-01-23 10:56:21 Job terminated.
	(1) Normal termination (return value 0)
		Usr 0 00:20:48, Sys 0 00:00:53  -  Run Remote Usage
		Usr 0 00:00:00, Sys 0 00:00:00  -  Run Local Usage
		Usr 0 00:20:48, Sys 0 00:00:53  -  Total Remote Usage
		Usr 0 00:00:00, Sys 0 00:00:00  -  Total Local Usage
	31034208  -  Run Bytes Sent By Job
	191687  -  Run Bytes Received By Job
	31034208  -  Total Bytes Sent By Job
	191687  -  Total Bytes Received By Job
	Partitionable Resources :    Usage  Request Allocated 
	   Cpus                 :     1.01        1         1 
	   Disk (KB)            : 30570         200    261111 
	   Memory (MB)          :   255        3900      3968 

	Job terminated of its own accord at 2024-01-23T01:56:17Z.
...
