000 (390874.012.000) 2024-01-18 20:28:10 Job submitted from host: <172.30.1.200:9618?addrs=172.30.1.200-9618&alias=tamsa2.snu.ac.kr&noUDP&sock=schedd_3625_06e6>
...
040 (390874.012.000) 2024-01-18 20:28:24 Started transferring input files
	Transferring to host: <172.30.1.213:9618?addrs=172.30.1.213-9618&alias=node13&noUDP&sock=slot1_53_4363_e0ca_274563>
...
001 (390874.012.000) 2024-01-18 20:28:24 Job executing on host: <172.30.1.213:9618?addrs=172.30.1.213-9618&alias=node13&noUDP&sock=startd_4329_e993>
...
040 (390874.012.000) 2024-01-18 20:28:24 Finished transferring input files
...
006 (390874.012.000) 2024-01-18 20:28:33 Image size of job updated: 139604
	68  -  MemoryUsage of job (MB)
	69404  -  ResidentSetSize of job (KB)
...
006 (390874.012.000) 2024-01-18 20:30:44 Image size of job updated: 846540
	68  -  MemoryUsage of job (MB)
	69460  -  ResidentSetSize of job (KB)
...
040 (390874.012.000) 2024-01-18 20:30:45 Started transferring output files
...
040 (390874.012.000) 2024-01-18 20:30:45 Finished transferring output files
...
005 (390874.012.000) 2024-01-18 20:30:45 Job terminated.
	(1) Normal termination (return value 0)
		Usr 0 00:01:18, Sys 0 00:00:08  -  Run Remote Usage
		Usr 0 00:00:00, Sys 0 00:00:00  -  Run Local Usage
		Usr 0 00:01:18, Sys 0 00:00:08  -  Total Remote Usage
		Usr 0 00:00:00, Sys 0 00:00:00  -  Total Local Usage
	13820829  -  Run Bytes Sent By Job
	181578  -  Run Bytes Received By Job
	13820829  -  Total Bytes Sent By Job
	181578  -  Total Bytes Received By Job
	Partitionable Resources :    Usage  Request Allocated 
	   Cpus                 :                 1         1 
	   Disk (KB)            :    13741      200    261111 
	   Memory (MB)          :       68     3900      3968 

	Job terminated of its own accord at 2024-01-18T11:30:44Z.
...
000 (390875.012.000) 2024-01-18 20:45:32 Job submitted from host: <172.30.1.200:9618?addrs=172.30.1.200-9618&alias=tamsa2.snu.ac.kr&noUDP&sock=schedd_3625_06e6>
...
040 (390875.012.000) 2024-01-18 20:45:46 Started transferring input files
	Transferring to host: <172.30.1.211:9618?addrs=172.30.1.211-9618&alias=node11&noUDP&sock=slot1_20_3735_6531_176916>
...
040 (390875.012.000) 2024-01-18 20:45:46 Finished transferring input files
...
001 (390875.012.000) 2024-01-18 20:45:46 Job executing on host: <172.30.1.211:9618?addrs=172.30.1.211-9618&alias=node11&noUDP&sock=startd_3699_c8e9>
...
006 (390875.012.000) 2024-01-18 20:45:54 Image size of job updated: 139344
	5  -  MemoryUsage of job (MB)
	4960  -  ResidentSetSize of job (KB)
...
006 (390875.012.000) 2024-01-18 20:50:54 Image size of job updated: 867636
	146  -  MemoryUsage of job (MB)
	149188  -  ResidentSetSize of job (KB)
...
006 (390875.012.000) 2024-01-18 20:51:23 Image size of job updated: 872120
	146  -  MemoryUsage of job (MB)
	149376  -  ResidentSetSize of job (KB)
...
040 (390875.012.000) 2024-01-18 20:51:23 Started transferring output files
...
040 (390875.012.000) 2024-01-18 20:51:29 Finished transferring output files
...
005 (390875.012.000) 2024-01-18 20:51:29 Job terminated.
	(1) Normal termination (return value 0)
		Usr 0 00:03:50, Sys 0 00:00:17  -  Run Remote Usage
		Usr 0 00:00:00, Sys 0 00:00:00  -  Run Local Usage
		Usr 0 00:03:50, Sys 0 00:00:17  -  Total Remote Usage
		Usr 0 00:00:00, Sys 0 00:00:00  -  Total Local Usage
	102810552  -  Run Bytes Sent By Job
	182042  -  Run Bytes Received By Job
	102810552  -  Total Bytes Sent By Job
	182042  -  Total Bytes Received By Job
	Partitionable Resources :     Usage  Request Allocated 
	   Cpus                 :      0.91        1         1 
	   Disk (KB)            : 100651         200    128928 
	   Memory (MB)          :    146        3900      3968 

	Job terminated of its own accord at 2024-01-18T11:51:23Z.
...
000 (390886.012.000) 2024-01-18 21:10:43 Job submitted from host: <172.30.1.200:9618?addrs=172.30.1.200-9618&alias=tamsa2.snu.ac.kr&noUDP&sock=schedd_3625_06e6>
...
040 (390886.012.000) 2024-01-18 21:10:45 Started transferring input files
	Transferring to host: <172.30.1.211:9618?addrs=172.30.1.211-9618&alias=node11&noUDP&sock=slot1_11_3735_6531_176930>
...
001 (390886.012.000) 2024-01-18 21:10:45 Job executing on host: <172.30.1.211:9618?addrs=172.30.1.211-9618&alias=node11&noUDP&sock=startd_3699_c8e9>
...
040 (390886.012.000) 2024-01-18 21:10:45 Finished transferring input files
...
006 (390886.012.000) 2024-01-18 21:10:53 Image size of job updated: 139344
	68  -  MemoryUsage of job (MB)
	69432  -  ResidentSetSize of job (KB)
...
006 (390886.012.000) 2024-01-18 21:12:23 Image size of job updated: 843232
	68  -  MemoryUsage of job (MB)
	69432  -  ResidentSetSize of job (KB)
...
040 (390886.012.000) 2024-01-18 21:12:23 Started transferring output files
...
040 (390886.012.000) 2024-01-18 21:12:23 Finished transferring output files
...
005 (390886.012.000) 2024-01-18 21:12:23 Job terminated.
	(1) Normal termination (return value 0)
		Usr 0 00:01:07, Sys 0 00:00:07  -  Run Remote Usage
		Usr 0 00:00:00, Sys 0 00:00:00  -  Run Local Usage
		Usr 0 00:01:07, Sys 0 00:00:07  -  Total Remote Usage
		Usr 0 00:00:00, Sys 0 00:00:00  -  Total Local Usage
	7473247  -  Run Bytes Sent By Job
	181210  -  Run Bytes Received By Job
	7473247  -  Total Bytes Sent By Job
	181210  -  Total Bytes Received By Job
	Partitionable Resources :    Usage  Request Allocated 
	   Cpus                 :                 1         1 
	   Disk (KB)            :     7541      200    128928 
	   Memory (MB)          :       68     3900      3968 

	Job terminated of its own accord at 2024-01-18T12:12:23Z.
...
000 (390887.012.000) 2024-01-18 21:19:38 Job submitted from host: <172.30.1.200:9618?addrs=172.30.1.200-9618&alias=tamsa2.snu.ac.kr&noUDP&sock=schedd_3625_06e6>
...
040 (390887.012.000) 2024-01-18 21:19:39 Started transferring input files
	Transferring to host: <172.30.1.211:9618?addrs=172.30.1.211-9618&alias=node11&noUDP&sock=slot1_10_3735_6531_176947>
...
001 (390887.012.000) 2024-01-18 21:19:39 Job executing on host: <172.30.1.211:9618?addrs=172.30.1.211-9618&alias=node11&noUDP&sock=startd_3699_c8e9>
...
040 (390887.012.000) 2024-01-18 21:19:39 Finished transferring input files
...
006 (390887.012.000) 2024-01-18 21:19:48 Image size of job updated: 561380
	182  -  MemoryUsage of job (MB)
	185388  -  ResidentSetSize of job (KB)
...
006 (390887.012.000) 2024-01-18 21:23:14 Image size of job updated: 867520
	182  -  MemoryUsage of job (MB)
	185388  -  ResidentSetSize of job (KB)
...
040 (390887.012.000) 2024-01-18 21:23:14 Started transferring output files
...
040 (390887.012.000) 2024-01-18 21:23:14 Finished transferring output files
...
005 (390887.012.000) 2024-01-18 21:23:15 Job terminated.
	(1) Normal termination (return value 0)
		Usr 0 00:03:09, Sys 0 00:00:15  -  Run Remote Usage
		Usr 0 00:00:00, Sys 0 00:00:00  -  Run Local Usage
		Usr 0 00:03:09, Sys 0 00:00:15  -  Total Remote Usage
		Usr 0 00:00:00, Sys 0 00:00:00  -  Total Local Usage
	34697380  -  Run Bytes Sent By Job
	181210  -  Run Bytes Received By Job
	34697380  -  Total Bytes Sent By Job
	181210  -  Total Bytes Received By Job
	Partitionable Resources :    Usage  Request Allocated 
	   Cpus                 :     0.70        1         1 
	   Disk (KB)            : 34133         200    128928 
	   Memory (MB)          :   182        3900      3968 

	Job terminated of its own accord at 2024-01-18T12:23:14Z.
...
000 (390888.012.000) 2024-01-18 21:30:57 Job submitted from host: <172.30.1.200:9618?addrs=172.30.1.200-9618&alias=tamsa2.snu.ac.kr&noUDP&sock=schedd_3625_06e6>
...
040 (390888.012.000) 2024-01-18 21:31:00 Started transferring input files
	Transferring to host: <172.30.1.211:9618?addrs=172.30.1.211-9618&alias=node11&noUDP&sock=slot1_20_3735_6531_176969>
...
040 (390888.012.000) 2024-01-18 21:31:00 Finished transferring input files
...
001 (390888.012.000) 2024-01-18 21:31:00 Job executing on host: <172.30.1.211:9618?addrs=172.30.1.211-9618&alias=node11&noUDP&sock=startd_3699_c8e9>
...
006 (390888.012.000) 2024-01-18 21:31:09 Image size of job updated: 833764
	182  -  MemoryUsage of job (MB)
	185708  -  ResidentSetSize of job (KB)
...
006 (390888.012.000) 2024-01-18 21:34:30 Image size of job updated: 869076
	182  -  MemoryUsage of job (MB)
	185708  -  ResidentSetSize of job (KB)
...
040 (390888.012.000) 2024-01-18 21:34:30 Started transferring output files
...
040 (390888.012.000) 2024-01-18 21:34:31 Finished transferring output files
...
005 (390888.012.000) 2024-01-18 21:34:31 Job terminated.
	(1) Normal termination (return value 0)
		Usr 0 00:03:04, Sys 0 00:00:14  -  Run Remote Usage
		Usr 0 00:00:00, Sys 0 00:00:00  -  Run Local Usage
		Usr 0 00:03:04, Sys 0 00:00:14  -  Total Remote Usage
		Usr 0 00:00:00, Sys 0 00:00:00  -  Total Local Usage
	33799640  -  Run Bytes Sent By Job
	181214  -  Run Bytes Received By Job
	33799640  -  Total Bytes Sent By Job
	181214  -  Total Bytes Received By Job
	Partitionable Resources :    Usage  Request Allocated 
	   Cpus                 :                 1         1 
	   Disk (KB)            :    33250      200    128928 
	   Memory (MB)          :      182     3900      3968 

	Job terminated of its own accord at 2024-01-18T12:34:30Z.
...
000 (390894.012.000) 2024-01-18 21:35:52 Job submitted from host: <172.30.1.200:9618?addrs=172.30.1.200-9618&alias=tamsa2.snu.ac.kr&noUDP&sock=schedd_3625_06e6>
...
040 (390894.012.000) 2024-01-18 21:36:09 Started transferring input files
	Transferring to host: <172.30.1.211:9618?addrs=172.30.1.211-9618&alias=node11&noUDP&sock=slot1_21_3735_6531_176988>
...
040 (390894.012.000) 2024-01-18 21:36:09 Finished transferring input files
...
001 (390894.012.000) 2024-01-18 21:36:09 Job executing on host: <172.30.1.211:9618?addrs=172.30.1.211-9618&alias=node11&noUDP&sock=startd_3699_c8e9>
...
006 (390894.012.000) 2024-01-18 21:36:17 Image size of job updated: 561380
	176  -  MemoryUsage of job (MB)
	179640  -  ResidentSetSize of job (KB)
...
006 (390894.012.000) 2024-01-18 21:39:39 Image size of job updated: 871780
	176  -  MemoryUsage of job (MB)
	179648  -  ResidentSetSize of job (KB)
...
040 (390894.012.000) 2024-01-18 21:39:39 Started transferring output files
...
040 (390894.012.000) 2024-01-18 21:39:40 Finished transferring output files
...
005 (390894.012.000) 2024-01-18 21:39:40 Job terminated.
	(1) Normal termination (return value 0)
		Usr 0 00:03:04, Sys 0 00:00:14  -  Run Remote Usage
		Usr 0 00:00:00, Sys 0 00:00:00  -  Run Local Usage
		Usr 0 00:03:04, Sys 0 00:00:14  -  Total Remote Usage
		Usr 0 00:00:00, Sys 0 00:00:00  -  Total Local Usage
	33730460  -  Run Bytes Sent By Job
	181194  -  Run Bytes Received By Job
	33730460  -  Total Bytes Sent By Job
	181194  -  Total Bytes Received By Job
	Partitionable Resources :    Usage  Request Allocated 
	   Cpus                 :                 1         1 
	   Disk (KB)            :    33183      200    128928 
	   Memory (MB)          :      176     3900      3968 

	Job terminated of its own accord at 2024-01-18T12:39:39Z.
...
000 (390895.012.000) 2024-01-18 21:48:05 Job submitted from host: <172.30.1.200:9618?addrs=172.30.1.200-9618&alias=tamsa2.snu.ac.kr&noUDP&sock=schedd_3625_06e6>
...
040 (390895.012.000) 2024-01-18 21:48:07 Started transferring input files
	Transferring to host: <172.30.1.204:9618?addrs=172.30.1.204-9618&alias=node4&noUDP&sock=slot1_2_3725_5971_202799>
...
001 (390895.012.000) 2024-01-18 21:48:07 Job executing on host: <172.30.1.204:9618?addrs=172.30.1.204-9618&alias=node4&noUDP&sock=startd_3691_4c27>
...
040 (390895.012.000) 2024-01-18 21:48:07 Finished transferring input files
...
006 (390895.012.000) 2024-01-18 21:48:16 Image size of job updated: 152880
	68  -  MemoryUsage of job (MB)
	69436  -  ResidentSetSize of job (KB)
...
006 (390895.012.000) 2024-01-18 21:50:05 Image size of job updated: 864980
	68  -  MemoryUsage of job (MB)
	69436  -  ResidentSetSize of job (KB)
...
004 (390895.012.000) 2024-01-18 21:50:06 Job was evicted.
	(0) CPU times
		Usr 0 00:01:19, Sys 0 00:00:06  -  Run Remote Usage
		Usr 0 00:00:00, Sys 0 00:00:00  -  Run Local Usage
	0  -  Run Bytes Sent By Job
	182143  -  Run Bytes Received By Job
	Partitionable Resources :    Usage  Request Allocated 
	   Cpus                 :     0.79        1         1 
	   Disk (KB)            :  6572         200    128928 
	   Memory (MB)          :    68        3900      3968 
...
009 (390895.012.000) 2024-01-18 21:50:06 Job was aborted.
	via condor_rm (by user shin)
...
000 (390896.012.000) 2024-01-18 21:53:08 Job submitted from host: <172.30.1.200:9618?addrs=172.30.1.200-9618&alias=tamsa2.snu.ac.kr&noUDP&sock=schedd_3625_06e6>
...
040 (390896.012.000) 2024-01-18 21:54:28 Started transferring input files
	Transferring to host: <172.30.1.207:9618?addrs=172.30.1.207-9618&alias=node7&noUDP&sock=slot1_34_39434_91fd_224858>
...
001 (390896.012.000) 2024-01-18 21:54:28 Job executing on host: <172.30.1.207:9618?addrs=172.30.1.207-9618&alias=node7&noUDP&sock=startd_3748_650d>
...
040 (390896.012.000) 2024-01-18 21:54:28 Finished transferring input files
...
006 (390896.012.000) 2024-01-18 21:54:37 Image size of job updated: 185400
	182  -  MemoryUsage of job (MB)
	185400  -  ResidentSetSize of job (KB)
...
006 (390896.012.000) 2024-01-18 21:58:59 Image size of job updated: 865848
	182  -  MemoryUsage of job (MB)
	185400  -  ResidentSetSize of job (KB)
...
040 (390896.012.000) 2024-01-18 21:58:59 Started transferring output files
...
040 (390896.012.000) 2024-01-18 21:58:59 Finished transferring output files
...
005 (390896.012.000) 2024-01-18 21:59:00 Job terminated.
	(1) Normal termination (return value 0)
		Usr 0 00:03:23, Sys 0 00:00:15  -  Run Remote Usage
		Usr 0 00:00:00, Sys 0 00:00:00  -  Run Local Usage
		Usr 0 00:03:23, Sys 0 00:00:15  -  Total Remote Usage
		Usr 0 00:00:00, Sys 0 00:00:00  -  Total Local Usage
	39962380  -  Run Bytes Sent By Job
	182135  -  Run Bytes Received By Job
	39962380  -  Total Bytes Sent By Job
	182135  -  Total Bytes Received By Job
	Partitionable Resources :    Usage  Request Allocated 
	   Cpus                 :     0.87        1         1 
	   Disk (KB)            : 39276         200    121695 
	   Memory (MB)          :   182        3900      3968 

	Job terminated of its own accord at 2024-01-18T12:58:59Z.
...
000 (390897.012.000) 2024-01-18 22:03:48 Job submitted from host: <172.30.1.200:9618?addrs=172.30.1.200-9618&alias=tamsa2.snu.ac.kr&noUDP&sock=schedd_3625_06e6>
...
040 (390897.012.000) 2024-01-18 22:04:49 Started transferring input files
	Transferring to host: <172.30.1.107:9618?addrs=172.30.1.107-9618&alias=n7&noUDP&sock=slot1_8_4166_12e2_52957>
...
001 (390897.012.000) 2024-01-18 22:04:49 Job executing on host: <172.30.1.107:9618?addrs=172.30.1.107-9618&alias=n7&noUDP&sock=startd_4132_c96b>
...
040 (390897.012.000) 2024-01-18 22:04:49 Finished transferring input files
...
006 (390897.012.000) 2024-01-18 22:04:57 Image size of job updated: 186988
	183  -  MemoryUsage of job (MB)
	186988  -  ResidentSetSize of job (KB)
...
006 (390897.012.000) 2024-01-18 22:08:01 Image size of job updated: 870376
	183  -  MemoryUsage of job (MB)
	186988  -  ResidentSetSize of job (KB)
...
040 (390897.012.000) 2024-01-18 22:08:01 Started transferring output files
...
040 (390897.012.000) 2024-01-18 22:08:03 Finished transferring output files
...
005 (390897.012.000) 2024-01-18 22:08:03 Job terminated.
	(1) Normal termination (return value 0)
		Usr 0 00:02:48, Sys 0 00:00:12  -  Run Remote Usage
		Usr 0 00:00:00, Sys 0 00:00:00  -  Run Local Usage
		Usr 0 00:02:48, Sys 0 00:00:12  -  Total Remote Usage
		Usr 0 00:00:00, Sys 0 00:00:00  -  Total Local Usage
	39777416  -  Run Bytes Sent By Job
	182135  -  Run Bytes Received By Job
	39777416  -  Total Bytes Sent By Job
	182135  -  Total Bytes Received By Job
	Partitionable Resources :    Usage  Request Allocated 
	   Cpus                 :     0.99        1         1 
	   Disk (KB)            : 39095         200    127849 
	   Memory (MB)          :   183        3900      3968 

	Job terminated of its own accord at 2024-01-18T13:08:01Z.
...
000 (390986.012.000) 2024-01-18 22:24:33 Job submitted from host: <172.30.1.200:9618?addrs=172.30.1.200-9618&alias=tamsa2.snu.ac.kr&noUDP&sock=schedd_3625_06e6>
...
040 (390986.012.000) 2024-01-18 22:25:35 Started transferring input files
	Transferring to host: <172.30.1.108:9618?addrs=172.30.1.108-9618&alias=n8&noUDP&sock=slot1_41_4128_4ca1_81048>
...
001 (390986.012.000) 2024-01-18 22:25:35 Job executing on host: <172.30.1.108:9618?addrs=172.30.1.108-9618&alias=n8&noUDP&sock=startd_4094_b8d1>
...
040 (390986.012.000) 2024-01-18 22:25:35 Finished transferring input files
...
006 (390986.012.000) 2024-01-18 22:25:44 Image size of job updated: 177176
	174  -  MemoryUsage of job (MB)
	177160  -  ResidentSetSize of job (KB)
...
006 (390986.012.000) 2024-01-18 22:29:39 Image size of job updated: 869508
	174  -  MemoryUsage of job (MB)
	177196  -  ResidentSetSize of job (KB)
...
040 (390986.012.000) 2024-01-18 22:29:39 Started transferring output files
...
040 (390986.012.000) 2024-01-18 22:29:39 Finished transferring output files
...
005 (390986.012.000) 2024-01-18 22:29:39 Job terminated.
	(1) Normal termination (return value 0)
		Usr 0 00:02:50, Sys 0 00:00:12  -  Run Remote Usage
		Usr 0 00:00:00, Sys 0 00:00:00  -  Run Local Usage
		Usr 0 00:02:50, Sys 0 00:00:12  -  Total Remote Usage
		Usr 0 00:00:00, Sys 0 00:00:00  -  Total Local Usage
	35248904  -  Run Bytes Sent By Job
	182182  -  Run Bytes Received By Job
	35248904  -  Total Bytes Sent By Job
	182182  -  Total Bytes Received By Job
	Partitionable Resources :    Usage  Request Allocated 
	   Cpus                 :     0.92        1         1 
	   Disk (KB)            : 34673         200    127849 
	   Memory (MB)          :   174        3900      3968 

	Job terminated of its own accord at 2024-01-18T13:29:39Z.
...
000 (391043.012.000) 2024-01-18 23:16:23 Job submitted from host: <172.30.1.200:9618?addrs=172.30.1.200-9618&alias=tamsa2.snu.ac.kr&noUDP&sock=schedd_3625_06e6>
...
040 (391043.012.000) 2024-01-18 23:16:28 Started transferring input files
	Transferring to host: <172.30.1.211:9618?addrs=172.30.1.211-9618&alias=node11&noUDP&sock=slot1_25_3735_6531_177194>
...
001 (391043.012.000) 2024-01-18 23:16:28 Job executing on host: <172.30.1.211:9618?addrs=172.30.1.211-9618&alias=node11&noUDP&sock=startd_3699_c8e9>
...
040 (391043.012.000) 2024-01-18 23:16:28 Finished transferring input files
...
006 (391043.012.000) 2024-01-18 23:16:37 Image size of job updated: 172776
	164  -  MemoryUsage of job (MB)
	167248  -  ResidentSetSize of job (KB)
...
006 (391043.012.000) 2024-01-18 23:18:14 Image size of job updated: 845152
	164  -  MemoryUsage of job (MB)
	167248  -  ResidentSetSize of job (KB)
...
040 (391043.012.000) 2024-01-18 23:18:19 Entered queue to transfer output files
...
040 (391043.012.000) 2024-01-18 23:18:22 Started transferring output files
...
040 (391043.012.000) 2024-01-18 23:18:23 Finished transferring output files
...
005 (391043.012.000) 2024-01-18 23:18:23 Job terminated.
	(1) Normal termination (return value 0)
		Usr 0 00:01:06, Sys 0 00:00:07  -  Run Remote Usage
		Usr 0 00:00:00, Sys 0 00:00:00  -  Run Local Usage
		Usr 0 00:01:06, Sys 0 00:00:07  -  Total Remote Usage
		Usr 0 00:00:00, Sys 0 00:00:00  -  Total Local Usage
	7464007  -  Run Bytes Sent By Job
	182524  -  Run Bytes Received By Job
	7464007  -  Total Bytes Sent By Job
	182524  -  Total Bytes Received By Job
	Partitionable Resources :    Usage  Request Allocated 
	   Cpus                 :                 1         1 
	   Disk (KB)            :     7534      200    128928 
	   Memory (MB)          :      164     3900      3968 

	Job terminated of its own accord at 2024-01-18T14:18:14Z.
...
000 (391059.012.000) 2024-01-19 10:38:28 Job submitted from host: <172.30.1.200:9618?addrs=172.30.1.200-9618&alias=tamsa2.snu.ac.kr&noUDP&sock=schedd_3625_06e6>
...
040 (391059.012.000) 2024-01-19 10:38:31 Started transferring input files
	Transferring to host: <172.30.1.215:9618?addrs=172.30.1.215-9618&alias=node15&noUDP&sock=slot1_76_4389_328c_280365>
...
040 (391059.012.000) 2024-01-19 10:38:31 Finished transferring input files
...
001 (391059.012.000) 2024-01-19 10:38:31 Job executing on host: <172.30.1.215:9618?addrs=172.30.1.215-9618&alias=node15&noUDP&sock=startd_4353_5fd9>
...
006 (391059.012.000) 2024-01-19 10:38:40 Image size of job updated: 139088
	86  -  MemoryUsage of job (MB)
	87700  -  ResidentSetSize of job (KB)
...
006 (391059.012.000) 2024-01-19 10:43:05 Image size of job updated: 869660
	86  -  MemoryUsage of job (MB)
	87700  -  ResidentSetSize of job (KB)
...
040 (391059.012.000) 2024-01-19 10:43:05 Started transferring output files
...
040 (391059.012.000) 2024-01-19 10:43:10 Finished transferring output files
...
005 (391059.012.000) 2024-01-19 10:43:10 Job terminated.
	(1) Normal termination (return value 0)
		Usr 0 00:03:08, Sys 0 00:00:14  -  Run Remote Usage
		Usr 0 00:00:00, Sys 0 00:00:00  -  Run Local Usage
		Usr 0 00:03:08, Sys 0 00:00:14  -  Total Remote Usage
		Usr 0 00:00:00, Sys 0 00:00:00  -  Total Local Usage
	33874900  -  Run Bytes Sent By Job
	182504  -  Run Bytes Received By Job
	33874900  -  Total Bytes Sent By Job
	182504  -  Total Bytes Received By Job
	Partitionable Resources :    Usage  Request Allocated 
	   Cpus                 :     0.04        1         1 
	   Disk (KB)            : 33331         200    261111 
	   Memory (MB)          :    86        3900      3968 

	Job terminated of its own accord at 2024-01-19T01:43:05Z.
...
000 (391060.012.000) 2024-01-19 10:57:46 Job submitted from host: <172.30.1.200:9618?addrs=172.30.1.200-9618&alias=tamsa2.snu.ac.kr&noUDP&sock=schedd_3625_06e6>
...
040 (391060.012.000) 2024-01-19 10:57:50 Started transferring input files
	Transferring to host: <172.30.1.213:9618?addrs=172.30.1.213-9618&alias=node13&noUDP&sock=slot1_75_4363_e0ca_274877>
...
040 (391060.012.000) 2024-01-19 10:57:50 Finished transferring input files
...
001 (391060.012.000) 2024-01-19 10:57:50 Job executing on host: <172.30.1.213:9618?addrs=172.30.1.213-9618&alias=node13&noUDP&sock=startd_4329_e993>
...
006 (391060.012.000) 2024-01-19 10:58:00 Image size of job updated: 570228
	151  -  MemoryUsage of job (MB)
	154044  -  ResidentSetSize of job (KB)
...
006 (391060.012.000) 2024-01-19 11:02:28 Image size of job updated: 869976
	151  -  MemoryUsage of job (MB)
	154108  -  ResidentSetSize of job (KB)
...
040 (391060.012.000) 2024-01-19 11:02:28 Started transferring output files
...
040 (391060.012.000) 2024-01-19 11:02:30 Finished transferring output files
...
005 (391060.012.000) 2024-01-19 11:02:30 Job terminated.
	(1) Normal termination (return value 0)
		Usr 0 00:03:19, Sys 0 00:00:15  -  Run Remote Usage
		Usr 0 00:00:00, Sys 0 00:00:00  -  Run Local Usage
		Usr 0 00:03:19, Sys 0 00:00:15  -  Total Remote Usage
		Usr 0 00:00:00, Sys 0 00:00:00  -  Total Local Usage
	39773000  -  Run Bytes Sent By Job
	182520  -  Run Bytes Received By Job
	39773000  -  Total Bytes Sent By Job
	182520  -  Total Bytes Received By Job
	Partitionable Resources :    Usage  Request Allocated 
	   Cpus                 :                 1         1 
	   Disk (KB)            :    39086      200    261111 
	   Memory (MB)          :      151     3900      3968 

	Job terminated of its own accord at 2024-01-19T02:02:28Z.
...
000 (391113.012.000) 2024-01-19 11:50:58 Job submitted from host: <172.30.1.200:9618?addrs=172.30.1.200-9618&alias=tamsa2.snu.ac.kr&noUDP&sock=schedd_3625_06e6>
...
040 (391113.012.000) 2024-01-19 11:51:00 Started transferring input files
	Transferring to host: <172.30.1.206:9618?addrs=172.30.1.206-9618&alias=node6&noUDP&sock=slot1_42_3722_3c50_224042>
...
001 (391113.012.000) 2024-01-19 11:51:00 Job executing on host: <172.30.1.206:9618?addrs=172.30.1.206-9618&alias=node6&noUDP&sock=startd_3686_de2d>
...
040 (391113.012.000) 2024-01-19 11:51:00 Finished transferring input files
...
006 (391113.012.000) 2024-01-19 11:51:09 Image size of job updated: 617732
	125  -  MemoryUsage of job (MB)
	127316  -  ResidentSetSize of job (KB)
...
006 (391113.012.000) 2024-01-19 11:53:04 Image size of job updated: 845928
	125  -  MemoryUsage of job (MB)
	127624  -  ResidentSetSize of job (KB)
...
040 (391113.012.000) 2024-01-19 11:53:04 Started transferring output files
...
040 (391113.012.000) 2024-01-19 11:53:06 Finished transferring output files
...
005 (391113.012.000) 2024-01-19 11:53:06 Job terminated.
	(1) Normal termination (return value 0)
		Usr 0 00:01:08, Sys 0 00:00:07  -  Run Remote Usage
		Usr 0 00:00:00, Sys 0 00:00:00  -  Run Local Usage
		Usr 0 00:01:08, Sys 0 00:00:07  -  Total Remote Usage
		Usr 0 00:00:00, Sys 0 00:00:00  -  Total Local Usage
	7464079  -  Run Bytes Sent By Job
	183986  -  Run Bytes Received By Job
	7464079  -  Total Bytes Sent By Job
	183986  -  Total Bytes Received By Job
	Partitionable Resources :    Usage  Request Allocated 
	   Cpus                 :     0.05        1         1 
	   Disk (KB)            :  7542         200     95898 
	   Memory (MB)          :   125        3900      3968 

	Job terminated of its own accord at 2024-01-19T02:53:04Z.
...
000 (391114.012.000) 2024-01-19 11:56:30 Job submitted from host: <172.30.1.200:9618?addrs=172.30.1.200-9618&alias=tamsa2.snu.ac.kr&noUDP&sock=schedd_3625_06e6>
...
040 (391114.012.000) 2024-01-19 11:56:32 Started transferring input files
	Transferring to host: <172.30.1.206:9618?addrs=172.30.1.206-9618&alias=node6&noUDP&sock=slot1_44_3722_3c50_224050>
...
001 (391114.012.000) 2024-01-19 11:56:32 Job executing on host: <172.30.1.206:9618?addrs=172.30.1.206-9618&alias=node6&noUDP&sock=startd_3686_de2d>
...
040 (391114.012.000) 2024-01-19 11:56:32 Finished transferring input files
...
006 (391114.012.000) 2024-01-19 11:56:41 Image size of job updated: 186740
	183  -  MemoryUsage of job (MB)
	186740  -  ResidentSetSize of job (KB)
...
006 (391114.012.000) 2024-01-19 11:58:08 Image size of job updated: 838488
	183  -  MemoryUsage of job (MB)
	186740  -  ResidentSetSize of job (KB)
...
040 (391114.012.000) 2024-01-19 11:58:09 Started transferring output files
...
040 (391114.012.000) 2024-01-19 11:58:13 Finished transferring output files
...
005 (391114.012.000) 2024-01-19 11:58:13 Job terminated.
	(1) Normal termination (return value 0)
		Usr 0 00:01:08, Sys 0 00:00:07  -  Run Remote Usage
		Usr 0 00:00:00, Sys 0 00:00:00  -  Run Local Usage
		Usr 0 00:01:08, Sys 0 00:00:07  -  Total Remote Usage
		Usr 0 00:00:00, Sys 0 00:00:00  -  Total Local Usage
	7464183  -  Run Bytes Sent By Job
	183986  -  Run Bytes Received By Job
	7464183  -  Total Bytes Sent By Job
	183986  -  Total Bytes Received By Job
	Partitionable Resources :    Usage  Request Allocated 
	   Cpus                 :                 1         1 
	   Disk (KB)            :     7536      200     95898 
	   Memory (MB)          :      183     3900      3968 

	Job terminated of its own accord at 2024-01-19T02:58:08Z.
...
000 (391115.012.000) 2024-01-19 12:05:54 Job submitted from host: <172.30.1.200:9618?addrs=172.30.1.200-9618&alias=tamsa2.snu.ac.kr&noUDP&sock=schedd_3625_06e6>
...
040 (391115.012.000) 2024-01-19 12:05:56 Started transferring input files
	Transferring to host: <172.30.1.211:9618?addrs=172.30.1.211-9618&alias=node11&noUDP&sock=slot1_41_3735_6531_177575>
...
001 (391115.012.000) 2024-01-19 12:05:56 Job executing on host: <172.30.1.211:9618?addrs=172.30.1.211-9618&alias=node11&noUDP&sock=startd_3699_c8e9>
...
040 (391115.012.000) 2024-01-19 12:05:56 Finished transferring input files
...
006 (391115.012.000) 2024-01-19 12:06:05 Image size of job updated: 184568
	181  -  MemoryUsage of job (MB)
	184568  -  ResidentSetSize of job (KB)
...
006 (391115.012.000) 2024-01-19 12:07:54 Image size of job updated: 846136
	181  -  MemoryUsage of job (MB)
	184568  -  ResidentSetSize of job (KB)
...
040 (391115.012.000) 2024-01-19 12:07:55 Started transferring output files
...
040 (391115.012.000) 2024-01-19 12:07:55 Finished transferring output files
...
005 (391115.012.000) 2024-01-19 12:07:55 Job terminated.
	(1) Normal termination (return value 0)
		Usr 0 00:01:12, Sys 0 00:00:07  -  Run Remote Usage
		Usr 0 00:00:00, Sys 0 00:00:00  -  Run Local Usage
		Usr 0 00:01:12, Sys 0 00:00:07  -  Total Remote Usage
		Usr 0 00:00:00, Sys 0 00:00:00  -  Total Local Usage
	7464183  -  Run Bytes Sent By Job
	184022  -  Run Bytes Received By Job
	7464183  -  Total Bytes Sent By Job
	184022  -  Total Bytes Received By Job
	Partitionable Resources :    Usage  Request Allocated 
	   Cpus                 :                 1         1 
	   Disk (KB)            :     7537      200    128928 
	   Memory (MB)          :      181     3900      3968 

	Job terminated of its own accord at 2024-01-19T03:07:54Z.
...
000 (391116.012.000) 2024-01-19 12:09:38 Job submitted from host: <172.30.1.200:9618?addrs=172.30.1.200-9618&alias=tamsa2.snu.ac.kr&noUDP&sock=schedd_3625_06e6>
...
040 (391116.012.000) 2024-01-19 12:09:40 Started transferring input files
	Transferring to host: <172.30.1.211:9618?addrs=172.30.1.211-9618&alias=node11&noUDP&sock=slot1_41_3735_6531_177585>
...
001 (391116.012.000) 2024-01-19 12:09:40 Job executing on host: <172.30.1.211:9618?addrs=172.30.1.211-9618&alias=node11&noUDP&sock=startd_3699_c8e9>
...
040 (391116.012.000) 2024-01-19 12:09:40 Finished transferring input files
...
006 (391116.012.000) 2024-01-19 12:09:48 Image size of job updated: 581632
	183  -  MemoryUsage of job (MB)
	186744  -  ResidentSetSize of job (KB)
...
006 (391116.012.000) 2024-01-19 12:11:37 Image size of job updated: 845884
	183  -  MemoryUsage of job (MB)
	186744  -  ResidentSetSize of job (KB)
...
040 (391116.012.000) 2024-01-19 12:11:37 Started transferring output files
...
040 (391116.012.000) 2024-01-19 12:11:38 Finished transferring output files
...
005 (391116.012.000) 2024-01-19 12:11:38 Job terminated.
	(1) Normal termination (return value 0)
		Usr 0 00:01:13, Sys 0 00:00:07  -  Run Remote Usage
		Usr 0 00:00:00, Sys 0 00:00:00  -  Run Local Usage
		Usr 0 00:01:13, Sys 0 00:00:07  -  Total Remote Usage
		Usr 0 00:00:00, Sys 0 00:00:00  -  Total Local Usage
	7464207  -  Run Bytes Sent By Job
	184022  -  Run Bytes Received By Job
	7464207  -  Total Bytes Sent By Job
	184022  -  Total Bytes Received By Job
	Partitionable Resources :    Usage  Request Allocated 
	   Cpus                 :     0.27        1         1 
	   Disk (KB)            :  7542         200    128928 
	   Memory (MB)          :   183        3900      3968 

	Job terminated of its own accord at 2024-01-19T03:11:37Z.
...
000 (391117.012.000) 2024-01-19 12:15:27 Job submitted from host: <172.30.1.200:9618?addrs=172.30.1.200-9618&alias=tamsa2.snu.ac.kr&noUDP&sock=schedd_3625_06e6>
...
040 (391117.012.000) 2024-01-19 12:15:32 Started transferring input files
	Transferring to host: <172.30.1.211:9618?addrs=172.30.1.211-9618&alias=node11&noUDP&sock=slot1_42_3735_6531_177596>
...
001 (391117.012.000) 2024-01-19 12:15:32 Job executing on host: <172.30.1.211:9618?addrs=172.30.1.211-9618&alias=node11&noUDP&sock=startd_3699_c8e9>
...
040 (391117.012.000) 2024-01-19 12:15:32 Finished transferring input files
...
006 (391117.012.000) 2024-01-19 12:15:41 Image size of job updated: 185400
	182  -  MemoryUsage of job (MB)
	185400  -  ResidentSetSize of job (KB)
...
006 (391117.012.000) 2024-01-19 12:20:08 Image size of job updated: 863916
	182  -  MemoryUsage of job (MB)
	185400  -  ResidentSetSize of job (KB)
...
040 (391117.012.000) 2024-01-19 12:20:08 Started transferring output files
...
040 (391117.012.000) 2024-01-19 12:20:09 Finished transferring output files
...
005 (391117.012.000) 2024-01-19 12:20:09 Job terminated.
	(1) Normal termination (return value 0)
		Usr 0 00:03:21, Sys 0 00:00:14  -  Run Remote Usage
		Usr 0 00:00:00, Sys 0 00:00:00  -  Run Local Usage
		Usr 0 00:03:21, Sys 0 00:00:14  -  Total Remote Usage
		Usr 0 00:00:00, Sys 0 00:00:00  -  Total Local Usage
	33953560  -  Run Bytes Sent By Job
	184028  -  Run Bytes Received By Job
	33953560  -  Total Bytes Sent By Job
	184028  -  Total Bytes Received By Job
	Partitionable Resources :    Usage  Request Allocated 
	   Cpus                 :     0.73        1         1 
	   Disk (KB)            : 33411         200    128928 
	   Memory (MB)          :   182        3900      3968 

	Job terminated of its own accord at 2024-01-19T03:20:08Z.
...
000 (391118.012.000) 2024-01-19 12:41:44 Job submitted from host: <172.30.1.200:9618?addrs=172.30.1.200-9618&alias=tamsa2.snu.ac.kr&noUDP&sock=schedd_3625_06e6>
...
040 (391118.012.000) 2024-01-19 12:41:51 Started transferring input files
	Transferring to host: <172.30.1.211:9618?addrs=172.30.1.211-9618&alias=node11&noUDP&sock=slot1_46_3735_6531_177609>
...
001 (391118.012.000) 2024-01-19 12:41:51 Job executing on host: <172.30.1.211:9618?addrs=172.30.1.211-9618&alias=node11&noUDP&sock=startd_3699_c8e9>
...
040 (391118.012.000) 2024-01-19 12:41:51 Finished transferring input files
...
006 (391118.012.000) 2024-01-19 12:42:00 Image size of job updated: 584256
	181  -  MemoryUsage of job (MB)
	185068  -  ResidentSetSize of job (KB)
...
006 (391118.012.000) 2024-01-19 12:43:54 Image size of job updated: 845996
	181  -  MemoryUsage of job (MB)
	185068  -  ResidentSetSize of job (KB)
...
040 (391118.012.000) 2024-01-19 12:43:54 Started transferring output files
...
040 (391118.012.000) 2024-01-19 12:43:54 Finished transferring output files
...
005 (391118.012.000) 2024-01-19 12:43:54 Job terminated.
	(1) Normal termination (return value 0)
		Usr 0 00:01:11, Sys 0 00:00:07  -  Run Remote Usage
		Usr 0 00:00:00, Sys 0 00:00:00  -  Run Local Usage
		Usr 0 00:01:11, Sys 0 00:00:07  -  Total Remote Usage
		Usr 0 00:00:00, Sys 0 00:00:00  -  Total Local Usage
	7464143  -  Run Bytes Sent By Job
	183796  -  Run Bytes Received By Job
	7464143  -  Total Bytes Sent By Job
	183796  -  Total Bytes Received By Job
	Partitionable Resources :    Usage  Request Allocated 
	   Cpus                 :                 1         1 
	   Disk (KB)            :     7536      200    128928 
	   Memory (MB)          :      181     3900      3968 

	Job terminated of its own accord at 2024-01-19T03:43:54Z.
...
000 (391119.012.000) 2024-01-19 12:47:04 Job submitted from host: <172.30.1.200:9618?addrs=172.30.1.200-9618&alias=tamsa2.snu.ac.kr&noUDP&sock=schedd_3625_06e6>
...
040 (391119.012.000) 2024-01-19 12:47:13 Started transferring input files
	Transferring to host: <172.30.1.204:9618?addrs=172.30.1.204-9618&alias=node4&noUDP&sock=slot1_42_3725_5971_203344>
...
001 (391119.012.000) 2024-01-19 12:47:13 Job executing on host: <172.30.1.204:9618?addrs=172.30.1.204-9618&alias=node4&noUDP&sock=startd_3691_4c27>
...
040 (391119.012.000) 2024-01-19 12:47:13 Finished transferring input files
...
006 (391119.012.000) 2024-01-19 12:47:21 Image size of job updated: 186736
	183  -  MemoryUsage of job (MB)
	186736  -  ResidentSetSize of job (KB)
...
006 (391119.012.000) 2024-01-19 12:51:34 Image size of job updated: 866268
	183  -  MemoryUsage of job (MB)
	186736  -  ResidentSetSize of job (KB)
...
040 (391119.012.000) 2024-01-19 12:51:35 Started transferring output files
...
040 (391119.012.000) 2024-01-19 12:51:39 Finished transferring output files
...
005 (391119.012.000) 2024-01-19 12:51:39 Job terminated.
	(1) Normal termination (return value 0)
		Usr 0 00:03:15, Sys 0 00:00:13  -  Run Remote Usage
		Usr 0 00:00:00, Sys 0 00:00:00  -  Run Local Usage
		Usr 0 00:03:15, Sys 0 00:00:13  -  Total Remote Usage
		Usr 0 00:00:00, Sys 0 00:00:00  -  Total Local Usage
	33340696  -  Run Bytes Sent By Job
	183796  -  Run Bytes Received By Job
	33340696  -  Total Bytes Sent By Job
	183796  -  Total Bytes Received By Job
	Partitionable Resources :    Usage  Request Allocated 
	   Cpus                 :                 1         1 
	   Disk (KB)            :    32806      200    128928 
	   Memory (MB)          :      183     3900      3968 

	Job terminated of its own accord at 2024-01-19T03:51:34Z.
...
000 (391120.012.000) 2024-01-19 13:02:28 Job submitted from host: <172.30.1.200:9618?addrs=172.30.1.200-9618&alias=tamsa2.snu.ac.kr&noUDP&sock=schedd_3625_06e6>
...
040 (391120.012.000) 2024-01-19 13:02:38 Started transferring input files
	Transferring to host: <172.30.1.204:9618?addrs=172.30.1.204-9618&alias=node4&noUDP&sock=slot1_45_3725_5971_203359>
...
001 (391120.012.000) 2024-01-19 13:02:38 Job executing on host: <172.30.1.204:9618?addrs=172.30.1.204-9618&alias=node4&noUDP&sock=startd_3691_4c27>
...
040 (391120.012.000) 2024-01-19 13:02:38 Finished transferring input files
...
006 (391120.012.000) 2024-01-19 13:02:46 Image size of job updated: 808976
	172  -  MemoryUsage of job (MB)
	175184  -  ResidentSetSize of job (KB)
...
006 (391120.012.000) 2024-01-19 13:07:07 Image size of job updated: 866456
	172  -  MemoryUsage of job (MB)
	175184  -  ResidentSetSize of job (KB)
...
040 (391120.012.000) 2024-01-19 13:07:07 Started transferring output files
...
040 (391120.012.000) 2024-01-19 13:07:18 Finished transferring output files
...
005 (391120.012.000) 2024-01-19 13:07:18 Job terminated.
	(1) Normal termination (return value 0)
		Usr 0 00:03:16, Sys 0 00:00:12  -  Run Remote Usage
		Usr 0 00:00:00, Sys 0 00:00:00  -  Run Local Usage
		Usr 0 00:03:16, Sys 0 00:00:12  -  Total Remote Usage
		Usr 0 00:00:00, Sys 0 00:00:00  -  Total Local Usage
	33297234  -  Run Bytes Sent By Job
	183796  -  Run Bytes Received By Job
	33297234  -  Total Bytes Sent By Job
	183796  -  Total Bytes Received By Job
	Partitionable Resources :    Usage  Request Allocated 
	   Cpus                 :     0.91        1         1 
	   Disk (KB)            : 32769         200    128928 
	   Memory (MB)          :   172        3900      3968 

	Job terminated of its own accord at 2024-01-19T04:07:07Z.
...
000 (391131.012.000) 2024-01-19 14:22:45 Job submitted from host: <172.30.1.200:9618?addrs=172.30.1.200-9618&alias=tamsa2.snu.ac.kr&noUDP&sock=schedd_3625_06e6>
...
040 (391131.012.000) 2024-01-19 14:22:50 Started transferring input files
	Transferring to host: <172.30.1.210:9618?addrs=172.30.1.210-9618&alias=node10&noUDP&sock=slot1_32_3822_b1d4_184644>
...
040 (391131.012.000) 2024-01-19 14:22:50 Finished transferring input files
...
001 (391131.012.000) 2024-01-19 14:22:50 Job executing on host: <172.30.1.210:9618?addrs=172.30.1.210-9618&alias=node10&noUDP&sock=startd_3788_d4d6>
...
006 (391131.012.000) 2024-01-19 14:22:59 Image size of job updated: 230108
	33  -  MemoryUsage of job (MB)
	33220  -  ResidentSetSize of job (KB)
...
006 (391131.012.000) 2024-01-19 14:27:59 Image size of job updated: 975884
	318  -  MemoryUsage of job (MB)
	325020  -  ResidentSetSize of job (KB)
...
004 (391131.012.000) 2024-01-19 14:28:10 Job was evicted.
	(0) CPU times
		Usr 0 00:04:41, Sys 0 00:00:22  -  Run Remote Usage
		Usr 0 00:00:00, Sys 0 00:00:00  -  Run Local Usage
	0  -  Run Bytes Sent By Job
	183798  -  Run Bytes Received By Job
	Partitionable Resources :    Usage  Request Allocated 
	   Cpus                 :     0.99        1         1 
	   Disk (KB)            :  1279         200    128928 
	   Memory (MB)          :   318        3900      3968 
...
009 (391131.012.000) 2024-01-19 14:28:10 Job was aborted.
	via condor_rm (by user shin)
...
000 (391132.012.000) 2024-01-19 14:30:22 Job submitted from host: <172.30.1.200:9618?addrs=172.30.1.200-9618&alias=tamsa2.snu.ac.kr&noUDP&sock=schedd_3625_06e6>
...
040 (391132.012.000) 2024-01-19 14:30:24 Started transferring input files
	Transferring to host: <172.30.1.210:9618?addrs=172.30.1.210-9618&alias=node10&noUDP&sock=slot1_32_3822_b1d4_184650>
...
040 (391132.012.000) 2024-01-19 14:30:24 Finished transferring input files
...
001 (391132.012.000) 2024-01-19 14:30:24 Job executing on host: <172.30.1.210:9618?addrs=172.30.1.210-9618&alias=node10&noUDP&sock=startd_3788_d4d6>
...
006 (391132.012.000) 2024-01-19 14:30:33 Image size of job updated: 564960
	183  -  MemoryUsage of job (MB)
	186744  -  ResidentSetSize of job (KB)
...
006 (391132.012.000) 2024-01-19 14:35:34 Image size of job updated: 872336
	183  -  MemoryUsage of job (MB)
	186764  -  ResidentSetSize of job (KB)
...
000 (391137.012.000) 2024-01-19 14:35:50 Job submitted from host: <172.30.1.200:9618?addrs=172.30.1.200-9618&alias=tamsa2.snu.ac.kr&noUDP&sock=schedd_3625_06e6>
...
040 (391137.012.000) 2024-01-19 14:35:52 Started transferring input files
	Transferring to host: <172.30.1.109:9618?addrs=172.30.1.109-9618&alias=n9&noUDP&sock=slot1_13_4134_86e1_92602>
...
001 (391137.012.000) 2024-01-19 14:35:52 Job executing on host: <172.30.1.109:9618?addrs=172.30.1.109-9618&alias=n9&noUDP&sock=startd_4100_d663>
...
040 (391137.012.000) 2024-01-19 14:35:52 Finished transferring input files
...
004 (391132.012.000) 2024-01-19 14:36:00 Job was evicted.
	(0) CPU times
		Usr 0 00:04:36, Sys 0 00:00:20  -  Run Remote Usage
		Usr 0 00:00:00, Sys 0 00:00:00  -  Run Local Usage
	0  -  Run Bytes Sent By Job
	183608  -  Run Bytes Received By Job
	Partitionable Resources :    Usage  Request Allocated 
	   Cpus                 :     0.84        1         1 
	   Disk (KB)            : 13379         200    128928 
	   Memory (MB)          :   183        3900      3968 
...
006 (391137.012.000) 2024-01-19 14:36:01 Image size of job updated: 230108
	0  -  MemoryUsage of job (MB)
	0  -  ResidentSetSize of job (KB)
...
009 (391132.012.000) 2024-01-19 14:36:01 Job was aborted.
	via condor_rm (by user shin)
...
004 (391137.012.000) 2024-01-19 14:36:01 Job was evicted.
	(0) CPU times
		Usr 0 00:00:00, Sys 0 00:00:00  -  Run Remote Usage
		Usr 0 00:00:00, Sys 0 00:00:00  -  Run Local Usage
	0  -  Run Bytes Sent By Job
	183614  -  Run Bytes Received By Job
	Partitionable Resources :    Usage  Request Allocated 
	   Cpus                 :     0.00        1         1 
	   Disk (KB)            :   235         200    127849 
	   Memory (MB)          :     0        3900      3968 
...
009 (391137.012.000) 2024-01-19 14:36:01 Job was aborted.
	via condor_rm (by user shin)
...
000 (391138.012.000) 2024-01-19 14:36:02 Job submitted from host: <172.30.1.200:9618?addrs=172.30.1.200-9618&alias=tamsa2.snu.ac.kr&noUDP&sock=schedd_3625_06e6>
...
040 (391138.012.000) 2024-01-19 14:36:13 Started transferring input files
	Transferring to host: <172.30.1.210:9618?addrs=172.30.1.210-9618&alias=node10&noUDP&sock=slot1_15_3822_b1d4_184655>
...
001 (391138.012.000) 2024-01-19 14:36:13 Job executing on host: <172.30.1.210:9618?addrs=172.30.1.210-9618&alias=node10&noUDP&sock=startd_3788_d4d6>
...
040 (391138.012.000) 2024-01-19 14:36:13 Finished transferring input files
...
006 (391138.012.000) 2024-01-19 14:36:22 Image size of job updated: 561376
	183  -  MemoryUsage of job (MB)
	186716  -  ResidentSetSize of job (KB)
...
006 (391138.012.000) 2024-01-19 14:41:23 Image size of job updated: 872212
	183  -  MemoryUsage of job (MB)
	186716  -  ResidentSetSize of job (KB)
...
040 (391138.012.000) 2024-01-19 14:42:58 Started transferring output files
...
040 (391138.012.000) 2024-01-19 14:42:59 Finished transferring output files
...
005 (391138.012.000) 2024-01-19 14:42:59 Job terminated.
	(1) Normal termination (return value 0)
		Usr 0 00:05:32, Sys 0 00:00:23  -  Run Remote Usage
		Usr 0 00:00:00, Sys 0 00:00:00  -  Run Local Usage
		Usr 0 00:05:32, Sys 0 00:00:23  -  Total Remote Usage
		Usr 0 00:00:00, Sys 0 00:00:00  -  Total Local Usage
	33106212  -  Run Bytes Sent By Job
	183614  -  Run Bytes Received By Job
	33106212  -  Total Bytes Sent By Job
	183614  -  Total Bytes Received By Job
	Partitionable Resources :    Usage  Request Allocated 
	   Cpus                 :     0.68        1         1 
	   Disk (KB)            : 32582         200    128928 
	   Memory (MB)          :   183        3900      3968 

	Job terminated of its own accord at 2024-01-19T05:42:58Z.
...
000 (391139.012.000) 2024-01-19 14:48:49 Job submitted from host: <172.30.1.200:9618?addrs=172.30.1.200-9618&alias=tamsa2.snu.ac.kr&noUDP&sock=schedd_3625_06e6>
...
040 (391139.012.000) 2024-01-19 14:48:51 Started transferring input files
	Transferring to host: <172.30.1.210:9618?addrs=172.30.1.210-9618&alias=node10&noUDP&sock=slot1_15_3822_b1d4_184661>
...
040 (391139.012.000) 2024-01-19 14:48:51 Finished transferring input files
...
001 (391139.012.000) 2024-01-19 14:48:51 Job executing on host: <172.30.1.210:9618?addrs=172.30.1.210-9618&alias=node10&noUDP&sock=startd_3788_d4d6>
...
006 (391139.012.000) 2024-01-19 14:49:00 Image size of job updated: 197712
	160  -  MemoryUsage of job (MB)
	162968  -  ResidentSetSize of job (KB)
...
006 (391139.012.000) 2024-01-19 14:52:18 Image size of job updated: 872332
	160  -  MemoryUsage of job (MB)
	162968  -  ResidentSetSize of job (KB)
...
004 (391139.012.000) 2024-01-19 14:52:18 Job was evicted.
	(0) CPU times
		Usr 0 00:02:42, Sys 0 00:00:12  -  Run Remote Usage
		Usr 0 00:00:00, Sys 0 00:00:00  -  Run Local Usage
	0  -  Run Bytes Sent By Job
	183618  -  Run Bytes Received By Job
	Partitionable Resources :    Usage  Request Allocated 
	   Cpus                 :     0.98        1         1 
	   Disk (KB)            :  8173         200    128928 
	   Memory (MB)          :   160        3900      3968 
...
009 (391139.012.000) 2024-01-19 14:52:18 Job was aborted.
	via condor_rm (by user shin)
...
000 (391140.012.000) 2024-01-19 14:52:19 Job submitted from host: <172.30.1.200:9618?addrs=172.30.1.200-9618&alias=tamsa2.snu.ac.kr&noUDP&sock=schedd_3625_06e6>
...
040 (391140.012.000) 2024-01-19 14:52:21 Started transferring input files
	Transferring to host: <172.30.1.210:9618?addrs=172.30.1.210-9618&alias=node10&noUDP&sock=slot1_15_3822_b1d4_184667>
...
001 (391140.012.000) 2024-01-19 14:52:21 Job executing on host: <172.30.1.210:9618?addrs=172.30.1.210-9618&alias=node10&noUDP&sock=startd_3788_d4d6>
...
040 (391140.012.000) 2024-01-19 14:52:21 Finished transferring input files
...
006 (391140.012.000) 2024-01-19 14:52:29 Image size of job updated: 568808
	183  -  MemoryUsage of job (MB)
	186736  -  ResidentSetSize of job (KB)
...
006 (391140.012.000) 2024-01-19 14:57:29 Image size of job updated: 874788
	183  -  MemoryUsage of job (MB)
	186736  -  ResidentSetSize of job (KB)
...
006 (391140.012.000) 2024-01-19 14:59:07 Image size of job updated: 879484
	183  -  MemoryUsage of job (MB)
	186736  -  ResidentSetSize of job (KB)
...
040 (391140.012.000) 2024-01-19 14:59:08 Started transferring output files
...
040 (391140.012.000) 2024-01-19 14:59:08 Finished transferring output files
...
005 (391140.012.000) 2024-01-19 14:59:09 Job terminated.
	(1) Normal termination (return value 0)
		Usr 0 00:05:35, Sys 0 00:00:25  -  Run Remote Usage
		Usr 0 00:00:00, Sys 0 00:00:00  -  Run Local Usage
		Usr 0 00:05:35, Sys 0 00:00:25  -  Total Remote Usage
		Usr 0 00:00:00, Sys 0 00:00:00  -  Total Local Usage
	32943302  -  Run Bytes Sent By Job
	183636  -  Run Bytes Received By Job
	32943302  -  Total Bytes Sent By Job
	183636  -  Total Bytes Received By Job
	Partitionable Resources :    Usage  Request Allocated 
	   Cpus                 :     0.95        1         1 
	   Disk (KB)            : 32423         200    128928 
	   Memory (MB)          :   183        3900      3968 

	Job terminated of its own accord at 2024-01-19T05:59:07Z.
...
000 (391145.012.000) 2024-01-19 15:59:26 Job submitted from host: <172.30.1.200:9618?addrs=172.30.1.200-9618&alias=tamsa2.snu.ac.kr&noUDP&sock=schedd_3625_06e6>
...
040 (391145.012.000) 2024-01-19 15:59:28 Started transferring input files
	Transferring to host: <172.30.1.210:9618?addrs=172.30.1.210-9618&alias=node10&noUDP&sock=slot1_46_3822_b1d4_184683>
...
040 (391145.012.000) 2024-01-19 15:59:28 Finished transferring input files
...
001 (391145.012.000) 2024-01-19 15:59:28 Job executing on host: <172.30.1.210:9618?addrs=172.30.1.210-9618&alias=node10&noUDP&sock=startd_3788_d4d6>
...
006 (391145.012.000) 2024-01-19 15:59:36 Image size of job updated: 171196
	139  -  MemoryUsage of job (MB)
	141624  -  ResidentSetSize of job (KB)
...
006 (391145.012.000) 2024-01-19 16:04:36 Image size of job updated: 874404
	204  -  MemoryUsage of job (MB)
	208252  -  ResidentSetSize of job (KB)
...
006 (391145.012.000) 2024-01-19 16:05:41 Image size of job updated: 874460
	204  -  MemoryUsage of job (MB)
	208252  -  ResidentSetSize of job (KB)
...
040 (391145.012.000) 2024-01-19 16:05:41 Started transferring output files
...
040 (391145.012.000) 2024-01-19 16:05:42 Finished transferring output files
...
005 (391145.012.000) 2024-01-19 16:05:42 Job terminated.
	(1) Normal termination (return value 0)
		Usr 0 00:05:15, Sys 0 00:00:20  -  Run Remote Usage
		Usr 0 00:00:00, Sys 0 00:00:00  -  Run Local Usage
		Usr 0 00:05:15, Sys 0 00:00:20  -  Total Remote Usage
		Usr 0 00:00:00, Sys 0 00:00:00  -  Total Local Usage
	31881944  -  Run Bytes Sent By Job
	184262  -  Run Bytes Received By Job
	31881944  -  Total Bytes Sent By Job
	184262  -  Total Bytes Received By Job
	Partitionable Resources :    Usage  Request Allocated 
	   Cpus                 :     0.86        1         1 
	   Disk (KB)            : 31388         200    128928 
	   Memory (MB)          :   204        3900      3968 

	Job terminated of its own accord at 2024-01-19T07:05:41Z.
...
000 (391151.012.000) 2024-01-19 16:45:38 Job submitted from host: <172.30.1.200:9618?addrs=172.30.1.200-9618&alias=tamsa2.snu.ac.kr&noUDP&sock=schedd_3625_06e6>
...
040 (391151.012.000) 2024-01-19 16:45:45 Started transferring input files
	Transferring to host: <172.30.1.210:9618?addrs=172.30.1.210-9618&alias=node10&noUDP&sock=slot1_38_3822_b1d4_184703>
...
001 (391151.012.000) 2024-01-19 16:45:45 Job executing on host: <172.30.1.210:9618?addrs=172.30.1.210-9618&alias=node10&noUDP&sock=startd_3788_d4d6>
...
040 (391151.012.000) 2024-01-19 16:45:45 Finished transferring input files
...
006 (391151.012.000) 2024-01-19 16:45:54 Image size of job updated: 196184
	166  -  MemoryUsage of job (MB)
	169660  -  ResidentSetSize of job (KB)
...
000 (391152.012.000) 2024-01-19 16:46:33 Job submitted from host: <172.30.1.200:9618?addrs=172.30.1.200-9618&alias=tamsa2.snu.ac.kr&noUDP&sock=schedd_3625_06e6>
...
040 (391152.012.000) 2024-01-19 16:46:35 Started transferring input files
	Transferring to host: <172.30.1.103:9618?addrs=172.30.1.103-9618&alias=n3&noUDP&sock=slot1_7_3441_3ee5_36127>
...
001 (391152.012.000) 2024-01-19 16:46:36 Job executing on host: <172.30.1.103:9618?addrs=172.30.1.103-9618&alias=n3&noUDP&sock=startd_3407_7f41>
...
040 (391152.012.000) 2024-01-19 16:46:36 Finished transferring input files
...
006 (391152.012.000) 2024-01-19 16:46:43 Image size of job updated: 561568
	0  -  MemoryUsage of job (MB)
	0  -  ResidentSetSize of job (KB)
...
004 (391152.012.000) 2024-01-19 16:46:43 Job was evicted.
	(0) CPU times
		Usr 0 00:00:00, Sys 0 00:00:00  -  Run Remote Usage
		Usr 0 00:00:00, Sys 0 00:00:00  -  Run Local Usage
	0  -  Run Bytes Sent By Job
	184253  -  Run Bytes Received By Job
	Partitionable Resources :    Usage  Request Allocated 
	   Cpus                 :     0.01        1         1 
	   Disk (KB)            :   236         200     61880 
	   Memory (MB)          :     0        3900      3968 
...
009 (391152.012.000) 2024-01-19 16:46:43 Job was aborted.
	via condor_rm (by user shin)
...
006 (391151.012.000) 2024-01-19 16:47:35 Image size of job updated: 835120
	166  -  MemoryUsage of job (MB)
	169708  -  ResidentSetSize of job (KB)
...
004 (391151.012.000) 2024-01-19 16:47:35 Job was evicted.
	(0) CPU times
		Usr 0 00:01:04, Sys 0 00:00:07  -  Run Remote Usage
		Usr 0 00:00:00, Sys 0 00:00:00  -  Run Local Usage
	0  -  Run Bytes Sent By Job
	184253  -  Run Bytes Received By Job
	Partitionable Resources :    Usage  Request Allocated 
	   Cpus                 :     0.52        1         1 
	   Disk (KB)            :  3220         200    128928 
	   Memory (MB)          :   166        3900      3968 
...
009 (391151.012.000) 2024-01-19 16:47:36 Job was aborted.
	via condor_rm (by user shin)
...
000 (391153.012.000) 2024-01-19 16:47:37 Job submitted from host: <172.30.1.200:9618?addrs=172.30.1.200-9618&alias=tamsa2.snu.ac.kr&noUDP&sock=schedd_3625_06e6>
...
040 (391153.012.000) 2024-01-19 16:47:57 Started transferring input files
	Transferring to host: <172.30.1.210:9618?addrs=172.30.1.210-9618&alias=node10&noUDP&sock=slot1_21_3822_b1d4_184707>
...
001 (391153.012.000) 2024-01-19 16:47:57 Job executing on host: <172.30.1.210:9618?addrs=172.30.1.210-9618&alias=node10&noUDP&sock=startd_3788_d4d6>
...
040 (391153.012.000) 2024-01-19 16:47:57 Finished transferring input files
...
006 (391153.012.000) 2024-01-19 16:48:06 Image size of job updated: 186748
	183  -  MemoryUsage of job (MB)
	186748  -  ResidentSetSize of job (KB)
...
006 (391153.012.000) 2024-01-19 16:50:05 Image size of job updated: 846184
	183  -  MemoryUsage of job (MB)
	186748  -  ResidentSetSize of job (KB)
...
040 (391153.012.000) 2024-01-19 16:50:05 Started transferring output files
...
040 (391153.012.000) 2024-01-19 16:50:05 Finished transferring output files
...
005 (391153.012.000) 2024-01-19 16:50:05 Job terminated.
	(1) Normal termination (return value 0)
		Usr 0 00:01:15, Sys 0 00:00:08  -  Run Remote Usage
		Usr 0 00:00:00, Sys 0 00:00:00  -  Run Local Usage
		Usr 0 00:01:15, Sys 0 00:00:08  -  Total Remote Usage
		Usr 0 00:00:00, Sys 0 00:00:00  -  Total Local Usage
	7470423  -  Run Bytes Sent By Job
	184257  -  Run Bytes Received By Job
	7470423  -  Total Bytes Sent By Job
	184257  -  Total Bytes Received By Job
	Partitionable Resources :    Usage  Request Allocated 
	   Cpus                 :                 1         1 
	   Disk (KB)            :     7543      200    128928 
	   Memory (MB)          :      183     3900      3968 

	Job terminated of its own accord at 2024-01-19T07:50:05Z.
...
000 (391154.012.000) 2024-01-19 16:50:49 Job submitted from host: <172.30.1.200:9618?addrs=172.30.1.200-9618&alias=tamsa2.snu.ac.kr&noUDP&sock=schedd_3625_06e6>
...
040 (391154.012.000) 2024-01-19 16:50:52 Started transferring input files
	Transferring to host: <172.30.1.208:9618?addrs=172.30.1.208-9618&alias=node8&noUDP&sock=slot1_47_3811_f1b4_191357>
...
001 (391154.012.000) 2024-01-19 16:50:52 Job executing on host: <172.30.1.208:9618?addrs=172.30.1.208-9618&alias=node8&noUDP&sock=startd_3777_494c>
...
040 (391154.012.000) 2024-01-19 16:50:52 Finished transferring input files
...
006 (391154.012.000) 2024-01-19 16:51:01 Image size of job updated: 186744
	183  -  MemoryUsage of job (MB)
	186744  -  ResidentSetSize of job (KB)
...
006 (391154.012.000) 2024-01-19 16:56:02 Image size of job updated: 872668
	208  -  MemoryUsage of job (MB)
	212472  -  ResidentSetSize of job (KB)
...
040 (391154.012.000) 2024-01-19 16:56:58 Started transferring output files
...
040 (391154.012.000) 2024-01-19 16:57:00 Finished transferring output files
...
005 (391154.012.000) 2024-01-19 16:57:00 Job terminated.
	(1) Normal termination (return value 0)
		Usr 0 00:05:13, Sys 0 00:00:19  -  Run Remote Usage
		Usr 0 00:00:00, Sys 0 00:00:00  -  Run Local Usage
		Usr 0 00:05:13, Sys 0 00:00:19  -  Total Remote Usage
		Usr 0 00:00:00, Sys 0 00:00:00  -  Total Local Usage
	32373196  -  Run Bytes Sent By Job
	184256  -  Run Bytes Received By Job
	32373196  -  Total Bytes Sent By Job
	184256  -  Total Bytes Received By Job
	Partitionable Resources :    Usage  Request Allocated 
	   Cpus                 :     0.77        1         1 
	   Disk (KB)            : 31867         200    128928 
	   Memory (MB)          :   208        3900      3968 

	Job terminated of its own accord at 2024-01-19T07:56:58Z.
...
000 (391155.012.000) 2024-01-19 17:22:15 Job submitted from host: <172.30.1.200:9618?addrs=172.30.1.200-9618&alias=tamsa2.snu.ac.kr&noUDP&sock=schedd_3625_06e6>
...
040 (391155.012.000) 2024-01-19 17:22:17 Started transferring input files
	Transferring to host: <172.30.1.208:9618?addrs=172.30.1.208-9618&alias=node8&noUDP&sock=slot1_45_3811_f1b4_191362>
...
001 (391155.012.000) 2024-01-19 17:22:17 Job executing on host: <172.30.1.208:9618?addrs=172.30.1.208-9618&alias=node8&noUDP&sock=startd_3777_494c>
...
040 (391155.012.000) 2024-01-19 17:22:17 Finished transferring input files
...
006 (391155.012.000) 2024-01-19 17:22:26 Image size of job updated: 209868
	183  -  MemoryUsage of job (MB)
	186736  -  ResidentSetSize of job (KB)
...
006 (391155.012.000) 2024-01-19 17:24:15 Image size of job updated: 846672
	183  -  MemoryUsage of job (MB)
	186736  -  ResidentSetSize of job (KB)
...
040 (391155.012.000) 2024-01-19 17:24:15 Started transferring output files
...
040 (391155.012.000) 2024-01-19 17:24:15 Finished transferring output files
...
005 (391155.012.000) 2024-01-19 17:24:15 Job terminated.
	(1) Normal termination (return value 0)
		Usr 0 00:01:11, Sys 0 00:00:07  -  Run Remote Usage
		Usr 0 00:00:00, Sys 0 00:00:00  -  Run Local Usage
		Usr 0 00:01:11, Sys 0 00:00:07  -  Total Remote Usage
		Usr 0 00:00:00, Sys 0 00:00:00  -  Total Local Usage
	7465407  -  Run Bytes Sent By Job
	186554  -  Run Bytes Received By Job
	7465407  -  Total Bytes Sent By Job
	186554  -  Total Bytes Received By Job
	Partitionable Resources :    Usage  Request Allocated 
	   Cpus                 :                 1         1 
	   Disk (KB)            :     7540      200    128928 
	   Memory (MB)          :      183     3900      3968 

	Job terminated of its own accord at 2024-01-19T08:24:15Z.
...
000 (391156.012.000) 2024-01-19 17:29:00 Job submitted from host: <172.30.1.200:9618?addrs=172.30.1.200-9618&alias=tamsa2.snu.ac.kr&noUDP&sock=schedd_3625_06e6>
...
040 (391156.012.000) 2024-01-19 17:29:02 Started transferring input files
	Transferring to host: <172.30.1.208:9618?addrs=172.30.1.208-9618&alias=node8&noUDP&sock=slot1_44_3811_f1b4_191368>
...
040 (391156.012.000) 2024-01-19 17:29:02 Finished transferring input files
...
001 (391156.012.000) 2024-01-19 17:29:03 Job executing on host: <172.30.1.208:9618?addrs=172.30.1.208-9618&alias=node8&noUDP&sock=startd_3777_494c>
...
006 (391156.012.000) 2024-01-19 17:29:11 Image size of job updated: 601284
	181  -  MemoryUsage of job (MB)
	185048  -  ResidentSetSize of job (KB)
...
006 (391156.012.000) 2024-01-19 17:31:01 Image size of job updated: 842016
	181  -  MemoryUsage of job (MB)
	185048  -  ResidentSetSize of job (KB)
...
040 (391156.012.000) 2024-01-19 17:31:01 Started transferring output files
...
040 (391156.012.000) 2024-01-19 17:31:02 Finished transferring output files
...
005 (391156.012.000) 2024-01-19 17:31:03 Job terminated.
	(1) Normal termination (return value 0)
		Usr 0 00:01:10, Sys 0 00:00:07  -  Run Remote Usage
		Usr 0 00:00:00, Sys 0 00:00:00  -  Run Local Usage
		Usr 0 00:01:10, Sys 0 00:00:07  -  Total Remote Usage
		Usr 0 00:00:00, Sys 0 00:00:00  -  Total Local Usage
	7465407  -  Run Bytes Sent By Job
	186554  -  Run Bytes Received By Job
	7465407  -  Total Bytes Sent By Job
	186554  -  Total Bytes Received By Job
	Partitionable Resources :    Usage  Request Allocated 
	   Cpus                 :     0.51        1         1 
	   Disk (KB)            :  7546         200    128928 
	   Memory (MB)          :   181        3900      3968 

	Job terminated of its own accord at 2024-01-19T08:31:01Z.
...
000 (391161.012.000) 2024-01-19 17:33:03 Job submitted from host: <172.30.1.200:9618?addrs=172.30.1.200-9618&alias=tamsa2.snu.ac.kr&noUDP&sock=schedd_3625_06e6>
...
040 (391161.012.000) 2024-01-19 17:33:05 Started transferring input files
	Transferring to host: <172.30.1.208:9618?addrs=172.30.1.208-9618&alias=node8&noUDP&sock=slot1_44_3811_f1b4_191375>
...
001 (391161.012.000) 2024-01-19 17:33:05 Job executing on host: <172.30.1.208:9618?addrs=172.30.1.208-9618&alias=node8&noUDP&sock=startd_3777_494c>
...
040 (391161.012.000) 2024-01-19 17:33:05 Finished transferring input files
...
006 (391161.012.000) 2024-01-19 17:33:14 Image size of job updated: 647900
	183  -  MemoryUsage of job (MB)
	186744  -  ResidentSetSize of job (KB)
...
006 (391161.012.000) 2024-01-19 17:35:01 Image size of job updated: 845176
	183  -  MemoryUsage of job (MB)
	186744  -  ResidentSetSize of job (KB)
...
040 (391161.012.000) 2024-01-19 17:35:01 Started transferring output files
...
040 (391161.012.000) 2024-01-19 17:35:02 Finished transferring output files
...
005 (391161.012.000) 2024-01-19 17:35:02 Job terminated.
	(1) Normal termination (return value 0)
		Usr 0 00:01:10, Sys 0 00:00:07  -  Run Remote Usage
		Usr 0 00:00:00, Sys 0 00:00:00  -  Run Local Usage
		Usr 0 00:01:10, Sys 0 00:00:07  -  Total Remote Usage
		Usr 0 00:00:00, Sys 0 00:00:00  -  Total Local Usage
	7469647  -  Run Bytes Sent By Job
	186686  -  Run Bytes Received By Job
	7469647  -  Total Bytes Sent By Job
	186686  -  Total Bytes Received By Job
	Partitionable Resources :    Usage  Request Allocated 
	   Cpus                 :                 1         1 
	   Disk (KB)            :     7545      200    128928 
	   Memory (MB)          :      183     3900      3968 

	Job terminated of its own accord at 2024-01-19T08:35:01Z.
...
000 (391162.012.000) 2024-01-19 17:42:17 Job submitted from host: <172.30.1.200:9618?addrs=172.30.1.200-9618&alias=tamsa2.snu.ac.kr&noUDP&sock=schedd_3625_06e6>
...
040 (391162.012.000) 2024-01-19 17:42:27 Started transferring input files
	Transferring to host: <172.30.1.208:9618?addrs=172.30.1.208-9618&alias=node8&noUDP&sock=slot1_37_3811_f1b4_191381>
...
001 (391162.012.000) 2024-01-19 17:42:27 Job executing on host: <172.30.1.208:9618?addrs=172.30.1.208-9618&alias=node8&noUDP&sock=startd_3777_494c>
...
040 (391162.012.000) 2024-01-19 17:42:27 Finished transferring input files
...
006 (391162.012.000) 2024-01-19 17:42:36 Image size of job updated: 186736
	183  -  MemoryUsage of job (MB)
	186736  -  ResidentSetSize of job (KB)
...
006 (391162.012.000) 2024-01-19 17:44:22 Image size of job updated: 845944
	183  -  MemoryUsage of job (MB)
	186736  -  ResidentSetSize of job (KB)
...
040 (391162.012.000) 2024-01-19 17:44:22 Started transferring output files
...
040 (391162.012.000) 2024-01-19 17:44:22 Finished transferring output files
...
005 (391162.012.000) 2024-01-19 17:44:22 Job terminated.
	(1) Normal termination (return value 0)
		Usr 0 00:01:11, Sys 0 00:00:07  -  Run Remote Usage
		Usr 0 00:00:00, Sys 0 00:00:00  -  Run Local Usage
		Usr 0 00:01:11, Sys 0 00:00:07  -  Total Remote Usage
		Usr 0 00:00:00, Sys 0 00:00:00  -  Total Local Usage
	7465015  -  Run Bytes Sent By Job
	187104  -  Run Bytes Received By Job
	7465015  -  Total Bytes Sent By Job
	187104  -  Total Bytes Received By Job
	Partitionable Resources :    Usage  Request Allocated 
	   Cpus                 :                 1         1 
	   Disk (KB)            :     7540      200    128928 
	   Memory (MB)          :      183     3900      3968 

	Job terminated of its own accord at 2024-01-19T08:44:22Z.
...
000 (391163.012.000) 2024-01-19 17:55:43 Job submitted from host: <172.30.1.200:9618?addrs=172.30.1.200-9618&alias=tamsa2.snu.ac.kr&noUDP&sock=schedd_3625_06e6>
...
040 (391163.012.000) 2024-01-19 17:55:56 Started transferring input files
	Transferring to host: <172.30.1.108:9618?addrs=172.30.1.108-9618&alias=n8&noUDP&sock=slot1_2_4128_4ca1_81446>
...
001 (391163.012.000) 2024-01-19 17:55:56 Job executing on host: <172.30.1.108:9618?addrs=172.30.1.108-9618&alias=n8&noUDP&sock=startd_4094_b8d1>
...
040 (391163.012.000) 2024-01-19 17:55:56 Finished transferring input files
...
006 (391163.012.000) 2024-01-19 17:56:04 Image size of job updated: 567228
	148  -  MemoryUsage of job (MB)
	151024  -  ResidentSetSize of job (KB)
...
006 (391163.012.000) 2024-01-19 17:59:43 Image size of job updated: 875324
	148  -  MemoryUsage of job (MB)
	151160  -  ResidentSetSize of job (KB)
...
040 (391163.012.000) 2024-01-19 17:59:43 Started transferring output files
...
040 (391163.012.000) 2024-01-19 17:59:45 Finished transferring output files
...
005 (391163.012.000) 2024-01-19 17:59:45 Job terminated.
	(1) Normal termination (return value 0)
		Usr 0 00:03:14, Sys 0 00:00:12  -  Run Remote Usage
		Usr 0 00:00:00, Sys 0 00:00:00  -  Run Local Usage
		Usr 0 00:03:14, Sys 0 00:00:12  -  Total Remote Usage
		Usr 0 00:00:00, Sys 0 00:00:00  -  Total Local Usage
	34020872  -  Run Bytes Sent By Job
	186100  -  Run Bytes Received By Job
	34020872  -  Total Bytes Sent By Job
	186100  -  Total Bytes Received By Job
	Partitionable Resources :    Usage  Request Allocated 
	   Cpus                 :     1.00        1         1 
	   Disk (KB)            : 33478         200    127849 
	   Memory (MB)          :   148        3900      3968 

	Job terminated of its own accord at 2024-01-19T08:59:43Z.
...
000 (391164.012.000) 2024-01-19 18:03:23 Job submitted from host: <172.30.1.200:9618?addrs=172.30.1.200-9618&alias=tamsa2.snu.ac.kr&noUDP&sock=schedd_3625_06e6>
...
040 (391164.012.000) 2024-01-19 18:03:37 Started transferring input files
	Transferring to host: <172.30.1.107:9618?addrs=172.30.1.107-9618&alias=n7&noUDP&sock=slot1_13_4166_12e2_53812>
...
040 (391164.012.000) 2024-01-19 18:03:37 Finished transferring input files
...
001 (391164.012.000) 2024-01-19 18:03:37 Job executing on host: <172.30.1.107:9618?addrs=172.30.1.107-9618&alias=n7&noUDP&sock=startd_4132_c96b>
...
006 (391164.012.000) 2024-01-19 18:03:46 Image size of job updated: 139344
	68  -  MemoryUsage of job (MB)
	69432  -  ResidentSetSize of job (KB)
...
006 (391164.012.000) 2024-01-19 18:08:09 Image size of job updated: 875724
	68  -  MemoryUsage of job (MB)
	69432  -  ResidentSetSize of job (KB)
...
040 (391164.012.000) 2024-01-19 18:08:09 Started transferring output files
...
040 (391164.012.000) 2024-01-19 18:08:11 Finished transferring output files
...
005 (391164.012.000) 2024-01-19 18:08:11 Job terminated.
	(1) Normal termination (return value 0)
		Usr 0 00:04:00, Sys 0 00:00:12  -  Run Remote Usage
		Usr 0 00:00:00, Sys 0 00:00:00  -  Run Local Usage
		Usr 0 00:04:00, Sys 0 00:00:12  -  Total Remote Usage
		Usr 0 00:00:00, Sys 0 00:00:00  -  Total Local Usage
	60367120  -  Run Bytes Sent By Job
	186386  -  Run Bytes Received By Job
	60367120  -  Total Bytes Sent By Job
	186386  -  Total Bytes Received By Job
	Partitionable Resources :    Usage  Request Allocated 
	   Cpus                 :     1.00        1         1 
	   Disk (KB)            : 59207         200    127849 
	   Memory (MB)          :    68        3900      3968 

	Job terminated of its own accord at 2024-01-19T09:08:09Z.
...
000 (391165.012.000) 2024-01-19 22:41:31 Job submitted from host: <172.30.1.200:9618?addrs=172.30.1.200-9618&alias=tamsa2.snu.ac.kr&noUDP&sock=schedd_3625_06e6>
...
040 (391165.012.000) 2024-01-19 22:41:33 Started transferring input files
	Transferring to host: <172.30.1.204:9618?addrs=172.30.1.204-9618&alias=node4&noUDP&sock=slot1_17_3725_5971_203492>
...
001 (391165.012.000) 2024-01-19 22:41:33 Job executing on host: <172.30.1.204:9618?addrs=172.30.1.204-9618&alias=node4&noUDP&sock=startd_3691_4c27>
...
040 (391165.012.000) 2024-01-19 22:41:33 Finished transferring input files
...
006 (391165.012.000) 2024-01-19 22:41:42 Image size of job updated: 139232
	22  -  MemoryUsage of job (MB)
	21684  -  ResidentSetSize of job (KB)
...
006 (391165.012.000) 2024-01-19 22:43:34 Image size of job updated: 846608
	22  -  MemoryUsage of job (MB)
	21792  -  ResidentSetSize of job (KB)
...
040 (391165.012.000) 2024-01-19 22:43:34 Started transferring output files
...
040 (391165.012.000) 2024-01-19 22:43:34 Finished transferring output files
...
005 (391165.012.000) 2024-01-19 22:43:34 Job terminated.
	(1) Normal termination (return value 0)
		Usr 0 00:01:07, Sys 0 00:00:06  -  Run Remote Usage
		Usr 0 00:00:00, Sys 0 00:00:00  -  Run Local Usage
		Usr 0 00:01:07, Sys 0 00:00:06  -  Total Remote Usage
		Usr 0 00:00:00, Sys 0 00:00:00  -  Total Local Usage
	7473695  -  Run Bytes Sent By Job
	185908  -  Run Bytes Received By Job
	7473695  -  Total Bytes Sent By Job
	185908  -  Total Bytes Received By Job
	Partitionable Resources :    Usage  Request Allocated 
	   Cpus                 :     0.01        1         1 
	   Disk (KB)            :  7554         200    128928 
	   Memory (MB)          :    22        3900      3968 

	Job terminated of its own accord at 2024-01-19T13:43:34Z.
...
000 (391166.012.000) 2024-01-19 22:44:51 Job submitted from host: <172.30.1.200:9618?addrs=172.30.1.200-9618&alias=tamsa2.snu.ac.kr&noUDP&sock=schedd_3625_06e6>
...
040 (391166.012.000) 2024-01-19 22:44:59 Started transferring input files
	Transferring to host: <172.30.1.204:9618?addrs=172.30.1.204-9618&alias=node4&noUDP&sock=slot1_17_3725_5971_203518>
...
040 (391166.012.000) 2024-01-19 22:44:59 Finished transferring input files
...
001 (391166.012.000) 2024-01-19 22:44:59 Job executing on host: <172.30.1.204:9618?addrs=172.30.1.204-9618&alias=node4&noUDP&sock=startd_3691_4c27>
...
006 (391166.012.000) 2024-01-19 22:45:07 Image size of job updated: 141288
	138  -  MemoryUsage of job (MB)
	141288  -  ResidentSetSize of job (KB)
...
006 (391166.012.000) 2024-01-19 22:50:07 Image size of job updated: 871708
	210  -  MemoryUsage of job (MB)
	214828  -  ResidentSetSize of job (KB)
...
006 (391166.012.000) 2024-01-19 22:50:16 Image size of job updated: 871780
	212  -  MemoryUsage of job (MB)
	216500  -  ResidentSetSize of job (KB)
...
040 (391166.012.000) 2024-01-19 22:50:16 Started transferring output files
...
040 (391166.012.000) 2024-01-19 22:50:17 Finished transferring output files
...
005 (391166.012.000) 2024-01-19 22:50:17 Job terminated.
	(1) Normal termination (return value 0)
		Usr 0 00:04:48, Sys 0 00:00:15  -  Run Remote Usage
		Usr 0 00:00:00, Sys 0 00:00:00  -  Run Local Usage
		Usr 0 00:04:48, Sys 0 00:00:15  -  Total Remote Usage
		Usr 0 00:00:00, Sys 0 00:00:00  -  Total Local Usage
	32353836  -  Run Bytes Sent By Job
	185911  -  Run Bytes Received By Job
	32353836  -  Total Bytes Sent By Job
	185911  -  Total Bytes Received By Job
	Partitionable Resources :    Usage  Request Allocated 
	   Cpus                 :     0.99        1         1 
	   Disk (KB)            : 31850         200    128928 
	   Memory (MB)          :   212        3900      3968 

	Job terminated of its own accord at 2024-01-19T13:50:16Z.
...
000 (391167.012.000) 2024-01-19 22:57:44 Job submitted from host: <172.30.1.200:9618?addrs=172.30.1.200-9618&alias=tamsa2.snu.ac.kr&noUDP&sock=schedd_3625_06e6>
...
040 (391167.012.000) 2024-01-19 22:57:46 Started transferring input files
	Transferring to host: <172.30.1.204:9618?addrs=172.30.1.204-9618&alias=node4&noUDP&sock=slot1_20_3725_5971_203546>
...
001 (391167.012.000) 2024-01-19 22:57:46 Job executing on host: <172.30.1.204:9618?addrs=172.30.1.204-9618&alias=node4&noUDP&sock=startd_3691_4c27>
...
040 (391167.012.000) 2024-01-19 22:57:46 Finished transferring input files
...
006 (391167.012.000) 2024-01-19 22:57:55 Image size of job updated: 139344
	68  -  MemoryUsage of job (MB)
	69440  -  ResidentSetSize of job (KB)
...
006 (391167.012.000) 2024-01-19 23:02:56 Image size of job updated: 871800
	214  -  MemoryUsage of job (MB)
	218288  -  ResidentSetSize of job (KB)
...
006 (391167.012.000) 2024-01-19 23:03:00 Image size of job updated: 874500
	214  -  MemoryUsage of job (MB)
	218288  -  ResidentSetSize of job (KB)
...
040 (391167.012.000) 2024-01-19 23:03:00 Started transferring output files
...
040 (391167.012.000) 2024-01-19 23:03:01 Finished transferring output files
...
005 (391167.012.000) 2024-01-19 23:03:01 Job terminated.
	(1) Normal termination (return value 0)
		Usr 0 00:04:41, Sys 0 00:00:16  -  Run Remote Usage
		Usr 0 00:00:00, Sys 0 00:00:00  -  Run Local Usage
		Usr 0 00:04:41, Sys 0 00:00:16  -  Total Remote Usage
		Usr 0 00:00:00, Sys 0 00:00:00  -  Total Local Usage
	32300764  -  Run Bytes Sent By Job
	185911  -  Run Bytes Received By Job
	32300764  -  Total Bytes Sent By Job
	185911  -  Total Bytes Received By Job
	Partitionable Resources :    Usage  Request Allocated 
	   Cpus                 :     0.62        1         1 
	   Disk (KB)            : 31799         200    128928 
	   Memory (MB)          :   214        3900      3968 

	Job terminated of its own accord at 2024-01-19T14:03:00Z.
...
000 (391343.012.000) 2024-01-22 10:59:17 Job submitted from host: <172.30.1.200:9618?addrs=172.30.1.200-9618&alias=tamsa2.snu.ac.kr&noUDP&sock=schedd_3625_06e6>
...
040 (391343.012.000) 2024-01-22 10:59:22 Started transferring input files
	Transferring to host: <172.30.1.216:9618?addrs=172.30.1.216-9618&alias=node16&noUDP&sock=slot1_21_4290_7168_332790>
...
040 (391343.012.000) 2024-01-22 10:59:22 Finished transferring input files
...
001 (391343.012.000) 2024-01-22 10:59:22 Job executing on host: <172.30.1.216:9618?addrs=172.30.1.216-9618&alias=node16&noUDP&sock=startd_4255_2791>
...
006 (391343.012.000) 2024-01-22 10:59:31 Image size of job updated: 1288
	1  -  MemoryUsage of job (MB)
	80  -  ResidentSetSize of job (KB)
...
006 (391343.012.000) 2024-01-22 11:04:31 Image size of job updated: 952212
	284  -  MemoryUsage of job (MB)
	289904  -  ResidentSetSize of job (KB)
...
006 (391343.012.000) 2024-01-22 11:09:31 Image size of job updated: 967900
	284  -  MemoryUsage of job (MB)
	289904  -  ResidentSetSize of job (KB)
...
040 (391343.012.000) 2024-01-22 11:18:51 Started transferring output files
...
040 (391343.012.000) 2024-01-22 11:18:52 Finished transferring output files
...
005 (391343.012.000) 2024-01-22 11:18:52 Job terminated.
	(1) Normal termination (return value 0)
		Usr 0 00:17:36, Sys 0 00:00:54  -  Run Remote Usage
		Usr 0 00:00:00, Sys 0 00:00:00  -  Run Local Usage
		Usr 0 00:17:36, Sys 0 00:00:54  -  Total Remote Usage
		Usr 0 00:00:00, Sys 0 00:00:00  -  Total Local Usage
	30752268  -  Run Bytes Sent By Job
	185924  -  Run Bytes Received By Job
	30752268  -  Total Bytes Sent By Job
	185924  -  Total Bytes Received By Job
	Partitionable Resources :    Usage  Request Allocated 
	   Cpus                 :     0.79        1         1 
	   Disk (KB)            : 30286         200    261111 
	   Memory (MB)          :   284        3900      3968 

	Job terminated of its own accord at 2024-01-22T02:18:51Z.
...
000 (391348.012.000) 2024-01-22 12:29:14 Job submitted from host: <172.30.1.200:9618?addrs=172.30.1.200-9618&alias=tamsa2.snu.ac.kr&noUDP&sock=schedd_3625_06e6>
...
040 (391348.012.000) 2024-01-22 12:29:17 Started transferring input files
	Transferring to host: <172.30.1.216:9618?addrs=172.30.1.216-9618&alias=node16&noUDP&sock=slot1_13_4290_7168_332826>
...
040 (391348.012.000) 2024-01-22 12:29:17 Finished transferring input files
...
001 (391348.012.000) 2024-01-22 12:29:17 Job executing on host: <172.30.1.216:9618?addrs=172.30.1.216-9618&alias=node16&noUDP&sock=startd_4255_2791>
...
006 (391348.012.000) 2024-01-22 12:29:26 Image size of job updated: 139344
	5  -  MemoryUsage of job (MB)
	4960  -  ResidentSetSize of job (KB)
...
006 (391348.012.000) 2024-01-22 12:34:26 Image size of job updated: 960796
	183  -  MemoryUsage of job (MB)
	186724  -  ResidentSetSize of job (KB)
...
006 (391348.012.000) 2024-01-22 12:39:26 Image size of job updated: 960796
	183  -  MemoryUsage of job (MB)
	187328  -  ResidentSetSize of job (KB)
...
006 (391348.012.000) 2024-01-22 12:44:27 Image size of job updated: 960796
	304  -  MemoryUsage of job (MB)
	310492  -  ResidentSetSize of job (KB)
...
040 (391348.012.000) 2024-01-22 12:49:12 Started transferring output files
...
040 (391348.012.000) 2024-01-22 12:49:13 Finished transferring output files
...
005 (391348.012.000) 2024-01-22 12:49:13 Job terminated.
	(1) Normal termination (return value 0)
		Usr 0 00:18:24, Sys 0 00:00:56  -  Run Remote Usage
		Usr 0 00:00:00, Sys 0 00:00:00  -  Run Local Usage
		Usr 0 00:18:24, Sys 0 00:00:56  -  Total Remote Usage
		Usr 0 00:00:00, Sys 0 00:00:00  -  Total Local Usage
	30752460  -  Run Bytes Sent By Job
	186484  -  Run Bytes Received By Job
	30752460  -  Total Bytes Sent By Job
	186484  -  Total Bytes Received By Job
	Partitionable Resources :    Usage  Request Allocated 
	   Cpus                 :     1.01        1         1 
	   Disk (KB)            : 30287         200    261111 
	   Memory (MB)          :   304        3900      3968 

	Job terminated of its own accord at 2024-01-22T03:49:12Z.
...
000 (391350.012.000) 2024-01-22 13:01:44 Job submitted from host: <172.30.1.200:9618?addrs=172.30.1.200-9618&alias=tamsa2.snu.ac.kr&noUDP&sock=schedd_3625_06e6>
...
040 (391350.012.000) 2024-01-22 13:02:00 Started transferring input files
	Transferring to host: <172.30.1.216:9618?addrs=172.30.1.216-9618&alias=node16&noUDP&sock=slot1_13_4290_7168_332866>
...
040 (391350.012.000) 2024-01-22 13:02:00 Finished transferring input files
...
001 (391350.012.000) 2024-01-22 13:02:00 Job executing on host: <172.30.1.216:9618?addrs=172.30.1.216-9618&alias=node16&noUDP&sock=startd_4255_2791>
...
006 (391350.012.000) 2024-01-22 13:02:09 Image size of job updated: 139088
	5  -  MemoryUsage of job (MB)
	4960  -  ResidentSetSize of job (KB)
...
006 (391350.012.000) 2024-01-22 13:07:10 Image size of job updated: 952424
	15  -  MemoryUsage of job (MB)
	14836  -  ResidentSetSize of job (KB)
...
006 (391350.012.000) 2024-01-22 13:12:11 Image size of job updated: 967396
	191  -  MemoryUsage of job (MB)
	194804  -  ResidentSetSize of job (KB)
...
006 (391350.012.000) 2024-01-22 13:17:11 Image size of job updated: 967396
	293  -  MemoryUsage of job (MB)
	299568  -  ResidentSetSize of job (KB)
...
040 (391350.012.000) 2024-01-22 13:22:31 Started transferring output files
...
040 (391350.012.000) 2024-01-22 13:22:32 Finished transferring output files
...
005 (391350.012.000) 2024-01-22 13:22:32 Job terminated.
	(1) Normal termination (return value 0)
		Usr 0 00:19:03, Sys 0 00:00:54  -  Run Remote Usage
		Usr 0 00:00:00, Sys 0 00:00:00  -  Run Local Usage
		Usr 0 00:19:03, Sys 0 00:00:54  -  Total Remote Usage
		Usr 0 00:00:00, Sys 0 00:00:00  -  Total Local Usage
	30709668  -  Run Bytes Sent By Job
	186577  -  Run Bytes Received By Job
	30709668  -  Total Bytes Sent By Job
	186577  -  Total Bytes Received By Job
	Partitionable Resources :    Usage  Request Allocated 
	   Cpus                 :     1.00        1         1 
	   Disk (KB)            : 30246         200    261111 
	   Memory (MB)          :   293        3900      3968 

	Job terminated of its own accord at 2024-01-22T04:22:31Z.
...
000 (391361.012.000) 2024-01-22 13:44:17 Job submitted from host: <172.30.1.200:9618?addrs=172.30.1.200-9618&alias=tamsa2.snu.ac.kr&noUDP&sock=schedd_3625_06e6>
...
040 (391361.012.000) 2024-01-22 13:44:28 Started transferring input files
	Transferring to host: <172.30.1.216:9618?addrs=172.30.1.216-9618&alias=node16&noUDP&sock=slot1_36_4290_7168_332996>
...
040 (391361.012.000) 2024-01-22 13:44:28 Finished transferring input files
...
001 (391361.012.000) 2024-01-22 13:44:28 Job executing on host: <172.30.1.216:9618?addrs=172.30.1.216-9618&alias=node16&noUDP&sock=startd_4255_2791>
...
006 (391361.012.000) 2024-01-22 13:44:37 Image size of job updated: 139344
	68  -  MemoryUsage of job (MB)
	69432  -  ResidentSetSize of job (KB)
...
006 (391361.012.000) 2024-01-22 13:48:10 Image size of job updated: 868692
	68  -  MemoryUsage of job (MB)
	69432  -  ResidentSetSize of job (KB)
...
040 (391361.012.000) 2024-01-22 13:48:10 Started transferring output files
...
040 (391361.012.000) 2024-01-22 13:48:11 Finished transferring output files
...
005 (391361.012.000) 2024-01-22 13:48:11 Job terminated.
	(1) Normal termination (return value 0)
		Usr 0 00:03:10, Sys 0 00:00:13  -  Run Remote Usage
		Usr 0 00:00:00, Sys 0 00:00:00  -  Run Local Usage
		Usr 0 00:03:10, Sys 0 00:00:13  -  Total Remote Usage
		Usr 0 00:00:00, Sys 0 00:00:00  -  Total Local Usage
	31231588  -  Run Bytes Sent By Job
	191813  -  Run Bytes Received By Job
	31231588  -  Total Bytes Sent By Job
	191813  -  Total Bytes Received By Job
	Partitionable Resources :    Usage  Request Allocated 
	   Cpus                 :     1.00        1         1 
	   Disk (KB)            : 30763         200    261111 
	   Memory (MB)          :    68        3900      3968 

	Job terminated of its own accord at 2024-01-22T04:48:10Z.
...
000 (391362.012.000) 2024-01-22 13:50:58 Job submitted from host: <172.30.1.200:9618?addrs=172.30.1.200-9618&alias=tamsa2.snu.ac.kr&noUDP&sock=schedd_3625_06e6>
...
040 (391362.012.000) 2024-01-22 13:51:02 Started transferring input files
	Transferring to host: <172.30.1.216:9618?addrs=172.30.1.216-9618&alias=node16&noUDP&sock=slot1_29_4290_7168_333043>
...
040 (391362.012.000) 2024-01-22 13:51:02 Finished transferring input files
...
001 (391362.012.000) 2024-01-22 13:51:02 Job executing on host: <172.30.1.216:9618?addrs=172.30.1.216-9618&alias=node16&noUDP&sock=startd_4255_2791>
...
006 (391362.012.000) 2024-01-22 13:51:11 Image size of job updated: 139088
	5  -  MemoryUsage of job (MB)
	4952  -  ResidentSetSize of job (KB)
...
006 (391362.012.000) 2024-01-22 13:56:11 Image size of job updated: 961796
	276  -  MemoryUsage of job (MB)
	282084  -  ResidentSetSize of job (KB)
...
006 (391362.012.000) 2024-01-22 14:01:11 Image size of job updated: 968984
	276  -  MemoryUsage of job (MB)
	282084  -  ResidentSetSize of job (KB)
...
006 (391362.012.000) 2024-01-22 14:06:12 Image size of job updated: 969288
	276  -  MemoryUsage of job (MB)
	282084  -  ResidentSetSize of job (KB)
...
040 (391362.012.000) 2024-01-22 14:12:56 Started transferring output files
...
040 (391362.012.000) 2024-01-22 14:12:57 Finished transferring output files
...
005 (391362.012.000) 2024-01-22 14:12:57 Job terminated.
	(1) Normal termination (return value 0)
		Usr 0 00:19:38, Sys 0 00:01:04  -  Run Remote Usage
		Usr 0 00:00:00, Sys 0 00:00:00  -  Run Local Usage
		Usr 0 00:19:38, Sys 0 00:01:04  -  Total Remote Usage
		Usr 0 00:00:00, Sys 0 00:00:00  -  Total Local Usage
	30744290  -  Run Bytes Sent By Job
	191814  -  Run Bytes Received By Job
	30744290  -  Total Bytes Sent By Job
	191814  -  Total Bytes Received By Job
	Partitionable Resources :    Usage  Request Allocated 
	   Cpus                 :     1.00        1         1 
	   Disk (KB)            : 30287         200    261111 
	   Memory (MB)          :   276        3900      3968 

	Job terminated of its own accord at 2024-01-22T05:12:56Z.
...
000 (391496.012.000) 2024-01-22 14:58:10 Job submitted from host: <172.30.1.200:9618?addrs=172.30.1.200-9618&alias=tamsa2.snu.ac.kr&noUDP&sock=schedd_3625_06e6>
...
040 (391496.012.000) 2024-01-22 14:58:17 Started transferring input files
	Transferring to host: <172.30.1.216:9618?addrs=172.30.1.216-9618&alias=node16&noUDP&sock=slot1_23_4290_7168_333203>
...
040 (391496.012.000) 2024-01-22 14:58:17 Finished transferring input files
...
001 (391496.012.000) 2024-01-22 14:58:17 Job executing on host: <172.30.1.216:9618?addrs=172.30.1.216-9618&alias=node16&noUDP&sock=startd_4255_2791>
...
006 (391496.012.000) 2024-01-22 14:58:26 Image size of job updated: 139344
	5  -  MemoryUsage of job (MB)
	4952  -  ResidentSetSize of job (KB)
...
006 (391496.012.000) 2024-01-22 15:03:26 Image size of job updated: 953024
	276  -  MemoryUsage of job (MB)
	281868  -  ResidentSetSize of job (KB)
...
006 (391496.012.000) 2024-01-22 15:08:26 Image size of job updated: 954516
	276  -  MemoryUsage of job (MB)
	281868  -  ResidentSetSize of job (KB)
...
006 (391496.012.000) 2024-01-22 15:13:27 Image size of job updated: 968712
	294  -  MemoryUsage of job (MB)
	301004  -  ResidentSetSize of job (KB)
...
006 (391496.012.000) 2024-01-22 15:18:28 Image size of job updated: 969228
	294  -  MemoryUsage of job (MB)
	301004  -  ResidentSetSize of job (KB)
...
040 (391496.012.000) 2024-01-22 15:23:21 Started transferring output files
...
040 (391496.012.000) 2024-01-22 15:23:23 Finished transferring output files
...
005 (391496.012.000) 2024-01-22 15:23:23 Job terminated.
	(1) Normal termination (return value 0)
		Usr 0 00:22:58, Sys 0 00:01:16  -  Run Remote Usage
		Usr 0 00:00:00, Sys 0 00:00:00  -  Run Local Usage
		Usr 0 00:22:58, Sys 0 00:01:16  -  Total Remote Usage
		Usr 0 00:00:00, Sys 0 00:00:00  -  Total Local Usage
	30722892  -  Run Bytes Sent By Job
	191814  -  Run Bytes Received By Job
	30722892  -  Total Bytes Sent By Job
	191814  -  Total Bytes Received By Job
	Partitionable Resources :    Usage  Request Allocated 
	   Cpus                 :     0.99        1         1 
	   Disk (KB)            : 30266         200    261111 
	   Memory (MB)          :   294        3900      3968 

	Job terminated of its own accord at 2024-01-22T06:23:21Z.
...
000 (391511.012.000) 2024-01-22 15:59:41 Job submitted from host: <172.30.1.200:9618?addrs=172.30.1.200-9618&alias=tamsa2.snu.ac.kr&noUDP&sock=schedd_3625_06e6>
...
040 (391511.012.000) 2024-01-22 15:59:51 Started transferring input files
	Transferring to host: <172.30.1.214:9618?addrs=172.30.1.214-9618&alias=node14&noUDP&sock=slot1_31_4480_50af_235835>
...
040 (391511.012.000) 2024-01-22 15:59:51 Finished transferring input files
...
001 (391511.012.000) 2024-01-22 15:59:51 Job executing on host: <172.30.1.214:9618?addrs=172.30.1.214-9618&alias=node14&noUDP&sock=startd_4446_2a28>
...
006 (391511.012.000) 2024-01-22 16:00:00 Image size of job updated: 139344
	5  -  MemoryUsage of job (MB)
	4956  -  ResidentSetSize of job (KB)
...
006 (391511.012.000) 2024-01-22 16:05:01 Image size of job updated: 969548
	246  -  MemoryUsage of job (MB)
	251352  -  ResidentSetSize of job (KB)
...
006 (391511.012.000) 2024-01-22 16:15:01 Image size of job updated: 969548
	276  -  MemoryUsage of job (MB)
	281932  -  ResidentSetSize of job (KB)
...
040 (391511.012.000) 2024-01-22 16:24:03 Started transferring output files
...
040 (391511.012.000) 2024-01-22 16:24:04 Finished transferring output files
...
005 (391511.012.000) 2024-01-22 16:24:04 Job terminated.
	(1) Normal termination (return value 0)
		Usr 0 00:22:26, Sys 0 00:01:10  -  Run Remote Usage
		Usr 0 00:00:00, Sys 0 00:00:00  -  Run Local Usage
		Usr 0 00:22:26, Sys 0 00:01:10  -  Total Remote Usage
		Usr 0 00:00:00, Sys 0 00:00:00  -  Total Local Usage
	30808164  -  Run Bytes Sent By Job
	191824  -  Run Bytes Received By Job
	30808164  -  Total Bytes Sent By Job
	191824  -  Total Bytes Received By Job
	Partitionable Resources :    Usage  Request Allocated 
	   Cpus                 :     1.01        1         1 
	   Disk (KB)            : 30349         200    261111 
	   Memory (MB)          :   276        3900      3968 

	Job terminated of its own accord at 2024-01-22T07:24:03Z.
...
000 (391574.012.000) 2024-01-22 23:14:59 Job submitted from host: <172.30.1.200:9618?addrs=172.30.1.200-9618&alias=tamsa2.snu.ac.kr&noUDP&sock=schedd_3625_06e6>
...
040 (391574.012.000) 2024-01-22 23:15:04 Started transferring input files
	Transferring to host: <172.30.1.216:9618?addrs=172.30.1.216-9618&alias=node16&noUDP&sock=slot1_21_4290_7168_334238>
...
040 (391574.012.000) 2024-01-22 23:15:04 Finished transferring input files
...
001 (391574.012.000) 2024-01-22 23:15:04 Job executing on host: <172.30.1.216:9618?addrs=172.30.1.216-9618&alias=node16&noUDP&sock=startd_4255_2791>
...
006 (391574.012.000) 2024-01-22 23:15:13 Image size of job updated: 139344
	5  -  MemoryUsage of job (MB)
	4956  -  ResidentSetSize of job (KB)
...
006 (391574.012.000) 2024-01-22 23:20:13 Image size of job updated: 962644
	306  -  MemoryUsage of job (MB)
	312440  -  ResidentSetSize of job (KB)
...
006 (391574.012.000) 2024-01-22 23:30:14 Image size of job updated: 965292
	306  -  MemoryUsage of job (MB)
	312440  -  ResidentSetSize of job (KB)
...
006 (391574.012.000) 2024-01-22 23:35:15 Image size of job updated: 968996
	306  -  MemoryUsage of job (MB)
	312440  -  ResidentSetSize of job (KB)
...
004 (391574.012.000) 2024-01-22 23:35:24 Job was evicted.
	(0) CPU times
		Usr 0 00:18:32, Sys 0 00:01:02  -  Run Remote Usage
		Usr 0 00:00:00, Sys 0 00:00:00  -  Run Local Usage
	0  -  Run Bytes Sent By Job
	191685  -  Run Bytes Received By Job
	Partitionable Resources :    Usage  Request Allocated 
	   Cpus                 :     1.01        1         1 
	   Disk (KB)            : 13258         200    261111 
	   Memory (MB)          :   306        3900      3968 
...
009 (391574.012.000) 2024-01-22 23:35:24 Job was aborted.
	via condor_rm (by user shin)
...
000 (391577.012.000) 2024-01-22 23:35:26 Job submitted from host: <172.30.1.200:9618?addrs=172.30.1.200-9618&alias=tamsa2.snu.ac.kr&noUDP&sock=schedd_3625_06e6>
...
040 (391577.012.000) 2024-01-22 23:35:34 Started transferring input files
	Transferring to host: <172.30.1.216:9618?addrs=172.30.1.216-9618&alias=node16&noUDP&sock=slot1_13_4290_7168_334290>
...
040 (391577.012.000) 2024-01-22 23:35:34 Finished transferring input files
...
001 (391577.012.000) 2024-01-22 23:35:34 Job executing on host: <172.30.1.216:9618?addrs=172.30.1.216-9618&alias=node16&noUDP&sock=startd_4255_2791>
...
006 (391577.012.000) 2024-01-22 23:35:43 Image size of job updated: 139344
	12  -  MemoryUsage of job (MB)
	11396  -  ResidentSetSize of job (KB)
...
006 (391577.012.000) 2024-01-22 23:40:44 Image size of job updated: 962660
	265  -  MemoryUsage of job (MB)
	270732  -  ResidentSetSize of job (KB)
...
006 (391577.012.000) 2024-01-22 23:50:45 Image size of job updated: 965164
	286  -  MemoryUsage of job (MB)
	291904  -  ResidentSetSize of job (KB)
...
006 (391577.012.000) 2024-01-22 23:55:49 Image size of job updated: 968800
	286  -  MemoryUsage of job (MB)
	291904  -  ResidentSetSize of job (KB)
...
040 (391577.012.000) 2024-01-23 00:00:13 Started transferring output files
...
040 (391577.012.000) 2024-01-23 00:00:14 Finished transferring output files
...
005 (391577.012.000) 2024-01-23 00:00:14 Job terminated.
	(1) Normal termination (return value 0)
		Usr 0 00:23:06, Sys 0 00:01:12  -  Run Remote Usage
		Usr 0 00:00:00, Sys 0 00:00:00  -  Run Local Usage
		Usr 0 00:23:06, Sys 0 00:01:12  -  Total Remote Usage
		Usr 0 00:00:00, Sys 0 00:00:00  -  Total Local Usage
	30782994  -  Run Bytes Sent By Job
	191687  -  Run Bytes Received By Job
	30782994  -  Total Bytes Sent By Job
	191687  -  Total Bytes Received By Job
	Partitionable Resources :    Usage  Request Allocated 
	   Cpus                 :     1.00        1         1 
	   Disk (KB)            : 30324         200    261111 
	   Memory (MB)          :   286        3900      3968 

	Job terminated of its own accord at 2024-01-22T15:00:13Z.
...
000 (391582.012.000) 2024-01-23 10:33:34 Job submitted from host: <172.30.1.200:9618?addrs=172.30.1.200-9618&alias=tamsa2.snu.ac.kr&noUDP&sock=schedd_3625_06e6>
...
040 (391582.012.000) 2024-01-23 10:33:40 Started transferring input files
	Transferring to host: <172.30.1.216:9618?addrs=172.30.1.216-9618&alias=node16&noUDP&sock=slot1_21_4290_7168_337538>
...
040 (391582.012.000) 2024-01-23 10:33:40 Finished transferring input files
...
001 (391582.012.000) 2024-01-23 10:33:40 Job executing on host: <172.30.1.216:9618?addrs=172.30.1.216-9618&alias=node16&noUDP&sock=startd_4255_2791>
...
006 (391582.012.000) 2024-01-23 10:33:48 Image size of job updated: 1288
	1  -  MemoryUsage of job (MB)
	84  -  ResidentSetSize of job (KB)
...
006 (391582.012.000) 2024-01-23 10:38:48 Image size of job updated: 965620
	294  -  MemoryUsage of job (MB)
	301052  -  ResidentSetSize of job (KB)
...
006 (391582.012.000) 2024-01-23 10:48:50 Image size of job updated: 967548
	294  -  MemoryUsage of job (MB)
	301052  -  ResidentSetSize of job (KB)
...
040 (391582.012.000) 2024-01-23 10:51:31 Started transferring output files
...
040 (391582.012.000) 2024-01-23 10:51:33 Finished transferring output files
...
005 (391582.012.000) 2024-01-23 10:51:34 Job terminated.
	(1) Normal termination (return value 0)
		Usr 0 00:16:04, Sys 0 00:00:52  -  Run Remote Usage
		Usr 0 00:00:00, Sys 0 00:00:00  -  Run Local Usage
		Usr 0 00:16:04, Sys 0 00:00:52  -  Total Remote Usage
		Usr 0 00:00:00, Sys 0 00:00:00  -  Total Local Usage
	30763488  -  Run Bytes Sent By Job
	191687  -  Run Bytes Received By Job
	30763488  -  Total Bytes Sent By Job
	191687  -  Total Bytes Received By Job
	Partitionable Resources :    Usage  Request Allocated 
	   Cpus                 :     1.00        1         1 
	   Disk (KB)            : 30305         200    261111 
	   Memory (MB)          :   294        3900      3968 

	Job terminated of its own accord at 2024-01-23T01:51:31Z.
...
