000 (390874.026.000) 2024-01-18 20:28:10 Job submitted from host: <172.30.1.200:9618?addrs=172.30.1.200-9618&alias=tamsa2.snu.ac.kr&noUDP&sock=schedd_3625_06e6>
...
040 (390874.026.000) 2024-01-18 20:28:23 Started transferring input files
	Transferring to host: <172.30.1.207:9618?addrs=172.30.1.207-9618&alias=node7&noUDP&sock=slot1_7_39434_91fd_224778>
...
001 (390874.026.000) 2024-01-18 20:28:23 Job executing on host: <172.30.1.207:9618?addrs=172.30.1.207-9618&alias=node7&noUDP&sock=startd_3748_650d>
...
040 (390874.026.000) 2024-01-18 20:28:23 Finished transferring input files
...
006 (390874.026.000) 2024-01-18 20:28:32 Image size of job updated: 50132
	1  -  MemoryUsage of job (MB)
	84  -  ResidentSetSize of job (KB)
...
006 (390874.026.000) 2024-01-18 20:33:33 Image size of job updated: 427252
	49  -  MemoryUsage of job (MB)
	49832  -  ResidentSetSize of job (KB)
...
006 (390874.026.000) 2024-01-18 20:36:31 Image size of job updated: 838372
	49  -  MemoryUsage of job (MB)
	49832  -  ResidentSetSize of job (KB)
...
004 (390874.026.000) 2024-01-18 20:36:31 Job was evicted.
	(0) CPU times
		Usr 0 00:00:16, Sys 0 00:00:02  -  Run Remote Usage
		Usr 0 00:00:00, Sys 0 00:00:00  -  Run Local Usage
	0  -  Run Bytes Sent By Job
	181578  -  Run Bytes Received By Job
	Partitionable Resources :    Usage  Request Allocated 
	   Cpus                 :     0.35        1         1 
	   Disk (KB)            :  1783         200    121695 
	   Memory (MB)          :    49        3900      3968 
...
009 (390874.026.000) 2024-01-18 20:36:31 Job was aborted.
	via condor_rm (by user shin)
...
000 (390875.026.000) 2024-01-18 20:45:32 Job submitted from host: <172.30.1.200:9618?addrs=172.30.1.200-9618&alias=tamsa2.snu.ac.kr&noUDP&sock=schedd_3625_06e6>
...
040 (390875.026.000) 2024-01-18 20:45:46 Started transferring input files
	Transferring to host: <172.30.1.204:9618?addrs=172.30.1.204-9618&alias=node4&noUDP&sock=slot1_2_3725_5971_202588>
...
040 (390875.026.000) 2024-01-18 20:45:46 Finished transferring input files
...
001 (390875.026.000) 2024-01-18 20:45:46 Job executing on host: <172.30.1.204:9618?addrs=172.30.1.204-9618&alias=node4&noUDP&sock=startd_3691_4c27>
...
006 (390875.026.000) 2024-01-18 20:45:55 Image size of job updated: 50132
	11  -  MemoryUsage of job (MB)
	10708  -  ResidentSetSize of job (KB)
...
006 (390875.026.000) 2024-01-18 20:50:33 Image size of job updated: 868092
	11  -  MemoryUsage of job (MB)
	10708  -  ResidentSetSize of job (KB)
...
040 (390875.026.000) 2024-01-18 20:50:33 Started transferring output files
...
040 (390875.026.000) 2024-01-18 20:50:41 Finished transferring output files
...
005 (390875.026.000) 2024-01-18 20:50:41 Job terminated.
	(1) Normal termination (return value 0)
		Usr 0 00:03:01, Sys 0 00:00:12  -  Run Remote Usage
		Usr 0 00:00:00, Sys 0 00:00:00  -  Run Local Usage
		Usr 0 00:03:01, Sys 0 00:00:12  -  Total Remote Usage
		Usr 0 00:00:00, Sys 0 00:00:00  -  Total Local Usage
	105177176  -  Run Bytes Sent By Job
	182042  -  Run Bytes Received By Job
	105177176  -  Total Bytes Sent By Job
	182042  -  Total Bytes Received By Job
	Partitionable Resources :     Usage  Request Allocated 
	   Cpus                 :      0.02        1         1 
	   Disk (KB)            : 102962         200    128928 
	   Memory (MB)          :     11        3900      3968 

	Job terminated of its own accord at 2024-01-18T11:50:33Z.
...
000 (390886.026.000) 2024-01-18 21:10:43 Job submitted from host: <172.30.1.200:9618?addrs=172.30.1.200-9618&alias=tamsa2.snu.ac.kr&noUDP&sock=schedd_3625_06e6>
...
040 (390886.026.000) 2024-01-18 21:10:46 Started transferring input files
	Transferring to host: <172.30.1.211:9618?addrs=172.30.1.211-9618&alias=node11&noUDP&sock=slot1_31_3735_6531_176944>
...
001 (390886.026.000) 2024-01-18 21:10:46 Job executing on host: <172.30.1.211:9618?addrs=172.30.1.211-9618&alias=node11&noUDP&sock=startd_3699_c8e9>
...
040 (390886.026.000) 2024-01-18 21:10:46 Finished transferring input files
...
006 (390886.026.000) 2024-01-18 21:10:55 Image size of job updated: 147288
	138  -  MemoryUsage of job (MB)
	140808  -  ResidentSetSize of job (KB)
...
006 (390886.026.000) 2024-01-18 21:12:19 Image size of job updated: 846124
	138  -  MemoryUsage of job (MB)
	140808  -  ResidentSetSize of job (KB)
...
040 (390886.026.000) 2024-01-18 21:12:19 Started transferring output files
...
040 (390886.026.000) 2024-01-18 21:12:19 Finished transferring output files
...
005 (390886.026.000) 2024-01-18 21:12:19 Job terminated.
	(1) Normal termination (return value 0)
		Usr 0 00:01:07, Sys 0 00:00:07  -  Run Remote Usage
		Usr 0 00:00:00, Sys 0 00:00:00  -  Run Local Usage
		Usr 0 00:01:07, Sys 0 00:00:07  -  Total Remote Usage
		Usr 0 00:00:00, Sys 0 00:00:00  -  Total Local Usage
	7473247  -  Run Bytes Sent By Job
	181210  -  Run Bytes Received By Job
	7473247  -  Total Bytes Sent By Job
	181210  -  Total Bytes Received By Job
	Partitionable Resources :    Usage  Request Allocated 
	   Cpus                 :                 1         1 
	   Disk (KB)            :     7541      200    128928 
	   Memory (MB)          :      138     3900      3968 

	Job terminated of its own accord at 2024-01-18T12:12:19Z.
...
000 (390887.026.000) 2024-01-18 21:19:38 Job submitted from host: <172.30.1.200:9618?addrs=172.30.1.200-9618&alias=tamsa2.snu.ac.kr&noUDP&sock=schedd_3625_06e6>
...
040 (390887.026.000) 2024-01-18 21:19:41 Started transferring input files
	Transferring to host: <172.30.1.211:9618?addrs=172.30.1.211-9618&alias=node11&noUDP&sock=slot1_30_3735_6531_176961>
...
001 (390887.026.000) 2024-01-18 21:19:41 Job executing on host: <172.30.1.211:9618?addrs=172.30.1.211-9618&alias=node11&noUDP&sock=startd_3699_c8e9>
...
040 (390887.026.000) 2024-01-18 21:19:41 Finished transferring input files
...
006 (390887.026.000) 2024-01-18 21:19:50 Image size of job updated: 809844
	183  -  MemoryUsage of job (MB)
	186732  -  ResidentSetSize of job (KB)
...
006 (390887.026.000) 2024-01-18 21:23:29 Image size of job updated: 871596
	183  -  MemoryUsage of job (MB)
	186732  -  ResidentSetSize of job (KB)
...
040 (390887.026.000) 2024-01-18 21:23:29 Started transferring output files
...
040 (390887.026.000) 2024-01-18 21:23:30 Finished transferring output files
...
005 (390887.026.000) 2024-01-18 21:23:30 Job terminated.
	(1) Normal termination (return value 0)
		Usr 0 00:03:20, Sys 0 00:00:14  -  Run Remote Usage
		Usr 0 00:00:00, Sys 0 00:00:00  -  Run Local Usage
		Usr 0 00:03:20, Sys 0 00:00:14  -  Total Remote Usage
		Usr 0 00:00:00, Sys 0 00:00:00  -  Total Local Usage
	34569816  -  Run Bytes Sent By Job
	181210  -  Run Bytes Received By Job
	34569816  -  Total Bytes Sent By Job
	181210  -  Total Bytes Received By Job
	Partitionable Resources :    Usage  Request Allocated 
	   Cpus                 :     0.47        1         1 
	   Disk (KB)            : 34008         200    128928 
	   Memory (MB)          :   183        3900      3968 

	Job terminated of its own accord at 2024-01-18T12:23:29Z.
...
000 (390888.026.000) 2024-01-18 21:30:57 Job submitted from host: <172.30.1.200:9618?addrs=172.30.1.200-9618&alias=tamsa2.snu.ac.kr&noUDP&sock=schedd_3625_06e6>
...
040 (390888.026.000) 2024-01-18 21:31:00 Started transferring input files
	Transferring to host: <172.30.1.204:9618?addrs=172.30.1.204-9618&alias=node4&noUDP&sock=slot1_2_3725_5971_202627>
...
001 (390888.026.000) 2024-01-18 21:31:00 Job executing on host: <172.30.1.204:9618?addrs=172.30.1.204-9618&alias=node4&noUDP&sock=startd_3691_4c27>
...
040 (390888.026.000) 2024-01-18 21:31:00 Finished transferring input files
...
006 (390888.026.000) 2024-01-18 21:31:09 Image size of job updated: 843224
	198  -  MemoryUsage of job (MB)
	202624  -  ResidentSetSize of job (KB)
...
006 (390888.026.000) 2024-01-18 21:34:08 Image size of job updated: 864392
	198  -  MemoryUsage of job (MB)
	202624  -  ResidentSetSize of job (KB)
...
040 (390888.026.000) 2024-01-18 21:34:09 Started transferring output files
...
040 (390888.026.000) 2024-01-18 21:34:23 Finished transferring output files
...
005 (390888.026.000) 2024-01-18 21:34:23 Job terminated.
	(1) Normal termination (return value 0)
		Usr 0 00:02:44, Sys 0 00:00:12  -  Run Remote Usage
		Usr 0 00:00:00, Sys 0 00:00:00  -  Run Local Usage
		Usr 0 00:02:44, Sys 0 00:00:12  -  Total Remote Usage
		Usr 0 00:00:00, Sys 0 00:00:00  -  Total Local Usage
	33671884  -  Run Bytes Sent By Job
	181214  -  Run Bytes Received By Job
	33671884  -  Total Bytes Sent By Job
	181214  -  Total Bytes Received By Job
	Partitionable Resources :    Usage  Request Allocated 
	   Cpus                 :     1.00        1         1 
	   Disk (KB)            : 33131         200    128928 
	   Memory (MB)          :   198        3900      3968 

	Job terminated of its own accord at 2024-01-18T12:34:08Z.
...
000 (390894.026.000) 2024-01-18 21:35:52 Job submitted from host: <172.30.1.200:9618?addrs=172.30.1.200-9618&alias=tamsa2.snu.ac.kr&noUDP&sock=schedd_3625_06e6>
...
040 (390894.026.000) 2024-01-18 21:36:09 Started transferring input files
	Transferring to host: <172.30.1.204:9618?addrs=172.30.1.204-9618&alias=node4&noUDP&sock=slot1_3_3725_5971_202650>
...
001 (390894.026.000) 2024-01-18 21:36:09 Job executing on host: <172.30.1.204:9618?addrs=172.30.1.204-9618&alias=node4&noUDP&sock=startd_3691_4c27>
...
040 (390894.026.000) 2024-01-18 21:36:09 Finished transferring input files
...
006 (390894.026.000) 2024-01-18 21:36:18 Image size of job updated: 568800
	183  -  MemoryUsage of job (MB)
	187240  -  ResidentSetSize of job (KB)
...
006 (390894.026.000) 2024-01-18 21:39:11 Image size of job updated: 864804
	183  -  MemoryUsage of job (MB)
	187240  -  ResidentSetSize of job (KB)
...
040 (390894.026.000) 2024-01-18 21:39:11 Started transferring output files
...
040 (390894.026.000) 2024-01-18 21:39:16 Finished transferring output files
...
005 (390894.026.000) 2024-01-18 21:39:16 Job terminated.
	(1) Normal termination (return value 0)
		Usr 0 00:02:43, Sys 0 00:00:11  -  Run Remote Usage
		Usr 0 00:00:00, Sys 0 00:00:00  -  Run Local Usage
		Usr 0 00:02:43, Sys 0 00:00:11  -  Total Remote Usage
		Usr 0 00:00:00, Sys 0 00:00:00  -  Total Local Usage
	33673740  -  Run Bytes Sent By Job
	181194  -  Run Bytes Received By Job
	33673740  -  Total Bytes Sent By Job
	181194  -  Total Bytes Received By Job
	Partitionable Resources :    Usage  Request Allocated 
	   Cpus                 :     0.99        1         1 
	   Disk (KB)            : 33133         200    128928 
	   Memory (MB)          :   183        3900      3968 

	Job terminated of its own accord at 2024-01-18T12:39:11Z.
...
000 (390895.026.000) 2024-01-18 21:48:05 Job submitted from host: <172.30.1.200:9618?addrs=172.30.1.200-9618&alias=tamsa2.snu.ac.kr&noUDP&sock=schedd_3625_06e6>
...
040 (390895.026.000) 2024-01-18 21:48:09 Started transferring input files
	Transferring to host: <172.30.1.204:9618?addrs=172.30.1.204-9618&alias=node4&noUDP&sock=slot1_26_3725_5971_202821>
...
040 (390895.026.000) 2024-01-18 21:48:09 Finished transferring input files
...
001 (390895.026.000) 2024-01-18 21:48:09 Job executing on host: <172.30.1.204:9618?addrs=172.30.1.204-9618&alias=node4&noUDP&sock=startd_3691_4c27>
...
006 (390895.026.000) 2024-01-18 21:48:18 Image size of job updated: 139344
	81  -  MemoryUsage of job (MB)
	82844  -  ResidentSetSize of job (KB)
...
006 (390895.026.000) 2024-01-18 21:50:05 Image size of job updated: 864656
	81  -  MemoryUsage of job (MB)
	82868  -  ResidentSetSize of job (KB)
...
004 (390895.026.000) 2024-01-18 21:50:06 Job was evicted.
	(0) CPU times
		Usr 0 00:01:19, Sys 0 00:00:05  -  Run Remote Usage
		Usr 0 00:00:00, Sys 0 00:00:00  -  Run Local Usage
	0  -  Run Bytes Sent By Job
	182143  -  Run Bytes Received By Job
	Partitionable Resources :    Usage  Request Allocated 
	   Cpus                 :     0.81        1         1 
	   Disk (KB)            :  6151         200    128928 
	   Memory (MB)          :    81        3900      3968 
...
009 (390895.026.000) 2024-01-18 21:50:06 Job was aborted.
	via condor_rm (by user shin)
...
000 (390896.026.000) 2024-01-18 21:53:08 Job submitted from host: <172.30.1.200:9618?addrs=172.30.1.200-9618&alias=tamsa2.snu.ac.kr&noUDP&sock=schedd_3625_06e6>
...
040 (390896.026.000) 2024-01-18 21:54:28 Started transferring input files
	Transferring to host: <172.30.1.105:9618?addrs=172.30.1.105-9618&alias=n5&noUDP&sock=slot1_14_3459_eda6_34239>
...
001 (390896.026.000) 2024-01-18 21:54:28 Job executing on host: <172.30.1.105:9618?addrs=172.30.1.105-9618&alias=n5&noUDP&sock=startd_3425_d7f5>
...
040 (390896.026.000) 2024-01-18 21:54:28 Finished transferring input files
...
006 (390896.026.000) 2024-01-18 21:54:37 Image size of job updated: 387468
	119  -  MemoryUsage of job (MB)
	121736  -  ResidentSetSize of job (KB)
...
006 (390896.026.000) 2024-01-18 21:59:38 Image size of job updated: 868176
	120  -  MemoryUsage of job (MB)
	122044  -  ResidentSetSize of job (KB)
...
040 (390896.026.000) 2024-01-18 22:00:20 Started transferring output files
...
040 (390896.026.000) 2024-01-18 22:00:21 Finished transferring output files
...
005 (390896.026.000) 2024-01-18 22:00:21 Job terminated.
	(1) Normal termination (return value 0)
		Usr 0 00:04:57, Sys 0 00:00:23  -  Run Remote Usage
		Usr 0 00:00:00, Sys 0 00:00:00  -  Run Local Usage
		Usr 0 00:04:57, Sys 0 00:00:23  -  Total Remote Usage
		Usr 0 00:00:00, Sys 0 00:00:00  -  Total Local Usage
	39346176  -  Run Bytes Sent By Job
	182135  -  Run Bytes Received By Job
	39346176  -  Total Bytes Sent By Job
	182135  -  Total Bytes Received By Job
	Partitionable Resources :    Usage  Request Allocated 
	   Cpus                 :     0.60        1         1 
	   Disk (KB)            : 38674         200     61880 
	   Memory (MB)          :   120        3900      3968 

	Job terminated of its own accord at 2024-01-18T13:00:20Z.
...
000 (390897.026.000) 2024-01-18 22:03:48 Job submitted from host: <172.30.1.200:9618?addrs=172.30.1.200-9618&alias=tamsa2.snu.ac.kr&noUDP&sock=schedd_3625_06e6>
...
040 (390897.026.000) 2024-01-18 22:05:49 Started transferring input files
	Transferring to host: <172.30.1.109:9618?addrs=172.30.1.109-9618&alias=n9&noUDP&sock=slot1_40_4134_86e1_92198>
...
001 (390897.026.000) 2024-01-18 22:05:49 Job executing on host: <172.30.1.109:9618?addrs=172.30.1.109-9618&alias=n9&noUDP&sock=startd_4100_d663>
...
040 (390897.026.000) 2024-01-18 22:05:49 Finished transferring input files
...
006 (390897.026.000) 2024-01-18 22:05:58 Image size of job updated: 283084
	181  -  MemoryUsage of job (MB)
	184552  -  ResidentSetSize of job (KB)
...
006 (390897.026.000) 2024-01-18 22:09:53 Image size of job updated: 869604
	181  -  MemoryUsage of job (MB)
	184552  -  ResidentSetSize of job (KB)
...
040 (390897.026.000) 2024-01-18 22:09:53 Started transferring output files
...
040 (390897.026.000) 2024-01-18 22:09:54 Finished transferring output files
...
005 (390897.026.000) 2024-01-18 22:09:54 Job terminated.
	(1) Normal termination (return value 0)
		Usr 0 00:02:59, Sys 0 00:00:12  -  Run Remote Usage
		Usr 0 00:00:00, Sys 0 00:00:00  -  Run Local Usage
		Usr 0 00:02:59, Sys 0 00:00:12  -  Total Remote Usage
		Usr 0 00:00:00, Sys 0 00:00:00  -  Total Local Usage
	39196284  -  Run Bytes Sent By Job
	182135  -  Run Bytes Received By Job
	39196284  -  Total Bytes Sent By Job
	182135  -  Total Bytes Received By Job
	Partitionable Resources :    Usage  Request Allocated 
	   Cpus                 :     0.93        1         1 
	   Disk (KB)            : 38528         200    127849 
	   Memory (MB)          :   181        3900      3968 

	Job terminated of its own accord at 2024-01-18T13:09:53Z.
...
000 (390986.026.000) 2024-01-18 22:24:33 Job submitted from host: <172.30.1.200:9618?addrs=172.30.1.200-9618&alias=tamsa2.snu.ac.kr&noUDP&sock=schedd_3625_06e6>
...
040 (390986.026.000) 2024-01-18 22:26:35 Started transferring input files
	Transferring to host: <172.30.1.205:9618?addrs=172.30.1.205-9618&alias=node5&noUDP&sock=slot1_39_3857_5af6_240817>
...
001 (390986.026.000) 2024-01-18 22:26:35 Job executing on host: <172.30.1.205:9618?addrs=172.30.1.205-9618&alias=node5&noUDP&sock=startd_3821_7776>
...
040 (390986.026.000) 2024-01-18 22:26:35 Finished transferring input files
...
006 (390986.026.000) 2024-01-18 22:26:44 Image size of job updated: 139600
	15  -  MemoryUsage of job (MB)
	14816  -  ResidentSetSize of job (KB)
...
006 (390986.026.000) 2024-01-18 22:31:45 Image size of job updated: 869908
	200  -  MemoryUsage of job (MB)
	204492  -  ResidentSetSize of job (KB)
...
040 (390986.026.000) 2024-01-18 22:32:00 Started transferring output files
...
040 (390986.026.000) 2024-01-18 22:32:01 Finished transferring output files
...
005 (390986.026.000) 2024-01-18 22:32:01 Job terminated.
	(1) Normal termination (return value 0)
		Usr 0 00:03:15, Sys 0 00:00:13  -  Run Remote Usage
		Usr 0 00:00:00, Sys 0 00:00:00  -  Run Local Usage
		Usr 0 00:03:15, Sys 0 00:00:13  -  Total Remote Usage
		Usr 0 00:00:00, Sys 0 00:00:00  -  Total Local Usage
	35371528  -  Run Bytes Sent By Job
	182182  -  Run Bytes Received By Job
	35371528  -  Total Bytes Sent By Job
	182182  -  Total Bytes Received By Job
	Partitionable Resources :    Usage  Request Allocated 
	   Cpus                 :     0.58        1         1 
	   Disk (KB)            : 34793         200    128928 
	   Memory (MB)          :   200        3900      3968 

	Job terminated of its own accord at 2024-01-18T13:32:00Z.
...
000 (391043.026.000) 2024-01-18 23:16:24 Job submitted from host: <172.30.1.200:9618?addrs=172.30.1.200-9618&alias=tamsa2.snu.ac.kr&noUDP&sock=schedd_3625_06e6>
...
040 (391043.026.000) 2024-01-18 23:16:29 Started transferring input files
	Transferring to host: <172.30.1.204:9618?addrs=172.30.1.204-9618&alias=node4&noUDP&sock=slot1_18_3725_5971_202940>
...
040 (391043.026.000) 2024-01-18 23:16:29 Finished transferring input files
...
001 (391043.026.000) 2024-01-18 23:16:29 Job executing on host: <172.30.1.204:9618?addrs=172.30.1.204-9618&alias=node4&noUDP&sock=startd_3691_4c27>
...
006 (391043.026.000) 2024-01-18 23:16:38 Image size of job updated: 139088
	86  -  MemoryUsage of job (MB)
	87660  -  ResidentSetSize of job (KB)
...
006 (391043.026.000) 2024-01-18 23:18:12 Image size of job updated: 846676
	86  -  MemoryUsage of job (MB)
	87660  -  ResidentSetSize of job (KB)
...
040 (391043.026.000) 2024-01-18 23:18:12 Started transferring output files
...
040 (391043.026.000) 2024-01-18 23:18:22 Finished transferring output files
...
005 (391043.026.000) 2024-01-18 23:18:22 Job terminated.
	(1) Normal termination (return value 0)
		Usr 0 00:01:05, Sys 0 00:00:06  -  Run Remote Usage
		Usr 0 00:00:00, Sys 0 00:00:00  -  Run Local Usage
		Usr 0 00:01:05, Sys 0 00:00:06  -  Total Remote Usage
		Usr 0 00:00:00, Sys 0 00:00:00  -  Total Local Usage
	7464213  -  Run Bytes Sent By Job
	182524  -  Run Bytes Received By Job
	7464213  -  Total Bytes Sent By Job
	182524  -  Total Bytes Received By Job
	Partitionable Resources :    Usage  Request Allocated 
	   Cpus                 :     0.02        1         1 
	   Disk (KB)            :  7540         200    128928 
	   Memory (MB)          :    86        3900      3968 

	Job terminated of its own accord at 2024-01-18T14:18:12Z.
...
000 (391059.026.000) 2024-01-19 10:38:28 Job submitted from host: <172.30.1.200:9618?addrs=172.30.1.200-9618&alias=tamsa2.snu.ac.kr&noUDP&sock=schedd_3625_06e6>
...
040 (391059.026.000) 2024-01-19 10:38:32 Started transferring input files
	Transferring to host: <172.30.1.214:9618?addrs=172.30.1.214-9618&alias=node14&noUDP&sock=slot1_76_4480_50af_235009>
...
001 (391059.026.000) 2024-01-19 10:38:32 Job executing on host: <172.30.1.214:9618?addrs=172.30.1.214-9618&alias=node14&noUDP&sock=startd_4446_2a28>
...
040 (391059.026.000) 2024-01-19 10:38:32 Finished transferring input files
...
006 (391059.026.000) 2024-01-19 10:38:41 Image size of job updated: 139344
	77  -  MemoryUsage of job (MB)
	78164  -  ResidentSetSize of job (KB)
...
006 (391059.026.000) 2024-01-19 10:43:34 Image size of job updated: 863180
	77  -  MemoryUsage of job (MB)
	78248  -  ResidentSetSize of job (KB)
...
040 (391059.026.000) 2024-01-19 10:43:34 Started transferring output files
...
040 (391059.026.000) 2024-01-19 10:43:34 Finished transferring output files
...
005 (391059.026.000) 2024-01-19 10:43:35 Job terminated.
	(1) Normal termination (return value 0)
		Usr 0 00:03:29, Sys 0 00:00:17  -  Run Remote Usage
		Usr 0 00:00:00, Sys 0 00:00:00  -  Run Local Usage
		Usr 0 00:03:29, Sys 0 00:00:17  -  Total Remote Usage
		Usr 0 00:00:00, Sys 0 00:00:00  -  Total Local Usage
	33764812  -  Run Bytes Sent By Job
	182504  -  Run Bytes Received By Job
	33764812  -  Total Bytes Sent By Job
	182504  -  Total Bytes Received By Job
	Partitionable Resources :    Usage  Request Allocated 
	   Cpus                 :     0.90        1         1 
	   Disk (KB)            : 33224         200    261111 
	   Memory (MB)          :    77        3900      3968 

	Job terminated of its own accord at 2024-01-19T01:43:34Z.
...
000 (391060.026.000) 2024-01-19 10:57:46 Job submitted from host: <172.30.1.200:9618?addrs=172.30.1.200-9618&alias=tamsa2.snu.ac.kr&noUDP&sock=schedd_3625_06e6>
...
040 (391060.026.000) 2024-01-19 10:57:49 Started transferring input files
	Transferring to host: <172.30.1.207:9618?addrs=172.30.1.207-9618&alias=node7&noUDP&sock=slot1_40_39434_91fd_225182>
...
001 (391060.026.000) 2024-01-19 10:57:49 Job executing on host: <172.30.1.207:9618?addrs=172.30.1.207-9618&alias=node7&noUDP&sock=startd_3748_650d>
...
040 (391060.026.000) 2024-01-19 10:57:49 Finished transferring input files
...
006 (391060.026.000) 2024-01-19 10:57:58 Image size of job updated: 170800
	138  -  MemoryUsage of job (MB)
	141208  -  ResidentSetSize of job (KB)
...
006 (391060.026.000) 2024-01-19 11:02:28 Image size of job updated: 866168
	138  -  MemoryUsage of job (MB)
	141220  -  ResidentSetSize of job (KB)
...
040 (391060.026.000) 2024-01-19 11:02:28 Started transferring output files
...
040 (391060.026.000) 2024-01-19 11:02:31 Finished transferring output files
...
005 (391060.026.000) 2024-01-19 11:02:31 Job terminated.
	(1) Normal termination (return value 0)
		Usr 0 00:03:22, Sys 0 00:00:13  -  Run Remote Usage
		Usr 0 00:00:00, Sys 0 00:00:00  -  Run Local Usage
		Usr 0 00:03:22, Sys 0 00:00:13  -  Total Remote Usage
		Usr 0 00:00:00, Sys 0 00:00:00  -  Total Local Usage
	36468372  -  Run Bytes Sent By Job
	182520  -  Run Bytes Received By Job
	36468372  -  Total Bytes Sent By Job
	182520  -  Total Bytes Received By Job
	Partitionable Resources :    Usage  Request Allocated 
	   Cpus                 :     0.86        1         1 
	   Disk (KB)            : 35864         200    121695 
	   Memory (MB)          :   138        3900      3968 

	Job terminated of its own accord at 2024-01-19T02:02:28Z.
...
000 (391113.026.000) 2024-01-19 11:50:58 Job submitted from host: <172.30.1.200:9618?addrs=172.30.1.200-9618&alias=tamsa2.snu.ac.kr&noUDP&sock=schedd_3625_06e6>
...
040 (391113.026.000) 2024-01-19 11:51:01 Started transferring input files
	Transferring to host: <172.30.1.204:9618?addrs=172.30.1.204-9618&alias=node4&noUDP&sock=slot1_44_3725_5971_203288>
...
001 (391113.026.000) 2024-01-19 11:51:01 Job executing on host: <172.30.1.204:9618?addrs=172.30.1.204-9618&alias=node4&noUDP&sock=startd_3691_4c27>
...
040 (391113.026.000) 2024-01-19 11:51:01 Finished transferring input files
...
006 (391113.026.000) 2024-01-19 11:51:10 Image size of job updated: 578840
	133  -  MemoryUsage of job (MB)
	135220  -  ResidentSetSize of job (KB)
...
006 (391113.026.000) 2024-01-19 11:53:10 Image size of job updated: 843512
	133  -  MemoryUsage of job (MB)
	135220  -  ResidentSetSize of job (KB)
...
040 (391113.026.000) 2024-01-19 11:53:10 Started transferring output files
...
040 (391113.026.000) 2024-01-19 11:53:11 Finished transferring output files
...
005 (391113.026.000) 2024-01-19 11:53:11 Job terminated.
	(1) Normal termination (return value 0)
		Usr 0 00:01:09, Sys 0 00:00:07  -  Run Remote Usage
		Usr 0 00:00:00, Sys 0 00:00:00  -  Run Local Usage
		Usr 0 00:01:09, Sys 0 00:00:07  -  Total Remote Usage
		Usr 0 00:00:00, Sys 0 00:00:00  -  Total Local Usage
	7464063  -  Run Bytes Sent By Job
	183986  -  Run Bytes Received By Job
	7464063  -  Total Bytes Sent By Job
	183986  -  Total Bytes Received By Job
	Partitionable Resources :    Usage  Request Allocated 
	   Cpus                 :     0.26        1         1 
	   Disk (KB)            :  7542         200    128928 
	   Memory (MB)          :   133        3900      3968 

	Job terminated of its own accord at 2024-01-19T02:53:10Z.
...
000 (391114.026.000) 2024-01-19 11:56:30 Job submitted from host: <172.30.1.200:9618?addrs=172.30.1.200-9618&alias=tamsa2.snu.ac.kr&noUDP&sock=schedd_3625_06e6>
...
040 (391114.026.000) 2024-01-19 11:56:33 Started transferring input files
	Transferring to host: <172.30.1.204:9618?addrs=172.30.1.204-9618&alias=node4&noUDP&sock=slot1_46_3725_5971_203298>
...
001 (391114.026.000) 2024-01-19 11:56:34 Job executing on host: <172.30.1.204:9618?addrs=172.30.1.204-9618&alias=node4&noUDP&sock=startd_3691_4c27>
...
040 (391114.026.000) 2024-01-19 11:56:34 Finished transferring input files
...
006 (391114.026.000) 2024-01-19 11:56:42 Image size of job updated: 186732
	183  -  MemoryUsage of job (MB)
	186732  -  ResidentSetSize of job (KB)
...
006 (391114.026.000) 2024-01-19 11:58:36 Image size of job updated: 837532
	183  -  MemoryUsage of job (MB)
	186732  -  ResidentSetSize of job (KB)
...
040 (391114.026.000) 2024-01-19 11:58:36 Started transferring output files
...
040 (391114.026.000) 2024-01-19 11:58:36 Finished transferring output files
...
005 (391114.026.000) 2024-01-19 11:58:36 Job terminated.
	(1) Normal termination (return value 0)
		Usr 0 00:01:10, Sys 0 00:00:07  -  Run Remote Usage
		Usr 0 00:00:00, Sys 0 00:00:00  -  Run Local Usage
		Usr 0 00:01:10, Sys 0 00:00:07  -  Total Remote Usage
		Usr 0 00:00:00, Sys 0 00:00:00  -  Total Local Usage
	7464167  -  Run Bytes Sent By Job
	183986  -  Run Bytes Received By Job
	7464167  -  Total Bytes Sent By Job
	183986  -  Total Bytes Received By Job
	Partitionable Resources :    Usage  Request Allocated 
	   Cpus                 :        0        1         1 
	   Disk (KB)            :     7542      200    128928 
	   Memory (MB)          :      183     3900      3968 

	Job terminated of its own accord at 2024-01-19T02:58:36Z.
...
000 (391115.026.000) 2024-01-19 12:05:54 Job submitted from host: <172.30.1.200:9618?addrs=172.30.1.200-9618&alias=tamsa2.snu.ac.kr&noUDP&sock=schedd_3625_06e6>
...
040 (391115.026.000) 2024-01-19 12:05:57 Started transferring input files
	Transferring to host: <172.30.1.204:9618?addrs=172.30.1.204-9618&alias=node4&noUDP&sock=slot1_47_3725_5971_203307>
...
001 (391115.026.000) 2024-01-19 12:05:57 Job executing on host: <172.30.1.204:9618?addrs=172.30.1.204-9618&alias=node4&noUDP&sock=startd_3691_4c27>
...
040 (391115.026.000) 2024-01-19 12:05:57 Finished transferring input files
...
006 (391115.026.000) 2024-01-19 12:06:06 Image size of job updated: 809108
	181  -  MemoryUsage of job (MB)
	184608  -  ResidentSetSize of job (KB)
...
006 (391115.026.000) 2024-01-19 12:07:47 Image size of job updated: 845868
	181  -  MemoryUsage of job (MB)
	184608  -  ResidentSetSize of job (KB)
...
040 (391115.026.000) 2024-01-19 12:07:47 Started transferring output files
...
040 (391115.026.000) 2024-01-19 12:07:47 Finished transferring output files
...
005 (391115.026.000) 2024-01-19 12:07:47 Job terminated.
	(1) Normal termination (return value 0)
		Usr 0 00:01:11, Sys 0 00:00:07  -  Run Remote Usage
		Usr 0 00:00:00, Sys 0 00:00:00  -  Run Local Usage
		Usr 0 00:01:11, Sys 0 00:00:07  -  Total Remote Usage
		Usr 0 00:00:00, Sys 0 00:00:00  -  Total Local Usage
	7464183  -  Run Bytes Sent By Job
	184022  -  Run Bytes Received By Job
	7464183  -  Total Bytes Sent By Job
	184022  -  Total Bytes Received By Job
	Partitionable Resources :    Usage  Request Allocated 
	   Cpus                 :     0.74        1         1 
	   Disk (KB)            :  7542         200    128928 
	   Memory (MB)          :   181        3900      3968 

	Job terminated of its own accord at 2024-01-19T03:07:47Z.
...
000 (391116.026.000) 2024-01-19 12:09:38 Job submitted from host: <172.30.1.200:9618?addrs=172.30.1.200-9618&alias=tamsa2.snu.ac.kr&noUDP&sock=schedd_3625_06e6>
...
040 (391116.026.000) 2024-01-19 12:09:41 Started transferring input files
	Transferring to host: <172.30.1.204:9618?addrs=172.30.1.204-9618&alias=node4&noUDP&sock=slot1_47_3725_5971_203315>
...
001 (391116.026.000) 2024-01-19 12:09:41 Job executing on host: <172.30.1.204:9618?addrs=172.30.1.204-9618&alias=node4&noUDP&sock=startd_3691_4c27>
...
040 (391116.026.000) 2024-01-19 12:09:41 Finished transferring input files
...
006 (391116.026.000) 2024-01-19 12:09:50 Image size of job updated: 186740
	183  -  MemoryUsage of job (MB)
	186740  -  ResidentSetSize of job (KB)
...
006 (391116.026.000) 2024-01-19 12:11:47 Image size of job updated: 846196
	183  -  MemoryUsage of job (MB)
	186740  -  ResidentSetSize of job (KB)
...
040 (391116.026.000) 2024-01-19 12:11:47 Started transferring output files
...
040 (391116.026.000) 2024-01-19 12:11:48 Finished transferring output files
...
005 (391116.026.000) 2024-01-19 12:11:48 Job terminated.
	(1) Normal termination (return value 0)
		Usr 0 00:01:13, Sys 0 00:00:06  -  Run Remote Usage
		Usr 0 00:00:00, Sys 0 00:00:00  -  Run Local Usage
		Usr 0 00:01:13, Sys 0 00:00:06  -  Total Remote Usage
		Usr 0 00:00:00, Sys 0 00:00:00  -  Total Local Usage
	7464207  -  Run Bytes Sent By Job
	184022  -  Run Bytes Received By Job
	7464207  -  Total Bytes Sent By Job
	184022  -  Total Bytes Received By Job
	Partitionable Resources :    Usage  Request Allocated 
	   Cpus                 :     0.62        1         1 
	   Disk (KB)            :  7542         200    128928 
	   Memory (MB)          :   183        3900      3968 

	Job terminated of its own accord at 2024-01-19T03:11:47Z.
...
000 (391117.026.000) 2024-01-19 12:15:27 Job submitted from host: <172.30.1.200:9618?addrs=172.30.1.200-9618&alias=tamsa2.snu.ac.kr&noUDP&sock=schedd_3625_06e6>
...
040 (391117.026.000) 2024-01-19 12:15:34 Started transferring input files
	Transferring to host: <172.30.1.204:9618?addrs=172.30.1.204-9618&alias=node4&noUDP&sock=slot1_48_3725_5971_203324>
...
001 (391117.026.000) 2024-01-19 12:15:34 Job executing on host: <172.30.1.204:9618?addrs=172.30.1.204-9618&alias=node4&noUDP&sock=startd_3691_4c27>
...
040 (391117.026.000) 2024-01-19 12:15:34 Finished transferring input files
...
006 (391117.026.000) 2024-01-19 12:15:42 Image size of job updated: 832484
	183  -  MemoryUsage of job (MB)
	186760  -  ResidentSetSize of job (KB)
...
006 (391117.026.000) 2024-01-19 12:20:13 Image size of job updated: 866576
	183  -  MemoryUsage of job (MB)
	186760  -  ResidentSetSize of job (KB)
...
040 (391117.026.000) 2024-01-19 12:20:13 Started transferring output files
...
040 (391117.026.000) 2024-01-19 12:20:17 Finished transferring output files
...
005 (391117.026.000) 2024-01-19 12:20:17 Job terminated.
	(1) Normal termination (return value 0)
		Usr 0 00:03:30, Sys 0 00:00:12  -  Run Remote Usage
		Usr 0 00:00:00, Sys 0 00:00:00  -  Run Local Usage
		Usr 0 00:03:30, Sys 0 00:00:12  -  Total Remote Usage
		Usr 0 00:00:00, Sys 0 00:00:00  -  Total Local Usage
	33919172  -  Run Bytes Sent By Job
	184028  -  Run Bytes Received By Job
	33919172  -  Total Bytes Sent By Job
	184028  -  Total Bytes Received By Job
	Partitionable Resources :    Usage  Request Allocated 
	   Cpus                 :     0.74        1         1 
	   Disk (KB)            : 33377         200    128928 
	   Memory (MB)          :   183        3900      3968 

	Job terminated of its own accord at 2024-01-19T03:20:13Z.
...
000 (391118.026.000) 2024-01-19 12:41:45 Job submitted from host: <172.30.1.200:9618?addrs=172.30.1.200-9618&alias=tamsa2.snu.ac.kr&noUDP&sock=schedd_3625_06e6>
...
040 (391118.026.000) 2024-01-19 12:41:52 Started transferring input files
	Transferring to host: <172.30.1.208:9618?addrs=172.30.1.208-9618&alias=node8&noUDP&sock=slot1_44_3811_f1b4_191215>
...
001 (391118.026.000) 2024-01-19 12:41:52 Job executing on host: <172.30.1.208:9618?addrs=172.30.1.208-9618&alias=node8&noUDP&sock=startd_3777_494c>
...
040 (391118.026.000) 2024-01-19 12:41:52 Finished transferring input files
...
006 (391118.026.000) 2024-01-19 12:42:01 Image size of job updated: 185044
	181  -  MemoryUsage of job (MB)
	185044  -  ResidentSetSize of job (KB)
...
006 (391118.026.000) 2024-01-19 12:43:50 Image size of job updated: 843932
	181  -  MemoryUsage of job (MB)
	185044  -  ResidentSetSize of job (KB)
...
040 (391118.026.000) 2024-01-19 12:43:50 Started transferring output files
...
040 (391118.026.000) 2024-01-19 12:43:50 Finished transferring output files
...
005 (391118.026.000) 2024-01-19 12:43:50 Job terminated.
	(1) Normal termination (return value 0)
		Usr 0 00:01:10, Sys 0 00:00:07  -  Run Remote Usage
		Usr 0 00:00:00, Sys 0 00:00:00  -  Run Local Usage
		Usr 0 00:01:10, Sys 0 00:00:07  -  Total Remote Usage
		Usr 0 00:00:00, Sys 0 00:00:00  -  Total Local Usage
	7464127  -  Run Bytes Sent By Job
	183796  -  Run Bytes Received By Job
	7464127  -  Total Bytes Sent By Job
	183796  -  Total Bytes Received By Job
	Partitionable Resources :    Usage  Request Allocated 
	   Cpus                 :                 1         1 
	   Disk (KB)            :     7536      200    128928 
	   Memory (MB)          :      181     3900      3968 

	Job terminated of its own accord at 2024-01-19T03:43:50Z.
...
000 (391119.026.000) 2024-01-19 12:47:04 Job submitted from host: <172.30.1.200:9618?addrs=172.30.1.200-9618&alias=tamsa2.snu.ac.kr&noUDP&sock=schedd_3625_06e6>
...
040 (391119.026.000) 2024-01-19 12:47:14 Started transferring input files
	Transferring to host: <172.30.1.208:9618?addrs=172.30.1.208-9618&alias=node8&noUDP&sock=slot1_48_3811_f1b4_191228>
...
001 (391119.026.000) 2024-01-19 12:47:14 Job executing on host: <172.30.1.208:9618?addrs=172.30.1.208-9618&alias=node8&noUDP&sock=startd_3777_494c>
...
040 (391119.026.000) 2024-01-19 12:47:14 Finished transferring input files
...
006 (391119.026.000) 2024-01-19 12:47:23 Image size of job updated: 186740
	183  -  MemoryUsage of job (MB)
	186740  -  ResidentSetSize of job (KB)
...
006 (391119.026.000) 2024-01-19 12:51:52 Image size of job updated: 866460
	183  -  MemoryUsage of job (MB)
	186740  -  ResidentSetSize of job (KB)
...
040 (391119.026.000) 2024-01-19 12:51:52 Started transferring output files
...
040 (391119.026.000) 2024-01-19 12:51:53 Finished transferring output files
...
005 (391119.026.000) 2024-01-19 12:51:53 Job terminated.
	(1) Normal termination (return value 0)
		Usr 0 00:03:30, Sys 0 00:00:12  -  Run Remote Usage
		Usr 0 00:00:00, Sys 0 00:00:00  -  Run Local Usage
		Usr 0 00:03:30, Sys 0 00:00:12  -  Total Remote Usage
		Usr 0 00:00:00, Sys 0 00:00:00  -  Total Local Usage
	33421184  -  Run Bytes Sent By Job
	183796  -  Run Bytes Received By Job
	33421184  -  Total Bytes Sent By Job
	183796  -  Total Bytes Received By Job
	Partitionable Resources :    Usage  Request Allocated 
	   Cpus                 :     0.17        1         1 
	   Disk (KB)            : 32890         200    128928 
	   Memory (MB)          :   183        3900      3968 

	Job terminated of its own accord at 2024-01-19T03:51:52Z.
...
000 (391120.026.000) 2024-01-19 13:02:28 Job submitted from host: <172.30.1.200:9618?addrs=172.30.1.200-9618&alias=tamsa2.snu.ac.kr&noUDP&sock=schedd_3625_06e6>
...
040 (391120.026.000) 2024-01-19 13:02:38 Started transferring input files
	Transferring to host: <172.30.1.210:9618?addrs=172.30.1.210-9618&alias=node10&noUDP&sock=slot1_41_3822_b1d4_184627>
...
001 (391120.026.000) 2024-01-19 13:02:38 Job executing on host: <172.30.1.210:9618?addrs=172.30.1.210-9618&alias=node10&noUDP&sock=startd_3788_d4d6>
...
040 (391120.026.000) 2024-01-19 13:02:38 Finished transferring input files
...
006 (391120.026.000) 2024-01-19 13:02:47 Image size of job updated: 810504
	181  -  MemoryUsage of job (MB)
	184532  -  ResidentSetSize of job (KB)
...
006 (391120.026.000) 2024-01-19 13:07:21 Image size of job updated: 870696
	181  -  MemoryUsage of job (MB)
	184532  -  ResidentSetSize of job (KB)
...
040 (391120.026.000) 2024-01-19 13:07:21 Started transferring output files
...
040 (391120.026.000) 2024-01-19 13:07:23 Finished transferring output files
...
005 (391120.026.000) 2024-01-19 13:07:24 Job terminated.
	(1) Normal termination (return value 0)
		Usr 0 00:03:33, Sys 0 00:00:14  -  Run Remote Usage
		Usr 0 00:00:00, Sys 0 00:00:00  -  Run Local Usage
		Usr 0 00:03:33, Sys 0 00:00:14  -  Total Remote Usage
		Usr 0 00:00:00, Sys 0 00:00:00  -  Total Local Usage
	33384166  -  Run Bytes Sent By Job
	183796  -  Run Bytes Received By Job
	33384166  -  Total Bytes Sent By Job
	183796  -  Total Bytes Received By Job
	Partitionable Resources :    Usage  Request Allocated 
	   Cpus                 :     0.82        1         1 
	   Disk (KB)            : 32854         200    128928 
	   Memory (MB)          :   181        3900      3968 

	Job terminated of its own accord at 2024-01-19T04:07:21Z.
...
000 (391131.026.000) 2024-01-19 14:22:45 Job submitted from host: <172.30.1.200:9618?addrs=172.30.1.200-9618&alias=tamsa2.snu.ac.kr&noUDP&sock=schedd_3625_06e6>
...
040 (391131.026.000) 2024-01-19 14:22:52 Started transferring input files
	Transferring to host: <172.30.1.201:9618?addrs=172.30.1.201-9618&alias=node1&noUDP&sock=slot1_44_12171_5208_13839>
...
040 (391131.026.000) 2024-01-19 14:22:52 Finished transferring input files
...
001 (391131.026.000) 2024-01-19 14:22:52 Job executing on host: <172.30.1.201:9618?addrs=172.30.1.201-9618&alias=node1&noUDP&sock=startd_12138_3ca4>
...
006 (391131.026.000) 2024-01-19 14:23:01 Image size of job updated: 147732
	120  -  MemoryUsage of job (MB)
	122268  -  ResidentSetSize of job (KB)
...
006 (391131.026.000) 2024-01-19 14:28:02 Image size of job updated: 956124
	303  -  MemoryUsage of job (MB)
	310104  -  ResidentSetSize of job (KB)
...
006 (391131.026.000) 2024-01-19 14:28:10 Image size of job updated: 963728
	303  -  MemoryUsage of job (MB)
	310104  -  ResidentSetSize of job (KB)
...
004 (391131.026.000) 2024-01-19 14:28:10 Job was evicted.
	(0) CPU times
		Usr 0 00:04:45, Sys 0 00:00:19  -  Run Remote Usage
		Usr 0 00:00:00, Sys 0 00:00:00  -  Run Local Usage
	0  -  Run Bytes Sent By Job
	183798  -  Run Bytes Received By Job
	Partitionable Resources :    Usage  Request Allocated 
	   Cpus                 :     0.98        1         1 
	   Disk (KB)            :  1203         200    128990 
	   Memory (MB)          :   303        3900      3968 
...
009 (391131.026.000) 2024-01-19 14:28:10 Job was aborted.
	via condor_rm (by user shin)
...
000 (391132.026.000) 2024-01-19 14:30:22 Job submitted from host: <172.30.1.200:9618?addrs=172.30.1.200-9618&alias=tamsa2.snu.ac.kr&noUDP&sock=schedd_3625_06e6>
...
040 (391132.026.000) 2024-01-19 14:30:25 Started transferring input files
	Transferring to host: <172.30.1.201:9618?addrs=172.30.1.201-9618&alias=node1&noUDP&sock=slot1_42_12171_5208_13844>
...
001 (391132.026.000) 2024-01-19 14:30:25 Job executing on host: <172.30.1.201:9618?addrs=172.30.1.201-9618&alias=node1&noUDP&sock=startd_12138_3ca4>
...
040 (391132.026.000) 2024-01-19 14:30:25 Finished transferring input files
...
006 (391132.026.000) 2024-01-19 14:30:34 Image size of job updated: 184568
	181  -  MemoryUsage of job (MB)
	184568  -  ResidentSetSize of job (KB)
...
006 (391132.026.000) 2024-01-19 14:35:34 Image size of job updated: 871016
	206  -  MemoryUsage of job (MB)
	210520  -  ResidentSetSize of job (KB)
...
000 (391137.026.000) 2024-01-19 14:35:50 Job submitted from host: <172.30.1.200:9618?addrs=172.30.1.200-9618&alias=tamsa2.snu.ac.kr&noUDP&sock=schedd_3625_06e6>
...
040 (391137.026.000) 2024-01-19 14:35:54 Started transferring input files
	Transferring to host: <172.30.1.109:9618?addrs=172.30.1.109-9618&alias=n9&noUDP&sock=slot1_27_4134_86e1_92616>
...
040 (391137.026.000) 2024-01-19 14:35:54 Finished transferring input files
...
001 (391137.026.000) 2024-01-19 14:35:54 Job executing on host: <172.30.1.109:9618?addrs=172.30.1.109-9618&alias=n9&noUDP&sock=startd_4100_d663>
...
006 (391132.026.000) 2024-01-19 14:36:00 Image size of job updated: 871196
	206  -  MemoryUsage of job (MB)
	210520  -  ResidentSetSize of job (KB)
...
004 (391132.026.000) 2024-01-19 14:36:00 Job was evicted.
	(0) CPU times
		Usr 0 00:04:40, Sys 0 00:00:18  -  Run Remote Usage
		Usr 0 00:00:00, Sys 0 00:00:00  -  Run Local Usage
	0  -  Run Bytes Sent By Job
	183608  -  Run Bytes Received By Job
	Partitionable Resources :    Usage  Request Allocated 
	   Cpus                 :     0.99        1         1 
	   Disk (KB)            : 12324         200    128990 
	   Memory (MB)          :   206        3900      3968 
...
006 (391137.026.000) 2024-01-19 14:36:01 Image size of job updated: 230108
	0  -  MemoryUsage of job (MB)
	0  -  ResidentSetSize of job (KB)
...
009 (391132.026.000) 2024-01-19 14:36:01 Job was aborted.
	via condor_rm (by user shin)
...
004 (391137.026.000) 2024-01-19 14:36:01 Job was evicted.
	(0) CPU times
		Usr 0 00:00:00, Sys 0 00:00:00  -  Run Remote Usage
		Usr 0 00:00:00, Sys 0 00:00:00  -  Run Local Usage
	0  -  Run Bytes Sent By Job
	183614  -  Run Bytes Received By Job
	Partitionable Resources :    Usage  Request Allocated 
	   Cpus                 :     0.02        1         1 
	   Disk (KB)            :   235         200    127849 
	   Memory (MB)          :     0        3900      3968 
...
009 (391137.026.000) 2024-01-19 14:36:01 Job was aborted.
	via condor_rm (by user shin)
...
000 (391138.026.000) 2024-01-19 14:36:02 Job submitted from host: <172.30.1.200:9618?addrs=172.30.1.200-9618&alias=tamsa2.snu.ac.kr&noUDP&sock=schedd_3625_06e6>
...
040 (391138.026.000) 2024-01-19 14:36:14 Started transferring input files
	Transferring to host: <172.30.1.203:9618?addrs=172.30.1.203-9618&alias=node3&noUDP&sock=slot1_48_24221_a2b2_51985>
...
040 (391138.026.000) 2024-01-19 14:36:14 Finished transferring input files
...
001 (391138.026.000) 2024-01-19 14:36:14 Job executing on host: <172.30.1.203:9618?addrs=172.30.1.203-9618&alias=node3&noUDP&sock=startd_24188_88db>
...
006 (391138.026.000) 2024-01-19 14:36:23 Image size of job updated: 186716
	183  -  MemoryUsage of job (MB)
	186716  -  ResidentSetSize of job (KB)
...
006 (391138.026.000) 2024-01-19 14:41:24 Image size of job updated: 873316
	210  -  MemoryUsage of job (MB)
	214228  -  ResidentSetSize of job (KB)
...
006 (391138.026.000) 2024-01-19 14:43:28 Image size of job updated: 877468
	210  -  MemoryUsage of job (MB)
	214228  -  ResidentSetSize of job (KB)
...
040 (391138.026.000) 2024-01-19 14:43:29 Started transferring output files
...
040 (391138.026.000) 2024-01-19 14:43:29 Finished transferring output files
...
005 (391138.026.000) 2024-01-19 14:43:29 Job terminated.
	(1) Normal termination (return value 0)
		Usr 0 00:06:13, Sys 0 00:00:24  -  Run Remote Usage
		Usr 0 00:00:00, Sys 0 00:00:00  -  Run Local Usage
		Usr 0 00:06:13, Sys 0 00:00:24  -  Total Remote Usage
		Usr 0 00:00:00, Sys 0 00:00:00  -  Total Local Usage
	33184620  -  Run Bytes Sent By Job
	183614  -  Run Bytes Received By Job
	33184620  -  Total Bytes Sent By Job
	183614  -  Total Bytes Received By Job
	Partitionable Resources :    Usage  Request Allocated 
	   Cpus                 :     0.98        1         1 
	   Disk (KB)            : 32659         200    128924 
	   Memory (MB)          :   210        3900      3968 

	Job terminated of its own accord at 2024-01-19T05:43:28Z.
...
000 (391139.026.000) 2024-01-19 14:48:49 Job submitted from host: <172.30.1.200:9618?addrs=172.30.1.200-9618&alias=tamsa2.snu.ac.kr&noUDP&sock=schedd_3625_06e6>
...
040 (391139.026.000) 2024-01-19 14:48:53 Started transferring input files
	Transferring to host: <172.30.1.203:9618?addrs=172.30.1.203-9618&alias=node3&noUDP&sock=slot1_48_24221_a2b2_51990>
...
001 (391139.026.000) 2024-01-19 14:48:53 Job executing on host: <172.30.1.203:9618?addrs=172.30.1.203-9618&alias=node3&noUDP&sock=startd_24188_88db>
...
040 (391139.026.000) 2024-01-19 14:48:53 Finished transferring input files
...
006 (391139.026.000) 2024-01-19 14:49:02 Image size of job updated: 214804
	172  -  MemoryUsage of job (MB)
	175184  -  ResidentSetSize of job (KB)
...
006 (391139.026.000) 2024-01-19 14:52:18 Image size of job updated: 872904
	172  -  MemoryUsage of job (MB)
	175184  -  ResidentSetSize of job (KB)
...
004 (391139.026.000) 2024-01-19 14:52:18 Job was evicted.
	(0) CPU times
		Usr 0 00:02:48, Sys 0 00:00:11  -  Run Remote Usage
		Usr 0 00:00:00, Sys 0 00:00:00  -  Run Local Usage
	0  -  Run Bytes Sent By Job
	183618  -  Run Bytes Received By Job
	Partitionable Resources :    Usage  Request Allocated 
	   Cpus                 :     0.89        1         1 
	   Disk (KB)            :  7403         200    128924 
	   Memory (MB)          :   172        3900      3968 
...
009 (391139.026.000) 2024-01-19 14:52:18 Job was aborted.
	via condor_rm (by user shin)
...
000 (391140.026.000) 2024-01-19 14:52:19 Job submitted from host: <172.30.1.200:9618?addrs=172.30.1.200-9618&alias=tamsa2.snu.ac.kr&noUDP&sock=schedd_3625_06e6>
...
040 (391140.026.000) 2024-01-19 14:52:23 Started transferring input files
	Transferring to host: <172.30.1.203:9618?addrs=172.30.1.203-9618&alias=node3&noUDP&sock=slot1_48_24221_a2b2_51995>
...
040 (391140.026.000) 2024-01-19 14:52:23 Finished transferring input files
...
001 (391140.026.000) 2024-01-19 14:52:23 Job executing on host: <172.30.1.203:9618?addrs=172.30.1.203-9618&alias=node3&noUDP&sock=startd_24188_88db>
...
006 (391140.026.000) 2024-01-19 14:52:32 Image size of job updated: 185992
	182  -  MemoryUsage of job (MB)
	185992  -  ResidentSetSize of job (KB)
...
006 (391140.026.000) 2024-01-19 14:57:33 Image size of job updated: 873068
	211  -  MemoryUsage of job (MB)
	215960  -  ResidentSetSize of job (KB)
...
006 (391140.026.000) 2024-01-19 14:59:37 Image size of job updated: 875816
	211  -  MemoryUsage of job (MB)
	215960  -  ResidentSetSize of job (KB)
...
040 (391140.026.000) 2024-01-19 14:59:37 Started transferring output files
...
040 (391140.026.000) 2024-01-19 14:59:38 Finished transferring output files
...
005 (391140.026.000) 2024-01-19 14:59:38 Job terminated.
	(1) Normal termination (return value 0)
		Usr 0 00:06:12, Sys 0 00:00:24  -  Run Remote Usage
		Usr 0 00:00:00, Sys 0 00:00:00  -  Run Local Usage
		Usr 0 00:06:12, Sys 0 00:00:24  -  Total Remote Usage
		Usr 0 00:00:00, Sys 0 00:00:00  -  Total Local Usage
	33125382  -  Run Bytes Sent By Job
	183636  -  Run Bytes Received By Job
	33125382  -  Total Bytes Sent By Job
	183636  -  Total Bytes Received By Job
	Partitionable Resources :    Usage  Request Allocated 
	   Cpus                 :     0.91        1         1 
	   Disk (KB)            : 32601         200    128924 
	   Memory (MB)          :   211        3900      3968 

	Job terminated of its own accord at 2024-01-19T05:59:37Z.
...
000 (391145.026.000) 2024-01-19 15:59:26 Job submitted from host: <172.30.1.200:9618?addrs=172.30.1.200-9618&alias=tamsa2.snu.ac.kr&noUDP&sock=schedd_3625_06e6>
...
040 (391145.026.000) 2024-01-19 15:59:29 Started transferring input files
	Transferring to host: <172.30.1.203:9618?addrs=172.30.1.203-9618&alias=node3&noUDP&sock=slot1_48_24221_a2b2_52029>
...
040 (391145.026.000) 2024-01-19 15:59:29 Finished transferring input files
...
001 (391145.026.000) 2024-01-19 15:59:29 Job executing on host: <172.30.1.203:9618?addrs=172.30.1.203-9618&alias=node3&noUDP&sock=startd_24188_88db>
...
006 (391145.026.000) 2024-01-19 15:59:38 Image size of job updated: 201640
	171  -  MemoryUsage of job (MB)
	174656  -  ResidentSetSize of job (KB)
...
006 (391145.026.000) 2024-01-19 16:04:38 Image size of job updated: 870768
	216  -  MemoryUsage of job (MB)
	220392  -  ResidentSetSize of job (KB)
...
006 (391145.026.000) 2024-01-19 16:06:24 Image size of job updated: 874852
	216  -  MemoryUsage of job (MB)
	220392  -  ResidentSetSize of job (KB)
...
040 (391145.026.000) 2024-01-19 16:06:25 Started transferring output files
...
040 (391145.026.000) 2024-01-19 16:06:25 Finished transferring output files
...
005 (391145.026.000) 2024-01-19 16:06:26 Job terminated.
	(1) Normal termination (return value 0)
		Usr 0 00:05:47, Sys 0 00:00:20  -  Run Remote Usage
		Usr 0 00:00:00, Sys 0 00:00:00  -  Run Local Usage
		Usr 0 00:05:47, Sys 0 00:00:20  -  Total Remote Usage
		Usr 0 00:00:00, Sys 0 00:00:00  -  Total Local Usage
	32095288  -  Run Bytes Sent By Job
	184262  -  Run Bytes Received By Job
	32095288  -  Total Bytes Sent By Job
	184262  -  Total Bytes Received By Job
	Partitionable Resources :    Usage  Request Allocated 
	   Cpus                 :     0.71        1         1 
	   Disk (KB)            : 31596         200    128924 
	   Memory (MB)          :   216        3900      3968 

	Job terminated of its own accord at 2024-01-19T07:06:24Z.
...
000 (391151.026.000) 2024-01-19 16:45:38 Job submitted from host: <172.30.1.200:9618?addrs=172.30.1.200-9618&alias=tamsa2.snu.ac.kr&noUDP&sock=schedd_3625_06e6>
...
040 (391151.026.000) 2024-01-19 16:45:47 Started transferring input files
	Transferring to host: <172.30.1.203:9618?addrs=172.30.1.203-9618&alias=node3&noUDP&sock=slot1_45_24221_a2b2_52046>
...
040 (391151.026.000) 2024-01-19 16:45:47 Finished transferring input files
...
001 (391151.026.000) 2024-01-19 16:45:47 Job executing on host: <172.30.1.203:9618?addrs=172.30.1.203-9618&alias=node3&noUDP&sock=startd_24188_88db>
...
006 (391151.026.000) 2024-01-19 16:45:56 Image size of job updated: 203796
	181  -  MemoryUsage of job (MB)
	184576  -  ResidentSetSize of job (KB)
...
000 (391152.026.000) 2024-01-19 16:46:33 Job submitted from host: <172.30.1.200:9618?addrs=172.30.1.200-9618&alias=tamsa2.snu.ac.kr&noUDP&sock=schedd_3625_06e6>
...
040 (391152.026.000) 2024-01-19 16:46:38 Started transferring input files
	Transferring to host: <172.30.1.105:9618?addrs=172.30.1.105-9618&alias=n5&noUDP&sock=slot1_11_3459_eda6_34501>
...
001 (391152.026.000) 2024-01-19 16:46:38 Job executing on host: <172.30.1.105:9618?addrs=172.30.1.105-9618&alias=n5&noUDP&sock=startd_3425_d7f5>
...
040 (391152.026.000) 2024-01-19 16:46:38 Finished transferring input files
...
006 (391152.026.000) 2024-01-19 16:46:45 Image size of job updated: 50132
	0  -  MemoryUsage of job (MB)
	0  -  ResidentSetSize of job (KB)
...
004 (391152.026.000) 2024-01-19 16:46:45 Job was evicted.
	(0) CPU times
		Usr 0 00:00:00, Sys 0 00:00:00  -  Run Remote Usage
		Usr 0 00:00:00, Sys 0 00:00:00  -  Run Local Usage
	0  -  Run Bytes Sent By Job
	184253  -  Run Bytes Received By Job
	Partitionable Resources :    Usage  Request Allocated 
	   Cpus                 :        0        1         1 
	   Disk (KB)            :      236      200     61880 
	   Memory (MB)          :        0     3900      3968 
...
009 (391152.026.000) 2024-01-19 16:46:45 Job was aborted.
	via condor_rm (by user shin)
...
006 (391151.026.000) 2024-01-19 16:47:35 Image size of job updated: 836556
	181  -  MemoryUsage of job (MB)
	184576  -  ResidentSetSize of job (KB)
...
004 (391151.026.000) 2024-01-19 16:47:35 Job was evicted.
	(0) CPU times
		Usr 0 00:01:01, Sys 0 00:00:06  -  Run Remote Usage
		Usr 0 00:00:00, Sys 0 00:00:00  -  Run Local Usage
	0  -  Run Bytes Sent By Job
	184253  -  Run Bytes Received By Job
	Partitionable Resources :    Usage  Request Allocated 
	   Cpus                 :     0.67        1         1 
	   Disk (KB)            :  3170         200    128924 
	   Memory (MB)          :   181        3900      3968 
...
009 (391151.026.000) 2024-01-19 16:47:36 Job was aborted.
	via condor_rm (by user shin)
...
000 (391153.026.000) 2024-01-19 16:47:37 Job submitted from host: <172.30.1.200:9618?addrs=172.30.1.200-9618&alias=tamsa2.snu.ac.kr&noUDP&sock=schedd_3625_06e6>
...
040 (391153.026.000) 2024-01-19 16:47:59 Started transferring input files
	Transferring to host: <172.30.1.209:9618?addrs=172.30.1.209-9618&alias=node9&noUDP&sock=slot1_48_3782_82d3_179428>
...
040 (391153.026.000) 2024-01-19 16:47:59 Finished transferring input files
...
001 (391153.026.000) 2024-01-19 16:47:59 Job executing on host: <172.30.1.209:9618?addrs=172.30.1.209-9618&alias=node9&noUDP&sock=startd_3748_650d>
...
006 (391153.026.000) 2024-01-19 16:48:08 Image size of job updated: 835120
	183  -  MemoryUsage of job (MB)
	186716  -  ResidentSetSize of job (KB)
...
006 (391153.026.000) 2024-01-19 16:49:57 Image size of job updated: 846444
	183  -  MemoryUsage of job (MB)
	186716  -  ResidentSetSize of job (KB)
...
040 (391153.026.000) 2024-01-19 16:49:57 Started transferring output files
...
040 (391153.026.000) 2024-01-19 16:49:57 Finished transferring output files
...
005 (391153.026.000) 2024-01-19 16:49:57 Job terminated.
	(1) Normal termination (return value 0)
		Usr 0 00:01:15, Sys 0 00:00:07  -  Run Remote Usage
		Usr 0 00:00:00, Sys 0 00:00:00  -  Run Local Usage
		Usr 0 00:01:15, Sys 0 00:00:07  -  Total Remote Usage
		Usr 0 00:00:00, Sys 0 00:00:00  -  Total Local Usage
	7470423  -  Run Bytes Sent By Job
	184257  -  Run Bytes Received By Job
	7470423  -  Total Bytes Sent By Job
	184257  -  Total Bytes Received By Job
	Partitionable Resources :    Usage  Request Allocated 
	   Cpus                 :                 1         1 
	   Disk (KB)            :     7543      200    128928 
	   Memory (MB)          :      183     3900      3968 

	Job terminated of its own accord at 2024-01-19T07:49:57Z.
...
000 (391154.026.000) 2024-01-19 16:50:49 Job submitted from host: <172.30.1.200:9618?addrs=172.30.1.200-9618&alias=tamsa2.snu.ac.kr&noUDP&sock=schedd_3625_06e6>
...
040 (391154.026.000) 2024-01-19 16:50:53 Started transferring input files
	Transferring to host: <172.30.1.209:9618?addrs=172.30.1.209-9618&alias=node9&noUDP&sock=slot1_46_3782_82d3_179434>
...
040 (391154.026.000) 2024-01-19 16:50:53 Finished transferring input files
...
001 (391154.026.000) 2024-01-19 16:50:53 Job executing on host: <172.30.1.209:9618?addrs=172.30.1.209-9618&alias=node9&noUDP&sock=startd_3748_650d>
...
006 (391154.026.000) 2024-01-19 16:51:02 Image size of job updated: 808980
	182  -  MemoryUsage of job (MB)
	185396  -  ResidentSetSize of job (KB)
...
006 (391154.026.000) 2024-01-19 16:56:03 Image size of job updated: 868808
	182  -  MemoryUsage of job (MB)
	185396  -  ResidentSetSize of job (KB)
...
006 (391154.026.000) 2024-01-19 16:57:39 Image size of job updated: 871668
	182  -  MemoryUsage of job (MB)
	185396  -  ResidentSetSize of job (KB)
...
040 (391154.026.000) 2024-01-19 16:57:39 Started transferring output files
...
040 (391154.026.000) 2024-01-19 16:57:40 Finished transferring output files
...
005 (391154.026.000) 2024-01-19 16:57:40 Job terminated.
	(1) Normal termination (return value 0)
		Usr 0 00:05:46, Sys 0 00:00:18  -  Run Remote Usage
		Usr 0 00:00:00, Sys 0 00:00:00  -  Run Local Usage
		Usr 0 00:05:46, Sys 0 00:00:18  -  Total Remote Usage
		Usr 0 00:00:00, Sys 0 00:00:00  -  Total Local Usage
	32578928  -  Run Bytes Sent By Job
	184256  -  Run Bytes Received By Job
	32578928  -  Total Bytes Sent By Job
	184256  -  Total Bytes Received By Job
	Partitionable Resources :    Usage  Request Allocated 
	   Cpus                 :     0.99        1         1 
	   Disk (KB)            : 32068         200    128928 
	   Memory (MB)          :   182        3900      3968 

	Job terminated of its own accord at 2024-01-19T07:57:39Z.
...
000 (391155.026.000) 2024-01-19 17:22:15 Job submitted from host: <172.30.1.200:9618?addrs=172.30.1.200-9618&alias=tamsa2.snu.ac.kr&noUDP&sock=schedd_3625_06e6>
...
040 (391155.026.000) 2024-01-19 17:22:18 Started transferring input files
	Transferring to host: <172.30.1.209:9618?addrs=172.30.1.209-9618&alias=node9&noUDP&sock=slot1_30_3782_82d3_179450>
...
001 (391155.026.000) 2024-01-19 17:22:18 Job executing on host: <172.30.1.209:9618?addrs=172.30.1.209-9618&alias=node9&noUDP&sock=startd_3748_650d>
...
040 (391155.026.000) 2024-01-19 17:22:18 Finished transferring input files
...
006 (391155.026.000) 2024-01-19 17:22:27 Image size of job updated: 186732
	183  -  MemoryUsage of job (MB)
	186732  -  ResidentSetSize of job (KB)
...
006 (391155.026.000) 2024-01-19 17:24:09 Image size of job updated: 835572
	183  -  MemoryUsage of job (MB)
	186732  -  ResidentSetSize of job (KB)
...
040 (391155.026.000) 2024-01-19 17:24:09 Started transferring output files
...
040 (391155.026.000) 2024-01-19 17:24:10 Finished transferring output files
...
005 (391155.026.000) 2024-01-19 17:24:10 Job terminated.
	(1) Normal termination (return value 0)
		Usr 0 00:01:11, Sys 0 00:00:07  -  Run Remote Usage
		Usr 0 00:00:00, Sys 0 00:00:00  -  Run Local Usage
		Usr 0 00:01:11, Sys 0 00:00:07  -  Total Remote Usage
		Usr 0 00:00:00, Sys 0 00:00:00  -  Total Local Usage
	7465407  -  Run Bytes Sent By Job
	186554  -  Run Bytes Received By Job
	7465407  -  Total Bytes Sent By Job
	186554  -  Total Bytes Received By Job
	Partitionable Resources :    Usage  Request Allocated 
	   Cpus                 :                 1         1 
	   Disk (KB)            :     7540      200    128928 
	   Memory (MB)          :      183     3900      3968 

	Job terminated of its own accord at 2024-01-19T08:24:09Z.
...
000 (391156.026.000) 2024-01-19 17:29:00 Job submitted from host: <172.30.1.200:9618?addrs=172.30.1.200-9618&alias=tamsa2.snu.ac.kr&noUDP&sock=schedd_3625_06e6>
...
040 (391156.026.000) 2024-01-19 17:29:03 Started transferring input files
	Transferring to host: <172.30.1.209:9618?addrs=172.30.1.209-9618&alias=node9&noUDP&sock=slot1_27_3782_82d3_179459>
...
040 (391156.026.000) 2024-01-19 17:29:03 Finished transferring input files
...
001 (391156.026.000) 2024-01-19 17:29:03 Job executing on host: <172.30.1.209:9618?addrs=172.30.1.209-9618&alias=node9&noUDP&sock=startd_3748_650d>
...
006 (391156.026.000) 2024-01-19 17:29:12 Image size of job updated: 561388
	183  -  MemoryUsage of job (MB)
	186736  -  ResidentSetSize of job (KB)
...
006 (391156.026.000) 2024-01-19 17:30:52 Image size of job updated: 843520
	183  -  MemoryUsage of job (MB)
	186736  -  ResidentSetSize of job (KB)
...
040 (391156.026.000) 2024-01-19 17:30:52 Started transferring output files
...
040 (391156.026.000) 2024-01-19 17:30:52 Finished transferring output files
...
005 (391156.026.000) 2024-01-19 17:30:52 Job terminated.
	(1) Normal termination (return value 0)
		Usr 0 00:01:10, Sys 0 00:00:07  -  Run Remote Usage
		Usr 0 00:00:00, Sys 0 00:00:00  -  Run Local Usage
		Usr 0 00:01:10, Sys 0 00:00:07  -  Total Remote Usage
		Usr 0 00:00:00, Sys 0 00:00:00  -  Total Local Usage
	7465407  -  Run Bytes Sent By Job
	186554  -  Run Bytes Received By Job
	7465407  -  Total Bytes Sent By Job
	186554  -  Total Bytes Received By Job
	Partitionable Resources :    Usage  Request Allocated 
	   Cpus                 :     0.71        1         1 
	   Disk (KB)            :  7546         200    128928 
	   Memory (MB)          :   183        3900      3968 

	Job terminated of its own accord at 2024-01-19T08:30:52Z.
...
000 (391161.026.000) 2024-01-19 17:33:03 Job submitted from host: <172.30.1.200:9618?addrs=172.30.1.200-9618&alias=tamsa2.snu.ac.kr&noUDP&sock=schedd_3625_06e6>
...
040 (391161.026.000) 2024-01-19 17:33:06 Started transferring input files
	Transferring to host: <172.30.1.209:9618?addrs=172.30.1.209-9618&alias=node9&noUDP&sock=slot1_31_3782_82d3_179470>
...
001 (391161.026.000) 2024-01-19 17:33:06 Job executing on host: <172.30.1.209:9618?addrs=172.30.1.209-9618&alias=node9&noUDP&sock=startd_3748_650d>
...
040 (391161.026.000) 2024-01-19 17:33:06 Finished transferring input files
...
006 (391161.026.000) 2024-01-19 17:33:15 Image size of job updated: 488860
	182  -  MemoryUsage of job (MB)
	185700  -  ResidentSetSize of job (KB)
...
006 (391161.026.000) 2024-01-19 17:34:52 Image size of job updated: 834916
	182  -  MemoryUsage of job (MB)
	185700  -  ResidentSetSize of job (KB)
...
040 (391161.026.000) 2024-01-19 17:34:52 Started transferring output files
...
040 (391161.026.000) 2024-01-19 17:34:53 Finished transferring output files
...
005 (391161.026.000) 2024-01-19 17:34:53 Job terminated.
	(1) Normal termination (return value 0)
		Usr 0 00:01:10, Sys 0 00:00:07  -  Run Remote Usage
		Usr 0 00:00:00, Sys 0 00:00:00  -  Run Local Usage
		Usr 0 00:01:10, Sys 0 00:00:07  -  Total Remote Usage
		Usr 0 00:00:00, Sys 0 00:00:00  -  Total Local Usage
	7469647  -  Run Bytes Sent By Job
	186686  -  Run Bytes Received By Job
	7469647  -  Total Bytes Sent By Job
	186686  -  Total Bytes Received By Job
	Partitionable Resources :    Usage  Request Allocated 
	   Cpus                 :                 1         1 
	   Disk (KB)            :     7545      200    128928 
	   Memory (MB)          :      182     3900      3968 

	Job terminated of its own accord at 2024-01-19T08:34:52Z.
...
000 (391162.026.000) 2024-01-19 17:42:17 Job submitted from host: <172.30.1.200:9618?addrs=172.30.1.200-9618&alias=tamsa2.snu.ac.kr&noUDP&sock=schedd_3625_06e6>
...
040 (391162.026.000) 2024-01-19 17:42:29 Started transferring input files
	Transferring to host: <172.30.1.209:9618?addrs=172.30.1.209-9618&alias=node9&noUDP&sock=slot1_36_3782_82d3_179489>
...
001 (391162.026.000) 2024-01-19 17:42:29 Job executing on host: <172.30.1.209:9618?addrs=172.30.1.209-9618&alias=node9&noUDP&sock=startd_3748_650d>
...
040 (391162.026.000) 2024-01-19 17:42:29 Finished transferring input files
...
006 (391162.026.000) 2024-01-19 17:42:37 Image size of job updated: 185400
	182  -  MemoryUsage of job (MB)
	185400  -  ResidentSetSize of job (KB)
...
006 (391162.026.000) 2024-01-19 17:44:18 Image size of job updated: 845932
	182  -  MemoryUsage of job (MB)
	185400  -  ResidentSetSize of job (KB)
...
040 (391162.026.000) 2024-01-19 17:44:18 Started transferring output files
...
040 (391162.026.000) 2024-01-19 17:44:19 Finished transferring output files
...
005 (391162.026.000) 2024-01-19 17:44:19 Job terminated.
	(1) Normal termination (return value 0)
		Usr 0 00:01:09, Sys 0 00:00:07  -  Run Remote Usage
		Usr 0 00:00:00, Sys 0 00:00:00  -  Run Local Usage
		Usr 0 00:01:09, Sys 0 00:00:07  -  Total Remote Usage
		Usr 0 00:00:00, Sys 0 00:00:00  -  Total Local Usage
	7465015  -  Run Bytes Sent By Job
	187104  -  Run Bytes Received By Job
	7465015  -  Total Bytes Sent By Job
	187104  -  Total Bytes Received By Job
	Partitionable Resources :    Usage  Request Allocated 
	   Cpus                 :                 1         1 
	   Disk (KB)            :     7540      200    128928 
	   Memory (MB)          :      182     3900      3968 

	Job terminated of its own accord at 2024-01-19T08:44:18Z.
...
000 (391163.026.000) 2024-01-19 17:55:44 Job submitted from host: <172.30.1.200:9618?addrs=172.30.1.200-9618&alias=tamsa2.snu.ac.kr&noUDP&sock=schedd_3625_06e6>
...
040 (391163.026.000) 2024-01-19 17:55:57 Started transferring input files
	Transferring to host: <172.30.1.101:9618?addrs=172.30.1.101-9618&alias=n1&noUDP&sock=slot1_47_3437_6d65_45377>
...
001 (391163.026.000) 2024-01-19 17:55:57 Job executing on host: <172.30.1.101:9618?addrs=172.30.1.101-9618&alias=n1&noUDP&sock=startd_3403_c0e0>
...
040 (391163.026.000) 2024-01-19 17:55:57 Finished transferring input files
...
006 (391163.026.000) 2024-01-19 17:56:06 Image size of job updated: 139088
	30  -  MemoryUsage of job (MB)
	29920  -  ResidentSetSize of job (KB)
...
006 (391163.026.000) 2024-01-19 18:01:07 Image size of job updated: 867912
	183  -  MemoryUsage of job (MB)
	187072  -  ResidentSetSize of job (KB)
...
004 (391163.026.000) 2024-01-19 18:03:19 Job was evicted.
	(0) CPU times
		Usr 0 00:06:19, Sys 0 00:00:27  -  Run Remote Usage
		Usr 0 00:00:00, Sys 0 00:00:00  -  Run Local Usage
	0  -  Run Bytes Sent By Job
	186100  -  Run Bytes Received By Job
	Partitionable Resources :    Usage  Request Allocated 
	   Cpus                 :     0.93        1         1 
	   Disk (KB)            : 15429         200    127948 
	   Memory (MB)          :   183        3900      3968 
...
009 (391163.026.000) 2024-01-19 18:03:19 Job was aborted.
	via condor_rm (by user shin)
...
000 (391164.026.000) 2024-01-19 18:03:23 Job submitted from host: <172.30.1.200:9618?addrs=172.30.1.200-9618&alias=tamsa2.snu.ac.kr&noUDP&sock=schedd_3625_06e6>
...
040 (391164.026.000) 2024-01-19 18:03:38 Started transferring input files
	Transferring to host: <172.30.1.101:9618?addrs=172.30.1.101-9618&alias=n1&noUDP&sock=slot1_45_3437_6d65_45389>
...
001 (391164.026.000) 2024-01-19 18:03:38 Job executing on host: <172.30.1.101:9618?addrs=172.30.1.101-9618&alias=n1&noUDP&sock=startd_3403_c0e0>
...
040 (391164.026.000) 2024-01-19 18:03:38 Finished transferring input files
...
006 (391164.026.000) 2024-01-19 18:03:47 Image size of job updated: 139088
	74  -  MemoryUsage of job (MB)
	75732  -  ResidentSetSize of job (KB)
...
006 (391164.026.000) 2024-01-19 18:08:47 Image size of job updated: 870996
	190  -  MemoryUsage of job (MB)
	194448  -  ResidentSetSize of job (KB)
...
006 (391164.026.000) 2024-01-19 18:13:12 Image size of job updated: 871464
	190  -  MemoryUsage of job (MB)
	194448  -  ResidentSetSize of job (KB)
...
040 (391164.026.000) 2024-01-19 18:13:12 Started transferring output files
...
040 (391164.026.000) 2024-01-19 18:13:14 Finished transferring output files
...
005 (391164.026.000) 2024-01-19 18:13:14 Job terminated.
	(1) Normal termination (return value 0)
		Usr 0 00:08:30, Sys 0 00:00:36  -  Run Remote Usage
		Usr 0 00:00:00, Sys 0 00:00:00  -  Run Local Usage
		Usr 0 00:08:30, Sys 0 00:00:36  -  Total Remote Usage
		Usr 0 00:00:00, Sys 0 00:00:00  -  Total Local Usage
	60751084  -  Run Bytes Sent By Job
	186386  -  Run Bytes Received By Job
	60751084  -  Total Bytes Sent By Job
	186386  -  Total Bytes Received By Job
	Partitionable Resources :    Usage  Request Allocated 
	   Cpus                 :     0.98        1         1 
	   Disk (KB)            : 59582         200    127948 
	   Memory (MB)          :   190        3900      3968 

	Job terminated of its own accord at 2024-01-19T09:13:12Z.
...
000 (391165.026.000) 2024-01-19 22:41:31 Job submitted from host: <172.30.1.200:9618?addrs=172.30.1.200-9618&alias=tamsa2.snu.ac.kr&noUDP&sock=schedd_3625_06e6>
...
040 (391165.026.000) 2024-01-19 22:41:35 Started transferring input files
	Transferring to host: <172.30.1.204:9618?addrs=172.30.1.204-9618&alias=node4&noUDP&sock=slot1_35_3725_5971_203506>
...
001 (391165.026.000) 2024-01-19 22:41:35 Job executing on host: <172.30.1.204:9618?addrs=172.30.1.204-9618&alias=node4&noUDP&sock=startd_3691_4c27>
...
040 (391165.026.000) 2024-01-19 22:41:35 Finished transferring input files
...
006 (391165.026.000) 2024-01-19 22:41:44 Image size of job updated: 139088
	68  -  MemoryUsage of job (MB)
	69440  -  ResidentSetSize of job (KB)
...
006 (391165.026.000) 2024-01-19 22:43:34 Image size of job updated: 846568
	68  -  MemoryUsage of job (MB)
	69440  -  ResidentSetSize of job (KB)
...
040 (391165.026.000) 2024-01-19 22:43:34 Started transferring output files
...
040 (391165.026.000) 2024-01-19 22:43:35 Finished transferring output files
...
005 (391165.026.000) 2024-01-19 22:43:35 Job terminated.
	(1) Normal termination (return value 0)
		Usr 0 00:01:09, Sys 0 00:00:07  -  Run Remote Usage
		Usr 0 00:00:00, Sys 0 00:00:00  -  Run Local Usage
		Usr 0 00:01:09, Sys 0 00:00:07  -  Total Remote Usage
		Usr 0 00:00:00, Sys 0 00:00:00  -  Total Local Usage
	7473695  -  Run Bytes Sent By Job
	185908  -  Run Bytes Received By Job
	7473695  -  Total Bytes Sent By Job
	185908  -  Total Bytes Received By Job
	Partitionable Resources :    Usage  Request Allocated 
	   Cpus                 :        0        1         1 
	   Disk (KB)            :     7554      200    128928 
	   Memory (MB)          :       68     3900      3968 

	Job terminated of its own accord at 2024-01-19T13:43:34Z.
...
000 (391166.026.000) 2024-01-19 22:44:51 Job submitted from host: <172.30.1.200:9618?addrs=172.30.1.200-9618&alias=tamsa2.snu.ac.kr&noUDP&sock=schedd_3625_06e6>
...
040 (391166.026.000) 2024-01-19 22:45:01 Started transferring input files
	Transferring to host: <172.30.1.204:9618?addrs=172.30.1.204-9618&alias=node4&noUDP&sock=slot1_35_3725_5971_203532>
...
001 (391166.026.000) 2024-01-19 22:45:01 Job executing on host: <172.30.1.204:9618?addrs=172.30.1.204-9618&alias=node4&noUDP&sock=startd_3691_4c27>
...
040 (391166.026.000) 2024-01-19 22:45:01 Finished transferring input files
...
006 (391166.026.000) 2024-01-19 22:45:09 Image size of job updated: 591464
	149  -  MemoryUsage of job (MB)
	151804  -  ResidentSetSize of job (KB)
...
006 (391166.026.000) 2024-01-19 22:50:09 Image size of job updated: 870696
	214  -  MemoryUsage of job (MB)
	218792  -  ResidentSetSize of job (KB)
...
006 (391166.026.000) 2024-01-19 22:50:50 Image size of job updated: 878780
	214  -  MemoryUsage of job (MB)
	218792  -  ResidentSetSize of job (KB)
...
040 (391166.026.000) 2024-01-19 22:50:50 Started transferring output files
...
040 (391166.026.000) 2024-01-19 22:50:50 Finished transferring output files
...
005 (391166.026.000) 2024-01-19 22:50:50 Job terminated.
	(1) Normal termination (return value 0)
		Usr 0 00:05:19, Sys 0 00:00:15  -  Run Remote Usage
		Usr 0 00:00:00, Sys 0 00:00:00  -  Run Local Usage
		Usr 0 00:05:19, Sys 0 00:00:15  -  Total Remote Usage
		Usr 0 00:00:00, Sys 0 00:00:00  -  Total Local Usage
	32555742  -  Run Bytes Sent By Job
	185911  -  Run Bytes Received By Job
	32555742  -  Total Bytes Sent By Job
	185911  -  Total Bytes Received By Job
	Partitionable Resources :    Usage  Request Allocated 
	   Cpus                 :     0.71        1         1 
	   Disk (KB)            : 32048         200    128928 
	   Memory (MB)          :   214        3900      3968 

	Job terminated of its own accord at 2024-01-19T13:50:50Z.
...
000 (391167.026.000) 2024-01-19 22:57:44 Job submitted from host: <172.30.1.200:9618?addrs=172.30.1.200-9618&alias=tamsa2.snu.ac.kr&noUDP&sock=schedd_3625_06e6>
...
040 (391167.026.000) 2024-01-19 22:57:48 Started transferring input files
	Transferring to host: <172.30.1.204:9618?addrs=172.30.1.204-9618&alias=node4&noUDP&sock=slot1_37_3725_5971_203560>
...
040 (391167.026.000) 2024-01-19 22:57:48 Finished transferring input files
...
001 (391167.026.000) 2024-01-19 22:57:48 Job executing on host: <172.30.1.204:9618?addrs=172.30.1.204-9618&alias=node4&noUDP&sock=startd_3691_4c27>
...
006 (391167.026.000) 2024-01-19 22:57:57 Image size of job updated: 579004
	93  -  MemoryUsage of job (MB)
	95052  -  ResidentSetSize of job (KB)
...
006 (391167.026.000) 2024-01-19 23:02:58 Image size of job updated: 879272
	182  -  MemoryUsage of job (MB)
	185476  -  ResidentSetSize of job (KB)
...
040 (391167.026.000) 2024-01-19 23:03:26 Started transferring output files
...
040 (391167.026.000) 2024-01-19 23:03:28 Finished transferring output files
...
005 (391167.026.000) 2024-01-19 23:03:28 Job terminated.
	(1) Normal termination (return value 0)
		Usr 0 00:05:05, Sys 0 00:00:15  -  Run Remote Usage
		Usr 0 00:00:00, Sys 0 00:00:00  -  Run Local Usage
		Usr 0 00:05:05, Sys 0 00:00:15  -  Total Remote Usage
		Usr 0 00:00:00, Sys 0 00:00:00  -  Total Local Usage
	32537940  -  Run Bytes Sent By Job
	185911  -  Run Bytes Received By Job
	32537940  -  Total Bytes Sent By Job
	185911  -  Total Bytes Received By Job
	Partitionable Resources :    Usage  Request Allocated 
	   Cpus                 :     0.99        1         1 
	   Disk (KB)            : 32030         200    128928 
	   Memory (MB)          :   182        3900      3968 

	Job terminated of its own accord at 2024-01-19T14:03:26Z.
...
000 (391343.026.000) 2024-01-22 10:59:17 Job submitted from host: <172.30.1.200:9618?addrs=172.30.1.200-9618&alias=tamsa2.snu.ac.kr&noUDP&sock=schedd_3625_06e6>
...
040 (391343.026.000) 2024-01-22 10:59:20 Started transferring input files
	Transferring to host: <172.30.1.216:9618?addrs=172.30.1.216-9618&alias=node16&noUDP&sock=slot1_6_4290_7168_332775>
...
040 (391343.026.000) 2024-01-22 10:59:20 Finished transferring input files
...
001 (391343.026.000) 2024-01-22 10:59:20 Job executing on host: <172.30.1.216:9618?addrs=172.30.1.216-9618&alias=node16&noUDP&sock=startd_4255_2791>
...
006 (391343.026.000) 2024-01-22 10:59:29 Image size of job updated: 50132
	1  -  MemoryUsage of job (MB)
	80  -  ResidentSetSize of job (KB)
...
006 (391343.026.000) 2024-01-22 11:04:30 Image size of job updated: 952528
	265  -  MemoryUsage of job (MB)
	270404  -  ResidentSetSize of job (KB)
...
006 (391343.026.000) 2024-01-22 11:09:31 Image size of job updated: 962272
	265  -  MemoryUsage of job (MB)
	270488  -  ResidentSetSize of job (KB)
...
006 (391343.026.000) 2024-01-22 11:14:31 Image size of job updated: 969292
	265  -  MemoryUsage of job (MB)
	270488  -  ResidentSetSize of job (KB)
...
040 (391343.026.000) 2024-01-22 11:21:24 Started transferring output files
...
040 (391343.026.000) 2024-01-22 11:21:26 Finished transferring output files
...
005 (391343.026.000) 2024-01-22 11:21:26 Job terminated.
	(1) Normal termination (return value 0)
		Usr 0 00:20:11, Sys 0 00:00:53  -  Run Remote Usage
		Usr 0 00:00:00, Sys 0 00:00:00  -  Run Local Usage
		Usr 0 00:20:11, Sys 0 00:00:53  -  Total Remote Usage
		Usr 0 00:00:00, Sys 0 00:00:00  -  Total Local Usage
	31019716  -  Run Bytes Sent By Job
	185924  -  Run Bytes Received By Job
	31019716  -  Total Bytes Sent By Job
	185924  -  Total Bytes Received By Job
	Partitionable Resources :    Usage  Request Allocated 
	   Cpus                 :     1.00        1         1 
	   Disk (KB)            : 30547         200    261111 
	   Memory (MB)          :   265        3900      3968 

	Job terminated of its own accord at 2024-01-22T02:21:24Z.
...
000 (391348.026.000) 2024-01-22 12:29:14 Job submitted from host: <172.30.1.200:9618?addrs=172.30.1.200-9618&alias=tamsa2.snu.ac.kr&noUDP&sock=schedd_3625_06e6>
...
040 (391348.026.000) 2024-01-22 12:29:21 Started transferring input files
	Transferring to host: <172.30.1.216:9618?addrs=172.30.1.216-9618&alias=node16&noUDP&sock=slot1_35_4290_7168_332848>
...
040 (391348.026.000) 2024-01-22 12:29:21 Finished transferring input files
...
001 (391348.026.000) 2024-01-22 12:29:21 Job executing on host: <172.30.1.216:9618?addrs=172.30.1.216-9618&alias=node16&noUDP&sock=startd_4255_2791>
...
006 (391348.026.000) 2024-01-22 12:29:30 Image size of job updated: 139088
	5  -  MemoryUsage of job (MB)
	4956  -  ResidentSetSize of job (KB)
...
006 (391348.026.000) 2024-01-22 12:34:31 Image size of job updated: 968864
	275  -  MemoryUsage of job (MB)
	281528  -  ResidentSetSize of job (KB)
...
006 (391348.026.000) 2024-01-22 12:39:31 Image size of job updated: 969072
	275  -  MemoryUsage of job (MB)
	281528  -  ResidentSetSize of job (KB)
...
040 (391348.026.000) 2024-01-22 12:51:27 Started transferring output files
...
040 (391348.026.000) 2024-01-22 12:51:28 Finished transferring output files
...
005 (391348.026.000) 2024-01-22 12:51:28 Job terminated.
	(1) Normal termination (return value 0)
		Usr 0 00:20:39, Sys 0 00:00:54  -  Run Remote Usage
		Usr 0 00:00:00, Sys 0 00:00:00  -  Run Local Usage
		Usr 0 00:20:39, Sys 0 00:00:54  -  Total Remote Usage
		Usr 0 00:00:00, Sys 0 00:00:00  -  Total Local Usage
	31032768  -  Run Bytes Sent By Job
	186484  -  Run Bytes Received By Job
	31032768  -  Total Bytes Sent By Job
	186484  -  Total Bytes Received By Job
	Partitionable Resources :    Usage  Request Allocated 
	   Cpus                 :     1.00        1         1 
	   Disk (KB)            : 30561         200    261111 
	   Memory (MB)          :   275        3900      3968 

	Job terminated of its own accord at 2024-01-22T03:51:27Z.
...
000 (391350.026.000) 2024-01-22 13:01:44 Job submitted from host: <172.30.1.200:9618?addrs=172.30.1.200-9618&alias=tamsa2.snu.ac.kr&noUDP&sock=schedd_3625_06e6>
...
040 (391350.026.000) 2024-01-22 13:02:04 Started transferring input files
	Transferring to host: <172.30.1.216:9618?addrs=172.30.1.216-9618&alias=node16&noUDP&sock=slot1_35_4290_7168_332888>
...
040 (391350.026.000) 2024-01-22 13:02:04 Finished transferring input files
...
001 (391350.026.000) 2024-01-22 13:02:04 Job executing on host: <172.30.1.216:9618?addrs=172.30.1.216-9618&alias=node16&noUDP&sock=startd_4255_2791>
...
006 (391350.026.000) 2024-01-22 13:02:13 Image size of job updated: 139088
	5  -  MemoryUsage of job (MB)
	4960  -  ResidentSetSize of job (KB)
...
006 (391350.026.000) 2024-01-22 13:07:14 Image size of job updated: 952936
	284  -  MemoryUsage of job (MB)
	290500  -  ResidentSetSize of job (KB)
...
006 (391350.026.000) 2024-01-22 13:12:16 Image size of job updated: 953776
	284  -  MemoryUsage of job (MB)
	290500  -  ResidentSetSize of job (KB)
...
006 (391350.026.000) 2024-01-22 13:22:16 Image size of job updated: 968952
	284  -  MemoryUsage of job (MB)
	290500  -  ResidentSetSize of job (KB)
...
040 (391350.026.000) 2024-01-22 13:24:26 Started transferring output files
...
040 (391350.026.000) 2024-01-22 13:24:27 Finished transferring output files
...
005 (391350.026.000) 2024-01-22 13:24:27 Job terminated.
	(1) Normal termination (return value 0)
		Usr 0 00:20:58, Sys 0 00:00:53  -  Run Remote Usage
		Usr 0 00:00:00, Sys 0 00:00:00  -  Run Local Usage
		Usr 0 00:20:58, Sys 0 00:00:53  -  Total Remote Usage
		Usr 0 00:00:00, Sys 0 00:00:00  -  Total Local Usage
	31040260  -  Run Bytes Sent By Job
	186577  -  Run Bytes Received By Job
	31040260  -  Total Bytes Sent By Job
	186577  -  Total Bytes Received By Job
	Partitionable Resources :    Usage  Request Allocated 
	   Cpus                 :     1.00        1         1 
	   Disk (KB)            : 30568         200    261111 
	   Memory (MB)          :   284        3900      3968 

	Job terminated of its own accord at 2024-01-22T04:24:26Z.
...
000 (391361.026.000) 2024-01-22 13:44:17 Job submitted from host: <172.30.1.200:9618?addrs=172.30.1.200-9618&alias=tamsa2.snu.ac.kr&noUDP&sock=schedd_3625_06e6>
...
040 (391361.026.000) 2024-01-22 13:44:31 Started transferring input files
	Transferring to host: <172.30.1.216:9618?addrs=172.30.1.216-9618&alias=node16&noUDP&sock=slot1_52_4290_7168_333010>
...
040 (391361.026.000) 2024-01-22 13:44:31 Finished transferring input files
...
001 (391361.026.000) 2024-01-22 13:44:31 Job executing on host: <172.30.1.216:9618?addrs=172.30.1.216-9618&alias=node16&noUDP&sock=startd_4255_2791>
...
006 (391361.026.000) 2024-01-22 13:44:40 Image size of job updated: 230184
	68  -  MemoryUsage of job (MB)
	69432  -  ResidentSetSize of job (KB)
...
006 (391361.026.000) 2024-01-22 13:48:36 Image size of job updated: 872764
	68  -  MemoryUsage of job (MB)
	69432  -  ResidentSetSize of job (KB)
...
040 (391361.026.000) 2024-01-22 13:48:36 Started transferring output files
...
040 (391361.026.000) 2024-01-22 13:48:39 Finished transferring output files
...
005 (391361.026.000) 2024-01-22 13:48:39 Job terminated.
	(1) Normal termination (return value 0)
		Usr 0 00:03:27, Sys 0 00:00:13  -  Run Remote Usage
		Usr 0 00:00:00, Sys 0 00:00:00  -  Run Local Usage
		Usr 0 00:03:27, Sys 0 00:00:13  -  Total Remote Usage
		Usr 0 00:00:00, Sys 0 00:00:00  -  Total Local Usage
	31224530  -  Run Bytes Sent By Job
	191813  -  Run Bytes Received By Job
	31224530  -  Total Bytes Sent By Job
	191813  -  Total Bytes Received By Job
	Partitionable Resources :    Usage  Request Allocated 
	   Cpus                 :     0.98        1         1 
	   Disk (KB)            : 30756         200    261111 
	   Memory (MB)          :    68        3900      3968 

	Job terminated of its own accord at 2024-01-22T04:48:36Z.
...
000 (391362.026.000) 2024-01-22 13:50:58 Job submitted from host: <172.30.1.200:9618?addrs=172.30.1.200-9618&alias=tamsa2.snu.ac.kr&noUDP&sock=schedd_3625_06e6>
...
040 (391362.026.000) 2024-01-22 13:51:03 Started transferring input files
	Transferring to host: <172.30.1.216:9618?addrs=172.30.1.216-9618&alias=node16&noUDP&sock=slot1_35_4290_7168_333049>
...
040 (391362.026.000) 2024-01-22 13:51:03 Finished transferring input files
...
001 (391362.026.000) 2024-01-22 13:51:03 Job executing on host: <172.30.1.216:9618?addrs=172.30.1.216-9618&alias=node16&noUDP&sock=startd_4255_2791>
...
006 (391362.026.000) 2024-01-22 13:51:12 Image size of job updated: 139604
	5  -  MemoryUsage of job (MB)
	4956  -  ResidentSetSize of job (KB)
...
006 (391362.026.000) 2024-01-22 13:56:12 Image size of job updated: 962600
	237  -  MemoryUsage of job (MB)
	241812  -  ResidentSetSize of job (KB)
...
006 (391362.026.000) 2024-01-22 14:01:14 Image size of job updated: 962600
	295  -  MemoryUsage of job (MB)
	301128  -  ResidentSetSize of job (KB)
...
006 (391362.026.000) 2024-01-22 14:06:13 Image size of job updated: 962768
	295  -  MemoryUsage of job (MB)
	301240  -  ResidentSetSize of job (KB)
...
006 (391362.026.000) 2024-01-22 14:16:35 Image size of job updated: 963392
	295  -  MemoryUsage of job (MB)
	301240  -  ResidentSetSize of job (KB)
...
040 (391362.026.000) 2024-01-22 14:16:35 Started transferring output files
...
040 (391362.026.000) 2024-01-22 14:16:36 Finished transferring output files
...
005 (391362.026.000) 2024-01-22 14:16:36 Job terminated.
	(1) Normal termination (return value 0)
		Usr 0 00:23:24, Sys 0 00:01:01  -  Run Remote Usage
		Usr 0 00:00:00, Sys 0 00:00:00  -  Run Local Usage
		Usr 0 00:23:24, Sys 0 00:01:01  -  Total Remote Usage
		Usr 0 00:00:00, Sys 0 00:00:00  -  Total Local Usage
	31036820  -  Run Bytes Sent By Job
	191814  -  Run Bytes Received By Job
	31036820  -  Total Bytes Sent By Job
	191814  -  Total Bytes Received By Job
	Partitionable Resources :    Usage  Request Allocated 
	   Cpus                 :     0.76        1         1 
	   Disk (KB)            : 30572         200    261111 
	   Memory (MB)          :   295        3900      3968 

	Job terminated of its own accord at 2024-01-22T05:16:35Z.
...
000 (391496.026.000) 2024-01-22 14:58:10 Job submitted from host: <172.30.1.200:9618?addrs=172.30.1.200-9618&alias=tamsa2.snu.ac.kr&noUDP&sock=schedd_3625_06e6>
...
040 (391496.026.000) 2024-01-22 14:58:20 Started transferring input files
	Transferring to host: <172.30.1.216:9618?addrs=172.30.1.216-9618&alias=node16&noUDP&sock=slot1_38_4290_7168_333218>
...
040 (391496.026.000) 2024-01-22 14:58:20 Finished transferring input files
...
001 (391496.026.000) 2024-01-22 14:58:20 Job executing on host: <172.30.1.216:9618?addrs=172.30.1.216-9618&alias=node16&noUDP&sock=startd_4255_2791>
...
006 (391496.026.000) 2024-01-22 14:58:29 Image size of job updated: 139088
	5  -  MemoryUsage of job (MB)
	4956  -  ResidentSetSize of job (KB)
...
006 (391496.026.000) 2024-01-22 15:03:29 Image size of job updated: 952652
	226  -  MemoryUsage of job (MB)
	230556  -  ResidentSetSize of job (KB)
...
006 (391496.026.000) 2024-01-22 15:08:30 Image size of job updated: 969188
	256  -  MemoryUsage of job (MB)
	261812  -  ResidentSetSize of job (KB)
...
006 (391496.026.000) 2024-01-22 15:13:31 Image size of job updated: 969772
	295  -  MemoryUsage of job (MB)
	301288  -  ResidentSetSize of job (KB)
...
040 (391496.026.000) 2024-01-22 15:30:01 Started transferring output files
...
040 (391496.026.000) 2024-01-22 15:30:02 Finished transferring output files
...
005 (391496.026.000) 2024-01-22 15:30:02 Job terminated.
	(1) Normal termination (return value 0)
		Usr 0 00:29:33, Sys 0 00:01:18  -  Run Remote Usage
		Usr 0 00:00:00, Sys 0 00:00:00  -  Run Local Usage
		Usr 0 00:29:33, Sys 0 00:01:18  -  Total Remote Usage
		Usr 0 00:00:00, Sys 0 00:00:00  -  Total Local Usage
	31029656  -  Run Bytes Sent By Job
	191814  -  Run Bytes Received By Job
	31029656  -  Total Bytes Sent By Job
	191814  -  Total Bytes Received By Job
	Partitionable Resources :    Usage  Request Allocated 
	   Cpus                 :     0.99        1         1 
	   Disk (KB)            : 30565         200    261111 
	   Memory (MB)          :   295        3900      3968 

	Job terminated of its own accord at 2024-01-22T06:30:01Z.
...
000 (391511.026.000) 2024-01-22 15:59:41 Job submitted from host: <172.30.1.200:9618?addrs=172.30.1.200-9618&alias=tamsa2.snu.ac.kr&noUDP&sock=schedd_3625_06e6>
...
040 (391511.026.000) 2024-01-22 15:59:55 Started transferring input files
	Transferring to host: <172.30.1.214:9618?addrs=172.30.1.214-9618&alias=node14&noUDP&sock=slot1_49_4480_50af_235851>
...
040 (391511.026.000) 2024-01-22 15:59:55 Finished transferring input files
...
001 (391511.026.000) 2024-01-22 15:59:55 Job executing on host: <172.30.1.214:9618?addrs=172.30.1.214-9618&alias=node14&noUDP&sock=startd_4446_2a28>
...
006 (391511.026.000) 2024-01-22 16:00:04 Image size of job updated: 139344
	11  -  MemoryUsage of job (MB)
	10764  -  ResidentSetSize of job (KB)
...
006 (391511.026.000) 2024-01-22 16:05:05 Image size of job updated: 963184
	216  -  MemoryUsage of job (MB)
	220988  -  ResidentSetSize of job (KB)
...
006 (391511.026.000) 2024-01-22 16:10:05 Image size of job updated: 963184
	256  -  MemoryUsage of job (MB)
	261348  -  ResidentSetSize of job (KB)
...
006 (391511.026.000) 2024-01-22 16:15:05 Image size of job updated: 969724
	309  -  MemoryUsage of job (MB)
	316100  -  ResidentSetSize of job (KB)
...
006 (391511.026.000) 2024-01-22 16:20:06 Image size of job updated: 969848
	309  -  MemoryUsage of job (MB)
	316100  -  ResidentSetSize of job (KB)
...
006 (391511.026.000) 2024-01-22 16:25:07 Image size of job updated: 970132
	309  -  MemoryUsage of job (MB)
	316100  -  ResidentSetSize of job (KB)
...
040 (391511.026.000) 2024-01-22 16:27:30 Started transferring output files
...
040 (391511.026.000) 2024-01-22 16:27:30 Finished transferring output files
...
005 (391511.026.000) 2024-01-22 16:27:30 Job terminated.
	(1) Normal termination (return value 0)
		Usr 0 00:25:50, Sys 0 00:01:12  -  Run Remote Usage
		Usr 0 00:00:00, Sys 0 00:00:00  -  Run Local Usage
		Usr 0 00:25:50, Sys 0 00:01:12  -  Total Remote Usage
		Usr 0 00:00:00, Sys 0 00:00:00  -  Total Local Usage
	31031288  -  Run Bytes Sent By Job
	191824  -  Run Bytes Received By Job
	31031288  -  Total Bytes Sent By Job
	191824  -  Total Bytes Received By Job
	Partitionable Resources :    Usage  Request Allocated 
	   Cpus                 :     1.01        1         1 
	   Disk (KB)            : 30567         200    261111 
	   Memory (MB)          :   309        3900      3968 

	Job terminated of its own accord at 2024-01-22T07:27:29Z.
...
000 (391574.026.000) 2024-01-22 23:14:59 Job submitted from host: <172.30.1.200:9618?addrs=172.30.1.200-9618&alias=tamsa2.snu.ac.kr&noUDP&sock=schedd_3625_06e6>
...
040 (391574.026.000) 2024-01-22 23:15:02 Started transferring input files
	Transferring to host: <172.30.1.216:9618?addrs=172.30.1.216-9618&alias=node16&noUDP&sock=slot1_9_4290_7168_334226>
...
040 (391574.026.000) 2024-01-22 23:15:02 Finished transferring input files
...
001 (391574.026.000) 2024-01-22 23:15:02 Job executing on host: <172.30.1.216:9618?addrs=172.30.1.216-9618&alias=node16&noUDP&sock=startd_4255_2791>
...
006 (391574.026.000) 2024-01-22 23:15:11 Image size of job updated: 139344
	5  -  MemoryUsage of job (MB)
	4960  -  ResidentSetSize of job (KB)
...
006 (391574.026.000) 2024-01-22 23:20:11 Image size of job updated: 953036
	265  -  MemoryUsage of job (MB)
	270720  -  ResidentSetSize of job (KB)
...
006 (391574.026.000) 2024-01-22 23:25:11 Image size of job updated: 953592
	295  -  MemoryUsage of job (MB)
	301668  -  ResidentSetSize of job (KB)
...
006 (391574.026.000) 2024-01-22 23:30:12 Image size of job updated: 953996
	295  -  MemoryUsage of job (MB)
	301668  -  ResidentSetSize of job (KB)
...
006 (391574.026.000) 2024-01-22 23:35:13 Image size of job updated: 970012
	295  -  MemoryUsage of job (MB)
	301668  -  ResidentSetSize of job (KB)
...
004 (391574.026.000) 2024-01-22 23:35:24 Job was evicted.
	(0) CPU times
		Usr 0 00:18:42, Sys 0 00:00:53  -  Run Remote Usage
		Usr 0 00:00:00, Sys 0 00:00:00  -  Run Local Usage
	0  -  Run Bytes Sent By Job
	191685  -  Run Bytes Received By Job
	Partitionable Resources :    Usage  Request Allocated 
	   Cpus                 :     1.00        1         1 
	   Disk (KB)            : 10707         200    261111 
	   Memory (MB)          :   295        3900      3968 
...
009 (391574.026.000) 2024-01-22 23:35:24 Job was aborted.
	via condor_rm (by user shin)
...
000 (391577.026.000) 2024-01-22 23:35:26 Job submitted from host: <172.30.1.200:9618?addrs=172.30.1.200-9618&alias=tamsa2.snu.ac.kr&noUDP&sock=schedd_3625_06e6>
...
040 (391577.026.000) 2024-01-22 23:35:37 Started transferring input files
	Transferring to host: <172.30.1.216:9618?addrs=172.30.1.216-9618&alias=node16&noUDP&sock=slot1_27_4290_7168_334304>
...
040 (391577.026.000) 2024-01-22 23:35:37 Finished transferring input files
...
001 (391577.026.000) 2024-01-22 23:35:37 Job executing on host: <172.30.1.216:9618?addrs=172.30.1.216-9618&alias=node16&noUDP&sock=startd_4255_2791>
...
006 (391577.026.000) 2024-01-22 23:35:45 Image size of job updated: 139604
	5  -  MemoryUsage of job (MB)
	4956  -  ResidentSetSize of job (KB)
...
006 (391577.026.000) 2024-01-22 23:40:45 Image size of job updated: 969240
	226  -  MemoryUsage of job (MB)
	230504  -  ResidentSetSize of job (KB)
...
006 (391577.026.000) 2024-01-22 23:45:45 Image size of job updated: 969240
	265  -  MemoryUsage of job (MB)
	270808  -  ResidentSetSize of job (KB)
...
006 (391577.026.000) 2024-01-22 23:50:46 Image size of job updated: 969240
	295  -  MemoryUsage of job (MB)
	301124  -  ResidentSetSize of job (KB)
...
006 (391577.026.000) 2024-01-22 23:55:49 Image size of job updated: 969912
	295  -  MemoryUsage of job (MB)
	301124  -  ResidentSetSize of job (KB)
...
040 (391577.026.000) 2024-01-23 00:04:27 Started transferring output files
...
040 (391577.026.000) 2024-01-23 00:04:28 Finished transferring output files
...
005 (391577.026.000) 2024-01-23 00:04:28 Job terminated.
	(1) Normal termination (return value 0)
		Usr 0 00:27:19, Sys 0 00:01:10  -  Run Remote Usage
		Usr 0 00:00:00, Sys 0 00:00:00  -  Run Local Usage
		Usr 0 00:27:19, Sys 0 00:01:10  -  Total Remote Usage
		Usr 0 00:00:00, Sys 0 00:00:00  -  Total Local Usage
	31018664  -  Run Bytes Sent By Job
	191687  -  Run Bytes Received By Job
	31018664  -  Total Bytes Sent By Job
	191687  -  Total Bytes Received By Job
	Partitionable Resources :    Usage  Request Allocated 
	   Cpus                 :     0.89        1         1 
	   Disk (KB)            : 30554         200    261111 
	   Memory (MB)          :   295        3900      3968 

	Job terminated of its own accord at 2024-01-22T15:04:27Z.
...
000 (391582.026.000) 2024-01-23 10:33:34 Job submitted from host: <172.30.1.200:9618?addrs=172.30.1.200-9618&alias=tamsa2.snu.ac.kr&noUDP&sock=schedd_3625_06e6>
...
040 (391582.026.000) 2024-01-23 10:33:37 Started transferring input files
	Transferring to host: <172.30.1.216:9618?addrs=172.30.1.216-9618&alias=node16&noUDP&sock=slot1_6_4290_7168_337523>
...
040 (391582.026.000) 2024-01-23 10:33:37 Finished transferring input files
...
001 (391582.026.000) 2024-01-23 10:33:37 Job executing on host: <172.30.1.216:9618?addrs=172.30.1.216-9618&alias=node16&noUDP&sock=startd_4255_2791>
...
006 (391582.026.000) 2024-01-23 10:33:46 Image size of job updated: 50132
	1  -  MemoryUsage of job (MB)
	80  -  ResidentSetSize of job (KB)
...
006 (391582.026.000) 2024-01-23 10:38:46 Image size of job updated: 962384
	256  -  MemoryUsage of job (MB)
	261384  -  ResidentSetSize of job (KB)
...
006 (391582.026.000) 2024-01-23 10:48:47 Image size of job updated: 969620
	256  -  MemoryUsage of job (MB)
	261384  -  ResidentSetSize of job (KB)
...
006 (391582.026.000) 2024-01-23 10:53:48 Image size of job updated: 969620
	286  -  MemoryUsage of job (MB)
	292140  -  ResidentSetSize of job (KB)
...
006 (391582.026.000) 2024-01-23 10:56:36 Image size of job updated: 970272
	286  -  MemoryUsage of job (MB)
	292140  -  ResidentSetSize of job (KB)
...
040 (391582.026.000) 2024-01-23 10:56:36 Started transferring output files
...
040 (391582.026.000) 2024-01-23 10:56:39 Finished transferring output files
...
005 (391582.026.000) 2024-01-23 10:56:39 Job terminated.
	(1) Normal termination (return value 0)
		Usr 0 00:21:07, Sys 0 00:00:55  -  Run Remote Usage
		Usr 0 00:00:00, Sys 0 00:00:00  -  Run Local Usage
		Usr 0 00:21:07, Sys 0 00:00:55  -  Total Remote Usage
		Usr 0 00:00:00, Sys 0 00:00:00  -  Total Local Usage
	31016728  -  Run Bytes Sent By Job
	191687  -  Run Bytes Received By Job
	31016728  -  Total Bytes Sent By Job
	191687  -  Total Bytes Received By Job
	Partitionable Resources :    Usage  Request Allocated 
	   Cpus                 :     1.00        1         1 
	   Disk (KB)            : 30553         200    261111 
	   Memory (MB)          :   286        3900      3968 

	Job terminated of its own accord at 2024-01-23T01:56:36Z.
...
