000 (390874.039.000) 2024-01-18 20:28:10 Job submitted from host: <172.30.1.200:9618?addrs=172.30.1.200-9618&alias=tamsa2.snu.ac.kr&noUDP&sock=schedd_3625_06e6>
...
040 (390874.039.000) 2024-01-18 20:28:25 Started transferring input files
	Transferring to host: <172.30.1.202:9618?addrs=172.30.1.202-9618&alias=node2&noUDP&sock=slot1_18_3851_20b6_74235>
...
040 (390874.039.000) 2024-01-18 20:28:25 Finished transferring input files
...
001 (390874.039.000) 2024-01-18 20:28:25 Job executing on host: <172.30.1.202:9618?addrs=172.30.1.202-9618&alias=node2&noUDP&sock=startd_3818_68ae>
...
006 (390874.039.000) 2024-01-18 20:28:33 Image size of job updated: 139088
	5  -  MemoryUsage of job (MB)
	4956  -  ResidentSetSize of job (KB)
...
006 (390874.039.000) 2024-01-18 20:32:32 Image size of job updated: 846768
	5  -  MemoryUsage of job (MB)
	4956  -  ResidentSetSize of job (KB)
...
040 (390874.039.000) 2024-01-18 20:32:32 Started transferring output files
...
040 (390874.039.000) 2024-01-18 20:32:33 Finished transferring output files
...
005 (390874.039.000) 2024-01-18 20:32:33 Job terminated.
	(1) Normal termination (return value 0)
		Usr 0 00:01:13, Sys 0 00:00:07  -  Run Remote Usage
		Usr 0 00:00:00, Sys 0 00:00:00  -  Run Local Usage
		Usr 0 00:01:13, Sys 0 00:00:07  -  Total Remote Usage
		Usr 0 00:00:00, Sys 0 00:00:00  -  Total Local Usage
	12961623  -  Run Bytes Sent By Job
	181578  -  Run Bytes Received By Job
	12961623  -  Total Bytes Sent By Job
	181578  -  Total Bytes Received By Job
	Partitionable Resources :    Usage  Request Allocated 
	   Cpus                 :     0.00        1         1 
	   Disk (KB)            : 12907         200    128928 
	   Memory (MB)          :     5        3900      3968 

	Job terminated of its own accord at 2024-01-18T11:32:32Z.
...
000 (390875.039.000) 2024-01-18 20:45:32 Job submitted from host: <172.30.1.200:9618?addrs=172.30.1.200-9618&alias=tamsa2.snu.ac.kr&noUDP&sock=schedd_3625_06e6>
...
040 (390875.039.000) 2024-01-18 20:45:48 Started transferring input files
	Transferring to host: <172.30.1.204:9618?addrs=172.30.1.204-9618&alias=node4&noUDP&sock=slot1_15_3725_5971_202601>
...
040 (390875.039.000) 2024-01-18 20:45:48 Finished transferring input files
...
001 (390875.039.000) 2024-01-18 20:45:48 Job executing on host: <172.30.1.204:9618?addrs=172.30.1.204-9618&alias=node4&noUDP&sock=startd_3691_4c27>
...
006 (390875.039.000) 2024-01-18 20:45:56 Image size of job updated: 144992
	11  -  MemoryUsage of job (MB)
	10716  -  ResidentSetSize of job (KB)
...
006 (390875.039.000) 2024-01-18 20:50:35 Image size of job updated: 871840
	11  -  MemoryUsage of job (MB)
	10716  -  ResidentSetSize of job (KB)
...
040 (390875.039.000) 2024-01-18 20:50:35 Started transferring output files
...
040 (390875.039.000) 2024-01-18 20:50:42 Finished transferring output files
...
005 (390875.039.000) 2024-01-18 20:50:42 Job terminated.
	(1) Normal termination (return value 0)
		Usr 0 00:03:06, Sys 0 00:00:11  -  Run Remote Usage
		Usr 0 00:00:00, Sys 0 00:00:00  -  Run Local Usage
		Usr 0 00:03:06, Sys 0 00:00:11  -  Total Remote Usage
		Usr 0 00:00:00, Sys 0 00:00:00  -  Total Local Usage
	95934080  -  Run Bytes Sent By Job
	182042  -  Run Bytes Received By Job
	95934080  -  Total Bytes Sent By Job
	182042  -  Total Bytes Received By Job
	Partitionable Resources :    Usage  Request Allocated 
	   Cpus                 :     0.02        1         1 
	   Disk (KB)            : 93936         200    128928 
	   Memory (MB)          :    11        3900      3968 

	Job terminated of its own accord at 2024-01-18T11:50:35Z.
...
000 (390886.039.000) 2024-01-18 21:10:43 Job submitted from host: <172.30.1.200:9618?addrs=172.30.1.200-9618&alias=tamsa2.snu.ac.kr&noUDP&sock=schedd_3625_06e6>
...
040 (390886.039.000) 2024-01-18 21:10:46 Started transferring input files
	Transferring to host: <172.30.1.204:9618?addrs=172.30.1.204-9618&alias=node4&noUDP&sock=slot1_12_3725_5971_202614>
...
040 (390886.039.000) 2024-01-18 21:10:46 Finished transferring input files
...
001 (390886.039.000) 2024-01-18 21:10:46 Job executing on host: <172.30.1.204:9618?addrs=172.30.1.204-9618&alias=node4&noUDP&sock=startd_3691_4c27>
...
006 (390886.039.000) 2024-01-18 21:10:56 Image size of job updated: 215896
	184  -  MemoryUsage of job (MB)
	187580  -  ResidentSetSize of job (KB)
...
006 (390886.039.000) 2024-01-18 21:12:02 Image size of job updated: 835132
	184  -  MemoryUsage of job (MB)
	187580  -  ResidentSetSize of job (KB)
...
040 (390886.039.000) 2024-01-18 21:12:02 Started transferring output files
...
040 (390886.039.000) 2024-01-18 21:12:07 Finished transferring output files
...
005 (390886.039.000) 2024-01-18 21:12:07 Job terminated.
	(1) Normal termination (return value 0)
		Usr 0 00:00:48, Sys 0 00:00:05  -  Run Remote Usage
		Usr 0 00:00:00, Sys 0 00:00:00  -  Run Local Usage
		Usr 0 00:00:48, Sys 0 00:00:05  -  Total Remote Usage
		Usr 0 00:00:00, Sys 0 00:00:00  -  Total Local Usage
	7473247  -  Run Bytes Sent By Job
	181210  -  Run Bytes Received By Job
	7473247  -  Total Bytes Sent By Job
	181210  -  Total Bytes Received By Job
	Partitionable Resources :    Usage  Request Allocated 
	   Cpus                 :     0.51        1         1 
	   Disk (KB)            :  7547         200    128928 
	   Memory (MB)          :   184        3900      3968 

	Job terminated of its own accord at 2024-01-18T12:12:02Z.
...
000 (390887.039.000) 2024-01-18 21:19:38 Job submitted from host: <172.30.1.200:9618?addrs=172.30.1.200-9618&alias=tamsa2.snu.ac.kr&noUDP&sock=schedd_3625_06e6>
...
040 (390887.039.000) 2024-01-18 21:19:41 Started transferring input files
	Transferring to host: <172.30.1.204:9618?addrs=172.30.1.204-9618&alias=node4&noUDP&sock=slot1_11_3725_5971_202625>
...
001 (390887.039.000) 2024-01-18 21:19:41 Job executing on host: <172.30.1.204:9618?addrs=172.30.1.204-9618&alias=node4&noUDP&sock=startd_3691_4c27>
...
040 (390887.039.000) 2024-01-18 21:19:41 Finished transferring input files
...
006 (390887.039.000) 2024-01-18 21:19:50 Image size of job updated: 835616
	199  -  MemoryUsage of job (MB)
	203312  -  ResidentSetSize of job (KB)
...
006 (390887.039.000) 2024-01-18 21:22:18 Image size of job updated: 867664
	199  -  MemoryUsage of job (MB)
	203312  -  ResidentSetSize of job (KB)
...
040 (390887.039.000) 2024-01-18 21:22:18 Started transferring output files
...
040 (390887.039.000) 2024-01-18 21:22:20 Finished transferring output files
...
005 (390887.039.000) 2024-01-18 21:22:20 Job terminated.
	(1) Normal termination (return value 0)
		Usr 0 00:02:19, Sys 0 00:00:09  -  Run Remote Usage
		Usr 0 00:00:00, Sys 0 00:00:00  -  Run Local Usage
		Usr 0 00:02:19, Sys 0 00:00:09  -  Total Remote Usage
		Usr 0 00:00:00, Sys 0 00:00:00  -  Total Local Usage
	34649624  -  Run Bytes Sent By Job
	181210  -  Run Bytes Received By Job
	34649624  -  Total Bytes Sent By Job
	181210  -  Total Bytes Received By Job
	Partitionable Resources :    Usage  Request Allocated 
	   Cpus                 :     1.00        1         1 
	   Disk (KB)            : 34086         200    128928 
	   Memory (MB)          :   199        3900      3968 

	Job terminated of its own accord at 2024-01-18T12:22:18Z.
...
000 (390888.039.000) 2024-01-18 21:30:57 Job submitted from host: <172.30.1.200:9618?addrs=172.30.1.200-9618&alias=tamsa2.snu.ac.kr&noUDP&sock=schedd_3625_06e6>
...
040 (390888.039.000) 2024-01-18 21:31:02 Started transferring input files
	Transferring to host: <172.30.1.204:9618?addrs=172.30.1.204-9618&alias=node4&noUDP&sock=slot1_15_3725_5971_202640>
...
001 (390888.039.000) 2024-01-18 21:31:02 Job executing on host: <172.30.1.204:9618?addrs=172.30.1.204-9618&alias=node4&noUDP&sock=startd_3691_4c27>
...
040 (390888.039.000) 2024-01-18 21:31:02 Finished transferring input files
...
006 (390888.039.000) 2024-01-18 21:31:11 Image size of job updated: 833416
	190  -  MemoryUsage of job (MB)
	194084  -  ResidentSetSize of job (KB)
...
006 (390888.039.000) 2024-01-18 21:34:19 Image size of job updated: 864800
	190  -  MemoryUsage of job (MB)
	194084  -  ResidentSetSize of job (KB)
...
040 (390888.039.000) 2024-01-18 21:34:19 Started transferring output files
...
040 (390888.039.000) 2024-01-18 21:34:25 Finished transferring output files
...
005 (390888.039.000) 2024-01-18 21:34:25 Job terminated.
	(1) Normal termination (return value 0)
		Usr 0 00:02:58, Sys 0 00:00:12  -  Run Remote Usage
		Usr 0 00:00:00, Sys 0 00:00:00  -  Run Local Usage
		Usr 0 00:02:58, Sys 0 00:00:12  -  Total Remote Usage
		Usr 0 00:00:00, Sys 0 00:00:00  -  Total Local Usage
	33738132  -  Run Bytes Sent By Job
	181214  -  Run Bytes Received By Job
	33738132  -  Total Bytes Sent By Job
	181214  -  Total Bytes Received By Job
	Partitionable Resources :    Usage  Request Allocated 
	   Cpus                 :     0.98        1         1 
	   Disk (KB)            : 33196         200    128928 
	   Memory (MB)          :   190        3900      3968 

	Job terminated of its own accord at 2024-01-18T12:34:19Z.
...
000 (390894.039.000) 2024-01-18 21:35:52 Job submitted from host: <172.30.1.200:9618?addrs=172.30.1.200-9618&alias=tamsa2.snu.ac.kr&noUDP&sock=schedd_3625_06e6>
...
040 (390894.039.000) 2024-01-18 21:36:11 Started transferring input files
	Transferring to host: <172.30.1.204:9618?addrs=172.30.1.204-9618&alias=node4&noUDP&sock=slot1_18_3725_5971_202663>
...
040 (390894.039.000) 2024-01-18 21:36:11 Finished transferring input files
...
001 (390894.039.000) 2024-01-18 21:36:11 Job executing on host: <172.30.1.204:9618?addrs=172.30.1.204-9618&alias=node4&noUDP&sock=startd_3691_4c27>
...
006 (390894.039.000) 2024-01-18 21:36:19 Image size of job updated: 186740
	183  -  MemoryUsage of job (MB)
	186740  -  ResidentSetSize of job (KB)
...
006 (390894.039.000) 2024-01-18 21:39:24 Image size of job updated: 867792
	183  -  MemoryUsage of job (MB)
	186740  -  ResidentSetSize of job (KB)
...
040 (390894.039.000) 2024-01-18 21:39:24 Started transferring output files
...
040 (390894.039.000) 2024-01-18 21:39:25 Finished transferring output files
...
005 (390894.039.000) 2024-01-18 21:39:25 Job terminated.
	(1) Normal termination (return value 0)
		Usr 0 00:02:53, Sys 0 00:00:11  -  Run Remote Usage
		Usr 0 00:00:00, Sys 0 00:00:00  -  Run Local Usage
		Usr 0 00:02:53, Sys 0 00:00:11  -  Total Remote Usage
		Usr 0 00:00:00, Sys 0 00:00:00  -  Total Local Usage
	33748472  -  Run Bytes Sent By Job
	181194  -  Run Bytes Received By Job
	33748472  -  Total Bytes Sent By Job
	181194  -  Total Bytes Received By Job
	Partitionable Resources :    Usage  Request Allocated 
	   Cpus                 :     0.95        1         1 
	   Disk (KB)            : 33206         200    128928 
	   Memory (MB)          :   183        3900      3968 

	Job terminated of its own accord at 2024-01-18T12:39:24Z.
...
000 (390895.039.000) 2024-01-18 21:48:05 Job submitted from host: <172.30.1.200:9618?addrs=172.30.1.200-9618&alias=tamsa2.snu.ac.kr&noUDP&sock=schedd_3625_06e6>
...
040 (390895.039.000) 2024-01-18 21:48:08 Started transferring input files
	Transferring to host: <172.30.1.215:9618?addrs=172.30.1.215-9618&alias=node15&noUDP&sock=slot1_77_4389_328c_279975>
...
001 (390895.039.000) 2024-01-18 21:48:09 Job executing on host: <172.30.1.215:9618?addrs=172.30.1.215-9618&alias=node15&noUDP&sock=startd_4353_5fd9>
...
040 (390895.039.000) 2024-01-18 21:48:09 Finished transferring input files
...
006 (390895.039.000) 2024-01-18 21:48:17 Image size of job updated: 561376
	74  -  MemoryUsage of job (MB)
	75456  -  ResidentSetSize of job (KB)
...
006 (390895.039.000) 2024-01-18 21:50:05 Image size of job updated: 867328
	180  -  MemoryUsage of job (MB)
	184132  -  ResidentSetSize of job (KB)
...
004 (390895.039.000) 2024-01-18 21:50:05 Job was evicted.
	(0) CPU times
		Usr 0 00:01:32, Sys 0 00:00:07  -  Run Remote Usage
		Usr 0 00:00:00, Sys 0 00:00:00  -  Run Local Usage
	0  -  Run Bytes Sent By Job
	182143  -  Run Bytes Received By Job
	Partitionable Resources :    Usage  Request Allocated 
	   Cpus                 :     0.64        1         1 
	   Disk (KB)            :  6161         200    261111 
	   Memory (MB)          :   180        3900      3968 
...
009 (390895.039.000) 2024-01-18 21:50:06 Job was aborted.
	via condor_rm (by user shin)
...
000 (390896.039.000) 2024-01-18 21:53:08 Job submitted from host: <172.30.1.200:9618?addrs=172.30.1.200-9618&alias=tamsa2.snu.ac.kr&noUDP&sock=schedd_3625_06e6>
...
040 (390896.039.000) 2024-01-18 21:54:29 Started transferring input files
	Transferring to host: <172.30.1.101:9618?addrs=172.30.1.101-9618&alias=n1&noUDP&sock=slot1_57_3437_6d65_44418>
...
001 (390896.039.000) 2024-01-18 21:54:29 Job executing on host: <172.30.1.101:9618?addrs=172.30.1.101-9618&alias=n1&noUDP&sock=startd_3403_c0e0>
...
040 (390896.039.000) 2024-01-18 21:54:29 Finished transferring input files
...
006 (390896.039.000) 2024-01-18 21:54:38 Image size of job updated: 560088
	70  -  MemoryUsage of job (MB)
	71144  -  ResidentSetSize of job (KB)
...
006 (390896.039.000) 2024-01-18 21:59:39 Image size of job updated: 866004
	199  -  MemoryUsage of job (MB)
	202868  -  ResidentSetSize of job (KB)
...
006 (390896.039.000) 2024-01-18 22:02:02 Image size of job updated: 871972
	199  -  MemoryUsage of job (MB)
	202868  -  ResidentSetSize of job (KB)
...
040 (390896.039.000) 2024-01-18 22:02:02 Started transferring output files
...
040 (390896.039.000) 2024-01-18 22:02:04 Finished transferring output files
...
005 (390896.039.000) 2024-01-18 22:02:04 Job terminated.
	(1) Normal termination (return value 0)
		Usr 0 00:06:20, Sys 0 00:00:33  -  Run Remote Usage
		Usr 0 00:00:00, Sys 0 00:00:00  -  Run Local Usage
		Usr 0 00:06:20, Sys 0 00:00:33  -  Total Remote Usage
		Usr 0 00:00:00, Sys 0 00:00:00  -  Total Local Usage
	39345944  -  Run Bytes Sent By Job
	182135  -  Run Bytes Received By Job
	39345944  -  Total Bytes Sent By Job
	182135  -  Total Bytes Received By Job
	Partitionable Resources :    Usage  Request Allocated 
	   Cpus                 :     0.91        1         1 
	   Disk (KB)            : 38674         200    127948 
	   Memory (MB)          :   199        3900      3968 

	Job terminated of its own accord at 2024-01-18T13:02:02Z.
...
000 (390897.039.000) 2024-01-18 22:03:48 Job submitted from host: <172.30.1.200:9618?addrs=172.30.1.200-9618&alias=tamsa2.snu.ac.kr&noUDP&sock=schedd_3625_06e6>
...
040 (390897.039.000) 2024-01-18 22:06:50 Started transferring input files
	Transferring to host: <172.30.1.111:9618?addrs=172.30.1.111-9618&alias=n11&noUDP&sock=slot1_34_4271_0e47_37942>
...
001 (390897.039.000) 2024-01-18 22:06:50 Job executing on host: <172.30.1.111:9618?addrs=172.30.1.111-9618&alias=n11&noUDP&sock=startd_4237_cedc>
...
040 (390897.039.000) 2024-01-18 22:06:50 Finished transferring input files
...
006 (390897.039.000) 2024-01-18 22:06:58 Image size of job updated: 850936
	198  -  MemoryUsage of job (MB)
	202520  -  ResidentSetSize of job (KB)
...
006 (390897.039.000) 2024-01-18 22:09:28 Image size of job updated: 866392
	198  -  MemoryUsage of job (MB)
	202520  -  ResidentSetSize of job (KB)
...
040 (390897.039.000) 2024-01-18 22:09:28 Started transferring output files
...
040 (390897.039.000) 2024-01-18 22:09:29 Finished transferring output files
...
005 (390897.039.000) 2024-01-18 22:09:29 Job terminated.
	(1) Normal termination (return value 0)
		Usr 0 00:02:24, Sys 0 00:00:09  -  Run Remote Usage
		Usr 0 00:00:00, Sys 0 00:00:00  -  Run Local Usage
		Usr 0 00:02:24, Sys 0 00:00:09  -  Total Remote Usage
		Usr 0 00:00:00, Sys 0 00:00:00  -  Total Local Usage
	39163512  -  Run Bytes Sent By Job
	182135  -  Run Bytes Received By Job
	39163512  -  Total Bytes Sent By Job
	182135  -  Total Bytes Received By Job
	Partitionable Resources :    Usage  Request Allocated 
	   Cpus                 :        0        1         1 
	   Disk (KB)            :    38497      200    127752 
	   GPUs                 :                           0 
	   Memory (MB)          :      198     3900      3968 

	Job terminated of its own accord at 2024-01-18T13:09:28Z.
...
000 (390986.039.000) 2024-01-18 22:24:33 Job submitted from host: <172.30.1.200:9618?addrs=172.30.1.200-9618&alias=tamsa2.snu.ac.kr&noUDP&sock=schedd_3625_06e6>
...
040 (390986.039.000) 2024-01-18 22:26:36 Started transferring input files
	Transferring to host: <172.30.1.208:9618?addrs=172.30.1.208-9618&alias=node8&noUDP&sock=slot1_36_3811_f1b4_190843>
...
001 (390986.039.000) 2024-01-18 22:26:36 Job executing on host: <172.30.1.208:9618?addrs=172.30.1.208-9618&alias=node8&noUDP&sock=startd_3777_494c>
...
040 (390986.039.000) 2024-01-18 22:26:36 Finished transferring input files
...
006 (390986.039.000) 2024-01-18 22:26:44 Image size of job updated: 174668
	171  -  MemoryUsage of job (MB)
	174668  -  ResidentSetSize of job (KB)
...
006 (390986.039.000) 2024-01-18 22:31:17 Image size of job updated: 866276
	171  -  MemoryUsage of job (MB)
	174668  -  ResidentSetSize of job (KB)
...
040 (390986.039.000) 2024-01-18 22:31:17 Started transferring output files
...
040 (390986.039.000) 2024-01-18 22:31:18 Finished transferring output files
...
005 (390986.039.000) 2024-01-18 22:31:18 Job terminated.
	(1) Normal termination (return value 0)
		Usr 0 00:03:19, Sys 0 00:00:12  -  Run Remote Usage
		Usr 0 00:00:00, Sys 0 00:00:00  -  Run Local Usage
		Usr 0 00:03:19, Sys 0 00:00:12  -  Total Remote Usage
		Usr 0 00:00:00, Sys 0 00:00:00  -  Total Local Usage
	35512284  -  Run Bytes Sent By Job
	182182  -  Run Bytes Received By Job
	35512284  -  Total Bytes Sent By Job
	182182  -  Total Bytes Received By Job
	Partitionable Resources :    Usage  Request Allocated 
	   Cpus                 :     0.84        1         1 
	   Disk (KB)            : 34930         200    128928 
	   Memory (MB)          :   171        3900      3968 

	Job terminated of its own accord at 2024-01-18T13:31:17Z.
...
000 (391043.039.000) 2024-01-18 23:16:25 Job submitted from host: <172.30.1.200:9618?addrs=172.30.1.200-9618&alias=tamsa2.snu.ac.kr&noUDP&sock=schedd_3625_06e6>
...
040 (391043.039.000) 2024-01-18 23:16:30 Started transferring input files
	Transferring to host: <172.30.1.208:9618?addrs=172.30.1.208-9618&alias=node8&noUDP&sock=slot1_20_3811_f1b4_190860>
...
001 (391043.039.000) 2024-01-18 23:16:31 Job executing on host: <172.30.1.208:9618?addrs=172.30.1.208-9618&alias=node8&noUDP&sock=startd_3777_494c>
...
040 (391043.039.000) 2024-01-18 23:16:31 Finished transferring input files
...
006 (391043.039.000) 2024-01-18 23:16:40 Image size of job updated: 222620
	183  -  MemoryUsage of job (MB)
	186724  -  ResidentSetSize of job (KB)
...
006 (391043.039.000) 2024-01-18 23:18:12 Image size of job updated: 846200
	183  -  MemoryUsage of job (MB)
	186724  -  ResidentSetSize of job (KB)
...
040 (391043.039.000) 2024-01-18 23:18:12 Started transferring output files
...
040 (391043.039.000) 2024-01-18 23:18:22 Finished transferring output files
...
005 (391043.039.000) 2024-01-18 23:18:23 Job terminated.
	(1) Normal termination (return value 0)
		Usr 0 00:01:09, Sys 0 00:00:06  -  Run Remote Usage
		Usr 0 00:00:00, Sys 0 00:00:00  -  Run Local Usage
		Usr 0 00:01:09, Sys 0 00:00:06  -  Total Remote Usage
		Usr 0 00:00:00, Sys 0 00:00:00  -  Total Local Usage
	7464110  -  Run Bytes Sent By Job
	182524  -  Run Bytes Received By Job
	7464110  -  Total Bytes Sent By Job
	182524  -  Total Bytes Received By Job
	Partitionable Resources :    Usage  Request Allocated 
	   Cpus                 :                 1         1 
	   Disk (KB)            :     7534      200    128928 
	   Memory (MB)          :      183     3900      3968 

	Job terminated of its own accord at 2024-01-18T14:18:12Z.
...
000 (391059.039.000) 2024-01-19 10:38:28 Job submitted from host: <172.30.1.200:9618?addrs=172.30.1.200-9618&alias=tamsa2.snu.ac.kr&noUDP&sock=schedd_3625_06e6>
...
040 (391059.039.000) 2024-01-19 10:38:33 Started transferring input files
	Transferring to host: <172.30.1.202:9618?addrs=172.30.1.202-9618&alias=node2&noUDP&sock=slot1_36_3851_20b6_74641>
...
040 (391059.039.000) 2024-01-19 10:38:33 Finished transferring input files
...
001 (391059.039.000) 2024-01-19 10:38:33 Job executing on host: <172.30.1.202:9618?addrs=172.30.1.202-9618&alias=node2&noUDP&sock=startd_3818_68ae>
...
006 (391059.039.000) 2024-01-19 10:38:41 Image size of job updated: 342868
	169  -  MemoryUsage of job (MB)
	172040  -  ResidentSetSize of job (KB)
...
006 (391059.039.000) 2024-01-19 10:42:13 Image size of job updated: 865960
	169  -  MemoryUsage of job (MB)
	172048  -  ResidentSetSize of job (KB)
...
040 (391059.039.000) 2024-01-19 10:42:13 Started transferring output files
...
040 (391059.039.000) 2024-01-19 10:42:17 Finished transferring output files
...
005 (391059.039.000) 2024-01-19 10:42:17 Job terminated.
	(1) Normal termination (return value 0)
		Usr 0 00:03:11, Sys 0 00:00:13  -  Run Remote Usage
		Usr 0 00:00:00, Sys 0 00:00:00  -  Run Local Usage
		Usr 0 00:03:11, Sys 0 00:00:13  -  Total Remote Usage
		Usr 0 00:00:00, Sys 0 00:00:00  -  Total Local Usage
	33827896  -  Run Bytes Sent By Job
	182504  -  Run Bytes Received By Job
	33827896  -  Total Bytes Sent By Job
	182504  -  Total Bytes Received By Job
	Partitionable Resources :    Usage  Request Allocated 
	   Cpus                 :     0.83        1         1 
	   Disk (KB)            : 33286         200    128928 
	   Memory (MB)          :   169        3900      3968 

	Job terminated of its own accord at 2024-01-19T01:42:13Z.
...
000 (391060.039.000) 2024-01-19 10:57:47 Job submitted from host: <172.30.1.200:9618?addrs=172.30.1.200-9618&alias=tamsa2.snu.ac.kr&noUDP&sock=schedd_3625_06e6>
...
040 (391060.039.000) 2024-01-19 10:57:51 Started transferring input files
	Transferring to host: <172.30.1.205:9618?addrs=172.30.1.205-9618&alias=node5&noUDP&sock=slot1_38_3857_5af6_241123>
...
040 (391060.039.000) 2024-01-19 10:57:51 Finished transferring input files
...
001 (391060.039.000) 2024-01-19 10:57:51 Job executing on host: <172.30.1.205:9618?addrs=172.30.1.205-9618&alias=node5&noUDP&sock=startd_3821_7776>
...
006 (391060.039.000) 2024-01-19 10:58:00 Image size of job updated: 230108
	79  -  MemoryUsage of job (MB)
	79944  -  ResidentSetSize of job (KB)
...
006 (391060.039.000) 2024-01-19 11:02:05 Image size of job updated: 866168
	79  -  MemoryUsage of job (MB)
	79948  -  ResidentSetSize of job (KB)
...
040 (391060.039.000) 2024-01-19 11:02:05 Started transferring output files
...
040 (391060.039.000) 2024-01-19 11:02:15 Finished transferring output files
...
005 (391060.039.000) 2024-01-19 11:02:15 Job terminated.
	(1) Normal termination (return value 0)
		Usr 0 00:03:22, Sys 0 00:00:12  -  Run Remote Usage
		Usr 0 00:00:00, Sys 0 00:00:00  -  Run Local Usage
		Usr 0 00:03:22, Sys 0 00:00:12  -  Total Remote Usage
		Usr 0 00:00:00, Sys 0 00:00:00  -  Total Local Usage
	34866980  -  Run Bytes Sent By Job
	182520  -  Run Bytes Received By Job
	34866980  -  Total Bytes Sent By Job
	182520  -  Total Bytes Received By Job
	Partitionable Resources :    Usage  Request Allocated 
	   Cpus                 :     0.28        1         1 
	   Disk (KB)            : 34300         200    128928 
	   Memory (MB)          :    79        3900      3968 

	Job terminated of its own accord at 2024-01-19T02:02:05Z.
...
000 (391113.039.000) 2024-01-19 11:50:58 Job submitted from host: <172.30.1.200:9618?addrs=172.30.1.200-9618&alias=tamsa2.snu.ac.kr&noUDP&sock=schedd_3625_06e6>
...
040 (391113.039.000) 2024-01-19 11:51:01 Started transferring input files
	Transferring to host: <172.30.1.210:9618?addrs=172.30.1.210-9618&alias=node10&noUDP&sock=slot1_41_3822_b1d4_184594>
...
040 (391113.039.000) 2024-01-19 11:51:01 Finished transferring input files
...
001 (391113.039.000) 2024-01-19 11:51:01 Job executing on host: <172.30.1.210:9618?addrs=172.30.1.210-9618&alias=node10&noUDP&sock=startd_3788_d4d6>
...
006 (391113.039.000) 2024-01-19 11:51:10 Image size of job updated: 347104
	171  -  MemoryUsage of job (MB)
	174672  -  ResidentSetSize of job (KB)
...
006 (391113.039.000) 2024-01-19 11:52:37 Image size of job updated: 835956
	171  -  MemoryUsage of job (MB)
	174672  -  ResidentSetSize of job (KB)
...
040 (391113.039.000) 2024-01-19 11:52:37 Started transferring output files
...
040 (391113.039.000) 2024-01-19 11:52:42 Finished transferring output files
...
005 (391113.039.000) 2024-01-19 11:52:42 Job terminated.
	(1) Normal termination (return value 0)
		Usr 0 00:01:08, Sys 0 00:00:07  -  Run Remote Usage
		Usr 0 00:00:00, Sys 0 00:00:00  -  Run Local Usage
		Usr 0 00:01:08, Sys 0 00:00:07  -  Total Remote Usage
		Usr 0 00:00:00, Sys 0 00:00:00  -  Total Local Usage
	7464079  -  Run Bytes Sent By Job
	183986  -  Run Bytes Received By Job
	7464079  -  Total Bytes Sent By Job
	183986  -  Total Bytes Received By Job
	Partitionable Resources :    Usage  Request Allocated 
	   Cpus                 :     0.32        1         1 
	   Disk (KB)            :  7542         200    128928 
	   Memory (MB)          :   171        3900      3968 

	Job terminated of its own accord at 2024-01-19T02:52:37Z.
...
000 (391114.039.000) 2024-01-19 11:56:30 Job submitted from host: <172.30.1.200:9618?addrs=172.30.1.200-9618&alias=tamsa2.snu.ac.kr&noUDP&sock=schedd_3625_06e6>
...
040 (391114.039.000) 2024-01-19 11:56:34 Started transferring input files
	Transferring to host: <172.30.1.210:9618?addrs=172.30.1.210-9618&alias=node10&noUDP&sock=slot1_44_3822_b1d4_184599>
...
040 (391114.039.000) 2024-01-19 11:56:34 Finished transferring input files
...
001 (391114.039.000) 2024-01-19 11:56:34 Job executing on host: <172.30.1.210:9618?addrs=172.30.1.210-9618&alias=node10&noUDP&sock=startd_3788_d4d6>
...
006 (391114.039.000) 2024-01-19 11:56:43 Image size of job updated: 186744
	183  -  MemoryUsage of job (MB)
	186744  -  ResidentSetSize of job (KB)
...
006 (391114.039.000) 2024-01-19 11:58:08 Image size of job updated: 843956
	183  -  MemoryUsage of job (MB)
	186744  -  ResidentSetSize of job (KB)
...
040 (391114.039.000) 2024-01-19 11:58:08 Started transferring output files
...
040 (391114.039.000) 2024-01-19 11:58:13 Finished transferring output files
...
005 (391114.039.000) 2024-01-19 11:58:13 Job terminated.
	(1) Normal termination (return value 0)
		Usr 0 00:01:10, Sys 0 00:00:07  -  Run Remote Usage
		Usr 0 00:00:00, Sys 0 00:00:00  -  Run Local Usage
		Usr 0 00:01:10, Sys 0 00:00:07  -  Total Remote Usage
		Usr 0 00:00:00, Sys 0 00:00:00  -  Total Local Usage
	7464183  -  Run Bytes Sent By Job
	183986  -  Run Bytes Received By Job
	7464183  -  Total Bytes Sent By Job
	183986  -  Total Bytes Received By Job
	Partitionable Resources :    Usage  Request Allocated 
	   Cpus                 :                 1         1 
	   Disk (KB)            :     7536      200    128928 
	   Memory (MB)          :      183     3900      3968 

	Job terminated of its own accord at 2024-01-19T02:58:08Z.
...
000 (391115.039.000) 2024-01-19 12:05:54 Job submitted from host: <172.30.1.200:9618?addrs=172.30.1.200-9618&alias=tamsa2.snu.ac.kr&noUDP&sock=schedd_3625_06e6>
...
040 (391115.039.000) 2024-01-19 12:05:58 Started transferring input files
	Transferring to host: <172.30.1.210:9618?addrs=172.30.1.210-9618&alias=node10&noUDP&sock=slot1_46_3822_b1d4_184606>
...
040 (391115.039.000) 2024-01-19 12:05:58 Finished transferring input files
...
001 (391115.039.000) 2024-01-19 12:05:58 Job executing on host: <172.30.1.210:9618?addrs=172.30.1.210-9618&alias=node10&noUDP&sock=startd_3788_d4d6>
...
006 (391115.039.000) 2024-01-19 12:06:07 Image size of job updated: 186740
	183  -  MemoryUsage of job (MB)
	186740  -  ResidentSetSize of job (KB)
...
006 (391115.039.000) 2024-01-19 12:07:44 Image size of job updated: 846172
	183  -  MemoryUsage of job (MB)
	186740  -  ResidentSetSize of job (KB)
...
040 (391115.039.000) 2024-01-19 12:07:44 Started transferring output files
...
040 (391115.039.000) 2024-01-19 12:07:44 Finished transferring output files
...
005 (391115.039.000) 2024-01-19 12:07:44 Job terminated.
	(1) Normal termination (return value 0)
		Usr 0 00:01:14, Sys 0 00:00:07  -  Run Remote Usage
		Usr 0 00:00:00, Sys 0 00:00:00  -  Run Local Usage
		Usr 0 00:01:14, Sys 0 00:00:07  -  Total Remote Usage
		Usr 0 00:00:00, Sys 0 00:00:00  -  Total Local Usage
	7464183  -  Run Bytes Sent By Job
	184022  -  Run Bytes Received By Job
	7464183  -  Total Bytes Sent By Job
	184022  -  Total Bytes Received By Job
	Partitionable Resources :    Usage  Request Allocated 
	   Cpus                 :     0.11        1         1 
	   Disk (KB)            :  7542         200    128928 
	   Memory (MB)          :   183        3900      3968 

	Job terminated of its own accord at 2024-01-19T03:07:44Z.
...
000 (391116.039.000) 2024-01-19 12:09:38 Job submitted from host: <172.30.1.200:9618?addrs=172.30.1.200-9618&alias=tamsa2.snu.ac.kr&noUDP&sock=schedd_3625_06e6>
...
040 (391116.039.000) 2024-01-19 12:09:42 Started transferring input files
	Transferring to host: <172.30.1.210:9618?addrs=172.30.1.210-9618&alias=node10&noUDP&sock=slot1_46_3822_b1d4_184611>
...
040 (391116.039.000) 2024-01-19 12:09:42 Finished transferring input files
...
001 (391116.039.000) 2024-01-19 12:09:42 Job executing on host: <172.30.1.210:9618?addrs=172.30.1.210-9618&alias=node10&noUDP&sock=startd_3788_d4d6>
...
006 (391116.039.000) 2024-01-19 12:09:50 Image size of job updated: 186736
	183  -  MemoryUsage of job (MB)
	186736  -  ResidentSetSize of job (KB)
...
006 (391116.039.000) 2024-01-19 12:11:35 Image size of job updated: 846204
	183  -  MemoryUsage of job (MB)
	186736  -  ResidentSetSize of job (KB)
...
040 (391116.039.000) 2024-01-19 12:11:35 Started transferring output files
...
040 (391116.039.000) 2024-01-19 12:11:36 Finished transferring output files
...
005 (391116.039.000) 2024-01-19 12:11:36 Job terminated.
	(1) Normal termination (return value 0)
		Usr 0 00:01:16, Sys 0 00:00:07  -  Run Remote Usage
		Usr 0 00:00:00, Sys 0 00:00:00  -  Run Local Usage
		Usr 0 00:01:16, Sys 0 00:00:07  -  Total Remote Usage
		Usr 0 00:00:00, Sys 0 00:00:00  -  Total Local Usage
	7464207  -  Run Bytes Sent By Job
	184022  -  Run Bytes Received By Job
	7464207  -  Total Bytes Sent By Job
	184022  -  Total Bytes Received By Job
	Partitionable Resources :    Usage  Request Allocated 
	   Cpus                 :     0.62        1         1 
	   Disk (KB)            :  7542         200    128928 
	   Memory (MB)          :   183        3900      3968 

	Job terminated of its own accord at 2024-01-19T03:11:35Z.
...
000 (391117.039.000) 2024-01-19 12:15:27 Job submitted from host: <172.30.1.200:9618?addrs=172.30.1.200-9618&alias=tamsa2.snu.ac.kr&noUDP&sock=schedd_3625_06e6>
...
040 (391117.039.000) 2024-01-19 12:15:34 Started transferring input files
	Transferring to host: <172.30.1.209:9618?addrs=172.30.1.209-9618&alias=node9&noUDP&sock=slot1_43_3782_82d3_179345>
...
040 (391117.039.000) 2024-01-19 12:15:34 Finished transferring input files
...
001 (391117.039.000) 2024-01-19 12:15:34 Job executing on host: <172.30.1.209:9618?addrs=172.30.1.209-9618&alias=node9&noUDP&sock=startd_3748_650d>
...
006 (391117.039.000) 2024-01-19 12:15:43 Image size of job updated: 561384
	138  -  MemoryUsage of job (MB)
	140860  -  ResidentSetSize of job (KB)
...
006 (391117.039.000) 2024-01-19 12:20:03 Image size of job updated: 865972
	138  -  MemoryUsage of job (MB)
	140860  -  ResidentSetSize of job (KB)
...
040 (391117.039.000) 2024-01-19 12:20:04 Started transferring output files
...
040 (391117.039.000) 2024-01-19 12:20:05 Finished transferring output files
...
005 (391117.039.000) 2024-01-19 12:20:05 Job terminated.
	(1) Normal termination (return value 0)
		Usr 0 00:03:30, Sys 0 00:00:15  -  Run Remote Usage
		Usr 0 00:00:00, Sys 0 00:00:00  -  Run Local Usage
		Usr 0 00:03:30, Sys 0 00:00:15  -  Total Remote Usage
		Usr 0 00:00:00, Sys 0 00:00:00  -  Total Local Usage
	33997736  -  Run Bytes Sent By Job
	184028  -  Run Bytes Received By Job
	33997736  -  Total Bytes Sent By Job
	184028  -  Total Bytes Received By Job
	Partitionable Resources :    Usage  Request Allocated 
	   Cpus                 :     0.14        1         1 
	   Disk (KB)            : 33454         200    128928 
	   Memory (MB)          :   138        3900      3968 

	Job terminated of its own accord at 2024-01-19T03:20:03Z.
...
000 (391118.039.000) 2024-01-19 12:41:45 Job submitted from host: <172.30.1.200:9618?addrs=172.30.1.200-9618&alias=tamsa2.snu.ac.kr&noUDP&sock=schedd_3625_06e6>
...
040 (391118.039.000) 2024-01-19 12:41:53 Started transferring input files
	Transferring to host: <172.30.1.209:9618?addrs=172.30.1.209-9618&alias=node9&noUDP&sock=slot1_48_3782_82d3_179352>
...
040 (391118.039.000) 2024-01-19 12:41:53 Finished transferring input files
...
001 (391118.039.000) 2024-01-19 12:41:53 Job executing on host: <172.30.1.209:9618?addrs=172.30.1.209-9618&alias=node9&noUDP&sock=startd_3748_650d>
...
006 (391118.039.000) 2024-01-19 12:42:02 Image size of job updated: 186744
	183  -  MemoryUsage of job (MB)
	186744  -  ResidentSetSize of job (KB)
...
006 (391118.039.000) 2024-01-19 12:43:50 Image size of job updated: 843368
	183  -  MemoryUsage of job (MB)
	186744  -  ResidentSetSize of job (KB)
...
040 (391118.039.000) 2024-01-19 12:43:50 Started transferring output files
...
040 (391118.039.000) 2024-01-19 12:43:50 Finished transferring output files
...
005 (391118.039.000) 2024-01-19 12:43:50 Job terminated.
	(1) Normal termination (return value 0)
		Usr 0 00:01:12, Sys 0 00:00:07  -  Run Remote Usage
		Usr 0 00:00:00, Sys 0 00:00:00  -  Run Local Usage
		Usr 0 00:01:12, Sys 0 00:00:07  -  Total Remote Usage
		Usr 0 00:00:00, Sys 0 00:00:00  -  Total Local Usage
	7464143  -  Run Bytes Sent By Job
	183796  -  Run Bytes Received By Job
	7464143  -  Total Bytes Sent By Job
	183796  -  Total Bytes Received By Job
	Partitionable Resources :    Usage  Request Allocated 
	   Cpus                 :                 1         1 
	   Disk (KB)            :     7536      200    128928 
	   Memory (MB)          :      183     3900      3968 

	Job terminated of its own accord at 2024-01-19T03:43:50Z.
...
000 (391119.039.000) 2024-01-19 12:47:04 Job submitted from host: <172.30.1.200:9618?addrs=172.30.1.200-9618&alias=tamsa2.snu.ac.kr&noUDP&sock=schedd_3625_06e6>
...
040 (391119.039.000) 2024-01-19 12:47:15 Started transferring input files
	Transferring to host: <172.30.1.203:9618?addrs=172.30.1.203-9618&alias=node3&noUDP&sock=slot1_47_24221_a2b2_51955>
...
040 (391119.039.000) 2024-01-19 12:47:15 Finished transferring input files
...
001 (391119.039.000) 2024-01-19 12:47:15 Job executing on host: <172.30.1.203:9618?addrs=172.30.1.203-9618&alias=node3&noUDP&sock=startd_24188_88db>
...
006 (391119.039.000) 2024-01-19 12:47:24 Image size of job updated: 209740
	164  -  MemoryUsage of job (MB)
	166916  -  ResidentSetSize of job (KB)
...
006 (391119.039.000) 2024-01-19 12:52:15 Image size of job updated: 868216
	164  -  MemoryUsage of job (MB)
	166916  -  ResidentSetSize of job (KB)
...
040 (391119.039.000) 2024-01-19 12:52:15 Started transferring output files
...
040 (391119.039.000) 2024-01-19 12:52:17 Finished transferring output files
...
005 (391119.039.000) 2024-01-19 12:52:18 Job terminated.
	(1) Normal termination (return value 0)
		Usr 0 00:03:37, Sys 0 00:00:15  -  Run Remote Usage
		Usr 0 00:00:00, Sys 0 00:00:00  -  Run Local Usage
		Usr 0 00:03:37, Sys 0 00:00:15  -  Total Remote Usage
		Usr 0 00:00:00, Sys 0 00:00:00  -  Total Local Usage
	33590428  -  Run Bytes Sent By Job
	183796  -  Run Bytes Received By Job
	33590428  -  Total Bytes Sent By Job
	183796  -  Total Bytes Received By Job
	Partitionable Resources :    Usage  Request Allocated 
	   Cpus                 :     0.97        1         1 
	   Disk (KB)            : 33056         200    128924 
	   Memory (MB)          :   164        3900      3968 

	Job terminated of its own accord at 2024-01-19T03:52:15Z.
...
000 (391120.039.000) 2024-01-19 13:02:28 Job submitted from host: <172.30.1.200:9618?addrs=172.30.1.200-9618&alias=tamsa2.snu.ac.kr&noUDP&sock=schedd_3625_06e6>
...
040 (391120.039.000) 2024-01-19 13:02:39 Started transferring input files
	Transferring to host: <172.30.1.201:9618?addrs=172.30.1.201-9618&alias=node1&noUDP&sock=slot1_42_12171_5208_13825>
...
040 (391120.039.000) 2024-01-19 13:02:39 Finished transferring input files
...
001 (391120.039.000) 2024-01-19 13:02:39 Job executing on host: <172.30.1.201:9618?addrs=172.30.1.201-9618&alias=node1&noUDP&sock=startd_12138_3ca4>
...
006 (391120.039.000) 2024-01-19 13:02:47 Image size of job updated: 143704
	75  -  MemoryUsage of job (MB)
	76016  -  ResidentSetSize of job (KB)
...
006 (391120.039.000) 2024-01-19 13:07:01 Image size of job updated: 866328
	75  -  MemoryUsage of job (MB)
	76056  -  ResidentSetSize of job (KB)
...
040 (391120.039.000) 2024-01-19 13:07:02 Started transferring output files
...
040 (391120.039.000) 2024-01-19 13:07:18 Finished transferring output files
...
005 (391120.039.000) 2024-01-19 13:07:20 Job terminated.
	(1) Normal termination (return value 0)
		Usr 0 00:03:32, Sys 0 00:00:13  -  Run Remote Usage
		Usr 0 00:00:00, Sys 0 00:00:00  -  Run Local Usage
		Usr 0 00:03:32, Sys 0 00:00:13  -  Total Remote Usage
		Usr 0 00:00:00, Sys 0 00:00:00  -  Total Local Usage
	33563992  -  Run Bytes Sent By Job
	183796  -  Run Bytes Received By Job
	33563992  -  Total Bytes Sent By Job
	183796  -  Total Bytes Received By Job
	Partitionable Resources :    Usage  Request Allocated 
	   Cpus                 :     0.56        1         1 
	   Disk (KB)            : 33030         200    128990 
	   Memory (MB)          :    75        3900      3968 

	Job terminated of its own accord at 2024-01-19T04:07:01Z.
...
000 (391131.039.000) 2024-01-19 14:22:46 Job submitted from host: <172.30.1.200:9618?addrs=172.30.1.200-9618&alias=tamsa2.snu.ac.kr&noUDP&sock=schedd_3625_06e6>
...
040 (391131.039.000) 2024-01-19 14:22:53 Started transferring input files
	Transferring to host: <172.30.1.103:9618?addrs=172.30.1.103-9618&alias=n3&noUDP&sock=slot1_9_3441_3ee5_36094>
...
040 (391131.039.000) 2024-01-19 14:22:53 Finished transferring input files
...
001 (391131.039.000) 2024-01-19 14:22:53 Job executing on host: <172.30.1.103:9618?addrs=172.30.1.103-9618&alias=n3&noUDP&sock=startd_3407_7f41>
...
006 (391131.039.000) 2024-01-19 14:23:01 Image size of job updated: 80152
	68  -  MemoryUsage of job (MB)
	69440  -  ResidentSetSize of job (KB)
...
006 (391131.039.000) 2024-01-19 14:28:01 Image size of job updated: 980748
	328  -  MemoryUsage of job (MB)
	335844  -  ResidentSetSize of job (KB)
...
006 (391131.039.000) 2024-01-19 14:28:10 Image size of job updated: 990544
	328  -  MemoryUsage of job (MB)
	335864  -  ResidentSetSize of job (KB)
...
004 (391131.039.000) 2024-01-19 14:28:10 Job was evicted.
	(0) CPU times
		Usr 0 00:04:52, Sys 0 00:00:16  -  Run Remote Usage
		Usr 0 00:00:00, Sys 0 00:00:00  -  Run Local Usage
	0  -  Run Bytes Sent By Job
	183798  -  Run Bytes Received By Job
	Partitionable Resources :    Usage  Request Allocated 
	   Cpus                 :     1.00        1         1 
	   Disk (KB)            :  1450         200     61880 
	   Memory (MB)          :   328        3900      3968 
...
009 (391131.039.000) 2024-01-19 14:28:10 Job was aborted.
	via condor_rm (by user shin)
...
000 (391132.039.000) 2024-01-19 14:30:22 Job submitted from host: <172.30.1.200:9618?addrs=172.30.1.200-9618&alias=tamsa2.snu.ac.kr&noUDP&sock=schedd_3625_06e6>
...
040 (391132.039.000) 2024-01-19 14:30:27 Started transferring input files
	Transferring to host: <172.30.1.104:9618?addrs=172.30.1.104-9618&alias=n4&noUDP&sock=slot1_9_21200_1157_31959>
...
040 (391132.039.000) 2024-01-19 14:30:27 Finished transferring input files
...
001 (391132.039.000) 2024-01-19 14:30:27 Job executing on host: <172.30.1.104:9618?addrs=172.30.1.104-9618&alias=n4&noUDP&sock=startd_21167_613f>
...
006 (391132.039.000) 2024-01-19 14:30:35 Image size of job updated: 139344
	15  -  MemoryUsage of job (MB)
	14808  -  ResidentSetSize of job (KB)
...
006 (391132.039.000) 2024-01-19 14:35:35 Image size of job updated: 875928
	182  -  MemoryUsage of job (MB)
	185476  -  ResidentSetSize of job (KB)
...
000 (391137.039.000) 2024-01-19 14:35:50 Job submitted from host: <172.30.1.200:9618?addrs=172.30.1.200-9618&alias=tamsa2.snu.ac.kr&noUDP&sock=schedd_3625_06e6>
...
040 (391137.039.000) 2024-01-19 14:35:52 Started transferring input files
	Transferring to host: <172.30.1.108:9618?addrs=172.30.1.108-9618&alias=n8&noUDP&sock=slot1_4_4128_4ca1_81400>
...
001 (391137.039.000) 2024-01-19 14:35:52 Job executing on host: <172.30.1.108:9618?addrs=172.30.1.108-9618&alias=n8&noUDP&sock=startd_4094_b8d1>
...
040 (391137.039.000) 2024-01-19 14:35:52 Finished transferring input files
...
006 (391137.039.000) 2024-01-19 14:36:00 Image size of job updated: 18852
	15  -  MemoryUsage of job (MB)
	14824  -  ResidentSetSize of job (KB)
...
006 (391137.039.000) 2024-01-19 14:36:00 Image size of job updated: 222648
	15  -  MemoryUsage of job (MB)
	14824  -  ResidentSetSize of job (KB)
...
004 (391137.039.000) 2024-01-19 14:36:00 Job was evicted.
	(0) CPU times
		Usr 0 00:00:00, Sys 0 00:00:00  -  Run Remote Usage
		Usr 0 00:00:00, Sys 0 00:00:00  -  Run Local Usage
	0  -  Run Bytes Sent By Job
	183614  -  Run Bytes Received By Job
	Partitionable Resources :    Usage  Request Allocated 
	   Cpus                 :        0        1         1 
	   Disk (KB)            :      235      200    127849 
	   Memory (MB)          :       15     3900      3968 
...
009 (391137.039.000) 2024-01-19 14:36:00 Job was aborted.
	via condor_rm (by user shin)
...
004 (391132.039.000) 2024-01-19 14:36:00 Job was evicted.
	(0) CPU times
		Usr 0 00:04:55, Sys 0 00:00:22  -  Run Remote Usage
		Usr 0 00:00:00, Sys 0 00:00:00  -  Run Local Usage
	0  -  Run Bytes Sent By Job
	183608  -  Run Bytes Received By Job
	Partitionable Resources :    Usage  Request Allocated 
	   Cpus                 :     1.00        1         1 
	   Disk (KB)            : 13318         200     54661 
	   Memory (MB)          :   182        3900      3968 
...
009 (391132.039.000) 2024-01-19 14:36:00 Job was aborted.
	via condor_rm (by user shin)
...
000 (391138.039.000) 2024-01-19 14:36:02 Job submitted from host: <172.30.1.200:9618?addrs=172.30.1.200-9618&alias=tamsa2.snu.ac.kr&noUDP&sock=schedd_3625_06e6>
...
040 (391138.039.000) 2024-01-19 14:36:15 Started transferring input files
	Transferring to host: <172.30.1.104:9618?addrs=172.30.1.104-9618&alias=n4&noUDP&sock=slot1_7_21200_1157_31970>
...
040 (391138.039.000) 2024-01-19 14:36:15 Finished transferring input files
...
001 (391138.039.000) 2024-01-19 14:36:15 Job executing on host: <172.30.1.104:9618?addrs=172.30.1.104-9618&alias=n4&noUDP&sock=startd_21167_613f>
...
006 (391138.039.000) 2024-01-19 14:36:24 Image size of job updated: 166656
	163  -  MemoryUsage of job (MB)
	166656  -  ResidentSetSize of job (KB)
...
006 (391138.039.000) 2024-01-19 14:41:25 Image size of job updated: 871736
	200  -  MemoryUsage of job (MB)
	203948  -  ResidentSetSize of job (KB)
...
006 (391138.039.000) 2024-01-19 14:42:45 Image size of job updated: 880908
	200  -  MemoryUsage of job (MB)
	203948  -  ResidentSetSize of job (KB)
...
040 (391138.039.000) 2024-01-19 14:42:45 Started transferring output files
...
040 (391138.039.000) 2024-01-19 14:42:47 Finished transferring output files
...
005 (391138.039.000) 2024-01-19 14:42:47 Job terminated.
	(1) Normal termination (return value 0)
		Usr 0 00:05:53, Sys 0 00:00:28  -  Run Remote Usage
		Usr 0 00:00:00, Sys 0 00:00:00  -  Run Local Usage
		Usr 0 00:05:53, Sys 0 00:00:28  -  Total Remote Usage
		Usr 0 00:00:00, Sys 0 00:00:00  -  Total Local Usage
	33366318  -  Run Bytes Sent By Job
	183614  -  Run Bytes Received By Job
	33366318  -  Total Bytes Sent By Job
	183614  -  Total Bytes Received By Job
	Partitionable Resources :    Usage  Request Allocated 
	   Cpus                 :     0.78        1         1 
	   Disk (KB)            : 32836         200     54661 
	   Memory (MB)          :   200        3900      3968 

	Job terminated of its own accord at 2024-01-19T05:42:45Z.
...
000 (391139.039.000) 2024-01-19 14:48:50 Job submitted from host: <172.30.1.200:9618?addrs=172.30.1.200-9618&alias=tamsa2.snu.ac.kr&noUDP&sock=schedd_3625_06e6>
...
040 (391139.039.000) 2024-01-19 14:48:54 Started transferring input files
	Transferring to host: <172.30.1.104:9618?addrs=172.30.1.104-9618&alias=n4&noUDP&sock=slot1_6_21200_1157_31978>
...
040 (391139.039.000) 2024-01-19 14:48:54 Finished transferring input files
...
001 (391139.039.000) 2024-01-19 14:48:54 Job executing on host: <172.30.1.104:9618?addrs=172.30.1.104-9618&alias=n4&noUDP&sock=startd_21167_613f>
...
006 (391139.039.000) 2024-01-19 14:49:02 Image size of job updated: 139088
	82  -  MemoryUsage of job (MB)
	83052  -  ResidentSetSize of job (KB)
...
006 (391139.039.000) 2024-01-19 14:52:18 Image size of job updated: 876152
	82  -  MemoryUsage of job (MB)
	83060  -  ResidentSetSize of job (KB)
...
004 (391139.039.000) 2024-01-19 14:52:18 Job was evicted.
	(0) CPU times
		Usr 0 00:03:00, Sys 0 00:00:14  -  Run Remote Usage
		Usr 0 00:00:00, Sys 0 00:00:00  -  Run Local Usage
	0  -  Run Bytes Sent By Job
	183618  -  Run Bytes Received By Job
	Partitionable Resources :    Usage  Request Allocated 
	   Cpus                 :     1.00        1         1 
	   Disk (KB)            :  8370         200     54661 
	   Memory (MB)          :    82        3900      3968 
...
009 (391139.039.000) 2024-01-19 14:52:18 Job was aborted.
	via condor_rm (by user shin)
...
000 (391140.039.000) 2024-01-19 14:52:19 Job submitted from host: <172.30.1.200:9618?addrs=172.30.1.200-9618&alias=tamsa2.snu.ac.kr&noUDP&sock=schedd_3625_06e6>
...
040 (391140.039.000) 2024-01-19 14:52:23 Started transferring input files
	Transferring to host: <172.30.1.104:9618?addrs=172.30.1.104-9618&alias=n4&noUDP&sock=slot1_6_21200_1157_31985>
...
001 (391140.039.000) 2024-01-19 14:52:23 Job executing on host: <172.30.1.104:9618?addrs=172.30.1.104-9618&alias=n4&noUDP&sock=startd_21167_613f>
...
040 (391140.039.000) 2024-01-19 14:52:23 Finished transferring input files
...
006 (391140.039.000) 2024-01-19 14:52:32 Image size of job updated: 186712
	183  -  MemoryUsage of job (MB)
	186708  -  ResidentSetSize of job (KB)
...
006 (391140.039.000) 2024-01-19 14:57:33 Image size of job updated: 873444
	183  -  MemoryUsage of job (MB)
	186708  -  ResidentSetSize of job (KB)
...
006 (391140.039.000) 2024-01-19 14:58:18 Image size of job updated: 880308
	183  -  MemoryUsage of job (MB)
	186708  -  ResidentSetSize of job (KB)
...
040 (391140.039.000) 2024-01-19 14:58:18 Started transferring output files
...
040 (391140.039.000) 2024-01-19 14:58:20 Finished transferring output files
...
005 (391140.039.000) 2024-01-19 14:58:21 Job terminated.
	(1) Normal termination (return value 0)
		Usr 0 00:05:26, Sys 0 00:00:21  -  Run Remote Usage
		Usr 0 00:00:00, Sys 0 00:00:00  -  Run Local Usage
		Usr 0 00:05:26, Sys 0 00:00:21  -  Total Remote Usage
		Usr 0 00:00:00, Sys 0 00:00:00  -  Total Local Usage
	33307438  -  Run Bytes Sent By Job
	183636  -  Run Bytes Received By Job
	33307438  -  Total Bytes Sent By Job
	183636  -  Total Bytes Received By Job
	Partitionable Resources :    Usage  Request Allocated 
	   Cpus                 :     1.00        1         1 
	   Disk (KB)            : 32779         200     54661 
	   Memory (MB)          :   183        3900      3968 

	Job terminated of its own accord at 2024-01-19T05:58:18Z.
...
000 (391145.039.000) 2024-01-19 15:59:26 Job submitted from host: <172.30.1.200:9618?addrs=172.30.1.200-9618&alias=tamsa2.snu.ac.kr&noUDP&sock=schedd_3625_06e6>
...
040 (391145.039.000) 2024-01-19 15:59:30 Started transferring input files
	Transferring to host: <172.30.1.103:9618?addrs=172.30.1.103-9618&alias=n3&noUDP&sock=slot1_8_3441_3ee5_36112>
...
040 (391145.039.000) 2024-01-19 15:59:30 Finished transferring input files
...
001 (391145.039.000) 2024-01-19 15:59:30 Job executing on host: <172.30.1.103:9618?addrs=172.30.1.103-9618&alias=n3&noUDP&sock=startd_3407_7f41>
...
006 (391145.039.000) 2024-01-19 15:59:39 Image size of job updated: 16624
	15  -  MemoryUsage of job (MB)
	14832  -  ResidentSetSize of job (KB)
...
006 (391145.039.000) 2024-01-19 16:04:40 Image size of job updated: 873088
	216  -  MemoryUsage of job (MB)
	220972  -  ResidentSetSize of job (KB)
...
006 (391145.039.000) 2024-01-19 16:05:26 Image size of job updated: 879992
	216  -  MemoryUsage of job (MB)
	220972  -  ResidentSetSize of job (KB)
...
040 (391145.039.000) 2024-01-19 16:05:27 Started transferring output files
...
040 (391145.039.000) 2024-01-19 16:05:27 Finished transferring output files
...
005 (391145.039.000) 2024-01-19 16:05:27 Job terminated.
	(1) Normal termination (return value 0)
		Usr 0 00:05:13, Sys 0 00:00:17  -  Run Remote Usage
		Usr 0 00:00:00, Sys 0 00:00:00  -  Run Local Usage
		Usr 0 00:05:13, Sys 0 00:00:17  -  Total Remote Usage
		Usr 0 00:00:00, Sys 0 00:00:00  -  Total Local Usage
	32243492  -  Run Bytes Sent By Job
	184262  -  Run Bytes Received By Job
	32243492  -  Total Bytes Sent By Job
	184262  -  Total Bytes Received By Job
	Partitionable Resources :    Usage  Request Allocated 
	   Cpus                 :     0.88        1         1 
	   Disk (KB)            : 31741         200     61880 
	   Memory (MB)          :   216        3900      3968 

	Job terminated of its own accord at 2024-01-19T07:05:26Z.
...
000 (391151.039.000) 2024-01-19 16:45:38 Job submitted from host: <172.30.1.200:9618?addrs=172.30.1.200-9618&alias=tamsa2.snu.ac.kr&noUDP&sock=schedd_3625_06e6>
...
040 (391151.039.000) 2024-01-19 16:45:46 Started transferring input files
	Transferring to host: <172.30.1.104:9618?addrs=172.30.1.104-9618&alias=n4&noUDP&sock=slot1_2_21200_1157_32001>
...
001 (391151.039.000) 2024-01-19 16:45:46 Job executing on host: <172.30.1.104:9618?addrs=172.30.1.104-9618&alias=n4&noUDP&sock=startd_21167_613f>
...
040 (391151.039.000) 2024-01-19 16:45:46 Finished transferring input files
...
006 (391151.039.000) 2024-01-19 16:45:55 Image size of job updated: 510600
	82  -  MemoryUsage of job (MB)
	83612  -  ResidentSetSize of job (KB)
...
000 (391152.039.000) 2024-01-19 16:46:33 Job submitted from host: <172.30.1.200:9618?addrs=172.30.1.200-9618&alias=tamsa2.snu.ac.kr&noUDP&sock=schedd_3625_06e6>
...
040 (391152.039.000) 2024-01-19 16:46:38 Started transferring input files
	Transferring to host: <172.30.1.106:9618?addrs=172.30.1.106-9618&alias=n6&noUDP&sock=slot1_12_3378_db42_31772>
...
040 (391152.039.000) 2024-01-19 16:46:38 Finished transferring input files
...
001 (391152.039.000) 2024-01-19 16:46:38 Job executing on host: <172.30.1.106:9618?addrs=172.30.1.106-9618&alias=n6&noUDP&sock=startd_3343_9931>
...
006 (391152.039.000) 2024-01-19 16:46:46 Image size of job updated: 84
	0  -  MemoryUsage of job (MB)
	0  -  ResidentSetSize of job (KB)
...
004 (391152.039.000) 2024-01-19 16:46:46 Job was evicted.
	(0) CPU times
		Usr 0 00:00:00, Sys 0 00:00:00  -  Run Remote Usage
		Usr 0 00:00:00, Sys 0 00:00:00  -  Run Local Usage
	0  -  Run Bytes Sent By Job
	184253  -  Run Bytes Received By Job
	Partitionable Resources :    Usage  Request Allocated 
	   Cpus                 :        0        1         1 
	   Disk (KB)            :      236      200     61880 
	   Memory (MB)          :        0     3900      3968 
...
009 (391152.039.000) 2024-01-19 16:46:46 Job was aborted.
	via condor_rm (by user shin)
...
006 (391151.039.000) 2024-01-19 16:47:30 Image size of job updated: 842420
	82  -  MemoryUsage of job (MB)
	83612  -  ResidentSetSize of job (KB)
...
040 (391151.039.000) 2024-01-19 16:47:30 Started transferring output files
...
040 (391151.039.000) 2024-01-19 16:47:35 Finished transferring output files
...
004 (391151.039.000) 2024-01-19 16:47:36 Job was evicted.
	(0) CPU times
		Usr 0 00:01:05, Sys 0 00:00:07  -  Run Remote Usage
		Usr 0 00:00:00, Sys 0 00:00:00  -  Run Local Usage
	7470439  -  Run Bytes Sent By Job
	184253  -  Run Bytes Received By Job
	Partitionable Resources :    Usage  Request Allocated 
	   Cpus                 :        0        1         1 
	   Disk (KB)            :     7548      200     54661 
	   Memory (MB)          :       82     3900      3968 
...
009 (391151.039.000) 2024-01-19 16:47:36 Job was aborted.
	via condor_rm (by user shin)

	Job terminated by itself at 2024-01-19T07:47:30Z (using method 0: OF_ITS_OWN_ACCORD).
...
000 (391153.039.000) 2024-01-19 16:47:37 Job submitted from host: <172.30.1.200:9618?addrs=172.30.1.200-9618&alias=tamsa2.snu.ac.kr&noUDP&sock=schedd_3625_06e6>
...
040 (391153.039.000) 2024-01-19 16:47:59 Started transferring input files
	Transferring to host: <172.30.1.201:9618?addrs=172.30.1.201-9618&alias=node1&noUDP&sock=slot1_45_12171_5208_13940>
...
040 (391153.039.000) 2024-01-19 16:47:59 Finished transferring input files
...
001 (391153.039.000) 2024-01-19 16:47:59 Job executing on host: <172.30.1.201:9618?addrs=172.30.1.201-9618&alias=node1&noUDP&sock=startd_12138_3ca4>
...
006 (391153.039.000) 2024-01-19 16:48:08 Image size of job updated: 186728
	183  -  MemoryUsage of job (MB)
	186728  -  ResidentSetSize of job (KB)
...
006 (391153.039.000) 2024-01-19 16:49:35 Image size of job updated: 846468
	183  -  MemoryUsage of job (MB)
	186732  -  ResidentSetSize of job (KB)
...
040 (391153.039.000) 2024-01-19 16:49:36 Started transferring output files
...
040 (391153.039.000) 2024-01-19 16:49:36 Finished transferring output files
...
005 (391153.039.000) 2024-01-19 16:49:36 Job terminated.
	(1) Normal termination (return value 0)
		Usr 0 00:01:14, Sys 0 00:00:07  -  Run Remote Usage
		Usr 0 00:00:00, Sys 0 00:00:00  -  Run Local Usage
		Usr 0 00:01:14, Sys 0 00:00:07  -  Total Remote Usage
		Usr 0 00:00:00, Sys 0 00:00:00  -  Total Local Usage
	7470439  -  Run Bytes Sent By Job
	184257  -  Run Bytes Received By Job
	7470439  -  Total Bytes Sent By Job
	184257  -  Total Bytes Received By Job
	Partitionable Resources :    Usage  Request Allocated 
	   Cpus                 :     0.79        1         1 
	   Disk (KB)            :  7548         200    128990 
	   Memory (MB)          :   183        3900      3968 

	Job terminated of its own accord at 2024-01-19T07:49:35Z.
...
000 (391154.039.000) 2024-01-19 16:50:49 Job submitted from host: <172.30.1.200:9618?addrs=172.30.1.200-9618&alias=tamsa2.snu.ac.kr&noUDP&sock=schedd_3625_06e6>
...
040 (391154.039.000) 2024-01-19 16:50:53 Started transferring input files
	Transferring to host: <172.30.1.201:9618?addrs=172.30.1.201-9618&alias=node1&noUDP&sock=slot1_39_12171_5208_13944>
...
040 (391154.039.000) 2024-01-19 16:50:53 Finished transferring input files
...
001 (391154.039.000) 2024-01-19 16:50:53 Job executing on host: <172.30.1.201:9618?addrs=172.30.1.201-9618&alias=node1&noUDP&sock=startd_12138_3ca4>
...
006 (391154.039.000) 2024-01-19 16:51:02 Image size of job updated: 572872
	183  -  MemoryUsage of job (MB)
	187240  -  ResidentSetSize of job (KB)
...
006 (391154.039.000) 2024-01-19 16:56:03 Image size of job updated: 872020
	190  -  MemoryUsage of job (MB)
	194216  -  ResidentSetSize of job (KB)
...
006 (391154.039.000) 2024-01-19 16:57:38 Image size of job updated: 872020
	190  -  MemoryUsage of job (MB)
	194232  -  ResidentSetSize of job (KB)
...
040 (391154.039.000) 2024-01-19 16:57:38 Started transferring output files
...
040 (391154.039.000) 2024-01-19 16:57:39 Finished transferring output files
...
005 (391154.039.000) 2024-01-19 16:57:39 Job terminated.
	(1) Normal termination (return value 0)
		Usr 0 00:06:09, Sys 0 00:00:19  -  Run Remote Usage
		Usr 0 00:00:00, Sys 0 00:00:00  -  Run Local Usage
		Usr 0 00:06:09, Sys 0 00:00:19  -  Total Remote Usage
		Usr 0 00:00:00, Sys 0 00:00:00  -  Total Local Usage
	32720176  -  Run Bytes Sent By Job
	184256  -  Run Bytes Received By Job
	32720176  -  Total Bytes Sent By Job
	184256  -  Total Bytes Received By Job
	Partitionable Resources :    Usage  Request Allocated 
	   Cpus                 :     0.71        1         1 
	   Disk (KB)            : 32206         200    128990 
	   Memory (MB)          :   190        3900      3968 

	Job terminated of its own accord at 2024-01-19T07:57:38Z.
...
000 (391155.039.000) 2024-01-19 17:22:15 Job submitted from host: <172.30.1.200:9618?addrs=172.30.1.200-9618&alias=tamsa2.snu.ac.kr&noUDP&sock=schedd_3625_06e6>
...
040 (391155.039.000) 2024-01-19 17:22:20 Started transferring input files
	Transferring to host: <172.30.1.203:9618?addrs=172.30.1.203-9618&alias=node3&noUDP&sock=slot1_48_24221_a2b2_52082>
...
040 (391155.039.000) 2024-01-19 17:22:20 Finished transferring input files
...
001 (391155.039.000) 2024-01-19 17:22:20 Job executing on host: <172.30.1.203:9618?addrs=172.30.1.203-9618&alias=node3&noUDP&sock=startd_24188_88db>
...
006 (391155.039.000) 2024-01-19 17:22:28 Image size of job updated: 611600
	183  -  MemoryUsage of job (MB)
	186744  -  ResidentSetSize of job (KB)
...
006 (391155.039.000) 2024-01-19 17:24:18 Image size of job updated: 846612
	183  -  MemoryUsage of job (MB)
	186744  -  ResidentSetSize of job (KB)
...
040 (391155.039.000) 2024-01-19 17:24:18 Started transferring output files
...
040 (391155.039.000) 2024-01-19 17:24:19 Finished transferring output files
...
005 (391155.039.000) 2024-01-19 17:24:19 Job terminated.
	(1) Normal termination (return value 0)
		Usr 0 00:01:12, Sys 0 00:00:07  -  Run Remote Usage
		Usr 0 00:00:00, Sys 0 00:00:00  -  Run Local Usage
		Usr 0 00:01:12, Sys 0 00:00:07  -  Total Remote Usage
		Usr 0 00:00:00, Sys 0 00:00:00  -  Total Local Usage
	7465407  -  Run Bytes Sent By Job
	186554  -  Run Bytes Received By Job
	7465407  -  Total Bytes Sent By Job
	186554  -  Total Bytes Received By Job
	Partitionable Resources :    Usage  Request Allocated 
	   Cpus                 :     0.58        1         1 
	   Disk (KB)            :  7546         200    128924 
	   Memory (MB)          :   183        3900      3968 

	Job terminated of its own accord at 2024-01-19T08:24:18Z.
...
000 (391156.039.000) 2024-01-19 17:29:00 Job submitted from host: <172.30.1.200:9618?addrs=172.30.1.200-9618&alias=tamsa2.snu.ac.kr&noUDP&sock=schedd_3625_06e6>
...
040 (391156.039.000) 2024-01-19 17:29:05 Started transferring input files
	Transferring to host: <172.30.1.203:9618?addrs=172.30.1.203-9618&alias=node3&noUDP&sock=slot1_47_24221_a2b2_52093>
...
040 (391156.039.000) 2024-01-19 17:29:05 Finished transferring input files
...
001 (391156.039.000) 2024-01-19 17:29:05 Job executing on host: <172.30.1.203:9618?addrs=172.30.1.203-9618&alias=node3&noUDP&sock=startd_24188_88db>
...
006 (391156.039.000) 2024-01-19 17:29:13 Image size of job updated: 835124
	183  -  MemoryUsage of job (MB)
	186748  -  ResidentSetSize of job (KB)
...
006 (391156.039.000) 2024-01-19 17:30:56 Image size of job updated: 843588
	183  -  MemoryUsage of job (MB)
	186748  -  ResidentSetSize of job (KB)
...
040 (391156.039.000) 2024-01-19 17:30:56 Started transferring output files
...
040 (391156.039.000) 2024-01-19 17:30:56 Finished transferring output files
...
005 (391156.039.000) 2024-01-19 17:30:56 Job terminated.
	(1) Normal termination (return value 0)
		Usr 0 00:01:11, Sys 0 00:00:07  -  Run Remote Usage
		Usr 0 00:00:00, Sys 0 00:00:00  -  Run Local Usage
		Usr 0 00:01:11, Sys 0 00:00:07  -  Total Remote Usage
		Usr 0 00:00:00, Sys 0 00:00:00  -  Total Local Usage
	7465407  -  Run Bytes Sent By Job
	186554  -  Run Bytes Received By Job
	7465407  -  Total Bytes Sent By Job
	186554  -  Total Bytes Received By Job
	Partitionable Resources :    Usage  Request Allocated 
	   Cpus                 :     0.10        1         1 
	   Disk (KB)            :  7546         200    128924 
	   Memory (MB)          :   183        3900      3968 

	Job terminated of its own accord at 2024-01-19T08:30:56Z.
...
000 (391161.039.000) 2024-01-19 17:33:03 Job submitted from host: <172.30.1.200:9618?addrs=172.30.1.200-9618&alias=tamsa2.snu.ac.kr&noUDP&sock=schedd_3625_06e6>
...
040 (391161.039.000) 2024-01-19 17:33:07 Started transferring input files
	Transferring to host: <172.30.1.203:9618?addrs=172.30.1.203-9618&alias=node3&noUDP&sock=slot1_46_24221_a2b2_52101>
...
040 (391161.039.000) 2024-01-19 17:33:07 Finished transferring input files
...
001 (391161.039.000) 2024-01-19 17:33:07 Job executing on host: <172.30.1.203:9618?addrs=172.30.1.203-9618&alias=node3&noUDP&sock=startd_24188_88db>
...
006 (391161.039.000) 2024-01-19 17:33:16 Image size of job updated: 186736
	183  -  MemoryUsage of job (MB)
	186736  -  ResidentSetSize of job (KB)
...
006 (391161.039.000) 2024-01-19 17:35:02 Image size of job updated: 845976
	183  -  MemoryUsage of job (MB)
	186736  -  ResidentSetSize of job (KB)
...
040 (391161.039.000) 2024-01-19 17:35:03 Started transferring output files
...
040 (391161.039.000) 2024-01-19 17:35:03 Finished transferring output files
...
005 (391161.039.000) 2024-01-19 17:35:03 Job terminated.
	(1) Normal termination (return value 0)
		Usr 0 00:01:11, Sys 0 00:00:07  -  Run Remote Usage
		Usr 0 00:00:00, Sys 0 00:00:00  -  Run Local Usage
		Usr 0 00:01:11, Sys 0 00:00:07  -  Total Remote Usage
		Usr 0 00:00:00, Sys 0 00:00:00  -  Total Local Usage
	7469647  -  Run Bytes Sent By Job
	186686  -  Run Bytes Received By Job
	7469647  -  Total Bytes Sent By Job
	186686  -  Total Bytes Received By Job
	Partitionable Resources :    Usage  Request Allocated 
	   Cpus                 :     0.64        1         1 
	   Disk (KB)            :  7550         200    128924 
	   Memory (MB)          :   183        3900      3968 

	Job terminated of its own accord at 2024-01-19T08:35:02Z.
...
000 (391162.039.000) 2024-01-19 17:42:18 Job submitted from host: <172.30.1.200:9618?addrs=172.30.1.200-9618&alias=tamsa2.snu.ac.kr&noUDP&sock=schedd_3625_06e6>
...
040 (391162.039.000) 2024-01-19 17:42:30 Started transferring input files
	Transferring to host: <172.30.1.203:9618?addrs=172.30.1.203-9618&alias=node3&noUDP&sock=slot1_44_24221_a2b2_52110>
...
040 (391162.039.000) 2024-01-19 17:42:30 Finished transferring input files
...
001 (391162.039.000) 2024-01-19 17:42:30 Job executing on host: <172.30.1.203:9618?addrs=172.30.1.203-9618&alias=node3&noUDP&sock=startd_24188_88db>
...
006 (391162.039.000) 2024-01-19 17:42:38 Image size of job updated: 833428
	181  -  MemoryUsage of job (MB)
	185040  -  ResidentSetSize of job (KB)
...
006 (391162.039.000) 2024-01-19 17:44:26 Image size of job updated: 836484
	181  -  MemoryUsage of job (MB)
	185040  -  ResidentSetSize of job (KB)
...
040 (391162.039.000) 2024-01-19 17:44:26 Started transferring output files
...
040 (391162.039.000) 2024-01-19 17:44:26 Finished transferring output files
...
005 (391162.039.000) 2024-01-19 17:44:26 Job terminated.
	(1) Normal termination (return value 0)
		Usr 0 00:01:11, Sys 0 00:00:07  -  Run Remote Usage
		Usr 0 00:00:00, Sys 0 00:00:00  -  Run Local Usage
		Usr 0 00:01:11, Sys 0 00:00:07  -  Total Remote Usage
		Usr 0 00:00:00, Sys 0 00:00:00  -  Total Local Usage
	7465015  -  Run Bytes Sent By Job
	187104  -  Run Bytes Received By Job
	7465015  -  Total Bytes Sent By Job
	187104  -  Total Bytes Received By Job
	Partitionable Resources :    Usage  Request Allocated 
	   Cpus                 :     0.66        1         1 
	   Disk (KB)            :  7546         200    128924 
	   Memory (MB)          :   181        3900      3968 

	Job terminated of its own accord at 2024-01-19T08:44:26Z.
...
000 (391163.039.000) 2024-01-19 17:55:44 Job submitted from host: <172.30.1.200:9618?addrs=172.30.1.200-9618&alias=tamsa2.snu.ac.kr&noUDP&sock=schedd_3625_06e6>
...
040 (391163.039.000) 2024-01-19 17:55:58 Started transferring input files
	Transferring to host: <172.30.1.111:9618?addrs=172.30.1.111-9618&alias=n11&noUDP&sock=slot1_20_4271_0e47_38764>
...
040 (391163.039.000) 2024-01-19 17:55:58 Finished transferring input files
...
001 (391163.039.000) 2024-01-19 17:55:58 Job executing on host: <172.30.1.111:9618?addrs=172.30.1.111-9618&alias=n11&noUDP&sock=startd_4237_cedc>
...
006 (391163.039.000) 2024-01-19 17:56:07 Image size of job updated: 276824
	133  -  MemoryUsage of job (MB)
	135804  -  ResidentSetSize of job (KB)
...
006 (391163.039.000) 2024-01-19 17:59:05 Image size of job updated: 871744
	133  -  MemoryUsage of job (MB)
	135820  -  ResidentSetSize of job (KB)
...
040 (391163.039.000) 2024-01-19 17:59:05 Started transferring output files
...
040 (391163.039.000) 2024-01-19 17:59:17 Finished transferring output files
...
005 (391163.039.000) 2024-01-19 17:59:17 Job terminated.
	(1) Normal termination (return value 0)
		Usr 0 00:02:28, Sys 0 00:00:07  -  Run Remote Usage
		Usr 0 00:00:00, Sys 0 00:00:00  -  Run Local Usage
		Usr 0 00:02:28, Sys 0 00:00:07  -  Total Remote Usage
		Usr 0 00:00:00, Sys 0 00:00:00  -  Total Local Usage
	34392280  -  Run Bytes Sent By Job
	186100  -  Run Bytes Received By Job
	34392280  -  Total Bytes Sent By Job
	186100  -  Total Bytes Received By Job
	Partitionable Resources :    Usage  Request Allocated 
	   Cpus                 :                 1         1 
	   Disk (KB)            :    33836      200    127752 
	   GPUs                 :                           0 
	   Memory (MB)          :      133     3900      3968 

	Job terminated of its own accord at 2024-01-19T08:59:05Z.
...
000 (391164.039.000) 2024-01-19 18:03:23 Job submitted from host: <172.30.1.200:9618?addrs=172.30.1.200-9618&alias=tamsa2.snu.ac.kr&noUDP&sock=schedd_3625_06e6>
...
040 (391164.039.000) 2024-01-19 18:03:40 Started transferring input files
	Transferring to host: <172.30.1.111:9618?addrs=172.30.1.111-9618&alias=n11&noUDP&sock=slot1_16_4271_0e47_38786>
...
040 (391164.039.000) 2024-01-19 18:03:40 Finished transferring input files
...
001 (391164.039.000) 2024-01-19 18:03:40 Job executing on host: <172.30.1.111:9618?addrs=172.30.1.111-9618&alias=n11&noUDP&sock=startd_4237_cedc>
...
006 (391164.039.000) 2024-01-19 18:03:48 Image size of job updated: 194336
	190  -  MemoryUsage of job (MB)
	194332  -  ResidentSetSize of job (KB)
...
006 (391164.039.000) 2024-01-19 18:06:48 Image size of job updated: 871356
	190  -  MemoryUsage of job (MB)
	194332  -  ResidentSetSize of job (KB)
...
040 (391164.039.000) 2024-01-19 18:06:48 Started transferring output files
...
040 (391164.039.000) 2024-01-19 18:06:59 Finished transferring output files
...
005 (391164.039.000) 2024-01-19 18:06:59 Job terminated.
	(1) Normal termination (return value 0)
		Usr 0 00:02:50, Sys 0 00:00:06  -  Run Remote Usage
		Usr 0 00:00:00, Sys 0 00:00:00  -  Run Local Usage
		Usr 0 00:02:50, Sys 0 00:00:06  -  Total Remote Usage
		Usr 0 00:00:00, Sys 0 00:00:00  -  Total Local Usage
	61222824  -  Run Bytes Sent By Job
	186386  -  Run Bytes Received By Job
	61222824  -  Total Bytes Sent By Job
	186386  -  Total Bytes Received By Job
	Partitionable Resources :    Usage  Request Allocated 
	   Cpus                 :     1.00        1         1 
	   Disk (KB)            : 60044         200    127752 
	   GPUs                 :                           0 
	   Memory (MB)          :   190        3900      3968 

	Job terminated of its own accord at 2024-01-19T09:06:48Z.
...
000 (391165.039.000) 2024-01-19 22:41:31 Job submitted from host: <172.30.1.200:9618?addrs=172.30.1.200-9618&alias=tamsa2.snu.ac.kr&noUDP&sock=schedd_3625_06e6>
...
040 (391165.039.000) 2024-01-19 22:41:34 Started transferring input files
	Transferring to host: <172.30.1.208:9618?addrs=172.30.1.208-9618&alias=node8&noUDP&sock=slot1_12_3811_f1b4_191462>
...
001 (391165.039.000) 2024-01-19 22:41:34 Job executing on host: <172.30.1.208:9618?addrs=172.30.1.208-9618&alias=node8&noUDP&sock=startd_3777_494c>
...
040 (391165.039.000) 2024-01-19 22:41:34 Finished transferring input files
...
006 (391165.039.000) 2024-01-19 22:41:43 Image size of job updated: 230124
	138  -  MemoryUsage of job (MB)
	140868  -  ResidentSetSize of job (KB)
...
006 (391165.039.000) 2024-01-19 22:43:10 Image size of job updated: 846424
	138  -  MemoryUsage of job (MB)
	140988  -  ResidentSetSize of job (KB)
...
040 (391165.039.000) 2024-01-19 22:43:10 Started transferring output files
...
040 (391165.039.000) 2024-01-19 22:43:14 Finished transferring output files
...
005 (391165.039.000) 2024-01-19 22:43:14 Job terminated.
	(1) Normal termination (return value 0)
		Usr 0 00:00:48, Sys 0 00:00:05  -  Run Remote Usage
		Usr 0 00:00:00, Sys 0 00:00:00  -  Run Local Usage
		Usr 0 00:00:48, Sys 0 00:00:05  -  Total Remote Usage
		Usr 0 00:00:00, Sys 0 00:00:00  -  Total Local Usage
	7473695  -  Run Bytes Sent By Job
	185908  -  Run Bytes Received By Job
	7473695  -  Total Bytes Sent By Job
	185908  -  Total Bytes Received By Job
	Partitionable Resources :    Usage  Request Allocated 
	   Cpus                 :                 1         1 
	   Disk (KB)            :     7548      200    128928 
	   Memory (MB)          :      138     3900      3968 

	Job terminated of its own accord at 2024-01-19T13:43:10Z.
...
000 (391166.039.000) 2024-01-19 22:44:51 Job submitted from host: <172.30.1.200:9618?addrs=172.30.1.200-9618&alias=tamsa2.snu.ac.kr&noUDP&sock=schedd_3625_06e6>
...
040 (391166.039.000) 2024-01-19 22:45:00 Started transferring input files
	Transferring to host: <172.30.1.208:9618?addrs=172.30.1.208-9618&alias=node8&noUDP&sock=slot1_12_3811_f1b4_191471>
...
040 (391166.039.000) 2024-01-19 22:45:00 Finished transferring input files
...
001 (391166.039.000) 2024-01-19 22:45:01 Job executing on host: <172.30.1.208:9618?addrs=172.30.1.208-9618&alias=node8&noUDP&sock=startd_3777_494c>
...
006 (391166.039.000) 2024-01-19 22:45:09 Image size of job updated: 836204
	190  -  MemoryUsage of job (MB)
	194380  -  ResidentSetSize of job (KB)
...
006 (391166.039.000) 2024-01-19 22:49:07 Image size of job updated: 879700
	190  -  MemoryUsage of job (MB)
	194380  -  ResidentSetSize of job (KB)
...
040 (391166.039.000) 2024-01-19 22:49:07 Started transferring output files
...
040 (391166.039.000) 2024-01-19 22:49:08 Finished transferring output files
...
005 (391166.039.000) 2024-01-19 22:49:08 Job terminated.
	(1) Normal termination (return value 0)
		Usr 0 00:03:50, Sys 0 00:00:11  -  Run Remote Usage
		Usr 0 00:00:00, Sys 0 00:00:00  -  Run Local Usage
		Usr 0 00:03:50, Sys 0 00:00:11  -  Total Remote Usage
		Usr 0 00:00:00, Sys 0 00:00:00  -  Total Local Usage
	32703556  -  Run Bytes Sent By Job
	185911  -  Run Bytes Received By Job
	32703556  -  Total Bytes Sent By Job
	185911  -  Total Bytes Received By Job
	Partitionable Resources :    Usage  Request Allocated 
	   Cpus                 :     0.79        1         1 
	   Disk (KB)            : 32192         200    128928 
	   Memory (MB)          :   190        3900      3968 

	Job terminated of its own accord at 2024-01-19T13:49:07Z.
...
000 (391167.039.000) 2024-01-19 22:57:44 Job submitted from host: <172.30.1.200:9618?addrs=172.30.1.200-9618&alias=tamsa2.snu.ac.kr&noUDP&sock=schedd_3625_06e6>
...
040 (391167.039.000) 2024-01-19 22:57:48 Started transferring input files
	Transferring to host: <172.30.1.208:9618?addrs=172.30.1.208-9618&alias=node8&noUDP&sock=slot1_18_3811_f1b4_191483>
...
040 (391167.039.000) 2024-01-19 22:57:48 Finished transferring input files
...
001 (391167.039.000) 2024-01-19 22:57:48 Job executing on host: <172.30.1.208:9618?addrs=172.30.1.208-9618&alias=node8&noUDP&sock=startd_3777_494c>
...
006 (391167.039.000) 2024-01-19 22:57:56 Image size of job updated: 832936
	183  -  MemoryUsage of job (MB)
	187232  -  ResidentSetSize of job (KB)
...
006 (391167.039.000) 2024-01-19 23:01:52 Image size of job updated: 875844
	183  -  MemoryUsage of job (MB)
	187232  -  ResidentSetSize of job (KB)
...
040 (391167.039.000) 2024-01-19 23:01:52 Started transferring output files
...
040 (391167.039.000) 2024-01-19 23:01:53 Finished transferring output files
...
005 (391167.039.000) 2024-01-19 23:01:53 Job terminated.
	(1) Normal termination (return value 0)
		Usr 0 00:03:44, Sys 0 00:00:11  -  Run Remote Usage
		Usr 0 00:00:00, Sys 0 00:00:00  -  Run Local Usage
		Usr 0 00:03:44, Sys 0 00:00:11  -  Total Remote Usage
		Usr 0 00:00:00, Sys 0 00:00:00  -  Total Local Usage
	32685868  -  Run Bytes Sent By Job
	185911  -  Run Bytes Received By Job
	32685868  -  Total Bytes Sent By Job
	185911  -  Total Bytes Received By Job
	Partitionable Resources :    Usage  Request Allocated 
	   Cpus                 :     1.00        1         1 
	   Disk (KB)            : 32175         200    128928 
	   Memory (MB)          :   183        3900      3968 

	Job terminated of its own accord at 2024-01-19T14:01:52Z.
...
000 (391343.039.000) 2024-01-22 10:59:18 Job submitted from host: <172.30.1.200:9618?addrs=172.30.1.200-9618&alias=tamsa2.snu.ac.kr&noUDP&sock=schedd_3625_06e6>
...
040 (391343.039.000) 2024-01-22 10:59:26 Started transferring input files
	Transferring to host: <172.30.1.216:9618?addrs=172.30.1.216-9618&alias=node16&noUDP&sock=slot1_40_4290_7168_332809>
...
040 (391343.039.000) 2024-01-22 10:59:26 Finished transferring input files
...
001 (391343.039.000) 2024-01-22 10:59:26 Job executing on host: <172.30.1.216:9618?addrs=172.30.1.216-9618&alias=node16&noUDP&sock=startd_4255_2791>
...
006 (391343.039.000) 2024-01-22 10:59:34 Image size of job updated: 80
	1  -  MemoryUsage of job (MB)
	80  -  ResidentSetSize of job (KB)
...
006 (391343.039.000) 2024-01-22 11:04:34 Image size of job updated: 955164
	247  -  MemoryUsage of job (MB)
	252824  -  ResidentSetSize of job (KB)
...
006 (391343.039.000) 2024-01-22 11:09:34 Image size of job updated: 957672
	247  -  MemoryUsage of job (MB)
	252824  -  ResidentSetSize of job (KB)
...
006 (391343.039.000) 2024-01-22 11:14:35 Image size of job updated: 957672
	287  -  MemoryUsage of job (MB)
	293728  -  ResidentSetSize of job (KB)
...
006 (391343.039.000) 2024-01-22 11:19:36 Image size of job updated: 965272
	287  -  MemoryUsage of job (MB)
	293728  -  ResidentSetSize of job (KB)
...
006 (391343.039.000) 2024-01-22 11:23:34 Image size of job updated: 972304
	287  -  MemoryUsage of job (MB)
	293728  -  ResidentSetSize of job (KB)
...
040 (391343.039.000) 2024-01-22 11:23:34 Started transferring output files
...
040 (391343.039.000) 2024-01-22 11:23:36 Finished transferring output files
...
005 (391343.039.000) 2024-01-22 11:23:36 Job terminated.
	(1) Normal termination (return value 0)
		Usr 0 00:22:19, Sys 0 00:00:54  -  Run Remote Usage
		Usr 0 00:00:00, Sys 0 00:00:00  -  Run Local Usage
		Usr 0 00:22:19, Sys 0 00:00:54  -  Total Remote Usage
		Usr 0 00:00:00, Sys 0 00:00:00  -  Total Local Usage
	31162256  -  Run Bytes Sent By Job
	185924  -  Run Bytes Received By Job
	31162256  -  Total Bytes Sent By Job
	185924  -  Total Bytes Received By Job
	Partitionable Resources :    Usage  Request Allocated 
	   Cpus                 :     1.01        1         1 
	   Disk (KB)            : 30687         200    261111 
	   Memory (MB)          :   287        3900      3968 

	Job terminated of its own accord at 2024-01-22T02:23:34Z.
...
000 (391348.039.000) 2024-01-22 12:29:14 Job submitted from host: <172.30.1.200:9618?addrs=172.30.1.200-9618&alias=tamsa2.snu.ac.kr&noUDP&sock=schedd_3625_06e6>
...
040 (391348.039.000) 2024-01-22 12:29:22 Started transferring input files
	Transferring to host: <172.30.1.216:9618?addrs=172.30.1.216-9618&alias=node16&noUDP&sock=slot1_40_4290_7168_332853>
...
040 (391348.039.000) 2024-01-22 12:29:22 Finished transferring input files
...
001 (391348.039.000) 2024-01-22 12:29:22 Job executing on host: <172.30.1.216:9618?addrs=172.30.1.216-9618&alias=node16&noUDP&sock=startd_4255_2791>
...
006 (391348.039.000) 2024-01-22 12:29:31 Image size of job updated: 4960
	5  -  MemoryUsage of job (MB)
	4960  -  ResidentSetSize of job (KB)
...
006 (391348.039.000) 2024-01-22 12:34:32 Image size of job updated: 955168
	270  -  MemoryUsage of job (MB)
	276168  -  ResidentSetSize of job (KB)
...
006 (391348.039.000) 2024-01-22 12:39:32 Image size of job updated: 956164
	270  -  MemoryUsage of job (MB)
	276168  -  ResidentSetSize of job (KB)
...
006 (391348.039.000) 2024-01-22 12:44:32 Image size of job updated: 972260
	270  -  MemoryUsage of job (MB)
	276168  -  ResidentSetSize of job (KB)
...
006 (391348.039.000) 2024-01-22 12:49:33 Image size of job updated: 972328
	270  -  MemoryUsage of job (MB)
	276168  -  ResidentSetSize of job (KB)
...
006 (391348.039.000) 2024-01-22 12:53:12 Image size of job updated: 972508
	270  -  MemoryUsage of job (MB)
	276168  -  ResidentSetSize of job (KB)
...
040 (391348.039.000) 2024-01-22 12:53:12 Started transferring output files
...
040 (391348.039.000) 2024-01-22 12:53:13 Finished transferring output files
...
005 (391348.039.000) 2024-01-22 12:53:13 Job terminated.
	(1) Normal termination (return value 0)
		Usr 0 00:22:24, Sys 0 00:00:54  -  Run Remote Usage
		Usr 0 00:00:00, Sys 0 00:00:00  -  Run Local Usage
		Usr 0 00:22:24, Sys 0 00:00:54  -  Total Remote Usage
		Usr 0 00:00:00, Sys 0 00:00:00  -  Total Local Usage
	31163996  -  Run Bytes Sent By Job
	186484  -  Run Bytes Received By Job
	31163996  -  Total Bytes Sent By Job
	186484  -  Total Bytes Received By Job
	Partitionable Resources :    Usage  Request Allocated 
	   Cpus                 :     1.01        1         1 
	   Disk (KB)            : 30689         200    261111 
	   Memory (MB)          :   270        3900      3968 

	Job terminated of its own accord at 2024-01-22T03:53:12Z.
...
000 (391350.039.000) 2024-01-22 13:01:44 Job submitted from host: <172.30.1.200:9618?addrs=172.30.1.200-9618&alias=tamsa2.snu.ac.kr&noUDP&sock=schedd_3625_06e6>
...
040 (391350.039.000) 2024-01-22 13:02:05 Started transferring input files
	Transferring to host: <172.30.1.216:9618?addrs=172.30.1.216-9618&alias=node16&noUDP&sock=slot1_40_4290_7168_332893>
...
001 (391350.039.000) 2024-01-22 13:02:05 Job executing on host: <172.30.1.216:9618?addrs=172.30.1.216-9618&alias=node16&noUDP&sock=startd_4255_2791>
...
040 (391350.039.000) 2024-01-22 13:02:05 Finished transferring input files
...
006 (391350.039.000) 2024-01-22 13:02:14 Image size of job updated: 4952
	5  -  MemoryUsage of job (MB)
	4952  -  ResidentSetSize of job (KB)
...
006 (391350.039.000) 2024-01-22 13:07:15 Image size of job updated: 955316
	257  -  MemoryUsage of job (MB)
	262620  -  ResidentSetSize of job (KB)
...
006 (391350.039.000) 2024-01-22 13:12:16 Image size of job updated: 957512
	257  -  MemoryUsage of job (MB)
	262620  -  ResidentSetSize of job (KB)
...
006 (391350.039.000) 2024-01-22 13:17:17 Image size of job updated: 971716
	287  -  MemoryUsage of job (MB)
	293396  -  ResidentSetSize of job (KB)
...
006 (391350.039.000) 2024-01-22 13:26:15 Image size of job updated: 972776
	287  -  MemoryUsage of job (MB)
	293396  -  ResidentSetSize of job (KB)
...
040 (391350.039.000) 2024-01-22 13:26:15 Started transferring output files
...
040 (391350.039.000) 2024-01-22 13:26:16 Finished transferring output files
...
005 (391350.039.000) 2024-01-22 13:26:16 Job terminated.
	(1) Normal termination (return value 0)
		Usr 0 00:22:46, Sys 0 00:00:52  -  Run Remote Usage
		Usr 0 00:00:00, Sys 0 00:00:00  -  Run Local Usage
		Usr 0 00:22:46, Sys 0 00:00:52  -  Total Remote Usage
		Usr 0 00:00:00, Sys 0 00:00:00  -  Total Local Usage
	31177064  -  Run Bytes Sent By Job
	186577  -  Run Bytes Received By Job
	31177064  -  Total Bytes Sent By Job
	186577  -  Total Bytes Received By Job
	Partitionable Resources :    Usage  Request Allocated 
	   Cpus                 :     1.00        1         1 
	   Disk (KB)            : 30702         200    261111 
	   Memory (MB)          :   287        3900      3968 

	Job terminated of its own accord at 2024-01-22T04:26:15Z.
...
000 (391361.039.000) 2024-01-22 13:44:17 Job submitted from host: <172.30.1.200:9618?addrs=172.30.1.200-9618&alias=tamsa2.snu.ac.kr&noUDP&sock=schedd_3625_06e6>
...
040 (391361.039.000) 2024-01-22 13:44:33 Started transferring input files
	Transferring to host: <172.30.1.216:9618?addrs=172.30.1.216-9618&alias=node16&noUDP&sock=slot1_65_4290_7168_333023>
...
040 (391361.039.000) 2024-01-22 13:44:33 Finished transferring input files
...
001 (391361.039.000) 2024-01-22 13:44:33 Job executing on host: <172.30.1.216:9618?addrs=172.30.1.216-9618&alias=node16&noUDP&sock=startd_4255_2791>
...
006 (391361.039.000) 2024-01-22 13:44:42 Image size of job updated: 139344
	11  -  MemoryUsage of job (MB)
	10716  -  ResidentSetSize of job (KB)
...
006 (391361.039.000) 2024-01-22 13:48:48 Image size of job updated: 872744
	12  -  MemoryUsage of job (MB)
	11308  -  ResidentSetSize of job (KB)
...
040 (391361.039.000) 2024-01-22 13:48:48 Started transferring output files
...
040 (391361.039.000) 2024-01-22 13:48:49 Finished transferring output files
...
005 (391361.039.000) 2024-01-22 13:48:49 Job terminated.
	(1) Normal termination (return value 0)
		Usr 0 00:03:34, Sys 0 00:00:13  -  Run Remote Usage
		Usr 0 00:00:00, Sys 0 00:00:00  -  Run Local Usage
		Usr 0 00:03:34, Sys 0 00:00:13  -  Total Remote Usage
		Usr 0 00:00:00, Sys 0 00:00:00  -  Total Local Usage
	31368900  -  Run Bytes Sent By Job
	191813  -  Run Bytes Received By Job
	31368900  -  Total Bytes Sent By Job
	191813  -  Total Bytes Received By Job
	Partitionable Resources :    Usage  Request Allocated 
	   Cpus                 :     1.00        1         1 
	   Disk (KB)            : 30897         200    261111 
	   Memory (MB)          :    12        3900      3968 

	Job terminated of its own accord at 2024-01-22T04:48:48Z.
...
000 (391362.039.000) 2024-01-22 13:50:58 Job submitted from host: <172.30.1.200:9618?addrs=172.30.1.200-9618&alias=tamsa2.snu.ac.kr&noUDP&sock=schedd_3625_06e6>
...
040 (391362.039.000) 2024-01-22 13:51:06 Started transferring input files
	Transferring to host: <172.30.1.216:9618?addrs=172.30.1.216-9618&alias=node16&noUDP&sock=slot1_50_4290_7168_333063>
...
001 (391362.039.000) 2024-01-22 13:51:06 Job executing on host: <172.30.1.216:9618?addrs=172.30.1.216-9618&alias=node16&noUDP&sock=startd_4255_2791>
...
040 (391362.039.000) 2024-01-22 13:51:06 Finished transferring input files
...
006 (391362.039.000) 2024-01-22 13:51:15 Image size of job updated: 139088
	5  -  MemoryUsage of job (MB)
	4952  -  ResidentSetSize of job (KB)
...
006 (391362.039.000) 2024-01-22 13:56:15 Image size of job updated: 971408
	217  -  MemoryUsage of job (MB)
	221488  -  ResidentSetSize of job (KB)
...
006 (391362.039.000) 2024-01-22 14:01:15 Image size of job updated: 971408
	246  -  MemoryUsage of job (MB)
	251648  -  ResidentSetSize of job (KB)
...
006 (391362.039.000) 2024-01-22 14:06:16 Image size of job updated: 971408
	289  -  MemoryUsage of job (MB)
	295568  -  ResidentSetSize of job (KB)
...
006 (391362.039.000) 2024-01-22 14:11:17 Image size of job updated: 971408
	289  -  MemoryUsage of job (MB)
	295584  -  ResidentSetSize of job (KB)
...
040 (391362.039.000) 2024-01-22 14:19:41 Started transferring output files
...
040 (391362.039.000) 2024-01-22 14:19:42 Finished transferring output files
...
005 (391362.039.000) 2024-01-22 14:19:42 Job terminated.
	(1) Normal termination (return value 0)
		Usr 0 00:26:32, Sys 0 00:00:59  -  Run Remote Usage
		Usr 0 00:00:00, Sys 0 00:00:00  -  Run Local Usage
		Usr 0 00:26:32, Sys 0 00:00:59  -  Total Remote Usage
		Usr 0 00:00:00, Sys 0 00:00:00  -  Total Local Usage
	31163172  -  Run Bytes Sent By Job
	191814  -  Run Bytes Received By Job
	31163172  -  Total Bytes Sent By Job
	191814  -  Total Bytes Received By Job
	Partitionable Resources :    Usage  Request Allocated 
	   Cpus                 :     1.00        1         1 
	   Disk (KB)            : 30696         200    261111 
	   Memory (MB)          :   289        3900      3968 

	Job terminated of its own accord at 2024-01-22T05:19:41Z.
...
000 (391496.039.000) 2024-01-22 14:58:10 Job submitted from host: <172.30.1.200:9618?addrs=172.30.1.200-9618&alias=tamsa2.snu.ac.kr&noUDP&sock=schedd_3625_06e6>
...
040 (391496.039.000) 2024-01-22 14:58:23 Started transferring input files
	Transferring to host: <172.30.1.216:9618?addrs=172.30.1.216-9618&alias=node16&noUDP&sock=slot1_50_4290_7168_333230>
...
040 (391496.039.000) 2024-01-22 14:58:23 Finished transferring input files
...
001 (391496.039.000) 2024-01-22 14:58:23 Job executing on host: <172.30.1.216:9618?addrs=172.30.1.216-9618&alias=node16&noUDP&sock=startd_4255_2791>
...
006 (391496.039.000) 2024-01-22 14:58:32 Image size of job updated: 139088
	5  -  MemoryUsage of job (MB)
	4960  -  ResidentSetSize of job (KB)
...
006 (391496.039.000) 2024-01-22 15:03:33 Image size of job updated: 971084
	217  -  MemoryUsage of job (MB)
	221568  -  ResidentSetSize of job (KB)
...
006 (391496.039.000) 2024-01-22 15:08:34 Image size of job updated: 971084
	226  -  MemoryUsage of job (MB)
	231020  -  ResidentSetSize of job (KB)
...
006 (391496.039.000) 2024-01-22 15:13:34 Image size of job updated: 971084
	247  -  MemoryUsage of job (MB)
	252320  -  ResidentSetSize of job (KB)
...
006 (391496.039.000) 2024-01-22 15:18:34 Image size of job updated: 971084
	248  -  MemoryUsage of job (MB)
	253024  -  ResidentSetSize of job (KB)
...
006 (391496.039.000) 2024-01-22 15:23:35 Image size of job updated: 971928
	258  -  MemoryUsage of job (MB)
	264040  -  ResidentSetSize of job (KB)
...
006 (391496.039.000) 2024-01-22 15:28:35 Image size of job updated: 972196
	269  -  MemoryUsage of job (MB)
	274848  -  ResidentSetSize of job (KB)
...
006 (391496.039.000) 2024-01-22 15:33:35 Image size of job updated: 972196
	288  -  MemoryUsage of job (MB)
	294100  -  ResidentSetSize of job (KB)
...
040 (391496.039.000) 2024-01-22 15:34:17 Started transferring output files
...
040 (391496.039.000) 2024-01-22 15:34:18 Finished transferring output files
...
005 (391496.039.000) 2024-01-22 15:34:18 Job terminated.
	(1) Normal termination (return value 0)
		Usr 0 00:33:42, Sys 0 00:01:20  -  Run Remote Usage
		Usr 0 00:00:00, Sys 0 00:00:00  -  Run Local Usage
		Usr 0 00:33:42, Sys 0 00:01:20  -  Total Remote Usage
		Usr 0 00:00:00, Sys 0 00:00:00  -  Total Local Usage
	31163046  -  Run Bytes Sent By Job
	191814  -  Run Bytes Received By Job
	31163046  -  Total Bytes Sent By Job
	191814  -  Total Bytes Received By Job
	Partitionable Resources :    Usage  Request Allocated 
	   Cpus                 :     1.00        1         1 
	   Disk (KB)            : 30696         200    261111 
	   Memory (MB)          :   288        3900      3968 

	Job terminated of its own accord at 2024-01-22T06:34:17Z.
...
000 (391511.039.000) 2024-01-22 15:59:41 Job submitted from host: <172.30.1.200:9618?addrs=172.30.1.200-9618&alias=tamsa2.snu.ac.kr&noUDP&sock=schedd_3625_06e6>
...
040 (391511.039.000) 2024-01-22 15:59:57 Started transferring input files
	Transferring to host: <172.30.1.214:9618?addrs=172.30.1.214-9618&alias=node14&noUDP&sock=slot1_62_4480_50af_235864>
...
040 (391511.039.000) 2024-01-22 15:59:57 Finished transferring input files
...
001 (391511.039.000) 2024-01-22 15:59:57 Job executing on host: <172.30.1.214:9618?addrs=172.30.1.214-9618&alias=node14&noUDP&sock=startd_4446_2a28>
...
006 (391511.039.000) 2024-01-22 16:00:06 Image size of job updated: 152896
	16  -  MemoryUsage of job (MB)
	16376  -  ResidentSetSize of job (KB)
...
006 (391511.039.000) 2024-01-22 16:05:06 Image size of job updated: 954656
	194  -  MemoryUsage of job (MB)
	198216  -  ResidentSetSize of job (KB)
...
006 (391511.039.000) 2024-01-22 16:10:07 Image size of job updated: 972588
	218  -  MemoryUsage of job (MB)
	222224  -  ResidentSetSize of job (KB)
...
006 (391511.039.000) 2024-01-22 16:15:08 Image size of job updated: 972588
	247  -  MemoryUsage of job (MB)
	252236  -  ResidentSetSize of job (KB)
...
006 (391511.039.000) 2024-01-22 16:20:08 Image size of job updated: 972588
	277  -  MemoryUsage of job (MB)
	283564  -  ResidentSetSize of job (KB)
...
040 (391511.039.000) 2024-01-22 16:31:36 Started transferring output files
...
040 (391511.039.000) 2024-01-22 16:31:37 Finished transferring output files
...
005 (391511.039.000) 2024-01-22 16:31:37 Job terminated.
	(1) Normal termination (return value 0)
		Usr 0 00:29:55, Sys 0 00:01:13  -  Run Remote Usage
		Usr 0 00:00:00, Sys 0 00:00:00  -  Run Local Usage
		Usr 0 00:29:55, Sys 0 00:01:13  -  Total Remote Usage
		Usr 0 00:00:00, Sys 0 00:00:00  -  Total Local Usage
	31162232  -  Run Bytes Sent By Job
	191824  -  Run Bytes Received By Job
	31162232  -  Total Bytes Sent By Job
	191824  -  Total Bytes Received By Job
	Partitionable Resources :    Usage  Request Allocated 
	   Cpus                 :     1.00        1         1 
	   Disk (KB)            : 30695         200    261111 
	   Memory (MB)          :   277        3900      3968 

	Job terminated of its own accord at 2024-01-22T07:31:36Z.
...
000 (391574.039.000) 2024-01-22 23:15:00 Job submitted from host: <172.30.1.200:9618?addrs=172.30.1.200-9618&alias=tamsa2.snu.ac.kr&noUDP&sock=schedd_3625_06e6>
...
040 (391574.039.000) 2024-01-22 23:15:08 Started transferring input files
	Transferring to host: <172.30.1.216:9618?addrs=172.30.1.216-9618&alias=node16&noUDP&sock=slot1_40_4290_7168_334257>
...
040 (391574.039.000) 2024-01-22 23:15:08 Finished transferring input files
...
001 (391574.039.000) 2024-01-22 23:15:08 Job executing on host: <172.30.1.216:9618?addrs=172.30.1.216-9618&alias=node16&noUDP&sock=startd_4255_2791>
...
006 (391574.039.000) 2024-01-22 23:15:16 Image size of job updated: 4956
	5  -  MemoryUsage of job (MB)
	4956  -  ResidentSetSize of job (KB)
...
006 (391574.039.000) 2024-01-22 23:20:16 Image size of job updated: 954752
	247  -  MemoryUsage of job (MB)
	252588  -  ResidentSetSize of job (KB)
...
006 (391574.039.000) 2024-01-22 23:25:17 Image size of job updated: 972540
	267  -  MemoryUsage of job (MB)
	272584  -  ResidentSetSize of job (KB)
...
006 (391574.039.000) 2024-01-22 23:30:17 Image size of job updated: 972540
	288  -  MemoryUsage of job (MB)
	294112  -  ResidentSetSize of job (KB)
...
004 (391574.039.000) 2024-01-22 23:35:24 Job was evicted.
	(0) CPU times
		Usr 0 00:18:44, Sys 0 00:00:50  -  Run Remote Usage
		Usr 0 00:00:00, Sys 0 00:00:00  -  Run Local Usage
	0  -  Run Bytes Sent By Job
	191685  -  Run Bytes Received By Job
	Partitionable Resources :    Usage  Request Allocated 
	   Cpus                 :     0.92        1         1 
	   Disk (KB)            : 10194         200    261111 
	   Memory (MB)          :   288        3900      3968 
...
009 (391574.039.000) 2024-01-22 23:35:24 Job was aborted.
	via condor_rm (by user shin)
...
000 (391577.039.000) 2024-01-22 23:35:26 Job submitted from host: <172.30.1.200:9618?addrs=172.30.1.200-9618&alias=tamsa2.snu.ac.kr&noUDP&sock=schedd_3625_06e6>
...
040 (391577.039.000) 2024-01-22 23:35:39 Started transferring input files
	Transferring to host: <172.30.1.216:9618?addrs=172.30.1.216-9618&alias=node16&noUDP&sock=slot1_40_4290_7168_334317>
...
040 (391577.039.000) 2024-01-22 23:35:39 Finished transferring input files
...
001 (391577.039.000) 2024-01-22 23:35:39 Job executing on host: <172.30.1.216:9618?addrs=172.30.1.216-9618&alias=node16&noUDP&sock=startd_4255_2791>
...
006 (391577.039.000) 2024-01-22 23:35:47 Image size of job updated: 4956
	5  -  MemoryUsage of job (MB)
	4956  -  ResidentSetSize of job (KB)
...
006 (391577.039.000) 2024-01-22 23:40:47 Image size of job updated: 956104
	207  -  MemoryUsage of job (MB)
	211800  -  ResidentSetSize of job (KB)
...
006 (391577.039.000) 2024-01-22 23:45:48 Image size of job updated: 968480
	226  -  MemoryUsage of job (MB)
	231376  -  ResidentSetSize of job (KB)
...
006 (391577.039.000) 2024-01-22 23:50:48 Image size of job updated: 971304
	247  -  MemoryUsage of job (MB)
	252508  -  ResidentSetSize of job (KB)
...
006 (391577.039.000) 2024-01-22 23:55:49 Image size of job updated: 972056
	256  -  MemoryUsage of job (MB)
	262044  -  ResidentSetSize of job (KB)
...
006 (391577.039.000) 2024-01-23 00:00:49 Image size of job updated: 972056
	287  -  MemoryUsage of job (MB)
	293712  -  ResidentSetSize of job (KB)
...
040 (391577.039.000) 2024-01-23 00:07:31 Started transferring output files
...
040 (391577.039.000) 2024-01-23 00:07:32 Finished transferring output files
...
005 (391577.039.000) 2024-01-23 00:07:32 Job terminated.
	(1) Normal termination (return value 0)
		Usr 0 00:30:24, Sys 0 00:01:10  -  Run Remote Usage
		Usr 0 00:00:00, Sys 0 00:00:00  -  Run Local Usage
		Usr 0 00:30:24, Sys 0 00:01:10  -  Total Remote Usage
		Usr 0 00:00:00, Sys 0 00:00:00  -  Total Local Usage
	31174520  -  Run Bytes Sent By Job
	191687  -  Run Bytes Received By Job
	31174520  -  Total Bytes Sent By Job
	191687  -  Total Bytes Received By Job
	Partitionable Resources :    Usage  Request Allocated 
	   Cpus                 :     1.00        1         1 
	   Disk (KB)            : 30707         200    261111 
	   Memory (MB)          :   287        3900      3968 

	Job terminated of its own accord at 2024-01-22T15:07:31Z.
...
000 (391582.039.000) 2024-01-23 10:33:35 Job submitted from host: <172.30.1.200:9618?addrs=172.30.1.200-9618&alias=tamsa2.snu.ac.kr&noUDP&sock=schedd_3625_06e6>
...
040 (391582.039.000) 2024-01-23 10:33:43 Started transferring input files
	Transferring to host: <172.30.1.216:9618?addrs=172.30.1.216-9618&alias=node16&noUDP&sock=slot1_40_4290_7168_337557>
...
040 (391582.039.000) 2024-01-23 10:33:43 Finished transferring input files
...
001 (391582.039.000) 2024-01-23 10:33:43 Job executing on host: <172.30.1.216:9618?addrs=172.30.1.216-9618&alias=node16&noUDP&sock=startd_4255_2791>
...
006 (391582.039.000) 2024-01-23 10:33:51 Image size of job updated: 4696
	5  -  MemoryUsage of job (MB)
	4696  -  ResidentSetSize of job (KB)
...
006 (391582.039.000) 2024-01-23 10:38:51 Image size of job updated: 954716
	238  -  MemoryUsage of job (MB)
	242752  -  ResidentSetSize of job (KB)
...
006 (391582.039.000) 2024-01-23 10:43:52 Image size of job updated: 966016
	238  -  MemoryUsage of job (MB)
	242752  -  ResidentSetSize of job (KB)
...
006 (391582.039.000) 2024-01-23 10:48:53 Image size of job updated: 971664
	247  -  MemoryUsage of job (MB)
	252024  -  ResidentSetSize of job (KB)
...
006 (391582.039.000) 2024-01-23 10:58:48 Image size of job updated: 972476
	247  -  MemoryUsage of job (MB)
	252024  -  ResidentSetSize of job (KB)
...
040 (391582.039.000) 2024-01-23 10:58:48 Started transferring output files
...
040 (391582.039.000) 2024-01-23 10:58:49 Finished transferring output files
...
005 (391582.039.000) 2024-01-23 10:58:49 Job terminated.
	(1) Normal termination (return value 0)
		Usr 0 00:23:19, Sys 0 00:00:55  -  Run Remote Usage
		Usr 0 00:00:00, Sys 0 00:00:00  -  Run Local Usage
		Usr 0 00:23:19, Sys 0 00:00:55  -  Total Remote Usage
		Usr 0 00:00:00, Sys 0 00:00:00  -  Total Local Usage
	31159912  -  Run Bytes Sent By Job
	191687  -  Run Bytes Received By Job
	31159912  -  Total Bytes Sent By Job
	191687  -  Total Bytes Received By Job
	Partitionable Resources :    Usage  Request Allocated 
	   Cpus                 :     1.00        1         1 
	   Disk (KB)            : 30692         200    261111 
	   Memory (MB)          :   247        3900      3968 

	Job terminated of its own accord at 2024-01-23T01:58:48Z.
...
