000 (390874.033.000) 2024-01-18 20:28:10 Job submitted from host: <172.30.1.200:9618?addrs=172.30.1.200-9618&alias=tamsa2.snu.ac.kr&noUDP&sock=schedd_3625_06e6>
...
040 (390874.033.000) 2024-01-18 20:28:24 Started transferring input files
	Transferring to host: <172.30.1.202:9618?addrs=172.30.1.202-9618&alias=node2&noUDP&sock=slot1_11_3851_20b6_74229>
...
001 (390874.033.000) 2024-01-18 20:28:24 Job executing on host: <172.30.1.202:9618?addrs=172.30.1.202-9618&alias=node2&noUDP&sock=startd_3818_68ae>
...
040 (390874.033.000) 2024-01-18 20:28:24 Finished transferring input files
...
006 (390874.033.000) 2024-01-18 20:28:32 Image size of job updated: 139088
	5  -  MemoryUsage of job (MB)
	4952  -  ResidentSetSize of job (KB)
...
006 (390874.033.000) 2024-01-18 20:32:32 Image size of job updated: 846620
	5  -  MemoryUsage of job (MB)
	4952  -  ResidentSetSize of job (KB)
...
040 (390874.033.000) 2024-01-18 20:32:32 Started transferring output files
...
040 (390874.033.000) 2024-01-18 20:32:33 Finished transferring output files
...
005 (390874.033.000) 2024-01-18 20:32:33 Job terminated.
	(1) Normal termination (return value 0)
		Usr 0 00:01:11, Sys 0 00:00:07  -  Run Remote Usage
		Usr 0 00:00:00, Sys 0 00:00:00  -  Run Local Usage
		Usr 0 00:01:11, Sys 0 00:00:07  -  Total Remote Usage
		Usr 0 00:00:00, Sys 0 00:00:00  -  Total Local Usage
	16552726  -  Run Bytes Sent By Job
	181578  -  Run Bytes Received By Job
	16552726  -  Total Bytes Sent By Job
	181578  -  Total Bytes Received By Job
	Partitionable Resources :    Usage  Request Allocated 
	   Cpus                 :     0.00        1         1 
	   Disk (KB)            : 16414         200    128928 
	   Memory (MB)          :     5        3900      3968 

	Job terminated of its own accord at 2024-01-18T11:32:32Z.
...
000 (390875.033.000) 2024-01-18 20:45:32 Job submitted from host: <172.30.1.200:9618?addrs=172.30.1.200-9618&alias=tamsa2.snu.ac.kr&noUDP&sock=schedd_3625_06e6>
...
040 (390875.033.000) 2024-01-18 20:45:47 Started transferring input files
	Transferring to host: <172.30.1.204:9618?addrs=172.30.1.204-9618&alias=node4&noUDP&sock=slot1_9_3725_5971_202595>
...
001 (390875.033.000) 2024-01-18 20:45:47 Job executing on host: <172.30.1.204:9618?addrs=172.30.1.204-9618&alias=node4&noUDP&sock=startd_3691_4c27>
...
040 (390875.033.000) 2024-01-18 20:45:47 Finished transferring input files
...
006 (390875.033.000) 2024-01-18 20:45:56 Image size of job updated: 144992
	11  -  MemoryUsage of job (MB)
	10736  -  ResidentSetSize of job (KB)
...
006 (390875.033.000) 2024-01-18 20:50:34 Image size of job updated: 868084
	11  -  MemoryUsage of job (MB)
	10736  -  ResidentSetSize of job (KB)
...
040 (390875.033.000) 2024-01-18 20:50:34 Started transferring output files
...
040 (390875.033.000) 2024-01-18 20:50:44 Finished transferring output files
...
005 (390875.033.000) 2024-01-18 20:50:44 Job terminated.
	(1) Normal termination (return value 0)
		Usr 0 00:03:01, Sys 0 00:00:12  -  Run Remote Usage
		Usr 0 00:00:00, Sys 0 00:00:00  -  Run Local Usage
		Usr 0 00:03:01, Sys 0 00:00:12  -  Total Remote Usage
		Usr 0 00:00:00, Sys 0 00:00:00  -  Total Local Usage
	101102928  -  Run Bytes Sent By Job
	182042  -  Run Bytes Received By Job
	101102928  -  Total Bytes Sent By Job
	182042  -  Total Bytes Received By Job
	Partitionable Resources :    Usage  Request Allocated 
	   Cpus                 :     0.02        1         1 
	   Disk (KB)            : 98984         200    128928 
	   Memory (MB)          :    11        3900      3968 

	Job terminated of its own accord at 2024-01-18T11:50:34Z.
...
000 (390886.033.000) 2024-01-18 21:10:43 Job submitted from host: <172.30.1.200:9618?addrs=172.30.1.200-9618&alias=tamsa2.snu.ac.kr&noUDP&sock=schedd_3625_06e6>
...
040 (390886.033.000) 2024-01-18 21:10:45 Started transferring input files
	Transferring to host: <172.30.1.204:9618?addrs=172.30.1.204-9618&alias=node4&noUDP&sock=slot1_6_3725_5971_202608>
...
001 (390886.033.000) 2024-01-18 21:10:45 Job executing on host: <172.30.1.204:9618?addrs=172.30.1.204-9618&alias=node4&noUDP&sock=startd_3691_4c27>
...
040 (390886.033.000) 2024-01-18 21:10:45 Finished transferring input files
...
006 (390886.033.000) 2024-01-18 21:10:54 Image size of job updated: 196156
	183  -  MemoryUsage of job (MB)
	186736  -  ResidentSetSize of job (KB)
...
006 (390886.033.000) 2024-01-18 21:12:03 Image size of job updated: 846164
	183  -  MemoryUsage of job (MB)
	186736  -  ResidentSetSize of job (KB)
...
040 (390886.033.000) 2024-01-18 21:12:03 Started transferring output files
...
040 (390886.033.000) 2024-01-18 21:12:06 Finished transferring output files
...
005 (390886.033.000) 2024-01-18 21:12:06 Job terminated.
	(1) Normal termination (return value 0)
		Usr 0 00:00:47, Sys 0 00:00:05  -  Run Remote Usage
		Usr 0 00:00:00, Sys 0 00:00:00  -  Run Local Usage
		Usr 0 00:00:47, Sys 0 00:00:05  -  Total Remote Usage
		Usr 0 00:00:00, Sys 0 00:00:00  -  Total Local Usage
	7473247  -  Run Bytes Sent By Job
	181210  -  Run Bytes Received By Job
	7473247  -  Total Bytes Sent By Job
	181210  -  Total Bytes Received By Job
	Partitionable Resources :    Usage  Request Allocated 
	   Cpus                 :     0.52        1         1 
	   Disk (KB)            :  7547         200    128928 
	   Memory (MB)          :   183        3900      3968 

	Job terminated of its own accord at 2024-01-18T12:12:03Z.
...
000 (390887.033.000) 2024-01-18 21:19:38 Job submitted from host: <172.30.1.200:9618?addrs=172.30.1.200-9618&alias=tamsa2.snu.ac.kr&noUDP&sock=schedd_3625_06e6>
...
040 (390887.033.000) 2024-01-18 21:19:40 Started transferring input files
	Transferring to host: <172.30.1.204:9618?addrs=172.30.1.204-9618&alias=node4&noUDP&sock=slot1_5_3725_5971_202619>
...
001 (390887.033.000) 2024-01-18 21:19:40 Job executing on host: <172.30.1.204:9618?addrs=172.30.1.204-9618&alias=node4&noUDP&sock=startd_3691_4c27>
...
040 (390887.033.000) 2024-01-18 21:19:40 Finished transferring input files
...
006 (390887.033.000) 2024-01-18 21:19:49 Image size of job updated: 843372
	199  -  MemoryUsage of job (MB)
	203392  -  ResidentSetSize of job (KB)
...
006 (390887.033.000) 2024-01-18 21:22:11 Image size of job updated: 869092
	199  -  MemoryUsage of job (MB)
	203392  -  ResidentSetSize of job (KB)
...
040 (390887.033.000) 2024-01-18 21:22:11 Started transferring output files
...
040 (390887.033.000) 2024-01-18 21:22:15 Finished transferring output files
...
005 (390887.033.000) 2024-01-18 21:22:15 Job terminated.
	(1) Normal termination (return value 0)
		Usr 0 00:02:14, Sys 0 00:00:09  -  Run Remote Usage
		Usr 0 00:00:00, Sys 0 00:00:00  -  Run Local Usage
		Usr 0 00:02:14, Sys 0 00:00:09  -  Total Remote Usage
		Usr 0 00:00:00, Sys 0 00:00:00  -  Total Local Usage
	34618292  -  Run Bytes Sent By Job
	181210  -  Run Bytes Received By Job
	34618292  -  Total Bytes Sent By Job
	181210  -  Total Bytes Received By Job
	Partitionable Resources :    Usage  Request Allocated 
	   Cpus                 :     0.55        1         1 
	   Disk (KB)            : 34056         200    128928 
	   Memory (MB)          :   199        3900      3968 

	Job terminated of its own accord at 2024-01-18T12:22:11Z.
...
000 (390888.033.000) 2024-01-18 21:30:57 Job submitted from host: <172.30.1.200:9618?addrs=172.30.1.200-9618&alias=tamsa2.snu.ac.kr&noUDP&sock=schedd_3625_06e6>
...
040 (390888.033.000) 2024-01-18 21:31:01 Started transferring input files
	Transferring to host: <172.30.1.204:9618?addrs=172.30.1.204-9618&alias=node4&noUDP&sock=slot1_9_3725_5971_202634>
...
001 (390888.033.000) 2024-01-18 21:31:01 Job executing on host: <172.30.1.204:9618?addrs=172.30.1.204-9618&alias=node4&noUDP&sock=startd_3691_4c27>
...
040 (390888.033.000) 2024-01-18 21:31:01 Finished transferring input files
...
006 (390888.033.000) 2024-01-18 21:31:10 Image size of job updated: 835112
	190  -  MemoryUsage of job (MB)
	194072  -  ResidentSetSize of job (KB)
...
006 (390888.033.000) 2024-01-18 21:34:14 Image size of job updated: 871736
	190  -  MemoryUsage of job (MB)
	194072  -  ResidentSetSize of job (KB)
...
040 (390888.033.000) 2024-01-18 21:34:14 Started transferring output files
...
040 (390888.033.000) 2024-01-18 21:34:23 Finished transferring output files
...
005 (390888.033.000) 2024-01-18 21:34:23 Job terminated.
	(1) Normal termination (return value 0)
		Usr 0 00:02:51, Sys 0 00:00:12  -  Run Remote Usage
		Usr 0 00:00:00, Sys 0 00:00:00  -  Run Local Usage
		Usr 0 00:02:51, Sys 0 00:00:12  -  Total Remote Usage
		Usr 0 00:00:00, Sys 0 00:00:00  -  Total Local Usage
	33716664  -  Run Bytes Sent By Job
	181214  -  Run Bytes Received By Job
	33716664  -  Total Bytes Sent By Job
	181214  -  Total Bytes Received By Job
	Partitionable Resources :    Usage  Request Allocated 
	   Cpus                 :     0.96        1         1 
	   Disk (KB)            : 33175         200    128928 
	   Memory (MB)          :   190        3900      3968 

	Job terminated of its own accord at 2024-01-18T12:34:14Z.
...
000 (390894.033.000) 2024-01-18 21:35:52 Job submitted from host: <172.30.1.200:9618?addrs=172.30.1.200-9618&alias=tamsa2.snu.ac.kr&noUDP&sock=schedd_3625_06e6>
...
040 (390894.033.000) 2024-01-18 21:36:10 Started transferring input files
	Transferring to host: <172.30.1.204:9618?addrs=172.30.1.204-9618&alias=node4&noUDP&sock=slot1_10_3725_5971_202657>
...
001 (390894.033.000) 2024-01-18 21:36:10 Job executing on host: <172.30.1.204:9618?addrs=172.30.1.204-9618&alias=node4&noUDP&sock=startd_3691_4c27>
...
040 (390894.033.000) 2024-01-18 21:36:10 Finished transferring input files
...
006 (390894.033.000) 2024-01-18 21:36:19 Image size of job updated: 230112
	184  -  MemoryUsage of job (MB)
	187588  -  ResidentSetSize of job (KB)
...
006 (390894.033.000) 2024-01-18 21:39:20 Image size of job updated: 864800
	184  -  MemoryUsage of job (MB)
	187588  -  ResidentSetSize of job (KB)
...
040 (390894.033.000) 2024-01-18 21:39:20 Started transferring output files
...
040 (390894.033.000) 2024-01-18 21:39:22 Finished transferring output files
...
005 (390894.033.000) 2024-01-18 21:39:22 Job terminated.
	(1) Normal termination (return value 0)
		Usr 0 00:02:49, Sys 0 00:00:12  -  Run Remote Usage
		Usr 0 00:00:00, Sys 0 00:00:00  -  Run Local Usage
		Usr 0 00:02:49, Sys 0 00:00:12  -  Total Remote Usage
		Usr 0 00:00:00, Sys 0 00:00:00  -  Total Local Usage
	33713216  -  Run Bytes Sent By Job
	181194  -  Run Bytes Received By Job
	33713216  -  Total Bytes Sent By Job
	181194  -  Total Bytes Received By Job
	Partitionable Resources :    Usage  Request Allocated 
	   Cpus                 :     0.98        1         1 
	   Disk (KB)            : 33172         200    128928 
	   Memory (MB)          :   184        3900      3968 

	Job terminated of its own accord at 2024-01-18T12:39:20Z.
...
000 (390895.033.000) 2024-01-18 21:48:05 Job submitted from host: <172.30.1.200:9618?addrs=172.30.1.200-9618&alias=tamsa2.snu.ac.kr&noUDP&sock=schedd_3625_06e6>
...
040 (390895.033.000) 2024-01-18 21:48:08 Started transferring input files
	Transferring to host: <172.30.1.216:9618?addrs=172.30.1.216-9618&alias=node16&noUDP&sock=slot1_73_4290_7168_331030>
...
001 (390895.033.000) 2024-01-18 21:48:08 Job executing on host: <172.30.1.216:9618?addrs=172.30.1.216-9618&alias=node16&noUDP&sock=startd_4255_2791>
...
040 (390895.033.000) 2024-01-18 21:48:08 Finished transferring input files
...
006 (390895.033.000) 2024-01-18 21:48:17 Image size of job updated: 139344
	79  -  MemoryUsage of job (MB)
	80252  -  ResidentSetSize of job (KB)
...
006 (390895.033.000) 2024-01-18 21:50:05 Image size of job updated: 864636
	79  -  MemoryUsage of job (MB)
	80256  -  ResidentSetSize of job (KB)
...
004 (390895.033.000) 2024-01-18 21:50:06 Job was evicted.
	(0) CPU times
		Usr 0 00:01:28, Sys 0 00:00:07  -  Run Remote Usage
		Usr 0 00:00:00, Sys 0 00:00:00  -  Run Local Usage
	0  -  Run Bytes Sent By Job
	182143  -  Run Bytes Received By Job
	Partitionable Resources :    Usage  Request Allocated 
	   Cpus                 :     0.98        1         1 
	   Disk (KB)            :  6107         200    261111 
	   Memory (MB)          :    79        3900      3968 
...
009 (390895.033.000) 2024-01-18 21:50:06 Job was aborted.
	via condor_rm (by user shin)
...
000 (390896.033.000) 2024-01-18 21:53:08 Job submitted from host: <172.30.1.200:9618?addrs=172.30.1.200-9618&alias=tamsa2.snu.ac.kr&noUDP&sock=schedd_3625_06e6>
...
040 (390896.033.000) 2024-01-18 21:54:29 Started transferring input files
	Transferring to host: <172.30.1.102:9618?addrs=172.30.1.102-9618&alias=n2&noUDP&sock=slot1_37_3356_5b02_63213>
...
040 (390896.033.000) 2024-01-18 21:54:29 Finished transferring input files
...
001 (390896.033.000) 2024-01-18 21:54:29 Job executing on host: <172.30.1.102:9618?addrs=172.30.1.102-9618&alias=n2&noUDP&sock=startd_3322_31b4>
...
006 (390896.033.000) 2024-01-18 21:54:38 Image size of job updated: 139088
	133  -  MemoryUsage of job (MB)
	135856  -  ResidentSetSize of job (KB)
...
006 (390896.033.000) 2024-01-18 21:59:38 Image size of job updated: 868020
	201  -  MemoryUsage of job (MB)
	204812  -  ResidentSetSize of job (KB)
...
006 (390896.033.000) 2024-01-18 22:01:45 Image size of job updated: 868172
	201  -  MemoryUsage of job (MB)
	204812  -  ResidentSetSize of job (KB)
...
040 (390896.033.000) 2024-01-18 22:01:45 Started transferring output files
...
040 (390896.033.000) 2024-01-18 22:01:47 Finished transferring output files
...
005 (390896.033.000) 2024-01-18 22:01:47 Job terminated.
	(1) Normal termination (return value 0)
		Usr 0 00:05:50, Sys 0 00:00:34  -  Run Remote Usage
		Usr 0 00:00:00, Sys 0 00:00:00  -  Run Local Usage
		Usr 0 00:05:50, Sys 0 00:00:34  -  Total Remote Usage
		Usr 0 00:00:00, Sys 0 00:00:00  -  Total Local Usage
	39345324  -  Run Bytes Sent By Job
	182135  -  Run Bytes Received By Job
	39345324  -  Total Bytes Sent By Job
	182135  -  Total Bytes Received By Job
	Partitionable Resources :    Usage  Request Allocated 
	   Cpus                 :     0.97        1         1 
	   Disk (KB)            : 38673         200    123820 
	   Memory (MB)          :   201        3900      3968 

	Job terminated of its own accord at 2024-01-18T13:01:45Z.
...
000 (390897.033.000) 2024-01-18 22:03:48 Job submitted from host: <172.30.1.200:9618?addrs=172.30.1.200-9618&alias=tamsa2.snu.ac.kr&noUDP&sock=schedd_3625_06e6>
...
040 (390897.033.000) 2024-01-18 22:06:49 Started transferring input files
	Transferring to host: <172.30.1.109:9618?addrs=172.30.1.109-9618&alias=n9&noUDP&sock=slot1_42_4134_86e1_92199>
...
001 (390897.033.000) 2024-01-18 22:06:49 Job executing on host: <172.30.1.109:9618?addrs=172.30.1.109-9618&alias=n9&noUDP&sock=startd_4100_d663>
...
040 (390897.033.000) 2024-01-18 22:06:49 Finished transferring input files
...
006 (390897.033.000) 2024-01-18 22:06:58 Image size of job updated: 835348
	184  -  MemoryUsage of job (MB)
	188124  -  ResidentSetSize of job (KB)
...
006 (390897.033.000) 2024-01-18 22:10:19 Image size of job updated: 867868
	184  -  MemoryUsage of job (MB)
	188172  -  ResidentSetSize of job (KB)
...
040 (390897.033.000) 2024-01-18 22:10:19 Started transferring output files
...
040 (390897.033.000) 2024-01-18 22:10:20 Finished transferring output files
...
005 (390897.033.000) 2024-01-18 22:10:20 Job terminated.
	(1) Normal termination (return value 0)
		Usr 0 00:03:08, Sys 0 00:00:12  -  Run Remote Usage
		Usr 0 00:00:00, Sys 0 00:00:00  -  Run Local Usage
		Usr 0 00:03:08, Sys 0 00:00:12  -  Total Remote Usage
		Usr 0 00:00:00, Sys 0 00:00:00  -  Total Local Usage
	39141648  -  Run Bytes Sent By Job
	182135  -  Run Bytes Received By Job
	39141648  -  Total Bytes Sent By Job
	182135  -  Total Bytes Received By Job
	Partitionable Resources :    Usage  Request Allocated 
	   Cpus                 :     1.00        1         1 
	   Disk (KB)            : 38474         200    127849 
	   Memory (MB)          :   184        3900      3968 

	Job terminated of its own accord at 2024-01-18T13:10:19Z.
...
000 (390986.033.000) 2024-01-18 22:24:33 Job submitted from host: <172.30.1.200:9618?addrs=172.30.1.200-9618&alias=tamsa2.snu.ac.kr&noUDP&sock=schedd_3625_06e6>
...
040 (390986.033.000) 2024-01-18 22:26:35 Started transferring input files
	Transferring to host: <172.30.1.204:9618?addrs=172.30.1.204-9618&alias=node4&noUDP&sock=slot1_21_3725_5971_202905>
...
001 (390986.033.000) 2024-01-18 22:26:35 Job executing on host: <172.30.1.204:9618?addrs=172.30.1.204-9618&alias=node4&noUDP&sock=startd_3691_4c27>
...
040 (390986.033.000) 2024-01-18 22:26:35 Finished transferring input files
...
006 (390986.033.000) 2024-01-18 22:26:45 Image size of job updated: 835112
	183  -  MemoryUsage of job (MB)
	186740  -  ResidentSetSize of job (KB)
...
006 (390986.033.000) 2024-01-18 22:30:48 Image size of job updated: 866096
	183  -  MemoryUsage of job (MB)
	186740  -  ResidentSetSize of job (KB)
...
040 (390986.033.000) 2024-01-18 22:30:49 Started transferring output files
...
040 (390986.033.000) 2024-01-18 22:30:50 Finished transferring output files
...
005 (390986.033.000) 2024-01-18 22:30:50 Job terminated.
	(1) Normal termination (return value 0)
		Usr 0 00:03:11, Sys 0 00:00:12  -  Run Remote Usage
		Usr 0 00:00:00, Sys 0 00:00:00  -  Run Local Usage
		Usr 0 00:03:11, Sys 0 00:00:12  -  Total Remote Usage
		Usr 0 00:00:00, Sys 0 00:00:00  -  Total Local Usage
	35471036  -  Run Bytes Sent By Job
	182182  -  Run Bytes Received By Job
	35471036  -  Total Bytes Sent By Job
	182182  -  Total Bytes Received By Job
	Partitionable Resources :    Usage  Request Allocated 
	   Cpus                 :                 1         1 
	   Disk (KB)            :    34884      200    128928 
	   Memory (MB)          :      183     3900      3968 

	Job terminated of its own accord at 2024-01-18T13:30:48Z.
...
000 (391043.033.000) 2024-01-18 23:16:24 Job submitted from host: <172.30.1.200:9618?addrs=172.30.1.200-9618&alias=tamsa2.snu.ac.kr&noUDP&sock=schedd_3625_06e6>
...
040 (391043.033.000) 2024-01-18 23:16:30 Started transferring input files
	Transferring to host: <172.30.1.204:9618?addrs=172.30.1.204-9618&alias=node4&noUDP&sock=slot1_28_3725_5971_202947>
...
001 (391043.033.000) 2024-01-18 23:16:30 Job executing on host: <172.30.1.204:9618?addrs=172.30.1.204-9618&alias=node4&noUDP&sock=startd_3691_4c27>
...
040 (391043.033.000) 2024-01-18 23:16:30 Finished transferring input files
...
006 (391043.033.000) 2024-01-18 23:16:39 Image size of job updated: 140720
	130  -  MemoryUsage of job (MB)
	132424  -  ResidentSetSize of job (KB)
...
006 (391043.033.000) 2024-01-18 23:18:12 Image size of job updated: 846684
	130  -  MemoryUsage of job (MB)
	132424  -  ResidentSetSize of job (KB)
...
040 (391043.033.000) 2024-01-18 23:18:12 Started transferring output files
...
040 (391043.033.000) 2024-01-18 23:18:22 Finished transferring output files
...
005 (391043.033.000) 2024-01-18 23:18:22 Job terminated.
	(1) Normal termination (return value 0)
		Usr 0 00:01:06, Sys 0 00:00:07  -  Run Remote Usage
		Usr 0 00:00:00, Sys 0 00:00:00  -  Run Local Usage
		Usr 0 00:01:06, Sys 0 00:00:07  -  Total Remote Usage
		Usr 0 00:00:00, Sys 0 00:00:00  -  Total Local Usage
	7464110  -  Run Bytes Sent By Job
	182524  -  Run Bytes Received By Job
	7464110  -  Total Bytes Sent By Job
	182524  -  Total Bytes Received By Job
	Partitionable Resources :    Usage  Request Allocated 
	   Cpus                 :     0.03        1         1 
	   Disk (KB)            :  7540         200    128928 
	   Memory (MB)          :   130        3900      3968 

	Job terminated of its own accord at 2024-01-18T14:18:12Z.
...
000 (391059.033.000) 2024-01-19 10:38:28 Job submitted from host: <172.30.1.200:9618?addrs=172.30.1.200-9618&alias=tamsa2.snu.ac.kr&noUDP&sock=schedd_3625_06e6>
...
040 (391059.033.000) 2024-01-19 10:38:33 Started transferring input files
	Transferring to host: <172.30.1.207:9618?addrs=172.30.1.207-9618&alias=node7&noUDP&sock=slot1_41_39434_91fd_225175>
...
001 (391059.033.000) 2024-01-19 10:38:33 Job executing on host: <172.30.1.207:9618?addrs=172.30.1.207-9618&alias=node7&noUDP&sock=startd_3748_650d>
...
040 (391059.033.000) 2024-01-19 10:38:33 Finished transferring input files
...
006 (391059.033.000) 2024-01-19 10:38:41 Image size of job updated: 139088
	76  -  MemoryUsage of job (MB)
	77032  -  ResidentSetSize of job (KB)
...
006 (391059.033.000) 2024-01-19 10:43:24 Image size of job updated: 869936
	76  -  MemoryUsage of job (MB)
	77032  -  ResidentSetSize of job (KB)
...
040 (391059.033.000) 2024-01-19 10:43:24 Started transferring output files
...
040 (391059.033.000) 2024-01-19 10:43:25 Finished transferring output files
...
005 (391059.033.000) 2024-01-19 10:43:25 Job terminated.
	(1) Normal termination (return value 0)
		Usr 0 00:03:20, Sys 0 00:00:13  -  Run Remote Usage
		Usr 0 00:00:00, Sys 0 00:00:00  -  Run Local Usage
		Usr 0 00:03:20, Sys 0 00:00:13  -  Total Remote Usage
		Usr 0 00:00:00, Sys 0 00:00:00  -  Total Local Usage
	33810040  -  Run Bytes Sent By Job
	182504  -  Run Bytes Received By Job
	33810040  -  Total Bytes Sent By Job
	182504  -  Total Bytes Received By Job
	Partitionable Resources :    Usage  Request Allocated 
	   Cpus                 :     0.41        1         1 
	   Disk (KB)            : 33268         200    121695 
	   Memory (MB)          :    76        3900      3968 

	Job terminated of its own accord at 2024-01-19T01:43:24Z.
...
000 (391060.033.000) 2024-01-19 10:57:46 Job submitted from host: <172.30.1.200:9618?addrs=172.30.1.200-9618&alias=tamsa2.snu.ac.kr&noUDP&sock=schedd_3625_06e6>
...
040 (391060.033.000) 2024-01-19 10:57:50 Started transferring input files
	Transferring to host: <172.30.1.202:9618?addrs=172.30.1.202-9618&alias=node2&noUDP&sock=slot1_36_3851_20b6_74647>
...
001 (391060.033.000) 2024-01-19 10:57:50 Job executing on host: <172.30.1.202:9618?addrs=172.30.1.202-9618&alias=node2&noUDP&sock=startd_3818_68ae>
...
040 (391060.033.000) 2024-01-19 10:57:50 Finished transferring input files
...
006 (391060.033.000) 2024-01-19 10:57:58 Image size of job updated: 205812
	165  -  MemoryUsage of job (MB)
	167968  -  ResidentSetSize of job (KB)
...
006 (391060.033.000) 2024-01-19 11:02:24 Image size of job updated: 870140
	165  -  MemoryUsage of job (MB)
	167996  -  ResidentSetSize of job (KB)
...
040 (391060.033.000) 2024-01-19 11:02:24 Started transferring output files
...
040 (391060.033.000) 2024-01-19 11:02:27 Finished transferring output files
...
005 (391060.033.000) 2024-01-19 11:02:27 Job terminated.
	(1) Normal termination (return value 0)
		Usr 0 00:03:27, Sys 0 00:00:13  -  Run Remote Usage
		Usr 0 00:00:00, Sys 0 00:00:00  -  Run Local Usage
		Usr 0 00:03:27, Sys 0 00:00:13  -  Total Remote Usage
		Usr 0 00:00:00, Sys 0 00:00:00  -  Total Local Usage
	35146576  -  Run Bytes Sent By Job
	182520  -  Run Bytes Received By Job
	35146576  -  Total Bytes Sent By Job
	182520  -  Total Bytes Received By Job
	Partitionable Resources :    Usage  Request Allocated 
	   Cpus                 :     0.98        1         1 
	   Disk (KB)            : 34573         200    128928 
	   Memory (MB)          :   165        3900      3968 

	Job terminated of its own accord at 2024-01-19T02:02:24Z.
...
000 (391113.033.000) 2024-01-19 11:50:58 Job submitted from host: <172.30.1.200:9618?addrs=172.30.1.200-9618&alias=tamsa2.snu.ac.kr&noUDP&sock=schedd_3625_06e6>
...
040 (391113.033.000) 2024-01-19 11:51:02 Started transferring input files
	Transferring to host: <172.30.1.208:9618?addrs=172.30.1.208-9618&alias=node8&noUDP&sock=slot1_43_3811_f1b4_191168>
...
001 (391113.033.000) 2024-01-19 11:51:02 Job executing on host: <172.30.1.208:9618?addrs=172.30.1.208-9618&alias=node8&noUDP&sock=startd_3777_494c>
...
040 (391113.033.000) 2024-01-19 11:51:02 Finished transferring input files
...
006 (391113.033.000) 2024-01-19 11:51:10 Image size of job updated: 561376
	117  -  MemoryUsage of job (MB)
	119456  -  ResidentSetSize of job (KB)
...
006 (391113.033.000) 2024-01-19 11:53:12 Image size of job updated: 845976
	117  -  MemoryUsage of job (MB)
	119456  -  ResidentSetSize of job (KB)
...
040 (391113.033.000) 2024-01-19 11:53:12 Started transferring output files
...
040 (391113.033.000) 2024-01-19 11:53:12 Finished transferring output files
...
005 (391113.033.000) 2024-01-19 11:53:12 Job terminated.
	(1) Normal termination (return value 0)
		Usr 0 00:01:10, Sys 0 00:00:07  -  Run Remote Usage
		Usr 0 00:00:00, Sys 0 00:00:00  -  Run Local Usage
		Usr 0 00:01:10, Sys 0 00:00:07  -  Total Remote Usage
		Usr 0 00:00:00, Sys 0 00:00:00  -  Total Local Usage
	7464079  -  Run Bytes Sent By Job
	183986  -  Run Bytes Received By Job
	7464079  -  Total Bytes Sent By Job
	183986  -  Total Bytes Received By Job
	Partitionable Resources :    Usage  Request Allocated 
	   Cpus                 :                 1         1 
	   Disk (KB)            :     7536      200    128928 
	   Memory (MB)          :      117     3900      3968 

	Job terminated of its own accord at 2024-01-19T02:53:12Z.
...
000 (391114.033.000) 2024-01-19 11:56:30 Job submitted from host: <172.30.1.200:9618?addrs=172.30.1.200-9618&alias=tamsa2.snu.ac.kr&noUDP&sock=schedd_3625_06e6>
...
040 (391114.033.000) 2024-01-19 11:56:34 Started transferring input files
	Transferring to host: <172.30.1.208:9618?addrs=172.30.1.208-9618&alias=node8&noUDP&sock=slot1_45_3811_f1b4_191180>
...
040 (391114.033.000) 2024-01-19 11:56:34 Finished transferring input files
...
001 (391114.033.000) 2024-01-19 11:56:34 Job executing on host: <172.30.1.208:9618?addrs=172.30.1.208-9618&alias=node8&noUDP&sock=startd_3777_494c>
...
006 (391114.033.000) 2024-01-19 11:56:43 Image size of job updated: 656432
	182  -  MemoryUsage of job (MB)
	185396  -  ResidentSetSize of job (KB)
...
006 (391114.033.000) 2024-01-19 11:58:38 Image size of job updated: 846160
	182  -  MemoryUsage of job (MB)
	185396  -  ResidentSetSize of job (KB)
...
040 (391114.033.000) 2024-01-19 11:58:39 Started transferring output files
...
040 (391114.033.000) 2024-01-19 11:58:39 Finished transferring output files
...
005 (391114.033.000) 2024-01-19 11:58:39 Job terminated.
	(1) Normal termination (return value 0)
		Usr 0 00:01:11, Sys 0 00:00:07  -  Run Remote Usage
		Usr 0 00:00:00, Sys 0 00:00:00  -  Run Local Usage
		Usr 0 00:01:11, Sys 0 00:00:07  -  Total Remote Usage
		Usr 0 00:00:00, Sys 0 00:00:00  -  Total Local Usage
	7464183  -  Run Bytes Sent By Job
	183986  -  Run Bytes Received By Job
	7464183  -  Total Bytes Sent By Job
	183986  -  Total Bytes Received By Job
	Partitionable Resources :    Usage  Request Allocated 
	   Cpus                 :                 1         1 
	   Disk (KB)            :     7536      200    128928 
	   Memory (MB)          :      182     3900      3968 

	Job terminated of its own accord at 2024-01-19T02:58:38Z.
...
000 (391115.033.000) 2024-01-19 12:05:54 Job submitted from host: <172.30.1.200:9618?addrs=172.30.1.200-9618&alias=tamsa2.snu.ac.kr&noUDP&sock=schedd_3625_06e6>
...
040 (391115.033.000) 2024-01-19 12:05:58 Started transferring input files
	Transferring to host: <172.30.1.208:9618?addrs=172.30.1.208-9618&alias=node8&noUDP&sock=slot1_46_3811_f1b4_191189>
...
001 (391115.033.000) 2024-01-19 12:05:58 Job executing on host: <172.30.1.208:9618?addrs=172.30.1.208-9618&alias=node8&noUDP&sock=startd_3777_494c>
...
040 (391115.033.000) 2024-01-19 12:05:58 Finished transferring input files
...
006 (391115.033.000) 2024-01-19 12:06:07 Image size of job updated: 185412
	182  -  MemoryUsage of job (MB)
	185412  -  ResidentSetSize of job (KB)
...
006 (391115.033.000) 2024-01-19 12:07:59 Image size of job updated: 844064
	182  -  MemoryUsage of job (MB)
	185412  -  ResidentSetSize of job (KB)
...
040 (391115.033.000) 2024-01-19 12:08:00 Started transferring output files
...
040 (391115.033.000) 2024-01-19 12:08:01 Finished transferring output files
...
005 (391115.033.000) 2024-01-19 12:08:01 Job terminated.
	(1) Normal termination (return value 0)
		Usr 0 00:01:13, Sys 0 00:00:07  -  Run Remote Usage
		Usr 0 00:00:00, Sys 0 00:00:00  -  Run Local Usage
		Usr 0 00:01:13, Sys 0 00:00:07  -  Total Remote Usage
		Usr 0 00:00:00, Sys 0 00:00:00  -  Total Local Usage
	7464183  -  Run Bytes Sent By Job
	184022  -  Run Bytes Received By Job
	7464183  -  Total Bytes Sent By Job
	184022  -  Total Bytes Received By Job
	Partitionable Resources :    Usage  Request Allocated 
	   Cpus                 :                 1         1 
	   Disk (KB)            :     7537      200    128928 
	   Memory (MB)          :      182     3900      3968 

	Job terminated of its own accord at 2024-01-19T03:07:59Z.
...
000 (391116.033.000) 2024-01-19 12:09:38 Job submitted from host: <172.30.1.200:9618?addrs=172.30.1.200-9618&alias=tamsa2.snu.ac.kr&noUDP&sock=schedd_3625_06e6>
...
040 (391116.033.000) 2024-01-19 12:09:42 Started transferring input files
	Transferring to host: <172.30.1.208:9618?addrs=172.30.1.208-9618&alias=node8&noUDP&sock=slot1_46_3811_f1b4_191197>
...
001 (391116.033.000) 2024-01-19 12:09:42 Job executing on host: <172.30.1.208:9618?addrs=172.30.1.208-9618&alias=node8&noUDP&sock=startd_3777_494c>
...
040 (391116.033.000) 2024-01-19 12:09:42 Finished transferring input files
...
006 (391116.033.000) 2024-01-19 12:09:50 Image size of job updated: 578840
	183  -  MemoryUsage of job (MB)
	186744  -  ResidentSetSize of job (KB)
...
006 (391116.033.000) 2024-01-19 12:11:44 Image size of job updated: 755336
	183  -  MemoryUsage of job (MB)
	186744  -  ResidentSetSize of job (KB)
...
040 (391116.033.000) 2024-01-19 12:11:44 Started transferring output files
...
040 (391116.033.000) 2024-01-19 12:11:44 Finished transferring output files
...
005 (391116.033.000) 2024-01-19 12:11:44 Job terminated.
	(1) Normal termination (return value 0)
		Usr 0 00:01:12, Sys 0 00:00:07  -  Run Remote Usage
		Usr 0 00:00:00, Sys 0 00:00:00  -  Run Local Usage
		Usr 0 00:01:12, Sys 0 00:00:07  -  Total Remote Usage
		Usr 0 00:00:00, Sys 0 00:00:00  -  Total Local Usage
	7464207  -  Run Bytes Sent By Job
	184022  -  Run Bytes Received By Job
	7464207  -  Total Bytes Sent By Job
	184022  -  Total Bytes Received By Job
	Partitionable Resources :    Usage  Request Allocated 
	   Cpus                 :     0.40        1         1 
	   Disk (KB)            :  7542         200    128928 
	   Memory (MB)          :   183        3900      3968 

	Job terminated of its own accord at 2024-01-19T03:11:44Z.
...
000 (391117.033.000) 2024-01-19 12:15:27 Job submitted from host: <172.30.1.200:9618?addrs=172.30.1.200-9618&alias=tamsa2.snu.ac.kr&noUDP&sock=schedd_3625_06e6>
...
040 (391117.033.000) 2024-01-19 12:15:34 Started transferring input files
	Transferring to host: <172.30.1.208:9618?addrs=172.30.1.208-9618&alias=node8&noUDP&sock=slot1_47_3811_f1b4_191206>
...
001 (391117.033.000) 2024-01-19 12:15:34 Job executing on host: <172.30.1.208:9618?addrs=172.30.1.208-9618&alias=node8&noUDP&sock=startd_3777_494c>
...
040 (391117.033.000) 2024-01-19 12:15:34 Finished transferring input files
...
006 (391117.033.000) 2024-01-19 12:15:43 Image size of job updated: 525032
	182  -  MemoryUsage of job (MB)
	185396  -  ResidentSetSize of job (KB)
...
006 (391117.033.000) 2024-01-19 12:20:20 Image size of job updated: 870552
	182  -  MemoryUsage of job (MB)
	185396  -  ResidentSetSize of job (KB)
...
040 (391117.033.000) 2024-01-19 12:20:20 Started transferring output files
...
040 (391117.033.000) 2024-01-19 12:20:21 Finished transferring output files
...
005 (391117.033.000) 2024-01-19 12:20:21 Job terminated.
	(1) Normal termination (return value 0)
		Usr 0 00:03:35, Sys 0 00:00:13  -  Run Remote Usage
		Usr 0 00:00:00, Sys 0 00:00:00  -  Run Local Usage
		Usr 0 00:03:35, Sys 0 00:00:13  -  Total Remote Usage
		Usr 0 00:00:00, Sys 0 00:00:00  -  Total Local Usage
	33974296  -  Run Bytes Sent By Job
	184028  -  Run Bytes Received By Job
	33974296  -  Total Bytes Sent By Job
	184028  -  Total Bytes Received By Job
	Partitionable Resources :    Usage  Request Allocated 
	   Cpus                 :     0.36        1         1 
	   Disk (KB)            : 33431         200    128928 
	   Memory (MB)          :   182        3900      3968 

	Job terminated of its own accord at 2024-01-19T03:20:20Z.
...
000 (391118.033.000) 2024-01-19 12:41:45 Job submitted from host: <172.30.1.200:9618?addrs=172.30.1.200-9618&alias=tamsa2.snu.ac.kr&noUDP&sock=schedd_3625_06e6>
...
040 (391118.033.000) 2024-01-19 12:41:53 Started transferring input files
	Transferring to host: <172.30.1.210:9618?addrs=172.30.1.210-9618&alias=node10&noUDP&sock=slot1_44_3822_b1d4_184619>
...
040 (391118.033.000) 2024-01-19 12:41:53 Finished transferring input files
...
001 (391118.033.000) 2024-01-19 12:41:53 Job executing on host: <172.30.1.210:9618?addrs=172.30.1.210-9618&alias=node10&noUDP&sock=startd_3788_d4d6>
...
006 (391118.033.000) 2024-01-19 12:42:01 Image size of job updated: 184548
	181  -  MemoryUsage of job (MB)
	184548  -  ResidentSetSize of job (KB)
...
006 (391118.033.000) 2024-01-19 12:43:48 Image size of job updated: 846144
	181  -  MemoryUsage of job (MB)
	184548  -  ResidentSetSize of job (KB)
...
040 (391118.033.000) 2024-01-19 12:43:48 Started transferring output files
...
040 (391118.033.000) 2024-01-19 12:43:48 Finished transferring output files
...
005 (391118.033.000) 2024-01-19 12:43:48 Job terminated.
	(1) Normal termination (return value 0)
		Usr 0 00:01:14, Sys 0 00:00:07  -  Run Remote Usage
		Usr 0 00:00:00, Sys 0 00:00:00  -  Run Local Usage
		Usr 0 00:01:14, Sys 0 00:00:07  -  Total Remote Usage
		Usr 0 00:00:00, Sys 0 00:00:00  -  Total Local Usage
	7464143  -  Run Bytes Sent By Job
	183796  -  Run Bytes Received By Job
	7464143  -  Total Bytes Sent By Job
	183796  -  Total Bytes Received By Job
	Partitionable Resources :    Usage  Request Allocated 
	   Cpus                 :                 1         1 
	   Disk (KB)            :     7536      200    128928 
	   Memory (MB)          :      181     3900      3968 

	Job terminated of its own accord at 2024-01-19T03:43:48Z.
...
000 (391119.033.000) 2024-01-19 12:47:04 Job submitted from host: <172.30.1.200:9618?addrs=172.30.1.200-9618&alias=tamsa2.snu.ac.kr&noUDP&sock=schedd_3625_06e6>
...
040 (391119.033.000) 2024-01-19 12:47:14 Started transferring input files
	Transferring to host: <172.30.1.209:9618?addrs=172.30.1.209-9618&alias=node9&noUDP&sock=slot1_46_3782_82d3_179355>
...
001 (391119.033.000) 2024-01-19 12:47:14 Job executing on host: <172.30.1.209:9618?addrs=172.30.1.209-9618&alias=node9&noUDP&sock=startd_3748_650d>
...
040 (391119.033.000) 2024-01-19 12:47:14 Finished transferring input files
...
006 (391119.033.000) 2024-01-19 12:47:23 Image size of job updated: 832956
	181  -  MemoryUsage of job (MB)
	184584  -  ResidentSetSize of job (KB)
...
006 (391119.033.000) 2024-01-19 12:51:55 Image size of job updated: 866476
	181  -  MemoryUsage of job (MB)
	184584  -  ResidentSetSize of job (KB)
...
040 (391119.033.000) 2024-01-19 12:51:55 Started transferring output files
...
040 (391119.033.000) 2024-01-19 12:51:56 Finished transferring output files
...
005 (391119.033.000) 2024-01-19 12:51:56 Job terminated.
	(1) Normal termination (return value 0)
		Usr 0 00:03:36, Sys 0 00:00:13  -  Run Remote Usage
		Usr 0 00:00:00, Sys 0 00:00:00  -  Run Local Usage
		Usr 0 00:03:36, Sys 0 00:00:13  -  Total Remote Usage
		Usr 0 00:00:00, Sys 0 00:00:00  -  Total Local Usage
	33507072  -  Run Bytes Sent By Job
	183796  -  Run Bytes Received By Job
	33507072  -  Total Bytes Sent By Job
	183796  -  Total Bytes Received By Job
	Partitionable Resources :    Usage  Request Allocated 
	   Cpus                 :     0.94        1         1 
	   Disk (KB)            : 32974         200    128928 
	   Memory (MB)          :   181        3900      3968 

	Job terminated of its own accord at 2024-01-19T03:51:55Z.
...
000 (391120.033.000) 2024-01-19 13:02:28 Job submitted from host: <172.30.1.200:9618?addrs=172.30.1.200-9618&alias=tamsa2.snu.ac.kr&noUDP&sock=schedd_3625_06e6>
...
040 (391120.033.000) 2024-01-19 13:02:40 Started transferring input files
	Transferring to host: <172.30.1.209:9618?addrs=172.30.1.209-9618&alias=node9&noUDP&sock=slot1_48_3782_82d3_179362>
...
040 (391120.033.000) 2024-01-19 13:02:40 Finished transferring input files
...
001 (391120.033.000) 2024-01-19 13:02:40 Job executing on host: <172.30.1.209:9618?addrs=172.30.1.209-9618&alias=node9&noUDP&sock=startd_3748_650d>
...
006 (391120.033.000) 2024-01-19 13:02:48 Image size of job updated: 797360
	183  -  MemoryUsage of job (MB)
	186740  -  ResidentSetSize of job (KB)
...
006 (391120.033.000) 2024-01-19 13:07:17 Image size of job updated: 866472
	183  -  MemoryUsage of job (MB)
	186740  -  ResidentSetSize of job (KB)
...
040 (391120.033.000) 2024-01-19 13:07:18 Started transferring output files
...
040 (391120.033.000) 2024-01-19 13:07:22 Finished transferring output files
...
005 (391120.033.000) 2024-01-19 13:07:22 Job terminated.
	(1) Normal termination (return value 0)
		Usr 0 00:03:34, Sys 0 00:00:14  -  Run Remote Usage
		Usr 0 00:00:00, Sys 0 00:00:00  -  Run Local Usage
		Usr 0 00:03:34, Sys 0 00:00:14  -  Total Remote Usage
		Usr 0 00:00:00, Sys 0 00:00:00  -  Total Local Usage
	33482272  -  Run Bytes Sent By Job
	183796  -  Run Bytes Received By Job
	33482272  -  Total Bytes Sent By Job
	183796  -  Total Bytes Received By Job
	Partitionable Resources :    Usage  Request Allocated 
	   Cpus                 :     0.67        1         1 
	   Disk (KB)            : 32950         200    128928 
	   Memory (MB)          :   183        3900      3968 

	Job terminated of its own accord at 2024-01-19T04:07:17Z.
...
000 (391131.033.000) 2024-01-19 14:22:45 Job submitted from host: <172.30.1.200:9618?addrs=172.30.1.200-9618&alias=tamsa2.snu.ac.kr&noUDP&sock=schedd_3625_06e6>
...
040 (391131.033.000) 2024-01-19 14:22:53 Started transferring input files
	Transferring to host: <172.30.1.104:9618?addrs=172.30.1.104-9618&alias=n4&noUDP&sock=slot1_4_21200_1157_31951>
...
040 (391131.033.000) 2024-01-19 14:22:53 Finished transferring input files
...
001 (391131.033.000) 2024-01-19 14:22:53 Job executing on host: <172.30.1.104:9618?addrs=172.30.1.104-9618&alias=n4&noUDP&sock=startd_21167_613f>
...
006 (391131.033.000) 2024-01-19 14:23:01 Image size of job updated: 199668
	132  -  MemoryUsage of job (MB)
	134800  -  ResidentSetSize of job (KB)
...
006 (391131.033.000) 2024-01-19 14:28:01 Image size of job updated: 997556
	338  -  MemoryUsage of job (MB)
	345668  -  ResidentSetSize of job (KB)
...
004 (391131.033.000) 2024-01-19 14:28:10 Job was evicted.
	(0) CPU times
		Usr 0 00:04:49, Sys 0 00:00:20  -  Run Remote Usage
		Usr 0 00:00:00, Sys 0 00:00:00  -  Run Local Usage
	0  -  Run Bytes Sent By Job
	183798  -  Run Bytes Received By Job
	Partitionable Resources :    Usage  Request Allocated 
	   Cpus                 :     1.00        1         1 
	   Disk (KB)            :  1450         200     54661 
	   Memory (MB)          :   338        3900      3968 
...
009 (391131.033.000) 2024-01-19 14:28:10 Job was aborted.
	via condor_rm (by user shin)
...
000 (391132.033.000) 2024-01-19 14:30:22 Job submitted from host: <172.30.1.200:9618?addrs=172.30.1.200-9618&alias=tamsa2.snu.ac.kr&noUDP&sock=schedd_3625_06e6>
...
040 (391132.033.000) 2024-01-19 14:30:26 Started transferring input files
	Transferring to host: <172.30.1.104:9618?addrs=172.30.1.104-9618&alias=n4&noUDP&sock=slot1_2_21200_1157_31953>
...
040 (391132.033.000) 2024-01-19 14:30:26 Finished transferring input files
...
001 (391132.033.000) 2024-01-19 14:30:26 Job executing on host: <172.30.1.104:9618?addrs=172.30.1.104-9618&alias=n4&noUDP&sock=startd_21167_613f>
...
006 (391132.033.000) 2024-01-19 14:30:34 Image size of job updated: 139344
	15  -  MemoryUsage of job (MB)
	14808  -  ResidentSetSize of job (KB)
...
006 (391132.033.000) 2024-01-19 14:35:34 Image size of job updated: 871788
	201  -  MemoryUsage of job (MB)
	205496  -  ResidentSetSize of job (KB)
...
000 (391137.033.000) 2024-01-19 14:35:50 Job submitted from host: <172.30.1.200:9618?addrs=172.30.1.200-9618&alias=tamsa2.snu.ac.kr&noUDP&sock=schedd_3625_06e6>
...
040 (391137.033.000) 2024-01-19 14:35:56 Started transferring input files
	Transferring to host: <172.30.1.109:9618?addrs=172.30.1.109-9618&alias=n9&noUDP&sock=slot1_34_4134_86e1_92623>
...
040 (391137.033.000) 2024-01-19 14:35:56 Finished transferring input files
...
001 (391137.033.000) 2024-01-19 14:35:56 Job executing on host: <172.30.1.109:9618?addrs=172.30.1.109-9618&alias=n9&noUDP&sock=startd_4100_d663>
...
006 (391132.033.000) 2024-01-19 14:36:00 Image size of job updated: 871824
	201  -  MemoryUsage of job (MB)
	205496  -  ResidentSetSize of job (KB)
...
004 (391132.033.000) 2024-01-19 14:36:00 Job was evicted.
	(0) CPU times
		Usr 0 00:04:53, Sys 0 00:00:23  -  Run Remote Usage
		Usr 0 00:00:00, Sys 0 00:00:00  -  Run Local Usage
	0  -  Run Bytes Sent By Job
	183608  -  Run Bytes Received By Job
	Partitionable Resources :    Usage  Request Allocated 
	   Cpus                 :     1.00        1         1 
	   Disk (KB)            : 13988         200     54661 
	   Memory (MB)          :   201        3900      3968 
...
009 (391132.033.000) 2024-01-19 14:36:00 Job was aborted.
	via condor_rm (by user shin)
...
006 (391137.033.000) 2024-01-19 14:36:01 Image size of job updated: 230108
	0  -  MemoryUsage of job (MB)
	0  -  ResidentSetSize of job (KB)
...
004 (391137.033.000) 2024-01-19 14:36:01 Job was evicted.
	(0) CPU times
		Usr 0 00:00:00, Sys 0 00:00:00  -  Run Remote Usage
		Usr 0 00:00:00, Sys 0 00:00:00  -  Run Local Usage
	0  -  Run Bytes Sent By Job
	183614  -  Run Bytes Received By Job
	Partitionable Resources :    Usage  Request Allocated 
	   Cpus                 :     0.02        1         1 
	   Disk (KB)            :   235         200    127849 
	   Memory (MB)          :     0        3900      3968 
...
009 (391137.033.000) 2024-01-19 14:36:01 Job was aborted.
	via condor_rm (by user shin)
...
000 (391138.033.000) 2024-01-19 14:36:02 Job submitted from host: <172.30.1.200:9618?addrs=172.30.1.200-9618&alias=tamsa2.snu.ac.kr&noUDP&sock=schedd_3625_06e6>
...
040 (391138.033.000) 2024-01-19 14:36:15 Started transferring input files
	Transferring to host: <172.30.1.104:9618?addrs=172.30.1.104-9618&alias=n4&noUDP&sock=slot1_1_21200_1157_31964>
...
040 (391138.033.000) 2024-01-19 14:36:15 Finished transferring input files
...
001 (391138.033.000) 2024-01-19 14:36:15 Job executing on host: <172.30.1.104:9618?addrs=172.30.1.104-9618&alias=n4&noUDP&sock=startd_21167_613f>
...
006 (391138.033.000) 2024-01-19 14:36:23 Image size of job updated: 139344
	123  -  MemoryUsage of job (MB)
	125476  -  ResidentSetSize of job (KB)
...
006 (391138.033.000) 2024-01-19 14:41:23 Image size of job updated: 877880
	215  -  MemoryUsage of job (MB)
	219860  -  ResidentSetSize of job (KB)
...
040 (391138.033.000) 2024-01-19 14:42:14 Started transferring output files
...
040 (391138.033.000) 2024-01-19 14:42:17 Finished transferring output files
...
005 (391138.033.000) 2024-01-19 14:42:17 Job terminated.
	(1) Normal termination (return value 0)
		Usr 0 00:05:22, Sys 0 00:00:23  -  Run Remote Usage
		Usr 0 00:00:00, Sys 0 00:00:00  -  Run Local Usage
		Usr 0 00:05:22, Sys 0 00:00:23  -  Total Remote Usage
		Usr 0 00:00:00, Sys 0 00:00:00  -  Total Local Usage
	33283494  -  Run Bytes Sent By Job
	183614  -  Run Bytes Received By Job
	33283494  -  Total Bytes Sent By Job
	183614  -  Total Bytes Received By Job
	Partitionable Resources :    Usage  Request Allocated 
	   Cpus                 :     0.97        1         1 
	   Disk (KB)            : 32756         200     54661 
	   Memory (MB)          :   215        3900      3968 

	Job terminated of its own accord at 2024-01-19T05:42:14Z.
...
000 (391139.033.000) 2024-01-19 14:48:50 Job submitted from host: <172.30.1.200:9618?addrs=172.30.1.200-9618&alias=tamsa2.snu.ac.kr&noUDP&sock=schedd_3625_06e6>
...
040 (391139.033.000) 2024-01-19 14:48:54 Started transferring input files
	Transferring to host: <172.30.1.201:9618?addrs=172.30.1.201-9618&alias=node1&noUDP&sock=slot1_48_12171_5208_13862>
...
040 (391139.033.000) 2024-01-19 14:48:54 Finished transferring input files
...
001 (391139.033.000) 2024-01-19 14:48:54 Job executing on host: <172.30.1.201:9618?addrs=172.30.1.201-9618&alias=node1&noUDP&sock=startd_12138_3ca4>
...
006 (391139.033.000) 2024-01-19 14:49:02 Image size of job updated: 612180
	171  -  MemoryUsage of job (MB)
	174652  -  ResidentSetSize of job (KB)
...
006 (391139.033.000) 2024-01-19 14:52:18 Image size of job updated: 873208
	171  -  MemoryUsage of job (MB)
	174652  -  ResidentSetSize of job (KB)
...
004 (391139.033.000) 2024-01-19 14:52:18 Job was evicted.
	(0) CPU times
		Usr 0 00:02:49, Sys 0 00:00:10  -  Run Remote Usage
		Usr 0 00:00:00, Sys 0 00:00:00  -  Run Local Usage
	0  -  Run Bytes Sent By Job
	183618  -  Run Bytes Received By Job
	Partitionable Resources :    Usage  Request Allocated 
	   Cpus                 :     0.98        1         1 
	   Disk (KB)            :  7332         200    128990 
	   Memory (MB)          :   171        3900      3968 
...
009 (391139.033.000) 2024-01-19 14:52:18 Job was aborted.
	via condor_rm (by user shin)
...
000 (391140.033.000) 2024-01-19 14:52:19 Job submitted from host: <172.30.1.200:9618?addrs=172.30.1.200-9618&alias=tamsa2.snu.ac.kr&noUDP&sock=schedd_3625_06e6>
...
040 (391140.033.000) 2024-01-19 14:52:23 Started transferring input files
	Transferring to host: <172.30.1.201:9618?addrs=172.30.1.201-9618&alias=node1&noUDP&sock=slot1_48_12171_5208_13869>
...
040 (391140.033.000) 2024-01-19 14:52:23 Finished transferring input files
...
001 (391140.033.000) 2024-01-19 14:52:23 Job executing on host: <172.30.1.201:9618?addrs=172.30.1.201-9618&alias=node1&noUDP&sock=startd_12138_3ca4>
...
006 (391140.033.000) 2024-01-19 14:52:32 Image size of job updated: 186728
	183  -  MemoryUsage of job (MB)
	186728  -  ResidentSetSize of job (KB)
...
006 (391140.033.000) 2024-01-19 14:57:33 Image size of job updated: 873124
	206  -  MemoryUsage of job (MB)
	210860  -  ResidentSetSize of job (KB)
...
006 (391140.033.000) 2024-01-19 14:59:48 Image size of job updated: 873688
	206  -  MemoryUsage of job (MB)
	210860  -  ResidentSetSize of job (KB)
...
040 (391140.033.000) 2024-01-19 14:59:49 Started transferring output files
...
040 (391140.033.000) 2024-01-19 14:59:49 Finished transferring output files
...
005 (391140.033.000) 2024-01-19 14:59:49 Job terminated.
	(1) Normal termination (return value 0)
		Usr 0 00:06:21, Sys 0 00:00:23  -  Run Remote Usage
		Usr 0 00:00:00, Sys 0 00:00:00  -  Run Local Usage
		Usr 0 00:06:21, Sys 0 00:00:23  -  Total Remote Usage
		Usr 0 00:00:00, Sys 0 00:00:00  -  Total Local Usage
	33224388  -  Run Bytes Sent By Job
	183636  -  Run Bytes Received By Job
	33224388  -  Total Bytes Sent By Job
	183636  -  Total Bytes Received By Job
	Partitionable Resources :    Usage  Request Allocated 
	   Cpus                 :     0.92        1         1 
	   Disk (KB)            : 32698         200    128990 
	   Memory (MB)          :   206        3900      3968 

	Job terminated of its own accord at 2024-01-19T05:59:48Z.
...
000 (391145.033.000) 2024-01-19 15:59:26 Job submitted from host: <172.30.1.200:9618?addrs=172.30.1.200-9618&alias=tamsa2.snu.ac.kr&noUDP&sock=schedd_3625_06e6>
...
040 (391145.033.000) 2024-01-19 15:59:29 Started transferring input files
	Transferring to host: <172.30.1.103:9618?addrs=172.30.1.103-9618&alias=n3&noUDP&sock=slot1_1_3441_3ee5_36106>
...
001 (391145.033.000) 2024-01-19 15:59:29 Job executing on host: <172.30.1.103:9618?addrs=172.30.1.103-9618&alias=n3&noUDP&sock=startd_3407_7f41>
...
040 (391145.033.000) 2024-01-19 15:59:29 Finished transferring input files
...
006 (391145.033.000) 2024-01-19 15:59:37 Image size of job updated: 5028
	5  -  MemoryUsage of job (MB)
	4956  -  ResidentSetSize of job (KB)
...
006 (391145.033.000) 2024-01-19 16:04:37 Image size of job updated: 875296
	215  -  MemoryUsage of job (MB)
	219288  -  ResidentSetSize of job (KB)
...
040 (391145.033.000) 2024-01-19 16:05:24 Started transferring output files
...
040 (391145.033.000) 2024-01-19 16:05:25 Finished transferring output files
...
005 (391145.033.000) 2024-01-19 16:05:25 Job terminated.
	(1) Normal termination (return value 0)
		Usr 0 00:04:59, Sys 0 00:00:17  -  Run Remote Usage
		Usr 0 00:00:00, Sys 0 00:00:00  -  Run Local Usage
		Usr 0 00:04:59, Sys 0 00:00:17  -  Total Remote Usage
		Usr 0 00:00:00, Sys 0 00:00:00  -  Total Local Usage
	32167264  -  Run Bytes Sent By Job
	184262  -  Run Bytes Received By Job
	32167264  -  Total Bytes Sent By Job
	184262  -  Total Bytes Received By Job
	Partitionable Resources :    Usage  Request Allocated 
	   Cpus                 :     0.88        1         1 
	   Disk (KB)            : 31667         200     61880 
	   Memory (MB)          :   215        3900      3968 

	Job terminated of its own accord at 2024-01-19T07:05:24Z.
...
000 (391151.033.000) 2024-01-19 16:45:38 Job submitted from host: <172.30.1.200:9618?addrs=172.30.1.200-9618&alias=tamsa2.snu.ac.kr&noUDP&sock=schedd_3625_06e6>
...
040 (391151.033.000) 2024-01-19 16:45:47 Started transferring input files
	Transferring to host: <172.30.1.201:9618?addrs=172.30.1.201-9618&alias=node1&noUDP&sock=slot1_44_12171_5208_13930>
...
001 (391151.033.000) 2024-01-19 16:45:47 Job executing on host: <172.30.1.201:9618?addrs=172.30.1.201-9618&alias=node1&noUDP&sock=startd_12138_3ca4>
...
040 (391151.033.000) 2024-01-19 16:45:47 Finished transferring input files
...
006 (391151.033.000) 2024-01-19 16:45:56 Image size of job updated: 198344
	172  -  MemoryUsage of job (MB)
	175116  -  ResidentSetSize of job (KB)
...
000 (391152.033.000) 2024-01-19 16:46:33 Job submitted from host: <172.30.1.200:9618?addrs=172.30.1.200-9618&alias=tamsa2.snu.ac.kr&noUDP&sock=schedd_3625_06e6>
...
040 (391152.033.000) 2024-01-19 16:46:37 Started transferring input files
	Transferring to host: <172.30.1.106:9618?addrs=172.30.1.106-9618&alias=n6&noUDP&sock=slot1_6_3378_db42_31766>
...
040 (391152.033.000) 2024-01-19 16:46:37 Finished transferring input files
...
001 (391152.033.000) 2024-01-19 16:46:37 Job executing on host: <172.30.1.106:9618?addrs=172.30.1.106-9618&alias=n6&noUDP&sock=startd_3343_9931>
...
006 (391152.033.000) 2024-01-19 16:46:46 Image size of job updated: 50132
	0  -  MemoryUsage of job (MB)
	0  -  ResidentSetSize of job (KB)
...
004 (391152.033.000) 2024-01-19 16:46:46 Job was evicted.
	(0) CPU times
		Usr 0 00:00:00, Sys 0 00:00:00  -  Run Remote Usage
		Usr 0 00:00:00, Sys 0 00:00:00  -  Run Local Usage
	0  -  Run Bytes Sent By Job
	184253  -  Run Bytes Received By Job
	Partitionable Resources :    Usage  Request Allocated 
	   Cpus                 :     0.06        1         1 
	   Disk (KB)            :   236         200     61880 
	   Memory (MB)          :     0        3900      3968 
...
009 (391152.033.000) 2024-01-19 16:46:46 Job was aborted.
	via condor_rm (by user shin)
...
006 (391151.033.000) 2024-01-19 16:47:35 Image size of job updated: 835576
	172  -  MemoryUsage of job (MB)
	175116  -  ResidentSetSize of job (KB)
...
004 (391151.033.000) 2024-01-19 16:47:35 Job was evicted.
	(0) CPU times
		Usr 0 00:01:04, Sys 0 00:00:06  -  Run Remote Usage
		Usr 0 00:00:00, Sys 0 00:00:00  -  Run Local Usage
	0  -  Run Bytes Sent By Job
	184253  -  Run Bytes Received By Job
	Partitionable Resources :    Usage  Request Allocated 
	   Cpus                 :     0.81        1         1 
	   Disk (KB)            :  3322         200    128990 
	   Memory (MB)          :   172        3900      3968 
...
009 (391151.033.000) 2024-01-19 16:47:36 Job was aborted.
	via condor_rm (by user shin)
...
000 (391153.033.000) 2024-01-19 16:47:37 Job submitted from host: <172.30.1.200:9618?addrs=172.30.1.200-9618&alias=tamsa2.snu.ac.kr&noUDP&sock=schedd_3625_06e6>
...
040 (391153.033.000) 2024-01-19 16:47:59 Started transferring input files
	Transferring to host: <172.30.1.203:9618?addrs=172.30.1.203-9618&alias=node3&noUDP&sock=slot1_47_24221_a2b2_52056>
...
001 (391153.033.000) 2024-01-19 16:47:59 Job executing on host: <172.30.1.203:9618?addrs=172.30.1.203-9618&alias=node3&noUDP&sock=startd_24188_88db>
...
040 (391153.033.000) 2024-01-19 16:47:59 Finished transferring input files
...
006 (391153.033.000) 2024-01-19 16:48:08 Image size of job updated: 832936
	183  -  MemoryUsage of job (MB)
	186732  -  ResidentSetSize of job (KB)
...
006 (391153.033.000) 2024-01-19 16:50:06 Image size of job updated: 846464
	183  -  MemoryUsage of job (MB)
	186732  -  ResidentSetSize of job (KB)
...
040 (391153.033.000) 2024-01-19 16:50:06 Started transferring output files
...
040 (391153.033.000) 2024-01-19 16:50:06 Finished transferring output files
...
005 (391153.033.000) 2024-01-19 16:50:06 Job terminated.
	(1) Normal termination (return value 0)
		Usr 0 00:01:17, Sys 0 00:00:07  -  Run Remote Usage
		Usr 0 00:00:00, Sys 0 00:00:00  -  Run Local Usage
		Usr 0 00:01:17, Sys 0 00:00:07  -  Total Remote Usage
		Usr 0 00:00:00, Sys 0 00:00:00  -  Total Local Usage
	7470439  -  Run Bytes Sent By Job
	184257  -  Run Bytes Received By Job
	7470439  -  Total Bytes Sent By Job
	184257  -  Total Bytes Received By Job
	Partitionable Resources :    Usage  Request Allocated 
	   Cpus                 :     0.59        1         1 
	   Disk (KB)            :  7548         200    128924 
	   Memory (MB)          :   183        3900      3968 

	Job terminated of its own accord at 2024-01-19T07:50:06Z.
...
000 (391154.033.000) 2024-01-19 16:50:49 Job submitted from host: <172.30.1.200:9618?addrs=172.30.1.200-9618&alias=tamsa2.snu.ac.kr&noUDP&sock=schedd_3625_06e6>
...
040 (391154.033.000) 2024-01-19 16:50:53 Started transferring input files
	Transferring to host: <172.30.1.203:9618?addrs=172.30.1.203-9618&alias=node3&noUDP&sock=slot1_45_24221_a2b2_52062>
...
001 (391154.033.000) 2024-01-19 16:50:53 Job executing on host: <172.30.1.203:9618?addrs=172.30.1.203-9618&alias=node3&noUDP&sock=startd_24188_88db>
...
040 (391154.033.000) 2024-01-19 16:50:53 Finished transferring input files
...
006 (391154.033.000) 2024-01-19 16:51:01 Image size of job updated: 230128
	183  -  MemoryUsage of job (MB)
	186748  -  ResidentSetSize of job (KB)
...
006 (391154.033.000) 2024-01-19 16:56:01 Image size of job updated: 871924
	183  -  MemoryUsage of job (MB)
	186748  -  ResidentSetSize of job (KB)
...
040 (391154.033.000) 2024-01-19 16:57:36 Started transferring output files
...
040 (391154.033.000) 2024-01-19 16:57:37 Finished transferring output files
...
005 (391154.033.000) 2024-01-19 16:57:37 Job terminated.
	(1) Normal termination (return value 0)
		Usr 0 00:05:51, Sys 0 00:00:18  -  Run Remote Usage
		Usr 0 00:00:00, Sys 0 00:00:00  -  Run Local Usage
		Usr 0 00:05:51, Sys 0 00:00:18  -  Total Remote Usage
		Usr 0 00:00:00, Sys 0 00:00:00  -  Total Local Usage
	32663924  -  Run Bytes Sent By Job
	184256  -  Run Bytes Received By Job
	32663924  -  Total Bytes Sent By Job
	184256  -  Total Bytes Received By Job
	Partitionable Resources :    Usage  Request Allocated 
	   Cpus                 :     0.96        1         1 
	   Disk (KB)            : 32151         200    128924 
	   Memory (MB)          :   183        3900      3968 

	Job terminated of its own accord at 2024-01-19T07:57:36Z.
...
000 (391155.033.000) 2024-01-19 17:22:15 Job submitted from host: <172.30.1.200:9618?addrs=172.30.1.200-9618&alias=tamsa2.snu.ac.kr&noUDP&sock=schedd_3625_06e6>
...
040 (391155.033.000) 2024-01-19 17:22:19 Started transferring input files
	Transferring to host: <172.30.1.203:9618?addrs=172.30.1.203-9618&alias=node3&noUDP&sock=slot1_42_24221_a2b2_52076>
...
001 (391155.033.000) 2024-01-19 17:22:19 Job executing on host: <172.30.1.203:9618?addrs=172.30.1.203-9618&alias=node3&noUDP&sock=startd_24188_88db>
...
040 (391155.033.000) 2024-01-19 17:22:19 Finished transferring input files
...
006 (391155.033.000) 2024-01-19 17:22:27 Image size of job updated: 756440
	183  -  MemoryUsage of job (MB)
	186748  -  ResidentSetSize of job (KB)
...
006 (391155.033.000) 2024-01-19 17:24:18 Image size of job updated: 846684
	183  -  MemoryUsage of job (MB)
	186748  -  ResidentSetSize of job (KB)
...
040 (391155.033.000) 2024-01-19 17:24:18 Started transferring output files
...
040 (391155.033.000) 2024-01-19 17:24:19 Finished transferring output files
...
005 (391155.033.000) 2024-01-19 17:24:19 Job terminated.
	(1) Normal termination (return value 0)
		Usr 0 00:01:12, Sys 0 00:00:07  -  Run Remote Usage
		Usr 0 00:00:00, Sys 0 00:00:00  -  Run Local Usage
		Usr 0 00:01:12, Sys 0 00:00:07  -  Total Remote Usage
		Usr 0 00:00:00, Sys 0 00:00:00  -  Total Local Usage
	7465407  -  Run Bytes Sent By Job
	186554  -  Run Bytes Received By Job
	7465407  -  Total Bytes Sent By Job
	186554  -  Total Bytes Received By Job
	Partitionable Resources :    Usage  Request Allocated 
	   Cpus                 :     0.59        1         1 
	   Disk (KB)            :  7546         200    128924 
	   Memory (MB)          :   183        3900      3968 

	Job terminated of its own accord at 2024-01-19T08:24:18Z.
...
000 (391156.033.000) 2024-01-19 17:29:00 Job submitted from host: <172.30.1.200:9618?addrs=172.30.1.200-9618&alias=tamsa2.snu.ac.kr&noUDP&sock=schedd_3625_06e6>
...
040 (391156.033.000) 2024-01-19 17:29:03 Started transferring input files
	Transferring to host: <172.30.1.203:9618?addrs=172.30.1.203-9618&alias=node3&noUDP&sock=slot1_41_24221_a2b2_52087>
...
001 (391156.033.000) 2024-01-19 17:29:03 Job executing on host: <172.30.1.203:9618?addrs=172.30.1.203-9618&alias=node3&noUDP&sock=startd_24188_88db>
...
040 (391156.033.000) 2024-01-19 17:29:03 Finished transferring input files
...
006 (391156.033.000) 2024-01-19 17:29:12 Image size of job updated: 649796
	183  -  MemoryUsage of job (MB)
	186744  -  ResidentSetSize of job (KB)
...
006 (391156.033.000) 2024-01-19 17:30:45 Image size of job updated: 844360
	183  -  MemoryUsage of job (MB)
	186744  -  ResidentSetSize of job (KB)
...
040 (391156.033.000) 2024-01-19 17:30:45 Started transferring output files
...
040 (391156.033.000) 2024-01-19 17:30:45 Finished transferring output files
...
005 (391156.033.000) 2024-01-19 17:30:45 Job terminated.
	(1) Normal termination (return value 0)
		Usr 0 00:01:11, Sys 0 00:00:07  -  Run Remote Usage
		Usr 0 00:00:00, Sys 0 00:00:00  -  Run Local Usage
		Usr 0 00:01:11, Sys 0 00:00:07  -  Total Remote Usage
		Usr 0 00:00:00, Sys 0 00:00:00  -  Total Local Usage
	7465407  -  Run Bytes Sent By Job
	186554  -  Run Bytes Received By Job
	7465407  -  Total Bytes Sent By Job
	186554  -  Total Bytes Received By Job
	Partitionable Resources :    Usage  Request Allocated 
	   Cpus                 :     0.83        1         1 
	   Disk (KB)            :  7546         200    128924 
	   Memory (MB)          :   183        3900      3968 

	Job terminated of its own accord at 2024-01-19T08:30:45Z.
...
000 (391161.033.000) 2024-01-19 17:33:03 Job submitted from host: <172.30.1.200:9618?addrs=172.30.1.200-9618&alias=tamsa2.snu.ac.kr&noUDP&sock=schedd_3625_06e6>
...
040 (391161.033.000) 2024-01-19 17:33:06 Started transferring input files
	Transferring to host: <172.30.1.203:9618?addrs=172.30.1.203-9618&alias=node3&noUDP&sock=slot1_15_24221_a2b2_52095>
...
040 (391161.033.000) 2024-01-19 17:33:06 Finished transferring input files
...
001 (391161.033.000) 2024-01-19 17:33:06 Job executing on host: <172.30.1.203:9618?addrs=172.30.1.203-9618&alias=node3&noUDP&sock=startd_24188_88db>
...
006 (391161.033.000) 2024-01-19 17:33:15 Image size of job updated: 568808
	182  -  MemoryUsage of job (MB)
	186004  -  ResidentSetSize of job (KB)
...
006 (391161.033.000) 2024-01-19 17:35:00 Image size of job updated: 835972
	182  -  MemoryUsage of job (MB)
	186004  -  ResidentSetSize of job (KB)
...
040 (391161.033.000) 2024-01-19 17:35:00 Started transferring output files
...
040 (391161.033.000) 2024-01-19 17:35:01 Finished transferring output files
...
005 (391161.033.000) 2024-01-19 17:35:01 Job terminated.
	(1) Normal termination (return value 0)
		Usr 0 00:01:11, Sys 0 00:00:07  -  Run Remote Usage
		Usr 0 00:00:00, Sys 0 00:00:00  -  Run Local Usage
		Usr 0 00:01:11, Sys 0 00:00:07  -  Total Remote Usage
		Usr 0 00:00:00, Sys 0 00:00:00  -  Total Local Usage
	7469647  -  Run Bytes Sent By Job
	186686  -  Run Bytes Received By Job
	7469647  -  Total Bytes Sent By Job
	186686  -  Total Bytes Received By Job
	Partitionable Resources :    Usage  Request Allocated 
	   Cpus                 :     0.64        1         1 
	   Disk (KB)            :  7550         200    128924 
	   Memory (MB)          :   182        3900      3968 

	Job terminated of its own accord at 2024-01-19T08:35:00Z.
...
000 (391162.033.000) 2024-01-19 17:42:18 Job submitted from host: <172.30.1.200:9618?addrs=172.30.1.200-9618&alias=tamsa2.snu.ac.kr&noUDP&sock=schedd_3625_06e6>
...
040 (391162.033.000) 2024-01-19 17:42:29 Started transferring input files
	Transferring to host: <172.30.1.209:9618?addrs=172.30.1.209-9618&alias=node9&noUDP&sock=slot1_48_3782_82d3_179496>
...
001 (391162.033.000) 2024-01-19 17:42:29 Job executing on host: <172.30.1.209:9618?addrs=172.30.1.209-9618&alias=node9&noUDP&sock=startd_3748_650d>
...
040 (391162.033.000) 2024-01-19 17:42:29 Finished transferring input files
...
006 (391162.033.000) 2024-01-19 17:42:38 Image size of job updated: 185392
	182  -  MemoryUsage of job (MB)
	185392  -  ResidentSetSize of job (KB)
...
006 (391162.033.000) 2024-01-19 17:44:18 Image size of job updated: 845680
	182  -  MemoryUsage of job (MB)
	185392  -  ResidentSetSize of job (KB)
...
040 (391162.033.000) 2024-01-19 17:44:18 Started transferring output files
...
040 (391162.033.000) 2024-01-19 17:44:19 Finished transferring output files
...
005 (391162.033.000) 2024-01-19 17:44:19 Job terminated.
	(1) Normal termination (return value 0)
		Usr 0 00:01:09, Sys 0 00:00:07  -  Run Remote Usage
		Usr 0 00:00:00, Sys 0 00:00:00  -  Run Local Usage
		Usr 0 00:01:09, Sys 0 00:00:07  -  Total Remote Usage
		Usr 0 00:00:00, Sys 0 00:00:00  -  Total Local Usage
	7465015  -  Run Bytes Sent By Job
	187104  -  Run Bytes Received By Job
	7465015  -  Total Bytes Sent By Job
	187104  -  Total Bytes Received By Job
	Partitionable Resources :    Usage  Request Allocated 
	   Cpus                 :                 1         1 
	   Disk (KB)            :     7540      200    128928 
	   Memory (MB)          :      182     3900      3968 

	Job terminated of its own accord at 2024-01-19T08:44:18Z.
...
000 (391163.033.000) 2024-01-19 17:55:44 Job submitted from host: <172.30.1.200:9618?addrs=172.30.1.200-9618&alias=tamsa2.snu.ac.kr&noUDP&sock=schedd_3625_06e6>
...
040 (391163.033.000) 2024-01-19 17:55:57 Started transferring input files
	Transferring to host: <172.30.1.111:9618?addrs=172.30.1.111-9618&alias=n11&noUDP&sock=slot1_14_4271_0e47_38756>
...
001 (391163.033.000) 2024-01-19 17:55:57 Job executing on host: <172.30.1.111:9618?addrs=172.30.1.111-9618&alias=n11&noUDP&sock=startd_4237_cedc>
...
040 (391163.033.000) 2024-01-19 17:55:57 Finished transferring input files
...
006 (391163.033.000) 2024-01-19 17:56:06 Image size of job updated: 276820
	86  -  MemoryUsage of job (MB)
	87692  -  ResidentSetSize of job (KB)
...
006 (391163.033.000) 2024-01-19 17:59:03 Image size of job updated: 869544
	86  -  MemoryUsage of job (MB)
	87692  -  ResidentSetSize of job (KB)
...
040 (391163.033.000) 2024-01-19 17:59:03 Started transferring output files
...
040 (391163.033.000) 2024-01-19 17:59:16 Finished transferring output files
...
005 (391163.033.000) 2024-01-19 17:59:16 Job terminated.
	(1) Normal termination (return value 0)
		Usr 0 00:02:18, Sys 0 00:00:07  -  Run Remote Usage
		Usr 0 00:00:00, Sys 0 00:00:00  -  Run Local Usage
		Usr 0 00:02:18, Sys 0 00:00:07  -  Total Remote Usage
		Usr 0 00:00:00, Sys 0 00:00:00  -  Total Local Usage
	34345976  -  Run Bytes Sent By Job
	186100  -  Run Bytes Received By Job
	34345976  -  Total Bytes Sent By Job
	186100  -  Total Bytes Received By Job
	Partitionable Resources :    Usage  Request Allocated 
	   Cpus                 :                 1         1 
	   Disk (KB)            :    33791      200    127752 
	   GPUs                 :                           0 
	   Memory (MB)          :       86     3900      3968 

	Job terminated of its own accord at 2024-01-19T08:59:03Z.
...
000 (391164.033.000) 2024-01-19 18:03:23 Job submitted from host: <172.30.1.200:9618?addrs=172.30.1.200-9618&alias=tamsa2.snu.ac.kr&noUDP&sock=schedd_3625_06e6>
...
040 (391164.033.000) 2024-01-19 18:03:39 Started transferring input files
	Transferring to host: <172.30.1.101:9618?addrs=172.30.1.101-9618&alias=n1&noUDP&sock=slot1_52_3437_6d65_45396>
...
040 (391164.033.000) 2024-01-19 18:03:39 Finished transferring input files
...
001 (391164.033.000) 2024-01-19 18:03:40 Job executing on host: <172.30.1.101:9618?addrs=172.30.1.101-9618&alias=n1&noUDP&sock=startd_3403_c0e0>
...
006 (391164.033.000) 2024-01-19 18:03:48 Image size of job updated: 80564
	79  -  MemoryUsage of job (MB)
	80564  -  ResidentSetSize of job (KB)
...
006 (391164.033.000) 2024-01-19 18:08:48 Image size of job updated: 869296
	183  -  MemoryUsage of job (MB)
	187076  -  ResidentSetSize of job (KB)
...
006 (391164.033.000) 2024-01-19 18:13:25 Image size of job updated: 871084
	183  -  MemoryUsage of job (MB)
	187076  -  ResidentSetSize of job (KB)
...
040 (391164.033.000) 2024-01-19 18:13:25 Started transferring output files
...
040 (391164.033.000) 2024-01-19 18:13:27 Finished transferring output files
...
005 (391164.033.000) 2024-01-19 18:13:27 Job terminated.
	(1) Normal termination (return value 0)
		Usr 0 00:08:41, Sys 0 00:00:37  -  Run Remote Usage
		Usr 0 00:00:00, Sys 0 00:00:00  -  Run Local Usage
		Usr 0 00:08:41, Sys 0 00:00:37  -  Total Remote Usage
		Usr 0 00:00:00, Sys 0 00:00:00  -  Total Local Usage
	60960848  -  Run Bytes Sent By Job
	186386  -  Run Bytes Received By Job
	60960848  -  Total Bytes Sent By Job
	186386  -  Total Bytes Received By Job
	Partitionable Resources :    Usage  Request Allocated 
	   Cpus                 :     0.94        1         1 
	   Disk (KB)            : 59787         200    127948 
	   Memory (MB)          :   183        3900      3968 

	Job terminated of its own accord at 2024-01-19T09:13:25Z.
...
000 (391165.033.000) 2024-01-19 22:41:31 Job submitted from host: <172.30.1.200:9618?addrs=172.30.1.200-9618&alias=tamsa2.snu.ac.kr&noUDP&sock=schedd_3625_06e6>
...
040 (391165.033.000) 2024-01-19 22:41:33 Started transferring input files
	Transferring to host: <172.30.1.208:9618?addrs=172.30.1.208-9618&alias=node8&noUDP&sock=slot1_2_3811_f1b4_191456>
...
001 (391165.033.000) 2024-01-19 22:41:34 Job executing on host: <172.30.1.208:9618?addrs=172.30.1.208-9618&alias=node8&noUDP&sock=startd_3777_494c>
...
040 (391165.033.000) 2024-01-19 22:41:34 Finished transferring input files
...
006 (391165.033.000) 2024-01-19 22:41:42 Image size of job updated: 230124
	74  -  MemoryUsage of job (MB)
	75364  -  ResidentSetSize of job (KB)
...
006 (391165.033.000) 2024-01-19 22:43:10 Image size of job updated: 844340
	74  -  MemoryUsage of job (MB)
	75364  -  ResidentSetSize of job (KB)
...
040 (391165.033.000) 2024-01-19 22:43:10 Started transferring output files
...
040 (391165.033.000) 2024-01-19 22:43:14 Finished transferring output files
...
005 (391165.033.000) 2024-01-19 22:43:14 Job terminated.
	(1) Normal termination (return value 0)
		Usr 0 00:00:48, Sys 0 00:00:05  -  Run Remote Usage
		Usr 0 00:00:00, Sys 0 00:00:00  -  Run Local Usage
		Usr 0 00:00:48, Sys 0 00:00:05  -  Total Remote Usage
		Usr 0 00:00:00, Sys 0 00:00:00  -  Total Local Usage
	7473695  -  Run Bytes Sent By Job
	185908  -  Run Bytes Received By Job
	7473695  -  Total Bytes Sent By Job
	185908  -  Total Bytes Received By Job
	Partitionable Resources :    Usage  Request Allocated 
	   Cpus                 :                 1         1 
	   Disk (KB)            :     7548      200    128928 
	   Memory (MB)          :       74     3900      3968 

	Job terminated of its own accord at 2024-01-19T13:43:10Z.
...
000 (391166.033.000) 2024-01-19 22:44:51 Job submitted from host: <172.30.1.200:9618?addrs=172.30.1.200-9618&alias=tamsa2.snu.ac.kr&noUDP&sock=schedd_3625_06e6>
...
040 (391166.033.000) 2024-01-19 22:45:00 Started transferring input files
	Transferring to host: <172.30.1.208:9618?addrs=172.30.1.208-9618&alias=node8&noUDP&sock=slot1_2_3811_f1b4_191465>
...
001 (391166.033.000) 2024-01-19 22:45:00 Job executing on host: <172.30.1.208:9618?addrs=172.30.1.208-9618&alias=node8&noUDP&sock=startd_3777_494c>
...
040 (391166.033.000) 2024-01-19 22:45:00 Finished transferring input files
...
006 (391166.033.000) 2024-01-19 22:45:08 Image size of job updated: 846288
	190  -  MemoryUsage of job (MB)
	194400  -  ResidentSetSize of job (KB)
...
006 (391166.033.000) 2024-01-19 22:48:57 Image size of job updated: 872700
	190  -  MemoryUsage of job (MB)
	194400  -  ResidentSetSize of job (KB)
...
040 (391166.033.000) 2024-01-19 22:48:57 Started transferring output files
...
040 (391166.033.000) 2024-01-19 22:49:07 Finished transferring output files
...
005 (391166.033.000) 2024-01-19 22:49:07 Job terminated.
	(1) Normal termination (return value 0)
		Usr 0 00:03:39, Sys 0 00:00:11  -  Run Remote Usage
		Usr 0 00:00:00, Sys 0 00:00:00  -  Run Local Usage
		Usr 0 00:03:39, Sys 0 00:00:11  -  Total Remote Usage
		Usr 0 00:00:00, Sys 0 00:00:00  -  Total Local Usage
	32640780  -  Run Bytes Sent By Job
	185911  -  Run Bytes Received By Job
	32640780  -  Total Bytes Sent By Job
	185911  -  Total Bytes Received By Job
	Partitionable Resources :    Usage  Request Allocated 
	   Cpus                 :     0.82        1         1 
	   Disk (KB)            : 32131         200    128928 
	   Memory (MB)          :   190        3900      3968 

	Job terminated of its own accord at 2024-01-19T13:48:57Z.
...
000 (391167.033.000) 2024-01-19 22:57:44 Job submitted from host: <172.30.1.200:9618?addrs=172.30.1.200-9618&alias=tamsa2.snu.ac.kr&noUDP&sock=schedd_3625_06e6>
...
040 (391167.033.000) 2024-01-19 22:57:47 Started transferring input files
	Transferring to host: <172.30.1.208:9618?addrs=172.30.1.208-9618&alias=node8&noUDP&sock=slot1_8_3811_f1b4_191477>
...
001 (391167.033.000) 2024-01-19 22:57:47 Job executing on host: <172.30.1.208:9618?addrs=172.30.1.208-9618&alias=node8&noUDP&sock=startd_3777_494c>
...
040 (391167.033.000) 2024-01-19 22:57:47 Finished transferring input files
...
006 (391167.033.000) 2024-01-19 22:57:56 Image size of job updated: 832928
	186  -  MemoryUsage of job (MB)
	190388  -  ResidentSetSize of job (KB)
...
006 (391167.033.000) 2024-01-19 23:01:39 Image size of job updated: 879048
	186  -  MemoryUsage of job (MB)
	190388  -  ResidentSetSize of job (KB)
...
040 (391167.033.000) 2024-01-19 23:01:39 Started transferring output files
...
040 (391167.033.000) 2024-01-19 23:01:47 Finished transferring output files
...
005 (391167.033.000) 2024-01-19 23:01:47 Job terminated.
	(1) Normal termination (return value 0)
		Usr 0 00:03:33, Sys 0 00:00:11  -  Run Remote Usage
		Usr 0 00:00:00, Sys 0 00:00:00  -  Run Local Usage
		Usr 0 00:03:33, Sys 0 00:00:11  -  Total Remote Usage
		Usr 0 00:00:00, Sys 0 00:00:00  -  Total Local Usage
	32622660  -  Run Bytes Sent By Job
	185911  -  Run Bytes Received By Job
	32622660  -  Total Bytes Sent By Job
	185911  -  Total Bytes Received By Job
	Partitionable Resources :    Usage  Request Allocated 
	   Cpus                 :     1.00        1         1 
	   Disk (KB)            : 32113         200    128928 
	   Memory (MB)          :   186        3900      3968 

	Job terminated of its own accord at 2024-01-19T14:01:39Z.
...
000 (391343.033.000) 2024-01-22 10:59:18 Job submitted from host: <172.30.1.200:9618?addrs=172.30.1.200-9618&alias=tamsa2.snu.ac.kr&noUDP&sock=schedd_3625_06e6>
...
040 (391343.033.000) 2024-01-22 10:59:25 Started transferring input files
	Transferring to host: <172.30.1.216:9618?addrs=172.30.1.216-9618&alias=node16&noUDP&sock=slot1_34_4290_7168_332803>
...
040 (391343.033.000) 2024-01-22 10:59:25 Finished transferring input files
...
001 (391343.033.000) 2024-01-22 10:59:25 Job executing on host: <172.30.1.216:9618?addrs=172.30.1.216-9618&alias=node16&noUDP&sock=startd_4255_2791>
...
006 (391343.033.000) 2024-01-22 10:59:33 Image size of job updated: 1288
	1  -  MemoryUsage of job (MB)
	84  -  ResidentSetSize of job (KB)
...
006 (391343.033.000) 2024-01-22 11:04:33 Image size of job updated: 970004
	257  -  MemoryUsage of job (MB)
	263012  -  ResidentSetSize of job (KB)
...
006 (391343.033.000) 2024-01-22 11:09:33 Image size of job updated: 970004
	257  -  MemoryUsage of job (MB)
	263028  -  ResidentSetSize of job (KB)
...
006 (391343.033.000) 2024-01-22 11:14:34 Image size of job updated: 970428
	257  -  MemoryUsage of job (MB)
	263028  -  ResidentSetSize of job (KB)
...
006 (391343.033.000) 2024-01-22 11:19:34 Image size of job updated: 970428
	296  -  MemoryUsage of job (MB)
	302220  -  ResidentSetSize of job (KB)
...
006 (391343.033.000) 2024-01-22 11:22:18 Image size of job updated: 970788
	296  -  MemoryUsage of job (MB)
	302220  -  ResidentSetSize of job (KB)
...
040 (391343.033.000) 2024-01-22 11:22:18 Started transferring output files
...
040 (391343.033.000) 2024-01-22 11:22:18 Finished transferring output files
...
005 (391343.033.000) 2024-01-22 11:22:18 Job terminated.
	(1) Normal termination (return value 0)
		Usr 0 00:21:02, Sys 0 00:00:54  -  Run Remote Usage
		Usr 0 00:00:00, Sys 0 00:00:00  -  Run Local Usage
		Usr 0 00:21:02, Sys 0 00:00:54  -  Total Remote Usage
		Usr 0 00:00:00, Sys 0 00:00:00  -  Total Local Usage
	31100676  -  Run Bytes Sent By Job
	185924  -  Run Bytes Received By Job
	31100676  -  Total Bytes Sent By Job
	185924  -  Total Bytes Received By Job
	Partitionable Resources :    Usage  Request Allocated 
	   Cpus                 :     1.00        1         1 
	   Disk (KB)            : 30627         200    261111 
	   Memory (MB)          :   296        3900      3968 

	Job terminated of its own accord at 2024-01-22T02:22:18Z.
...
000 (391348.033.000) 2024-01-22 12:29:14 Job submitted from host: <172.30.1.200:9618?addrs=172.30.1.200-9618&alias=tamsa2.snu.ac.kr&noUDP&sock=schedd_3625_06e6>
...
040 (391348.033.000) 2024-01-22 12:29:20 Started transferring input files
	Transferring to host: <172.30.1.216:9618?addrs=172.30.1.216-9618&alias=node16&noUDP&sock=slot1_26_4290_7168_332839>
...
040 (391348.033.000) 2024-01-22 12:29:20 Finished transferring input files
...
001 (391348.033.000) 2024-01-22 12:29:20 Job executing on host: <172.30.1.216:9618?addrs=172.30.1.216-9618&alias=node16&noUDP&sock=startd_4255_2791>
...
006 (391348.033.000) 2024-01-22 12:29:28 Image size of job updated: 139344
	5  -  MemoryUsage of job (MB)
	4952  -  ResidentSetSize of job (KB)
...
006 (391348.033.000) 2024-01-22 12:34:28 Image size of job updated: 970220
	276  -  MemoryUsage of job (MB)
	282460  -  ResidentSetSize of job (KB)
...
006 (391348.033.000) 2024-01-22 12:39:29 Image size of job updated: 970220
	277  -  MemoryUsage of job (MB)
	282848  -  ResidentSetSize of job (KB)
...
006 (391348.033.000) 2024-01-22 12:44:30 Image size of job updated: 970544
	277  -  MemoryUsage of job (MB)
	282848  -  ResidentSetSize of job (KB)
...
006 (391348.033.000) 2024-01-22 12:49:30 Image size of job updated: 970932
	277  -  MemoryUsage of job (MB)
	282848  -  ResidentSetSize of job (KB)
...
040 (391348.033.000) 2024-01-22 12:51:44 Started transferring output files
...
040 (391348.033.000) 2024-01-22 12:51:45 Finished transferring output files
...
005 (391348.033.000) 2024-01-22 12:51:45 Job terminated.
	(1) Normal termination (return value 0)
		Usr 0 00:20:58, Sys 0 00:00:53  -  Run Remote Usage
		Usr 0 00:00:00, Sys 0 00:00:00  -  Run Local Usage
		Usr 0 00:20:58, Sys 0 00:00:53  -  Total Remote Usage
		Usr 0 00:00:00, Sys 0 00:00:00  -  Total Local Usage
	31121804  -  Run Bytes Sent By Job
	186484  -  Run Bytes Received By Job
	31121804  -  Total Bytes Sent By Job
	186484  -  Total Bytes Received By Job
	Partitionable Resources :    Usage  Request Allocated 
	   Cpus                 :     1.00        1         1 
	   Disk (KB)            : 30648         200    261111 
	   Memory (MB)          :   277        3900      3968 

	Job terminated of its own accord at 2024-01-22T03:51:44Z.
...
000 (391350.033.000) 2024-01-22 13:01:44 Job submitted from host: <172.30.1.200:9618?addrs=172.30.1.200-9618&alias=tamsa2.snu.ac.kr&noUDP&sock=schedd_3625_06e6>
...
040 (391350.033.000) 2024-01-22 13:02:02 Started transferring input files
	Transferring to host: <172.30.1.216:9618?addrs=172.30.1.216-9618&alias=node16&noUDP&sock=slot1_25_4290_7168_332878>
...
040 (391350.033.000) 2024-01-22 13:02:02 Finished transferring input files
...
001 (391350.033.000) 2024-01-22 13:02:02 Job executing on host: <172.30.1.216:9618?addrs=172.30.1.216-9618&alias=node16&noUDP&sock=startd_4255_2791>
...
006 (391350.033.000) 2024-01-22 13:02:11 Image size of job updated: 139088
	5  -  MemoryUsage of job (MB)
	4956  -  ResidentSetSize of job (KB)
...
006 (391350.033.000) 2024-01-22 13:07:13 Image size of job updated: 953800
	278  -  MemoryUsage of job (MB)
	284516  -  ResidentSetSize of job (KB)
...
006 (391350.033.000) 2024-01-22 13:12:13 Image size of job updated: 954300
	278  -  MemoryUsage of job (MB)
	284516  -  ResidentSetSize of job (KB)
...
006 (391350.033.000) 2024-01-22 13:17:13 Image size of job updated: 970580
	278  -  MemoryUsage of job (MB)
	284516  -  ResidentSetSize of job (KB)
...
006 (391350.033.000) 2024-01-22 13:24:09 Image size of job updated: 970816
	278  -  MemoryUsage of job (MB)
	284516  -  ResidentSetSize of job (KB)
...
040 (391350.033.000) 2024-01-22 13:24:09 Started transferring output files
...
040 (391350.033.000) 2024-01-22 13:24:09 Finished transferring output files
...
005 (391350.033.000) 2024-01-22 13:24:09 Job terminated.
	(1) Normal termination (return value 0)
		Usr 0 00:20:42, Sys 0 00:00:52  -  Run Remote Usage
		Usr 0 00:00:00, Sys 0 00:00:00  -  Run Local Usage
		Usr 0 00:20:42, Sys 0 00:00:52  -  Total Remote Usage
		Usr 0 00:00:00, Sys 0 00:00:00  -  Total Local Usage
	31139118  -  Run Bytes Sent By Job
	186577  -  Run Bytes Received By Job
	31139118  -  Total Bytes Sent By Job
	186577  -  Total Bytes Received By Job
	Partitionable Resources :    Usage  Request Allocated 
	   Cpus                 :     0.86        1         1 
	   Disk (KB)            : 30665         200    261111 
	   Memory (MB)          :   278        3900      3968 

	Job terminated of its own accord at 2024-01-22T04:24:09Z.
...
000 (391361.033.000) 2024-01-22 13:44:17 Job submitted from host: <172.30.1.200:9618?addrs=172.30.1.200-9618&alias=tamsa2.snu.ac.kr&noUDP&sock=schedd_3625_06e6>
...
040 (391361.033.000) 2024-01-22 13:44:32 Started transferring input files
	Transferring to host: <172.30.1.216:9618?addrs=172.30.1.216-9618&alias=node16&noUDP&sock=slot1_59_4290_7168_333017>
...
040 (391361.033.000) 2024-01-22 13:44:32 Finished transferring input files
...
001 (391361.033.000) 2024-01-22 13:44:32 Job executing on host: <172.30.1.216:9618?addrs=172.30.1.216-9618&alias=node16&noUDP&sock=startd_4255_2791>
...
006 (391361.033.000) 2024-01-22 13:44:42 Image size of job updated: 139344
	68  -  MemoryUsage of job (MB)
	69436  -  ResidentSetSize of job (KB)
...
006 (391361.033.000) 2024-01-22 13:48:39 Image size of job updated: 868908
	68  -  MemoryUsage of job (MB)
	69436  -  ResidentSetSize of job (KB)
...
040 (391361.033.000) 2024-01-22 13:48:39 Started transferring output files
...
040 (391361.033.000) 2024-01-22 13:48:40 Finished transferring output files
...
005 (391361.033.000) 2024-01-22 13:48:40 Job terminated.
	(1) Normal termination (return value 0)
		Usr 0 00:03:30, Sys 0 00:00:12  -  Run Remote Usage
		Usr 0 00:00:00, Sys 0 00:00:00  -  Run Local Usage
		Usr 0 00:03:30, Sys 0 00:00:12  -  Total Remote Usage
		Usr 0 00:00:00, Sys 0 00:00:00  -  Total Local Usage
	31488524  -  Run Bytes Sent By Job
	191813  -  Run Bytes Received By Job
	31488524  -  Total Bytes Sent By Job
	191813  -  Total Bytes Received By Job
	Partitionable Resources :    Usage  Request Allocated 
	   Cpus                 :     1.00        1         1 
	   Disk (KB)            : 31013         200    261111 
	   Memory (MB)          :    68        3900      3968 

	Job terminated of its own accord at 2024-01-22T04:48:39Z.
...
000 (391362.033.000) 2024-01-22 13:50:58 Job submitted from host: <172.30.1.200:9618?addrs=172.30.1.200-9618&alias=tamsa2.snu.ac.kr&noUDP&sock=schedd_3625_06e6>
...
040 (391362.033.000) 2024-01-22 13:51:05 Started transferring input files
	Transferring to host: <172.30.1.216:9618?addrs=172.30.1.216-9618&alias=node16&noUDP&sock=slot1_44_4290_7168_333056>
...
040 (391362.033.000) 2024-01-22 13:51:05 Finished transferring input files
...
001 (391362.033.000) 2024-01-22 13:51:05 Job executing on host: <172.30.1.216:9618?addrs=172.30.1.216-9618&alias=node16&noUDP&sock=startd_4255_2791>
...
006 (391362.033.000) 2024-01-22 13:51:14 Image size of job updated: 139088
	5  -  MemoryUsage of job (MB)
	4960  -  ResidentSetSize of job (KB)
...
006 (391362.033.000) 2024-01-22 13:56:15 Image size of job updated: 953240
	237  -  MemoryUsage of job (MB)
	241780  -  ResidentSetSize of job (KB)
...
006 (391362.033.000) 2024-01-22 14:01:16 Image size of job updated: 970120
	266  -  MemoryUsage of job (MB)
	271528  -  ResidentSetSize of job (KB)
...
006 (391362.033.000) 2024-01-22 14:06:16 Image size of job updated: 970120
	266  -  MemoryUsage of job (MB)
	271548  -  ResidentSetSize of job (KB)
...
040 (391362.033.000) 2024-01-22 14:17:43 Started transferring output files
...
040 (391362.033.000) 2024-01-22 14:17:43 Finished transferring output files
...
005 (391362.033.000) 2024-01-22 14:17:44 Job terminated.
	(1) Normal termination (return value 0)
		Usr 0 00:24:31, Sys 0 00:00:59  -  Run Remote Usage
		Usr 0 00:00:00, Sys 0 00:00:00  -  Run Local Usage
		Usr 0 00:24:31, Sys 0 00:00:59  -  Total Remote Usage
		Usr 0 00:00:00, Sys 0 00:00:00  -  Total Local Usage
	31133948  -  Run Bytes Sent By Job
	191814  -  Run Bytes Received By Job
	31133948  -  Total Bytes Sent By Job
	191814  -  Total Bytes Received By Job
	Partitionable Resources :    Usage  Request Allocated 
	   Cpus                 :     1.00        1         1 
	   Disk (KB)            : 30667         200    261111 
	   Memory (MB)          :   266        3900      3968 

	Job terminated of its own accord at 2024-01-22T05:17:43Z.
...
000 (391496.033.000) 2024-01-22 14:58:10 Job submitted from host: <172.30.1.200:9618?addrs=172.30.1.200-9618&alias=tamsa2.snu.ac.kr&noUDP&sock=schedd_3625_06e6>
...
040 (391496.033.000) 2024-01-22 14:58:22 Started transferring input files
	Transferring to host: <172.30.1.216:9618?addrs=172.30.1.216-9618&alias=node16&noUDP&sock=slot1_45_4290_7168_333225>
...
040 (391496.033.000) 2024-01-22 14:58:22 Finished transferring input files
...
001 (391496.033.000) 2024-01-22 14:58:22 Job executing on host: <172.30.1.216:9618?addrs=172.30.1.216-9618&alias=node16&noUDP&sock=startd_4255_2791>
...
006 (391496.033.000) 2024-01-22 14:58:30 Image size of job updated: 139088
	5  -  MemoryUsage of job (MB)
	4952  -  ResidentSetSize of job (KB)
...
006 (391496.033.000) 2024-01-22 15:03:31 Image size of job updated: 953244
	237  -  MemoryUsage of job (MB)
	241944  -  ResidentSetSize of job (KB)
...
006 (391496.033.000) 2024-01-22 15:08:32 Image size of job updated: 970712
	256  -  MemoryUsage of job (MB)
	261124  -  ResidentSetSize of job (KB)
...
006 (391496.033.000) 2024-01-22 15:13:32 Image size of job updated: 970712
	294  -  MemoryUsage of job (MB)
	300940  -  ResidentSetSize of job (KB)
...
006 (391496.033.000) 2024-01-22 15:18:32 Image size of job updated: 971224
	294  -  MemoryUsage of job (MB)
	300940  -  ResidentSetSize of job (KB)
...
040 (391496.033.000) 2024-01-22 15:30:55 Started transferring output files
...
040 (391496.033.000) 2024-01-22 15:30:57 Finished transferring output files
...
005 (391496.033.000) 2024-01-22 15:30:57 Job terminated.
	(1) Normal termination (return value 0)
		Usr 0 00:30:27, Sys 0 00:01:18  -  Run Remote Usage
		Usr 0 00:00:00, Sys 0 00:00:00  -  Run Local Usage
		Usr 0 00:30:27, Sys 0 00:01:18  -  Total Remote Usage
		Usr 0 00:00:00, Sys 0 00:00:00  -  Total Local Usage
	31116320  -  Run Bytes Sent By Job
	191814  -  Run Bytes Received By Job
	31116320  -  Total Bytes Sent By Job
	191814  -  Total Bytes Received By Job
	Partitionable Resources :    Usage  Request Allocated 
	   Cpus                 :     0.93        1         1 
	   Disk (KB)            : 30650         200    261111 
	   Memory (MB)          :   294        3900      3968 

	Job terminated of its own accord at 2024-01-22T06:30:55Z.
...
000 (391511.033.000) 2024-01-22 15:59:41 Job submitted from host: <172.30.1.200:9618?addrs=172.30.1.200-9618&alias=tamsa2.snu.ac.kr&noUDP&sock=schedd_3625_06e6>
...
040 (391511.033.000) 2024-01-22 15:59:56 Started transferring input files
	Transferring to host: <172.30.1.214:9618?addrs=172.30.1.214-9618&alias=node14&noUDP&sock=slot1_56_4480_50af_235858>
...
040 (391511.033.000) 2024-01-22 15:59:56 Finished transferring input files
...
001 (391511.033.000) 2024-01-22 15:59:56 Job executing on host: <172.30.1.214:9618?addrs=172.30.1.214-9618&alias=node14&noUDP&sock=startd_4446_2a28>
...
006 (391511.033.000) 2024-01-22 16:00:05 Image size of job updated: 139344
	11  -  MemoryUsage of job (MB)
	10764  -  ResidentSetSize of job (KB)
...
006 (391511.033.000) 2024-01-22 16:05:05 Image size of job updated: 963108
	207  -  MemoryUsage of job (MB)
	211720  -  ResidentSetSize of job (KB)
...
006 (391511.033.000) 2024-01-22 16:10:05 Image size of job updated: 963644
	246  -  MemoryUsage of job (MB)
	251232  -  ResidentSetSize of job (KB)
...
006 (391511.033.000) 2024-01-22 16:15:06 Image size of job updated: 965368
	294  -  MemoryUsage of job (MB)
	301024  -  ResidentSetSize of job (KB)
...
006 (391511.033.000) 2024-01-22 16:20:07 Image size of job updated: 968468
	294  -  MemoryUsage of job (MB)
	301024  -  ResidentSetSize of job (KB)
...
006 (391511.033.000) 2024-01-22 16:25:07 Image size of job updated: 970000
	294  -  MemoryUsage of job (MB)
	301024  -  ResidentSetSize of job (KB)
...
006 (391511.033.000) 2024-01-22 16:28:52 Image size of job updated: 970508
	294  -  MemoryUsage of job (MB)
	301024  -  ResidentSetSize of job (KB)
...
040 (391511.033.000) 2024-01-22 16:28:52 Started transferring output files
...
040 (391511.033.000) 2024-01-22 16:28:52 Finished transferring output files
...
005 (391511.033.000) 2024-01-22 16:28:52 Job terminated.
	(1) Normal termination (return value 0)
		Usr 0 00:27:16, Sys 0 00:01:08  -  Run Remote Usage
		Usr 0 00:00:00, Sys 0 00:00:00  -  Run Local Usage
		Usr 0 00:27:16, Sys 0 00:01:08  -  Total Remote Usage
		Usr 0 00:00:00, Sys 0 00:00:00  -  Total Local Usage
	31116658  -  Run Bytes Sent By Job
	191824  -  Run Bytes Received By Job
	31116658  -  Total Bytes Sent By Job
	191824  -  Total Bytes Received By Job
	Partitionable Resources :    Usage  Request Allocated 
	   Cpus                 :     1.01        1         1 
	   Disk (KB)            : 30650         200    261111 
	   Memory (MB)          :   294        3900      3968 

	Job terminated of its own accord at 2024-01-22T07:28:52Z.
...
000 (391574.033.000) 2024-01-22 23:15:00 Job submitted from host: <172.30.1.200:9618?addrs=172.30.1.200-9618&alias=tamsa2.snu.ac.kr&noUDP&sock=schedd_3625_06e6>
...
040 (391574.033.000) 2024-01-22 23:15:07 Started transferring input files
	Transferring to host: <172.30.1.216:9618?addrs=172.30.1.216-9618&alias=node16&noUDP&sock=slot1_34_4290_7168_334251>
...
040 (391574.033.000) 2024-01-22 23:15:07 Finished transferring input files
...
001 (391574.033.000) 2024-01-22 23:15:07 Job executing on host: <172.30.1.216:9618?addrs=172.30.1.216-9618&alias=node16&noUDP&sock=startd_4255_2791>
...
006 (391574.033.000) 2024-01-22 23:15:15 Image size of job updated: 139088
	5  -  MemoryUsage of job (MB)
	4960  -  ResidentSetSize of job (KB)
...
006 (391574.033.000) 2024-01-22 23:20:15 Image size of job updated: 953560
	257  -  MemoryUsage of job (MB)
	263092  -  ResidentSetSize of job (KB)
...
006 (391574.033.000) 2024-01-22 23:25:16 Image size of job updated: 953892
	295  -  MemoryUsage of job (MB)
	301276  -  ResidentSetSize of job (KB)
...
006 (391574.033.000) 2024-01-22 23:30:17 Image size of job updated: 963048
	295  -  MemoryUsage of job (MB)
	301276  -  ResidentSetSize of job (KB)
...
006 (391574.033.000) 2024-01-22 23:35:17 Image size of job updated: 963596
	295  -  MemoryUsage of job (MB)
	301276  -  ResidentSetSize of job (KB)
...
004 (391574.033.000) 2024-01-22 23:35:24 Job was evicted.
	(0) CPU times
		Usr 0 00:18:46, Sys 0 00:00:49  -  Run Remote Usage
		Usr 0 00:00:00, Sys 0 00:00:00  -  Run Local Usage
	0  -  Run Bytes Sent By Job
	191685  -  Run Bytes Received By Job
	Partitionable Resources :    Usage  Request Allocated 
	   Cpus                 :     1.00        1         1 
	   Disk (KB)            : 10732         200    261111 
	   Memory (MB)          :   295        3900      3968 
...
009 (391574.033.000) 2024-01-22 23:35:24 Job was aborted.
	via condor_rm (by user shin)
...
000 (391577.033.000) 2024-01-22 23:35:26 Job submitted from host: <172.30.1.200:9618?addrs=172.30.1.200-9618&alias=tamsa2.snu.ac.kr&noUDP&sock=schedd_3625_06e6>
...
040 (391577.033.000) 2024-01-22 23:35:38 Started transferring input files
	Transferring to host: <172.30.1.216:9618?addrs=172.30.1.216-9618&alias=node16&noUDP&sock=slot1_34_4290_7168_334311>
...
040 (391577.033.000) 2024-01-22 23:35:38 Finished transferring input files
...
001 (391577.033.000) 2024-01-22 23:35:38 Job executing on host: <172.30.1.216:9618?addrs=172.30.1.216-9618&alias=node16&noUDP&sock=startd_4255_2791>
...
006 (391577.033.000) 2024-01-22 23:35:46 Image size of job updated: 139088
	5  -  MemoryUsage of job (MB)
	4956  -  ResidentSetSize of job (KB)
...
006 (391577.033.000) 2024-01-22 23:40:46 Image size of job updated: 954572
	217  -  MemoryUsage of job (MB)
	221892  -  ResidentSetSize of job (KB)
...
006 (391577.033.000) 2024-01-22 23:45:47 Image size of job updated: 954928
	256  -  MemoryUsage of job (MB)
	261404  -  ResidentSetSize of job (KB)
...
006 (391577.033.000) 2024-01-22 23:50:48 Image size of job updated: 955228
	287  -  MemoryUsage of job (MB)
	293492  -  ResidentSetSize of job (KB)
...
006 (391577.033.000) 2024-01-22 23:55:49 Image size of job updated: 963328
	287  -  MemoryUsage of job (MB)
	293492  -  ResidentSetSize of job (KB)
...
006 (391577.033.000) 2024-01-23 00:05:18 Image size of job updated: 970436
	287  -  MemoryUsage of job (MB)
	293492  -  ResidentSetSize of job (KB)
...
040 (391577.033.000) 2024-01-23 00:05:18 Started transferring output files
...
040 (391577.033.000) 2024-01-23 00:05:18 Finished transferring output files
...
005 (391577.033.000) 2024-01-23 00:05:18 Job terminated.
	(1) Normal termination (return value 0)
		Usr 0 00:28:10, Sys 0 00:01:11  -  Run Remote Usage
		Usr 0 00:00:00, Sys 0 00:00:00  -  Run Local Usage
		Usr 0 00:28:10, Sys 0 00:01:11  -  Total Remote Usage
		Usr 0 00:00:00, Sys 0 00:00:00  -  Total Local Usage
	31097862  -  Run Bytes Sent By Job
	191687  -  Run Bytes Received By Job
	31097862  -  Total Bytes Sent By Job
	191687  -  Total Bytes Received By Job
	Partitionable Resources :    Usage  Request Allocated 
	   Cpus                 :     1.00        1         1 
	   Disk (KB)            : 30632         200    261111 
	   Memory (MB)          :   287        3900      3968 

	Job terminated of its own accord at 2024-01-22T15:05:18Z.
...
000 (391582.033.000) 2024-01-23 10:33:35 Job submitted from host: <172.30.1.200:9618?addrs=172.30.1.200-9618&alias=tamsa2.snu.ac.kr&noUDP&sock=schedd_3625_06e6>
...
040 (391582.033.000) 2024-01-23 10:33:42 Started transferring input files
	Transferring to host: <172.30.1.216:9618?addrs=172.30.1.216-9618&alias=node16&noUDP&sock=slot1_34_4290_7168_337551>
...
040 (391582.033.000) 2024-01-23 10:33:42 Finished transferring input files
...
001 (391582.033.000) 2024-01-23 10:33:42 Job executing on host: <172.30.1.216:9618?addrs=172.30.1.216-9618&alias=node16&noUDP&sock=startd_4255_2791>
...
006 (391582.033.000) 2024-01-23 10:33:50 Image size of job updated: 4720
	5  -  MemoryUsage of job (MB)
	4704  -  ResidentSetSize of job (KB)
...
006 (391582.033.000) 2024-01-23 10:38:50 Image size of job updated: 953372
	246  -  MemoryUsage of job (MB)
	251820  -  ResidentSetSize of job (KB)
...
006 (391582.033.000) 2024-01-23 10:43:51 Image size of job updated: 955240
	246  -  MemoryUsage of job (MB)
	251820  -  ResidentSetSize of job (KB)
...
006 (391582.033.000) 2024-01-23 10:48:52 Image size of job updated: 963832
	246  -  MemoryUsage of job (MB)
	251820  -  ResidentSetSize of job (KB)
...
006 (391582.033.000) 2024-01-23 10:53:52 Image size of job updated: 963832
	277  -  MemoryUsage of job (MB)
	282628  -  ResidentSetSize of job (KB)
...
040 (391582.033.000) 2024-01-23 10:57:04 Started transferring output files
...
040 (391582.033.000) 2024-01-23 10:57:06 Finished transferring output files
...
005 (391582.033.000) 2024-01-23 10:57:06 Job terminated.
	(1) Normal termination (return value 0)
		Usr 0 00:21:35, Sys 0 00:00:54  -  Run Remote Usage
		Usr 0 00:00:00, Sys 0 00:00:00  -  Run Local Usage
		Usr 0 00:21:35, Sys 0 00:00:54  -  Total Remote Usage
		Usr 0 00:00:00, Sys 0 00:00:00  -  Total Local Usage
	31098992  -  Run Bytes Sent By Job
	191687  -  Run Bytes Received By Job
	31098992  -  Total Bytes Sent By Job
	191687  -  Total Bytes Received By Job
	Partitionable Resources :    Usage  Request Allocated 
	   Cpus                 :     1.01        1         1 
	   Disk (KB)            : 30633         200    261111 
	   Memory (MB)          :   277        3900      3968 

	Job terminated of its own accord at 2024-01-23T01:57:04Z.
...
