000 (390874.007.000) 2024-01-18 20:28:10 Job submitted from host: <172.30.1.200:9618?addrs=172.30.1.200-9618&alias=tamsa2.snu.ac.kr&noUDP&sock=schedd_3625_06e6>
...
040 (390874.007.000) 2024-01-18 20:28:23 Started transferring input files
	Transferring to host: <172.30.1.213:9618?addrs=172.30.1.213-9618&alias=node13&noUDP&sock=slot1_48_4363_e0ca_274558>
...
001 (390874.007.000) 2024-01-18 20:28:23 Job executing on host: <172.30.1.213:9618?addrs=172.30.1.213-9618&alias=node13&noUDP&sock=startd_4329_e993>
...
040 (390874.007.000) 2024-01-18 20:28:23 Finished transferring input files
...
006 (390874.007.000) 2024-01-18 20:28:32 Image size of job updated: 152880
	56  -  MemoryUsage of job (MB)
	57016  -  ResidentSetSize of job (KB)
...
006 (390874.007.000) 2024-01-18 20:30:36 Image size of job updated: 846744
	57  -  MemoryUsage of job (MB)
	57368  -  ResidentSetSize of job (KB)
...
040 (390874.007.000) 2024-01-18 20:30:36 Started transferring output files
...
040 (390874.007.000) 2024-01-18 20:30:36 Finished transferring output files
...
005 (390874.007.000) 2024-01-18 20:30:36 Job terminated.
	(1) Normal termination (return value 0)
		Usr 0 00:01:18, Sys 0 00:00:08  -  Run Remote Usage
		Usr 0 00:00:00, Sys 0 00:00:00  -  Run Local Usage
		Usr 0 00:01:18, Sys 0 00:00:08  -  Total Remote Usage
		Usr 0 00:00:00, Sys 0 00:00:00  -  Total Local Usage
	13141726  -  Run Bytes Sent By Job
	181578  -  Run Bytes Received By Job
	13141726  -  Total Bytes Sent By Job
	181578  -  Total Bytes Received By Job
	Partitionable Resources :    Usage  Request Allocated 
	   Cpus                 :                 1         1 
	   Disk (KB)            :    13078      200    261111 
	   Memory (MB)          :       57     3900      3968 

	Job terminated of its own accord at 2024-01-18T11:30:36Z.
...
000 (390875.007.000) 2024-01-18 20:45:32 Job submitted from host: <172.30.1.200:9618?addrs=172.30.1.200-9618&alias=tamsa2.snu.ac.kr&noUDP&sock=schedd_3625_06e6>
...
040 (390875.007.000) 2024-01-18 20:45:45 Started transferring input files
	Transferring to host: <172.30.1.202:9618?addrs=172.30.1.202-9618&alias=node2&noUDP&sock=slot1_18_3851_20b6_74248>
...
040 (390875.007.000) 2024-01-18 20:45:45 Finished transferring input files
...
001 (390875.007.000) 2024-01-18 20:45:45 Job executing on host: <172.30.1.202:9618?addrs=172.30.1.202-9618&alias=node2&noUDP&sock=startd_3818_68ae>
...
006 (390875.007.000) 2024-01-18 20:45:54 Image size of job updated: 567196
	183  -  MemoryUsage of job (MB)
	186736  -  ResidentSetSize of job (KB)
...
006 (390875.007.000) 2024-01-18 20:50:08 Image size of job updated: 872124
	183  -  MemoryUsage of job (MB)
	186736  -  ResidentSetSize of job (KB)
...
040 (390875.007.000) 2024-01-18 20:50:09 Started transferring output files
...
040 (390875.007.000) 2024-01-18 20:50:11 Finished transferring output files
...
005 (390875.007.000) 2024-01-18 20:50:11 Job terminated.
	(1) Normal termination (return value 0)
		Usr 0 00:03:56, Sys 0 00:00:16  -  Run Remote Usage
		Usr 0 00:00:00, Sys 0 00:00:00  -  Run Local Usage
		Usr 0 00:03:56, Sys 0 00:00:16  -  Total Remote Usage
		Usr 0 00:00:00, Sys 0 00:00:00  -  Total Local Usage
	96282920  -  Run Bytes Sent By Job
	182042  -  Run Bytes Received By Job
	96282920  -  Total Bytes Sent By Job
	182042  -  Total Bytes Received By Job
	Partitionable Resources :    Usage  Request Allocated 
	   Cpus                 :     1.00        1         1 
	   Disk (KB)            : 94277         200    128928 
	   Memory (MB)          :   183        3900      3968 

	Job terminated of its own accord at 2024-01-18T11:50:08Z.
...
000 (390886.007.000) 2024-01-18 21:10:43 Job submitted from host: <172.30.1.200:9618?addrs=172.30.1.200-9618&alias=tamsa2.snu.ac.kr&noUDP&sock=schedd_3625_06e6>
...
040 (390886.007.000) 2024-01-18 21:10:44 Started transferring input files
	Transferring to host: <172.30.1.202:9618?addrs=172.30.1.202-9618&alias=node2&noUDP&sock=slot1_21_3851_20b6_74267>
...
001 (390886.007.000) 2024-01-18 21:10:44 Job executing on host: <172.30.1.202:9618?addrs=172.30.1.202-9618&alias=node2&noUDP&sock=startd_3818_68ae>
...
040 (390886.007.000) 2024-01-18 21:10:44 Finished transferring input files
...
006 (390886.007.000) 2024-01-18 21:10:53 Image size of job updated: 215212
	183  -  MemoryUsage of job (MB)
	186756  -  ResidentSetSize of job (KB)
...
006 (390886.007.000) 2024-01-18 21:12:11 Image size of job updated: 846176
	183  -  MemoryUsage of job (MB)
	186756  -  ResidentSetSize of job (KB)
...
040 (390886.007.000) 2024-01-18 21:12:11 Started transferring output files
...
040 (390886.007.000) 2024-01-18 21:12:13 Finished transferring output files
...
005 (390886.007.000) 2024-01-18 21:12:13 Job terminated.
	(1) Normal termination (return value 0)
		Usr 0 00:01:08, Sys 0 00:00:07  -  Run Remote Usage
		Usr 0 00:00:00, Sys 0 00:00:00  -  Run Local Usage
		Usr 0 00:01:08, Sys 0 00:00:07  -  Total Remote Usage
		Usr 0 00:00:00, Sys 0 00:00:00  -  Total Local Usage
	7473247  -  Run Bytes Sent By Job
	181210  -  Run Bytes Received By Job
	7473247  -  Total Bytes Sent By Job
	181210  -  Total Bytes Received By Job
	Partitionable Resources :    Usage  Request Allocated 
	   Cpus                 :                 1         1 
	   Disk (KB)            :     7541      200    128928 
	   Memory (MB)          :      183     3900      3968 

	Job terminated of its own accord at 2024-01-18T12:12:11Z.
...
000 (390887.007.000) 2024-01-18 21:19:38 Job submitted from host: <172.30.1.200:9618?addrs=172.30.1.200-9618&alias=tamsa2.snu.ac.kr&noUDP&sock=schedd_3625_06e6>
...
040 (390887.007.000) 2024-01-18 21:19:39 Started transferring input files
	Transferring to host: <172.30.1.202:9618?addrs=172.30.1.202-9618&alias=node2&noUDP&sock=slot1_21_3851_20b6_74273>
...
001 (390887.007.000) 2024-01-18 21:19:39 Job executing on host: <172.30.1.202:9618?addrs=172.30.1.202-9618&alias=node2&noUDP&sock=startd_3818_68ae>
...
040 (390887.007.000) 2024-01-18 21:19:39 Finished transferring input files
...
006 (390887.007.000) 2024-01-18 21:19:48 Image size of job updated: 809436
	183  -  MemoryUsage of job (MB)
	186972  -  ResidentSetSize of job (KB)
...
006 (390887.007.000) 2024-01-18 21:23:17 Image size of job updated: 868196
	183  -  MemoryUsage of job (MB)
	186972  -  ResidentSetSize of job (KB)
...
040 (390887.007.000) 2024-01-18 21:23:17 Started transferring output files
...
040 (390887.007.000) 2024-01-18 21:23:18 Finished transferring output files
...
005 (390887.007.000) 2024-01-18 21:23:18 Job terminated.
	(1) Normal termination (return value 0)
		Usr 0 00:03:14, Sys 0 00:00:15  -  Run Remote Usage
		Usr 0 00:00:00, Sys 0 00:00:00  -  Run Local Usage
		Usr 0 00:03:14, Sys 0 00:00:15  -  Total Remote Usage
		Usr 0 00:00:00, Sys 0 00:00:00  -  Total Local Usage
	34826840  -  Run Bytes Sent By Job
	181210  -  Run Bytes Received By Job
	34826840  -  Total Bytes Sent By Job
	181210  -  Total Bytes Received By Job
	Partitionable Resources :    Usage  Request Allocated 
	   Cpus                 :     0.65        1         1 
	   Disk (KB)            : 34259         200    128928 
	   Memory (MB)          :   183        3900      3968 

	Job terminated of its own accord at 2024-01-18T12:23:17Z.
...
000 (390888.007.000) 2024-01-18 21:30:57 Job submitted from host: <172.30.1.200:9618?addrs=172.30.1.200-9618&alias=tamsa2.snu.ac.kr&noUDP&sock=schedd_3625_06e6>
...
040 (390888.007.000) 2024-01-18 21:31:00 Started transferring input files
	Transferring to host: <172.30.1.211:9618?addrs=172.30.1.211-9618&alias=node11&noUDP&sock=slot1_5_3735_6531_176964>
...
001 (390888.007.000) 2024-01-18 21:31:00 Job executing on host: <172.30.1.211:9618?addrs=172.30.1.211-9618&alias=node11&noUDP&sock=startd_3699_c8e9>
...
040 (390888.007.000) 2024-01-18 21:31:00 Finished transferring input files
...
006 (390888.007.000) 2024-01-18 21:31:08 Image size of job updated: 561380
	182  -  MemoryUsage of job (MB)
	185396  -  ResidentSetSize of job (KB)
...
006 (390888.007.000) 2024-01-18 21:34:36 Image size of job updated: 865284
	182  -  MemoryUsage of job (MB)
	185396  -  ResidentSetSize of job (KB)
...
040 (390888.007.000) 2024-01-18 21:34:36 Started transferring output files
...
040 (390888.007.000) 2024-01-18 21:34:37 Finished transferring output files
...
005 (390888.007.000) 2024-01-18 21:34:37 Job terminated.
	(1) Normal termination (return value 0)
		Usr 0 00:03:10, Sys 0 00:00:14  -  Run Remote Usage
		Usr 0 00:00:00, Sys 0 00:00:00  -  Run Local Usage
		Usr 0 00:03:10, Sys 0 00:00:14  -  Total Remote Usage
		Usr 0 00:00:00, Sys 0 00:00:00  -  Total Local Usage
	33987208  -  Run Bytes Sent By Job
	181214  -  Run Bytes Received By Job
	33987208  -  Total Bytes Sent By Job
	181214  -  Total Bytes Received By Job
	Partitionable Resources :    Usage  Request Allocated 
	   Cpus                 :                 1         1 
	   Disk (KB)            :    33434      200    128928 
	   Memory (MB)          :      182     3900      3968 

	Job terminated of its own accord at 2024-01-18T12:34:36Z.
...
000 (390894.007.000) 2024-01-18 21:35:52 Job submitted from host: <172.30.1.200:9618?addrs=172.30.1.200-9618&alias=tamsa2.snu.ac.kr&noUDP&sock=schedd_3625_06e6>
...
040 (390894.007.000) 2024-01-18 21:36:08 Started transferring input files
	Transferring to host: <172.30.1.211:9618?addrs=172.30.1.211-9618&alias=node11&noUDP&sock=slot1_10_3735_6531_176983>
...
001 (390894.007.000) 2024-01-18 21:36:08 Job executing on host: <172.30.1.211:9618?addrs=172.30.1.211-9618&alias=node11&noUDP&sock=startd_3699_c8e9>
...
040 (390894.007.000) 2024-01-18 21:36:08 Finished transferring input files
...
006 (390894.007.000) 2024-01-18 21:36:17 Image size of job updated: 731416
	183  -  MemoryUsage of job (MB)
	186748  -  ResidentSetSize of job (KB)
...
006 (390894.007.000) 2024-01-18 21:39:43 Image size of job updated: 865404
	183  -  MemoryUsage of job (MB)
	186748  -  ResidentSetSize of job (KB)
...
040 (390894.007.000) 2024-01-18 21:39:43 Started transferring output files
...
040 (390894.007.000) 2024-01-18 21:39:44 Finished transferring output files
...
005 (390894.007.000) 2024-01-18 21:39:44 Job terminated.
	(1) Normal termination (return value 0)
		Usr 0 00:03:10, Sys 0 00:00:14  -  Run Remote Usage
		Usr 0 00:00:00, Sys 0 00:00:00  -  Run Local Usage
		Usr 0 00:03:10, Sys 0 00:00:14  -  Total Remote Usage
		Usr 0 00:00:00, Sys 0 00:00:00  -  Total Local Usage
	33943692  -  Run Bytes Sent By Job
	181194  -  Run Bytes Received By Job
	33943692  -  Total Bytes Sent By Job
	181194  -  Total Bytes Received By Job
	Partitionable Resources :    Usage  Request Allocated 
	   Cpus                 :                 1         1 
	   Disk (KB)            :    33391      200    128928 
	   Memory (MB)          :      183     3900      3968 

	Job terminated of its own accord at 2024-01-18T12:39:43Z.
...
000 (390895.007.000) 2024-01-18 21:48:05 Job submitted from host: <172.30.1.200:9618?addrs=172.30.1.200-9618&alias=tamsa2.snu.ac.kr&noUDP&sock=schedd_3625_06e6>
...
040 (390895.007.000) 2024-01-18 21:48:07 Started transferring input files
	Transferring to host: <172.30.1.211:9618?addrs=172.30.1.211-9618&alias=node11&noUDP&sock=slot1_22_3735_6531_177098>
...
001 (390895.007.000) 2024-01-18 21:48:07 Job executing on host: <172.30.1.211:9618?addrs=172.30.1.211-9618&alias=node11&noUDP&sock=startd_3699_c8e9>
...
040 (390895.007.000) 2024-01-18 21:48:07 Finished transferring input files
...
006 (390895.007.000) 2024-01-18 21:48:16 Image size of job updated: 171696
	144  -  MemoryUsage of job (MB)
	147244  -  ResidentSetSize of job (KB)
...
006 (390895.007.000) 2024-01-18 21:50:05 Image size of job updated: 871772
	190  -  MemoryUsage of job (MB)
	194548  -  ResidentSetSize of job (KB)
...
004 (390895.007.000) 2024-01-18 21:50:06 Job was evicted.
	(0) CPU times
		Usr 0 00:01:29, Sys 0 00:00:07  -  Run Remote Usage
		Usr 0 00:00:00, Sys 0 00:00:00  -  Run Local Usage
	0  -  Run Bytes Sent By Job
	182143  -  Run Bytes Received By Job
	Partitionable Resources :    Usage  Request Allocated 
	   Cpus                 :     0.59        1         1 
	   Disk (KB)            :  7190         200    128928 
	   Memory (MB)          :   190        3900      3968 
...
009 (390895.007.000) 2024-01-18 21:50:06 Job was aborted.
	via condor_rm (by user shin)
...
000 (390896.007.000) 2024-01-18 21:53:08 Job submitted from host: <172.30.1.200:9618?addrs=172.30.1.200-9618&alias=tamsa2.snu.ac.kr&noUDP&sock=schedd_3625_06e6>
...
040 (390896.007.000) 2024-01-18 21:54:28 Started transferring input files
	Transferring to host: <172.30.1.214:9618?addrs=172.30.1.214-9618&alias=node14&noUDP&sock=slot1_57_4480_50af_234527>
...
001 (390896.007.000) 2024-01-18 21:54:28 Job executing on host: <172.30.1.214:9618?addrs=172.30.1.214-9618&alias=node14&noUDP&sock=startd_4446_2a28>
...
040 (390896.007.000) 2024-01-18 21:54:28 Finished transferring input files
...
006 (390896.007.000) 2024-01-18 21:54:37 Image size of job updated: 561380
	164  -  MemoryUsage of job (MB)
	167248  -  ResidentSetSize of job (KB)
...
006 (390896.007.000) 2024-01-18 21:59:08 Image size of job updated: 868816
	164  -  MemoryUsage of job (MB)
	167248  -  ResidentSetSize of job (KB)
...
040 (390896.007.000) 2024-01-18 21:59:08 Started transferring output files
...
040 (390896.007.000) 2024-01-18 21:59:09 Finished transferring output files
...
005 (390896.007.000) 2024-01-18 21:59:09 Job terminated.
	(1) Normal termination (return value 0)
		Usr 0 00:03:39, Sys 0 00:00:17  -  Run Remote Usage
		Usr 0 00:00:00, Sys 0 00:00:00  -  Run Local Usage
		Usr 0 00:03:39, Sys 0 00:00:17  -  Total Remote Usage
		Usr 0 00:00:00, Sys 0 00:00:00  -  Total Local Usage
	40490940  -  Run Bytes Sent By Job
	182135  -  Run Bytes Received By Job
	40490940  -  Total Bytes Sent By Job
	182135  -  Total Bytes Received By Job
	Partitionable Resources :    Usage  Request Allocated 
	   Cpus                 :     0.59        1         1 
	   Disk (KB)            : 39792         200    261111 
	   Memory (MB)          :   164        3900      3968 

	Job terminated of its own accord at 2024-01-18T12:59:08Z.
...
000 (390897.007.000) 2024-01-18 22:03:48 Job submitted from host: <172.30.1.200:9618?addrs=172.30.1.200-9618&alias=tamsa2.snu.ac.kr&noUDP&sock=schedd_3625_06e6>
...
040 (390897.007.000) 2024-01-18 22:04:49 Started transferring input files
	Transferring to host: <172.30.1.206:9618?addrs=172.30.1.206-9618&alias=node6&noUDP&sock=slot1_8_3722_3c50_223612>
...
001 (390897.007.000) 2024-01-18 22:04:49 Job executing on host: <172.30.1.206:9618?addrs=172.30.1.206-9618&alias=node6&noUDP&sock=startd_3686_de2d>
...
040 (390897.007.000) 2024-01-18 22:04:49 Finished transferring input files
...
006 (390897.007.000) 2024-01-18 22:04:58 Image size of job updated: 835116
	183  -  MemoryUsage of job (MB)
	186972  -  ResidentSetSize of job (KB)
...
006 (390897.007.000) 2024-01-18 22:08:12 Image size of job updated: 863724
	183  -  MemoryUsage of job (MB)
	186972  -  ResidentSetSize of job (KB)
...
040 (390897.007.000) 2024-01-18 22:08:12 Started transferring output files
...
040 (390897.007.000) 2024-01-18 22:08:13 Finished transferring output files
...
005 (390897.007.000) 2024-01-18 22:08:13 Job terminated.
	(1) Normal termination (return value 0)
		Usr 0 00:02:59, Sys 0 00:00:12  -  Run Remote Usage
		Usr 0 00:00:00, Sys 0 00:00:00  -  Run Local Usage
		Usr 0 00:02:59, Sys 0 00:00:12  -  Total Remote Usage
		Usr 0 00:00:00, Sys 0 00:00:00  -  Total Local Usage
	40339216  -  Run Bytes Sent By Job
	182135  -  Run Bytes Received By Job
	40339216  -  Total Bytes Sent By Job
	182135  -  Total Bytes Received By Job
	Partitionable Resources :    Usage  Request Allocated 
	   Cpus                 :     0.61        1         1 
	   Disk (KB)            : 39644         200     95898 
	   Memory (MB)          :   183        3900      3968 

	Job terminated of its own accord at 2024-01-18T13:08:12Z.
...
000 (390986.007.000) 2024-01-18 22:24:32 Job submitted from host: <172.30.1.200:9618?addrs=172.30.1.200-9618&alias=tamsa2.snu.ac.kr&noUDP&sock=schedd_3625_06e6>
...
040 (390986.007.000) 2024-01-18 22:25:35 Started transferring input files
	Transferring to host: <172.30.1.206:9618?addrs=172.30.1.206-9618&alias=node6&noUDP&sock=slot1_4_3722_3c50_223617>
...
001 (390986.007.000) 2024-01-18 22:25:35 Job executing on host: <172.30.1.206:9618?addrs=172.30.1.206-9618&alias=node6&noUDP&sock=startd_3686_de2d>
...
040 (390986.007.000) 2024-01-18 22:25:35 Finished transferring input files
...
006 (390986.007.000) 2024-01-18 22:25:43 Image size of job updated: 186736
	183  -  MemoryUsage of job (MB)
	186736  -  ResidentSetSize of job (KB)
...
006 (390986.007.000) 2024-01-18 22:29:03 Image size of job updated: 866276
	183  -  MemoryUsage of job (MB)
	186736  -  ResidentSetSize of job (KB)
...
040 (390986.007.000) 2024-01-18 22:29:03 Started transferring output files
...
040 (390986.007.000) 2024-01-18 22:29:04 Finished transferring output files
...
005 (390986.007.000) 2024-01-18 22:29:04 Job terminated.
	(1) Normal termination (return value 0)
		Usr 0 00:02:58, Sys 0 00:00:11  -  Run Remote Usage
		Usr 0 00:00:00, Sys 0 00:00:00  -  Run Local Usage
		Usr 0 00:02:58, Sys 0 00:00:11  -  Total Remote Usage
		Usr 0 00:00:00, Sys 0 00:00:00  -  Total Local Usage
	35325148  -  Run Bytes Sent By Job
	182182  -  Run Bytes Received By Job
	35325148  -  Total Bytes Sent By Job
	182182  -  Total Bytes Received By Job
	Partitionable Resources :    Usage  Request Allocated 
	   Cpus                 :     0.75        1         1 
	   Disk (KB)            : 34747         200     95898 
	   Memory (MB)          :   183        3900      3968 

	Job terminated of its own accord at 2024-01-18T13:29:03Z.
...
000 (391043.007.000) 2024-01-18 23:16:22 Job submitted from host: <172.30.1.200:9618?addrs=172.30.1.200-9618&alias=tamsa2.snu.ac.kr&noUDP&sock=schedd_3625_06e6>
...
040 (391043.007.000) 2024-01-18 23:16:28 Started transferring input files
	Transferring to host: <172.30.1.211:9618?addrs=172.30.1.211-9618&alias=node11&noUDP&sock=slot1_18_3735_6531_177189>
...
040 (391043.007.000) 2024-01-18 23:16:28 Finished transferring input files
...
001 (391043.007.000) 2024-01-18 23:16:28 Job executing on host: <172.30.1.211:9618?addrs=172.30.1.211-9618&alias=node11&noUDP&sock=startd_3699_c8e9>
...
006 (391043.007.000) 2024-01-18 23:16:36 Image size of job updated: 139344
	111  -  MemoryUsage of job (MB)
	113084  -  ResidentSetSize of job (KB)
...
006 (391043.007.000) 2024-01-18 23:18:15 Image size of job updated: 846496
	111  -  MemoryUsage of job (MB)
	113192  -  ResidentSetSize of job (KB)
...
040 (391043.007.000) 2024-01-18 23:18:20 Entered queue to transfer output files
...
040 (391043.007.000) 2024-01-18 23:18:22 Started transferring output files
...
040 (391043.007.000) 2024-01-18 23:18:23 Finished transferring output files
...
005 (391043.007.000) 2024-01-18 23:18:23 Job terminated.
	(1) Normal termination (return value 0)
		Usr 0 00:01:08, Sys 0 00:00:07  -  Run Remote Usage
		Usr 0 00:00:00, Sys 0 00:00:00  -  Run Local Usage
		Usr 0 00:01:08, Sys 0 00:00:07  -  Total Remote Usage
		Usr 0 00:00:00, Sys 0 00:00:00  -  Total Local Usage
	7464213  -  Run Bytes Sent By Job
	182524  -  Run Bytes Received By Job
	7464213  -  Total Bytes Sent By Job
	182524  -  Total Bytes Received By Job
	Partitionable Resources :    Usage  Request Allocated 
	   Cpus                 :                 1         1 
	   Disk (KB)            :     7534      200    128928 
	   Memory (MB)          :      111     3900      3968 

	Job terminated of its own accord at 2024-01-18T14:18:15Z.
...
000 (391059.007.000) 2024-01-19 10:38:28 Job submitted from host: <172.30.1.200:9618?addrs=172.30.1.200-9618&alias=tamsa2.snu.ac.kr&noUDP&sock=schedd_3625_06e6>
...
040 (391059.007.000) 2024-01-19 10:38:30 Started transferring input files
	Transferring to host: <172.30.1.215:9618?addrs=172.30.1.215-9618&alias=node15&noUDP&sock=slot1_71_4389_328c_280360>
...
001 (391059.007.000) 2024-01-19 10:38:30 Job executing on host: <172.30.1.215:9618?addrs=172.30.1.215-9618&alias=node15&noUDP&sock=startd_4353_5fd9>
...
040 (391059.007.000) 2024-01-19 10:38:30 Finished transferring input files
...
006 (391059.007.000) 2024-01-19 10:38:39 Image size of job updated: 139344
	68  -  MemoryUsage of job (MB)
	69424  -  ResidentSetSize of job (KB)
...
006 (391059.007.000) 2024-01-19 10:43:06 Image size of job updated: 869924
	68  -  MemoryUsage of job (MB)
	69424  -  ResidentSetSize of job (KB)
...
040 (391059.007.000) 2024-01-19 10:43:06 Started transferring output files
...
040 (391059.007.000) 2024-01-19 10:43:13 Finished transferring output files
...
005 (391059.007.000) 2024-01-19 10:43:13 Job terminated.
	(1) Normal termination (return value 0)
		Usr 0 00:03:10, Sys 0 00:00:14  -  Run Remote Usage
		Usr 0 00:00:00, Sys 0 00:00:00  -  Run Local Usage
		Usr 0 00:03:10, Sys 0 00:00:14  -  Total Remote Usage
		Usr 0 00:00:00, Sys 0 00:00:00  -  Total Local Usage
	33997780  -  Run Bytes Sent By Job
	182504  -  Run Bytes Received By Job
	33997780  -  Total Bytes Sent By Job
	182504  -  Total Bytes Received By Job
	Partitionable Resources :    Usage  Request Allocated 
	   Cpus                 :     0.03        1         1 
	   Disk (KB)            : 33451         200    261111 
	   Memory (MB)          :    68        3900      3968 

	Job terminated of its own accord at 2024-01-19T01:43:06Z.
...
000 (391060.007.000) 2024-01-19 10:57:46 Job submitted from host: <172.30.1.200:9618?addrs=172.30.1.200-9618&alias=tamsa2.snu.ac.kr&noUDP&sock=schedd_3625_06e6>
...
040 (391060.007.000) 2024-01-19 10:57:50 Started transferring input files
	Transferring to host: <172.30.1.215:9618?addrs=172.30.1.215-9618&alias=node15&noUDP&sock=slot1_77_4389_328c_280391>
...
040 (391060.007.000) 2024-01-19 10:57:50 Finished transferring input files
...
001 (391060.007.000) 2024-01-19 10:57:50 Job executing on host: <172.30.1.215:9618?addrs=172.30.1.215-9618&alias=node15&noUDP&sock=startd_4353_5fd9>
...
006 (391060.007.000) 2024-01-19 10:57:59 Image size of job updated: 230108
	138  -  MemoryUsage of job (MB)
	141120  -  ResidentSetSize of job (KB)
...
006 (391060.007.000) 2024-01-19 11:02:28 Image size of job updated: 866168
	138  -  MemoryUsage of job (MB)
	141120  -  ResidentSetSize of job (KB)
...
040 (391060.007.000) 2024-01-19 11:02:28 Started transferring output files
...
040 (391060.007.000) 2024-01-19 11:02:32 Finished transferring output files
...
005 (391060.007.000) 2024-01-19 11:02:32 Job terminated.
	(1) Normal termination (return value 0)
		Usr 0 00:03:23, Sys 0 00:00:15  -  Run Remote Usage
		Usr 0 00:00:00, Sys 0 00:00:00  -  Run Local Usage
		Usr 0 00:03:23, Sys 0 00:00:15  -  Total Remote Usage
		Usr 0 00:00:00, Sys 0 00:00:00  -  Total Local Usage
	42768240  -  Run Bytes Sent By Job
	182520  -  Run Bytes Received By Job
	42768240  -  Total Bytes Sent By Job
	182520  -  Total Bytes Received By Job
	Partitionable Resources :    Usage  Request Allocated 
	   Cpus                 :                 1         1 
	   Disk (KB)            :    42011      200    261111 
	   Memory (MB)          :      138     3900      3968 

	Job terminated of its own accord at 2024-01-19T02:02:28Z.
...
000 (391113.007.000) 2024-01-19 11:50:58 Job submitted from host: <172.30.1.200:9618?addrs=172.30.1.200-9618&alias=tamsa2.snu.ac.kr&noUDP&sock=schedd_3625_06e6>
...
040 (391113.007.000) 2024-01-19 11:51:00 Started transferring input files
	Transferring to host: <172.30.1.205:9618?addrs=172.30.1.205-9618&alias=node5&noUDP&sock=slot1_47_3857_5af6_241163>
...
001 (391113.007.000) 2024-01-19 11:51:00 Job executing on host: <172.30.1.205:9618?addrs=172.30.1.205-9618&alias=node5&noUDP&sock=startd_3821_7776>
...
040 (391113.007.000) 2024-01-19 11:51:00 Finished transferring input files
...
006 (391113.007.000) 2024-01-19 11:51:08 Image size of job updated: 561376
	168  -  MemoryUsage of job (MB)
	171820  -  ResidentSetSize of job (KB)
...
006 (391113.007.000) 2024-01-19 11:53:03 Image size of job updated: 836212
	168  -  MemoryUsage of job (MB)
	171820  -  ResidentSetSize of job (KB)
...
040 (391113.007.000) 2024-01-19 11:53:03 Started transferring output files
...
040 (391113.007.000) 2024-01-19 11:53:03 Finished transferring output files
...
005 (391113.007.000) 2024-01-19 11:53:03 Job terminated.
	(1) Normal termination (return value 0)
		Usr 0 00:01:10, Sys 0 00:00:07  -  Run Remote Usage
		Usr 0 00:00:00, Sys 0 00:00:00  -  Run Local Usage
		Usr 0 00:01:10, Sys 0 00:00:07  -  Total Remote Usage
		Usr 0 00:00:00, Sys 0 00:00:00  -  Total Local Usage
	7464079  -  Run Bytes Sent By Job
	183986  -  Run Bytes Received By Job
	7464079  -  Total Bytes Sent By Job
	183986  -  Total Bytes Received By Job
	Partitionable Resources :    Usage  Request Allocated 
	   Cpus                 :     0.80        1         1 
	   Disk (KB)            :  7542         200    128928 
	   Memory (MB)          :   168        3900      3968 

	Job terminated of its own accord at 2024-01-19T02:53:03Z.
...
000 (391114.007.000) 2024-01-19 11:56:30 Job submitted from host: <172.30.1.200:9618?addrs=172.30.1.200-9618&alias=tamsa2.snu.ac.kr&noUDP&sock=schedd_3625_06e6>
...
040 (391114.007.000) 2024-01-19 11:56:32 Started transferring input files
	Transferring to host: <172.30.1.206:9618?addrs=172.30.1.206-9618&alias=node6&noUDP&sock=slot1_24_3722_3c50_224045>
...
001 (391114.007.000) 2024-01-19 11:56:32 Job executing on host: <172.30.1.206:9618?addrs=172.30.1.206-9618&alias=node6&noUDP&sock=startd_3686_de2d>
...
040 (391114.007.000) 2024-01-19 11:56:32 Finished transferring input files
...
006 (391114.007.000) 2024-01-19 11:56:40 Image size of job updated: 186736
	183  -  MemoryUsage of job (MB)
	186736  -  ResidentSetSize of job (KB)
...
006 (391114.007.000) 2024-01-19 11:58:09 Image size of job updated: 846216
	183  -  MemoryUsage of job (MB)
	186736  -  ResidentSetSize of job (KB)
...
040 (391114.007.000) 2024-01-19 11:58:09 Started transferring output files
...
040 (391114.007.000) 2024-01-19 11:58:13 Finished transferring output files
...
005 (391114.007.000) 2024-01-19 11:58:13 Job terminated.
	(1) Normal termination (return value 0)
		Usr 0 00:01:08, Sys 0 00:00:07  -  Run Remote Usage
		Usr 0 00:00:00, Sys 0 00:00:00  -  Run Local Usage
		Usr 0 00:01:08, Sys 0 00:00:07  -  Total Remote Usage
		Usr 0 00:00:00, Sys 0 00:00:00  -  Total Local Usage
	7464183  -  Run Bytes Sent By Job
	183986  -  Run Bytes Received By Job
	7464183  -  Total Bytes Sent By Job
	183986  -  Total Bytes Received By Job
	Partitionable Resources :    Usage  Request Allocated 
	   Cpus                 :                 1         1 
	   Disk (KB)            :     7536      200     95898 
	   Memory (MB)          :      183     3900      3968 

	Job terminated of its own accord at 2024-01-19T02:58:09Z.
...
000 (391115.007.000) 2024-01-19 12:05:54 Job submitted from host: <172.30.1.200:9618?addrs=172.30.1.200-9618&alias=tamsa2.snu.ac.kr&noUDP&sock=schedd_3625_06e6>
...
040 (391115.007.000) 2024-01-19 12:05:56 Started transferring input files
	Transferring to host: <172.30.1.206:9618?addrs=172.30.1.206-9618&alias=node6&noUDP&sock=slot1_33_3722_3c50_224053>
...
040 (391115.007.000) 2024-01-19 12:05:56 Finished transferring input files
...
001 (391115.007.000) 2024-01-19 12:05:56 Job executing on host: <172.30.1.206:9618?addrs=172.30.1.206-9618&alias=node6&noUDP&sock=startd_3686_de2d>
...
006 (391115.007.000) 2024-01-19 12:06:05 Image size of job updated: 808972
	183  -  MemoryUsage of job (MB)
	186748  -  ResidentSetSize of job (KB)
...
006 (391115.007.000) 2024-01-19 12:07:39 Image size of job updated: 846212
	183  -  MemoryUsage of job (MB)
	186748  -  ResidentSetSize of job (KB)
...
040 (391115.007.000) 2024-01-19 12:07:39 Started transferring output files
...
040 (391115.007.000) 2024-01-19 12:07:43 Finished transferring output files
...
005 (391115.007.000) 2024-01-19 12:07:43 Job terminated.
	(1) Normal termination (return value 0)
		Usr 0 00:01:10, Sys 0 00:00:06  -  Run Remote Usage
		Usr 0 00:00:00, Sys 0 00:00:00  -  Run Local Usage
		Usr 0 00:01:10, Sys 0 00:00:06  -  Total Remote Usage
		Usr 0 00:00:00, Sys 0 00:00:00  -  Total Local Usage
	7464183  -  Run Bytes Sent By Job
	184022  -  Run Bytes Received By Job
	7464183  -  Total Bytes Sent By Job
	184022  -  Total Bytes Received By Job
	Partitionable Resources :    Usage  Request Allocated 
	   Cpus                 :     0.57        1         1 
	   Disk (KB)            :  7542         200     95898 
	   Memory (MB)          :   183        3900      3968 

	Job terminated of its own accord at 2024-01-19T03:07:39Z.
...
000 (391116.007.000) 2024-01-19 12:09:38 Job submitted from host: <172.30.1.200:9618?addrs=172.30.1.200-9618&alias=tamsa2.snu.ac.kr&noUDP&sock=schedd_3625_06e6>
...
040 (391116.007.000) 2024-01-19 12:09:39 Started transferring input files
	Transferring to host: <172.30.1.206:9618?addrs=172.30.1.206-9618&alias=node6&noUDP&sock=slot1_33_3722_3c50_224059>
...
001 (391116.007.000) 2024-01-19 12:09:39 Job executing on host: <172.30.1.206:9618?addrs=172.30.1.206-9618&alias=node6&noUDP&sock=startd_3686_de2d>
...
040 (391116.007.000) 2024-01-19 12:09:39 Finished transferring input files
...
006 (391116.007.000) 2024-01-19 12:09:48 Image size of job updated: 185704
	182  -  MemoryUsage of job (MB)
	185704  -  ResidentSetSize of job (KB)
...
006 (391116.007.000) 2024-01-19 12:11:15 Image size of job updated: 846200
	182  -  MemoryUsage of job (MB)
	185704  -  ResidentSetSize of job (KB)
...
040 (391116.007.000) 2024-01-19 12:11:15 Started transferring output files
...
040 (391116.007.000) 2024-01-19 12:11:15 Finished transferring output files
...
005 (391116.007.000) 2024-01-19 12:11:15 Job terminated.
	(1) Normal termination (return value 0)
		Usr 0 00:01:11, Sys 0 00:00:06  -  Run Remote Usage
		Usr 0 00:00:00, Sys 0 00:00:00  -  Run Local Usage
		Usr 0 00:01:11, Sys 0 00:00:06  -  Total Remote Usage
		Usr 0 00:00:00, Sys 0 00:00:00  -  Total Local Usage
	7464207  -  Run Bytes Sent By Job
	184022  -  Run Bytes Received By Job
	7464207  -  Total Bytes Sent By Job
	184022  -  Total Bytes Received By Job
	Partitionable Resources :    Usage  Request Allocated 
	   Cpus                 :     0.75        1         1 
	   Disk (KB)            :  7542         200     95898 
	   Memory (MB)          :   182        3900      3968 

	Job terminated of its own accord at 2024-01-19T03:11:15Z.
...
000 (391117.007.000) 2024-01-19 12:15:27 Job submitted from host: <172.30.1.200:9618?addrs=172.30.1.200-9618&alias=tamsa2.snu.ac.kr&noUDP&sock=schedd_3625_06e6>
...
040 (391117.007.000) 2024-01-19 12:15:32 Started transferring input files
	Transferring to host: <172.30.1.206:9618?addrs=172.30.1.206-9618&alias=node6&noUDP&sock=slot1_41_3722_3c50_224066>
...
001 (391117.007.000) 2024-01-19 12:15:32 Job executing on host: <172.30.1.206:9618?addrs=172.30.1.206-9618&alias=node6&noUDP&sock=startd_3686_de2d>
...
040 (391117.007.000) 2024-01-19 12:15:32 Finished transferring input files
...
006 (391117.007.000) 2024-01-19 12:15:40 Image size of job updated: 576320
	183  -  MemoryUsage of job (MB)
	186760  -  ResidentSetSize of job (KB)
...
006 (391117.007.000) 2024-01-19 12:19:29 Image size of job updated: 866576
	183  -  MemoryUsage of job (MB)
	186760  -  ResidentSetSize of job (KB)
...
040 (391117.007.000) 2024-01-19 12:19:29 Started transferring output files
...
040 (391117.007.000) 2024-01-19 12:19:38 Finished transferring output files
...
005 (391117.007.000) 2024-01-19 12:19:38 Job terminated.
	(1) Normal termination (return value 0)
		Usr 0 00:03:19, Sys 0 00:00:12  -  Run Remote Usage
		Usr 0 00:00:00, Sys 0 00:00:00  -  Run Local Usage
		Usr 0 00:03:19, Sys 0 00:00:12  -  Total Remote Usage
		Usr 0 00:00:00, Sys 0 00:00:00  -  Total Local Usage
	34125216  -  Run Bytes Sent By Job
	184028  -  Run Bytes Received By Job
	34125216  -  Total Bytes Sent By Job
	184028  -  Total Bytes Received By Job
	Partitionable Resources :    Usage  Request Allocated 
	   Cpus                 :     0.92        1         1 
	   Disk (KB)            : 33578         200     95898 
	   Memory (MB)          :   183        3900      3968 

	Job terminated of its own accord at 2024-01-19T03:19:29Z.
...
000 (391118.007.000) 2024-01-19 12:41:44 Job submitted from host: <172.30.1.200:9618?addrs=172.30.1.200-9618&alias=tamsa2.snu.ac.kr&noUDP&sock=schedd_3625_06e6>
...
040 (391118.007.000) 2024-01-19 12:41:50 Started transferring input files
	Transferring to host: <172.30.1.211:9618?addrs=172.30.1.211-9618&alias=node11&noUDP&sock=slot1_41_3735_6531_177604>
...
001 (391118.007.000) 2024-01-19 12:41:51 Job executing on host: <172.30.1.211:9618?addrs=172.30.1.211-9618&alias=node11&noUDP&sock=startd_3699_c8e9>
...
040 (391118.007.000) 2024-01-19 12:41:51 Finished transferring input files
...
006 (391118.007.000) 2024-01-19 12:41:59 Image size of job updated: 592984
	176  -  MemoryUsage of job (MB)
	179900  -  ResidentSetSize of job (KB)
...
006 (391118.007.000) 2024-01-19 12:43:54 Image size of job updated: 845924
	176  -  MemoryUsage of job (MB)
	179900  -  ResidentSetSize of job (KB)
...
040 (391118.007.000) 2024-01-19 12:43:54 Started transferring output files
...
040 (391118.007.000) 2024-01-19 12:43:54 Finished transferring output files
...
005 (391118.007.000) 2024-01-19 12:43:54 Job terminated.
	(1) Normal termination (return value 0)
		Usr 0 00:01:11, Sys 0 00:00:07  -  Run Remote Usage
		Usr 0 00:00:00, Sys 0 00:00:00  -  Run Local Usage
		Usr 0 00:01:11, Sys 0 00:00:07  -  Total Remote Usage
		Usr 0 00:00:00, Sys 0 00:00:00  -  Total Local Usage
	7464143  -  Run Bytes Sent By Job
	183796  -  Run Bytes Received By Job
	7464143  -  Total Bytes Sent By Job
	183796  -  Total Bytes Received By Job
	Partitionable Resources :    Usage  Request Allocated 
	   Cpus                 :                 1         1 
	   Disk (KB)            :     7536      200    128928 
	   Memory (MB)          :      176     3900      3968 

	Job terminated of its own accord at 2024-01-19T03:43:54Z.
...
000 (391119.007.000) 2024-01-19 12:47:04 Job submitted from host: <172.30.1.200:9618?addrs=172.30.1.200-9618&alias=tamsa2.snu.ac.kr&noUDP&sock=schedd_3625_06e6>
...
040 (391119.007.000) 2024-01-19 12:47:12 Started transferring input files
	Transferring to host: <172.30.1.211:9618?addrs=172.30.1.211-9618&alias=node11&noUDP&sock=slot1_45_3735_6531_177616>
...
001 (391119.007.000) 2024-01-19 12:47:12 Job executing on host: <172.30.1.211:9618?addrs=172.30.1.211-9618&alias=node11&noUDP&sock=startd_3699_c8e9>
...
040 (391119.007.000) 2024-01-19 12:47:12 Finished transferring input files
...
006 (391119.007.000) 2024-01-19 12:47:21 Image size of job updated: 185048
	181  -  MemoryUsage of job (MB)
	185048  -  ResidentSetSize of job (KB)
...
006 (391119.007.000) 2024-01-19 12:51:46 Image size of job updated: 866436
	181  -  MemoryUsage of job (MB)
	185048  -  ResidentSetSize of job (KB)
...
040 (391119.007.000) 2024-01-19 12:51:46 Started transferring output files
...
040 (391119.007.000) 2024-01-19 12:51:47 Finished transferring output files
...
005 (391119.007.000) 2024-01-19 12:51:47 Job terminated.
	(1) Normal termination (return value 0)
		Usr 0 00:03:23, Sys 0 00:00:14  -  Run Remote Usage
		Usr 0 00:00:00, Sys 0 00:00:00  -  Run Local Usage
		Usr 0 00:03:23, Sys 0 00:00:14  -  Total Remote Usage
		Usr 0 00:00:00, Sys 0 00:00:00  -  Total Local Usage
	33360378  -  Run Bytes Sent By Job
	183796  -  Run Bytes Received By Job
	33360378  -  Total Bytes Sent By Job
	183796  -  Total Bytes Received By Job
	Partitionable Resources :    Usage  Request Allocated 
	   Cpus                 :     0.89        1         1 
	   Disk (KB)            : 32831         200    128928 
	   Memory (MB)          :   181        3900      3968 

	Job terminated of its own accord at 2024-01-19T03:51:46Z.
...
000 (391120.007.000) 2024-01-19 13:02:28 Job submitted from host: <172.30.1.200:9618?addrs=172.30.1.200-9618&alias=tamsa2.snu.ac.kr&noUDP&sock=schedd_3625_06e6>
...
040 (391120.007.000) 2024-01-19 13:02:39 Started transferring input files
	Transferring to host: <172.30.1.211:9618?addrs=172.30.1.211-9618&alias=node11&noUDP&sock=slot1_48_3735_6531_177627>
...
001 (391120.007.000) 2024-01-19 13:02:39 Job executing on host: <172.30.1.211:9618?addrs=172.30.1.211-9618&alias=node11&noUDP&sock=startd_3699_c8e9>
...
040 (391120.007.000) 2024-01-19 13:02:39 Finished transferring input files
...
006 (391120.007.000) 2024-01-19 13:02:47 Image size of job updated: 184580
	181  -  MemoryUsage of job (MB)
	184580  -  ResidentSetSize of job (KB)
...
006 (391120.007.000) 2024-01-19 13:07:10 Image size of job updated: 866444
	181  -  MemoryUsage of job (MB)
	184580  -  ResidentSetSize of job (KB)
...
040 (391120.007.000) 2024-01-19 13:07:10 Started transferring output files
...
040 (391120.007.000) 2024-01-19 13:07:19 Finished transferring output files
...
005 (391120.007.000) 2024-01-19 13:07:20 Job terminated.
	(1) Normal termination (return value 0)
		Usr 0 00:03:21, Sys 0 00:00:13  -  Run Remote Usage
		Usr 0 00:00:00, Sys 0 00:00:00  -  Run Local Usage
		Usr 0 00:03:21, Sys 0 00:00:13  -  Total Remote Usage
		Usr 0 00:00:00, Sys 0 00:00:00  -  Total Local Usage
	33317490  -  Run Bytes Sent By Job
	183796  -  Run Bytes Received By Job
	33317490  -  Total Bytes Sent By Job
	183796  -  Total Bytes Received By Job
	Partitionable Resources :    Usage  Request Allocated 
	   Cpus                 :     0.93        1         1 
	   Disk (KB)            : 32789         200    128928 
	   Memory (MB)          :   181        3900      3968 

	Job terminated of its own accord at 2024-01-19T04:07:10Z.
...
000 (391131.007.000) 2024-01-19 14:22:45 Job submitted from host: <172.30.1.200:9618?addrs=172.30.1.200-9618&alias=tamsa2.snu.ac.kr&noUDP&sock=schedd_3625_06e6>
...
040 (391131.007.000) 2024-01-19 14:22:50 Started transferring input files
	Transferring to host: <172.30.1.208:9618?addrs=172.30.1.208-9618&alias=node8&noUDP&sock=slot1_46_3811_f1b4_191260>
...
040 (391131.007.000) 2024-01-19 14:22:50 Finished transferring input files
...
001 (391131.007.000) 2024-01-19 14:22:50 Job executing on host: <172.30.1.208:9618?addrs=172.30.1.208-9618&alias=node8&noUDP&sock=startd_3777_494c>
...
006 (391131.007.000) 2024-01-19 14:22:59 Image size of job updated: 230108
	56  -  MemoryUsage of job (MB)
	57104  -  ResidentSetSize of job (KB)
...
006 (391131.007.000) 2024-01-19 14:27:59 Image size of job updated: 974900
	316  -  MemoryUsage of job (MB)
	322996  -  ResidentSetSize of job (KB)
...
004 (391131.007.000) 2024-01-19 14:28:10 Job was evicted.
	(0) CPU times
		Usr 0 00:04:46, Sys 0 00:00:17  -  Run Remote Usage
		Usr 0 00:00:00, Sys 0 00:00:00  -  Run Local Usage
	0  -  Run Bytes Sent By Job
	183798  -  Run Bytes Received By Job
	Partitionable Resources :    Usage  Request Allocated 
	   Cpus                 :     1.00        1         1 
	   Disk (KB)            :  1271         200    128928 
	   Memory (MB)          :   316        3900      3968 
...
009 (391131.007.000) 2024-01-19 14:28:10 Job was aborted.
	via condor_rm (by user shin)
...
000 (391132.007.000) 2024-01-19 14:30:22 Job submitted from host: <172.30.1.200:9618?addrs=172.30.1.200-9618&alias=tamsa2.snu.ac.kr&noUDP&sock=schedd_3625_06e6>
...
040 (391132.007.000) 2024-01-19 14:30:24 Started transferring input files
	Transferring to host: <172.30.1.208:9618?addrs=172.30.1.208-9618&alias=node8&noUDP&sock=slot1_46_3811_f1b4_191268>
...
001 (391132.007.000) 2024-01-19 14:30:24 Job executing on host: <172.30.1.208:9618?addrs=172.30.1.208-9618&alias=node8&noUDP&sock=startd_3777_494c>
...
040 (391132.007.000) 2024-01-19 14:30:24 Finished transferring input files
...
006 (391132.007.000) 2024-01-19 14:30:33 Image size of job updated: 611916
	181  -  MemoryUsage of job (MB)
	185024  -  ResidentSetSize of job (KB)
...
006 (391132.007.000) 2024-01-19 14:35:34 Image size of job updated: 871988
	181  -  MemoryUsage of job (MB)
	185024  -  ResidentSetSize of job (KB)
...
000 (391137.007.000) 2024-01-19 14:35:50 Job submitted from host: <172.30.1.200:9618?addrs=172.30.1.200-9618&alias=tamsa2.snu.ac.kr&noUDP&sock=schedd_3625_06e6>
...
040 (391137.007.000) 2024-01-19 14:35:52 Started transferring input files
	Transferring to host: <172.30.1.109:9618?addrs=172.30.1.109-9618&alias=n9&noUDP&sock=slot1_8_4134_86e1_92597>
...
001 (391137.007.000) 2024-01-19 14:35:52 Job executing on host: <172.30.1.109:9618?addrs=172.30.1.109-9618&alias=n9&noUDP&sock=startd_4100_d663>
...
040 (391137.007.000) 2024-01-19 14:35:52 Finished transferring input files
...
004 (391132.007.000) 2024-01-19 14:36:01 Job was evicted.
	(0) CPU times
		Usr 0 00:04:41, Sys 0 00:00:19  -  Run Remote Usage
		Usr 0 00:00:00, Sys 0 00:00:00  -  Run Local Usage
	0  -  Run Bytes Sent By Job
	183608  -  Run Bytes Received By Job
	Partitionable Resources :    Usage  Request Allocated 
	   Cpus                 :     0.89        1         1 
	   Disk (KB)            : 13251         200    128928 
	   Memory (MB)          :   181        3900      3968 
...
006 (391137.007.000) 2024-01-19 14:36:01 Image size of job updated: 230108
	0  -  MemoryUsage of job (MB)
	0  -  ResidentSetSize of job (KB)
...
009 (391132.007.000) 2024-01-19 14:36:01 Job was aborted.
	via condor_rm (by user shin)
...
004 (391137.007.000) 2024-01-19 14:36:01 Job was evicted.
	(0) CPU times
		Usr 0 00:00:00, Sys 0 00:00:00  -  Run Remote Usage
		Usr 0 00:00:00, Sys 0 00:00:00  -  Run Local Usage
	0  -  Run Bytes Sent By Job
	183614  -  Run Bytes Received By Job
	Partitionable Resources :    Usage  Request Allocated 
	   Cpus                 :     0.01        1         1 
	   Disk (KB)            :   235         200    127849 
	   Memory (MB)          :     0        3900      3968 
...
009 (391137.007.000) 2024-01-19 14:36:01 Job was aborted.
	via condor_rm (by user shin)
...
000 (391138.007.000) 2024-01-19 14:36:02 Job submitted from host: <172.30.1.200:9618?addrs=172.30.1.200-9618&alias=tamsa2.snu.ac.kr&noUDP&sock=schedd_3625_06e6>
...
040 (391138.007.000) 2024-01-19 14:36:13 Started transferring input files
	Transferring to host: <172.30.1.208:9618?addrs=172.30.1.208-9618&alias=node8&noUDP&sock=slot1_45_3811_f1b4_191275>
...
040 (391138.007.000) 2024-01-19 14:36:13 Finished transferring input files
...
001 (391138.007.000) 2024-01-19 14:36:13 Job executing on host: <172.30.1.208:9618?addrs=172.30.1.208-9618&alias=node8&noUDP&sock=startd_3777_494c>
...
006 (391138.007.000) 2024-01-19 14:36:21 Image size of job updated: 806016
	181  -  MemoryUsage of job (MB)
	184572  -  ResidentSetSize of job (KB)
...
006 (391138.007.000) 2024-01-19 14:41:21 Image size of job updated: 874552
	183  -  MemoryUsage of job (MB)
	186904  -  ResidentSetSize of job (KB)
...
040 (391138.007.000) 2024-01-19 14:42:50 Started transferring output files
...
040 (391138.007.000) 2024-01-19 14:42:51 Finished transferring output files
...
005 (391138.007.000) 2024-01-19 14:42:51 Job terminated.
	(1) Normal termination (return value 0)
		Usr 0 00:05:35, Sys 0 00:00:23  -  Run Remote Usage
		Usr 0 00:00:00, Sys 0 00:00:00  -  Run Local Usage
		Usr 0 00:05:35, Sys 0 00:00:23  -  Total Remote Usage
		Usr 0 00:00:00, Sys 0 00:00:00  -  Total Local Usage
	33044472  -  Run Bytes Sent By Job
	183614  -  Run Bytes Received By Job
	33044472  -  Total Bytes Sent By Job
	183614  -  Total Bytes Received By Job
	Partitionable Resources :    Usage  Request Allocated 
	   Cpus                 :     0.74        1         1 
	   Disk (KB)            : 32522         200    128928 
	   Memory (MB)          :   183        3900      3968 

	Job terminated of its own accord at 2024-01-19T05:42:50Z.
...
000 (391139.007.000) 2024-01-19 14:48:49 Job submitted from host: <172.30.1.200:9618?addrs=172.30.1.200-9618&alias=tamsa2.snu.ac.kr&noUDP&sock=schedd_3625_06e6>
...
040 (391139.007.000) 2024-01-19 14:48:51 Started transferring input files
	Transferring to host: <172.30.1.208:9618?addrs=172.30.1.208-9618&alias=node8&noUDP&sock=slot1_45_3811_f1b4_191284>
...
040 (391139.007.000) 2024-01-19 14:48:51 Finished transferring input files
...
001 (391139.007.000) 2024-01-19 14:48:51 Job executing on host: <172.30.1.208:9618?addrs=172.30.1.208-9618&alias=node8&noUDP&sock=startd_3777_494c>
...
006 (391139.007.000) 2024-01-19 14:49:00 Image size of job updated: 187816
	164  -  MemoryUsage of job (MB)
	167828  -  ResidentSetSize of job (KB)
...
006 (391139.007.000) 2024-01-19 14:52:18 Image size of job updated: 874228
	164  -  MemoryUsage of job (MB)
	167828  -  ResidentSetSize of job (KB)
...
004 (391139.007.000) 2024-01-19 14:52:18 Job was evicted.
	(0) CPU times
		Usr 0 00:02:47, Sys 0 00:00:12  -  Run Remote Usage
		Usr 0 00:00:00, Sys 0 00:00:00  -  Run Local Usage
	0  -  Run Bytes Sent By Job
	183618  -  Run Bytes Received By Job
	Partitionable Resources :    Usage  Request Allocated 
	   Cpus                 :     0.96        1         1 
	   Disk (KB)            :  8314         200    128928 
	   Memory (MB)          :   164        3900      3968 
...
009 (391139.007.000) 2024-01-19 14:52:18 Job was aborted.
	via condor_rm (by user shin)
...
000 (391140.007.000) 2024-01-19 14:52:19 Job submitted from host: <172.30.1.200:9618?addrs=172.30.1.200-9618&alias=tamsa2.snu.ac.kr&noUDP&sock=schedd_3625_06e6>
...
040 (391140.007.000) 2024-01-19 14:52:23 Started transferring input files
	Transferring to host: <172.30.1.208:9618?addrs=172.30.1.208-9618&alias=node8&noUDP&sock=slot1_48_3811_f1b4_191295>
...
001 (391140.007.000) 2024-01-19 14:52:23 Job executing on host: <172.30.1.208:9618?addrs=172.30.1.208-9618&alias=node8&noUDP&sock=startd_3777_494c>
...
040 (391140.007.000) 2024-01-19 14:52:23 Finished transferring input files
...
006 (391140.007.000) 2024-01-19 14:52:32 Image size of job updated: 751280
	183  -  MemoryUsage of job (MB)
	186744  -  ResidentSetSize of job (KB)
...
006 (391140.007.000) 2024-01-19 14:57:33 Image size of job updated: 874584
	184  -  MemoryUsage of job (MB)
	188076  -  ResidentSetSize of job (KB)
...
040 (391140.007.000) 2024-01-19 14:59:01 Started transferring output files
...
040 (391140.007.000) 2024-01-19 14:59:02 Finished transferring output files
...
005 (391140.007.000) 2024-01-19 14:59:02 Job terminated.
	(1) Normal termination (return value 0)
		Usr 0 00:05:37, Sys 0 00:00:23  -  Run Remote Usage
		Usr 0 00:00:00, Sys 0 00:00:00  -  Run Local Usage
		Usr 0 00:05:37, Sys 0 00:00:23  -  Total Remote Usage
		Usr 0 00:00:00, Sys 0 00:00:00  -  Total Local Usage
	32882462  -  Run Bytes Sent By Job
	183636  -  Run Bytes Received By Job
	32882462  -  Total Bytes Sent By Job
	183636  -  Total Bytes Received By Job
	Partitionable Resources :    Usage  Request Allocated 
	   Cpus                 :     0.53        1         1 
	   Disk (KB)            : 32364         200    128928 
	   Memory (MB)          :   184        3900      3968 

	Job terminated of its own accord at 2024-01-19T05:59:01Z.
...
000 (391145.007.000) 2024-01-19 15:59:26 Job submitted from host: <172.30.1.200:9618?addrs=172.30.1.200-9618&alias=tamsa2.snu.ac.kr&noUDP&sock=schedd_3625_06e6>
...
040 (391145.007.000) 2024-01-19 15:59:29 Started transferring input files
	Transferring to host: <172.30.1.208:9618?addrs=172.30.1.208-9618&alias=node8&noUDP&sock=slot1_48_3811_f1b4_191325>
...
040 (391145.007.000) 2024-01-19 15:59:29 Finished transferring input files
...
001 (391145.007.000) 2024-01-19 15:59:29 Job executing on host: <172.30.1.208:9618?addrs=172.30.1.208-9618&alias=node8&noUDP&sock=startd_3777_494c>
...
006 (391145.007.000) 2024-01-19 15:59:38 Image size of job updated: 199972
	171  -  MemoryUsage of job (MB)
	174660  -  ResidentSetSize of job (KB)
...
006 (391145.007.000) 2024-01-19 16:04:39 Image size of job updated: 871248
	207  -  MemoryUsage of job (MB)
	211704  -  ResidentSetSize of job (KB)
...
006 (391145.007.000) 2024-01-19 16:05:43 Image size of job updated: 871436
	207  -  MemoryUsage of job (MB)
	211704  -  ResidentSetSize of job (KB)
...
040 (391145.007.000) 2024-01-19 16:05:43 Started transferring output files
...
040 (391145.007.000) 2024-01-19 16:05:43 Finished transferring output files
...
005 (391145.007.000) 2024-01-19 16:05:43 Job terminated.
	(1) Normal termination (return value 0)
		Usr 0 00:05:17, Sys 0 00:00:18  -  Run Remote Usage
		Usr 0 00:00:00, Sys 0 00:00:00  -  Run Local Usage
		Usr 0 00:05:17, Sys 0 00:00:18  -  Total Remote Usage
		Usr 0 00:00:00, Sys 0 00:00:00  -  Total Local Usage
	31916856  -  Run Bytes Sent By Job
	184262  -  Run Bytes Received By Job
	31916856  -  Total Bytes Sent By Job
	184262  -  Total Bytes Received By Job
	Partitionable Resources :    Usage  Request Allocated 
	   Cpus                 :     0.96        1         1 
	   Disk (KB)            : 31422         200    128928 
	   Memory (MB)          :   207        3900      3968 

	Job terminated of its own accord at 2024-01-19T07:05:43Z.
...
000 (391151.007.000) 2024-01-19 16:45:38 Job submitted from host: <172.30.1.200:9618?addrs=172.30.1.200-9618&alias=tamsa2.snu.ac.kr&noUDP&sock=schedd_3625_06e6>
...
040 (391151.007.000) 2024-01-19 16:45:47 Started transferring input files
	Transferring to host: <172.30.1.208:9618?addrs=172.30.1.208-9618&alias=node8&noUDP&sock=slot1_48_3811_f1b4_191348>
...
001 (391151.007.000) 2024-01-19 16:45:47 Job executing on host: <172.30.1.208:9618?addrs=172.30.1.208-9618&alias=node8&noUDP&sock=startd_3777_494c>
...
040 (391151.007.000) 2024-01-19 16:45:47 Finished transferring input files
...
006 (391151.007.000) 2024-01-19 16:45:55 Image size of job updated: 561388
	172  -  MemoryUsage of job (MB)
	175116  -  ResidentSetSize of job (KB)
...
000 (391152.007.000) 2024-01-19 16:46:33 Job submitted from host: <172.30.1.200:9618?addrs=172.30.1.200-9618&alias=tamsa2.snu.ac.kr&noUDP&sock=schedd_3625_06e6>
...
040 (391152.007.000) 2024-01-19 16:46:35 Started transferring input files
	Transferring to host: <172.30.1.103:9618?addrs=172.30.1.103-9618&alias=n3&noUDP&sock=slot1_1_3441_3ee5_36122>
...
001 (391152.007.000) 2024-01-19 16:46:35 Job executing on host: <172.30.1.103:9618?addrs=172.30.1.103-9618&alias=n3&noUDP&sock=startd_3407_7f41>
...
040 (391152.007.000) 2024-01-19 16:46:35 Finished transferring input files
...
006 (391152.007.000) 2024-01-19 16:46:43 Image size of job updated: 561696
	0  -  MemoryUsage of job (MB)
	0  -  ResidentSetSize of job (KB)
...
004 (391152.007.000) 2024-01-19 16:46:43 Job was evicted.
	(0) CPU times
		Usr 0 00:00:00, Sys 0 00:00:00  -  Run Remote Usage
		Usr 0 00:00:00, Sys 0 00:00:00  -  Run Local Usage
	0  -  Run Bytes Sent By Job
	184253  -  Run Bytes Received By Job
	Partitionable Resources :    Usage  Request Allocated 
	   Cpus                 :     0.03        1         1 
	   Disk (KB)            :   236         200     61880 
	   Memory (MB)          :     0        3900      3968 
...
009 (391152.007.000) 2024-01-19 16:46:43 Job was aborted.
	via condor_rm (by user shin)
...
006 (391151.007.000) 2024-01-19 16:47:35 Image size of job updated: 846492
	172  -  MemoryUsage of job (MB)
	175116  -  ResidentSetSize of job (KB)
...
004 (391151.007.000) 2024-01-19 16:47:35 Job was evicted.
	(0) CPU times
		Usr 0 00:01:05, Sys 0 00:00:06  -  Run Remote Usage
		Usr 0 00:00:00, Sys 0 00:00:00  -  Run Local Usage
	0  -  Run Bytes Sent By Job
	184253  -  Run Bytes Received By Job
	Partitionable Resources :    Usage  Request Allocated 
	   Cpus                 :     0.08        1         1 
	   Disk (KB)            :  3431         200    128928 
	   Memory (MB)          :   172        3900      3968 
...
009 (391151.007.000) 2024-01-19 16:47:36 Job was aborted.
	via condor_rm (by user shin)
...
000 (391153.007.000) 2024-01-19 16:47:37 Job submitted from host: <172.30.1.200:9618?addrs=172.30.1.200-9618&alias=tamsa2.snu.ac.kr&noUDP&sock=schedd_3625_06e6>
...
040 (391153.007.000) 2024-01-19 16:47:57 Started transferring input files
	Transferring to host: <172.30.1.208:9618?addrs=172.30.1.208-9618&alias=node8&noUDP&sock=slot1_44_3811_f1b4_191349>
...
001 (391153.007.000) 2024-01-19 16:47:57 Job executing on host: <172.30.1.208:9618?addrs=172.30.1.208-9618&alias=node8&noUDP&sock=startd_3777_494c>
...
040 (391153.007.000) 2024-01-19 16:47:57 Finished transferring input files
...
006 (391153.007.000) 2024-01-19 16:48:06 Image size of job updated: 833428
	181  -  MemoryUsage of job (MB)
	185048  -  ResidentSetSize of job (KB)
...
006 (391153.007.000) 2024-01-19 16:49:51 Image size of job updated: 846468
	181  -  MemoryUsage of job (MB)
	185048  -  ResidentSetSize of job (KB)
...
040 (391153.007.000) 2024-01-19 16:49:52 Started transferring output files
...
040 (391153.007.000) 2024-01-19 16:49:52 Finished transferring output files
...
005 (391153.007.000) 2024-01-19 16:49:52 Job terminated.
	(1) Normal termination (return value 0)
		Usr 0 00:01:15, Sys 0 00:00:07  -  Run Remote Usage
		Usr 0 00:00:00, Sys 0 00:00:00  -  Run Local Usage
		Usr 0 00:01:15, Sys 0 00:00:07  -  Total Remote Usage
		Usr 0 00:00:00, Sys 0 00:00:00  -  Total Local Usage
	7470439  -  Run Bytes Sent By Job
	184257  -  Run Bytes Received By Job
	7470439  -  Total Bytes Sent By Job
	184257  -  Total Bytes Received By Job
	Partitionable Resources :    Usage  Request Allocated 
	   Cpus                 :                 1         1 
	   Disk (KB)            :     7543      200    128928 
	   Memory (MB)          :      181     3900      3968 

	Job terminated of its own accord at 2024-01-19T07:49:51Z.
...
000 (391154.007.000) 2024-01-19 16:50:49 Job submitted from host: <172.30.1.200:9618?addrs=172.30.1.200-9618&alias=tamsa2.snu.ac.kr&noUDP&sock=schedd_3625_06e6>
...
040 (391154.007.000) 2024-01-19 16:50:51 Started transferring input files
	Transferring to host: <172.30.1.211:9618?addrs=172.30.1.211-9618&alias=node11&noUDP&sock=slot1_25_3735_6531_177661>
...
040 (391154.007.000) 2024-01-19 16:50:51 Finished transferring input files
...
001 (391154.007.000) 2024-01-19 16:50:51 Job executing on host: <172.30.1.211:9618?addrs=172.30.1.211-9618&alias=node11&noUDP&sock=startd_3699_c8e9>
...
006 (391154.007.000) 2024-01-19 16:50:59 Image size of job updated: 724140
	172  -  MemoryUsage of job (MB)
	175508  -  ResidentSetSize of job (KB)
...
006 (391154.007.000) 2024-01-19 16:55:59 Image size of job updated: 870512
	204  -  MemoryUsage of job (MB)
	208520  -  ResidentSetSize of job (KB)
...
040 (391154.007.000) 2024-01-19 16:57:07 Started transferring output files
...
040 (391154.007.000) 2024-01-19 16:57:08 Finished transferring output files
...
005 (391154.007.000) 2024-01-19 16:57:08 Job terminated.
	(1) Normal termination (return value 0)
		Usr 0 00:05:23, Sys 0 00:00:20  -  Run Remote Usage
		Usr 0 00:00:00, Sys 0 00:00:00  -  Run Local Usage
		Usr 0 00:05:23, Sys 0 00:00:20  -  Total Remote Usage
		Usr 0 00:00:00, Sys 0 00:00:00  -  Total Local Usage
	32291634  -  Run Bytes Sent By Job
	184256  -  Run Bytes Received By Job
	32291634  -  Total Bytes Sent By Job
	184256  -  Total Bytes Received By Job
	Partitionable Resources :    Usage  Request Allocated 
	   Cpus                 :     0.68        1         1 
	   Disk (KB)            : 31788         200    128928 
	   Memory (MB)          :   204        3900      3968 

	Job terminated of its own accord at 2024-01-19T07:57:07Z.
...
000 (391155.007.000) 2024-01-19 17:22:15 Job submitted from host: <172.30.1.200:9618?addrs=172.30.1.200-9618&alias=tamsa2.snu.ac.kr&noUDP&sock=schedd_3625_06e6>
...
040 (391155.007.000) 2024-01-19 17:22:17 Started transferring input files
	Transferring to host: <172.30.1.204:9618?addrs=172.30.1.204-9618&alias=node4&noUDP&sock=slot1_28_3725_5971_203418>
...
001 (391155.007.000) 2024-01-19 17:22:17 Job executing on host: <172.30.1.204:9618?addrs=172.30.1.204-9618&alias=node4&noUDP&sock=startd_3691_4c27>
...
040 (391155.007.000) 2024-01-19 17:22:17 Finished transferring input files
...
006 (391155.007.000) 2024-01-19 17:22:26 Image size of job updated: 724708
	181  -  MemoryUsage of job (MB)
	185048  -  ResidentSetSize of job (KB)
...
006 (391155.007.000) 2024-01-19 17:24:10 Image size of job updated: 844436
	181  -  MemoryUsage of job (MB)
	185048  -  ResidentSetSize of job (KB)
...
040 (391155.007.000) 2024-01-19 17:24:10 Started transferring output files
...
040 (391155.007.000) 2024-01-19 17:24:10 Finished transferring output files
...
005 (391155.007.000) 2024-01-19 17:24:10 Job terminated.
	(1) Normal termination (return value 0)
		Usr 0 00:01:12, Sys 0 00:00:07  -  Run Remote Usage
		Usr 0 00:00:00, Sys 0 00:00:00  -  Run Local Usage
		Usr 0 00:01:12, Sys 0 00:00:07  -  Total Remote Usage
		Usr 0 00:00:00, Sys 0 00:00:00  -  Total Local Usage
	7465407  -  Run Bytes Sent By Job
	186554  -  Run Bytes Received By Job
	7465407  -  Total Bytes Sent By Job
	186554  -  Total Bytes Received By Job
	Partitionable Resources :    Usage  Request Allocated 
	   Cpus                 :                 1         1 
	   Disk (KB)            :     7540      200    128928 
	   Memory (MB)          :      181     3900      3968 

	Job terminated of its own accord at 2024-01-19T08:24:10Z.
...
000 (391156.007.000) 2024-01-19 17:29:00 Job submitted from host: <172.30.1.200:9618?addrs=172.30.1.200-9618&alias=tamsa2.snu.ac.kr&noUDP&sock=schedd_3625_06e6>
...
040 (391156.007.000) 2024-01-19 17:29:02 Started transferring input files
	Transferring to host: <172.30.1.204:9618?addrs=172.30.1.204-9618&alias=node4&noUDP&sock=slot1_26_3725_5971_203423>
...
001 (391156.007.000) 2024-01-19 17:29:02 Job executing on host: <172.30.1.204:9618?addrs=172.30.1.204-9618&alias=node4&noUDP&sock=startd_3691_4c27>
...
040 (391156.007.000) 2024-01-19 17:29:02 Finished transferring input files
...
006 (391156.007.000) 2024-01-19 17:29:11 Image size of job updated: 186744
	183  -  MemoryUsage of job (MB)
	186744  -  ResidentSetSize of job (KB)
...
006 (391156.007.000) 2024-01-19 17:30:55 Image size of job updated: 845724
	183  -  MemoryUsage of job (MB)
	186744  -  ResidentSetSize of job (KB)
...
040 (391156.007.000) 2024-01-19 17:30:55 Started transferring output files
...
040 (391156.007.000) 2024-01-19 17:30:56 Finished transferring output files
...
005 (391156.007.000) 2024-01-19 17:30:56 Job terminated.
	(1) Normal termination (return value 0)
		Usr 0 00:01:11, Sys 0 00:00:07  -  Run Remote Usage
		Usr 0 00:00:00, Sys 0 00:00:00  -  Run Local Usage
		Usr 0 00:01:11, Sys 0 00:00:07  -  Total Remote Usage
		Usr 0 00:00:00, Sys 0 00:00:00  -  Total Local Usage
	7465407  -  Run Bytes Sent By Job
	186554  -  Run Bytes Received By Job
	7465407  -  Total Bytes Sent By Job
	186554  -  Total Bytes Received By Job
	Partitionable Resources :    Usage  Request Allocated 
	   Cpus                 :                 1         1 
	   Disk (KB)            :     7540      200    128928 
	   Memory (MB)          :      183     3900      3968 

	Job terminated of its own accord at 2024-01-19T08:30:55Z.
...
000 (391161.007.000) 2024-01-19 17:33:03 Job submitted from host: <172.30.1.200:9618?addrs=172.30.1.200-9618&alias=tamsa2.snu.ac.kr&noUDP&sock=schedd_3625_06e6>
...
040 (391161.007.000) 2024-01-19 17:33:06 Started transferring input files
	Transferring to host: <172.30.1.204:9618?addrs=172.30.1.204-9618&alias=node4&noUDP&sock=slot1_35_3725_5971_203430>
...
040 (391161.007.000) 2024-01-19 17:33:06 Finished transferring input files
...
001 (391161.007.000) 2024-01-19 17:33:06 Job executing on host: <172.30.1.204:9618?addrs=172.30.1.204-9618&alias=node4&noUDP&sock=startd_3691_4c27>
...
006 (391161.007.000) 2024-01-19 17:33:15 Image size of job updated: 186748
	183  -  MemoryUsage of job (MB)
	186748  -  ResidentSetSize of job (KB)
...
006 (391161.007.000) 2024-01-19 17:34:52 Image size of job updated: 842740
	183  -  MemoryUsage of job (MB)
	186748  -  ResidentSetSize of job (KB)
...
040 (391161.007.000) 2024-01-19 17:34:52 Started transferring output files
...
040 (391161.007.000) 2024-01-19 17:34:53 Finished transferring output files
...
005 (391161.007.000) 2024-01-19 17:34:53 Job terminated.
	(1) Normal termination (return value 0)
		Usr 0 00:01:10, Sys 0 00:00:07  -  Run Remote Usage
		Usr 0 00:00:00, Sys 0 00:00:00  -  Run Local Usage
		Usr 0 00:01:10, Sys 0 00:00:07  -  Total Remote Usage
		Usr 0 00:00:00, Sys 0 00:00:00  -  Total Local Usage
	7469647  -  Run Bytes Sent By Job
	186686  -  Run Bytes Received By Job
	7469647  -  Total Bytes Sent By Job
	186686  -  Total Bytes Received By Job
	Partitionable Resources :    Usage  Request Allocated 
	   Cpus                 :                 1         1 
	   Disk (KB)            :     7545      200    128928 
	   Memory (MB)          :      183     3900      3968 

	Job terminated of its own accord at 2024-01-19T08:34:52Z.
...
000 (391162.007.000) 2024-01-19 17:42:17 Job submitted from host: <172.30.1.200:9618?addrs=172.30.1.200-9618&alias=tamsa2.snu.ac.kr&noUDP&sock=schedd_3625_06e6>
...
040 (391162.007.000) 2024-01-19 17:42:27 Started transferring input files
	Transferring to host: <172.30.1.204:9618?addrs=172.30.1.204-9618&alias=node4&noUDP&sock=slot1_28_3725_5971_203435>
...
001 (391162.007.000) 2024-01-19 17:42:27 Job executing on host: <172.30.1.204:9618?addrs=172.30.1.204-9618&alias=node4&noUDP&sock=startd_3691_4c27>
...
040 (391162.007.000) 2024-01-19 17:42:27 Finished transferring input files
...
006 (391162.007.000) 2024-01-19 17:42:36 Image size of job updated: 809124
	183  -  MemoryUsage of job (MB)
	186732  -  ResidentSetSize of job (KB)
...
006 (391162.007.000) 2024-01-19 17:44:26 Image size of job updated: 846180
	183  -  MemoryUsage of job (MB)
	186732  -  ResidentSetSize of job (KB)
...
040 (391162.007.000) 2024-01-19 17:44:26 Started transferring output files
...
040 (391162.007.000) 2024-01-19 17:44:26 Finished transferring output files
...
005 (391162.007.000) 2024-01-19 17:44:26 Job terminated.
	(1) Normal termination (return value 0)
		Usr 0 00:01:11, Sys 0 00:00:07  -  Run Remote Usage
		Usr 0 00:00:00, Sys 0 00:00:00  -  Run Local Usage
		Usr 0 00:01:11, Sys 0 00:00:07  -  Total Remote Usage
		Usr 0 00:00:00, Sys 0 00:00:00  -  Total Local Usage
	7465015  -  Run Bytes Sent By Job
	187104  -  Run Bytes Received By Job
	7465015  -  Total Bytes Sent By Job
	187104  -  Total Bytes Received By Job
	Partitionable Resources :    Usage  Request Allocated 
	   Cpus                 :                 1         1 
	   Disk (KB)            :     7540      200    128928 
	   Memory (MB)          :      183     3900      3968 

	Job terminated of its own accord at 2024-01-19T08:44:25Z.
...
000 (391163.007.000) 2024-01-19 17:55:43 Job submitted from host: <172.30.1.200:9618?addrs=172.30.1.200-9618&alias=tamsa2.snu.ac.kr&noUDP&sock=schedd_3625_06e6>
...
040 (391163.007.000) 2024-01-19 17:55:55 Started transferring input files
	Transferring to host: <172.30.1.201:9618?addrs=172.30.1.201-9618&alias=node1&noUDP&sock=slot1_41_12171_5208_13955>
...
001 (391163.007.000) 2024-01-19 17:55:55 Job executing on host: <172.30.1.201:9618?addrs=172.30.1.201-9618&alias=node1&noUDP&sock=startd_12138_3ca4>
...
040 (391163.007.000) 2024-01-19 17:55:55 Finished transferring input files
...
006 (391163.007.000) 2024-01-19 17:56:04 Image size of job updated: 347096
	171  -  MemoryUsage of job (MB)
	174664  -  ResidentSetSize of job (KB)
...
006 (391163.007.000) 2024-01-19 18:00:42 Image size of job updated: 869196
	171  -  MemoryUsage of job (MB)
	174664  -  ResidentSetSize of job (KB)
...
040 (391163.007.000) 2024-01-19 18:00:42 Started transferring output files
...
040 (391163.007.000) 2024-01-19 18:00:43 Finished transferring output files
...
005 (391163.007.000) 2024-01-19 18:00:43 Job terminated.
	(1) Normal termination (return value 0)
		Usr 0 00:04:04, Sys 0 00:00:12  -  Run Remote Usage
		Usr 0 00:00:00, Sys 0 00:00:00  -  Run Local Usage
		Usr 0 00:04:04, Sys 0 00:00:12  -  Total Remote Usage
		Usr 0 00:00:00, Sys 0 00:00:00  -  Total Local Usage
	34057456  -  Run Bytes Sent By Job
	186100  -  Run Bytes Received By Job
	34057456  -  Total Bytes Sent By Job
	186100  -  Total Bytes Received By Job
	Partitionable Resources :    Usage  Request Allocated 
	   Cpus                 :     0.49        1         1 
	   Disk (KB)            : 33514         200    128990 
	   Memory (MB)          :   171        3900      3968 

	Job terminated of its own accord at 2024-01-19T09:00:42Z.
...
000 (391164.007.000) 2024-01-19 18:03:23 Job submitted from host: <172.30.1.200:9618?addrs=172.30.1.200-9618&alias=tamsa2.snu.ac.kr&noUDP&sock=schedd_3625_06e6>
...
040 (391164.007.000) 2024-01-19 18:03:37 Started transferring input files
	Transferring to host: <172.30.1.107:9618?addrs=172.30.1.107-9618&alias=n7&noUDP&sock=slot1_8_4166_12e2_53807>
...
040 (391164.007.000) 2024-01-19 18:03:37 Finished transferring input files
...
001 (391164.007.000) 2024-01-19 18:03:37 Job executing on host: <172.30.1.107:9618?addrs=172.30.1.107-9618&alias=n7&noUDP&sock=startd_4132_c96b>
...
006 (391164.007.000) 2024-01-19 18:03:45 Image size of job updated: 152896
	68  -  MemoryUsage of job (MB)
	69444  -  ResidentSetSize of job (KB)
...
006 (391164.007.000) 2024-01-19 18:08:11 Image size of job updated: 875840
	68  -  MemoryUsage of job (MB)
	69444  -  ResidentSetSize of job (KB)
...
040 (391164.007.000) 2024-01-19 18:08:11 Started transferring output files
...
040 (391164.007.000) 2024-01-19 18:08:14 Finished transferring output files
...
005 (391164.007.000) 2024-01-19 18:08:14 Job terminated.
	(1) Normal termination (return value 0)
		Usr 0 00:04:05, Sys 0 00:00:12  -  Run Remote Usage
		Usr 0 00:00:00, Sys 0 00:00:00  -  Run Local Usage
		Usr 0 00:04:05, Sys 0 00:00:12  -  Total Remote Usage
		Usr 0 00:00:00, Sys 0 00:00:00  -  Total Local Usage
	73217416  -  Run Bytes Sent By Job
	186386  -  Run Bytes Received By Job
	73217416  -  Total Bytes Sent By Job
	186386  -  Total Bytes Received By Job
	Partitionable Resources :    Usage  Request Allocated 
	   Cpus                 :     1.00        1         1 
	   Disk (KB)            : 71756         200    127849 
	   Memory (MB)          :    68        3900      3968 

	Job terminated of its own accord at 2024-01-19T09:08:11Z.
...
000 (391165.007.000) 2024-01-19 22:41:31 Job submitted from host: <172.30.1.200:9618?addrs=172.30.1.200-9618&alias=tamsa2.snu.ac.kr&noUDP&sock=schedd_3625_06e6>
...
040 (391165.007.000) 2024-01-19 22:41:33 Started transferring input files
	Transferring to host: <172.30.1.204:9618?addrs=172.30.1.204-9618&alias=node4&noUDP&sock=slot1_6_3725_5971_203487>
...
001 (391165.007.000) 2024-01-19 22:41:33 Job executing on host: <172.30.1.204:9618?addrs=172.30.1.204-9618&alias=node4&noUDP&sock=startd_3691_4c27>
...
040 (391165.007.000) 2024-01-19 22:41:33 Finished transferring input files
...
006 (391165.007.000) 2024-01-19 22:41:42 Image size of job updated: 139088
	15  -  MemoryUsage of job (MB)
	14832  -  ResidentSetSize of job (KB)
...
006 (391165.007.000) 2024-01-19 22:43:37 Image size of job updated: 846568
	15  -  MemoryUsage of job (MB)
	14832  -  ResidentSetSize of job (KB)
...
040 (391165.007.000) 2024-01-19 22:43:37 Started transferring output files
...
040 (391165.007.000) 2024-01-19 22:43:37 Finished transferring output files
...
005 (391165.007.000) 2024-01-19 22:43:37 Job terminated.
	(1) Normal termination (return value 0)
		Usr 0 00:01:07, Sys 0 00:00:07  -  Run Remote Usage
		Usr 0 00:00:00, Sys 0 00:00:00  -  Run Local Usage
		Usr 0 00:01:07, Sys 0 00:00:07  -  Total Remote Usage
		Usr 0 00:00:00, Sys 0 00:00:00  -  Total Local Usage
	7473695  -  Run Bytes Sent By Job
	185908  -  Run Bytes Received By Job
	7473695  -  Total Bytes Sent By Job
	185908  -  Total Bytes Received By Job
	Partitionable Resources :    Usage  Request Allocated 
	   Cpus                 :     0.01        1         1 
	   Disk (KB)            :  7554         200    128928 
	   Memory (MB)          :    15        3900      3968 

	Job terminated of its own accord at 2024-01-19T13:43:37Z.
...
000 (391166.007.000) 2024-01-19 22:44:51 Job submitted from host: <172.30.1.200:9618?addrs=172.30.1.200-9618&alias=tamsa2.snu.ac.kr&noUDP&sock=schedd_3625_06e6>
...
040 (391166.007.000) 2024-01-19 22:44:58 Started transferring input files
	Transferring to host: <172.30.1.204:9618?addrs=172.30.1.204-9618&alias=node4&noUDP&sock=slot1_6_3725_5971_203513>
...
040 (391166.007.000) 2024-01-19 22:44:58 Finished transferring input files
...
001 (391166.007.000) 2024-01-19 22:44:58 Job executing on host: <172.30.1.204:9618?addrs=172.30.1.204-9618&alias=node4&noUDP&sock=startd_3691_4c27>
...
006 (391166.007.000) 2024-01-19 22:45:07 Image size of job updated: 567204
	183  -  MemoryUsage of job (MB)
	187248  -  ResidentSetSize of job (KB)
...
006 (391166.007.000) 2024-01-19 22:50:08 Image size of job updated: 873736
	207  -  MemoryUsage of job (MB)
	211788  -  ResidentSetSize of job (KB)
...
006 (391166.007.000) 2024-01-19 22:50:23 Image size of job updated: 874076
	207  -  MemoryUsage of job (MB)
	211788  -  ResidentSetSize of job (KB)
...
040 (391166.007.000) 2024-01-19 22:50:23 Started transferring output files
...
040 (391166.007.000) 2024-01-19 22:50:25 Finished transferring output files
...
005 (391166.007.000) 2024-01-19 22:50:25 Job terminated.
	(1) Normal termination (return value 0)
		Usr 0 00:04:59, Sys 0 00:00:16  -  Run Remote Usage
		Usr 0 00:00:00, Sys 0 00:00:00  -  Run Local Usage
		Usr 0 00:04:59, Sys 0 00:00:16  -  Total Remote Usage
		Usr 0 00:00:00, Sys 0 00:00:00  -  Total Local Usage
	32357396  -  Run Bytes Sent By Job
	185911  -  Run Bytes Received By Job
	32357396  -  Total Bytes Sent By Job
	185911  -  Total Bytes Received By Job
	Partitionable Resources :    Usage  Request Allocated 
	   Cpus                 :     0.99        1         1 
	   Disk (KB)            : 31854         200    128928 
	   Memory (MB)          :   207        3900      3968 

	Job terminated of its own accord at 2024-01-19T13:50:23Z.
...
000 (391167.007.000) 2024-01-19 22:57:44 Job submitted from host: <172.30.1.200:9618?addrs=172.30.1.200-9618&alias=tamsa2.snu.ac.kr&noUDP&sock=schedd_3625_06e6>
...
040 (391167.007.000) 2024-01-19 22:57:46 Started transferring input files
	Transferring to host: <172.30.1.204:9618?addrs=172.30.1.204-9618&alias=node4&noUDP&sock=slot1_13_3725_5971_203541>
...
040 (391167.007.000) 2024-01-19 22:57:46 Finished transferring input files
...
001 (391167.007.000) 2024-01-19 22:57:46 Job executing on host: <172.30.1.204:9618?addrs=172.30.1.204-9618&alias=node4&noUDP&sock=startd_3691_4c27>
...
006 (391167.007.000) 2024-01-19 22:57:54 Image size of job updated: 139344
	68  -  MemoryUsage of job (MB)
	69436  -  ResidentSetSize of job (KB)
...
006 (391167.007.000) 2024-01-19 23:02:54 Image size of job updated: 874128
	207  -  MemoryUsage of job (MB)
	211768  -  ResidentSetSize of job (KB)
...
040 (391167.007.000) 2024-01-19 23:03:07 Started transferring output files
...
040 (391167.007.000) 2024-01-19 23:03:08 Finished transferring output files
...
005 (391167.007.000) 2024-01-19 23:03:08 Job terminated.
	(1) Normal termination (return value 0)
		Usr 0 00:04:49, Sys 0 00:00:15  -  Run Remote Usage
		Usr 0 00:00:00, Sys 0 00:00:00  -  Run Local Usage
		Usr 0 00:04:49, Sys 0 00:00:15  -  Total Remote Usage
		Usr 0 00:00:00, Sys 0 00:00:00  -  Total Local Usage
	32252902  -  Run Bytes Sent By Job
	185911  -  Run Bytes Received By Job
	32252902  -  Total Bytes Sent By Job
	185911  -  Total Bytes Received By Job
	Partitionable Resources :    Usage  Request Allocated 
	   Cpus                 :     1.00        1         1 
	   Disk (KB)            : 31752         200    128928 
	   Memory (MB)          :   207        3900      3968 

	Job terminated of its own accord at 2024-01-19T14:03:07Z.
...
000 (391343.007.000) 2024-01-22 10:59:17 Job submitted from host: <172.30.1.200:9618?addrs=172.30.1.200-9618&alias=tamsa2.snu.ac.kr&noUDP&sock=schedd_3625_06e6>
...
040 (391343.007.000) 2024-01-22 10:59:22 Started transferring input files
	Transferring to host: <172.30.1.216:9618?addrs=172.30.1.216-9618&alias=node16&noUDP&sock=slot1_16_4290_7168_332785>
...
040 (391343.007.000) 2024-01-22 10:59:22 Finished transferring input files
...
001 (391343.007.000) 2024-01-22 10:59:22 Job executing on host: <172.30.1.216:9618?addrs=172.30.1.216-9618&alias=node16&noUDP&sock=startd_4255_2791>
...
006 (391343.007.000) 2024-01-22 10:59:30 Image size of job updated: 1288
	1  -  MemoryUsage of job (MB)
	80  -  ResidentSetSize of job (KB)
...
006 (391343.007.000) 2024-01-22 11:04:30 Image size of job updated: 950276
	283  -  MemoryUsage of job (MB)
	289416  -  ResidentSetSize of job (KB)
...
006 (391343.007.000) 2024-01-22 11:09:31 Image size of job updated: 950336
	292  -  MemoryUsage of job (MB)
	298540  -  ResidentSetSize of job (KB)
...
006 (391343.007.000) 2024-01-22 11:14:32 Image size of job updated: 958876
	292  -  MemoryUsage of job (MB)
	298540  -  ResidentSetSize of job (KB)
...
006 (391343.007.000) 2024-01-22 11:19:15 Image size of job updated: 965980
	292  -  MemoryUsage of job (MB)
	298540  -  ResidentSetSize of job (KB)
...
040 (391343.007.000) 2024-01-22 11:19:15 Started transferring output files
...
040 (391343.007.000) 2024-01-22 11:19:16 Finished transferring output files
...
005 (391343.007.000) 2024-01-22 11:19:16 Job terminated.
	(1) Normal termination (return value 0)
		Usr 0 00:17:59, Sys 0 00:00:54  -  Run Remote Usage
		Usr 0 00:00:00, Sys 0 00:00:00  -  Run Local Usage
		Usr 0 00:17:59, Sys 0 00:00:54  -  Total Remote Usage
		Usr 0 00:00:00, Sys 0 00:00:00  -  Total Local Usage
	30742776  -  Run Bytes Sent By Job
	185924  -  Run Bytes Received By Job
	30742776  -  Total Bytes Sent By Job
	185924  -  Total Bytes Received By Job
	Partitionable Resources :    Usage  Request Allocated 
	   Cpus                 :     1.00        1         1 
	   Disk (KB)            : 30277         200    261111 
	   Memory (MB)          :   292        3900      3968 

	Job terminated of its own accord at 2024-01-22T02:19:15Z.
...
000 (391348.007.000) 2024-01-22 12:29:14 Job submitted from host: <172.30.1.200:9618?addrs=172.30.1.200-9618&alias=tamsa2.snu.ac.kr&noUDP&sock=schedd_3625_06e6>
...
040 (391348.007.000) 2024-01-22 12:29:17 Started transferring input files
	Transferring to host: <172.30.1.216:9618?addrs=172.30.1.216-9618&alias=node16&noUDP&sock=slot1_8_4290_7168_332821>
...
040 (391348.007.000) 2024-01-22 12:29:17 Finished transferring input files
...
001 (391348.007.000) 2024-01-22 12:29:17 Job executing on host: <172.30.1.216:9618?addrs=172.30.1.216-9618&alias=node16&noUDP&sock=startd_4255_2791>
...
006 (391348.007.000) 2024-01-22 12:29:25 Image size of job updated: 139344
	5  -  MemoryUsage of job (MB)
	4952  -  ResidentSetSize of job (KB)
...
006 (391348.007.000) 2024-01-22 12:34:25 Image size of job updated: 950060
	186  -  MemoryUsage of job (MB)
	190360  -  ResidentSetSize of job (KB)
...
006 (391348.007.000) 2024-01-22 12:39:25 Image size of job updated: 951360
	301  -  MemoryUsage of job (MB)
	307552  -  ResidentSetSize of job (KB)
...
006 (391348.007.000) 2024-01-22 12:44:26 Image size of job updated: 958956
	302  -  MemoryUsage of job (MB)
	308828  -  ResidentSetSize of job (KB)
...
040 (391348.007.000) 2024-01-22 12:49:20 Started transferring output files
...
040 (391348.007.000) 2024-01-22 12:49:21 Finished transferring output files
...
005 (391348.007.000) 2024-01-22 12:49:21 Job terminated.
	(1) Normal termination (return value 0)
		Usr 0 00:18:34, Sys 0 00:00:54  -  Run Remote Usage
		Usr 0 00:00:00, Sys 0 00:00:00  -  Run Local Usage
		Usr 0 00:18:34, Sys 0 00:00:54  -  Total Remote Usage
		Usr 0 00:00:00, Sys 0 00:00:00  -  Total Local Usage
	30826670  -  Run Bytes Sent By Job
	186484  -  Run Bytes Received By Job
	30826670  -  Total Bytes Sent By Job
	186484  -  Total Bytes Received By Job
	Partitionable Resources :    Usage  Request Allocated 
	   Cpus                 :     1.00        1         1 
	   Disk (KB)            : 30360         200    261111 
	   Memory (MB)          :   302        3900      3968 

	Job terminated of its own accord at 2024-01-22T03:49:20Z.
...
000 (391350.007.000) 2024-01-22 13:01:44 Job submitted from host: <172.30.1.200:9618?addrs=172.30.1.200-9618&alias=tamsa2.snu.ac.kr&noUDP&sock=schedd_3625_06e6>
...
040 (391350.007.000) 2024-01-22 13:01:59 Started transferring input files
	Transferring to host: <172.30.1.216:9618?addrs=172.30.1.216-9618&alias=node16&noUDP&sock=slot1_8_4290_7168_332861>
...
040 (391350.007.000) 2024-01-22 13:01:59 Finished transferring input files
...
001 (391350.007.000) 2024-01-22 13:01:59 Job executing on host: <172.30.1.216:9618?addrs=172.30.1.216-9618&alias=node16&noUDP&sock=startd_4255_2791>
...
006 (391350.007.000) 2024-01-22 13:02:08 Image size of job updated: 139344
	5  -  MemoryUsage of job (MB)
	4952  -  ResidentSetSize of job (KB)
...
006 (391350.007.000) 2024-01-22 13:07:09 Image size of job updated: 950028
	191  -  MemoryUsage of job (MB)
	195180  -  ResidentSetSize of job (KB)
...
006 (391350.007.000) 2024-01-22 13:12:09 Image size of job updated: 966092
	207  -  MemoryUsage of job (MB)
	211836  -  ResidentSetSize of job (KB)
...
006 (391350.007.000) 2024-01-22 13:17:09 Image size of job updated: 966092
	225  -  MemoryUsage of job (MB)
	230340  -  ResidentSetSize of job (KB)
...
040 (391350.007.000) 2024-01-22 13:21:19 Started transferring output files
...
040 (391350.007.000) 2024-01-22 13:21:19 Finished transferring output files
...
005 (391350.007.000) 2024-01-22 13:21:19 Job terminated.
	(1) Normal termination (return value 0)
		Usr 0 00:17:51, Sys 0 00:00:53  -  Run Remote Usage
		Usr 0 00:00:00, Sys 0 00:00:00  -  Run Local Usage
		Usr 0 00:17:51, Sys 0 00:00:53  -  Total Remote Usage
		Usr 0 00:00:00, Sys 0 00:00:00  -  Total Local Usage
	30726884  -  Run Bytes Sent By Job
	186577  -  Run Bytes Received By Job
	30726884  -  Total Bytes Sent By Job
	186577  -  Total Bytes Received By Job
	Partitionable Resources :    Usage  Request Allocated 
	   Cpus                 :     1.00        1         1 
	   Disk (KB)            : 30262         200    261111 
	   Memory (MB)          :   225        3900      3968 

	Job terminated of its own accord at 2024-01-22T04:21:19Z.
...
000 (391361.007.000) 2024-01-22 13:44:17 Job submitted from host: <172.30.1.200:9618?addrs=172.30.1.200-9618&alias=tamsa2.snu.ac.kr&noUDP&sock=schedd_3625_06e6>
...
040 (391361.007.000) 2024-01-22 13:44:27 Started transferring input files
	Transferring to host: <172.30.1.216:9618?addrs=172.30.1.216-9618&alias=node16&noUDP&sock=slot1_27_4290_7168_332991>
...
040 (391361.007.000) 2024-01-22 13:44:27 Finished transferring input files
...
001 (391361.007.000) 2024-01-22 13:44:27 Job executing on host: <172.30.1.216:9618?addrs=172.30.1.216-9618&alias=node16&noUDP&sock=startd_4255_2791>
...
006 (391361.007.000) 2024-01-22 13:44:35 Image size of job updated: 561384
	74  -  MemoryUsage of job (MB)
	75368  -  ResidentSetSize of job (KB)
...
006 (391361.007.000) 2024-01-22 13:48:08 Image size of job updated: 872628
	74  -  MemoryUsage of job (MB)
	75368  -  ResidentSetSize of job (KB)
...
040 (391361.007.000) 2024-01-22 13:48:08 Started transferring output files
...
040 (391361.007.000) 2024-01-22 13:48:09 Finished transferring output files
...
005 (391361.007.000) 2024-01-22 13:48:09 Job terminated.
	(1) Normal termination (return value 0)
		Usr 0 00:03:11, Sys 0 00:00:15  -  Run Remote Usage
		Usr 0 00:00:00, Sys 0 00:00:00  -  Run Local Usage
		Usr 0 00:03:11, Sys 0 00:00:15  -  Total Remote Usage
		Usr 0 00:00:00, Sys 0 00:00:00  -  Total Local Usage
	34257320  -  Run Bytes Sent By Job
	191813  -  Run Bytes Received By Job
	34257320  -  Total Bytes Sent By Job
	191813  -  Total Bytes Received By Job
	Partitionable Resources :    Usage  Request Allocated 
	   Cpus                 :     0.98        1         1 
	   Disk (KB)            : 33717         200    261111 
	   Memory (MB)          :    74        3900      3968 

	Job terminated of its own accord at 2024-01-22T04:48:08Z.
...
000 (391362.007.000) 2024-01-22 13:50:58 Job submitted from host: <172.30.1.200:9618?addrs=172.30.1.200-9618&alias=tamsa2.snu.ac.kr&noUDP&sock=schedd_3625_06e6>
...
040 (391362.007.000) 2024-01-22 13:51:02 Started transferring input files
	Transferring to host: <172.30.1.216:9618?addrs=172.30.1.216-9618&alias=node16&noUDP&sock=slot1_24_4290_7168_333038>
...
040 (391362.007.000) 2024-01-22 13:51:02 Finished transferring input files
...
001 (391362.007.000) 2024-01-22 13:51:02 Job executing on host: <172.30.1.216:9618?addrs=172.30.1.216-9618&alias=node16&noUDP&sock=startd_4255_2791>
...
006 (391362.007.000) 2024-01-22 13:51:10 Image size of job updated: 139344
	5  -  MemoryUsage of job (MB)
	4960  -  ResidentSetSize of job (KB)
...
006 (391362.007.000) 2024-01-22 13:56:10 Image size of job updated: 962524
	275  -  MemoryUsage of job (MB)
	281572  -  ResidentSetSize of job (KB)
...
006 (391362.007.000) 2024-01-22 14:06:11 Image size of job updated: 966872
	275  -  MemoryUsage of job (MB)
	281572  -  ResidentSetSize of job (KB)
...
006 (391362.007.000) 2024-01-22 14:11:12 Image size of job updated: 966872
	307  -  MemoryUsage of job (MB)
	313592  -  ResidentSetSize of job (KB)
...
040 (391362.007.000) 2024-01-22 14:13:07 Started transferring output files
...
040 (391362.007.000) 2024-01-22 14:13:09 Finished transferring output files
...
005 (391362.007.000) 2024-01-22 14:13:10 Job terminated.
	(1) Normal termination (return value 0)
		Usr 0 00:19:43, Sys 0 00:01:03  -  Run Remote Usage
		Usr 0 00:00:00, Sys 0 00:00:00  -  Run Local Usage
		Usr 0 00:19:43, Sys 0 00:01:03  -  Total Remote Usage
		Usr 0 00:00:00, Sys 0 00:00:00  -  Total Local Usage
	30795076  -  Run Bytes Sent By Job
	191814  -  Run Bytes Received By Job
	30795076  -  Total Bytes Sent By Job
	191814  -  Total Bytes Received By Job
	Partitionable Resources :    Usage  Request Allocated 
	   Cpus                 :     1.00        1         1 
	   Disk (KB)            : 30336         200    261111 
	   Memory (MB)          :   307        3900      3968 

	Job terminated of its own accord at 2024-01-22T05:13:07Z.
...
000 (391496.007.000) 2024-01-22 14:58:10 Job submitted from host: <172.30.1.200:9618?addrs=172.30.1.200-9618&alias=tamsa2.snu.ac.kr&noUDP&sock=schedd_3625_06e6>
...
040 (391496.007.000) 2024-01-22 14:58:16 Started transferring input files
	Transferring to host: <172.30.1.216:9618?addrs=172.30.1.216-9618&alias=node16&noUDP&sock=slot1_18_4290_7168_333198>
...
040 (391496.007.000) 2024-01-22 14:58:16 Finished transferring input files
...
001 (391496.007.000) 2024-01-22 14:58:16 Job executing on host: <172.30.1.216:9618?addrs=172.30.1.216-9618&alias=node16&noUDP&sock=startd_4255_2791>
...
006 (391496.007.000) 2024-01-22 14:58:25 Image size of job updated: 152896
	11  -  MemoryUsage of job (MB)
	10768  -  ResidentSetSize of job (KB)
...
006 (391496.007.000) 2024-01-22 15:03:26 Image size of job updated: 960076
	274  -  MemoryUsage of job (MB)
	280020  -  ResidentSetSize of job (KB)
...
006 (391496.007.000) 2024-01-22 15:13:27 Image size of job updated: 967068
	292  -  MemoryUsage of job (MB)
	298804  -  ResidentSetSize of job (KB)
...
040 (391496.007.000) 2024-01-22 15:23:08 Started transferring output files
...
040 (391496.007.000) 2024-01-22 15:23:08 Finished transferring output files
...
005 (391496.007.000) 2024-01-22 15:23:08 Job terminated.
	(1) Normal termination (return value 0)
		Usr 0 00:22:41, Sys 0 00:01:18  -  Run Remote Usage
		Usr 0 00:00:00, Sys 0 00:00:00  -  Run Local Usage
		Usr 0 00:22:41, Sys 0 00:01:18  -  Total Remote Usage
		Usr 0 00:00:00, Sys 0 00:00:00  -  Total Local Usage
	30788560  -  Run Bytes Sent By Job
	191814  -  Run Bytes Received By Job
	30788560  -  Total Bytes Sent By Job
	191814  -  Total Bytes Received By Job
	Partitionable Resources :    Usage  Request Allocated 
	   Cpus                 :     0.99        1         1 
	   Disk (KB)            : 30330         200    261111 
	   Memory (MB)          :   292        3900      3968 

	Job terminated of its own accord at 2024-01-22T06:23:04Z.
...
000 (391511.007.000) 2024-01-22 15:59:40 Job submitted from host: <172.30.1.200:9618?addrs=172.30.1.200-9618&alias=tamsa2.snu.ac.kr&noUDP&sock=schedd_3625_06e6>
...
040 (391511.007.000) 2024-01-22 15:59:49 Started transferring input files
	Transferring to host: <172.30.1.213:9618?addrs=172.30.1.213-9618&alias=node13&noUDP&sock=slot1_10_4363_e0ca_275650>
...
040 (391511.007.000) 2024-01-22 15:59:49 Finished transferring input files
...
001 (391511.007.000) 2024-01-22 15:59:49 Job executing on host: <172.30.1.213:9618?addrs=172.30.1.213-9618&alias=node13&noUDP&sock=startd_4329_e993>
...
006 (391511.007.000) 2024-01-22 15:59:58 Image size of job updated: 27620
	17  -  MemoryUsage of job (MB)
	16836  -  ResidentSetSize of job (KB)
...
006 (391511.007.000) 2024-01-22 16:04:59 Image size of job updated: 967716
	245  -  MemoryUsage of job (MB)
	250632  -  ResidentSetSize of job (KB)
...
006 (391511.007.000) 2024-01-22 16:09:59 Image size of job updated: 968368
	245  -  MemoryUsage of job (MB)
	250632  -  ResidentSetSize of job (KB)
...
006 (391511.007.000) 2024-01-22 16:15:00 Image size of job updated: 968368
	284  -  MemoryUsage of job (MB)
	290552  -  ResidentSetSize of job (KB)
...
040 (391511.007.000) 2024-01-22 16:23:05 Started transferring output files
...
040 (391511.007.000) 2024-01-22 16:23:07 Finished transferring output files
...
005 (391511.007.000) 2024-01-22 16:23:07 Job terminated.
	(1) Normal termination (return value 0)
		Usr 0 00:20:58, Sys 0 00:01:50  -  Run Remote Usage
		Usr 0 00:00:00, Sys 0 00:00:00  -  Run Local Usage
		Usr 0 00:20:58, Sys 0 00:01:50  -  Total Remote Usage
		Usr 0 00:00:00, Sys 0 00:00:00  -  Total Local Usage
	30889524  -  Run Bytes Sent By Job
	191824  -  Run Bytes Received By Job
	30889524  -  Total Bytes Sent By Job
	191824  -  Total Bytes Received By Job
	Partitionable Resources :    Usage  Request Allocated 
	   Cpus                 :     0.89        1         1 
	   Disk (KB)            : 30428         200    261111 
	   Memory (MB)          :   284        3900      3968 

	Job terminated of its own accord at 2024-01-22T07:23:05Z.
...
000 (391574.007.000) 2024-01-22 23:14:59 Job submitted from host: <172.30.1.200:9618?addrs=172.30.1.200-9618&alias=tamsa2.snu.ac.kr&noUDP&sock=schedd_3625_06e6>
...
040 (391574.007.000) 2024-01-22 23:15:04 Started transferring input files
	Transferring to host: <172.30.1.216:9618?addrs=172.30.1.216-9618&alias=node16&noUDP&sock=slot1_16_4290_7168_334233>
...
040 (391574.007.000) 2024-01-22 23:15:04 Finished transferring input files
...
001 (391574.007.000) 2024-01-22 23:15:04 Job executing on host: <172.30.1.216:9618?addrs=172.30.1.216-9618&alias=node16&noUDP&sock=startd_4255_2791>
...
006 (391574.007.000) 2024-01-22 23:15:12 Image size of job updated: 139344
	5  -  MemoryUsage of job (MB)
	4960  -  ResidentSetSize of job (KB)
...
006 (391574.007.000) 2024-01-22 23:20:12 Image size of job updated: 953256
	164  -  MemoryUsage of job (MB)
	167824  -  ResidentSetSize of job (KB)
...
006 (391574.007.000) 2024-01-22 23:25:13 Image size of job updated: 961644
	264  -  MemoryUsage of job (MB)
	269868  -  ResidentSetSize of job (KB)
...
006 (391574.007.000) 2024-01-22 23:35:14 Image size of job updated: 968016
	264  -  MemoryUsage of job (MB)
	269868  -  ResidentSetSize of job (KB)
...
004 (391574.007.000) 2024-01-22 23:35:24 Job was evicted.
	(0) CPU times
		Usr 0 00:18:29, Sys 0 00:01:04  -  Run Remote Usage
		Usr 0 00:00:00, Sys 0 00:00:00  -  Run Local Usage
	0  -  Run Bytes Sent By Job
	191685  -  Run Bytes Received By Job
	Partitionable Resources :    Usage  Request Allocated 
	   Cpus                 :     1.00        1         1 
	   Disk (KB)            : 13869         200    261111 
	   Memory (MB)          :   264        3900      3968 
...
009 (391574.007.000) 2024-01-22 23:35:24 Job was aborted.
	via condor_rm (by user shin)
...
000 (391577.007.000) 2024-01-22 23:35:26 Job submitted from host: <172.30.1.200:9618?addrs=172.30.1.200-9618&alias=tamsa2.snu.ac.kr&noUDP&sock=schedd_3625_06e6>
...
040 (391577.007.000) 2024-01-22 23:35:33 Started transferring input files
	Transferring to host: <172.30.1.216:9618?addrs=172.30.1.216-9618&alias=node16&noUDP&sock=slot1_8_4290_7168_334285>
...
040 (391577.007.000) 2024-01-22 23:35:33 Finished transferring input files
...
001 (391577.007.000) 2024-01-22 23:35:33 Job executing on host: <172.30.1.216:9618?addrs=172.30.1.216-9618&alias=node16&noUDP&sock=startd_4255_2791>
...
006 (391577.007.000) 2024-01-22 23:35:42 Image size of job updated: 561368
	74  -  MemoryUsage of job (MB)
	75340  -  ResidentSetSize of job (KB)
...
006 (391577.007.000) 2024-01-22 23:40:43 Image size of job updated: 951564
	264  -  MemoryUsage of job (MB)
	269592  -  ResidentSetSize of job (KB)
...
006 (391577.007.000) 2024-01-22 23:45:43 Image size of job updated: 967876
	264  -  MemoryUsage of job (MB)
	269592  -  ResidentSetSize of job (KB)
...
006 (391577.007.000) 2024-01-22 23:50:43 Image size of job updated: 967876
	293  -  MemoryUsage of job (MB)
	299852  -  ResidentSetSize of job (KB)
...
040 (391577.007.000) 2024-01-22 23:59:36 Started transferring output files
...
040 (391577.007.000) 2024-01-22 23:59:38 Finished transferring output files
...
005 (391577.007.000) 2024-01-22 23:59:39 Job terminated.
	(1) Normal termination (return value 0)
		Usr 0 00:22:30, Sys 0 00:01:14  -  Run Remote Usage
		Usr 0 00:00:00, Sys 0 00:00:00  -  Run Local Usage
		Usr 0 00:22:30, Sys 0 00:01:14  -  Total Remote Usage
		Usr 0 00:00:00, Sys 0 00:00:00  -  Total Local Usage
	30894786  -  Run Bytes Sent By Job
	191687  -  Run Bytes Received By Job
	30894786  -  Total Bytes Sent By Job
	191687  -  Total Bytes Received By Job
	Partitionable Resources :    Usage  Request Allocated 
	   Cpus                 :     1.00        1         1 
	   Disk (KB)            : 30433         200    261111 
	   Memory (MB)          :   293        3900      3968 

	Job terminated of its own accord at 2024-01-22T14:59:36Z.
...
000 (391582.007.000) 2024-01-23 10:33:34 Job submitted from host: <172.30.1.200:9618?addrs=172.30.1.200-9618&alias=tamsa2.snu.ac.kr&noUDP&sock=schedd_3625_06e6>
...
040 (391582.007.000) 2024-01-23 10:33:39 Started transferring input files
	Transferring to host: <172.30.1.216:9618?addrs=172.30.1.216-9618&alias=node16&noUDP&sock=slot1_16_4290_7168_337533>
...
040 (391582.007.000) 2024-01-23 10:33:39 Finished transferring input files
...
001 (391582.007.000) 2024-01-23 10:33:39 Job executing on host: <172.30.1.216:9618?addrs=172.30.1.216-9618&alias=node16&noUDP&sock=startd_4255_2791>
...
006 (391582.007.000) 2024-01-23 10:33:48 Image size of job updated: 1288
	1  -  MemoryUsage of job (MB)
	80  -  ResidentSetSize of job (KB)
...
006 (391582.007.000) 2024-01-23 10:38:49 Image size of job updated: 967884
	303  -  MemoryUsage of job (MB)
	309320  -  ResidentSetSize of job (KB)
...
006 (391582.007.000) 2024-01-23 10:52:12 Image size of job updated: 968284
	303  -  MemoryUsage of job (MB)
	309320  -  ResidentSetSize of job (KB)
...
040 (391582.007.000) 2024-01-23 10:52:13 Started transferring output files
...
040 (391582.007.000) 2024-01-23 10:52:14 Finished transferring output files
...
005 (391582.007.000) 2024-01-23 10:52:14 Job terminated.
	(1) Normal termination (return value 0)
		Usr 0 00:16:42, Sys 0 00:00:56  -  Run Remote Usage
		Usr 0 00:00:00, Sys 0 00:00:00  -  Run Local Usage
		Usr 0 00:16:42, Sys 0 00:00:56  -  Total Remote Usage
		Usr 0 00:00:00, Sys 0 00:00:00  -  Total Local Usage
	30849850  -  Run Bytes Sent By Job
	191687  -  Run Bytes Received By Job
	30849850  -  Total Bytes Sent By Job
	191687  -  Total Bytes Received By Job
	Partitionable Resources :    Usage  Request Allocated 
	   Cpus                 :     1.00        1         1 
	   Disk (KB)            : 30390         200    261111 
	   Memory (MB)          :   303        3900      3968 

	Job terminated of its own accord at 2024-01-23T01:52:12Z.
...
