000 (390874.014.000) 2024-01-18 20:28:10 Job submitted from host: <172.30.1.200:9618?addrs=172.30.1.200-9618&alias=tamsa2.snu.ac.kr&noUDP&sock=schedd_3625_06e6>
...
040 (390874.014.000) 2024-01-18 20:28:25 Started transferring input files
	Transferring to host: <172.30.1.213:9618?addrs=172.30.1.213-9618&alias=node13&noUDP&sock=slot1_55_4363_e0ca_274565>
...
001 (390874.014.000) 2024-01-18 20:28:25 Job executing on host: <172.30.1.213:9618?addrs=172.30.1.213-9618&alias=node13&noUDP&sock=startd_4329_e993>
...
040 (390874.014.000) 2024-01-18 20:28:25 Finished transferring input files
...
006 (390874.014.000) 2024-01-18 20:28:33 Image size of job updated: 139344
	68  -  MemoryUsage of job (MB)
	69428  -  ResidentSetSize of job (KB)
...
006 (390874.014.000) 2024-01-18 20:30:41 Image size of job updated: 846504
	68  -  MemoryUsage of job (MB)
	69428  -  ResidentSetSize of job (KB)
...
040 (390874.014.000) 2024-01-18 20:30:41 Started transferring output files
...
040 (390874.014.000) 2024-01-18 20:30:42 Finished transferring output files
...
005 (390874.014.000) 2024-01-18 20:30:42 Job terminated.
	(1) Normal termination (return value 0)
		Usr 0 00:01:19, Sys 0 00:00:08  -  Run Remote Usage
		Usr 0 00:00:00, Sys 0 00:00:00  -  Run Local Usage
		Usr 0 00:01:19, Sys 0 00:00:08  -  Total Remote Usage
		Usr 0 00:00:00, Sys 0 00:00:00  -  Total Local Usage
	17024726  -  Run Bytes Sent By Job
	181578  -  Run Bytes Received By Job
	17024726  -  Total Bytes Sent By Job
	181578  -  Total Bytes Received By Job
	Partitionable Resources :    Usage  Request Allocated 
	   Cpus                 :                 1         1 
	   Disk (KB)            :    16870      200    261111 
	   Memory (MB)          :       68     3900      3968 

	Job terminated of its own accord at 2024-01-18T11:30:41Z.
...
000 (390875.014.000) 2024-01-18 20:45:32 Job submitted from host: <172.30.1.200:9618?addrs=172.30.1.200-9618&alias=tamsa2.snu.ac.kr&noUDP&sock=schedd_3625_06e6>
...
040 (390875.014.000) 2024-01-18 20:45:46 Started transferring input files
	Transferring to host: <172.30.1.211:9618?addrs=172.30.1.211-9618&alias=node11&noUDP&sock=slot1_22_3735_6531_176918>
...
040 (390875.014.000) 2024-01-18 20:45:46 Finished transferring input files
...
001 (390875.014.000) 2024-01-18 20:45:46 Job executing on host: <172.30.1.211:9618?addrs=172.30.1.211-9618&alias=node11&noUDP&sock=startd_3699_c8e9>
...
006 (390875.014.000) 2024-01-18 20:45:54 Image size of job updated: 139344
	5  -  MemoryUsage of job (MB)
	4960  -  ResidentSetSize of job (KB)
...
006 (390875.014.000) 2024-01-18 20:50:54 Image size of job updated: 867452
	149  -  MemoryUsage of job (MB)
	152420  -  ResidentSetSize of job (KB)
...
006 (390875.014.000) 2024-01-18 20:51:23 Image size of job updated: 867996
	150  -  MemoryUsage of job (MB)
	152616  -  ResidentSetSize of job (KB)
...
040 (390875.014.000) 2024-01-18 20:51:23 Started transferring output files
...
040 (390875.014.000) 2024-01-18 20:51:29 Finished transferring output files
...
005 (390875.014.000) 2024-01-18 20:51:29 Job terminated.
	(1) Normal termination (return value 0)
		Usr 0 00:03:51, Sys 0 00:00:17  -  Run Remote Usage
		Usr 0 00:00:00, Sys 0 00:00:00  -  Run Local Usage
		Usr 0 00:03:51, Sys 0 00:00:17  -  Total Remote Usage
		Usr 0 00:00:00, Sys 0 00:00:00  -  Total Local Usage
	114335888  -  Run Bytes Sent By Job
	182042  -  Run Bytes Received By Job
	114335888  -  Total Bytes Sent By Job
	182042  -  Total Bytes Received By Job
	Partitionable Resources :     Usage  Request Allocated 
	   Cpus                 :      0.85        1         1 
	   Disk (KB)            : 111906         200    128928 
	   Memory (MB)          :    150        3900      3968 

	Job terminated of its own accord at 2024-01-18T11:51:23Z.
...
000 (390886.014.000) 2024-01-18 21:10:43 Job submitted from host: <172.30.1.200:9618?addrs=172.30.1.200-9618&alias=tamsa2.snu.ac.kr&noUDP&sock=schedd_3625_06e6>
...
040 (390886.014.000) 2024-01-18 21:10:45 Started transferring input files
	Transferring to host: <172.30.1.211:9618?addrs=172.30.1.211-9618&alias=node11&noUDP&sock=slot1_19_3735_6531_176932>
...
001 (390886.014.000) 2024-01-18 21:10:45 Job executing on host: <172.30.1.211:9618?addrs=172.30.1.211-9618&alias=node11&noUDP&sock=startd_3699_c8e9>
...
040 (390886.014.000) 2024-01-18 21:10:45 Finished transferring input files
...
006 (390886.014.000) 2024-01-18 21:10:53 Image size of job updated: 139344
	74  -  MemoryUsage of job (MB)
	75352  -  ResidentSetSize of job (KB)
...
006 (390886.014.000) 2024-01-18 21:12:25 Image size of job updated: 841996
	74  -  MemoryUsage of job (MB)
	75352  -  ResidentSetSize of job (KB)
...
040 (390886.014.000) 2024-01-18 21:12:25 Started transferring output files
...
040 (390886.014.000) 2024-01-18 21:12:25 Finished transferring output files
...
005 (390886.014.000) 2024-01-18 21:12:25 Job terminated.
	(1) Normal termination (return value 0)
		Usr 0 00:01:08, Sys 0 00:00:07  -  Run Remote Usage
		Usr 0 00:00:00, Sys 0 00:00:00  -  Run Local Usage
		Usr 0 00:01:08, Sys 0 00:00:07  -  Total Remote Usage
		Usr 0 00:00:00, Sys 0 00:00:00  -  Total Local Usage
	7473247  -  Run Bytes Sent By Job
	181210  -  Run Bytes Received By Job
	7473247  -  Total Bytes Sent By Job
	181210  -  Total Bytes Received By Job
	Partitionable Resources :    Usage  Request Allocated 
	   Cpus                 :                 1         1 
	   Disk (KB)            :     7541      200    128928 
	   Memory (MB)          :       74     3900      3968 

	Job terminated of its own accord at 2024-01-18T12:12:25Z.
...
000 (390887.014.000) 2024-01-18 21:19:38 Job submitted from host: <172.30.1.200:9618?addrs=172.30.1.200-9618&alias=tamsa2.snu.ac.kr&noUDP&sock=schedd_3625_06e6>
...
040 (390887.014.000) 2024-01-18 21:19:39 Started transferring input files
	Transferring to host: <172.30.1.211:9618?addrs=172.30.1.211-9618&alias=node11&noUDP&sock=slot1_18_3735_6531_176949>
...
001 (390887.014.000) 2024-01-18 21:19:39 Job executing on host: <172.30.1.211:9618?addrs=172.30.1.211-9618&alias=node11&noUDP&sock=startd_3699_c8e9>
...
040 (390887.014.000) 2024-01-18 21:19:39 Finished transferring input files
...
006 (390887.014.000) 2024-01-18 21:19:48 Image size of job updated: 561380
	182  -  MemoryUsage of job (MB)
	185688  -  ResidentSetSize of job (KB)
...
006 (390887.014.000) 2024-01-18 21:23:10 Image size of job updated: 868116
	182  -  MemoryUsage of job (MB)
	185688  -  ResidentSetSize of job (KB)
...
040 (390887.014.000) 2024-01-18 21:23:10 Started transferring output files
...
040 (390887.014.000) 2024-01-18 21:23:11 Finished transferring output files
...
005 (390887.014.000) 2024-01-18 21:23:11 Job terminated.
	(1) Normal termination (return value 0)
		Usr 0 00:03:05, Sys 0 00:00:14  -  Run Remote Usage
		Usr 0 00:00:00, Sys 0 00:00:00  -  Run Local Usage
		Usr 0 00:03:05, Sys 0 00:00:14  -  Total Remote Usage
		Usr 0 00:00:00, Sys 0 00:00:00  -  Total Local Usage
	34630780  -  Run Bytes Sent By Job
	181210  -  Run Bytes Received By Job
	34630780  -  Total Bytes Sent By Job
	181210  -  Total Bytes Received By Job
	Partitionable Resources :    Usage  Request Allocated 
	   Cpus                 :     0.69        1         1 
	   Disk (KB)            : 34068         200    128928 
	   Memory (MB)          :   182        3900      3968 

	Job terminated of its own accord at 2024-01-18T12:23:10Z.
...
000 (390888.014.000) 2024-01-18 21:30:57 Job submitted from host: <172.30.1.200:9618?addrs=172.30.1.200-9618&alias=tamsa2.snu.ac.kr&noUDP&sock=schedd_3625_06e6>
...
040 (390888.014.000) 2024-01-18 21:31:01 Started transferring input files
	Transferring to host: <172.30.1.211:9618?addrs=172.30.1.211-9618&alias=node11&noUDP&sock=slot1_22_3735_6531_176971>
...
001 (390888.014.000) 2024-01-18 21:31:01 Job executing on host: <172.30.1.211:9618?addrs=172.30.1.211-9618&alias=node11&noUDP&sock=startd_3699_c8e9>
...
040 (390888.014.000) 2024-01-18 21:31:01 Finished transferring input files
...
006 (390888.014.000) 2024-01-18 21:31:09 Image size of job updated: 184572
	181  -  MemoryUsage of job (MB)
	184572  -  ResidentSetSize of job (KB)
...
006 (390888.014.000) 2024-01-18 21:34:32 Image size of job updated: 868424
	181  -  MemoryUsage of job (MB)
	184572  -  ResidentSetSize of job (KB)
...
040 (390888.014.000) 2024-01-18 21:34:33 Started transferring output files
...
040 (390888.014.000) 2024-01-18 21:34:33 Finished transferring output files
...
005 (390888.014.000) 2024-01-18 21:34:33 Job terminated.
	(1) Normal termination (return value 0)
		Usr 0 00:03:05, Sys 0 00:00:14  -  Run Remote Usage
		Usr 0 00:00:00, Sys 0 00:00:00  -  Run Local Usage
		Usr 0 00:03:05, Sys 0 00:00:14  -  Total Remote Usage
		Usr 0 00:00:00, Sys 0 00:00:00  -  Total Local Usage
	33718756  -  Run Bytes Sent By Job
	181214  -  Run Bytes Received By Job
	33718756  -  Total Bytes Sent By Job
	181214  -  Total Bytes Received By Job
	Partitionable Resources :    Usage  Request Allocated 
	   Cpus                 :                 1         1 
	   Disk (KB)            :    33171      200    128928 
	   Memory (MB)          :      181     3900      3968 

	Job terminated of its own accord at 2024-01-18T12:34:32Z.
...
000 (390894.014.000) 2024-01-18 21:35:52 Job submitted from host: <172.30.1.200:9618?addrs=172.30.1.200-9618&alias=tamsa2.snu.ac.kr&noUDP&sock=schedd_3625_06e6>
...
040 (390894.014.000) 2024-01-18 21:36:09 Started transferring input files
	Transferring to host: <172.30.1.211:9618?addrs=172.30.1.211-9618&alias=node11&noUDP&sock=slot1_23_3735_6531_176990>
...
001 (390894.014.000) 2024-01-18 21:36:09 Job executing on host: <172.30.1.211:9618?addrs=172.30.1.211-9618&alias=node11&noUDP&sock=startd_3699_c8e9>
...
040 (390894.014.000) 2024-01-18 21:36:09 Finished transferring input files
...
006 (390894.014.000) 2024-01-18 21:36:18 Image size of job updated: 561380
	182  -  MemoryUsage of job (MB)
	185700  -  ResidentSetSize of job (KB)
...
006 (390894.014.000) 2024-01-18 21:39:40 Image size of job updated: 868184
	182  -  MemoryUsage of job (MB)
	185700  -  ResidentSetSize of job (KB)
...
040 (390894.014.000) 2024-01-18 21:39:40 Started transferring output files
...
040 (390894.014.000) 2024-01-18 21:39:41 Finished transferring output files
...
005 (390894.014.000) 2024-01-18 21:39:41 Job terminated.
	(1) Normal termination (return value 0)
		Usr 0 00:03:04, Sys 0 00:00:14  -  Run Remote Usage
		Usr 0 00:00:00, Sys 0 00:00:00  -  Run Local Usage
		Usr 0 00:03:04, Sys 0 00:00:14  -  Total Remote Usage
		Usr 0 00:00:00, Sys 0 00:00:00  -  Total Local Usage
	33712152  -  Run Bytes Sent By Job
	181194  -  Run Bytes Received By Job
	33712152  -  Total Bytes Sent By Job
	181194  -  Total Bytes Received By Job
	Partitionable Resources :    Usage  Request Allocated 
	   Cpus                 :                 1         1 
	   Disk (KB)            :    33165      200    128928 
	   Memory (MB)          :      182     3900      3968 

	Job terminated of its own accord at 2024-01-18T12:39:40Z.
...
000 (390895.014.000) 2024-01-18 21:48:05 Job submitted from host: <172.30.1.200:9618?addrs=172.30.1.200-9618&alias=tamsa2.snu.ac.kr&noUDP&sock=schedd_3625_06e6>
...
040 (390895.014.000) 2024-01-18 21:48:07 Started transferring input files
	Transferring to host: <172.30.1.204:9618?addrs=172.30.1.204-9618&alias=node4&noUDP&sock=slot1_8_3725_5971_202801>
...
001 (390895.014.000) 2024-01-18 21:48:07 Job executing on host: <172.30.1.204:9618?addrs=172.30.1.204-9618&alias=node4&noUDP&sock=startd_3691_4c27>
...
040 (390895.014.000) 2024-01-18 21:48:07 Finished transferring input files
...
006 (390895.014.000) 2024-01-18 21:48:16 Image size of job updated: 139600
	68  -  MemoryUsage of job (MB)
	69432  -  ResidentSetSize of job (KB)
...
006 (390895.014.000) 2024-01-18 21:50:05 Image size of job updated: 867896
	162  -  MemoryUsage of job (MB)
	165412  -  ResidentSetSize of job (KB)
...
004 (390895.014.000) 2024-01-18 21:50:06 Job was evicted.
	(0) CPU times
		Usr 0 00:01:21, Sys 0 00:00:06  -  Run Remote Usage
		Usr 0 00:00:00, Sys 0 00:00:00  -  Run Local Usage
	0  -  Run Bytes Sent By Job
	182143  -  Run Bytes Received By Job
	Partitionable Resources :    Usage  Request Allocated 
	   Cpus                 :        0        1         1 
	   Disk (KB)            :     6659      200    128928 
	   Memory (MB)          :      162     3900      3968 
...
009 (390895.014.000) 2024-01-18 21:50:06 Job was aborted.
	via condor_rm (by user shin)
...
000 (390896.014.000) 2024-01-18 21:53:08 Job submitted from host: <172.30.1.200:9618?addrs=172.30.1.200-9618&alias=tamsa2.snu.ac.kr&noUDP&sock=schedd_3625_06e6>
...
040 (390896.014.000) 2024-01-18 21:54:28 Started transferring input files
	Transferring to host: <172.30.1.207:9618?addrs=172.30.1.207-9618&alias=node7&noUDP&sock=slot1_38_39434_91fd_224859>
...
001 (390896.014.000) 2024-01-18 21:54:28 Job executing on host: <172.30.1.207:9618?addrs=172.30.1.207-9618&alias=node7&noUDP&sock=startd_3748_650d>
...
040 (390896.014.000) 2024-01-18 21:54:28 Finished transferring input files
...
006 (390896.014.000) 2024-01-18 21:54:37 Image size of job updated: 185396
	182  -  MemoryUsage of job (MB)
	185396  -  ResidentSetSize of job (KB)
...
006 (390896.014.000) 2024-01-18 21:58:55 Image size of job updated: 865936
	182  -  MemoryUsage of job (MB)
	185396  -  ResidentSetSize of job (KB)
...
040 (390896.014.000) 2024-01-18 21:58:55 Started transferring output files
...
040 (390896.014.000) 2024-01-18 21:58:55 Finished transferring output files
...
005 (390896.014.000) 2024-01-18 21:58:56 Job terminated.
	(1) Normal termination (return value 0)
		Usr 0 00:03:22, Sys 0 00:00:15  -  Run Remote Usage
		Usr 0 00:00:00, Sys 0 00:00:00  -  Run Local Usage
		Usr 0 00:03:22, Sys 0 00:00:15  -  Total Remote Usage
		Usr 0 00:00:00, Sys 0 00:00:00  -  Total Local Usage
	39834856  -  Run Bytes Sent By Job
	182135  -  Run Bytes Received By Job
	39834856  -  Total Bytes Sent By Job
	182135  -  Total Bytes Received By Job
	Partitionable Resources :    Usage  Request Allocated 
	   Cpus                 :     0.89        1         1 
	   Disk (KB)            : 39151         200    121695 
	   Memory (MB)          :   182        3900      3968 

	Job terminated of its own accord at 2024-01-18T12:58:55Z.
...
000 (390897.014.000) 2024-01-18 22:03:48 Job submitted from host: <172.30.1.200:9618?addrs=172.30.1.200-9618&alias=tamsa2.snu.ac.kr&noUDP&sock=schedd_3625_06e6>
...
040 (390897.014.000) 2024-01-18 22:04:49 Started transferring input files
	Transferring to host: <172.30.1.111:9618?addrs=172.30.1.111-9618&alias=n11&noUDP&sock=slot1_23_4271_0e47_37932>
...
001 (390897.014.000) 2024-01-18 22:04:49 Job executing on host: <172.30.1.111:9618?addrs=172.30.1.111-9618&alias=n11&noUDP&sock=startd_4237_cedc>
...
040 (390897.014.000) 2024-01-18 22:04:49 Finished transferring input files
...
006 (390897.014.000) 2024-01-18 22:04:58 Image size of job updated: 854716
	198  -  MemoryUsage of job (MB)
	202664  -  ResidentSetSize of job (KB)
...
006 (390897.014.000) 2024-01-18 22:07:10 Image size of job updated: 865784
	198  -  MemoryUsage of job (MB)
	202664  -  ResidentSetSize of job (KB)
...
040 (390897.014.000) 2024-01-18 22:07:10 Started transferring output files
...
040 (390897.014.000) 2024-01-18 22:07:12 Finished transferring output files
...
005 (390897.014.000) 2024-01-18 22:07:12 Job terminated.
	(1) Normal termination (return value 0)
		Usr 0 00:02:07, Sys 0 00:00:09  -  Run Remote Usage
		Usr 0 00:00:00, Sys 0 00:00:00  -  Run Local Usage
		Usr 0 00:02:07, Sys 0 00:00:09  -  Total Remote Usage
		Usr 0 00:00:00, Sys 0 00:00:00  -  Total Local Usage
	39664820  -  Run Bytes Sent By Job
	182135  -  Run Bytes Received By Job
	39664820  -  Total Bytes Sent By Job
	182135  -  Total Bytes Received By Job
	Partitionable Resources :    Usage  Request Allocated 
	   Cpus                 :                 1         1 
	   Disk (KB)            :    38980      200    127752 
	   GPUs                 :                           0 
	   Memory (MB)          :      198     3900      3968 

	Job terminated of its own accord at 2024-01-18T13:07:10Z.
...
000 (390986.014.000) 2024-01-18 22:24:33 Job submitted from host: <172.30.1.200:9618?addrs=172.30.1.200-9618&alias=tamsa2.snu.ac.kr&noUDP&sock=schedd_3625_06e6>
...
040 (390986.014.000) 2024-01-18 22:25:35 Started transferring input files
	Transferring to host: <172.30.1.110:9618?addrs=172.30.1.110-9618&alias=n10&noUDP&sock=slot1_44_4176_1ea3_73317>
...
001 (390986.014.000) 2024-01-18 22:25:36 Job executing on host: <172.30.1.110:9618?addrs=172.30.1.110-9618&alias=n10&noUDP&sock=startd_4139_9694>
...
040 (390986.014.000) 2024-01-18 22:25:36 Finished transferring input files
...
006 (390986.014.000) 2024-01-18 22:25:45 Image size of job updated: 833432
	183  -  MemoryUsage of job (MB)
	187216  -  ResidentSetSize of job (KB)
...
006 (390986.014.000) 2024-01-18 22:29:16 Image size of job updated: 867744
	183  -  MemoryUsage of job (MB)
	187216  -  ResidentSetSize of job (KB)
...
040 (390986.014.000) 2024-01-18 22:29:17 Started transferring output files
...
040 (390986.014.000) 2024-01-18 22:29:18 Finished transferring output files
...
005 (390986.014.000) 2024-01-18 22:29:18 Job terminated.
	(1) Normal termination (return value 0)
		Usr 0 00:02:49, Sys 0 00:00:13  -  Run Remote Usage
		Usr 0 00:00:00, Sys 0 00:00:00  -  Run Local Usage
		Usr 0 00:02:49, Sys 0 00:00:13  -  Total Remote Usage
		Usr 0 00:00:00, Sys 0 00:00:00  -  Total Local Usage
	35113648  -  Run Bytes Sent By Job
	182182  -  Run Bytes Received By Job
	35113648  -  Total Bytes Sent By Job
	182182  -  Total Bytes Received By Job
	Partitionable Resources :    Usage  Request Allocated 
	   Cpus                 :     0.89        1         1 
	   Disk (KB)            : 34541         200    127849 
	   Memory (MB)          :   183        3900      3968 

	Job terminated of its own accord at 2024-01-18T13:29:16Z.
...
000 (391043.014.000) 2024-01-18 23:16:23 Job submitted from host: <172.30.1.200:9618?addrs=172.30.1.200-9618&alias=tamsa2.snu.ac.kr&noUDP&sock=schedd_3625_06e6>
...
040 (391043.014.000) 2024-01-18 23:16:28 Started transferring input files
	Transferring to host: <172.30.1.211:9618?addrs=172.30.1.211-9618&alias=node11&noUDP&sock=slot1_29_3735_6531_177196>
...
001 (391043.014.000) 2024-01-18 23:16:28 Job executing on host: <172.30.1.211:9618?addrs=172.30.1.211-9618&alias=node11&noUDP&sock=startd_3699_c8e9>
...
040 (391043.014.000) 2024-01-18 23:16:28 Finished transferring input files
...
006 (391043.014.000) 2024-01-18 23:16:37 Image size of job updated: 173412
	164  -  MemoryUsage of job (MB)
	166948  -  ResidentSetSize of job (KB)
...
006 (391043.014.000) 2024-01-18 23:18:15 Image size of job updated: 846504
	164  -  MemoryUsage of job (MB)
	166948  -  ResidentSetSize of job (KB)
...
040 (391043.014.000) 2024-01-18 23:18:20 Entered queue to transfer output files
...
040 (391043.014.000) 2024-01-18 23:18:22 Started transferring output files
...
040 (391043.014.000) 2024-01-18 23:18:25 Finished transferring output files
...
005 (391043.014.000) 2024-01-18 23:18:26 Job terminated.
	(1) Normal termination (return value 0)
		Usr 0 00:01:07, Sys 0 00:00:07  -  Run Remote Usage
		Usr 0 00:00:00, Sys 0 00:00:00  -  Run Local Usage
		Usr 0 00:01:07, Sys 0 00:00:07  -  Total Remote Usage
		Usr 0 00:00:00, Sys 0 00:00:00  -  Total Local Usage
	7464007  -  Run Bytes Sent By Job
	182524  -  Run Bytes Received By Job
	7464007  -  Total Bytes Sent By Job
	182524  -  Total Bytes Received By Job
	Partitionable Resources :    Usage  Request Allocated 
	   Cpus                 :                 1         1 
	   Disk (KB)            :     7534      200    128928 
	   Memory (MB)          :      164     3900      3968 

	Job terminated of its own accord at 2024-01-18T14:18:15Z.
...
000 (391059.014.000) 2024-01-19 10:38:28 Job submitted from host: <172.30.1.200:9618?addrs=172.30.1.200-9618&alias=tamsa2.snu.ac.kr&noUDP&sock=schedd_3625_06e6>
...
040 (391059.014.000) 2024-01-19 10:38:32 Started transferring input files
	Transferring to host: <172.30.1.215:9618?addrs=172.30.1.215-9618&alias=node15&noUDP&sock=slot1_78_4389_328c_280367>
...
001 (391059.014.000) 2024-01-19 10:38:32 Job executing on host: <172.30.1.215:9618?addrs=172.30.1.215-9618&alias=node15&noUDP&sock=startd_4353_5fd9>
...
040 (391059.014.000) 2024-01-19 10:38:32 Finished transferring input files
...
006 (391059.014.000) 2024-01-19 10:38:40 Image size of job updated: 88520
	77  -  MemoryUsage of job (MB)
	78592  -  ResidentSetSize of job (KB)
...
006 (391059.014.000) 2024-01-19 10:43:05 Image size of job updated: 869928
	77  -  MemoryUsage of job (MB)
	78612  -  ResidentSetSize of job (KB)
...
040 (391059.014.000) 2024-01-19 10:43:05 Started transferring output files
...
040 (391059.014.000) 2024-01-19 10:43:13 Finished transferring output files
...
005 (391059.014.000) 2024-01-19 10:43:13 Job terminated.
	(1) Normal termination (return value 0)
		Usr 0 00:03:07, Sys 0 00:00:14  -  Run Remote Usage
		Usr 0 00:00:00, Sys 0 00:00:00  -  Run Local Usage
		Usr 0 00:03:07, Sys 0 00:00:14  -  Total Remote Usage
		Usr 0 00:00:00, Sys 0 00:00:00  -  Total Local Usage
	33828552  -  Run Bytes Sent By Job
	182504  -  Run Bytes Received By Job
	33828552  -  Total Bytes Sent By Job
	182504  -  Total Bytes Received By Job
	Partitionable Resources :    Usage  Request Allocated 
	   Cpus                 :     0.06        1         1 
	   Disk (KB)            : 33286         200    261111 
	   Memory (MB)          :    77        3900      3968 

	Job terminated of its own accord at 2024-01-19T01:43:05Z.
...
000 (391060.014.000) 2024-01-19 10:57:46 Job submitted from host: <172.30.1.200:9618?addrs=172.30.1.200-9618&alias=tamsa2.snu.ac.kr&noUDP&sock=schedd_3625_06e6>
...
040 (391060.014.000) 2024-01-19 10:57:51 Started transferring input files
	Transferring to host: <172.30.1.213:9618?addrs=172.30.1.213-9618&alias=node13&noUDP&sock=slot1_78_4363_e0ca_274879>
...
001 (391060.014.000) 2024-01-19 10:57:51 Job executing on host: <172.30.1.213:9618?addrs=172.30.1.213-9618&alias=node13&noUDP&sock=startd_4329_e993>
...
040 (391060.014.000) 2024-01-19 10:57:51 Finished transferring input files
...
006 (391060.014.000) 2024-01-19 10:57:59 Image size of job updated: 570420
	139  -  MemoryUsage of job (MB)
	141440  -  ResidentSetSize of job (KB)
...
006 (391060.014.000) 2024-01-19 11:02:31 Image size of job updated: 870156
	139  -  MemoryUsage of job (MB)
	141440  -  ResidentSetSize of job (KB)
...
040 (391060.014.000) 2024-01-19 11:02:31 Started transferring output files
...
040 (391060.014.000) 2024-01-19 11:02:35 Finished transferring output files
...
005 (391060.014.000) 2024-01-19 11:02:35 Job terminated.
	(1) Normal termination (return value 0)
		Usr 0 00:03:22, Sys 0 00:00:14  -  Run Remote Usage
		Usr 0 00:00:00, Sys 0 00:00:00  -  Run Local Usage
		Usr 0 00:03:22, Sys 0 00:00:14  -  Total Remote Usage
		Usr 0 00:00:00, Sys 0 00:00:00  -  Total Local Usage
	38230448  -  Run Bytes Sent By Job
	182520  -  Run Bytes Received By Job
	38230448  -  Total Bytes Sent By Job
	182520  -  Total Bytes Received By Job
	Partitionable Resources :    Usage  Request Allocated 
	   Cpus                 :     1.00        1         1 
	   Disk (KB)            : 37585         200    261111 
	   Memory (MB)          :   139        3900      3968 

	Job terminated of its own accord at 2024-01-19T02:02:31Z.
...
000 (391113.014.000) 2024-01-19 11:50:58 Job submitted from host: <172.30.1.200:9618?addrs=172.30.1.200-9618&alias=tamsa2.snu.ac.kr&noUDP&sock=schedd_3625_06e6>
...
040 (391113.014.000) 2024-01-19 11:51:00 Started transferring input files
	Transferring to host: <172.30.1.206:9618?addrs=172.30.1.206-9618&alias=node6&noUDP&sock=slot1_44_3722_3c50_224044>
...
001 (391113.014.000) 2024-01-19 11:51:00 Job executing on host: <172.30.1.206:9618?addrs=172.30.1.206-9618&alias=node6&noUDP&sock=startd_3686_de2d>
...
040 (391113.014.000) 2024-01-19 11:51:00 Finished transferring input files
...
006 (391113.014.000) 2024-01-19 11:51:09 Image size of job updated: 617732
	132  -  MemoryUsage of job (MB)
	134796  -  ResidentSetSize of job (KB)
...
006 (391113.014.000) 2024-01-19 11:53:04 Image size of job updated: 809028
	132  -  MemoryUsage of job (MB)
	134796  -  ResidentSetSize of job (KB)
...
040 (391113.014.000) 2024-01-19 11:53:04 Started transferring output files
...
040 (391113.014.000) 2024-01-19 11:53:06 Finished transferring output files
...
005 (391113.014.000) 2024-01-19 11:53:06 Job terminated.
	(1) Normal termination (return value 0)
		Usr 0 00:01:08, Sys 0 00:00:07  -  Run Remote Usage
		Usr 0 00:00:00, Sys 0 00:00:00  -  Run Local Usage
		Usr 0 00:01:08, Sys 0 00:00:07  -  Total Remote Usage
		Usr 0 00:00:00, Sys 0 00:00:00  -  Total Local Usage
	7464079  -  Run Bytes Sent By Job
	183986  -  Run Bytes Received By Job
	7464079  -  Total Bytes Sent By Job
	183986  -  Total Bytes Received By Job
	Partitionable Resources :    Usage  Request Allocated 
	   Cpus                 :        0        1         1 
	   Disk (KB)            :     7542      200     95898 
	   Memory (MB)          :      132     3900      3968 

	Job terminated of its own accord at 2024-01-19T02:53:04Z.
...
000 (391114.014.000) 2024-01-19 11:56:30 Job submitted from host: <172.30.1.200:9618?addrs=172.30.1.200-9618&alias=tamsa2.snu.ac.kr&noUDP&sock=schedd_3625_06e6>
...
040 (391114.014.000) 2024-01-19 11:56:32 Started transferring input files
	Transferring to host: <172.30.1.211:9618?addrs=172.30.1.211-9618&alias=node11&noUDP&sock=slot1_42_3735_6531_177568>
...
040 (391114.014.000) 2024-01-19 11:56:32 Finished transferring input files
...
001 (391114.014.000) 2024-01-19 11:56:33 Job executing on host: <172.30.1.211:9618?addrs=172.30.1.211-9618&alias=node11&noUDP&sock=startd_3699_c8e9>
...
006 (391114.014.000) 2024-01-19 11:56:41 Image size of job updated: 613620
	183  -  MemoryUsage of job (MB)
	186744  -  ResidentSetSize of job (KB)
...
006 (391114.014.000) 2024-01-19 11:58:35 Image size of job updated: 843960
	183  -  MemoryUsage of job (MB)
	186744  -  ResidentSetSize of job (KB)
...
040 (391114.014.000) 2024-01-19 11:58:35 Started transferring output files
...
040 (391114.014.000) 2024-01-19 11:58:35 Finished transferring output files
...
005 (391114.014.000) 2024-01-19 11:58:35 Job terminated.
	(1) Normal termination (return value 0)
		Usr 0 00:01:12, Sys 0 00:00:07  -  Run Remote Usage
		Usr 0 00:00:00, Sys 0 00:00:00  -  Run Local Usage
		Usr 0 00:01:12, Sys 0 00:00:07  -  Total Remote Usage
		Usr 0 00:00:00, Sys 0 00:00:00  -  Total Local Usage
	7464183  -  Run Bytes Sent By Job
	183986  -  Run Bytes Received By Job
	7464183  -  Total Bytes Sent By Job
	183986  -  Total Bytes Received By Job
	Partitionable Resources :    Usage  Request Allocated 
	   Cpus                 :                 1         1 
	   Disk (KB)            :     7536      200    128928 
	   Memory (MB)          :      183     3900      3968 

	Job terminated of its own accord at 2024-01-19T02:58:35Z.
...
000 (391115.014.000) 2024-01-19 12:05:54 Job submitted from host: <172.30.1.200:9618?addrs=172.30.1.200-9618&alias=tamsa2.snu.ac.kr&noUDP&sock=schedd_3625_06e6>
...
040 (391115.014.000) 2024-01-19 12:05:56 Started transferring input files
	Transferring to host: <172.30.1.211:9618?addrs=172.30.1.211-9618&alias=node11&noUDP&sock=slot1_43_3735_6531_177577>
...
001 (391115.014.000) 2024-01-19 12:05:56 Job executing on host: <172.30.1.211:9618?addrs=172.30.1.211-9618&alias=node11&noUDP&sock=startd_3699_c8e9>
...
040 (391115.014.000) 2024-01-19 12:05:56 Finished transferring input files
...
006 (391115.014.000) 2024-01-19 12:06:05 Image size of job updated: 177052
	173  -  MemoryUsage of job (MB)
	177052  -  ResidentSetSize of job (KB)
...
006 (391115.014.000) 2024-01-19 12:07:56 Image size of job updated: 846200
	173  -  MemoryUsage of job (MB)
	177084  -  ResidentSetSize of job (KB)
...
040 (391115.014.000) 2024-01-19 12:07:56 Started transferring output files
...
040 (391115.014.000) 2024-01-19 12:07:56 Finished transferring output files
...
005 (391115.014.000) 2024-01-19 12:07:56 Job terminated.
	(1) Normal termination (return value 0)
		Usr 0 00:01:13, Sys 0 00:00:07  -  Run Remote Usage
		Usr 0 00:00:00, Sys 0 00:00:00  -  Run Local Usage
		Usr 0 00:01:13, Sys 0 00:00:07  -  Total Remote Usage
		Usr 0 00:00:00, Sys 0 00:00:00  -  Total Local Usage
	7464183  -  Run Bytes Sent By Job
	184022  -  Run Bytes Received By Job
	7464183  -  Total Bytes Sent By Job
	184022  -  Total Bytes Received By Job
	Partitionable Resources :    Usage  Request Allocated 
	   Cpus                 :                 1         1 
	   Disk (KB)            :     7537      200    128928 
	   Memory (MB)          :      173     3900      3968 

	Job terminated of its own accord at 2024-01-19T03:07:56Z.
...
000 (391116.014.000) 2024-01-19 12:09:38 Job submitted from host: <172.30.1.200:9618?addrs=172.30.1.200-9618&alias=tamsa2.snu.ac.kr&noUDP&sock=schedd_3625_06e6>
...
040 (391116.014.000) 2024-01-19 12:09:40 Started transferring input files
	Transferring to host: <172.30.1.211:9618?addrs=172.30.1.211-9618&alias=node11&noUDP&sock=slot1_43_3735_6531_177587>
...
001 (391116.014.000) 2024-01-19 12:09:40 Job executing on host: <172.30.1.211:9618?addrs=172.30.1.211-9618&alias=node11&noUDP&sock=startd_3699_c8e9>
...
040 (391116.014.000) 2024-01-19 12:09:40 Finished transferring input files
...
006 (391116.014.000) 2024-01-19 12:09:49 Image size of job updated: 572864
	183  -  MemoryUsage of job (MB)
	186736  -  ResidentSetSize of job (KB)
...
006 (391116.014.000) 2024-01-19 12:11:42 Image size of job updated: 846200
	183  -  MemoryUsage of job (MB)
	186736  -  ResidentSetSize of job (KB)
...
040 (391116.014.000) 2024-01-19 12:11:42 Started transferring output files
...
040 (391116.014.000) 2024-01-19 12:11:42 Finished transferring output files
...
005 (391116.014.000) 2024-01-19 12:11:42 Job terminated.
	(1) Normal termination (return value 0)
		Usr 0 00:01:14, Sys 0 00:00:07  -  Run Remote Usage
		Usr 0 00:00:00, Sys 0 00:00:00  -  Run Local Usage
		Usr 0 00:01:14, Sys 0 00:00:07  -  Total Remote Usage
		Usr 0 00:00:00, Sys 0 00:00:00  -  Total Local Usage
	7464207  -  Run Bytes Sent By Job
	184022  -  Run Bytes Received By Job
	7464207  -  Total Bytes Sent By Job
	184022  -  Total Bytes Received By Job
	Partitionable Resources :    Usage  Request Allocated 
	   Cpus                 :     0.24        1         1 
	   Disk (KB)            :  7542         200    128928 
	   Memory (MB)          :   183        3900      3968 

	Job terminated of its own accord at 2024-01-19T03:11:42Z.
...
000 (391117.014.000) 2024-01-19 12:15:27 Job submitted from host: <172.30.1.200:9618?addrs=172.30.1.200-9618&alias=tamsa2.snu.ac.kr&noUDP&sock=schedd_3625_06e6>
...
040 (391117.014.000) 2024-01-19 12:15:32 Started transferring input files
	Transferring to host: <172.30.1.211:9618?addrs=172.30.1.211-9618&alias=node11&noUDP&sock=slot1_44_3735_6531_177598>
...
040 (391117.014.000) 2024-01-19 12:15:32 Finished transferring input files
...
001 (391117.014.000) 2024-01-19 12:15:32 Job executing on host: <172.30.1.211:9618?addrs=172.30.1.211-9618&alias=node11&noUDP&sock=startd_3699_c8e9>
...
006 (391117.014.000) 2024-01-19 12:15:42 Image size of job updated: 186740
	183  -  MemoryUsage of job (MB)
	186740  -  ResidentSetSize of job (KB)
...
006 (391117.014.000) 2024-01-19 12:20:07 Image size of job updated: 866572
	183  -  MemoryUsage of job (MB)
	186740  -  ResidentSetSize of job (KB)
...
040 (391117.014.000) 2024-01-19 12:20:07 Started transferring output files
...
040 (391117.014.000) 2024-01-19 12:20:08 Finished transferring output files
...
005 (391117.014.000) 2024-01-19 12:20:08 Job terminated.
	(1) Normal termination (return value 0)
		Usr 0 00:03:22, Sys 0 00:00:13  -  Run Remote Usage
		Usr 0 00:00:00, Sys 0 00:00:00  -  Run Local Usage
		Usr 0 00:03:22, Sys 0 00:00:13  -  Total Remote Usage
		Usr 0 00:00:00, Sys 0 00:00:00  -  Total Local Usage
	33934792  -  Run Bytes Sent By Job
	184028  -  Run Bytes Received By Job
	33934792  -  Total Bytes Sent By Job
	184028  -  Total Bytes Received By Job
	Partitionable Resources :    Usage  Request Allocated 
	   Cpus                 :     0.69        1         1 
	   Disk (KB)            : 33392         200    128928 
	   Memory (MB)          :   183        3900      3968 

	Job terminated of its own accord at 2024-01-19T03:20:07Z.
...
000 (391118.014.000) 2024-01-19 12:41:45 Job submitted from host: <172.30.1.200:9618?addrs=172.30.1.200-9618&alias=tamsa2.snu.ac.kr&noUDP&sock=schedd_3625_06e6>
...
040 (391118.014.000) 2024-01-19 12:41:51 Started transferring input files
	Transferring to host: <172.30.1.211:9618?addrs=172.30.1.211-9618&alias=node11&noUDP&sock=slot1_48_3735_6531_177611>
...
001 (391118.014.000) 2024-01-19 12:41:51 Job executing on host: <172.30.1.211:9618?addrs=172.30.1.211-9618&alias=node11&noUDP&sock=startd_3699_c8e9>
...
040 (391118.014.000) 2024-01-19 12:41:51 Finished transferring input files
...
006 (391118.014.000) 2024-01-19 12:42:00 Image size of job updated: 597652
	183  -  MemoryUsage of job (MB)
	186732  -  ResidentSetSize of job (KB)
...
006 (391118.014.000) 2024-01-19 12:43:46 Image size of job updated: 843512
	183  -  MemoryUsage of job (MB)
	186732  -  ResidentSetSize of job (KB)
...
040 (391118.014.000) 2024-01-19 12:43:46 Started transferring output files
...
040 (391118.014.000) 2024-01-19 12:43:46 Finished transferring output files
...
005 (391118.014.000) 2024-01-19 12:43:46 Job terminated.
	(1) Normal termination (return value 0)
		Usr 0 00:01:11, Sys 0 00:00:07  -  Run Remote Usage
		Usr 0 00:00:00, Sys 0 00:00:00  -  Run Local Usage
		Usr 0 00:01:11, Sys 0 00:00:07  -  Total Remote Usage
		Usr 0 00:00:00, Sys 0 00:00:00  -  Total Local Usage
	7464143  -  Run Bytes Sent By Job
	183796  -  Run Bytes Received By Job
	7464143  -  Total Bytes Sent By Job
	183796  -  Total Bytes Received By Job
	Partitionable Resources :    Usage  Request Allocated 
	   Cpus                 :                 1         1 
	   Disk (KB)            :     7536      200    128928 
	   Memory (MB)          :      183     3900      3968 

	Job terminated of its own accord at 2024-01-19T03:43:46Z.
...
000 (391119.014.000) 2024-01-19 12:47:04 Job submitted from host: <172.30.1.200:9618?addrs=172.30.1.200-9618&alias=tamsa2.snu.ac.kr&noUDP&sock=schedd_3625_06e6>
...
040 (391119.014.000) 2024-01-19 12:47:13 Started transferring input files
	Transferring to host: <172.30.1.204:9618?addrs=172.30.1.204-9618&alias=node4&noUDP&sock=slot1_44_3725_5971_203346>
...
001 (391119.014.000) 2024-01-19 12:47:13 Job executing on host: <172.30.1.204:9618?addrs=172.30.1.204-9618&alias=node4&noUDP&sock=startd_3691_4c27>
...
040 (391119.014.000) 2024-01-19 12:47:13 Finished transferring input files
...
006 (391119.014.000) 2024-01-19 12:47:21 Image size of job updated: 185056
	181  -  MemoryUsage of job (MB)
	185056  -  ResidentSetSize of job (KB)
...
006 (391119.014.000) 2024-01-19 12:51:34 Image size of job updated: 863628
	181  -  MemoryUsage of job (MB)
	185056  -  ResidentSetSize of job (KB)
...
040 (391119.014.000) 2024-01-19 12:51:35 Started transferring output files
...
040 (391119.014.000) 2024-01-19 12:51:39 Finished transferring output files
...
005 (391119.014.000) 2024-01-19 12:51:39 Job terminated.
	(1) Normal termination (return value 0)
		Usr 0 00:03:15, Sys 0 00:00:13  -  Run Remote Usage
		Usr 0 00:00:00, Sys 0 00:00:00  -  Run Local Usage
		Usr 0 00:03:15, Sys 0 00:00:13  -  Total Remote Usage
		Usr 0 00:00:00, Sys 0 00:00:00  -  Total Local Usage
	33279516  -  Run Bytes Sent By Job
	183796  -  Run Bytes Received By Job
	33279516  -  Total Bytes Sent By Job
	183796  -  Total Bytes Received By Job
	Partitionable Resources :    Usage  Request Allocated 
	   Cpus                 :                 1         1 
	   Disk (KB)            :    32746      200    128928 
	   Memory (MB)          :      181     3900      3968 

	Job terminated of its own accord at 2024-01-19T03:51:34Z.
...
000 (391120.014.000) 2024-01-19 13:02:28 Job submitted from host: <172.30.1.200:9618?addrs=172.30.1.200-9618&alias=tamsa2.snu.ac.kr&noUDP&sock=schedd_3625_06e6>
...
040 (391120.014.000) 2024-01-19 13:02:39 Started transferring input files
	Transferring to host: <172.30.1.204:9618?addrs=172.30.1.204-9618&alias=node4&noUDP&sock=slot1_47_3725_5971_203361>
...
001 (391120.014.000) 2024-01-19 13:02:39 Job executing on host: <172.30.1.204:9618?addrs=172.30.1.204-9618&alias=node4&noUDP&sock=startd_3691_4c27>
...
040 (391120.014.000) 2024-01-19 13:02:39 Finished transferring input files
...
006 (391120.014.000) 2024-01-19 13:02:47 Image size of job updated: 808976
	181  -  MemoryUsage of job (MB)
	184596  -  ResidentSetSize of job (KB)
...
006 (391120.014.000) 2024-01-19 13:07:04 Image size of job updated: 870240
	181  -  MemoryUsage of job (MB)
	184596  -  ResidentSetSize of job (KB)
...
040 (391120.014.000) 2024-01-19 13:07:04 Started transferring output files
...
040 (391120.014.000) 2024-01-19 13:07:19 Finished transferring output files
...
005 (391120.014.000) 2024-01-19 13:07:20 Job terminated.
	(1) Normal termination (return value 0)
		Usr 0 00:03:16, Sys 0 00:00:13  -  Run Remote Usage
		Usr 0 00:00:00, Sys 0 00:00:00  -  Run Local Usage
		Usr 0 00:03:16, Sys 0 00:00:13  -  Total Remote Usage
		Usr 0 00:00:00, Sys 0 00:00:00  -  Total Local Usage
	33274268  -  Run Bytes Sent By Job
	183796  -  Run Bytes Received By Job
	33274268  -  Total Bytes Sent By Job
	183796  -  Total Bytes Received By Job
	Partitionable Resources :    Usage  Request Allocated 
	   Cpus                 :     0.90        1         1 
	   Disk (KB)            : 32747         200    128928 
	   Memory (MB)          :   181        3900      3968 

	Job terminated of its own accord at 2024-01-19T04:07:04Z.
...
000 (391131.014.000) 2024-01-19 14:22:45 Job submitted from host: <172.30.1.200:9618?addrs=172.30.1.200-9618&alias=tamsa2.snu.ac.kr&noUDP&sock=schedd_3625_06e6>
...
040 (391131.014.000) 2024-01-19 14:22:51 Started transferring input files
	Transferring to host: <172.30.1.210:9618?addrs=172.30.1.210-9618&alias=node10&noUDP&sock=slot1_44_3822_b1d4_184646>
...
001 (391131.014.000) 2024-01-19 14:22:51 Job executing on host: <172.30.1.210:9618?addrs=172.30.1.210-9618&alias=node10&noUDP&sock=startd_3788_d4d6>
...
040 (391131.014.000) 2024-01-19 14:22:51 Finished transferring input files
...
006 (391131.014.000) 2024-01-19 14:22:59 Image size of job updated: 230108
	59  -  MemoryUsage of job (MB)
	59532  -  ResidentSetSize of job (KB)
...
006 (391131.014.000) 2024-01-19 14:27:59 Image size of job updated: 975572
	317  -  MemoryUsage of job (MB)
	323668  -  ResidentSetSize of job (KB)
...
004 (391131.014.000) 2024-01-19 14:28:10 Job was evicted.
	(0) CPU times
		Usr 0 00:04:39, Sys 0 00:00:24  -  Run Remote Usage
		Usr 0 00:00:00, Sys 0 00:00:00  -  Run Local Usage
	0  -  Run Bytes Sent By Job
	183798  -  Run Bytes Received By Job
	Partitionable Resources :    Usage  Request Allocated 
	   Cpus                 :     0.98        1         1 
	   Disk (KB)            :  1281         200    128928 
	   Memory (MB)          :   317        3900      3968 
...
009 (391131.014.000) 2024-01-19 14:28:10 Job was aborted.
	via condor_rm (by user shin)
...
000 (391132.014.000) 2024-01-19 14:30:22 Job submitted from host: <172.30.1.200:9618?addrs=172.30.1.200-9618&alias=tamsa2.snu.ac.kr&noUDP&sock=schedd_3625_06e6>
...
040 (391132.014.000) 2024-01-19 14:30:25 Started transferring input files
	Transferring to host: <172.30.1.210:9618?addrs=172.30.1.210-9618&alias=node10&noUDP&sock=slot1_44_3822_b1d4_184652>
...
001 (391132.014.000) 2024-01-19 14:30:25 Job executing on host: <172.30.1.210:9618?addrs=172.30.1.210-9618&alias=node10&noUDP&sock=startd_3788_d4d6>
...
040 (391132.014.000) 2024-01-19 14:30:25 Finished transferring input files
...
006 (391132.014.000) 2024-01-19 14:30:33 Image size of job updated: 565480
	181  -  MemoryUsage of job (MB)
	184584  -  ResidentSetSize of job (KB)
...
006 (391132.014.000) 2024-01-19 14:35:33 Image size of job updated: 872316
	183  -  MemoryUsage of job (MB)
	186764  -  ResidentSetSize of job (KB)
...
000 (391137.014.000) 2024-01-19 14:35:50 Job submitted from host: <172.30.1.200:9618?addrs=172.30.1.200-9618&alias=tamsa2.snu.ac.kr&noUDP&sock=schedd_3625_06e6>
...
040 (391137.014.000) 2024-01-19 14:35:53 Started transferring input files
	Transferring to host: <172.30.1.109:9618?addrs=172.30.1.109-9618&alias=n9&noUDP&sock=slot1_15_4134_86e1_92604>
...
001 (391137.014.000) 2024-01-19 14:35:53 Job executing on host: <172.30.1.109:9618?addrs=172.30.1.109-9618&alias=n9&noUDP&sock=startd_4100_d663>
...
040 (391137.014.000) 2024-01-19 14:35:53 Finished transferring input files
...
004 (391132.014.000) 2024-01-19 14:36:00 Job was evicted.
	(0) CPU times
		Usr 0 00:04:35, Sys 0 00:00:20  -  Run Remote Usage
		Usr 0 00:00:00, Sys 0 00:00:00  -  Run Local Usage
	0  -  Run Bytes Sent By Job
	183608  -  Run Bytes Received By Job
	Partitionable Resources :    Usage  Request Allocated 
	   Cpus                 :     0.83        1         1 
	   Disk (KB)            : 13383         200    128928 
	   Memory (MB)          :   183        3900      3968 
...
006 (391137.014.000) 2024-01-19 14:36:01 Image size of job updated: 230108
	0  -  MemoryUsage of job (MB)
	0  -  ResidentSetSize of job (KB)
...
009 (391132.014.000) 2024-01-19 14:36:01 Job was aborted.
	via condor_rm (by user shin)
...
004 (391137.014.000) 2024-01-19 14:36:01 Job was evicted.
	(0) CPU times
		Usr 0 00:00:00, Sys 0 00:00:00  -  Run Remote Usage
		Usr 0 00:00:00, Sys 0 00:00:00  -  Run Local Usage
	0  -  Run Bytes Sent By Job
	183614  -  Run Bytes Received By Job
	Partitionable Resources :    Usage  Request Allocated 
	   Cpus                 :     0.04        1         1 
	   Disk (KB)            :   235         200    127849 
	   Memory (MB)          :     0        3900      3968 
...
009 (391137.014.000) 2024-01-19 14:36:01 Job was aborted.
	via condor_rm (by user shin)
...
000 (391138.014.000) 2024-01-19 14:36:02 Job submitted from host: <172.30.1.200:9618?addrs=172.30.1.200-9618&alias=tamsa2.snu.ac.kr&noUDP&sock=schedd_3625_06e6>
...
040 (391138.014.000) 2024-01-19 14:36:13 Started transferring input files
	Transferring to host: <172.30.1.210:9618?addrs=172.30.1.210-9618&alias=node10&noUDP&sock=slot1_41_3822_b1d4_184657>
...
001 (391138.014.000) 2024-01-19 14:36:13 Job executing on host: <172.30.1.210:9618?addrs=172.30.1.210-9618&alias=node10&noUDP&sock=startd_3788_d4d6>
...
040 (391138.014.000) 2024-01-19 14:36:13 Finished transferring input files
...
006 (391138.014.000) 2024-01-19 14:36:22 Image size of job updated: 561380
	183  -  MemoryUsage of job (MB)
	186732  -  ResidentSetSize of job (KB)
...
006 (391138.014.000) 2024-01-19 14:41:23 Image size of job updated: 874180
	183  -  MemoryUsage of job (MB)
	186732  -  ResidentSetSize of job (KB)
...
006 (391138.014.000) 2024-01-19 14:43:01 Image size of job updated: 874916
	183  -  MemoryUsage of job (MB)
	186732  -  ResidentSetSize of job (KB)
...
040 (391138.014.000) 2024-01-19 14:43:01 Started transferring output files
...
040 (391138.014.000) 2024-01-19 14:43:02 Finished transferring output files
...
005 (391138.014.000) 2024-01-19 14:43:02 Job terminated.
	(1) Normal termination (return value 0)
		Usr 0 00:05:32, Sys 0 00:00:23  -  Run Remote Usage
		Usr 0 00:00:00, Sys 0 00:00:00  -  Run Local Usage
		Usr 0 00:05:32, Sys 0 00:00:23  -  Total Remote Usage
		Usr 0 00:00:00, Sys 0 00:00:00  -  Total Local Usage
	32980110  -  Run Bytes Sent By Job
	183614  -  Run Bytes Received By Job
	32980110  -  Total Bytes Sent By Job
	183614  -  Total Bytes Received By Job
	Partitionable Resources :    Usage  Request Allocated 
	   Cpus                 :     0.68        1         1 
	   Disk (KB)            : 32459         200    128928 
	   Memory (MB)          :   183        3900      3968 

	Job terminated of its own accord at 2024-01-19T05:43:01Z.
...
000 (391139.014.000) 2024-01-19 14:48:49 Job submitted from host: <172.30.1.200:9618?addrs=172.30.1.200-9618&alias=tamsa2.snu.ac.kr&noUDP&sock=schedd_3625_06e6>
...
040 (391139.014.000) 2024-01-19 14:48:53 Started transferring input files
	Transferring to host: <172.30.1.210:9618?addrs=172.30.1.210-9618&alias=node10&noUDP&sock=slot1_41_3822_b1d4_184663>
...
040 (391139.014.000) 2024-01-19 14:48:53 Finished transferring input files
...
001 (391139.014.000) 2024-01-19 14:48:53 Job executing on host: <172.30.1.210:9618?addrs=172.30.1.210-9618&alias=node10&noUDP&sock=startd_3788_d4d6>
...
006 (391139.014.000) 2024-01-19 14:49:02 Image size of job updated: 197160
	172  -  MemoryUsage of job (MB)
	175184  -  ResidentSetSize of job (KB)
...
006 (391139.014.000) 2024-01-19 14:52:18 Image size of job updated: 872256
	172  -  MemoryUsage of job (MB)
	175184  -  ResidentSetSize of job (KB)
...
004 (391139.014.000) 2024-01-19 14:52:18 Job was evicted.
	(0) CPU times
		Usr 0 00:02:44, Sys 0 00:00:13  -  Run Remote Usage
		Usr 0 00:00:00, Sys 0 00:00:00  -  Run Local Usage
	0  -  Run Bytes Sent By Job
	183618  -  Run Bytes Received By Job
	Partitionable Resources :    Usage  Request Allocated 
	   Cpus                 :     0.98        1         1 
	   Disk (KB)            :  8146         200    128928 
	   Memory (MB)          :   172        3900      3968 
...
009 (391139.014.000) 2024-01-19 14:52:18 Job was aborted.
	via condor_rm (by user shin)
...
000 (391140.014.000) 2024-01-19 14:52:19 Job submitted from host: <172.30.1.200:9618?addrs=172.30.1.200-9618&alias=tamsa2.snu.ac.kr&noUDP&sock=schedd_3625_06e6>
...
040 (391140.014.000) 2024-01-19 14:52:22 Started transferring input files
	Transferring to host: <172.30.1.210:9618?addrs=172.30.1.210-9618&alias=node10&noUDP&sock=slot1_41_3822_b1d4_184669>
...
001 (391140.014.000) 2024-01-19 14:52:22 Job executing on host: <172.30.1.210:9618?addrs=172.30.1.210-9618&alias=node10&noUDP&sock=startd_3788_d4d6>
...
040 (391140.014.000) 2024-01-19 14:52:22 Finished transferring input files
...
006 (391140.014.000) 2024-01-19 14:52:31 Image size of job updated: 186728
	183  -  MemoryUsage of job (MB)
	186728  -  ResidentSetSize of job (KB)
...
006 (391140.014.000) 2024-01-19 14:57:32 Image size of job updated: 874652
	183  -  MemoryUsage of job (MB)
	186728  -  ResidentSetSize of job (KB)
...
006 (391140.014.000) 2024-01-19 14:59:06 Image size of job updated: 876668
	183  -  MemoryUsage of job (MB)
	186728  -  ResidentSetSize of job (KB)
...
040 (391140.014.000) 2024-01-19 14:59:06 Started transferring output files
...
040 (391140.014.000) 2024-01-19 14:59:07 Finished transferring output files
...
005 (391140.014.000) 2024-01-19 14:59:07 Job terminated.
	(1) Normal termination (return value 0)
		Usr 0 00:05:37, Sys 0 00:00:25  -  Run Remote Usage
		Usr 0 00:00:00, Sys 0 00:00:00  -  Run Local Usage
		Usr 0 00:05:37, Sys 0 00:00:25  -  Total Remote Usage
		Usr 0 00:00:00, Sys 0 00:00:00  -  Total Local Usage
	32794784  -  Run Bytes Sent By Job
	183636  -  Run Bytes Received By Job
	32794784  -  Total Bytes Sent By Job
	183636  -  Total Bytes Received By Job
	Partitionable Resources :    Usage  Request Allocated 
	   Cpus                 :     0.99        1         1 
	   Disk (KB)            : 32278         200    128928 
	   Memory (MB)          :   183        3900      3968 

	Job terminated of its own accord at 2024-01-19T05:59:06Z.
...
000 (391145.014.000) 2024-01-19 15:59:26 Job submitted from host: <172.30.1.200:9618?addrs=172.30.1.200-9618&alias=tamsa2.snu.ac.kr&noUDP&sock=schedd_3625_06e6>
...
040 (391145.014.000) 2024-01-19 15:59:28 Started transferring input files
	Transferring to host: <172.30.1.209:9618?addrs=172.30.1.209-9618&alias=node9&noUDP&sock=slot1_39_3782_82d3_179405>
...
040 (391145.014.000) 2024-01-19 15:59:28 Finished transferring input files
...
001 (391145.014.000) 2024-01-19 15:59:28 Job executing on host: <172.30.1.209:9618?addrs=172.30.1.209-9618&alias=node9&noUDP&sock=startd_3748_650d>
...
006 (391145.014.000) 2024-01-19 15:59:36 Image size of job updated: 196160
	158  -  MemoryUsage of job (MB)
	161604  -  ResidentSetSize of job (KB)
...
006 (391145.014.000) 2024-01-19 16:04:36 Image size of job updated: 868396
	204  -  MemoryUsage of job (MB)
	208540  -  ResidentSetSize of job (KB)
...
006 (391145.014.000) 2024-01-19 16:05:48 Image size of job updated: 874304
	204  -  MemoryUsage of job (MB)
	208540  -  ResidentSetSize of job (KB)
...
040 (391145.014.000) 2024-01-19 16:05:48 Started transferring output files
...
040 (391145.014.000) 2024-01-19 16:05:49 Finished transferring output files
...
005 (391145.014.000) 2024-01-19 16:05:49 Job terminated.
	(1) Normal termination (return value 0)
		Usr 0 00:05:15, Sys 0 00:00:19  -  Run Remote Usage
		Usr 0 00:00:00, Sys 0 00:00:00  -  Run Local Usage
		Usr 0 00:05:15, Sys 0 00:00:19  -  Total Remote Usage
		Usr 0 00:00:00, Sys 0 00:00:00  -  Total Local Usage
	31793920  -  Run Bytes Sent By Job
	184262  -  Run Bytes Received By Job
	31793920  -  Total Bytes Sent By Job
	184262  -  Total Bytes Received By Job
	Partitionable Resources :    Usage  Request Allocated 
	   Cpus                 :     0.86        1         1 
	   Disk (KB)            : 31302         200    128928 
	   Memory (MB)          :   204        3900      3968 

	Job terminated of its own accord at 2024-01-19T07:05:48Z.
...
000 (391151.014.000) 2024-01-19 16:45:38 Job submitted from host: <172.30.1.200:9618?addrs=172.30.1.200-9618&alias=tamsa2.snu.ac.kr&noUDP&sock=schedd_3625_06e6>
...
040 (391151.014.000) 2024-01-19 16:45:45 Started transferring input files
	Transferring to host: <172.30.1.210:9618?addrs=172.30.1.210-9618&alias=node10&noUDP&sock=slot1_44_3822_b1d4_184705>
...
001 (391151.014.000) 2024-01-19 16:45:45 Job executing on host: <172.30.1.210:9618?addrs=172.30.1.210-9618&alias=node10&noUDP&sock=startd_3788_d4d6>
...
040 (391151.014.000) 2024-01-19 16:45:45 Finished transferring input files
...
006 (391151.014.000) 2024-01-19 16:45:54 Image size of job updated: 175364
	150  -  MemoryUsage of job (MB)
	153332  -  ResidentSetSize of job (KB)
...
000 (391152.014.000) 2024-01-19 16:46:33 Job submitted from host: <172.30.1.200:9618?addrs=172.30.1.200-9618&alias=tamsa2.snu.ac.kr&noUDP&sock=schedd_3625_06e6>
...
040 (391152.014.000) 2024-01-19 16:46:36 Started transferring input files
	Transferring to host: <172.30.1.103:9618?addrs=172.30.1.103-9618&alias=n3&noUDP&sock=slot1_11_3441_3ee5_36129>
...
040 (391152.014.000) 2024-01-19 16:46:36 Finished transferring input files
...
001 (391152.014.000) 2024-01-19 16:46:36 Job executing on host: <172.30.1.103:9618?addrs=172.30.1.103-9618&alias=n3&noUDP&sock=startd_3407_7f41>
...
006 (391152.014.000) 2024-01-19 16:46:43 Image size of job updated: 561836
	0  -  MemoryUsage of job (MB)
	0  -  ResidentSetSize of job (KB)
...
004 (391152.014.000) 2024-01-19 16:46:43 Job was evicted.
	(0) CPU times
		Usr 0 00:00:00, Sys 0 00:00:00  -  Run Remote Usage
		Usr 0 00:00:00, Sys 0 00:00:00  -  Run Local Usage
	0  -  Run Bytes Sent By Job
	184253  -  Run Bytes Received By Job
	Partitionable Resources :    Usage  Request Allocated 
	   Cpus                 :     0.05        1         1 
	   Disk (KB)            :   236         200     61880 
	   Memory (MB)          :     0        3900      3968 
...
009 (391152.014.000) 2024-01-19 16:46:43 Job was aborted.
	via condor_rm (by user shin)
...
006 (391151.014.000) 2024-01-19 16:47:35 Image size of job updated: 833424
	150  -  MemoryUsage of job (MB)
	153512  -  ResidentSetSize of job (KB)
...
004 (391151.014.000) 2024-01-19 16:47:35 Job was evicted.
	(0) CPU times
		Usr 0 00:01:05, Sys 0 00:00:07  -  Run Remote Usage
		Usr 0 00:00:00, Sys 0 00:00:00  -  Run Local Usage
	0  -  Run Bytes Sent By Job
	184253  -  Run Bytes Received By Job
	Partitionable Resources :    Usage  Request Allocated 
	   Cpus                 :     0.69        1         1 
	   Disk (KB)            :  3322         200    128928 
	   Memory (MB)          :   150        3900      3968 
...
009 (391151.014.000) 2024-01-19 16:47:36 Job was aborted.
	via condor_rm (by user shin)
...
000 (391153.014.000) 2024-01-19 16:47:37 Job submitted from host: <172.30.1.200:9618?addrs=172.30.1.200-9618&alias=tamsa2.snu.ac.kr&noUDP&sock=schedd_3625_06e6>
...
040 (391153.014.000) 2024-01-19 16:47:57 Started transferring input files
	Transferring to host: <172.30.1.210:9618?addrs=172.30.1.210-9618&alias=node10&noUDP&sock=slot1_23_3822_b1d4_184709>
...
040 (391153.014.000) 2024-01-19 16:47:57 Finished transferring input files
...
001 (391153.014.000) 2024-01-19 16:47:58 Job executing on host: <172.30.1.210:9618?addrs=172.30.1.210-9618&alias=node10&noUDP&sock=startd_3788_d4d6>
...
006 (391153.014.000) 2024-01-19 16:48:06 Image size of job updated: 184568
	181  -  MemoryUsage of job (MB)
	184568  -  ResidentSetSize of job (KB)
...
006 (391153.014.000) 2024-01-19 16:50:06 Image size of job updated: 846184
	181  -  MemoryUsage of job (MB)
	184568  -  ResidentSetSize of job (KB)
...
040 (391153.014.000) 2024-01-19 16:50:06 Started transferring output files
...
040 (391153.014.000) 2024-01-19 16:50:06 Finished transferring output files
...
005 (391153.014.000) 2024-01-19 16:50:07 Job terminated.
	(1) Normal termination (return value 0)
		Usr 0 00:01:16, Sys 0 00:00:07  -  Run Remote Usage
		Usr 0 00:00:00, Sys 0 00:00:00  -  Run Local Usage
		Usr 0 00:01:16, Sys 0 00:00:07  -  Total Remote Usage
		Usr 0 00:00:00, Sys 0 00:00:00  -  Total Local Usage
	7470423  -  Run Bytes Sent By Job
	184257  -  Run Bytes Received By Job
	7470423  -  Total Bytes Sent By Job
	184257  -  Total Bytes Received By Job
	Partitionable Resources :    Usage  Request Allocated 
	   Cpus                 :                 1         1 
	   Disk (KB)            :     7543      200    128928 
	   Memory (MB)          :      181     3900      3968 

	Job terminated of its own accord at 2024-01-19T07:50:06Z.
...
000 (391154.014.000) 2024-01-19 16:50:49 Job submitted from host: <172.30.1.200:9618?addrs=172.30.1.200-9618&alias=tamsa2.snu.ac.kr&noUDP&sock=schedd_3625_06e6>
...
040 (391154.014.000) 2024-01-19 16:50:51 Started transferring input files
	Transferring to host: <172.30.1.210:9618?addrs=172.30.1.210-9618&alias=node10&noUDP&sock=slot1_21_3822_b1d4_184715>
...
001 (391154.014.000) 2024-01-19 16:50:51 Job executing on host: <172.30.1.210:9618?addrs=172.30.1.210-9618&alias=node10&noUDP&sock=startd_3788_d4d6>
...
040 (391154.014.000) 2024-01-19 16:50:51 Finished transferring input files
...
006 (391154.014.000) 2024-01-19 16:51:00 Image size of job updated: 387100
	183  -  MemoryUsage of job (MB)
	186732  -  ResidentSetSize of job (KB)
...
006 (391154.014.000) 2024-01-19 16:56:01 Image size of job updated: 868196
	206  -  MemoryUsage of job (MB)
	210012  -  ResidentSetSize of job (KB)
...
006 (391154.014.000) 2024-01-19 16:57:06 Image size of job updated: 871136
	206  -  MemoryUsage of job (MB)
	210012  -  ResidentSetSize of job (KB)
...
040 (391154.014.000) 2024-01-19 16:57:06 Started transferring output files
...
040 (391154.014.000) 2024-01-19 16:57:06 Finished transferring output files
...
005 (391154.014.000) 2024-01-19 16:57:07 Job terminated.
	(1) Normal termination (return value 0)
		Usr 0 00:05:13, Sys 0 00:00:20  -  Run Remote Usage
		Usr 0 00:00:00, Sys 0 00:00:00  -  Run Local Usage
		Usr 0 00:05:13, Sys 0 00:00:20  -  Total Remote Usage
		Usr 0 00:00:00, Sys 0 00:00:00  -  Total Local Usage
	32254292  -  Run Bytes Sent By Job
	184256  -  Run Bytes Received By Job
	32254292  -  Total Bytes Sent By Job
	184256  -  Total Bytes Received By Job
	Partitionable Resources :    Usage  Request Allocated 
	   Cpus                 :     0.86        1         1 
	   Disk (KB)            : 31751         200    128928 
	   Memory (MB)          :   206        3900      3968 

	Job terminated of its own accord at 2024-01-19T07:57:06Z.
...
000 (391155.014.000) 2024-01-19 17:22:15 Job submitted from host: <172.30.1.200:9618?addrs=172.30.1.200-9618&alias=tamsa2.snu.ac.kr&noUDP&sock=schedd_3625_06e6>
...
040 (391155.014.000) 2024-01-19 17:22:18 Started transferring input files
	Transferring to host: <172.30.1.208:9618?addrs=172.30.1.208-9618&alias=node8&noUDP&sock=slot1_47_3811_f1b4_191364>
...
001 (391155.014.000) 2024-01-19 17:22:18 Job executing on host: <172.30.1.208:9618?addrs=172.30.1.208-9618&alias=node8&noUDP&sock=startd_3777_494c>
...
040 (391155.014.000) 2024-01-19 17:22:18 Finished transferring input files
...
006 (391155.014.000) 2024-01-19 17:22:26 Image size of job updated: 237812
	181  -  MemoryUsage of job (MB)
	184592  -  ResidentSetSize of job (KB)
...
006 (391155.014.000) 2024-01-19 17:24:12 Image size of job updated: 846384
	181  -  MemoryUsage of job (MB)
	184592  -  ResidentSetSize of job (KB)
...
040 (391155.014.000) 2024-01-19 17:24:12 Started transferring output files
...
040 (391155.014.000) 2024-01-19 17:24:13 Finished transferring output files
...
005 (391155.014.000) 2024-01-19 17:24:13 Job terminated.
	(1) Normal termination (return value 0)
		Usr 0 00:01:11, Sys 0 00:00:07  -  Run Remote Usage
		Usr 0 00:00:00, Sys 0 00:00:00  -  Run Local Usage
		Usr 0 00:01:11, Sys 0 00:00:07  -  Total Remote Usage
		Usr 0 00:00:00, Sys 0 00:00:00  -  Total Local Usage
	7465407  -  Run Bytes Sent By Job
	186554  -  Run Bytes Received By Job
	7465407  -  Total Bytes Sent By Job
	186554  -  Total Bytes Received By Job
	Partitionable Resources :    Usage  Request Allocated 
	   Cpus                 :                 1         1 
	   Disk (KB)            :     7540      200    128928 
	   Memory (MB)          :      181     3900      3968 

	Job terminated of its own accord at 2024-01-19T08:24:12Z.
...
000 (391156.014.000) 2024-01-19 17:29:00 Job submitted from host: <172.30.1.200:9618?addrs=172.30.1.200-9618&alias=tamsa2.snu.ac.kr&noUDP&sock=schedd_3625_06e6>
...
040 (391156.014.000) 2024-01-19 17:29:03 Started transferring input files
	Transferring to host: <172.30.1.208:9618?addrs=172.30.1.208-9618&alias=node8&noUDP&sock=slot1_46_3811_f1b4_191370>
...
040 (391156.014.000) 2024-01-19 17:29:03 Finished transferring input files
...
001 (391156.014.000) 2024-01-19 17:29:03 Job executing on host: <172.30.1.208:9618?addrs=172.30.1.208-9618&alias=node8&noUDP&sock=startd_3777_494c>
...
006 (391156.014.000) 2024-01-19 17:29:12 Image size of job updated: 600228
	182  -  MemoryUsage of job (MB)
	185716  -  ResidentSetSize of job (KB)
...
006 (391156.014.000) 2024-01-19 17:31:00 Image size of job updated: 835152
	182  -  MemoryUsage of job (MB)
	185716  -  ResidentSetSize of job (KB)
...
040 (391156.014.000) 2024-01-19 17:31:00 Started transferring output files
...
040 (391156.014.000) 2024-01-19 17:31:00 Finished transferring output files
...
005 (391156.014.000) 2024-01-19 17:31:00 Job terminated.
	(1) Normal termination (return value 0)
		Usr 0 00:01:10, Sys 0 00:00:07  -  Run Remote Usage
		Usr 0 00:00:00, Sys 0 00:00:00  -  Run Local Usage
		Usr 0 00:01:10, Sys 0 00:00:07  -  Total Remote Usage
		Usr 0 00:00:00, Sys 0 00:00:00  -  Total Local Usage
	7465407  -  Run Bytes Sent By Job
	186554  -  Run Bytes Received By Job
	7465407  -  Total Bytes Sent By Job
	186554  -  Total Bytes Received By Job
	Partitionable Resources :    Usage  Request Allocated 
	   Cpus                 :     0.56        1         1 
	   Disk (KB)            :  7546         200    128928 
	   Memory (MB)          :   182        3900      3968 

	Job terminated of its own accord at 2024-01-19T08:31:00Z.
...
000 (391161.014.000) 2024-01-19 17:33:03 Job submitted from host: <172.30.1.200:9618?addrs=172.30.1.200-9618&alias=tamsa2.snu.ac.kr&noUDP&sock=schedd_3625_06e6>
...
040 (391161.014.000) 2024-01-19 17:33:05 Started transferring input files
	Transferring to host: <172.30.1.208:9618?addrs=172.30.1.208-9618&alias=node8&noUDP&sock=slot1_46_3811_f1b4_191377>
...
001 (391161.014.000) 2024-01-19 17:33:06 Job executing on host: <172.30.1.208:9618?addrs=172.30.1.208-9618&alias=node8&noUDP&sock=startd_3777_494c>
...
040 (391161.014.000) 2024-01-19 17:33:06 Finished transferring input files
...
006 (391161.014.000) 2024-01-19 17:33:14 Image size of job updated: 647896
	182  -  MemoryUsage of job (MB)
	185388  -  ResidentSetSize of job (KB)
...
006 (391161.014.000) 2024-01-19 17:35:00 Image size of job updated: 845980
	182  -  MemoryUsage of job (MB)
	185388  -  ResidentSetSize of job (KB)
...
040 (391161.014.000) 2024-01-19 17:35:00 Started transferring output files
...
040 (391161.014.000) 2024-01-19 17:35:00 Finished transferring output files
...
005 (391161.014.000) 2024-01-19 17:35:00 Job terminated.
	(1) Normal termination (return value 0)
		Usr 0 00:01:10, Sys 0 00:00:07  -  Run Remote Usage
		Usr 0 00:00:00, Sys 0 00:00:00  -  Run Local Usage
		Usr 0 00:01:10, Sys 0 00:00:07  -  Total Remote Usage
		Usr 0 00:00:00, Sys 0 00:00:00  -  Total Local Usage
	7469647  -  Run Bytes Sent By Job
	186686  -  Run Bytes Received By Job
	7469647  -  Total Bytes Sent By Job
	186686  -  Total Bytes Received By Job
	Partitionable Resources :    Usage  Request Allocated 
	   Cpus                 :                 1         1 
	   Disk (KB)            :     7545      200    128928 
	   Memory (MB)          :      182     3900      3968 

	Job terminated of its own accord at 2024-01-19T08:35:00Z.
...
000 (391162.014.000) 2024-01-19 17:42:17 Job submitted from host: <172.30.1.200:9618?addrs=172.30.1.200-9618&alias=tamsa2.snu.ac.kr&noUDP&sock=schedd_3625_06e6>
...
040 (391162.014.000) 2024-01-19 17:42:28 Started transferring input files
	Transferring to host: <172.30.1.208:9618?addrs=172.30.1.208-9618&alias=node8&noUDP&sock=slot1_45_3811_f1b4_191383>
...
040 (391162.014.000) 2024-01-19 17:42:28 Finished transferring input files
...
001 (391162.014.000) 2024-01-19 17:42:28 Job executing on host: <172.30.1.208:9618?addrs=172.30.1.208-9618&alias=node8&noUDP&sock=startd_3777_494c>
...
006 (391162.014.000) 2024-01-19 17:42:37 Image size of job updated: 186376
	183  -  MemoryUsage of job (MB)
	186376  -  ResidentSetSize of job (KB)
...
006 (391162.014.000) 2024-01-19 17:44:21 Image size of job updated: 846172
	183  -  MemoryUsage of job (MB)
	186376  -  ResidentSetSize of job (KB)
...
040 (391162.014.000) 2024-01-19 17:44:21 Started transferring output files
...
040 (391162.014.000) 2024-01-19 17:44:21 Finished transferring output files
...
005 (391162.014.000) 2024-01-19 17:44:21 Job terminated.
	(1) Normal termination (return value 0)
		Usr 0 00:01:11, Sys 0 00:00:07  -  Run Remote Usage
		Usr 0 00:00:00, Sys 0 00:00:00  -  Run Local Usage
		Usr 0 00:01:11, Sys 0 00:00:07  -  Total Remote Usage
		Usr 0 00:00:00, Sys 0 00:00:00  -  Total Local Usage
	7465015  -  Run Bytes Sent By Job
	187104  -  Run Bytes Received By Job
	7465015  -  Total Bytes Sent By Job
	187104  -  Total Bytes Received By Job
	Partitionable Resources :    Usage  Request Allocated 
	   Cpus                 :                 1         1 
	   Disk (KB)            :     7540      200    128928 
	   Memory (MB)          :      183     3900      3968 

	Job terminated of its own accord at 2024-01-19T08:44:21Z.
...
000 (391163.014.000) 2024-01-19 17:55:43 Job submitted from host: <172.30.1.200:9618?addrs=172.30.1.200-9618&alias=tamsa2.snu.ac.kr&noUDP&sock=schedd_3625_06e6>
...
040 (391163.014.000) 2024-01-19 17:55:56 Started transferring input files
	Transferring to host: <172.30.1.108:9618?addrs=172.30.1.108-9618&alias=n8&noUDP&sock=slot1_23_4128_4ca1_81448>
...
001 (391163.014.000) 2024-01-19 17:55:56 Job executing on host: <172.30.1.108:9618?addrs=172.30.1.108-9618&alias=n8&noUDP&sock=startd_4094_b8d1>
...
040 (391163.014.000) 2024-01-19 17:55:56 Finished transferring input files
...
006 (391163.014.000) 2024-01-19 17:56:04 Image size of job updated: 567204
	148  -  MemoryUsage of job (MB)
	150988  -  ResidentSetSize of job (KB)
...
006 (391163.014.000) 2024-01-19 17:59:44 Image size of job updated: 875440
	148  -  MemoryUsage of job (MB)
	151080  -  ResidentSetSize of job (KB)
...
040 (391163.014.000) 2024-01-19 17:59:44 Started transferring output files
...
040 (391163.014.000) 2024-01-19 17:59:46 Finished transferring output files
...
005 (391163.014.000) 2024-01-19 17:59:46 Job terminated.
	(1) Normal termination (return value 0)
		Usr 0 00:03:13, Sys 0 00:00:11  -  Run Remote Usage
		Usr 0 00:00:00, Sys 0 00:00:00  -  Run Local Usage
		Usr 0 00:03:13, Sys 0 00:00:11  -  Total Remote Usage
		Usr 0 00:00:00, Sys 0 00:00:00  -  Total Local Usage
	33941872  -  Run Bytes Sent By Job
	186100  -  Run Bytes Received By Job
	33941872  -  Total Bytes Sent By Job
	186100  -  Total Bytes Received By Job
	Partitionable Resources :    Usage  Request Allocated 
	   Cpus                 :     0.99        1         1 
	   Disk (KB)            : 33401         200    127849 
	   Memory (MB)          :   148        3900      3968 

	Job terminated of its own accord at 2024-01-19T08:59:44Z.
...
000 (391164.014.000) 2024-01-19 18:03:23 Job submitted from host: <172.30.1.200:9618?addrs=172.30.1.200-9618&alias=tamsa2.snu.ac.kr&noUDP&sock=schedd_3625_06e6>
...
040 (391164.014.000) 2024-01-19 18:03:38 Started transferring input files
	Transferring to host: <172.30.1.107:9618?addrs=172.30.1.107-9618&alias=n7&noUDP&sock=slot1_17_4166_12e2_53814>
...
001 (391164.014.000) 2024-01-19 18:03:38 Job executing on host: <172.30.1.107:9618?addrs=172.30.1.107-9618&alias=n7&noUDP&sock=startd_4132_c96b>
...
040 (391164.014.000) 2024-01-19 18:03:38 Finished transferring input files
...
006 (391164.014.000) 2024-01-19 18:03:47 Image size of job updated: 139088
	74  -  MemoryUsage of job (MB)
	75460  -  ResidentSetSize of job (KB)
...
006 (391164.014.000) 2024-01-19 18:08:08 Image size of job updated: 873268
	74  -  MemoryUsage of job (MB)
	75460  -  ResidentSetSize of job (KB)
...
040 (391164.014.000) 2024-01-19 18:08:08 Started transferring output files
...
040 (391164.014.000) 2024-01-19 18:08:11 Finished transferring output files
...
005 (391164.014.000) 2024-01-19 18:08:11 Job terminated.
	(1) Normal termination (return value 0)
		Usr 0 00:03:52, Sys 0 00:00:13  -  Run Remote Usage
		Usr 0 00:00:00, Sys 0 00:00:00  -  Run Local Usage
		Usr 0 00:03:52, Sys 0 00:00:13  -  Total Remote Usage
		Usr 0 00:00:00, Sys 0 00:00:00  -  Total Local Usage
	50426736  -  Run Bytes Sent By Job
	186386  -  Run Bytes Received By Job
	50426736  -  Total Bytes Sent By Job
	186386  -  Total Bytes Received By Job
	Partitionable Resources :    Usage  Request Allocated 
	   Cpus                 :     1.00        1         1 
	   Disk (KB)            : 49500         200    127849 
	   Memory (MB)          :    74        3900      3968 

	Job terminated of its own accord at 2024-01-19T09:08:08Z.
...
000 (391165.014.000) 2024-01-19 22:41:31 Job submitted from host: <172.30.1.200:9618?addrs=172.30.1.200-9618&alias=tamsa2.snu.ac.kr&noUDP&sock=schedd_3625_06e6>
...
040 (391165.014.000) 2024-01-19 22:41:34 Started transferring input files
	Transferring to host: <172.30.1.204:9618?addrs=172.30.1.204-9618&alias=node4&noUDP&sock=slot1_20_3725_5971_203494>
...
040 (391165.014.000) 2024-01-19 22:41:34 Finished transferring input files
...
001 (391165.014.000) 2024-01-19 22:41:34 Job executing on host: <172.30.1.204:9618?addrs=172.30.1.204-9618&alias=node4&noUDP&sock=startd_3691_4c27>
...
006 (391165.014.000) 2024-01-19 22:41:43 Image size of job updated: 139604
	65  -  MemoryUsage of job (MB)
	65708  -  ResidentSetSize of job (KB)
...
006 (391165.014.000) 2024-01-19 22:43:34 Image size of job updated: 846580
	65  -  MemoryUsage of job (MB)
	65708  -  ResidentSetSize of job (KB)
...
040 (391165.014.000) 2024-01-19 22:43:34 Started transferring output files
...
040 (391165.014.000) 2024-01-19 22:43:35 Finished transferring output files
...
005 (391165.014.000) 2024-01-19 22:43:35 Job terminated.
	(1) Normal termination (return value 0)
		Usr 0 00:01:07, Sys 0 00:00:06  -  Run Remote Usage
		Usr 0 00:00:00, Sys 0 00:00:00  -  Run Local Usage
		Usr 0 00:01:07, Sys 0 00:00:06  -  Total Remote Usage
		Usr 0 00:00:00, Sys 0 00:00:00  -  Total Local Usage
	7473695  -  Run Bytes Sent By Job
	185908  -  Run Bytes Received By Job
	7473695  -  Total Bytes Sent By Job
	185908  -  Total Bytes Received By Job
	Partitionable Resources :    Usage  Request Allocated 
	   Cpus                 :     0.05        1         1 
	   Disk (KB)            :  7554         200    128928 
	   Memory (MB)          :    65        3900      3968 

	Job terminated of its own accord at 2024-01-19T13:43:34Z.
...
000 (391166.014.000) 2024-01-19 22:44:51 Job submitted from host: <172.30.1.200:9618?addrs=172.30.1.200-9618&alias=tamsa2.snu.ac.kr&noUDP&sock=schedd_3625_06e6>
...
040 (391166.014.000) 2024-01-19 22:44:59 Started transferring input files
	Transferring to host: <172.30.1.204:9618?addrs=172.30.1.204-9618&alias=node4&noUDP&sock=slot1_20_3725_5971_203520>
...
001 (391166.014.000) 2024-01-19 22:44:59 Job executing on host: <172.30.1.204:9618?addrs=172.30.1.204-9618&alias=node4&noUDP&sock=startd_3691_4c27>
...
040 (391166.014.000) 2024-01-19 22:44:59 Finished transferring input files
...
006 (391166.014.000) 2024-01-19 22:45:07 Image size of job updated: 150040
	147  -  MemoryUsage of job (MB)
	150040  -  ResidentSetSize of job (KB)
...
006 (391166.014.000) 2024-01-19 22:50:07 Image size of job updated: 871468
	209  -  MemoryUsage of job (MB)
	213408  -  ResidentSetSize of job (KB)
...
040 (391166.014.000) 2024-01-19 22:50:22 Started transferring output files
...
040 (391166.014.000) 2024-01-19 22:50:24 Finished transferring output files
...
005 (391166.014.000) 2024-01-19 22:50:25 Job terminated.
	(1) Normal termination (return value 0)
		Usr 0 00:04:54, Sys 0 00:00:15  -  Run Remote Usage
		Usr 0 00:00:00, Sys 0 00:00:00  -  Run Local Usage
		Usr 0 00:04:54, Sys 0 00:00:15  -  Total Remote Usage
		Usr 0 00:00:00, Sys 0 00:00:00  -  Total Local Usage
	32211630  -  Run Bytes Sent By Job
	185911  -  Run Bytes Received By Job
	32211630  -  Total Bytes Sent By Job
	185911  -  Total Bytes Received By Job
	Partitionable Resources :    Usage  Request Allocated 
	   Cpus                 :     0.98        1         1 
	   Disk (KB)            : 31712         200    128928 
	   Memory (MB)          :   209        3900      3968 

	Job terminated of its own accord at 2024-01-19T13:50:22Z.
...
000 (391167.014.000) 2024-01-19 22:57:44 Job submitted from host: <172.30.1.200:9618?addrs=172.30.1.200-9618&alias=tamsa2.snu.ac.kr&noUDP&sock=schedd_3625_06e6>
...
040 (391167.014.000) 2024-01-19 22:57:46 Started transferring input files
	Transferring to host: <172.30.1.204:9618?addrs=172.30.1.204-9618&alias=node4&noUDP&sock=slot1_22_3725_5971_203548>
...
001 (391167.014.000) 2024-01-19 22:57:47 Job executing on host: <172.30.1.204:9618?addrs=172.30.1.204-9618&alias=node4&noUDP&sock=startd_3691_4c27>
...
040 (391167.014.000) 2024-01-19 22:57:47 Finished transferring input files
...
006 (391167.014.000) 2024-01-19 22:57:55 Image size of job updated: 139344
	68  -  MemoryUsage of job (MB)
	69436  -  ResidentSetSize of job (KB)
...
006 (391167.014.000) 2024-01-19 23:02:55 Image size of job updated: 878636
	210  -  MemoryUsage of job (MB)
	214976  -  ResidentSetSize of job (KB)
...
006 (391167.014.000) 2024-01-19 23:03:03 Image size of job updated: 878636
	212  -  MemoryUsage of job (MB)
	216604  -  ResidentSetSize of job (KB)
...
040 (391167.014.000) 2024-01-19 23:03:03 Started transferring output files
...
040 (391167.014.000) 2024-01-19 23:03:03 Finished transferring output files
...
005 (391167.014.000) 2024-01-19 23:03:03 Job terminated.
	(1) Normal termination (return value 0)
		Usr 0 00:04:44, Sys 0 00:00:16  -  Run Remote Usage
		Usr 0 00:00:00, Sys 0 00:00:00  -  Run Local Usage
		Usr 0 00:04:44, Sys 0 00:00:16  -  Total Remote Usage
		Usr 0 00:00:00, Sys 0 00:00:00  -  Total Local Usage
	32215416  -  Run Bytes Sent By Job
	185911  -  Run Bytes Received By Job
	32215416  -  Total Bytes Sent By Job
	185911  -  Total Bytes Received By Job
	Partitionable Resources :    Usage  Request Allocated 
	   Cpus                 :     1.00        1         1 
	   Disk (KB)            : 31715         200    128928 
	   Memory (MB)          :   212        3900      3968 

	Job terminated of its own accord at 2024-01-19T14:03:03Z.
...
000 (391343.014.000) 2024-01-22 10:59:17 Job submitted from host: <172.30.1.200:9618?addrs=172.30.1.200-9618&alias=tamsa2.snu.ac.kr&noUDP&sock=schedd_3625_06e6>
...
040 (391343.014.000) 2024-01-22 10:59:23 Started transferring input files
	Transferring to host: <172.30.1.216:9618?addrs=172.30.1.216-9618&alias=node16&noUDP&sock=slot1_23_4290_7168_332792>
...
040 (391343.014.000) 2024-01-22 10:59:23 Finished transferring input files
...
001 (391343.014.000) 2024-01-22 10:59:23 Job executing on host: <172.30.1.216:9618?addrs=172.30.1.216-9618&alias=node16&noUDP&sock=startd_4255_2791>
...
006 (391343.014.000) 2024-01-22 10:59:31 Image size of job updated: 1288
	1  -  MemoryUsage of job (MB)
	88  -  ResidentSetSize of job (KB)
...
006 (391343.014.000) 2024-01-22 11:04:31 Image size of job updated: 960368
	284  -  MemoryUsage of job (MB)
	289836  -  ResidentSetSize of job (KB)
...
006 (391343.014.000) 2024-01-22 11:09:32 Image size of job updated: 967120
	293  -  MemoryUsage of job (MB)
	299248  -  ResidentSetSize of job (KB)
...
040 (391343.014.000) 2024-01-22 11:19:23 Started transferring output files
...
040 (391343.014.000) 2024-01-22 11:19:24 Finished transferring output files
...
005 (391343.014.000) 2024-01-22 11:19:24 Job terminated.
	(1) Normal termination (return value 0)
		Usr 0 00:18:09, Sys 0 00:00:54  -  Run Remote Usage
		Usr 0 00:00:00, Sys 0 00:00:00  -  Run Local Usage
		Usr 0 00:18:09, Sys 0 00:00:54  -  Total Remote Usage
		Usr 0 00:00:00, Sys 0 00:00:00  -  Total Local Usage
	30686638  -  Run Bytes Sent By Job
	185924  -  Run Bytes Received By Job
	30686638  -  Total Bytes Sent By Job
	185924  -  Total Bytes Received By Job
	Partitionable Resources :    Usage  Request Allocated 
	   Cpus                 :     1.00        1         1 
	   Disk (KB)            : 30222         200    261111 
	   Memory (MB)          :   293        3900      3968 

	Job terminated of its own accord at 2024-01-22T02:19:23Z.
...
000 (391348.014.000) 2024-01-22 12:29:14 Job submitted from host: <172.30.1.200:9618?addrs=172.30.1.200-9618&alias=tamsa2.snu.ac.kr&noUDP&sock=schedd_3625_06e6>
...
040 (391348.014.000) 2024-01-22 12:29:18 Started transferring input files
	Transferring to host: <172.30.1.216:9618?addrs=172.30.1.216-9618&alias=node16&noUDP&sock=slot1_15_4290_7168_332828>
...
040 (391348.014.000) 2024-01-22 12:29:18 Finished transferring input files
...
001 (391348.014.000) 2024-01-22 12:29:18 Job executing on host: <172.30.1.216:9618?addrs=172.30.1.216-9618&alias=node16&noUDP&sock=startd_4255_2791>
...
006 (391348.014.000) 2024-01-22 12:29:26 Image size of job updated: 139344
	5  -  MemoryUsage of job (MB)
	4956  -  ResidentSetSize of job (KB)
...
006 (391348.014.000) 2024-01-22 12:34:26 Image size of job updated: 967488
	78  -  MemoryUsage of job (MB)
	79832  -  ResidentSetSize of job (KB)
...
006 (391348.014.000) 2024-01-22 12:39:27 Image size of job updated: 967488
	226  -  MemoryUsage of job (MB)
	230412  -  ResidentSetSize of job (KB)
...
006 (391348.014.000) 2024-01-22 12:44:28 Image size of job updated: 967488
	236  -  MemoryUsage of job (MB)
	241632  -  ResidentSetSize of job (KB)
...
006 (391348.014.000) 2024-01-22 12:48:08 Image size of job updated: 967488
	236  -  MemoryUsage of job (MB)
	241652  -  ResidentSetSize of job (KB)
...
040 (391348.014.000) 2024-01-22 12:48:08 Started transferring output files
...
040 (391348.014.000) 2024-01-22 12:48:08 Finished transferring output files
...
005 (391348.014.000) 2024-01-22 12:48:08 Job terminated.
	(1) Normal termination (return value 0)
		Usr 0 00:17:24, Sys 0 00:00:52  -  Run Remote Usage
		Usr 0 00:00:00, Sys 0 00:00:00  -  Run Local Usage
		Usr 0 00:17:24, Sys 0 00:00:52  -  Total Remote Usage
		Usr 0 00:00:00, Sys 0 00:00:00  -  Total Local Usage
	30682424  -  Run Bytes Sent By Job
	186484  -  Run Bytes Received By Job
	30682424  -  Total Bytes Sent By Job
	186484  -  Total Bytes Received By Job
	Partitionable Resources :    Usage  Request Allocated 
	   Cpus                 :     1.01        1         1 
	   Disk (KB)            : 30219         200    261111 
	   Memory (MB)          :   236        3900      3968 

	Job terminated of its own accord at 2024-01-22T03:48:08Z.
...
000 (391350.014.000) 2024-01-22 13:01:44 Job submitted from host: <172.30.1.200:9618?addrs=172.30.1.200-9618&alias=tamsa2.snu.ac.kr&noUDP&sock=schedd_3625_06e6>
...
040 (391350.014.000) 2024-01-22 13:02:00 Started transferring input files
	Transferring to host: <172.30.1.216:9618?addrs=172.30.1.216-9618&alias=node16&noUDP&sock=slot1_15_4290_7168_332868>
...
040 (391350.014.000) 2024-01-22 13:02:00 Finished transferring input files
...
001 (391350.014.000) 2024-01-22 13:02:00 Job executing on host: <172.30.1.216:9618?addrs=172.30.1.216-9618&alias=node16&noUDP&sock=startd_4255_2791>
...
006 (391350.014.000) 2024-01-22 13:02:09 Image size of job updated: 139088
	5  -  MemoryUsage of job (MB)
	4952  -  ResidentSetSize of job (KB)
...
006 (391350.014.000) 2024-01-22 13:07:09 Image size of job updated: 951352
	293  -  MemoryUsage of job (MB)
	299268  -  ResidentSetSize of job (KB)
...
006 (391350.014.000) 2024-01-22 13:12:09 Image size of job updated: 966988
	293  -  MemoryUsage of job (MB)
	299268  -  ResidentSetSize of job (KB)
...
040 (391350.014.000) 2024-01-22 13:22:32 Started transferring output files
...
040 (391350.014.000) 2024-01-22 13:22:33 Finished transferring output files
...
005 (391350.014.000) 2024-01-22 13:22:33 Job terminated.
	(1) Normal termination (return value 0)
		Usr 0 00:19:04, Sys 0 00:00:52  -  Run Remote Usage
		Usr 0 00:00:00, Sys 0 00:00:00  -  Run Local Usage
		Usr 0 00:19:04, Sys 0 00:00:52  -  Total Remote Usage
		Usr 0 00:00:00, Sys 0 00:00:00  -  Total Local Usage
	30689054  -  Run Bytes Sent By Job
	186577  -  Run Bytes Received By Job
	30689054  -  Total Bytes Sent By Job
	186577  -  Total Bytes Received By Job
	Partitionable Resources :    Usage  Request Allocated 
	   Cpus                 :     1.00        1         1 
	   Disk (KB)            : 30225         200    261111 
	   Memory (MB)          :   293        3900      3968 

	Job terminated of its own accord at 2024-01-22T04:22:32Z.
...
000 (391361.014.000) 2024-01-22 13:44:17 Job submitted from host: <172.30.1.200:9618?addrs=172.30.1.200-9618&alias=tamsa2.snu.ac.kr&noUDP&sock=schedd_3625_06e6>
...
040 (391361.014.000) 2024-01-22 13:44:29 Started transferring input files
	Transferring to host: <172.30.1.216:9618?addrs=172.30.1.216-9618&alias=node16&noUDP&sock=slot1_38_4290_7168_332998>
...
040 (391361.014.000) 2024-01-22 13:44:29 Finished transferring input files
...
001 (391361.014.000) 2024-01-22 13:44:29 Job executing on host: <172.30.1.216:9618?addrs=172.30.1.216-9618&alias=node16&noUDP&sock=startd_4255_2791>
...
006 (391361.014.000) 2024-01-22 13:44:37 Image size of job updated: 139344
	5  -  MemoryUsage of job (MB)
	4960  -  ResidentSetSize of job (KB)
...
006 (391361.014.000) 2024-01-22 13:48:19 Image size of job updated: 868724
	5  -  MemoryUsage of job (MB)
	4960  -  ResidentSetSize of job (KB)
...
040 (391361.014.000) 2024-01-22 13:48:19 Started transferring output files
...
040 (391361.014.000) 2024-01-22 13:48:21 Finished transferring output files
...
005 (391361.014.000) 2024-01-22 13:48:22 Job terminated.
	(1) Normal termination (return value 0)
		Usr 0 00:03:14, Sys 0 00:00:14  -  Run Remote Usage
		Usr 0 00:00:00, Sys 0 00:00:00  -  Run Local Usage
		Usr 0 00:03:14, Sys 0 00:00:14  -  Total Remote Usage
		Usr 0 00:00:00, Sys 0 00:00:00  -  Total Local Usage
	30930568  -  Run Bytes Sent By Job
	191813  -  Run Bytes Received By Job
	30930568  -  Total Bytes Sent By Job
	191813  -  Total Bytes Received By Job
	Partitionable Resources :    Usage  Request Allocated 
	   Cpus                 :     0.98        1         1 
	   Disk (KB)            : 30469         200    261111 
	   Memory (MB)          :     5        3900      3968 

	Job terminated of its own accord at 2024-01-22T04:48:19Z.
...
000 (391362.014.000) 2024-01-22 13:50:58 Job submitted from host: <172.30.1.200:9618?addrs=172.30.1.200-9618&alias=tamsa2.snu.ac.kr&noUDP&sock=schedd_3625_06e6>
...
040 (391362.014.000) 2024-01-22 13:51:03 Started transferring input files
	Transferring to host: <172.30.1.216:9618?addrs=172.30.1.216-9618&alias=node16&noUDP&sock=slot1_31_4290_7168_333047>
...
040 (391362.014.000) 2024-01-22 13:51:03 Finished transferring input files
...
001 (391362.014.000) 2024-01-22 13:51:03 Job executing on host: <172.30.1.216:9618?addrs=172.30.1.216-9618&alias=node16&noUDP&sock=startd_4255_2791>
...
006 (391362.014.000) 2024-01-22 13:51:12 Image size of job updated: 139088
	5  -  MemoryUsage of job (MB)
	4960  -  ResidentSetSize of job (KB)
...
006 (391362.014.000) 2024-01-22 13:56:13 Image size of job updated: 952864
	267  -  MemoryUsage of job (MB)
	273164  -  ResidentSetSize of job (KB)
...
006 (391362.014.000) 2024-01-22 14:01:14 Image size of job updated: 969304
	267  -  MemoryUsage of job (MB)
	273164  -  ResidentSetSize of job (KB)
...
006 (391362.014.000) 2024-01-22 14:11:14 Image size of job updated: 969304
	275  -  MemoryUsage of job (MB)
	281568  -  ResidentSetSize of job (KB)
...
040 (391362.014.000) 2024-01-22 14:13:56 Started transferring output files
...
040 (391362.014.000) 2024-01-22 14:13:57 Finished transferring output files
...
005 (391362.014.000) 2024-01-22 14:13:57 Job terminated.
	(1) Normal termination (return value 0)
		Usr 0 00:20:14, Sys 0 00:01:03  -  Run Remote Usage
		Usr 0 00:00:00, Sys 0 00:00:00  -  Run Local Usage
		Usr 0 00:20:14, Sys 0 00:01:03  -  Total Remote Usage
		Usr 0 00:00:00, Sys 0 00:00:00  -  Total Local Usage
	30730456  -  Run Bytes Sent By Job
	191814  -  Run Bytes Received By Job
	30730456  -  Total Bytes Sent By Job
	191814  -  Total Bytes Received By Job
	Partitionable Resources :    Usage  Request Allocated 
	   Cpus                 :     1.00        1         1 
	   Disk (KB)            : 30273         200    261111 
	   Memory (MB)          :   275        3900      3968 

	Job terminated of its own accord at 2024-01-22T05:13:56Z.
...
000 (391496.014.000) 2024-01-22 14:58:10 Job submitted from host: <172.30.1.200:9618?addrs=172.30.1.200-9618&alias=tamsa2.snu.ac.kr&noUDP&sock=schedd_3625_06e6>
...
040 (391496.014.000) 2024-01-22 14:58:18 Started transferring input files
	Transferring to host: <172.30.1.216:9618?addrs=172.30.1.216-9618&alias=node16&noUDP&sock=slot1_25_4290_7168_333205>
...
040 (391496.014.000) 2024-01-22 14:58:18 Finished transferring input files
...
001 (391496.014.000) 2024-01-22 14:58:18 Job executing on host: <172.30.1.216:9618?addrs=172.30.1.216-9618&alias=node16&noUDP&sock=startd_4255_2791>
...
006 (391496.014.000) 2024-01-22 14:58:26 Image size of job updated: 139604
	5  -  MemoryUsage of job (MB)
	4960  -  ResidentSetSize of job (KB)
...
006 (391496.014.000) 2024-01-22 15:03:26 Image size of job updated: 969204
	256  -  MemoryUsage of job (MB)
	261536  -  ResidentSetSize of job (KB)
...
006 (391496.014.000) 2024-01-22 15:13:27 Image size of job updated: 969204
	257  -  MemoryUsage of job (MB)
	262804  -  ResidentSetSize of job (KB)
...
006 (391496.014.000) 2024-01-22 15:18:27 Image size of job updated: 969740
	257  -  MemoryUsage of job (MB)
	262804  -  ResidentSetSize of job (KB)
...
006 (391496.014.000) 2024-01-22 15:23:28 Image size of job updated: 969740
	265  -  MemoryUsage of job (MB)
	270828  -  ResidentSetSize of job (KB)
...
040 (391496.014.000) 2024-01-22 15:24:38 Started transferring output files
...
040 (391496.014.000) 2024-01-22 15:24:39 Finished transferring output files
...
005 (391496.014.000) 2024-01-22 15:24:39 Job terminated.
	(1) Normal termination (return value 0)
		Usr 0 00:24:19, Sys 0 00:01:13  -  Run Remote Usage
		Usr 0 00:00:00, Sys 0 00:00:00  -  Run Local Usage
		Usr 0 00:24:19, Sys 0 00:01:13  -  Total Remote Usage
		Usr 0 00:00:00, Sys 0 00:00:00  -  Total Local Usage
	30724024  -  Run Bytes Sent By Job
	191814  -  Run Bytes Received By Job
	30724024  -  Total Bytes Sent By Job
	191814  -  Total Bytes Received By Job
	Partitionable Resources :    Usage  Request Allocated 
	   Cpus                 :     0.96        1         1 
	   Disk (KB)            : 30267         200    261111 
	   Memory (MB)          :   265        3900      3968 

	Job terminated of its own accord at 2024-01-22T06:24:38Z.
...
000 (391511.014.000) 2024-01-22 15:59:41 Job submitted from host: <172.30.1.200:9618?addrs=172.30.1.200-9618&alias=tamsa2.snu.ac.kr&noUDP&sock=schedd_3625_06e6>
...
040 (391511.014.000) 2024-01-22 15:59:52 Started transferring input files
	Transferring to host: <172.30.1.214:9618?addrs=172.30.1.214-9618&alias=node14&noUDP&sock=slot1_38_4480_50af_235840>
...
040 (391511.014.000) 2024-01-22 15:59:52 Finished transferring input files
...
001 (391511.014.000) 2024-01-22 15:59:52 Job executing on host: <172.30.1.214:9618?addrs=172.30.1.214-9618&alias=node14&noUDP&sock=startd_4446_2a28>
...
006 (391511.014.000) 2024-01-22 16:00:01 Image size of job updated: 139604
	5  -  MemoryUsage of job (MB)
	4960  -  ResidentSetSize of job (KB)
...
006 (391511.014.000) 2024-01-22 16:05:02 Image size of job updated: 963148
	246  -  MemoryUsage of job (MB)
	251368  -  ResidentSetSize of job (KB)
...
006 (391511.014.000) 2024-01-22 16:10:02 Image size of job updated: 969796
	296  -  MemoryUsage of job (MB)
	302460  -  ResidentSetSize of job (KB)
...
006 (391511.014.000) 2024-01-22 16:24:22 Image size of job updated: 970104
	296  -  MemoryUsage of job (MB)
	302460  -  ResidentSetSize of job (KB)
...
040 (391511.014.000) 2024-01-22 16:24:22 Started transferring output files
...
040 (391511.014.000) 2024-01-22 16:24:23 Finished transferring output files
...
005 (391511.014.000) 2024-01-22 16:24:23 Job terminated.
	(1) Normal termination (return value 0)
		Usr 0 00:22:42, Sys 0 00:01:11  -  Run Remote Usage
		Usr 0 00:00:00, Sys 0 00:00:00  -  Run Local Usage
		Usr 0 00:22:42, Sys 0 00:01:11  -  Total Remote Usage
		Usr 0 00:00:00, Sys 0 00:00:00  -  Total Local Usage
	30767552  -  Run Bytes Sent By Job
	191824  -  Run Bytes Received By Job
	30767552  -  Total Bytes Sent By Job
	191824  -  Total Bytes Received By Job
	Partitionable Resources :    Usage  Request Allocated 
	   Cpus                 :     1.02        1         1 
	   Disk (KB)            : 30309         200    261111 
	   Memory (MB)          :   296        3900      3968 

	Job terminated of its own accord at 2024-01-22T07:24:22Z.
...
000 (391574.014.000) 2024-01-22 23:14:59 Job submitted from host: <172.30.1.200:9618?addrs=172.30.1.200-9618&alias=tamsa2.snu.ac.kr&noUDP&sock=schedd_3625_06e6>
...
040 (391574.014.000) 2024-01-22 23:15:05 Started transferring input files
	Transferring to host: <172.30.1.216:9618?addrs=172.30.1.216-9618&alias=node16&noUDP&sock=slot1_23_4290_7168_334240>
...
040 (391574.014.000) 2024-01-22 23:15:05 Finished transferring input files
...
001 (391574.014.000) 2024-01-22 23:15:05 Job executing on host: <172.30.1.216:9618?addrs=172.30.1.216-9618&alias=node16&noUDP&sock=startd_4255_2791>
...
006 (391574.014.000) 2024-01-22 23:15:13 Image size of job updated: 139472
	5  -  MemoryUsage of job (MB)
	4956  -  ResidentSetSize of job (KB)
...
006 (391574.014.000) 2024-01-22 23:20:13 Image size of job updated: 953232
	295  -  MemoryUsage of job (MB)
	301084  -  ResidentSetSize of job (KB)
...
006 (391574.014.000) 2024-01-22 23:25:14 Image size of job updated: 969412
	295  -  MemoryUsage of job (MB)
	301084  -  ResidentSetSize of job (KB)
...
006 (391574.014.000) 2024-01-22 23:30:14 Image size of job updated: 969924
	295  -  MemoryUsage of job (MB)
	301084  -  ResidentSetSize of job (KB)
...
004 (391574.014.000) 2024-01-22 23:35:24 Job was evicted.
	(0) CPU times
		Usr 0 00:18:36, Sys 0 00:00:57  -  Run Remote Usage
		Usr 0 00:00:00, Sys 0 00:00:00  -  Run Local Usage
	0  -  Run Bytes Sent By Job
	191685  -  Run Bytes Received By Job
	Partitionable Resources :    Usage  Request Allocated 
	   Cpus                 :     1.00        1         1 
	   Disk (KB)            : 12816         200    261111 
	   Memory (MB)          :   295        3900      3968 
...
009 (391574.014.000) 2024-01-22 23:35:24 Job was aborted.
	via condor_rm (by user shin)
...
000 (391577.014.000) 2024-01-22 23:35:26 Job submitted from host: <172.30.1.200:9618?addrs=172.30.1.200-9618&alias=tamsa2.snu.ac.kr&noUDP&sock=schedd_3625_06e6>
...
040 (391577.014.000) 2024-01-22 23:35:34 Started transferring input files
	Transferring to host: <172.30.1.216:9618?addrs=172.30.1.216-9618&alias=node16&noUDP&sock=slot1_15_4290_7168_334292>
...
040 (391577.014.000) 2024-01-22 23:35:34 Finished transferring input files
...
001 (391577.014.000) 2024-01-22 23:35:34 Job executing on host: <172.30.1.216:9618?addrs=172.30.1.216-9618&alias=node16&noUDP&sock=startd_4255_2791>
...
006 (391577.014.000) 2024-01-22 23:35:44 Image size of job updated: 139344
	5  -  MemoryUsage of job (MB)
	4964  -  ResidentSetSize of job (KB)
...
006 (391577.014.000) 2024-01-22 23:40:44 Image size of job updated: 963148
	257  -  MemoryUsage of job (MB)
	263040  -  ResidentSetSize of job (KB)
...
006 (391577.014.000) 2024-01-22 23:45:44 Image size of job updated: 969824
	257  -  MemoryUsage of job (MB)
	263040  -  ResidentSetSize of job (KB)
...
006 (391577.014.000) 2024-01-22 23:50:45 Image size of job updated: 969824
	265  -  MemoryUsage of job (MB)
	271300  -  ResidentSetSize of job (KB)
...
006 (391577.014.000) 2024-01-23 00:00:46 Image size of job updated: 970048
	295  -  MemoryUsage of job (MB)
	301084  -  ResidentSetSize of job (KB)
...
040 (391577.014.000) 2024-01-23 00:01:02 Started transferring output files
...
040 (391577.014.000) 2024-01-23 00:01:03 Finished transferring output files
...
005 (391577.014.000) 2024-01-23 00:01:03 Job terminated.
	(1) Normal termination (return value 0)
		Usr 0 00:23:50, Sys 0 00:01:16  -  Run Remote Usage
		Usr 0 00:00:00, Sys 0 00:00:00  -  Run Local Usage
		Usr 0 00:23:50, Sys 0 00:01:16  -  Total Remote Usage
		Usr 0 00:00:00, Sys 0 00:00:00  -  Total Local Usage
	30751052  -  Run Bytes Sent By Job
	191687  -  Run Bytes Received By Job
	30751052  -  Total Bytes Sent By Job
	191687  -  Total Bytes Received By Job
	Partitionable Resources :    Usage  Request Allocated 
	   Cpus                 :     1.00        1         1 
	   Disk (KB)            : 30293         200    261111 
	   Memory (MB)          :   295        3900      3968 

	Job terminated of its own accord at 2024-01-22T15:01:02Z.
...
000 (391582.014.000) 2024-01-23 10:33:34 Job submitted from host: <172.30.1.200:9618?addrs=172.30.1.200-9618&alias=tamsa2.snu.ac.kr&noUDP&sock=schedd_3625_06e6>
...
040 (391582.014.000) 2024-01-23 10:33:40 Started transferring input files
	Transferring to host: <172.30.1.216:9618?addrs=172.30.1.216-9618&alias=node16&noUDP&sock=slot1_23_4290_7168_337540>
...
040 (391582.014.000) 2024-01-23 10:33:40 Finished transferring input files
...
001 (391582.014.000) 2024-01-23 10:33:40 Job executing on host: <172.30.1.216:9618?addrs=172.30.1.216-9618&alias=node16&noUDP&sock=startd_4255_2791>
...
006 (391582.014.000) 2024-01-23 10:33:49 Image size of job updated: 4700
	5  -  MemoryUsage of job (MB)
	4700  -  ResidentSetSize of job (KB)
...
006 (391582.014.000) 2024-01-23 10:38:50 Image size of job updated: 953892
	285  -  MemoryUsage of job (MB)
	291320  -  ResidentSetSize of job (KB)
...
006 (391582.014.000) 2024-01-23 10:48:51 Image size of job updated: 963064
	285  -  MemoryUsage of job (MB)
	291320  -  ResidentSetSize of job (KB)
...
006 (391582.014.000) 2024-01-23 10:53:51 Image size of job updated: 965816
	304  -  MemoryUsage of job (MB)
	310772  -  ResidentSetSize of job (KB)
...
040 (391582.014.000) 2024-01-23 10:53:56 Started transferring output files
...
040 (391582.014.000) 2024-01-23 10:53:57 Finished transferring output files
...
005 (391582.014.000) 2024-01-23 10:53:57 Job terminated.
	(1) Normal termination (return value 0)
		Usr 0 00:18:27, Sys 0 00:00:57  -  Run Remote Usage
		Usr 0 00:00:00, Sys 0 00:00:00  -  Run Local Usage
		Usr 0 00:18:27, Sys 0 00:00:57  -  Total Remote Usage
		Usr 0 00:00:00, Sys 0 00:00:00  -  Total Local Usage
	30749854  -  Run Bytes Sent By Job
	191687  -  Run Bytes Received By Job
	30749854  -  Total Bytes Sent By Job
	191687  -  Total Bytes Received By Job
	Partitionable Resources :    Usage  Request Allocated 
	   Cpus                 :     1.00        1         1 
	   Disk (KB)            : 30292         200    261111 
	   Memory (MB)          :   304        3900      3968 

	Job terminated of its own accord at 2024-01-23T01:53:56Z.
...
