000 (390874.005.000) 2024-01-18 20:28:10 Job submitted from host: <172.30.1.200:9618?addrs=172.30.1.200-9618&alias=tamsa2.snu.ac.kr&noUDP&sock=schedd_3625_06e6>
...
040 (390874.005.000) 2024-01-18 20:28:23 Started transferring input files
	Transferring to host: <172.30.1.213:9618?addrs=172.30.1.213-9618&alias=node13&noUDP&sock=slot1_46_4363_e0ca_274556>
...
001 (390874.005.000) 2024-01-18 20:28:23 Job executing on host: <172.30.1.213:9618?addrs=172.30.1.213-9618&alias=node13&noUDP&sock=startd_4329_e993>
...
040 (390874.005.000) 2024-01-18 20:28:23 Finished transferring input files
...
006 (390874.005.000) 2024-01-18 20:28:32 Image size of job updated: 152880
	36  -  MemoryUsage of job (MB)
	36796  -  ResidentSetSize of job (KB)
...
006 (390874.005.000) 2024-01-18 20:30:33 Image size of job updated: 846492
	36  -  MemoryUsage of job (MB)
	36796  -  ResidentSetSize of job (KB)
...
040 (390874.005.000) 2024-01-18 20:30:34 Started transferring output files
...
040 (390874.005.000) 2024-01-18 20:30:36 Finished transferring output files
...
005 (390874.005.000) 2024-01-18 20:30:36 Job terminated.
	(1) Normal termination (return value 0)
		Usr 0 00:01:15, Sys 0 00:00:08  -  Run Remote Usage
		Usr 0 00:00:00, Sys 0 00:00:00  -  Run Local Usage
		Usr 0 00:01:15, Sys 0 00:00:08  -  Total Remote Usage
		Usr 0 00:00:00, Sys 0 00:00:00  -  Total Local Usage
	12730726  -  Run Bytes Sent By Job
	181578  -  Run Bytes Received By Job
	12730726  -  Total Bytes Sent By Job
	181578  -  Total Bytes Received By Job
	Partitionable Resources :    Usage  Request Allocated 
	   Cpus                 :                 1         1 
	   Disk (KB)            :    12676      200    261111 
	   Memory (MB)          :       36     3900      3968 

	Job terminated of its own accord at 2024-01-18T11:30:33Z.
...
000 (390875.005.000) 2024-01-18 20:45:32 Job submitted from host: <172.30.1.200:9618?addrs=172.30.1.200-9618&alias=tamsa2.snu.ac.kr&noUDP&sock=schedd_3625_06e6>
...
040 (390875.005.000) 2024-01-18 20:45:45 Started transferring input files
	Transferring to host: <172.30.1.202:9618?addrs=172.30.1.202-9618&alias=node2&noUDP&sock=slot1_16_3851_20b6_74246>
...
001 (390875.005.000) 2024-01-18 20:45:45 Job executing on host: <172.30.1.202:9618?addrs=172.30.1.202-9618&alias=node2&noUDP&sock=startd_3818_68ae>
...
040 (390875.005.000) 2024-01-18 20:45:45 Finished transferring input files
...
006 (390875.005.000) 2024-01-18 20:45:54 Image size of job updated: 567220
	181  -  MemoryUsage of job (MB)
	184596  -  ResidentSetSize of job (KB)
...
006 (390875.005.000) 2024-01-18 20:49:55 Image size of job updated: 867664
	181  -  MemoryUsage of job (MB)
	184596  -  ResidentSetSize of job (KB)
...
040 (390875.005.000) 2024-01-18 20:49:55 Started transferring output files
...
040 (390875.005.000) 2024-01-18 20:50:01 Finished transferring output files
...
005 (390875.005.000) 2024-01-18 20:50:01 Job terminated.
	(1) Normal termination (return value 0)
		Usr 0 00:03:43, Sys 0 00:00:16  -  Run Remote Usage
		Usr 0 00:00:00, Sys 0 00:00:00  -  Run Local Usage
		Usr 0 00:03:43, Sys 0 00:00:16  -  Total Remote Usage
		Usr 0 00:00:00, Sys 0 00:00:00  -  Total Local Usage
	89207552  -  Run Bytes Sent By Job
	182042  -  Run Bytes Received By Job
	89207552  -  Total Bytes Sent By Job
	182042  -  Total Bytes Received By Job
	Partitionable Resources :    Usage  Request Allocated 
	   Cpus                 :     0.94        1         1 
	   Disk (KB)            : 87367         200    128928 
	   Memory (MB)          :   181        3900      3968 

	Job terminated of its own accord at 2024-01-18T11:49:55Z.
...
000 (390886.005.000) 2024-01-18 21:10:43 Job submitted from host: <172.30.1.200:9618?addrs=172.30.1.200-9618&alias=tamsa2.snu.ac.kr&noUDP&sock=schedd_3625_06e6>
...
040 (390886.005.000) 2024-01-18 21:10:44 Started transferring input files
	Transferring to host: <172.30.1.202:9618?addrs=172.30.1.202-9618&alias=node2&noUDP&sock=slot1_16_3851_20b6_74265>
...
001 (390886.005.000) 2024-01-18 21:10:44 Job executing on host: <172.30.1.202:9618?addrs=172.30.1.202-9618&alias=node2&noUDP&sock=startd_3818_68ae>
...
040 (390886.005.000) 2024-01-18 21:10:44 Finished transferring input files
...
006 (390886.005.000) 2024-01-18 21:10:53 Image size of job updated: 221892
	183  -  MemoryUsage of job (MB)
	186728  -  ResidentSetSize of job (KB)
...
006 (390886.005.000) 2024-01-18 21:12:10 Image size of job updated: 846160
	183  -  MemoryUsage of job (MB)
	186728  -  ResidentSetSize of job (KB)
...
040 (390886.005.000) 2024-01-18 21:12:10 Started transferring output files
...
040 (390886.005.000) 2024-01-18 21:12:11 Finished transferring output files
...
005 (390886.005.000) 2024-01-18 21:12:11 Job terminated.
	(1) Normal termination (return value 0)
		Usr 0 00:01:06, Sys 0 00:00:07  -  Run Remote Usage
		Usr 0 00:00:00, Sys 0 00:00:00  -  Run Local Usage
		Usr 0 00:01:06, Sys 0 00:00:07  -  Total Remote Usage
		Usr 0 00:00:00, Sys 0 00:00:00  -  Total Local Usage
	7473247  -  Run Bytes Sent By Job
	181210  -  Run Bytes Received By Job
	7473247  -  Total Bytes Sent By Job
	181210  -  Total Bytes Received By Job
	Partitionable Resources :    Usage  Request Allocated 
	   Cpus                 :                 1         1 
	   Disk (KB)            :     7541      200    128928 
	   Memory (MB)          :      183     3900      3968 

	Job terminated of its own accord at 2024-01-18T12:12:10Z.
...
000 (390887.005.000) 2024-01-18 21:19:38 Job submitted from host: <172.30.1.200:9618?addrs=172.30.1.200-9618&alias=tamsa2.snu.ac.kr&noUDP&sock=schedd_3625_06e6>
...
040 (390887.005.000) 2024-01-18 21:19:39 Started transferring input files
	Transferring to host: <172.30.1.202:9618?addrs=172.30.1.202-9618&alias=node2&noUDP&sock=slot1_16_3851_20b6_74271>
...
001 (390887.005.000) 2024-01-18 21:19:39 Job executing on host: <172.30.1.202:9618?addrs=172.30.1.202-9618&alias=node2&noUDP&sock=startd_3818_68ae>
...
040 (390887.005.000) 2024-01-18 21:19:39 Finished transferring input files
...
006 (390887.005.000) 2024-01-18 21:19:48 Image size of job updated: 815364
	183  -  MemoryUsage of job (MB)
	186716  -  ResidentSetSize of job (KB)
...
006 (390887.005.000) 2024-01-18 21:23:01 Image size of job updated: 867700
	183  -  MemoryUsage of job (MB)
	186716  -  ResidentSetSize of job (KB)
...
040 (390887.005.000) 2024-01-18 21:23:01 Started transferring output files
...
040 (390887.005.000) 2024-01-18 21:23:02 Finished transferring output files
...
005 (390887.005.000) 2024-01-18 21:23:02 Job terminated.
	(1) Normal termination (return value 0)
		Usr 0 00:02:59, Sys 0 00:00:14  -  Run Remote Usage
		Usr 0 00:00:00, Sys 0 00:00:00  -  Run Local Usage
		Usr 0 00:02:59, Sys 0 00:00:14  -  Total Remote Usage
		Usr 0 00:00:00, Sys 0 00:00:00  -  Total Local Usage
	34764464  -  Run Bytes Sent By Job
	181210  -  Run Bytes Received By Job
	34764464  -  Total Bytes Sent By Job
	181210  -  Total Bytes Received By Job
	Partitionable Resources :    Usage  Request Allocated 
	   Cpus                 :     0.68        1         1 
	   Disk (KB)            : 34198         200    128928 
	   Memory (MB)          :   183        3900      3968 

	Job terminated of its own accord at 2024-01-18T12:23:01Z.
...
000 (390888.005.000) 2024-01-18 21:30:57 Job submitted from host: <172.30.1.200:9618?addrs=172.30.1.200-9618&alias=tamsa2.snu.ac.kr&noUDP&sock=schedd_3625_06e6>
...
040 (390888.005.000) 2024-01-18 21:30:59 Started transferring input files
	Transferring to host: <172.30.1.206:9618?addrs=172.30.1.206-9618&alias=node6&noUDP&sock=slot1_6_3722_3c50_223540>
...
001 (390888.005.000) 2024-01-18 21:30:59 Job executing on host: <172.30.1.206:9618?addrs=172.30.1.206-9618&alias=node6&noUDP&sock=startd_3686_de2d>
...
040 (390888.005.000) 2024-01-18 21:30:59 Finished transferring input files
...
006 (390888.005.000) 2024-01-18 21:31:08 Image size of job updated: 832928
	183  -  MemoryUsage of job (MB)
	186740  -  ResidentSetSize of job (KB)
...
006 (390888.005.000) 2024-01-18 21:34:19 Image size of job updated: 868116
	183  -  MemoryUsage of job (MB)
	186740  -  ResidentSetSize of job (KB)
...
040 (390888.005.000) 2024-01-18 21:34:20 Started transferring output files
...
040 (390888.005.000) 2024-01-18 21:34:24 Finished transferring output files
...
005 (390888.005.000) 2024-01-18 21:34:24 Job terminated.
	(1) Normal termination (return value 0)
		Usr 0 00:02:58, Sys 0 00:00:14  -  Run Remote Usage
		Usr 0 00:00:00, Sys 0 00:00:00  -  Run Local Usage
		Usr 0 00:02:58, Sys 0 00:00:14  -  Total Remote Usage
		Usr 0 00:00:00, Sys 0 00:00:00  -  Total Local Usage
	33837948  -  Run Bytes Sent By Job
	181214  -  Run Bytes Received By Job
	33837948  -  Total Bytes Sent By Job
	181214  -  Total Bytes Received By Job
	Partitionable Resources :    Usage  Request Allocated 
	   Cpus                 :                 1         1 
	   Disk (KB)            :    33288      200     95898 
	   Memory (MB)          :      183     3900      3968 

	Job terminated of its own accord at 2024-01-18T12:34:19Z.
...
000 (390894.005.000) 2024-01-18 21:35:52 Job submitted from host: <172.30.1.200:9618?addrs=172.30.1.200-9618&alias=tamsa2.snu.ac.kr&noUDP&sock=schedd_3625_06e6>
...
040 (390894.005.000) 2024-01-18 21:36:08 Started transferring input files
	Transferring to host: <172.30.1.206:9618?addrs=172.30.1.206-9618&alias=node6&noUDP&sock=slot1_23_3722_3c50_223545>
...
001 (390894.005.000) 2024-01-18 21:36:08 Job executing on host: <172.30.1.206:9618?addrs=172.30.1.206-9618&alias=node6&noUDP&sock=startd_3686_de2d>
...
040 (390894.005.000) 2024-01-18 21:36:08 Finished transferring input files
...
006 (390894.005.000) 2024-01-18 21:36:17 Image size of job updated: 187580
	184  -  MemoryUsage of job (MB)
	187580  -  ResidentSetSize of job (KB)
...
006 (390894.005.000) 2024-01-18 21:39:27 Image size of job updated: 868128
	184  -  MemoryUsage of job (MB)
	187580  -  ResidentSetSize of job (KB)
...
040 (390894.005.000) 2024-01-18 21:39:27 Started transferring output files
...
040 (390894.005.000) 2024-01-18 21:39:28 Finished transferring output files
...
005 (390894.005.000) 2024-01-18 21:39:28 Job terminated.
	(1) Normal termination (return value 0)
		Usr 0 00:02:57, Sys 0 00:00:13  -  Run Remote Usage
		Usr 0 00:00:00, Sys 0 00:00:00  -  Run Local Usage
		Usr 0 00:02:57, Sys 0 00:00:13  -  Total Remote Usage
		Usr 0 00:00:00, Sys 0 00:00:00  -  Total Local Usage
	33836240  -  Run Bytes Sent By Job
	181194  -  Run Bytes Received By Job
	33836240  -  Total Bytes Sent By Job
	181194  -  Total Bytes Received By Job
	Partitionable Resources :    Usage  Request Allocated 
	   Cpus                 :                 1         1 
	   Disk (KB)            :    33286      200     95898 
	   Memory (MB)          :      184     3900      3968 

	Job terminated of its own accord at 2024-01-18T12:39:27Z.
...
000 (390895.005.000) 2024-01-18 21:48:05 Job submitted from host: <172.30.1.200:9618?addrs=172.30.1.200-9618&alias=tamsa2.snu.ac.kr&noUDP&sock=schedd_3625_06e6>
...
040 (390895.005.000) 2024-01-18 21:48:07 Started transferring input files
	Transferring to host: <172.30.1.211:9618?addrs=172.30.1.211-9618&alias=node11&noUDP&sock=slot1_10_3735_6531_177096>
...
001 (390895.005.000) 2024-01-18 21:48:07 Job executing on host: <172.30.1.211:9618?addrs=172.30.1.211-9618&alias=node11&noUDP&sock=startd_3699_c8e9>
...
040 (390895.005.000) 2024-01-18 21:48:07 Finished transferring input files
...
006 (390895.005.000) 2024-01-18 21:48:16 Image size of job updated: 166296
	143  -  MemoryUsage of job (MB)
	146004  -  ResidentSetSize of job (KB)
...
006 (390895.005.000) 2024-01-18 21:50:05 Image size of job updated: 865216
	143  -  MemoryUsage of job (MB)
	146116  -  ResidentSetSize of job (KB)
...
004 (390895.005.000) 2024-01-18 21:50:06 Job was evicted.
	(0) CPU times
		Usr 0 00:01:24, Sys 0 00:00:07  -  Run Remote Usage
		Usr 0 00:00:00, Sys 0 00:00:00  -  Run Local Usage
	0  -  Run Bytes Sent By Job
	182143  -  Run Bytes Received By Job
	Partitionable Resources :    Usage  Request Allocated 
	   Cpus                 :     0.55        1         1 
	   Disk (KB)            :  7321         200    128928 
	   Memory (MB)          :   143        3900      3968 
...
009 (390895.005.000) 2024-01-18 21:50:06 Job was aborted.
	via condor_rm (by user shin)
...
000 (390896.005.000) 2024-01-18 21:53:08 Job submitted from host: <172.30.1.200:9618?addrs=172.30.1.200-9618&alias=tamsa2.snu.ac.kr&noUDP&sock=schedd_3625_06e6>
...
040 (390896.005.000) 2024-01-18 21:54:28 Started transferring input files
	Transferring to host: <172.30.1.213:9618?addrs=172.30.1.213-9618&alias=node13&noUDP&sock=slot1_75_4363_e0ca_274642>
...
040 (390896.005.000) 2024-01-18 21:54:28 Finished transferring input files
...
001 (390896.005.000) 2024-01-18 21:54:28 Job executing on host: <172.30.1.213:9618?addrs=172.30.1.213-9618&alias=node13&noUDP&sock=startd_4329_e993>
...
006 (390896.005.000) 2024-01-18 21:54:36 Image size of job updated: 156508
	76  -  MemoryUsage of job (MB)
	77024  -  ResidentSetSize of job (KB)
...
006 (390896.005.000) 2024-01-18 21:58:57 Image size of job updated: 868188
	76  -  MemoryUsage of job (MB)
	77024  -  ResidentSetSize of job (KB)
...
040 (390896.005.000) 2024-01-18 21:58:57 Started transferring output files
...
040 (390896.005.000) 2024-01-18 21:58:57 Finished transferring output files
...
005 (390896.005.000) 2024-01-18 21:58:57 Job terminated.
	(1) Normal termination (return value 0)
		Usr 0 00:03:30, Sys 0 00:00:19  -  Run Remote Usage
		Usr 0 00:00:00, Sys 0 00:00:00  -  Run Local Usage
		Usr 0 00:03:30, Sys 0 00:00:19  -  Total Remote Usage
		Usr 0 00:00:00, Sys 0 00:00:00  -  Total Local Usage
	40428568  -  Run Bytes Sent By Job
	182135  -  Run Bytes Received By Job
	40428568  -  Total Bytes Sent By Job
	182135  -  Total Bytes Received By Job
	Partitionable Resources :    Usage  Request Allocated 
	   Cpus                 :     1.00        1         1 
	   Disk (KB)            : 39731         200    261111 
	   Memory (MB)          :    76        3900      3968 

	Job terminated of its own accord at 2024-01-18T12:58:57Z.
...
000 (390897.005.000) 2024-01-18 22:03:48 Job submitted from host: <172.30.1.200:9618?addrs=172.30.1.200-9618&alias=tamsa2.snu.ac.kr&noUDP&sock=schedd_3625_06e6>
...
040 (390897.005.000) 2024-01-18 22:03:49 Started transferring input files
	Transferring to host: <172.30.1.111:9618?addrs=172.30.1.111-9618&alias=n11&noUDP&sock=slot1_7_4271_0e47_37931>
...
040 (390897.005.000) 2024-01-18 22:03:49 Finished transferring input files
...
001 (390897.005.000) 2024-01-18 22:03:49 Job executing on host: <172.30.1.111:9618?addrs=172.30.1.111-9618&alias=n11&noUDP&sock=startd_4237_cedc>
...
006 (390897.005.000) 2024-01-18 22:03:58 Image size of job updated: 833428
	182  -  MemoryUsage of job (MB)
	186008  -  ResidentSetSize of job (KB)
...
006 (390897.005.000) 2024-01-18 22:06:13 Image size of job updated: 865836
	182  -  MemoryUsage of job (MB)
	186008  -  ResidentSetSize of job (KB)
...
040 (390897.005.000) 2024-01-18 22:06:13 Started transferring output files
...
040 (390897.005.000) 2024-01-18 22:06:21 Finished transferring output files
...
005 (390897.005.000) 2024-01-18 22:06:21 Job terminated.
	(1) Normal termination (return value 0)
		Usr 0 00:02:06, Sys 0 00:00:09  -  Run Remote Usage
		Usr 0 00:00:00, Sys 0 00:00:00  -  Run Local Usage
		Usr 0 00:02:06, Sys 0 00:00:09  -  Total Remote Usage
		Usr 0 00:00:00, Sys 0 00:00:00  -  Total Local Usage
	40219788  -  Run Bytes Sent By Job
	182135  -  Run Bytes Received By Job
	40219788  -  Total Bytes Sent By Job
	182135  -  Total Bytes Received By Job
	Partitionable Resources :    Usage  Request Allocated 
	   Cpus                 :     0.99        1         1 
	   Disk (KB)            : 39529         200    127752 
	   GPUs                 :                           0 
	   Memory (MB)          :   182        3900      3968 

	Job terminated of its own accord at 2024-01-18T13:06:13Z.
...
000 (390986.005.000) 2024-01-18 22:24:32 Job submitted from host: <172.30.1.200:9618?addrs=172.30.1.200-9618&alias=tamsa2.snu.ac.kr&noUDP&sock=schedd_3625_06e6>
...
040 (390986.005.000) 2024-01-18 22:24:35 Started transferring input files
	Transferring to host: <172.30.1.101:9618?addrs=172.30.1.101-9618&alias=n1&noUDP&sock=slot1_33_3437_6d65_44462>
...
040 (390986.005.000) 2024-01-18 22:24:35 Finished transferring input files
...
001 (390986.005.000) 2024-01-18 22:24:35 Job executing on host: <172.30.1.101:9618?addrs=172.30.1.101-9618&alias=n1&noUDP&sock=startd_3403_c0e0>
...
006 (390986.005.000) 2024-01-18 22:24:44 Image size of job updated: 116264
	104  -  MemoryUsage of job (MB)
	106456  -  ResidentSetSize of job (KB)
...
006 (390986.005.000) 2024-01-18 22:29:45 Image size of job updated: 869648
	206  -  MemoryUsage of job (MB)
	210616  -  ResidentSetSize of job (KB)
...
040 (390986.005.000) 2024-01-18 22:30:36 Started transferring output files
...
040 (390986.005.000) 2024-01-18 22:30:37 Finished transferring output files
...
005 (390986.005.000) 2024-01-18 22:30:37 Job terminated.
	(1) Normal termination (return value 0)
		Usr 0 00:04:49, Sys 0 00:00:28  -  Run Remote Usage
		Usr 0 00:00:00, Sys 0 00:00:00  -  Run Local Usage
		Usr 0 00:04:49, Sys 0 00:00:28  -  Total Remote Usage
		Usr 0 00:00:00, Sys 0 00:00:00  -  Total Local Usage
	35261468  -  Run Bytes Sent By Job
	182182  -  Run Bytes Received By Job
	35261468  -  Total Bytes Sent By Job
	182182  -  Total Bytes Received By Job
	Partitionable Resources :    Usage  Request Allocated 
	   Cpus                 :     0.94        1         1 
	   Disk (KB)            : 34685         200    127948 
	   Memory (MB)          :   206        3900      3968 

	Job terminated of its own accord at 2024-01-18T13:30:36Z.
...
000 (391043.005.000) 2024-01-18 23:16:22 Job submitted from host: <172.30.1.200:9618?addrs=172.30.1.200-9618&alias=tamsa2.snu.ac.kr&noUDP&sock=schedd_3625_06e6>
...
040 (391043.005.000) 2024-01-18 23:16:27 Started transferring input files
	Transferring to host: <172.30.1.211:9618?addrs=172.30.1.211-9618&alias=node11&noUDP&sock=slot1_8_3735_6531_177187>
...
001 (391043.005.000) 2024-01-18 23:16:28 Job executing on host: <172.30.1.211:9618?addrs=172.30.1.211-9618&alias=node11&noUDP&sock=startd_3699_c8e9>
...
040 (391043.005.000) 2024-01-18 23:16:28 Finished transferring input files
...
006 (391043.005.000) 2024-01-18 23:16:36 Image size of job updated: 139344
	88  -  MemoryUsage of job (MB)
	89156  -  ResidentSetSize of job (KB)
...
006 (391043.005.000) 2024-01-18 23:18:15 Image size of job updated: 846688
	88  -  MemoryUsage of job (MB)
	89280  -  ResidentSetSize of job (KB)
...
040 (391043.005.000) 2024-01-18 23:18:20 Entered queue to transfer output files
...
040 (391043.005.000) 2024-01-18 23:18:22 Started transferring output files
...
040 (391043.005.000) 2024-01-18 23:18:24 Finished transferring output files
...
005 (391043.005.000) 2024-01-18 23:18:24 Job terminated.
	(1) Normal termination (return value 0)
		Usr 0 00:01:07, Sys 0 00:00:07  -  Run Remote Usage
		Usr 0 00:00:00, Sys 0 00:00:00  -  Run Local Usage
		Usr 0 00:01:07, Sys 0 00:00:07  -  Total Remote Usage
		Usr 0 00:00:00, Sys 0 00:00:00  -  Total Local Usage
	7464007  -  Run Bytes Sent By Job
	182524  -  Run Bytes Received By Job
	7464007  -  Total Bytes Sent By Job
	182524  -  Total Bytes Received By Job
	Partitionable Resources :    Usage  Request Allocated 
	   Cpus                 :                 1         1 
	   Disk (KB)            :     7534      200    128928 
	   Memory (MB)          :       88     3900      3968 

	Job terminated of its own accord at 2024-01-18T14:18:15Z.
...
000 (391059.005.000) 2024-01-19 10:38:28 Job submitted from host: <172.30.1.200:9618?addrs=172.30.1.200-9618&alias=tamsa2.snu.ac.kr&noUDP&sock=schedd_3625_06e6>
...
040 (391059.005.000) 2024-01-19 10:38:31 Started transferring input files
	Transferring to host: <172.30.1.212:9618?addrs=172.30.1.212-9618&alias=node12&noUDP&sock=slot1_79_4492_c530_312700>
...
001 (391059.005.000) 2024-01-19 10:38:31 Job executing on host: <172.30.1.212:9618?addrs=172.30.1.212-9618&alias=node12&noUDP&sock=startd_4455_5682>
...
040 (391059.005.000) 2024-01-19 10:38:31 Finished transferring input files
...
006 (391059.005.000) 2024-01-19 10:38:40 Image size of job updated: 137756
	79  -  MemoryUsage of job (MB)
	80520  -  ResidentSetSize of job (KB)
...
006 (391059.005.000) 2024-01-19 10:43:06 Image size of job updated: 870124
	79  -  MemoryUsage of job (MB)
	80532  -  ResidentSetSize of job (KB)
...
040 (391059.005.000) 2024-01-19 10:43:06 Started transferring output files
...
040 (391059.005.000) 2024-01-19 10:43:13 Finished transferring output files
...
005 (391059.005.000) 2024-01-19 10:43:13 Job terminated.
	(1) Normal termination (return value 0)
		Usr 0 00:03:10, Sys 0 00:00:15  -  Run Remote Usage
		Usr 0 00:00:00, Sys 0 00:00:00  -  Run Local Usage
		Usr 0 00:03:10, Sys 0 00:00:15  -  Total Remote Usage
		Usr 0 00:00:00, Sys 0 00:00:00  -  Total Local Usage
	33915912  -  Run Bytes Sent By Job
	182504  -  Run Bytes Received By Job
	33915912  -  Total Bytes Sent By Job
	182504  -  Total Bytes Received By Job
	Partitionable Resources :    Usage  Request Allocated 
	   Cpus                 :     0.20        1         1 
	   Disk (KB)            : 33372         200    261111 
	   Memory (MB)          :    79        3900      3968 

	Job terminated of its own accord at 2024-01-19T01:43:06Z.
...
000 (391060.005.000) 2024-01-19 10:57:46 Job submitted from host: <172.30.1.200:9618?addrs=172.30.1.200-9618&alias=tamsa2.snu.ac.kr&noUDP&sock=schedd_3625_06e6>
...
040 (391060.005.000) 2024-01-19 10:57:50 Started transferring input files
	Transferring to host: <172.30.1.215:9618?addrs=172.30.1.215-9618&alias=node15&noUDP&sock=slot1_75_4389_328c_280389>
...
040 (391060.005.000) 2024-01-19 10:57:50 Finished transferring input files
...
001 (391060.005.000) 2024-01-19 10:57:50 Job executing on host: <172.30.1.215:9618?addrs=172.30.1.215-9618&alias=node15&noUDP&sock=startd_4353_5fd9>
...
006 (391060.005.000) 2024-01-19 10:57:59 Image size of job updated: 230108
	153  -  MemoryUsage of job (MB)
	156260  -  ResidentSetSize of job (KB)
...
006 (391060.005.000) 2024-01-19 11:02:22 Image size of job updated: 866168
	153  -  MemoryUsage of job (MB)
	156408  -  ResidentSetSize of job (KB)
...
040 (391060.005.000) 2024-01-19 11:02:22 Started transferring output files
...
040 (391060.005.000) 2024-01-19 11:02:24 Finished transferring output files
...
005 (391060.005.000) 2024-01-19 11:02:24 Job terminated.
	(1) Normal termination (return value 0)
		Usr 0 00:03:13, Sys 0 00:00:15  -  Run Remote Usage
		Usr 0 00:00:00, Sys 0 00:00:00  -  Run Local Usage
		Usr 0 00:03:13, Sys 0 00:00:15  -  Total Remote Usage
		Usr 0 00:00:00, Sys 0 00:00:00  -  Total Local Usage
	42473004  -  Run Bytes Sent By Job
	182520  -  Run Bytes Received By Job
	42473004  -  Total Bytes Sent By Job
	182520  -  Total Bytes Received By Job
	Partitionable Resources :    Usage  Request Allocated 
	   Cpus                 :                 1         1 
	   Disk (KB)            :    41722      200    261111 
	   Memory (MB)          :      153     3900      3968 

	Job terminated of its own accord at 2024-01-19T02:02:22Z.
...
000 (391113.005.000) 2024-01-19 11:50:58 Job submitted from host: <172.30.1.200:9618?addrs=172.30.1.200-9618&alias=tamsa2.snu.ac.kr&noUDP&sock=schedd_3625_06e6>
...
040 (391113.005.000) 2024-01-19 11:50:59 Started transferring input files
	Transferring to host: <172.30.1.205:9618?addrs=172.30.1.205-9618&alias=node5&noUDP&sock=slot1_43_3857_5af6_241161>
...
001 (391113.005.000) 2024-01-19 11:50:59 Job executing on host: <172.30.1.205:9618?addrs=172.30.1.205-9618&alias=node5&noUDP&sock=startd_3821_7776>
...
040 (391113.005.000) 2024-01-19 11:51:00 Finished transferring input files
...
006 (391113.005.000) 2024-01-19 11:51:08 Image size of job updated: 561380
	164  -  MemoryUsage of job (MB)
	167228  -  ResidentSetSize of job (KB)
...
006 (391113.005.000) 2024-01-19 11:53:03 Image size of job updated: 845984
	164  -  MemoryUsage of job (MB)
	167228  -  ResidentSetSize of job (KB)
...
040 (391113.005.000) 2024-01-19 11:53:03 Started transferring output files
...
040 (391113.005.000) 2024-01-19 11:53:04 Finished transferring output files
...
005 (391113.005.000) 2024-01-19 11:53:04 Job terminated.
	(1) Normal termination (return value 0)
		Usr 0 00:01:09, Sys 0 00:00:07  -  Run Remote Usage
		Usr 0 00:00:00, Sys 0 00:00:00  -  Run Local Usage
		Usr 0 00:01:09, Sys 0 00:00:07  -  Total Remote Usage
		Usr 0 00:00:00, Sys 0 00:00:00  -  Total Local Usage
	7464079  -  Run Bytes Sent By Job
	183986  -  Run Bytes Received By Job
	7464079  -  Total Bytes Sent By Job
	183986  -  Total Bytes Received By Job
	Partitionable Resources :    Usage  Request Allocated 
	   Cpus                 :     0.75        1         1 
	   Disk (KB)            :  7542         200    128928 
	   Memory (MB)          :   164        3900      3968 

	Job terminated of its own accord at 2024-01-19T02:53:03Z.
...
000 (391114.005.000) 2024-01-19 11:56:30 Job submitted from host: <172.30.1.200:9618?addrs=172.30.1.200-9618&alias=tamsa2.snu.ac.kr&noUDP&sock=schedd_3625_06e6>
...
040 (391114.005.000) 2024-01-19 11:56:32 Started transferring input files
	Transferring to host: <172.30.1.205:9618?addrs=172.30.1.205-9618&alias=node5&noUDP&sock=slot1_47_3857_5af6_241171>
...
001 (391114.005.000) 2024-01-19 11:56:32 Job executing on host: <172.30.1.205:9618?addrs=172.30.1.205-9618&alias=node5&noUDP&sock=startd_3821_7776>
...
040 (391114.005.000) 2024-01-19 11:56:32 Finished transferring input files
...
006 (391114.005.000) 2024-01-19 11:56:40 Image size of job updated: 570628
	182  -  MemoryUsage of job (MB)
	185396  -  ResidentSetSize of job (KB)
...
006 (391114.005.000) 2024-01-19 11:58:28 Image size of job updated: 843536
	182  -  MemoryUsage of job (MB)
	185396  -  ResidentSetSize of job (KB)
...
040 (391114.005.000) 2024-01-19 11:58:28 Started transferring output files
...
040 (391114.005.000) 2024-01-19 11:58:28 Finished transferring output files
...
005 (391114.005.000) 2024-01-19 11:58:28 Job terminated.
	(1) Normal termination (return value 0)
		Usr 0 00:01:09, Sys 0 00:00:07  -  Run Remote Usage
		Usr 0 00:00:00, Sys 0 00:00:00  -  Run Local Usage
		Usr 0 00:01:09, Sys 0 00:00:07  -  Total Remote Usage
		Usr 0 00:00:00, Sys 0 00:00:00  -  Total Local Usage
	7464183  -  Run Bytes Sent By Job
	183986  -  Run Bytes Received By Job
	7464183  -  Total Bytes Sent By Job
	183986  -  Total Bytes Received By Job
	Partitionable Resources :    Usage  Request Allocated 
	   Cpus                 :     0.58        1         1 
	   Disk (KB)            :  7542         200    128928 
	   Memory (MB)          :   182        3900      3968 

	Job terminated of its own accord at 2024-01-19T02:58:28Z.
...
000 (391115.005.000) 2024-01-19 12:05:54 Job submitted from host: <172.30.1.200:9618?addrs=172.30.1.200-9618&alias=tamsa2.snu.ac.kr&noUDP&sock=schedd_3625_06e6>
...
040 (391115.005.000) 2024-01-19 12:05:56 Started transferring input files
	Transferring to host: <172.30.1.205:9618?addrs=172.30.1.205-9618&alias=node5&noUDP&sock=slot1_48_3857_5af6_241182>
...
040 (391115.005.000) 2024-01-19 12:05:56 Finished transferring input files
...
001 (391115.005.000) 2024-01-19 12:05:56 Job executing on host: <172.30.1.205:9618?addrs=172.30.1.205-9618&alias=node5&noUDP&sock=startd_3821_7776>
...
006 (391115.005.000) 2024-01-19 12:06:04 Image size of job updated: 184576
	181  -  MemoryUsage of job (MB)
	184576  -  ResidentSetSize of job (KB)
...
006 (391115.005.000) 2024-01-19 12:07:53 Image size of job updated: 845860
	181  -  MemoryUsage of job (MB)
	184576  -  ResidentSetSize of job (KB)
...
040 (391115.005.000) 2024-01-19 12:07:53 Started transferring output files
...
040 (391115.005.000) 2024-01-19 12:07:53 Finished transferring output files
...
005 (391115.005.000) 2024-01-19 12:07:53 Job terminated.
	(1) Normal termination (return value 0)
		Usr 0 00:01:10, Sys 0 00:00:07  -  Run Remote Usage
		Usr 0 00:00:00, Sys 0 00:00:00  -  Run Local Usage
		Usr 0 00:01:10, Sys 0 00:00:07  -  Total Remote Usage
		Usr 0 00:00:00, Sys 0 00:00:00  -  Total Local Usage
	7464183  -  Run Bytes Sent By Job
	184022  -  Run Bytes Received By Job
	7464183  -  Total Bytes Sent By Job
	184022  -  Total Bytes Received By Job
	Partitionable Resources :    Usage  Request Allocated 
	   Cpus                 :                 1         1 
	   Disk (KB)            :     7536      200    128928 
	   Memory (MB)          :      181     3900      3968 

	Job terminated of its own accord at 2024-01-19T03:07:53Z.
...
000 (391116.005.000) 2024-01-19 12:09:38 Job submitted from host: <172.30.1.200:9618?addrs=172.30.1.200-9618&alias=tamsa2.snu.ac.kr&noUDP&sock=schedd_3625_06e6>
...
040 (391116.005.000) 2024-01-19 12:09:39 Started transferring input files
	Transferring to host: <172.30.1.205:9618?addrs=172.30.1.205-9618&alias=node5&noUDP&sock=slot1_48_3857_5af6_241188>
...
001 (391116.005.000) 2024-01-19 12:09:39 Job executing on host: <172.30.1.205:9618?addrs=172.30.1.205-9618&alias=node5&noUDP&sock=startd_3821_7776>
...
040 (391116.005.000) 2024-01-19 12:09:39 Finished transferring input files
...
006 (391116.005.000) 2024-01-19 12:09:48 Image size of job updated: 561380
	181  -  MemoryUsage of job (MB)
	184576  -  ResidentSetSize of job (KB)
...
006 (391116.005.000) 2024-01-19 12:11:34 Image size of job updated: 833860
	181  -  MemoryUsage of job (MB)
	184576  -  ResidentSetSize of job (KB)
...
040 (391116.005.000) 2024-01-19 12:11:34 Started transferring output files
...
040 (391116.005.000) 2024-01-19 12:11:34 Finished transferring output files
...
005 (391116.005.000) 2024-01-19 12:11:34 Job terminated.
	(1) Normal termination (return value 0)
		Usr 0 00:01:12, Sys 0 00:00:07  -  Run Remote Usage
		Usr 0 00:00:00, Sys 0 00:00:00  -  Run Local Usage
		Usr 0 00:01:12, Sys 0 00:00:07  -  Total Remote Usage
		Usr 0 00:00:00, Sys 0 00:00:00  -  Total Local Usage
	7464207  -  Run Bytes Sent By Job
	184022  -  Run Bytes Received By Job
	7464207  -  Total Bytes Sent By Job
	184022  -  Total Bytes Received By Job
	Partitionable Resources :    Usage  Request Allocated 
	   Cpus                 :                 1         1 
	   Disk (KB)            :     7537      200    128928 
	   Memory (MB)          :      181     3900      3968 

	Job terminated of its own accord at 2024-01-19T03:11:34Z.
...
000 (391117.005.000) 2024-01-19 12:15:27 Job submitted from host: <172.30.1.200:9618?addrs=172.30.1.200-9618&alias=tamsa2.snu.ac.kr&noUDP&sock=schedd_3625_06e6>
...
040 (391117.005.000) 2024-01-19 12:15:31 Started transferring input files
	Transferring to host: <172.30.1.206:9618?addrs=172.30.1.206-9618&alias=node6&noUDP&sock=slot1_24_3722_3c50_224064>
...
001 (391117.005.000) 2024-01-19 12:15:32 Job executing on host: <172.30.1.206:9618?addrs=172.30.1.206-9618&alias=node6&noUDP&sock=startd_3686_de2d>
...
040 (391117.005.000) 2024-01-19 12:15:32 Finished transferring input files
...
006 (391117.005.000) 2024-01-19 12:15:40 Image size of job updated: 578864
	182  -  MemoryUsage of job (MB)
	185396  -  ResidentSetSize of job (KB)
...
006 (391117.005.000) 2024-01-19 12:19:28 Image size of job updated: 866572
	182  -  MemoryUsage of job (MB)
	185396  -  ResidentSetSize of job (KB)
...
040 (391117.005.000) 2024-01-19 12:19:28 Started transferring output files
...
040 (391117.005.000) 2024-01-19 12:19:37 Finished transferring output files
...
005 (391117.005.000) 2024-01-19 12:19:37 Job terminated.
	(1) Normal termination (return value 0)
		Usr 0 00:03:09, Sys 0 00:00:13  -  Run Remote Usage
		Usr 0 00:00:00, Sys 0 00:00:00  -  Run Local Usage
		Usr 0 00:03:09, Sys 0 00:00:13  -  Total Remote Usage
		Usr 0 00:00:00, Sys 0 00:00:00  -  Total Local Usage
	34054776  -  Run Bytes Sent By Job
	184028  -  Run Bytes Received By Job
	34054776  -  Total Bytes Sent By Job
	184028  -  Total Bytes Received By Job
	Partitionable Resources :    Usage  Request Allocated 
	   Cpus                 :     0.92        1         1 
	   Disk (KB)            : 33509         200     95898 
	   Memory (MB)          :   182        3900      3968 

	Job terminated of its own accord at 2024-01-19T03:19:28Z.
...
000 (391118.005.000) 2024-01-19 12:41:44 Job submitted from host: <172.30.1.200:9618?addrs=172.30.1.200-9618&alias=tamsa2.snu.ac.kr&noUDP&sock=schedd_3625_06e6>
...
040 (391118.005.000) 2024-01-19 12:41:50 Started transferring input files
	Transferring to host: <172.30.1.206:9618?addrs=172.30.1.206-9618&alias=node6&noUDP&sock=slot1_43_3722_3c50_224078>
...
001 (391118.005.000) 2024-01-19 12:41:50 Job executing on host: <172.30.1.206:9618?addrs=172.30.1.206-9618&alias=node6&noUDP&sock=startd_3686_de2d>
...
040 (391118.005.000) 2024-01-19 12:41:50 Finished transferring input files
...
006 (391118.005.000) 2024-01-19 12:41:59 Image size of job updated: 186736
	183  -  MemoryUsage of job (MB)
	186736  -  ResidentSetSize of job (KB)
...
006 (391118.005.000) 2024-01-19 12:43:34 Image size of job updated: 846152
	183  -  MemoryUsage of job (MB)
	186736  -  ResidentSetSize of job (KB)
...
040 (391118.005.000) 2024-01-19 12:43:34 Started transferring output files
...
040 (391118.005.000) 2024-01-19 12:43:38 Finished transferring output files
...
005 (391118.005.000) 2024-01-19 12:43:38 Job terminated.
	(1) Normal termination (return value 0)
		Usr 0 00:01:07, Sys 0 00:00:07  -  Run Remote Usage
		Usr 0 00:00:00, Sys 0 00:00:00  -  Run Local Usage
		Usr 0 00:01:07, Sys 0 00:00:07  -  Total Remote Usage
		Usr 0 00:00:00, Sys 0 00:00:00  -  Total Local Usage
	7464143  -  Run Bytes Sent By Job
	183796  -  Run Bytes Received By Job
	7464143  -  Total Bytes Sent By Job
	183796  -  Total Bytes Received By Job
	Partitionable Resources :    Usage  Request Allocated 
	   Cpus                 :                 1         1 
	   Disk (KB)            :     7536      200     95898 
	   Memory (MB)          :      183     3900      3968 

	Job terminated of its own accord at 2024-01-19T03:43:34Z.
...
000 (391119.005.000) 2024-01-19 12:47:04 Job submitted from host: <172.30.1.200:9618?addrs=172.30.1.200-9618&alias=tamsa2.snu.ac.kr&noUDP&sock=schedd_3625_06e6>
...
040 (391119.005.000) 2024-01-19 12:47:12 Started transferring input files
	Transferring to host: <172.30.1.211:9618?addrs=172.30.1.211-9618&alias=node11&noUDP&sock=slot1_43_3735_6531_177614>
...
040 (391119.005.000) 2024-01-19 12:47:12 Finished transferring input files
...
001 (391119.005.000) 2024-01-19 12:47:12 Job executing on host: <172.30.1.211:9618?addrs=172.30.1.211-9618&alias=node11&noUDP&sock=startd_3699_c8e9>
...
006 (391119.005.000) 2024-01-19 12:47:21 Image size of job updated: 186732
	183  -  MemoryUsage of job (MB)
	186732  -  ResidentSetSize of job (KB)
...
006 (391119.005.000) 2024-01-19 12:51:34 Image size of job updated: 866448
	183  -  MemoryUsage of job (MB)
	186732  -  ResidentSetSize of job (KB)
...
040 (391119.005.000) 2024-01-19 12:51:34 Started transferring output files
...
040 (391119.005.000) 2024-01-19 12:51:38 Finished transferring output files
...
005 (391119.005.000) 2024-01-19 12:51:38 Job terminated.
	(1) Normal termination (return value 0)
		Usr 0 00:03:13, Sys 0 00:00:13  -  Run Remote Usage
		Usr 0 00:00:00, Sys 0 00:00:00  -  Run Local Usage
		Usr 0 00:03:13, Sys 0 00:00:13  -  Total Remote Usage
		Usr 0 00:00:00, Sys 0 00:00:00  -  Total Local Usage
	33213816  -  Run Bytes Sent By Job
	183796  -  Run Bytes Received By Job
	33213816  -  Total Bytes Sent By Job
	183796  -  Total Bytes Received By Job
	Partitionable Resources :    Usage  Request Allocated 
	   Cpus                 :     0.60        1         1 
	   Disk (KB)            : 32688         200    128928 
	   Memory (MB)          :   183        3900      3968 

	Job terminated of its own accord at 2024-01-19T03:51:34Z.
...
000 (391120.005.000) 2024-01-19 13:02:28 Job submitted from host: <172.30.1.200:9618?addrs=172.30.1.200-9618&alias=tamsa2.snu.ac.kr&noUDP&sock=schedd_3625_06e6>
...
040 (391120.005.000) 2024-01-19 13:02:37 Started transferring input files
	Transferring to host: <172.30.1.211:9618?addrs=172.30.1.211-9618&alias=node11&noUDP&sock=slot1_46_3735_6531_177625>
...
040 (391120.005.000) 2024-01-19 13:02:37 Finished transferring input files
...
001 (391120.005.000) 2024-01-19 13:02:37 Job executing on host: <172.30.1.211:9618?addrs=172.30.1.211-9618&alias=node11&noUDP&sock=startd_3699_c8e9>
...
006 (391120.005.000) 2024-01-19 13:02:46 Image size of job updated: 176896
	173  -  MemoryUsage of job (MB)
	176896  -  ResidentSetSize of job (KB)
...
006 (391120.005.000) 2024-01-19 13:07:05 Image size of job updated: 870684
	173  -  MemoryUsage of job (MB)
	176948  -  ResidentSetSize of job (KB)
...
040 (391120.005.000) 2024-01-19 13:07:06 Started transferring output files
...
040 (391120.005.000) 2024-01-19 13:07:18 Finished transferring output files
...
005 (391120.005.000) 2024-01-19 13:07:20 Job terminated.
	(1) Normal termination (return value 0)
		Usr 0 00:03:11, Sys 0 00:00:13  -  Run Remote Usage
		Usr 0 00:00:00, Sys 0 00:00:00  -  Run Local Usage
		Usr 0 00:03:11, Sys 0 00:00:13  -  Total Remote Usage
		Usr 0 00:00:00, Sys 0 00:00:00  -  Total Local Usage
	33179600  -  Run Bytes Sent By Job
	183796  -  Run Bytes Received By Job
	33179600  -  Total Bytes Sent By Job
	183796  -  Total Bytes Received By Job
	Partitionable Resources :    Usage  Request Allocated 
	   Cpus                 :     0.91        1         1 
	   Disk (KB)            : 32654         200    128928 
	   Memory (MB)          :   173        3900      3968 

	Job terminated of its own accord at 2024-01-19T04:07:05Z.
...
000 (391131.005.000) 2024-01-19 14:22:45 Job submitted from host: <172.30.1.200:9618?addrs=172.30.1.200-9618&alias=tamsa2.snu.ac.kr&noUDP&sock=schedd_3625_06e6>
...
040 (391131.005.000) 2024-01-19 14:22:50 Started transferring input files
	Transferring to host: <172.30.1.208:9618?addrs=172.30.1.208-9618&alias=node8&noUDP&sock=slot1_44_3811_f1b4_191258>
...
040 (391131.005.000) 2024-01-19 14:22:50 Finished transferring input files
...
001 (391131.005.000) 2024-01-19 14:22:50 Job executing on host: <172.30.1.208:9618?addrs=172.30.1.208-9618&alias=node8&noUDP&sock=startd_3777_494c>
...
006 (391131.005.000) 2024-01-19 14:22:59 Image size of job updated: 230108
	68  -  MemoryUsage of job (MB)
	69436  -  ResidentSetSize of job (KB)
...
006 (391131.005.000) 2024-01-19 14:28:00 Image size of job updated: 1014728
	355  -  MemoryUsage of job (MB)
	362760  -  ResidentSetSize of job (KB)
...
004 (391131.005.000) 2024-01-19 14:28:10 Job was evicted.
	(0) CPU times
		Usr 0 00:04:41, Sys 0 00:00:22  -  Run Remote Usage
		Usr 0 00:00:00, Sys 0 00:00:00  -  Run Local Usage
	0  -  Run Bytes Sent By Job
	183798  -  Run Bytes Received By Job
	Partitionable Resources :    Usage  Request Allocated 
	   Cpus                 :     0.99        1         1 
	   Disk (KB)            :  1585         200    128928 
	   Memory (MB)          :   355        3900      3968 
...
009 (391131.005.000) 2024-01-19 14:28:10 Job was aborted.
	via condor_rm (by user shin)
...
000 (391132.005.000) 2024-01-19 14:30:22 Job submitted from host: <172.30.1.200:9618?addrs=172.30.1.200-9618&alias=tamsa2.snu.ac.kr&noUDP&sock=schedd_3625_06e6>
...
040 (391132.005.000) 2024-01-19 14:30:24 Started transferring input files
	Transferring to host: <172.30.1.208:9618?addrs=172.30.1.208-9618&alias=node8&noUDP&sock=slot1_44_3811_f1b4_191266>
...
001 (391132.005.000) 2024-01-19 14:30:24 Job executing on host: <172.30.1.208:9618?addrs=172.30.1.208-9618&alias=node8&noUDP&sock=startd_3777_494c>
...
040 (391132.005.000) 2024-01-19 14:30:24 Finished transferring input files
...
006 (391132.005.000) 2024-01-19 14:30:32 Image size of job updated: 612712
	176  -  MemoryUsage of job (MB)
	179676  -  ResidentSetSize of job (KB)
...
006 (391132.005.000) 2024-01-19 14:35:32 Image size of job updated: 874684
	207  -  MemoryUsage of job (MB)
	211852  -  ResidentSetSize of job (KB)
...
000 (391137.005.000) 2024-01-19 14:35:50 Job submitted from host: <172.30.1.200:9618?addrs=172.30.1.200-9618&alias=tamsa2.snu.ac.kr&noUDP&sock=schedd_3625_06e6>
...
040 (391137.005.000) 2024-01-19 14:35:51 Started transferring input files
	Transferring to host: <172.30.1.109:9618?addrs=172.30.1.109-9618&alias=n9&noUDP&sock=slot1_6_4134_86e1_92595>
...
040 (391137.005.000) 2024-01-19 14:35:51 Finished transferring input files
...
001 (391137.005.000) 2024-01-19 14:35:51 Job executing on host: <172.30.1.109:9618?addrs=172.30.1.109-9618&alias=n9&noUDP&sock=startd_4100_d663>
...
006 (391137.005.000) 2024-01-19 14:36:00 Image size of job updated: 152880
	15  -  MemoryUsage of job (MB)
	14816  -  ResidentSetSize of job (KB)
...
006 (391137.005.000) 2024-01-19 14:36:00 Image size of job updated: 220364
	15  -  MemoryUsage of job (MB)
	14816  -  ResidentSetSize of job (KB)
...
004 (391137.005.000) 2024-01-19 14:36:00 Job was evicted.
	(0) CPU times
		Usr 0 00:00:00, Sys 0 00:00:00  -  Run Remote Usage
		Usr 0 00:00:00, Sys 0 00:00:00  -  Run Local Usage
	0  -  Run Bytes Sent By Job
	183614  -  Run Bytes Received By Job
	Partitionable Resources :    Usage  Request Allocated 
	   Cpus                 :     0.00        1         1 
	   Disk (KB)            :   235         200    127849 
	   Memory (MB)          :    15        3900      3968 
...
009 (391137.005.000) 2024-01-19 14:36:00 Job was aborted.
	via condor_rm (by user shin)
...
004 (391132.005.000) 2024-01-19 14:36:01 Job was evicted.
	(0) CPU times
		Usr 0 00:04:29, Sys 0 00:00:20  -  Run Remote Usage
		Usr 0 00:00:00, Sys 0 00:00:00  -  Run Local Usage
	0  -  Run Bytes Sent By Job
	183608  -  Run Bytes Received By Job
	Partitionable Resources :    Usage  Request Allocated 
	   Cpus                 :     0.94        1         1 
	   Disk (KB)            : 14457         200    128928 
	   Memory (MB)          :   207        3900      3968 
...
009 (391132.005.000) 2024-01-19 14:36:01 Job was aborted.
	via condor_rm (by user shin)
...
000 (391138.005.000) 2024-01-19 14:36:02 Job submitted from host: <172.30.1.200:9618?addrs=172.30.1.200-9618&alias=tamsa2.snu.ac.kr&noUDP&sock=schedd_3625_06e6>
...
040 (391138.005.000) 2024-01-19 14:36:12 Started transferring input files
	Transferring to host: <172.30.1.208:9618?addrs=172.30.1.208-9618&alias=node8&noUDP&sock=slot1_43_3811_f1b4_191273>
...
040 (391138.005.000) 2024-01-19 14:36:12 Finished transferring input files
...
001 (391138.005.000) 2024-01-19 14:36:12 Job executing on host: <172.30.1.208:9618?addrs=172.30.1.208-9618&alias=node8&noUDP&sock=startd_3777_494c>
...
006 (391138.005.000) 2024-01-19 14:36:21 Image size of job updated: 801204
	181  -  MemoryUsage of job (MB)
	184576  -  ResidentSetSize of job (KB)
...
006 (391138.005.000) 2024-01-19 14:41:21 Image size of job updated: 868704
	212  -  MemoryUsage of job (MB)
	216804  -  ResidentSetSize of job (KB)
...
006 (391138.005.000) 2024-01-19 14:42:17 Image size of job updated: 874660
	212  -  MemoryUsage of job (MB)
	216804  -  ResidentSetSize of job (KB)
...
040 (391138.005.000) 2024-01-19 14:42:17 Started transferring output files
...
040 (391138.005.000) 2024-01-19 14:42:19 Finished transferring output files
...
005 (391138.005.000) 2024-01-19 14:42:19 Job terminated.
	(1) Normal termination (return value 0)
		Usr 0 00:05:00, Sys 0 00:00:23  -  Run Remote Usage
		Usr 0 00:00:00, Sys 0 00:00:00  -  Run Local Usage
		Usr 0 00:05:00, Sys 0 00:00:23  -  Total Remote Usage
		Usr 0 00:00:00, Sys 0 00:00:00  -  Total Local Usage
	32923292  -  Run Bytes Sent By Job
	183614  -  Run Bytes Received By Job
	32923292  -  Total Bytes Sent By Job
	183614  -  Total Bytes Received By Job
	Partitionable Resources :    Usage  Request Allocated 
	   Cpus                 :     0.97        1         1 
	   Disk (KB)            : 32404         200    128928 
	   Memory (MB)          :   212        3900      3968 

	Job terminated of its own accord at 2024-01-19T05:42:17Z.
...
000 (391139.005.000) 2024-01-19 14:48:49 Job submitted from host: <172.30.1.200:9618?addrs=172.30.1.200-9618&alias=tamsa2.snu.ac.kr&noUDP&sock=schedd_3625_06e6>
...
040 (391139.005.000) 2024-01-19 14:48:51 Started transferring input files
	Transferring to host: <172.30.1.208:9618?addrs=172.30.1.208-9618&alias=node8&noUDP&sock=slot1_43_3811_f1b4_191282>
...
001 (391139.005.000) 2024-01-19 14:48:51 Job executing on host: <172.30.1.208:9618?addrs=172.30.1.208-9618&alias=node8&noUDP&sock=startd_3777_494c>
...
040 (391139.005.000) 2024-01-19 14:48:51 Finished transferring input files
...
006 (391139.005.000) 2024-01-19 14:49:00 Image size of job updated: 192908
	164  -  MemoryUsage of job (MB)
	167464  -  ResidentSetSize of job (KB)
...
006 (391139.005.000) 2024-01-19 14:52:18 Image size of job updated: 874036
	164  -  MemoryUsage of job (MB)
	167828  -  ResidentSetSize of job (KB)
...
004 (391139.005.000) 2024-01-19 14:52:18 Job was evicted.
	(0) CPU times
		Usr 0 00:02:44, Sys 0 00:00:13  -  Run Remote Usage
		Usr 0 00:00:00, Sys 0 00:00:00  -  Run Local Usage
	0  -  Run Bytes Sent By Job
	183618  -  Run Bytes Received By Job
	Partitionable Resources :    Usage  Request Allocated 
	   Cpus                 :     0.72        1         1 
	   Disk (KB)            :  8943         200    128928 
	   Memory (MB)          :   164        3900      3968 
...
009 (391139.005.000) 2024-01-19 14:52:18 Job was aborted.
	via condor_rm (by user shin)
...
000 (391140.005.000) 2024-01-19 14:52:19 Job submitted from host: <172.30.1.200:9618?addrs=172.30.1.200-9618&alias=tamsa2.snu.ac.kr&noUDP&sock=schedd_3625_06e6>
...
040 (391140.005.000) 2024-01-19 14:52:22 Started transferring input files
	Transferring to host: <172.30.1.208:9618?addrs=172.30.1.208-9618&alias=node8&noUDP&sock=slot1_46_3811_f1b4_191293>
...
001 (391140.005.000) 2024-01-19 14:52:22 Job executing on host: <172.30.1.208:9618?addrs=172.30.1.208-9618&alias=node8&noUDP&sock=startd_3777_494c>
...
040 (391140.005.000) 2024-01-19 14:52:22 Finished transferring input files
...
006 (391140.005.000) 2024-01-19 14:52:30 Image size of job updated: 763492
	183  -  MemoryUsage of job (MB)
	186724  -  ResidentSetSize of job (KB)
...
006 (391140.005.000) 2024-01-19 14:57:30 Image size of job updated: 867056
	209  -  MemoryUsage of job (MB)
	213444  -  ResidentSetSize of job (KB)
...
006 (391140.005.000) 2024-01-19 14:58:30 Image size of job updated: 874660
	209  -  MemoryUsage of job (MB)
	213444  -  ResidentSetSize of job (KB)
...
040 (391140.005.000) 2024-01-19 14:58:30 Started transferring output files
...
040 (391140.005.000) 2024-01-19 14:58:31 Finished transferring output files
...
005 (391140.005.000) 2024-01-19 14:58:31 Job terminated.
	(1) Normal termination (return value 0)
		Usr 0 00:05:00, Sys 0 00:00:22  -  Run Remote Usage
		Usr 0 00:00:00, Sys 0 00:00:00  -  Run Local Usage
		Usr 0 00:05:00, Sys 0 00:00:22  -  Total Remote Usage
		Usr 0 00:00:00, Sys 0 00:00:00  -  Total Local Usage
	32759200  -  Run Bytes Sent By Job
	183636  -  Run Bytes Received By Job
	32759200  -  Total Bytes Sent By Job
	183636  -  Total Bytes Received By Job
	Partitionable Resources :    Usage  Request Allocated 
	   Cpus                 :     0.88        1         1 
	   Disk (KB)            : 32244         200    128928 
	   Memory (MB)          :   209        3900      3968 

	Job terminated of its own accord at 2024-01-19T05:58:30Z.
...
000 (391145.005.000) 2024-01-19 15:59:26 Job submitted from host: <172.30.1.200:9618?addrs=172.30.1.200-9618&alias=tamsa2.snu.ac.kr&noUDP&sock=schedd_3625_06e6>
...
040 (391145.005.000) 2024-01-19 15:59:29 Started transferring input files
	Transferring to host: <172.30.1.208:9618?addrs=172.30.1.208-9618&alias=node8&noUDP&sock=slot1_46_3811_f1b4_191323>
...
040 (391145.005.000) 2024-01-19 15:59:29 Finished transferring input files
...
001 (391145.005.000) 2024-01-19 15:59:29 Job executing on host: <172.30.1.208:9618?addrs=172.30.1.208-9618&alias=node8&noUDP&sock=startd_3777_494c>
...
006 (391145.005.000) 2024-01-19 15:59:38 Image size of job updated: 201944
	171  -  MemoryUsage of job (MB)
	174660  -  ResidentSetSize of job (KB)
...
006 (391145.005.000) 2024-01-19 16:04:39 Image size of job updated: 874048
	186  -  MemoryUsage of job (MB)
	189796  -  ResidentSetSize of job (KB)
...
006 (391145.005.000) 2024-01-19 16:05:08 Image size of job updated: 874100
	186  -  MemoryUsage of job (MB)
	189840  -  ResidentSetSize of job (KB)
...
040 (391145.005.000) 2024-01-19 16:05:08 Started transferring output files
...
040 (391145.005.000) 2024-01-19 16:05:16 Finished transferring output files
...
005 (391145.005.000) 2024-01-19 16:05:16 Job terminated.
	(1) Normal termination (return value 0)
		Usr 0 00:04:39, Sys 0 00:00:18  -  Run Remote Usage
		Usr 0 00:00:00, Sys 0 00:00:00  -  Run Local Usage
		Usr 0 00:04:39, Sys 0 00:00:18  -  Total Remote Usage
		Usr 0 00:00:00, Sys 0 00:00:00  -  Total Local Usage
	31752856  -  Run Bytes Sent By Job
	184262  -  Run Bytes Received By Job
	31752856  -  Total Bytes Sent By Job
	184262  -  Total Bytes Received By Job
	Partitionable Resources :    Usage  Request Allocated 
	   Cpus                 :     0.95        1         1 
	   Disk (KB)            : 31262         200    128928 
	   Memory (MB)          :   186        3900      3968 

	Job terminated of its own accord at 2024-01-19T07:05:08Z.
...
000 (391151.005.000) 2024-01-19 16:45:38 Job submitted from host: <172.30.1.200:9618?addrs=172.30.1.200-9618&alias=tamsa2.snu.ac.kr&noUDP&sock=schedd_3625_06e6>
...
040 (391151.005.000) 2024-01-19 16:45:46 Started transferring input files
	Transferring to host: <172.30.1.208:9618?addrs=172.30.1.208-9618&alias=node8&noUDP&sock=slot1_46_3811_f1b4_191346>
...
001 (391151.005.000) 2024-01-19 16:45:46 Job executing on host: <172.30.1.208:9618?addrs=172.30.1.208-9618&alias=node8&noUDP&sock=startd_3777_494c>
...
040 (391151.005.000) 2024-01-19 16:45:46 Finished transferring input files
...
006 (391151.005.000) 2024-01-19 16:45:55 Image size of job updated: 561388
	171  -  MemoryUsage of job (MB)
	174660  -  ResidentSetSize of job (KB)
...
000 (391152.005.000) 2024-01-19 16:46:33 Job submitted from host: <172.30.1.200:9618?addrs=172.30.1.200-9618&alias=tamsa2.snu.ac.kr&noUDP&sock=schedd_3625_06e6>
...
040 (391152.005.000) 2024-01-19 16:46:35 Started transferring input files
	Transferring to host: <172.30.1.104:9618?addrs=172.30.1.104-9618&alias=n4&noUDP&sock=slot1_4_21200_1157_32003>
...
001 (391152.005.000) 2024-01-19 16:46:35 Job executing on host: <172.30.1.104:9618?addrs=172.30.1.104-9618&alias=n4&noUDP&sock=startd_21167_613f>
...
040 (391152.005.000) 2024-01-19 16:46:35 Finished transferring input files
...
006 (391152.005.000) 2024-01-19 16:46:43 Image size of job updated: 826444
	43  -  MemoryUsage of job (MB)
	43364  -  ResidentSetSize of job (KB)
...
004 (391152.005.000) 2024-01-19 16:46:43 Job was evicted.
	(0) CPU times
		Usr 0 00:00:07, Sys 0 00:00:01  -  Run Remote Usage
		Usr 0 00:00:00, Sys 0 00:00:00  -  Run Local Usage
	0  -  Run Bytes Sent By Job
	184253  -  Run Bytes Received By Job
	Partitionable Resources :    Usage  Request Allocated 
	   Cpus                 :     0.83        1         1 
	   Disk (KB)            :   679         200     54661 
	   Memory (MB)          :    43        3900      3968 
...
009 (391152.005.000) 2024-01-19 16:46:43 Job was aborted.
	via condor_rm (by user shin)
...
006 (391151.005.000) 2024-01-19 16:47:35 Image size of job updated: 846452
	171  -  MemoryUsage of job (MB)
	174660  -  ResidentSetSize of job (KB)
...
004 (391151.005.000) 2024-01-19 16:47:35 Job was evicted.
	(0) CPU times
		Usr 0 00:01:05, Sys 0 00:00:06  -  Run Remote Usage
		Usr 0 00:00:00, Sys 0 00:00:00  -  Run Local Usage
	0  -  Run Bytes Sent By Job
	184253  -  Run Bytes Received By Job
	Partitionable Resources :    Usage  Request Allocated 
	   Cpus                 :     0.00        1         1 
	   Disk (KB)            :  3432         200    128928 
	   Memory (MB)          :   171        3900      3968 
...
009 (391151.005.000) 2024-01-19 16:47:36 Job was aborted.
	via condor_rm (by user shin)
...
000 (391153.005.000) 2024-01-19 16:47:37 Job submitted from host: <172.30.1.200:9618?addrs=172.30.1.200-9618&alias=tamsa2.snu.ac.kr&noUDP&sock=schedd_3625_06e6>
...
040 (391153.005.000) 2024-01-19 16:47:57 Started transferring input files
	Transferring to host: <172.30.1.211:9618?addrs=172.30.1.211-9618&alias=node11&noUDP&sock=slot1_5_3735_6531_177657>
...
001 (391153.005.000) 2024-01-19 16:47:57 Job executing on host: <172.30.1.211:9618?addrs=172.30.1.211-9618&alias=node11&noUDP&sock=startd_3699_c8e9>
...
040 (391153.005.000) 2024-01-19 16:47:57 Finished transferring input files
...
006 (391153.005.000) 2024-01-19 16:48:05 Image size of job updated: 594856
	183  -  MemoryUsage of job (MB)
	186732  -  ResidentSetSize of job (KB)
...
006 (391153.005.000) 2024-01-19 16:49:41 Image size of job updated: 846180
	183  -  MemoryUsage of job (MB)
	186732  -  ResidentSetSize of job (KB)
...
040 (391153.005.000) 2024-01-19 16:49:41 Started transferring output files
...
040 (391153.005.000) 2024-01-19 16:49:41 Finished transferring output files
...
005 (391153.005.000) 2024-01-19 16:49:41 Job terminated.
	(1) Normal termination (return value 0)
		Usr 0 00:01:16, Sys 0 00:00:08  -  Run Remote Usage
		Usr 0 00:00:00, Sys 0 00:00:00  -  Run Local Usage
		Usr 0 00:01:16, Sys 0 00:00:08  -  Total Remote Usage
		Usr 0 00:00:00, Sys 0 00:00:00  -  Total Local Usage
	7470439  -  Run Bytes Sent By Job
	184257  -  Run Bytes Received By Job
	7470439  -  Total Bytes Sent By Job
	184257  -  Total Bytes Received By Job
	Partitionable Resources :    Usage  Request Allocated 
	   Cpus                 :                 1         1 
	   Disk (KB)            :     7543      200    128928 
	   Memory (MB)          :      183     3900      3968 

	Job terminated of its own accord at 2024-01-19T07:49:41Z.
...
000 (391154.005.000) 2024-01-19 16:50:49 Job submitted from host: <172.30.1.200:9618?addrs=172.30.1.200-9618&alias=tamsa2.snu.ac.kr&noUDP&sock=schedd_3625_06e6>
...
040 (391154.005.000) 2024-01-19 16:50:51 Started transferring input files
	Transferring to host: <172.30.1.206:9618?addrs=172.30.1.206-9618&alias=node6&noUDP&sock=slot1_19_3722_3c50_224113>
...
001 (391154.005.000) 2024-01-19 16:50:51 Job executing on host: <172.30.1.206:9618?addrs=172.30.1.206-9618&alias=node6&noUDP&sock=startd_3686_de2d>
...
040 (391154.005.000) 2024-01-19 16:50:51 Finished transferring input files
...
006 (391154.005.000) 2024-01-19 16:50:59 Image size of job updated: 153364
	75  -  MemoryUsage of job (MB)
	76216  -  ResidentSetSize of job (KB)
...
006 (391154.005.000) 2024-01-19 16:55:59 Image size of job updated: 870744
	206  -  MemoryUsage of job (MB)
	210836  -  ResidentSetSize of job (KB)
...
040 (391154.005.000) 2024-01-19 16:56:10 Started transferring output files
...
040 (391154.005.000) 2024-01-19 16:56:18 Finished transferring output files
...
005 (391154.005.000) 2024-01-19 16:56:18 Job terminated.
	(1) Normal termination (return value 0)
		Usr 0 00:04:37, Sys 0 00:00:19  -  Run Remote Usage
		Usr 0 00:00:00, Sys 0 00:00:00  -  Run Local Usage
		Usr 0 00:04:37, Sys 0 00:00:19  -  Total Remote Usage
		Usr 0 00:00:00, Sys 0 00:00:00  -  Total Local Usage
	32236304  -  Run Bytes Sent By Job
	184256  -  Run Bytes Received By Job
	32236304  -  Total Bytes Sent By Job
	184256  -  Total Bytes Received By Job
	Partitionable Resources :    Usage  Request Allocated 
	   Cpus                 :     1.00        1         1 
	   Disk (KB)            : 31734         200     95898 
	   Memory (MB)          :   206        3900      3968 

	Job terminated of its own accord at 2024-01-19T07:56:10Z.
...
000 (391155.005.000) 2024-01-19 17:22:15 Job submitted from host: <172.30.1.200:9618?addrs=172.30.1.200-9618&alias=tamsa2.snu.ac.kr&noUDP&sock=schedd_3625_06e6>
...
040 (391155.005.000) 2024-01-19 17:22:17 Started transferring input files
	Transferring to host: <172.30.1.204:9618?addrs=172.30.1.204-9618&alias=node4&noUDP&sock=slot1_12_3725_5971_203416>
...
001 (391155.005.000) 2024-01-19 17:22:17 Job executing on host: <172.30.1.204:9618?addrs=172.30.1.204-9618&alias=node4&noUDP&sock=startd_3691_4c27>
...
040 (391155.005.000) 2024-01-19 17:22:17 Finished transferring input files
...
006 (391155.005.000) 2024-01-19 17:22:25 Image size of job updated: 724716
	181  -  MemoryUsage of job (MB)
	184584  -  ResidentSetSize of job (KB)
...
006 (391155.005.000) 2024-01-19 17:24:10 Image size of job updated: 841548
	181  -  MemoryUsage of job (MB)
	184584  -  ResidentSetSize of job (KB)
...
040 (391155.005.000) 2024-01-19 17:24:10 Started transferring output files
...
040 (391155.005.000) 2024-01-19 17:24:10 Finished transferring output files
...
005 (391155.005.000) 2024-01-19 17:24:10 Job terminated.
	(1) Normal termination (return value 0)
		Usr 0 00:01:11, Sys 0 00:00:07  -  Run Remote Usage
		Usr 0 00:00:00, Sys 0 00:00:00  -  Run Local Usage
		Usr 0 00:01:11, Sys 0 00:00:07  -  Total Remote Usage
		Usr 0 00:00:00, Sys 0 00:00:00  -  Total Local Usage
	7465407  -  Run Bytes Sent By Job
	186554  -  Run Bytes Received By Job
	7465407  -  Total Bytes Sent By Job
	186554  -  Total Bytes Received By Job
	Partitionable Resources :    Usage  Request Allocated 
	   Cpus                 :                 1         1 
	   Disk (KB)            :     7540      200    128928 
	   Memory (MB)          :      181     3900      3968 

	Job terminated of its own accord at 2024-01-19T08:24:10Z.
...
000 (391156.005.000) 2024-01-19 17:29:00 Job submitted from host: <172.30.1.200:9618?addrs=172.30.1.200-9618&alias=tamsa2.snu.ac.kr&noUDP&sock=schedd_3625_06e6>
...
040 (391156.005.000) 2024-01-19 17:29:02 Started transferring input files
	Transferring to host: <172.30.1.204:9618?addrs=172.30.1.204-9618&alias=node4&noUDP&sock=slot1_10_3725_5971_203421>
...
001 (391156.005.000) 2024-01-19 17:29:02 Job executing on host: <172.30.1.204:9618?addrs=172.30.1.204-9618&alias=node4&noUDP&sock=startd_3691_4c27>
...
040 (391156.005.000) 2024-01-19 17:29:02 Finished transferring input files
...
006 (391156.005.000) 2024-01-19 17:29:11 Image size of job updated: 186740
	183  -  MemoryUsage of job (MB)
	186740  -  ResidentSetSize of job (KB)
...
006 (391156.005.000) 2024-01-19 17:30:55 Image size of job updated: 845192
	183  -  MemoryUsage of job (MB)
	186740  -  ResidentSetSize of job (KB)
...
040 (391156.005.000) 2024-01-19 17:30:56 Started transferring output files
...
040 (391156.005.000) 2024-01-19 17:30:56 Finished transferring output files
...
005 (391156.005.000) 2024-01-19 17:30:56 Job terminated.
	(1) Normal termination (return value 0)
		Usr 0 00:01:10, Sys 0 00:00:07  -  Run Remote Usage
		Usr 0 00:00:00, Sys 0 00:00:00  -  Run Local Usage
		Usr 0 00:01:10, Sys 0 00:00:07  -  Total Remote Usage
		Usr 0 00:00:00, Sys 0 00:00:00  -  Total Local Usage
	7465407  -  Run Bytes Sent By Job
	186554  -  Run Bytes Received By Job
	7465407  -  Total Bytes Sent By Job
	186554  -  Total Bytes Received By Job
	Partitionable Resources :    Usage  Request Allocated 
	   Cpus                 :                 1         1 
	   Disk (KB)            :     7540      200    128928 
	   Memory (MB)          :      183     3900      3968 

	Job terminated of its own accord at 2024-01-19T08:30:55Z.
...
000 (391161.005.000) 2024-01-19 17:33:03 Job submitted from host: <172.30.1.200:9618?addrs=172.30.1.200-9618&alias=tamsa2.snu.ac.kr&noUDP&sock=schedd_3625_06e6>
...
040 (391161.005.000) 2024-01-19 17:33:05 Started transferring input files
	Transferring to host: <172.30.1.204:9618?addrs=172.30.1.204-9618&alias=node4&noUDP&sock=slot1_26_3725_5971_203426>
...
001 (391161.005.000) 2024-01-19 17:33:05 Job executing on host: <172.30.1.204:9618?addrs=172.30.1.204-9618&alias=node4&noUDP&sock=startd_3691_4c27>
...
040 (391161.005.000) 2024-01-19 17:33:05 Finished transferring input files
...
006 (391161.005.000) 2024-01-19 17:33:13 Image size of job updated: 233860
	183  -  MemoryUsage of job (MB)
	186740  -  ResidentSetSize of job (KB)
...
006 (391161.005.000) 2024-01-19 17:34:52 Image size of job updated: 845684
	183  -  MemoryUsage of job (MB)
	186740  -  ResidentSetSize of job (KB)
...
040 (391161.005.000) 2024-01-19 17:34:52 Started transferring output files
...
040 (391161.005.000) 2024-01-19 17:34:53 Finished transferring output files
...
005 (391161.005.000) 2024-01-19 17:34:53 Job terminated.
	(1) Normal termination (return value 0)
		Usr 0 00:01:10, Sys 0 00:00:07  -  Run Remote Usage
		Usr 0 00:00:00, Sys 0 00:00:00  -  Run Local Usage
		Usr 0 00:01:10, Sys 0 00:00:07  -  Total Remote Usage
		Usr 0 00:00:00, Sys 0 00:00:00  -  Total Local Usage
	7469647  -  Run Bytes Sent By Job
	186686  -  Run Bytes Received By Job
	7469647  -  Total Bytes Sent By Job
	186686  -  Total Bytes Received By Job
	Partitionable Resources :    Usage  Request Allocated 
	   Cpus                 :                 1         1 
	   Disk (KB)            :     7545      200    128928 
	   Memory (MB)          :      183     3900      3968 

	Job terminated of its own accord at 2024-01-19T08:34:52Z.
...
000 (391162.005.000) 2024-01-19 17:42:17 Job submitted from host: <172.30.1.200:9618?addrs=172.30.1.200-9618&alias=tamsa2.snu.ac.kr&noUDP&sock=schedd_3625_06e6>
...
040 (391162.005.000) 2024-01-19 17:42:27 Started transferring input files
	Transferring to host: <172.30.1.204:9618?addrs=172.30.1.204-9618&alias=node4&noUDP&sock=slot1_12_3725_5971_203433>
...
001 (391162.005.000) 2024-01-19 17:42:27 Job executing on host: <172.30.1.204:9618?addrs=172.30.1.204-9618&alias=node4&noUDP&sock=startd_3691_4c27>
...
040 (391162.005.000) 2024-01-19 17:42:27 Finished transferring input files
...
006 (391162.005.000) 2024-01-19 17:42:35 Image size of job updated: 809112
	181  -  MemoryUsage of job (MB)
	184568  -  ResidentSetSize of job (KB)
...
006 (391162.005.000) 2024-01-19 17:44:24 Image size of job updated: 845992
	181  -  MemoryUsage of job (MB)
	184568  -  ResidentSetSize of job (KB)
...
040 (391162.005.000) 2024-01-19 17:44:25 Started transferring output files
...
040 (391162.005.000) 2024-01-19 17:44:25 Finished transferring output files
...
005 (391162.005.000) 2024-01-19 17:44:25 Job terminated.
	(1) Normal termination (return value 0)
		Usr 0 00:01:10, Sys 0 00:00:07  -  Run Remote Usage
		Usr 0 00:00:00, Sys 0 00:00:00  -  Run Local Usage
		Usr 0 00:01:10, Sys 0 00:00:07  -  Total Remote Usage
		Usr 0 00:00:00, Sys 0 00:00:00  -  Total Local Usage
	7465015  -  Run Bytes Sent By Job
	187104  -  Run Bytes Received By Job
	7465015  -  Total Bytes Sent By Job
	187104  -  Total Bytes Received By Job
	Partitionable Resources :    Usage  Request Allocated 
	   Cpus                 :                 1         1 
	   Disk (KB)            :     7540      200    128928 
	   Memory (MB)          :      181     3900      3968 

	Job terminated of its own accord at 2024-01-19T08:44:24Z.
...
000 (391163.005.000) 2024-01-19 17:55:43 Job submitted from host: <172.30.1.200:9618?addrs=172.30.1.200-9618&alias=tamsa2.snu.ac.kr&noUDP&sock=schedd_3625_06e6>
...
040 (391163.005.000) 2024-01-19 17:55:55 Started transferring input files
	Transferring to host: <172.30.1.208:9618?addrs=172.30.1.208-9618&alias=node8&noUDP&sock=slot1_48_3811_f1b4_191403>
...
001 (391163.005.000) 2024-01-19 17:55:55 Job executing on host: <172.30.1.208:9618?addrs=172.30.1.208-9618&alias=node8&noUDP&sock=startd_3777_494c>
...
040 (391163.005.000) 2024-01-19 17:55:55 Finished transferring input files
...
006 (391163.005.000) 2024-01-19 17:56:04 Image size of job updated: 758432
	171  -  MemoryUsage of job (MB)
	174672  -  ResidentSetSize of job (KB)
...
006 (391163.005.000) 2024-01-19 18:00:08 Image size of job updated: 875016
	171  -  MemoryUsage of job (MB)
	174672  -  ResidentSetSize of job (KB)
...
040 (391163.005.000) 2024-01-19 18:00:08 Started transferring output files
...
040 (391163.005.000) 2024-01-19 18:00:09 Finished transferring output files
...
005 (391163.005.000) 2024-01-19 18:00:09 Job terminated.
	(1) Normal termination (return value 0)
		Usr 0 00:03:25, Sys 0 00:00:11  -  Run Remote Usage
		Usr 0 00:00:00, Sys 0 00:00:00  -  Run Local Usage
		Usr 0 00:03:25, Sys 0 00:00:11  -  Total Remote Usage
		Usr 0 00:00:00, Sys 0 00:00:00  -  Total Local Usage
	34044316  -  Run Bytes Sent By Job
	186100  -  Run Bytes Received By Job
	34044316  -  Total Bytes Sent By Job
	186100  -  Total Bytes Received By Job
	Partitionable Resources :    Usage  Request Allocated 
	   Cpus                 :                 1         1 
	   Disk (KB)            :    33495      200    128928 
	   Memory (MB)          :      171     3900      3968 

	Job terminated of its own accord at 2024-01-19T09:00:08Z.
...
000 (391164.005.000) 2024-01-19 18:03:23 Job submitted from host: <172.30.1.200:9618?addrs=172.30.1.200-9618&alias=tamsa2.snu.ac.kr&noUDP&sock=schedd_3625_06e6>
...
040 (391164.005.000) 2024-01-19 18:03:37 Started transferring input files
	Transferring to host: <172.30.1.106:9618?addrs=172.30.1.106-9618&alias=n6&noUDP&sock=slot1_2_3378_db42_31805>
...
040 (391164.005.000) 2024-01-19 18:03:37 Finished transferring input files
...
001 (391164.005.000) 2024-01-19 18:03:37 Job executing on host: <172.30.1.106:9618?addrs=172.30.1.106-9618&alias=n6&noUDP&sock=startd_3343_9931>
...
006 (391164.005.000) 2024-01-19 18:03:45 Image size of job updated: 256240
	172  -  MemoryUsage of job (MB)
	175120  -  ResidentSetSize of job (KB)
...
006 (391164.005.000) 2024-01-19 18:08:31 Image size of job updated: 875812
	172  -  MemoryUsage of job (MB)
	175120  -  ResidentSetSize of job (KB)
...
040 (391164.005.000) 2024-01-19 18:08:31 Started transferring output files
...
040 (391164.005.000) 2024-01-19 18:08:32 Finished transferring output files
...
005 (391164.005.000) 2024-01-19 18:08:32 Job terminated.
	(1) Normal termination (return value 0)
		Usr 0 00:04:24, Sys 0 00:00:17  -  Run Remote Usage
		Usr 0 00:00:00, Sys 0 00:00:00  -  Run Local Usage
		Usr 0 00:04:24, Sys 0 00:00:17  -  Total Remote Usage
		Usr 0 00:00:00, Sys 0 00:00:00  -  Total Local Usage
	85491528  -  Run Bytes Sent By Job
	186386  -  Run Bytes Received By Job
	85491528  -  Total Bytes Sent By Job
	186386  -  Total Bytes Received By Job
	Partitionable Resources :    Usage  Request Allocated 
	   Cpus                 :     0.97        1         1 
	   Disk (KB)            : 83743         200     61880 
	   Memory (MB)          :   172        3900      3968 

	Job terminated of its own accord at 2024-01-19T09:08:31Z.
...
000 (391165.005.000) 2024-01-19 22:41:31 Job submitted from host: <172.30.1.200:9618?addrs=172.30.1.200-9618&alias=tamsa2.snu.ac.kr&noUDP&sock=schedd_3625_06e6>
...
040 (391165.005.000) 2024-01-19 22:41:33 Started transferring input files
	Transferring to host: <172.30.1.211:9618?addrs=172.30.1.211-9618&alias=node11&noUDP&sock=slot1_39_3735_6531_177726>
...
001 (391165.005.000) 2024-01-19 22:41:33 Job executing on host: <172.30.1.211:9618?addrs=172.30.1.211-9618&alias=node11&noUDP&sock=startd_3699_c8e9>
...
040 (391165.005.000) 2024-01-19 22:41:33 Finished transferring input files
...
006 (391165.005.000) 2024-01-19 22:41:42 Image size of job updated: 95628
	78  -  MemoryUsage of job (MB)
	79360  -  ResidentSetSize of job (KB)
...
006 (391165.005.000) 2024-01-19 22:43:10 Image size of job updated: 846576
	78  -  MemoryUsage of job (MB)
	79368  -  ResidentSetSize of job (KB)
...
040 (391165.005.000) 2024-01-19 22:43:10 Started transferring output files
...
040 (391165.005.000) 2024-01-19 22:43:14 Finished transferring output files
...
005 (391165.005.000) 2024-01-19 22:43:14 Job terminated.
	(1) Normal termination (return value 0)
		Usr 0 00:01:11, Sys 0 00:00:07  -  Run Remote Usage
		Usr 0 00:00:00, Sys 0 00:00:00  -  Run Local Usage
		Usr 0 00:01:11, Sys 0 00:00:07  -  Total Remote Usage
		Usr 0 00:00:00, Sys 0 00:00:00  -  Total Local Usage
	7473711  -  Run Bytes Sent By Job
	185908  -  Run Bytes Received By Job
	7473711  -  Total Bytes Sent By Job
	185908  -  Total Bytes Received By Job
	Partitionable Resources :    Usage  Request Allocated 
	   Cpus                 :                 1         1 
	   Disk (KB)            :     7548      200    128928 
	   Memory (MB)          :       78     3900      3968 

	Job terminated of its own accord at 2024-01-19T13:43:10Z.
...
000 (391166.005.000) 2024-01-19 22:44:51 Job submitted from host: <172.30.1.200:9618?addrs=172.30.1.200-9618&alias=tamsa2.snu.ac.kr&noUDP&sock=schedd_3625_06e6>
...
040 (391166.005.000) 2024-01-19 22:44:58 Started transferring input files
	Transferring to host: <172.30.1.211:9618?addrs=172.30.1.211-9618&alias=node11&noUDP&sock=slot1_39_3735_6531_177732>
...
040 (391166.005.000) 2024-01-19 22:44:58 Finished transferring input files
...
001 (391166.005.000) 2024-01-19 22:44:58 Job executing on host: <172.30.1.211:9618?addrs=172.30.1.211-9618&alias=node11&noUDP&sock=startd_3699_c8e9>
...
006 (391166.005.000) 2024-01-19 22:45:07 Image size of job updated: 559104
	184  -  MemoryUsage of job (MB)
	187572  -  ResidentSetSize of job (KB)
...
006 (391166.005.000) 2024-01-19 22:49:59 Image size of job updated: 874092
	184  -  MemoryUsage of job (MB)
	187572  -  ResidentSetSize of job (KB)
...
040 (391166.005.000) 2024-01-19 22:49:59 Started transferring output files
...
040 (391166.005.000) 2024-01-19 22:49:59 Finished transferring output files
...
005 (391166.005.000) 2024-01-19 22:49:59 Job terminated.
	(1) Normal termination (return value 0)
		Usr 0 00:04:35, Sys 0 00:00:18  -  Run Remote Usage
		Usr 0 00:00:00, Sys 0 00:00:00  -  Run Local Usage
		Usr 0 00:04:35, Sys 0 00:00:18  -  Total Remote Usage
		Usr 0 00:00:00, Sys 0 00:00:00  -  Total Local Usage
	32251090  -  Run Bytes Sent By Job
	185911  -  Run Bytes Received By Job
	32251090  -  Total Bytes Sent By Job
	185911  -  Total Bytes Received By Job
	Partitionable Resources :    Usage  Request Allocated 
	   Cpus                 :     0.70        1         1 
	   Disk (KB)            : 31750         200    128928 
	   Memory (MB)          :   184        3900      3968 

	Job terminated of its own accord at 2024-01-19T13:49:59Z.
...
000 (391167.005.000) 2024-01-19 22:57:44 Job submitted from host: <172.30.1.200:9618?addrs=172.30.1.200-9618&alias=tamsa2.snu.ac.kr&noUDP&sock=schedd_3625_06e6>
...
040 (391167.005.000) 2024-01-19 22:57:45 Started transferring input files
	Transferring to host: <172.30.1.204:9618?addrs=172.30.1.204-9618&alias=node4&noUDP&sock=slot1_6_3725_5971_203539>
...
001 (391167.005.000) 2024-01-19 22:57:45 Job executing on host: <172.30.1.204:9618?addrs=172.30.1.204-9618&alias=node4&noUDP&sock=startd_3691_4c27>
...
040 (391167.005.000) 2024-01-19 22:57:45 Finished transferring input files
...
006 (391167.005.000) 2024-01-19 22:57:54 Image size of job updated: 139344
	67  -  MemoryUsage of job (MB)
	67988  -  ResidentSetSize of job (KB)
...
006 (391167.005.000) 2024-01-19 23:02:33 Image size of job updated: 873808
	67  -  MemoryUsage of job (MB)
	67988  -  ResidentSetSize of job (KB)
...
040 (391167.005.000) 2024-01-19 23:02:33 Started transferring output files
...
040 (391167.005.000) 2024-01-19 23:02:34 Finished transferring output files
...
005 (391167.005.000) 2024-01-19 23:02:34 Job terminated.
	(1) Normal termination (return value 0)
		Usr 0 00:04:15, Sys 0 00:00:15  -  Run Remote Usage
		Usr 0 00:00:00, Sys 0 00:00:00  -  Run Local Usage
		Usr 0 00:04:15, Sys 0 00:00:15  -  Total Remote Usage
		Usr 0 00:00:00, Sys 0 00:00:00  -  Total Local Usage
	32209604  -  Run Bytes Sent By Job
	185911  -  Run Bytes Received By Job
	32209604  -  Total Bytes Sent By Job
	185911  -  Total Bytes Received By Job
	Partitionable Resources :    Usage  Request Allocated 
	   Cpus                 :     1.00        1         1 
	   Disk (KB)            : 31710         200    128928 
	   Memory (MB)          :    67        3900      3968 

	Job terminated of its own accord at 2024-01-19T14:02:33Z.
...
000 (391343.005.000) 2024-01-22 10:59:17 Job submitted from host: <172.30.1.200:9618?addrs=172.30.1.200-9618&alias=tamsa2.snu.ac.kr&noUDP&sock=schedd_3625_06e6>
...
040 (391343.005.000) 2024-01-22 10:59:21 Started transferring input files
	Transferring to host: <172.30.1.216:9618?addrs=172.30.1.216-9618&alias=node16&noUDP&sock=slot1_14_4290_7168_332783>
...
040 (391343.005.000) 2024-01-22 10:59:21 Finished transferring input files
...
001 (391343.005.000) 2024-01-22 10:59:21 Job executing on host: <172.30.1.216:9618?addrs=172.30.1.216-9618&alias=node16&noUDP&sock=startd_4255_2791>
...
006 (391343.005.000) 2024-01-22 10:59:30 Image size of job updated: 1288
	1  -  MemoryUsage of job (MB)
	84  -  ResidentSetSize of job (KB)
...
006 (391343.005.000) 2024-01-22 11:04:31 Image size of job updated: 961108
	244  -  MemoryUsage of job (MB)
	249748  -  ResidentSetSize of job (KB)
...
006 (391343.005.000) 2024-01-22 11:09:31 Image size of job updated: 961108
	293  -  MemoryUsage of job (MB)
	299340  -  ResidentSetSize of job (KB)
...
006 (391343.005.000) 2024-01-22 11:15:47 Image size of job updated: 966156
	293  -  MemoryUsage of job (MB)
	299340  -  ResidentSetSize of job (KB)
...
040 (391343.005.000) 2024-01-22 11:15:47 Started transferring output files
...
040 (391343.005.000) 2024-01-22 11:15:48 Finished transferring output files
...
005 (391343.005.000) 2024-01-22 11:15:48 Job terminated.
	(1) Normal termination (return value 0)
		Usr 0 00:14:33, Sys 0 00:00:53  -  Run Remote Usage
		Usr 0 00:00:00, Sys 0 00:00:00  -  Run Local Usage
		Usr 0 00:14:33, Sys 0 00:00:53  -  Total Remote Usage
		Usr 0 00:00:00, Sys 0 00:00:00  -  Total Local Usage
	30751930  -  Run Bytes Sent By Job
	185924  -  Run Bytes Received By Job
	30751930  -  Total Bytes Sent By Job
	185924  -  Total Bytes Received By Job
	Partitionable Resources :    Usage  Request Allocated 
	   Cpus                 :     0.74        1         1 
	   Disk (KB)            : 30286         200    261111 
	   Memory (MB)          :   293        3900      3968 

	Job terminated of its own accord at 2024-01-22T02:15:47Z.
...
000 (391348.005.000) 2024-01-22 12:29:14 Job submitted from host: <172.30.1.200:9618?addrs=172.30.1.200-9618&alias=tamsa2.snu.ac.kr&noUDP&sock=schedd_3625_06e6>
...
040 (391348.005.000) 2024-01-22 12:29:16 Started transferring input files
	Transferring to host: <172.30.1.216:9618?addrs=172.30.1.216-9618&alias=node16&noUDP&sock=slot1_6_4290_7168_332819>
...
040 (391348.005.000) 2024-01-22 12:29:16 Finished transferring input files
...
001 (391348.005.000) 2024-01-22 12:29:16 Job executing on host: <172.30.1.216:9618?addrs=172.30.1.216-9618&alias=node16&noUDP&sock=startd_4255_2791>
...
006 (391348.005.000) 2024-01-22 12:29:25 Image size of job updated: 139344
	5  -  MemoryUsage of job (MB)
	4960  -  ResidentSetSize of job (KB)
...
006 (391348.005.000) 2024-01-22 12:34:26 Image size of job updated: 950428
	235  -  MemoryUsage of job (MB)
	240384  -  ResidentSetSize of job (KB)
...
006 (391348.005.000) 2024-01-22 12:39:26 Image size of job updated: 960008
	292  -  MemoryUsage of job (MB)
	298268  -  ResidentSetSize of job (KB)
...
006 (391348.005.000) 2024-01-22 12:44:26 Image size of job updated: 966256
	292  -  MemoryUsage of job (MB)
	298268  -  ResidentSetSize of job (KB)
...
040 (391348.005.000) 2024-01-22 12:45:31 Started transferring output files
...
040 (391348.005.000) 2024-01-22 12:45:31 Finished transferring output files
...
005 (391348.005.000) 2024-01-22 12:45:31 Job terminated.
	(1) Normal termination (return value 0)
		Usr 0 00:14:44, Sys 0 00:00:55  -  Run Remote Usage
		Usr 0 00:00:00, Sys 0 00:00:00  -  Run Local Usage
		Usr 0 00:14:44, Sys 0 00:00:55  -  Total Remote Usage
		Usr 0 00:00:00, Sys 0 00:00:00  -  Total Local Usage
	30751784  -  Run Bytes Sent By Job
	186484  -  Run Bytes Received By Job
	30751784  -  Total Bytes Sent By Job
	186484  -  Total Bytes Received By Job
	Partitionable Resources :    Usage  Request Allocated 
	   Cpus                 :     0.93        1         1 
	   Disk (KB)            : 30287         200    261111 
	   Memory (MB)          :   292        3900      3968 

	Job terminated of its own accord at 2024-01-22T03:45:30Z.
...
000 (391350.005.000) 2024-01-22 13:01:44 Job submitted from host: <172.30.1.200:9618?addrs=172.30.1.200-9618&alias=tamsa2.snu.ac.kr&noUDP&sock=schedd_3625_06e6>
...
040 (391350.005.000) 2024-01-22 13:01:59 Started transferring input files
	Transferring to host: <172.30.1.216:9618?addrs=172.30.1.216-9618&alias=node16&noUDP&sock=slot1_6_4290_7168_332859>
...
040 (391350.005.000) 2024-01-22 13:01:59 Finished transferring input files
...
001 (391350.005.000) 2024-01-22 13:01:59 Job executing on host: <172.30.1.216:9618?addrs=172.30.1.216-9618&alias=node16&noUDP&sock=startd_4255_2791>
...
006 (391350.005.000) 2024-01-22 13:02:08 Image size of job updated: 139344
	5  -  MemoryUsage of job (MB)
	4956  -  ResidentSetSize of job (KB)
...
006 (391350.005.000) 2024-01-22 13:07:09 Image size of job updated: 959940
	244  -  MemoryUsage of job (MB)
	249520  -  ResidentSetSize of job (KB)
...
006 (391350.005.000) 2024-01-22 13:17:11 Image size of job updated: 959940
	244  -  MemoryUsage of job (MB)
	249584  -  ResidentSetSize of job (KB)
...
040 (391350.005.000) 2024-01-22 13:18:21 Started transferring output files
...
040 (391350.005.000) 2024-01-22 13:18:22 Finished transferring output files
...
005 (391350.005.000) 2024-01-22 13:18:22 Job terminated.
	(1) Normal termination (return value 0)
		Usr 0 00:14:54, Sys 0 00:00:52  -  Run Remote Usage
		Usr 0 00:00:00, Sys 0 00:00:00  -  Run Local Usage
		Usr 0 00:14:54, Sys 0 00:00:52  -  Total Remote Usage
		Usr 0 00:00:00, Sys 0 00:00:00  -  Total Local Usage
	30650228  -  Run Bytes Sent By Job
	186577  -  Run Bytes Received By Job
	30650228  -  Total Bytes Sent By Job
	186577  -  Total Bytes Received By Job
	Partitionable Resources :    Usage  Request Allocated 
	   Cpus                 :     1.00        1         1 
	   Disk (KB)            : 30188         200    261111 
	   Memory (MB)          :   244        3900      3968 

	Job terminated of its own accord at 2024-01-22T04:18:21Z.
...
000 (391361.005.000) 2024-01-22 13:44:17 Job submitted from host: <172.30.1.200:9618?addrs=172.30.1.200-9618&alias=tamsa2.snu.ac.kr&noUDP&sock=schedd_3625_06e6>
...
040 (391361.005.000) 2024-01-22 13:44:26 Started transferring input files
	Transferring to host: <172.30.1.216:9618?addrs=172.30.1.216-9618&alias=node16&noUDP&sock=slot1_24_4290_7168_332989>
...
040 (391361.005.000) 2024-01-22 13:44:26 Finished transferring input files
...
001 (391361.005.000) 2024-01-22 13:44:26 Job executing on host: <172.30.1.216:9618?addrs=172.30.1.216-9618&alias=node16&noUDP&sock=startd_4255_2791>
...
006 (391361.005.000) 2024-01-22 13:44:35 Image size of job updated: 561384
	74  -  MemoryUsage of job (MB)
	75368  -  ResidentSetSize of job (KB)
...
006 (391361.005.000) 2024-01-22 13:47:57 Image size of job updated: 867996
	74  -  MemoryUsage of job (MB)
	75368  -  ResidentSetSize of job (KB)
...
040 (391361.005.000) 2024-01-22 13:47:57 Started transferring output files
...
040 (391361.005.000) 2024-01-22 13:48:00 Finished transferring output files
...
005 (391361.005.000) 2024-01-22 13:48:00 Job terminated.
	(1) Normal termination (return value 0)
		Usr 0 00:02:58, Sys 0 00:00:14  -  Run Remote Usage
		Usr 0 00:00:00, Sys 0 00:00:00  -  Run Local Usage
		Usr 0 00:02:58, Sys 0 00:00:14  -  Total Remote Usage
		Usr 0 00:00:00, Sys 0 00:00:00  -  Total Local Usage
	40137100  -  Run Bytes Sent By Job
	191813  -  Run Bytes Received By Job
	40137100  -  Total Bytes Sent By Job
	191813  -  Total Bytes Received By Job
	Partitionable Resources :    Usage  Request Allocated 
	   Cpus                 :     0.64        1         1 
	   Disk (KB)            : 39459         200    261111 
	   Memory (MB)          :    74        3900      3968 

	Job terminated of its own accord at 2024-01-22T04:47:57Z.
...
000 (391362.005.000) 2024-01-22 13:50:58 Job submitted from host: <172.30.1.200:9618?addrs=172.30.1.200-9618&alias=tamsa2.snu.ac.kr&noUDP&sock=schedd_3625_06e6>
...
040 (391362.005.000) 2024-01-22 13:51:01 Started transferring input files
	Transferring to host: <172.30.1.216:9618?addrs=172.30.1.216-9618&alias=node16&noUDP&sock=slot1_22_4290_7168_333037>
...
040 (391362.005.000) 2024-01-22 13:51:01 Finished transferring input files
...
001 (391362.005.000) 2024-01-22 13:51:01 Job executing on host: <172.30.1.216:9618?addrs=172.30.1.216-9618&alias=node16&noUDP&sock=startd_4255_2791>
...
006 (391362.005.000) 2024-01-22 13:51:10 Image size of job updated: 139344
	5  -  MemoryUsage of job (MB)
	4952  -  ResidentSetSize of job (KB)
...
006 (391362.005.000) 2024-01-22 13:56:10 Image size of job updated: 967640
	236  -  MemoryUsage of job (MB)
	241040  -  ResidentSetSize of job (KB)
...
006 (391362.005.000) 2024-01-22 14:01:11 Image size of job updated: 967640
	245  -  MemoryUsage of job (MB)
	250816  -  ResidentSetSize of job (KB)
...
006 (391362.005.000) 2024-01-22 14:06:11 Image size of job updated: 968380
	284  -  MemoryUsage of job (MB)
	290676  -  ResidentSetSize of job (KB)
...
006 (391362.005.000) 2024-01-22 14:08:52 Image size of job updated: 968464
	284  -  MemoryUsage of job (MB)
	290676  -  ResidentSetSize of job (KB)
...
040 (391362.005.000) 2024-01-22 14:08:53 Started transferring output files
...
040 (391362.005.000) 2024-01-22 14:09:05 Finished transferring output files
...
005 (391362.005.000) 2024-01-22 14:09:05 Job terminated.
	(1) Normal termination (return value 0)
		Usr 0 00:15:23, Sys 0 00:01:05  -  Run Remote Usage
		Usr 0 00:00:00, Sys 0 00:00:00  -  Run Local Usage
		Usr 0 00:15:23, Sys 0 00:01:05  -  Total Remote Usage
		Usr 0 00:00:00, Sys 0 00:00:00  -  Total Local Usage
	30709454  -  Run Bytes Sent By Job
	191814  -  Run Bytes Received By Job
	30709454  -  Total Bytes Sent By Job
	191814  -  Total Bytes Received By Job
	Partitionable Resources :    Usage  Request Allocated 
	   Cpus                 :     1.00        1         1 
	   Disk (KB)            : 30253         200    261111 
	   Memory (MB)          :   284        3900      3968 

	Job terminated of its own accord at 2024-01-22T05:08:52Z.
...
000 (391496.005.000) 2024-01-22 14:58:10 Job submitted from host: <172.30.1.200:9618?addrs=172.30.1.200-9618&alias=tamsa2.snu.ac.kr&noUDP&sock=schedd_3625_06e6>
...
040 (391496.005.000) 2024-01-22 14:58:16 Started transferring input files
	Transferring to host: <172.30.1.216:9618?addrs=172.30.1.216-9618&alias=node16&noUDP&sock=slot1_16_4290_7168_333196>
...
040 (391496.005.000) 2024-01-22 14:58:16 Finished transferring input files
...
001 (391496.005.000) 2024-01-22 14:58:16 Job executing on host: <172.30.1.216:9618?addrs=172.30.1.216-9618&alias=node16&noUDP&sock=startd_4255_2791>
...
006 (391496.005.000) 2024-01-22 14:58:24 Image size of job updated: 152896
	11  -  MemoryUsage of job (MB)
	10764  -  ResidentSetSize of job (KB)
...
006 (391496.005.000) 2024-01-22 15:03:24 Image size of job updated: 961464
	207  -  MemoryUsage of job (MB)
	211448  -  ResidentSetSize of job (KB)
...
006 (391496.005.000) 2024-01-22 15:08:25 Image size of job updated: 961464
	207  -  MemoryUsage of job (MB)
	211528  -  ResidentSetSize of job (KB)
...
006 (391496.005.000) 2024-01-22 15:13:26 Image size of job updated: 961948
	228  -  MemoryUsage of job (MB)
	233108  -  ResidentSetSize of job (KB)
...
006 (391496.005.000) 2024-01-22 15:17:33 Image size of job updated: 964228
	228  -  MemoryUsage of job (MB)
	233108  -  ResidentSetSize of job (KB)
...
040 (391496.005.000) 2024-01-22 15:17:33 Started transferring output files
...
040 (391496.005.000) 2024-01-22 15:17:34 Finished transferring output files
...
005 (391496.005.000) 2024-01-22 15:17:34 Job terminated.
	(1) Normal termination (return value 0)
		Usr 0 00:17:16, Sys 0 00:01:15  -  Run Remote Usage
		Usr 0 00:00:00, Sys 0 00:00:00  -  Run Local Usage
		Usr 0 00:17:16, Sys 0 00:01:15  -  Total Remote Usage
		Usr 0 00:00:00, Sys 0 00:00:00  -  Total Local Usage
	30664600  -  Run Bytes Sent By Job
	191814  -  Run Bytes Received By Job
	30664600  -  Total Bytes Sent By Job
	191814  -  Total Bytes Received By Job
	Partitionable Resources :    Usage  Request Allocated 
	   Cpus                 :     0.99        1         1 
	   Disk (KB)            : 30209         200    261111 
	   Memory (MB)          :   228        3900      3968 

	Job terminated of its own accord at 2024-01-22T06:17:33Z.
...
000 (391511.005.000) 2024-01-22 15:59:40 Job submitted from host: <172.30.1.200:9618?addrs=172.30.1.200-9618&alias=tamsa2.snu.ac.kr&noUDP&sock=schedd_3625_06e6>
...
040 (391511.005.000) 2024-01-22 15:59:50 Started transferring input files
	Transferring to host: <172.30.1.212:9618?addrs=172.30.1.212-9618&alias=node12&noUDP&sock=slot1_49_4492_c530_313734>
...
040 (391511.005.000) 2024-01-22 15:59:50 Finished transferring input files
...
001 (391511.005.000) 2024-01-22 15:59:50 Job executing on host: <172.30.1.212:9618?addrs=172.30.1.212-9618&alias=node12&noUDP&sock=startd_4455_5682>
...
006 (391511.005.000) 2024-01-22 15:59:58 Image size of job updated: 5972
	5  -  MemoryUsage of job (MB)
	4952  -  ResidentSetSize of job (KB)
...
006 (391511.005.000) 2024-01-22 16:04:58 Image size of job updated: 951760
	293  -  MemoryUsage of job (MB)
	299644  -  ResidentSetSize of job (KB)
...
006 (391511.005.000) 2024-01-22 16:09:59 Image size of job updated: 968004
	293  -  MemoryUsage of job (MB)
	299644  -  ResidentSetSize of job (KB)
...
006 (391511.005.000) 2024-01-22 16:15:02 Image size of job updated: 968004
	304  -  MemoryUsage of job (MB)
	310660  -  ResidentSetSize of job (KB)
...
006 (391511.005.000) 2024-01-22 16:19:57 Image size of job updated: 968004
	307  -  MemoryUsage of job (MB)
	314252  -  ResidentSetSize of job (KB)
...
040 (391511.005.000) 2024-01-22 16:19:57 Started transferring output files
...
040 (391511.005.000) 2024-01-22 16:19:59 Finished transferring output files
...
005 (391511.005.000) 2024-01-22 16:19:59 Job terminated.
	(1) Normal termination (return value 0)
		Usr 0 00:17:44, Sys 0 00:01:46  -  Run Remote Usage
		Usr 0 00:00:00, Sys 0 00:00:00  -  Run Local Usage
		Usr 0 00:17:44, Sys 0 00:01:46  -  Total Remote Usage
		Usr 0 00:00:00, Sys 0 00:00:00  -  Total Local Usage
	30711324  -  Run Bytes Sent By Job
	191824  -  Run Bytes Received By Job
	30711324  -  Total Bytes Sent By Job
	191824  -  Total Bytes Received By Job
	Partitionable Resources :    Usage  Request Allocated 
	   Cpus                 :     1.00        1         1 
	   Disk (KB)            : 30254         200    261111 
	   Memory (MB)          :   307        3900      3968 

	Job terminated of its own accord at 2024-01-22T07:19:57Z.
...
000 (391574.005.000) 2024-01-22 23:14:59 Job submitted from host: <172.30.1.200:9618?addrs=172.30.1.200-9618&alias=tamsa2.snu.ac.kr&noUDP&sock=schedd_3625_06e6>
...
040 (391574.005.000) 2024-01-22 23:15:03 Started transferring input files
	Transferring to host: <172.30.1.216:9618?addrs=172.30.1.216-9618&alias=node16&noUDP&sock=slot1_14_4290_7168_334231>
...
040 (391574.005.000) 2024-01-22 23:15:03 Finished transferring input files
...
001 (391574.005.000) 2024-01-22 23:15:03 Job executing on host: <172.30.1.216:9618?addrs=172.30.1.216-9618&alias=node16&noUDP&sock=startd_4255_2791>
...
006 (391574.005.000) 2024-01-22 23:15:12 Image size of job updated: 139344
	5  -  MemoryUsage of job (MB)
	4956  -  ResidentSetSize of job (KB)
...
006 (391574.005.000) 2024-01-22 23:20:13 Image size of job updated: 951620
	255  -  MemoryUsage of job (MB)
	260348  -  ResidentSetSize of job (KB)
...
006 (391574.005.000) 2024-01-22 23:25:13 Image size of job updated: 951716
	274  -  MemoryUsage of job (MB)
	280220  -  ResidentSetSize of job (KB)
...
006 (391574.005.000) 2024-01-22 23:30:13 Image size of job updated: 962080
	283  -  MemoryUsage of job (MB)
	289656  -  ResidentSetSize of job (KB)
...
040 (391574.005.000) 2024-01-22 23:32:56 Started transferring output files
...
040 (391574.005.000) 2024-01-22 23:32:57 Finished transferring output files
...
005 (391574.005.000) 2024-01-22 23:32:57 Job terminated.
	(1) Normal termination (return value 0)
		Usr 0 00:15:58, Sys 0 00:01:08  -  Run Remote Usage
		Usr 0 00:00:00, Sys 0 00:00:00  -  Run Local Usage
		Usr 0 00:15:58, Sys 0 00:01:08  -  Total Remote Usage
		Usr 0 00:00:00, Sys 0 00:00:00  -  Total Local Usage
	30690328  -  Run Bytes Sent By Job
	191685  -  Run Bytes Received By Job
	30690328  -  Total Bytes Sent By Job
	191685  -  Total Bytes Received By Job
	Partitionable Resources :    Usage  Request Allocated 
	   Cpus                 :     1.00        1         1 
	   Disk (KB)            : 30234         200    261111 
	   Memory (MB)          :   283        3900      3968 

	Job terminated of its own accord at 2024-01-22T14:32:56Z.
...
000 (391577.005.000) 2024-01-22 23:35:26 Job submitted from host: <172.30.1.200:9618?addrs=172.30.1.200-9618&alias=tamsa2.snu.ac.kr&noUDP&sock=schedd_3625_06e6>
...
040 (391577.005.000) 2024-01-22 23:35:33 Started transferring input files
	Transferring to host: <172.30.1.216:9618?addrs=172.30.1.216-9618&alias=node16&noUDP&sock=slot1_6_4290_7168_334283>
...
040 (391577.005.000) 2024-01-22 23:35:33 Finished transferring input files
...
001 (391577.005.000) 2024-01-22 23:35:33 Job executing on host: <172.30.1.216:9618?addrs=172.30.1.216-9618&alias=node16&noUDP&sock=startd_4255_2791>
...
006 (391577.005.000) 2024-01-22 23:35:41 Image size of job updated: 561368
	74  -  MemoryUsage of job (MB)
	75352  -  ResidentSetSize of job (KB)
...
006 (391577.005.000) 2024-01-22 23:40:41 Image size of job updated: 967816
	193  -  MemoryUsage of job (MB)
	197336  -  ResidentSetSize of job (KB)
...
006 (391577.005.000) 2024-01-22 23:45:42 Image size of job updated: 967816
	207  -  MemoryUsage of job (MB)
	211576  -  ResidentSetSize of job (KB)
...
040 (391577.005.000) 2024-01-22 23:55:35 Started transferring output files
...
040 (391577.005.000) 2024-01-22 23:55:36 Finished transferring output files
...
005 (391577.005.000) 2024-01-22 23:55:36 Job terminated.
	(1) Normal termination (return value 0)
		Usr 0 00:18:23, Sys 0 00:01:21  -  Run Remote Usage
		Usr 0 00:00:00, Sys 0 00:00:00  -  Run Local Usage
		Usr 0 00:18:23, Sys 0 00:01:21  -  Total Remote Usage
		Usr 0 00:00:00, Sys 0 00:00:00  -  Total Local Usage
	30665376  -  Run Bytes Sent By Job
	191687  -  Run Bytes Received By Job
	30665376  -  Total Bytes Sent By Job
	191687  -  Total Bytes Received By Job
	Partitionable Resources :    Usage  Request Allocated 
	   Cpus                 :     1.00        1         1 
	   Disk (KB)            : 30209         200    261111 
	   Memory (MB)          :   207        3900      3968 

	Job terminated of its own accord at 2024-01-22T14:55:35Z.
...
000 (391582.005.000) 2024-01-23 10:33:34 Job submitted from host: <172.30.1.200:9618?addrs=172.30.1.200-9618&alias=tamsa2.snu.ac.kr&noUDP&sock=schedd_3625_06e6>
...
040 (391582.005.000) 2024-01-23 10:33:39 Started transferring input files
	Transferring to host: <172.30.1.216:9618?addrs=172.30.1.216-9618&alias=node16&noUDP&sock=slot1_14_4290_7168_337531>
...
040 (391582.005.000) 2024-01-23 10:33:39 Finished transferring input files
...
001 (391582.005.000) 2024-01-23 10:33:39 Job executing on host: <172.30.1.216:9618?addrs=172.30.1.216-9618&alias=node16&noUDP&sock=startd_4255_2791>
...
006 (391582.005.000) 2024-01-23 10:33:47 Image size of job updated: 1288
	1  -  MemoryUsage of job (MB)
	84  -  ResidentSetSize of job (KB)
...
006 (391582.005.000) 2024-01-23 10:38:47 Image size of job updated: 952304
	255  -  MemoryUsage of job (MB)
	260340  -  ResidentSetSize of job (KB)
...
006 (391582.005.000) 2024-01-23 10:43:47 Image size of job updated: 952620
	255  -  MemoryUsage of job (MB)
	260340  -  ResidentSetSize of job (KB)
...
006 (391582.005.000) 2024-01-23 10:48:48 Image size of job updated: 963484
	283  -  MemoryUsage of job (MB)
	289484  -  ResidentSetSize of job (KB)
...
040 (391582.005.000) 2024-01-23 10:49:10 Started transferring output files
...
040 (391582.005.000) 2024-01-23 10:49:12 Finished transferring output files
...
005 (391582.005.000) 2024-01-23 10:49:12 Job terminated.
	(1) Normal termination (return value 0)
		Usr 0 00:13:40, Sys 0 00:00:56  -  Run Remote Usage
		Usr 0 00:00:00, Sys 0 00:00:00  -  Run Local Usage
		Usr 0 00:13:40, Sys 0 00:00:56  -  Total Remote Usage
		Usr 0 00:00:00, Sys 0 00:00:00  -  Total Local Usage
	30705064  -  Run Bytes Sent By Job
	191687  -  Run Bytes Received By Job
	30705064  -  Total Bytes Sent By Job
	191687  -  Total Bytes Received By Job
	Partitionable Resources :    Usage  Request Allocated 
	   Cpus                 :     0.29        1         1 
	   Disk (KB)            : 30248         200    261111 
	   Memory (MB)          :   283        3900      3968 

	Job terminated of its own accord at 2024-01-23T01:49:10Z.
...
