000 (390874.035.000) 2024-01-18 20:28:10 Job submitted from host: <172.30.1.200:9618?addrs=172.30.1.200-9618&alias=tamsa2.snu.ac.kr&noUDP&sock=schedd_3625_06e6>
...
040 (390874.035.000) 2024-01-18 20:28:24 Started transferring input files
	Transferring to host: <172.30.1.202:9618?addrs=172.30.1.202-9618&alias=node2&noUDP&sock=slot1_14_3851_20b6_74231>
...
001 (390874.035.000) 2024-01-18 20:28:24 Job executing on host: <172.30.1.202:9618?addrs=172.30.1.202-9618&alias=node2&noUDP&sock=startd_3818_68ae>
...
040 (390874.035.000) 2024-01-18 20:28:24 Finished transferring input files
...
006 (390874.035.000) 2024-01-18 20:28:33 Image size of job updated: 139088
	5  -  MemoryUsage of job (MB)
	4960  -  ResidentSetSize of job (KB)
...
006 (390874.035.000) 2024-01-18 20:32:32 Image size of job updated: 846496
	5  -  MemoryUsage of job (MB)
	4960  -  ResidentSetSize of job (KB)
...
040 (390874.035.000) 2024-01-18 20:32:32 Started transferring output files
...
040 (390874.035.000) 2024-01-18 20:32:32 Finished transferring output files
...
005 (390874.035.000) 2024-01-18 20:32:33 Job terminated.
	(1) Normal termination (return value 0)
		Usr 0 00:01:12, Sys 0 00:00:07  -  Run Remote Usage
		Usr 0 00:00:00, Sys 0 00:00:00  -  Run Local Usage
		Usr 0 00:01:12, Sys 0 00:00:07  -  Total Remote Usage
		Usr 0 00:00:00, Sys 0 00:00:00  -  Total Local Usage
	13893623  -  Run Bytes Sent By Job
	181578  -  Run Bytes Received By Job
	13893623  -  Total Bytes Sent By Job
	181578  -  Total Bytes Received By Job
	Partitionable Resources :    Usage  Request Allocated 
	   Cpus                 :     0.00        1         1 
	   Disk (KB)            : 13818         200    128928 
	   Memory (MB)          :     5        3900      3968 

	Job terminated of its own accord at 2024-01-18T11:32:32Z.
...
000 (390875.035.000) 2024-01-18 20:45:32 Job submitted from host: <172.30.1.200:9618?addrs=172.30.1.200-9618&alias=tamsa2.snu.ac.kr&noUDP&sock=schedd_3625_06e6>
...
040 (390875.035.000) 2024-01-18 20:45:47 Started transferring input files
	Transferring to host: <172.30.1.204:9618?addrs=172.30.1.204-9618&alias=node4&noUDP&sock=slot1_11_3725_5971_202597>
...
001 (390875.035.000) 2024-01-18 20:45:47 Job executing on host: <172.30.1.204:9618?addrs=172.30.1.204-9618&alias=node4&noUDP&sock=startd_3691_4c27>
...
040 (390875.035.000) 2024-01-18 20:45:47 Finished transferring input files
...
006 (390875.035.000) 2024-01-18 20:45:56 Image size of job updated: 144992
	11  -  MemoryUsage of job (MB)
	10756  -  ResidentSetSize of job (KB)
...
006 (390875.035.000) 2024-01-18 20:50:34 Image size of job updated: 871808
	11  -  MemoryUsage of job (MB)
	10756  -  ResidentSetSize of job (KB)
...
040 (390875.035.000) 2024-01-18 20:50:34 Started transferring output files
...
040 (390875.035.000) 2024-01-18 20:50:44 Finished transferring output files
...
005 (390875.035.000) 2024-01-18 20:50:44 Job terminated.
	(1) Normal termination (return value 0)
		Usr 0 00:03:07, Sys 0 00:00:12  -  Run Remote Usage
		Usr 0 00:00:00, Sys 0 00:00:00  -  Run Local Usage
		Usr 0 00:03:07, Sys 0 00:00:12  -  Total Remote Usage
		Usr 0 00:00:00, Sys 0 00:00:00  -  Total Local Usage
	101578320  -  Run Bytes Sent By Job
	182042  -  Run Bytes Received By Job
	101578320  -  Total Bytes Sent By Job
	182042  -  Total Bytes Received By Job
	Partitionable Resources :    Usage  Request Allocated 
	   Cpus                 :     0.02        1         1 
	   Disk (KB)            : 99448         200    128928 
	   Memory (MB)          :    11        3900      3968 

	Job terminated of its own accord at 2024-01-18T11:50:34Z.
...
000 (390886.035.000) 2024-01-18 21:10:43 Job submitted from host: <172.30.1.200:9618?addrs=172.30.1.200-9618&alias=tamsa2.snu.ac.kr&noUDP&sock=schedd_3625_06e6>
...
040 (390886.035.000) 2024-01-18 21:10:46 Started transferring input files
	Transferring to host: <172.30.1.204:9618?addrs=172.30.1.204-9618&alias=node4&noUDP&sock=slot1_8_3725_5971_202610>
...
001 (390886.035.000) 2024-01-18 21:10:46 Job executing on host: <172.30.1.204:9618?addrs=172.30.1.204-9618&alias=node4&noUDP&sock=startd_3691_4c27>
...
040 (390886.035.000) 2024-01-18 21:10:46 Finished transferring input files
...
006 (390886.035.000) 2024-01-18 21:10:54 Image size of job updated: 197584
	183  -  MemoryUsage of job (MB)
	186728  -  ResidentSetSize of job (KB)
...
006 (390886.035.000) 2024-01-18 21:12:02 Image size of job updated: 845868
	183  -  MemoryUsage of job (MB)
	186728  -  ResidentSetSize of job (KB)
...
040 (390886.035.000) 2024-01-18 21:12:02 Started transferring output files
...
040 (390886.035.000) 2024-01-18 21:12:07 Finished transferring output files
...
005 (390886.035.000) 2024-01-18 21:12:07 Job terminated.
	(1) Normal termination (return value 0)
		Usr 0 00:00:49, Sys 0 00:00:05  -  Run Remote Usage
		Usr 0 00:00:00, Sys 0 00:00:00  -  Run Local Usage
		Usr 0 00:00:49, Sys 0 00:00:05  -  Total Remote Usage
		Usr 0 00:00:00, Sys 0 00:00:00  -  Total Local Usage
	7473247  -  Run Bytes Sent By Job
	181210  -  Run Bytes Received By Job
	7473247  -  Total Bytes Sent By Job
	181210  -  Total Bytes Received By Job
	Partitionable Resources :    Usage  Request Allocated 
	   Cpus                 :     0.56        1         1 
	   Disk (KB)            :  7547         200    128928 
	   Memory (MB)          :   183        3900      3968 

	Job terminated of its own accord at 2024-01-18T12:12:02Z.
...
000 (390887.035.000) 2024-01-18 21:19:38 Job submitted from host: <172.30.1.200:9618?addrs=172.30.1.200-9618&alias=tamsa2.snu.ac.kr&noUDP&sock=schedd_3625_06e6>
...
040 (390887.035.000) 2024-01-18 21:19:40 Started transferring input files
	Transferring to host: <172.30.1.204:9618?addrs=172.30.1.204-9618&alias=node4&noUDP&sock=slot1_7_3725_5971_202621>
...
001 (390887.035.000) 2024-01-18 21:19:41 Job executing on host: <172.30.1.204:9618?addrs=172.30.1.204-9618&alias=node4&noUDP&sock=startd_3691_4c27>
...
040 (390887.035.000) 2024-01-18 21:19:41 Finished transferring input files
...
006 (390887.035.000) 2024-01-18 21:19:49 Image size of job updated: 836172
	198  -  MemoryUsage of job (MB)
	202636  -  ResidentSetSize of job (KB)
...
006 (390887.035.000) 2024-01-18 21:22:17 Image size of job updated: 867488
	198  -  MemoryUsage of job (MB)
	202636  -  ResidentSetSize of job (KB)
...
040 (390887.035.000) 2024-01-18 21:22:17 Started transferring output files
...
040 (390887.035.000) 2024-01-18 21:22:19 Finished transferring output files
...
005 (390887.035.000) 2024-01-18 21:22:19 Job terminated.
	(1) Normal termination (return value 0)
		Usr 0 00:02:18, Sys 0 00:00:10  -  Run Remote Usage
		Usr 0 00:00:00, Sys 0 00:00:00  -  Run Local Usage
		Usr 0 00:02:18, Sys 0 00:00:10  -  Total Remote Usage
		Usr 0 00:00:00, Sys 0 00:00:00  -  Total Local Usage
	34620952  -  Run Bytes Sent By Job
	181210  -  Run Bytes Received By Job
	34620952  -  Total Bytes Sent By Job
	181210  -  Total Bytes Received By Job
	Partitionable Resources :    Usage  Request Allocated 
	   Cpus                 :     1.00        1         1 
	   Disk (KB)            : 34058         200    128928 
	   Memory (MB)          :   198        3900      3968 

	Job terminated of its own accord at 2024-01-18T12:22:17Z.
...
000 (390888.035.000) 2024-01-18 21:30:57 Job submitted from host: <172.30.1.200:9618?addrs=172.30.1.200-9618&alias=tamsa2.snu.ac.kr&noUDP&sock=schedd_3625_06e6>
...
040 (390888.035.000) 2024-01-18 21:31:01 Started transferring input files
	Transferring to host: <172.30.1.204:9618?addrs=172.30.1.204-9618&alias=node4&noUDP&sock=slot1_11_3725_5971_202636>
...
001 (390888.035.000) 2024-01-18 21:31:01 Job executing on host: <172.30.1.204:9618?addrs=172.30.1.204-9618&alias=node4&noUDP&sock=startd_3691_4c27>
...
040 (390888.035.000) 2024-01-18 21:31:01 Finished transferring input files
...
006 (390888.035.000) 2024-01-18 21:31:10 Image size of job updated: 833764
	183  -  MemoryUsage of job (MB)
	186976  -  ResidentSetSize of job (KB)
...
006 (390888.035.000) 2024-01-18 21:34:17 Image size of job updated: 867676
	183  -  MemoryUsage of job (MB)
	186976  -  ResidentSetSize of job (KB)
...
040 (390888.035.000) 2024-01-18 21:34:17 Started transferring output files
...
040 (390888.035.000) 2024-01-18 21:34:23 Finished transferring output files
...
005 (390888.035.000) 2024-01-18 21:34:23 Job terminated.
	(1) Normal termination (return value 0)
		Usr 0 00:02:55, Sys 0 00:00:12  -  Run Remote Usage
		Usr 0 00:00:00, Sys 0 00:00:00  -  Run Local Usage
		Usr 0 00:02:55, Sys 0 00:00:12  -  Total Remote Usage
		Usr 0 00:00:00, Sys 0 00:00:00  -  Total Local Usage
	33716660  -  Run Bytes Sent By Job
	181214  -  Run Bytes Received By Job
	33716660  -  Total Bytes Sent By Job
	181214  -  Total Bytes Received By Job
	Partitionable Resources :    Usage  Request Allocated 
	   Cpus                 :     0.96        1         1 
	   Disk (KB)            : 33175         200    128928 
	   Memory (MB)          :   183        3900      3968 

	Job terminated of its own accord at 2024-01-18T12:34:17Z.
...
000 (390894.035.000) 2024-01-18 21:35:52 Job submitted from host: <172.30.1.200:9618?addrs=172.30.1.200-9618&alias=tamsa2.snu.ac.kr&noUDP&sock=schedd_3625_06e6>
...
040 (390894.035.000) 2024-01-18 21:36:10 Started transferring input files
	Transferring to host: <172.30.1.204:9618?addrs=172.30.1.204-9618&alias=node4&noUDP&sock=slot1_12_3725_5971_202659>
...
001 (390894.035.000) 2024-01-18 21:36:10 Job executing on host: <172.30.1.204:9618?addrs=172.30.1.204-9618&alias=node4&noUDP&sock=startd_3691_4c27>
...
040 (390894.035.000) 2024-01-18 21:36:10 Finished transferring input files
...
006 (390894.035.000) 2024-01-18 21:36:19 Image size of job updated: 186736
	183  -  MemoryUsage of job (MB)
	186736  -  ResidentSetSize of job (KB)
...
006 (390894.035.000) 2024-01-18 21:39:22 Image size of job updated: 871564
	183  -  MemoryUsage of job (MB)
	186736  -  ResidentSetSize of job (KB)
...
040 (390894.035.000) 2024-01-18 21:39:22 Started transferring output files
...
040 (390894.035.000) 2024-01-18 21:39:24 Finished transferring output files
...
005 (390894.035.000) 2024-01-18 21:39:24 Job terminated.
	(1) Normal termination (return value 0)
		Usr 0 00:02:51, Sys 0 00:00:11  -  Run Remote Usage
		Usr 0 00:00:00, Sys 0 00:00:00  -  Run Local Usage
		Usr 0 00:02:51, Sys 0 00:00:11  -  Total Remote Usage
		Usr 0 00:00:00, Sys 0 00:00:00  -  Total Local Usage
	33727704  -  Run Bytes Sent By Job
	181194  -  Run Bytes Received By Job
	33727704  -  Total Bytes Sent By Job
	181194  -  Total Bytes Received By Job
	Partitionable Resources :    Usage  Request Allocated 
	   Cpus                 :     0.95        1         1 
	   Disk (KB)            : 33186         200    128928 
	   Memory (MB)          :   183        3900      3968 

	Job terminated of its own accord at 2024-01-18T12:39:22Z.
...
000 (390895.035.000) 2024-01-18 21:48:05 Job submitted from host: <172.30.1.200:9618?addrs=172.30.1.200-9618&alias=tamsa2.snu.ac.kr&noUDP&sock=schedd_3625_06e6>
...
040 (390895.035.000) 2024-01-18 21:48:09 Started transferring input files
	Transferring to host: <172.30.1.216:9618?addrs=172.30.1.216-9618&alias=node16&noUDP&sock=slot1_76_4290_7168_331032>
...
040 (390895.035.000) 2024-01-18 21:48:09 Finished transferring input files
...
001 (390895.035.000) 2024-01-18 21:48:09 Job executing on host: <172.30.1.216:9618?addrs=172.30.1.216-9618&alias=node16&noUDP&sock=startd_4255_2791>
...
006 (390895.035.000) 2024-01-18 21:48:18 Image size of job updated: 156656
	121  -  MemoryUsage of job (MB)
	123812  -  ResidentSetSize of job (KB)
...
006 (390895.035.000) 2024-01-18 21:50:05 Image size of job updated: 864660
	122  -  MemoryUsage of job (MB)
	124008  -  ResidentSetSize of job (KB)
...
004 (390895.035.000) 2024-01-18 21:50:06 Job was evicted.
	(0) CPU times
		Usr 0 00:01:28, Sys 0 00:00:07  -  Run Remote Usage
		Usr 0 00:00:00, Sys 0 00:00:00  -  Run Local Usage
	0  -  Run Bytes Sent By Job
	182143  -  Run Bytes Received By Job
	Partitionable Resources :    Usage  Request Allocated 
	   Cpus                 :     0.99        1         1 
	   Disk (KB)            :  6159         200    261111 
	   Memory (MB)          :   122        3900      3968 
...
009 (390895.035.000) 2024-01-18 21:50:06 Job was aborted.
	via condor_rm (by user shin)
...
000 (390896.035.000) 2024-01-18 21:53:08 Job submitted from host: <172.30.1.200:9618?addrs=172.30.1.200-9618&alias=tamsa2.snu.ac.kr&noUDP&sock=schedd_3625_06e6>
...
040 (390896.035.000) 2024-01-18 21:54:30 Started transferring input files
	Transferring to host: <172.30.1.102:9618?addrs=172.30.1.102-9618&alias=n2&noUDP&sock=slot1_58_3356_5b02_63215>
...
040 (390896.035.000) 2024-01-18 21:54:30 Finished transferring input files
...
001 (390896.035.000) 2024-01-18 21:54:30 Job executing on host: <172.30.1.102:9618?addrs=172.30.1.102-9618&alias=n2&noUDP&sock=startd_3322_31b4>
...
006 (390896.035.000) 2024-01-18 21:54:38 Image size of job updated: 141400
	139  -  MemoryUsage of job (MB)
	141400  -  ResidentSetSize of job (KB)
...
006 (390896.035.000) 2024-01-18 21:59:38 Image size of job updated: 871572
	199  -  MemoryUsage of job (MB)
	202864  -  ResidentSetSize of job (KB)
...
006 (390896.035.000) 2024-01-18 22:01:56 Image size of job updated: 872180
	199  -  MemoryUsage of job (MB)
	202864  -  ResidentSetSize of job (KB)
...
040 (390896.035.000) 2024-01-18 22:01:56 Started transferring output files
...
040 (390896.035.000) 2024-01-18 22:01:56 Finished transferring output files
...
005 (390896.035.000) 2024-01-18 22:01:56 Job terminated.
	(1) Normal termination (return value 0)
		Usr 0 00:06:00, Sys 0 00:00:34  -  Run Remote Usage
		Usr 0 00:00:00, Sys 0 00:00:00  -  Run Local Usage
		Usr 0 00:06:00, Sys 0 00:00:34  -  Total Remote Usage
		Usr 0 00:00:00, Sys 0 00:00:00  -  Total Local Usage
	39332172  -  Run Bytes Sent By Job
	182135  -  Run Bytes Received By Job
	39332172  -  Total Bytes Sent By Job
	182135  -  Total Bytes Received By Job
	Partitionable Resources :    Usage  Request Allocated 
	   Cpus                 :     0.90        1         1 
	   Disk (KB)            : 38660         200    123820 
	   Memory (MB)          :   199        3900      3968 

	Job terminated of its own accord at 2024-01-18T13:01:56Z.
...
000 (390897.035.000) 2024-01-18 22:03:48 Job submitted from host: <172.30.1.200:9618?addrs=172.30.1.200-9618&alias=tamsa2.snu.ac.kr&noUDP&sock=schedd_3625_06e6>
...
040 (390897.035.000) 2024-01-18 22:06:49 Started transferring input files
	Transferring to host: <172.30.1.110:9618?addrs=172.30.1.110-9618&alias=n10&noUDP&sock=slot1_36_4176_1ea3_73295>
...
040 (390897.035.000) 2024-01-18 22:06:49 Finished transferring input files
...
001 (390897.035.000) 2024-01-18 22:06:49 Job executing on host: <172.30.1.110:9618?addrs=172.30.1.110-9618&alias=n10&noUDP&sock=startd_4139_9694>
...
006 (390897.035.000) 2024-01-18 22:06:59 Image size of job updated: 269808
	171  -  MemoryUsage of job (MB)
	174664  -  ResidentSetSize of job (KB)
...
006 (390897.035.000) 2024-01-18 22:10:44 Image size of job updated: 866388
	171  -  MemoryUsage of job (MB)
	174664  -  ResidentSetSize of job (KB)
...
040 (390897.035.000) 2024-01-18 22:10:45 Started transferring output files
...
040 (390897.035.000) 2024-01-18 22:10:45 Finished transferring output files
...
005 (390897.035.000) 2024-01-18 22:10:45 Job terminated.
	(1) Normal termination (return value 0)
		Usr 0 00:03:09, Sys 0 00:00:12  -  Run Remote Usage
		Usr 0 00:00:00, Sys 0 00:00:00  -  Run Local Usage
		Usr 0 00:03:09, Sys 0 00:00:12  -  Total Remote Usage
		Usr 0 00:00:00, Sys 0 00:00:00  -  Total Local Usage
	39157832  -  Run Bytes Sent By Job
	182135  -  Run Bytes Received By Job
	39157832  -  Total Bytes Sent By Job
	182135  -  Total Bytes Received By Job
	Partitionable Resources :    Usage  Request Allocated 
	   Cpus                 :     0.94        1         1 
	   Disk (KB)            : 38490         200    127849 
	   Memory (MB)          :   171        3900      3968 

	Job terminated of its own accord at 2024-01-18T13:10:44Z.
...
000 (390986.035.000) 2024-01-18 22:24:33 Job submitted from host: <172.30.1.200:9618?addrs=172.30.1.200-9618&alias=tamsa2.snu.ac.kr&noUDP&sock=schedd_3625_06e6>
...
040 (390986.035.000) 2024-01-18 22:26:36 Started transferring input files
	Transferring to host: <172.30.1.204:9618?addrs=172.30.1.204-9618&alias=node4&noUDP&sock=slot1_38_3725_5971_202907>
...
040 (390986.035.000) 2024-01-18 22:26:36 Finished transferring input files
...
001 (390986.035.000) 2024-01-18 22:26:36 Job executing on host: <172.30.1.204:9618?addrs=172.30.1.204-9618&alias=node4&noUDP&sock=startd_3691_4c27>
...
006 (390986.035.000) 2024-01-18 22:26:44 Image size of job updated: 815312
	181  -  MemoryUsage of job (MB)
	184580  -  ResidentSetSize of job (KB)
...
006 (390986.035.000) 2024-01-18 22:30:48 Image size of job updated: 863472
	181  -  MemoryUsage of job (MB)
	184580  -  ResidentSetSize of job (KB)
...
040 (390986.035.000) 2024-01-18 22:30:49 Started transferring output files
...
040 (390986.035.000) 2024-01-18 22:30:51 Finished transferring output files
...
005 (390986.035.000) 2024-01-18 22:30:51 Job terminated.
	(1) Normal termination (return value 0)
		Usr 0 00:03:14, Sys 0 00:00:12  -  Run Remote Usage
		Usr 0 00:00:00, Sys 0 00:00:00  -  Run Local Usage
		Usr 0 00:03:14, Sys 0 00:00:12  -  Total Remote Usage
		Usr 0 00:00:00, Sys 0 00:00:00  -  Total Local Usage
	35473164  -  Run Bytes Sent By Job
	182182  -  Run Bytes Received By Job
	35473164  -  Total Bytes Sent By Job
	182182  -  Total Bytes Received By Job
	Partitionable Resources :    Usage  Request Allocated 
	   Cpus                 :                 1         1 
	   Disk (KB)            :    34886      200    128928 
	   Memory (MB)          :      181     3900      3968 

	Job terminated of its own accord at 2024-01-18T13:30:48Z.
...
000 (391043.035.000) 2024-01-18 23:16:24 Job submitted from host: <172.30.1.200:9618?addrs=172.30.1.200-9618&alias=tamsa2.snu.ac.kr&noUDP&sock=schedd_3625_06e6>
...
040 (391043.035.000) 2024-01-18 23:16:30 Started transferring input files
	Transferring to host: <172.30.1.208:9618?addrs=172.30.1.208-9618&alias=node8&noUDP&sock=slot1_1_3811_f1b4_190856>
...
001 (391043.035.000) 2024-01-18 23:16:30 Job executing on host: <172.30.1.208:9618?addrs=172.30.1.208-9618&alias=node8&noUDP&sock=startd_3777_494c>
...
040 (391043.035.000) 2024-01-18 23:16:30 Finished transferring input files
...
006 (391043.035.000) 2024-01-18 23:16:39 Image size of job updated: 227940
	181  -  MemoryUsage of job (MB)
	184580  -  ResidentSetSize of job (KB)
...
006 (391043.035.000) 2024-01-18 23:18:11 Image size of job updated: 835460
	181  -  MemoryUsage of job (MB)
	184580  -  ResidentSetSize of job (KB)
...
040 (391043.035.000) 2024-01-18 23:18:12 Started transferring output files
...
040 (391043.035.000) 2024-01-18 23:18:22 Finished transferring output files
...
005 (391043.035.000) 2024-01-18 23:18:23 Job terminated.
	(1) Normal termination (return value 0)
		Usr 0 00:01:07, Sys 0 00:00:06  -  Run Remote Usage
		Usr 0 00:00:00, Sys 0 00:00:00  -  Run Local Usage
		Usr 0 00:01:07, Sys 0 00:00:06  -  Total Remote Usage
		Usr 0 00:00:00, Sys 0 00:00:00  -  Total Local Usage
	7464110  -  Run Bytes Sent By Job
	182524  -  Run Bytes Received By Job
	7464110  -  Total Bytes Sent By Job
	182524  -  Total Bytes Received By Job
	Partitionable Resources :    Usage  Request Allocated 
	   Cpus                 :                 1         1 
	   Disk (KB)            :     7534      200    128928 
	   Memory (MB)          :      181     3900      3968 

	Job terminated of its own accord at 2024-01-18T14:18:11Z.
...
000 (391059.035.000) 2024-01-19 10:38:28 Job submitted from host: <172.30.1.200:9618?addrs=172.30.1.200-9618&alias=tamsa2.snu.ac.kr&noUDP&sock=schedd_3625_06e6>
...
040 (391059.035.000) 2024-01-19 10:38:33 Started transferring input files
	Transferring to host: <172.30.1.207:9618?addrs=172.30.1.207-9618&alias=node7&noUDP&sock=slot1_43_39434_91fd_225177>
...
001 (391059.035.000) 2024-01-19 10:38:33 Job executing on host: <172.30.1.207:9618?addrs=172.30.1.207-9618&alias=node7&noUDP&sock=startd_3748_650d>
...
040 (391059.035.000) 2024-01-19 10:38:33 Finished transferring input files
...
006 (391059.035.000) 2024-01-19 10:38:41 Image size of job updated: 139088
	76  -  MemoryUsage of job (MB)
	77160  -  ResidentSetSize of job (KB)
...
006 (391059.035.000) 2024-01-19 10:43:25 Image size of job updated: 866136
	76  -  MemoryUsage of job (MB)
	77180  -  ResidentSetSize of job (KB)
...
040 (391059.035.000) 2024-01-19 10:43:25 Started transferring output files
...
040 (391059.035.000) 2024-01-19 10:43:27 Finished transferring output files
...
005 (391059.035.000) 2024-01-19 10:43:27 Job terminated.
	(1) Normal termination (return value 0)
		Usr 0 00:03:23, Sys 0 00:00:13  -  Run Remote Usage
		Usr 0 00:00:00, Sys 0 00:00:00  -  Run Local Usage
		Usr 0 00:03:23, Sys 0 00:00:13  -  Total Remote Usage
		Usr 0 00:00:00, Sys 0 00:00:00  -  Total Local Usage
	33809056  -  Run Bytes Sent By Job
	182504  -  Run Bytes Received By Job
	33809056  -  Total Bytes Sent By Job
	182504  -  Total Bytes Received By Job
	Partitionable Resources :    Usage  Request Allocated 
	   Cpus                 :     0.27        1         1 
	   Disk (KB)            : 33267         200    121695 
	   Memory (MB)          :    76        3900      3968 

	Job terminated of its own accord at 2024-01-19T01:43:25Z.
...
000 (391060.035.000) 2024-01-19 10:57:47 Job submitted from host: <172.30.1.200:9618?addrs=172.30.1.200-9618&alias=tamsa2.snu.ac.kr&noUDP&sock=schedd_3625_06e6>
...
040 (391060.035.000) 2024-01-19 10:57:51 Started transferring input files
	Transferring to host: <172.30.1.202:9618?addrs=172.30.1.202-9618&alias=node2&noUDP&sock=slot1_44_3851_20b6_74649>
...
001 (391060.035.000) 2024-01-19 10:57:51 Job executing on host: <172.30.1.202:9618?addrs=172.30.1.202-9618&alias=node2&noUDP&sock=startd_3818_68ae>
...
040 (391060.035.000) 2024-01-19 10:57:51 Finished transferring input files
...
006 (391060.035.000) 2024-01-19 10:58:00 Image size of job updated: 203636
	172  -  MemoryUsage of job (MB)
	175184  -  ResidentSetSize of job (KB)
...
006 (391060.035.000) 2024-01-19 11:02:26 Image size of job updated: 866168
	172  -  MemoryUsage of job (MB)
	175184  -  ResidentSetSize of job (KB)
...
040 (391060.035.000) 2024-01-19 11:02:26 Started transferring output files
...
040 (391060.035.000) 2024-01-19 11:02:30 Finished transferring output files
...
005 (391060.035.000) 2024-01-19 11:02:30 Job terminated.
	(1) Normal termination (return value 0)
		Usr 0 00:03:30, Sys 0 00:00:13  -  Run Remote Usage
		Usr 0 00:00:00, Sys 0 00:00:00  -  Run Local Usage
		Usr 0 00:03:30, Sys 0 00:00:13  -  Total Remote Usage
		Usr 0 00:00:00, Sys 0 00:00:00  -  Total Local Usage
	34935632  -  Run Bytes Sent By Job
	182520  -  Run Bytes Received By Job
	34935632  -  Total Bytes Sent By Job
	182520  -  Total Bytes Received By Job
	Partitionable Resources :    Usage  Request Allocated 
	   Cpus                 :     0.93        1         1 
	   Disk (KB)            : 34367         200    128928 
	   Memory (MB)          :   172        3900      3968 

	Job terminated of its own accord at 2024-01-19T02:02:26Z.
...
000 (391113.035.000) 2024-01-19 11:50:58 Job submitted from host: <172.30.1.200:9618?addrs=172.30.1.200-9618&alias=tamsa2.snu.ac.kr&noUDP&sock=schedd_3625_06e6>
...
040 (391113.035.000) 2024-01-19 11:51:02 Started transferring input files
	Transferring to host: <172.30.1.208:9618?addrs=172.30.1.208-9618&alias=node8&noUDP&sock=slot1_45_3811_f1b4_191170>
...
040 (391113.035.000) 2024-01-19 11:51:02 Finished transferring input files
...
001 (391113.035.000) 2024-01-19 11:51:02 Job executing on host: <172.30.1.208:9618?addrs=172.30.1.208-9618&alias=node8&noUDP&sock=startd_3777_494c>
...
006 (391113.035.000) 2024-01-19 11:51:11 Image size of job updated: 561380
	144  -  MemoryUsage of job (MB)
	147388  -  ResidentSetSize of job (KB)
...
006 (391113.035.000) 2024-01-19 11:53:11 Image size of job updated: 841568
	144  -  MemoryUsage of job (MB)
	147396  -  ResidentSetSize of job (KB)
...
040 (391113.035.000) 2024-01-19 11:53:11 Started transferring output files
...
040 (391113.035.000) 2024-01-19 11:53:12 Finished transferring output files
...
005 (391113.035.000) 2024-01-19 11:53:12 Job terminated.
	(1) Normal termination (return value 0)
		Usr 0 00:01:11, Sys 0 00:00:07  -  Run Remote Usage
		Usr 0 00:00:00, Sys 0 00:00:00  -  Run Local Usage
		Usr 0 00:01:11, Sys 0 00:00:07  -  Total Remote Usage
		Usr 0 00:00:00, Sys 0 00:00:00  -  Total Local Usage
	7464079  -  Run Bytes Sent By Job
	183986  -  Run Bytes Received By Job
	7464079  -  Total Bytes Sent By Job
	183986  -  Total Bytes Received By Job
	Partitionable Resources :    Usage  Request Allocated 
	   Cpus                 :                 1         1 
	   Disk (KB)            :     7536      200    128928 
	   Memory (MB)          :      144     3900      3968 

	Job terminated of its own accord at 2024-01-19T02:53:11Z.
...
000 (391114.035.000) 2024-01-19 11:56:30 Job submitted from host: <172.30.1.200:9618?addrs=172.30.1.200-9618&alias=tamsa2.snu.ac.kr&noUDP&sock=schedd_3625_06e6>
...
040 (391114.035.000) 2024-01-19 11:56:34 Started transferring input files
	Transferring to host: <172.30.1.208:9618?addrs=172.30.1.208-9618&alias=node8&noUDP&sock=slot1_47_3811_f1b4_191182>
...
001 (391114.035.000) 2024-01-19 11:56:34 Job executing on host: <172.30.1.208:9618?addrs=172.30.1.208-9618&alias=node8&noUDP&sock=startd_3777_494c>
...
040 (391114.035.000) 2024-01-19 11:56:34 Finished transferring input files
...
006 (391114.035.000) 2024-01-19 11:56:43 Image size of job updated: 653820
	183  -  MemoryUsage of job (MB)
	186748  -  ResidentSetSize of job (KB)
...
006 (391114.035.000) 2024-01-19 11:58:37 Image size of job updated: 656448
	183  -  MemoryUsage of job (MB)
	186748  -  ResidentSetSize of job (KB)
...
040 (391114.035.000) 2024-01-19 11:58:37 Started transferring output files
...
040 (391114.035.000) 2024-01-19 11:58:37 Finished transferring output files
...
005 (391114.035.000) 2024-01-19 11:58:37 Job terminated.
	(1) Normal termination (return value 0)
		Usr 0 00:01:11, Sys 0 00:00:07  -  Run Remote Usage
		Usr 0 00:00:00, Sys 0 00:00:00  -  Run Local Usage
		Usr 0 00:01:11, Sys 0 00:00:07  -  Total Remote Usage
		Usr 0 00:00:00, Sys 0 00:00:00  -  Total Local Usage
	7464183  -  Run Bytes Sent By Job
	183986  -  Run Bytes Received By Job
	7464183  -  Total Bytes Sent By Job
	183986  -  Total Bytes Received By Job
	Partitionable Resources :    Usage  Request Allocated 
	   Cpus                 :                 1         1 
	   Disk (KB)            :     7536      200    128928 
	   Memory (MB)          :      183     3900      3968 

	Job terminated of its own accord at 2024-01-19T02:58:37Z.
...
000 (391115.035.000) 2024-01-19 12:05:54 Job submitted from host: <172.30.1.200:9618?addrs=172.30.1.200-9618&alias=tamsa2.snu.ac.kr&noUDP&sock=schedd_3625_06e6>
...
040 (391115.035.000) 2024-01-19 12:05:58 Started transferring input files
	Transferring to host: <172.30.1.208:9618?addrs=172.30.1.208-9618&alias=node8&noUDP&sock=slot1_48_3811_f1b4_191191>
...
001 (391115.035.000) 2024-01-19 12:05:58 Job executing on host: <172.30.1.208:9618?addrs=172.30.1.208-9618&alias=node8&noUDP&sock=startd_3777_494c>
...
040 (391115.035.000) 2024-01-19 12:05:58 Finished transferring input files
...
006 (391115.035.000) 2024-01-19 12:06:07 Image size of job updated: 185396
	182  -  MemoryUsage of job (MB)
	185396  -  ResidentSetSize of job (KB)
...
006 (391115.035.000) 2024-01-19 12:08:00 Image size of job updated: 846192
	182  -  MemoryUsage of job (MB)
	185396  -  ResidentSetSize of job (KB)
...
040 (391115.035.000) 2024-01-19 12:08:00 Started transferring output files
...
040 (391115.035.000) 2024-01-19 12:08:01 Finished transferring output files
...
005 (391115.035.000) 2024-01-19 12:08:01 Job terminated.
	(1) Normal termination (return value 0)
		Usr 0 00:01:13, Sys 0 00:00:07  -  Run Remote Usage
		Usr 0 00:00:00, Sys 0 00:00:00  -  Run Local Usage
		Usr 0 00:01:13, Sys 0 00:00:07  -  Total Remote Usage
		Usr 0 00:00:00, Sys 0 00:00:00  -  Total Local Usage
	7464183  -  Run Bytes Sent By Job
	184022  -  Run Bytes Received By Job
	7464183  -  Total Bytes Sent By Job
	184022  -  Total Bytes Received By Job
	Partitionable Resources :    Usage  Request Allocated 
	   Cpus                 :                 1         1 
	   Disk (KB)            :     7537      200    128928 
	   Memory (MB)          :      182     3900      3968 

	Job terminated of its own accord at 2024-01-19T03:08:00Z.
...
000 (391116.035.000) 2024-01-19 12:09:38 Job submitted from host: <172.30.1.200:9618?addrs=172.30.1.200-9618&alias=tamsa2.snu.ac.kr&noUDP&sock=schedd_3625_06e6>
...
040 (391116.035.000) 2024-01-19 12:09:42 Started transferring input files
	Transferring to host: <172.30.1.208:9618?addrs=172.30.1.208-9618&alias=node8&noUDP&sock=slot1_48_3811_f1b4_191199>
...
001 (391116.035.000) 2024-01-19 12:09:42 Job executing on host: <172.30.1.208:9618?addrs=172.30.1.208-9618&alias=node8&noUDP&sock=startd_3777_494c>
...
040 (391116.035.000) 2024-01-19 12:09:42 Finished transferring input files
...
006 (391116.035.000) 2024-01-19 12:09:50 Image size of job updated: 568800
	181  -  MemoryUsage of job (MB)
	185072  -  ResidentSetSize of job (KB)
...
006 (391116.035.000) 2024-01-19 12:11:46 Image size of job updated: 845196
	181  -  MemoryUsage of job (MB)
	185072  -  ResidentSetSize of job (KB)
...
040 (391116.035.000) 2024-01-19 12:11:46 Started transferring output files
...
040 (391116.035.000) 2024-01-19 12:11:46 Finished transferring output files
...
005 (391116.035.000) 2024-01-19 12:11:46 Job terminated.
	(1) Normal termination (return value 0)
		Usr 0 00:01:13, Sys 0 00:00:07  -  Run Remote Usage
		Usr 0 00:00:00, Sys 0 00:00:00  -  Run Local Usage
		Usr 0 00:01:13, Sys 0 00:00:07  -  Total Remote Usage
		Usr 0 00:00:00, Sys 0 00:00:00  -  Total Local Usage
	7464207  -  Run Bytes Sent By Job
	184022  -  Run Bytes Received By Job
	7464207  -  Total Bytes Sent By Job
	184022  -  Total Bytes Received By Job
	Partitionable Resources :    Usage  Request Allocated 
	   Cpus                 :     0.39        1         1 
	   Disk (KB)            :  7542         200    128928 
	   Memory (MB)          :   181        3900      3968 

	Job terminated of its own accord at 2024-01-19T03:11:46Z.
...
000 (391117.035.000) 2024-01-19 12:15:27 Job submitted from host: <172.30.1.200:9618?addrs=172.30.1.200-9618&alias=tamsa2.snu.ac.kr&noUDP&sock=schedd_3625_06e6>
...
040 (391117.035.000) 2024-01-19 12:15:34 Started transferring input files
	Transferring to host: <172.30.1.210:9618?addrs=172.30.1.210-9618&alias=node10&noUDP&sock=slot1_32_3822_b1d4_184613>
...
040 (391117.035.000) 2024-01-19 12:15:34 Finished transferring input files
...
001 (391117.035.000) 2024-01-19 12:15:34 Job executing on host: <172.30.1.210:9618?addrs=172.30.1.210-9618&alias=node10&noUDP&sock=startd_3788_d4d6>
...
006 (391117.035.000) 2024-01-19 12:15:43 Image size of job updated: 186736
	183  -  MemoryUsage of job (MB)
	186736  -  ResidentSetSize of job (KB)
...
006 (391117.035.000) 2024-01-19 12:20:19 Image size of job updated: 866400
	183  -  MemoryUsage of job (MB)
	186736  -  ResidentSetSize of job (KB)
...
040 (391117.035.000) 2024-01-19 12:20:20 Started transferring output files
...
040 (391117.035.000) 2024-01-19 12:20:21 Finished transferring output files
...
005 (391117.035.000) 2024-01-19 12:20:21 Job terminated.
	(1) Normal termination (return value 0)
		Usr 0 00:03:43, Sys 0 00:00:14  -  Run Remote Usage
		Usr 0 00:00:00, Sys 0 00:00:00  -  Run Local Usage
		Usr 0 00:03:43, Sys 0 00:00:14  -  Total Remote Usage
		Usr 0 00:00:00, Sys 0 00:00:00  -  Total Local Usage
	33976296  -  Run Bytes Sent By Job
	184028  -  Run Bytes Received By Job
	33976296  -  Total Bytes Sent By Job
	184028  -  Total Bytes Received By Job
	Partitionable Resources :    Usage  Request Allocated 
	   Cpus                 :     0.86        1         1 
	   Disk (KB)            : 33433         200    128928 
	   Memory (MB)          :   183        3900      3968 

	Job terminated of its own accord at 2024-01-19T03:20:19Z.
...
000 (391118.035.000) 2024-01-19 12:41:45 Job submitted from host: <172.30.1.200:9618?addrs=172.30.1.200-9618&alias=tamsa2.snu.ac.kr&noUDP&sock=schedd_3625_06e6>
...
040 (391118.035.000) 2024-01-19 12:41:53 Started transferring input files
	Transferring to host: <172.30.1.209:9618?addrs=172.30.1.209-9618&alias=node9&noUDP&sock=slot1_5_3782_82d3_179348>
...
040 (391118.035.000) 2024-01-19 12:41:53 Finished transferring input files
...
001 (391118.035.000) 2024-01-19 12:41:53 Job executing on host: <172.30.1.209:9618?addrs=172.30.1.209-9618&alias=node9&noUDP&sock=startd_3748_650d>
...
006 (391118.035.000) 2024-01-19 12:42:01 Image size of job updated: 184576
	181  -  MemoryUsage of job (MB)
	184576  -  ResidentSetSize of job (KB)
...
006 (391118.035.000) 2024-01-19 12:43:50 Image size of job updated: 842296
	181  -  MemoryUsage of job (MB)
	184576  -  ResidentSetSize of job (KB)
...
040 (391118.035.000) 2024-01-19 12:43:50 Started transferring output files
...
040 (391118.035.000) 2024-01-19 12:43:50 Finished transferring output files
...
005 (391118.035.000) 2024-01-19 12:43:50 Job terminated.
	(1) Normal termination (return value 0)
		Usr 0 00:01:12, Sys 0 00:00:07  -  Run Remote Usage
		Usr 0 00:00:00, Sys 0 00:00:00  -  Run Local Usage
		Usr 0 00:01:12, Sys 0 00:00:07  -  Total Remote Usage
		Usr 0 00:00:00, Sys 0 00:00:00  -  Total Local Usage
	7464143  -  Run Bytes Sent By Job
	183796  -  Run Bytes Received By Job
	7464143  -  Total Bytes Sent By Job
	183796  -  Total Bytes Received By Job
	Partitionable Resources :    Usage  Request Allocated 
	   Cpus                 :                 1         1 
	   Disk (KB)            :     7536      200    128928 
	   Memory (MB)          :      181     3900      3968 

	Job terminated of its own accord at 2024-01-19T03:43:50Z.
...
000 (391119.035.000) 2024-01-19 12:47:04 Job submitted from host: <172.30.1.200:9618?addrs=172.30.1.200-9618&alias=tamsa2.snu.ac.kr&noUDP&sock=schedd_3625_06e6>
...
040 (391119.035.000) 2024-01-19 12:47:15 Started transferring input files
	Transferring to host: <172.30.1.209:9618?addrs=172.30.1.209-9618&alias=node9&noUDP&sock=slot1_48_3782_82d3_179357>
...
040 (391119.035.000) 2024-01-19 12:47:15 Finished transferring input files
...
001 (391119.035.000) 2024-01-19 12:47:15 Job executing on host: <172.30.1.209:9618?addrs=172.30.1.209-9618&alias=node9&noUDP&sock=startd_3748_650d>
...
006 (391119.035.000) 2024-01-19 12:47:23 Image size of job updated: 832936
	181  -  MemoryUsage of job (MB)
	184580  -  ResidentSetSize of job (KB)
...
006 (391119.035.000) 2024-01-19 12:51:57 Image size of job updated: 866508
	181  -  MemoryUsage of job (MB)
	184580  -  ResidentSetSize of job (KB)
...
040 (391119.035.000) 2024-01-19 12:51:57 Started transferring output files
...
040 (391119.035.000) 2024-01-19 12:52:00 Finished transferring output files
...
005 (391119.035.000) 2024-01-19 12:52:00 Job terminated.
	(1) Normal termination (return value 0)
		Usr 0 00:03:39, Sys 0 00:00:12  -  Run Remote Usage
		Usr 0 00:00:00, Sys 0 00:00:00  -  Run Local Usage
		Usr 0 00:03:39, Sys 0 00:00:12  -  Total Remote Usage
		Usr 0 00:00:00, Sys 0 00:00:00  -  Total Local Usage
	33549642  -  Run Bytes Sent By Job
	183796  -  Run Bytes Received By Job
	33549642  -  Total Bytes Sent By Job
	183796  -  Total Bytes Received By Job
	Partitionable Resources :    Usage  Request Allocated 
	   Cpus                 :     0.95        1         1 
	   Disk (KB)            : 33016         200    128928 
	   Memory (MB)          :   181        3900      3968 

	Job terminated of its own accord at 2024-01-19T03:51:57Z.
...
000 (391120.035.000) 2024-01-19 13:02:28 Job submitted from host: <172.30.1.200:9618?addrs=172.30.1.200-9618&alias=tamsa2.snu.ac.kr&noUDP&sock=schedd_3625_06e6>
...
040 (391120.035.000) 2024-01-19 13:02:40 Started transferring input files
	Transferring to host: <172.30.1.203:9618?addrs=172.30.1.203-9618&alias=node3&noUDP&sock=slot1_45_24221_a2b2_51957>
...
001 (391120.035.000) 2024-01-19 13:02:40 Job executing on host: <172.30.1.203:9618?addrs=172.30.1.203-9618&alias=node3&noUDP&sock=startd_24188_88db>
...
040 (391120.035.000) 2024-01-19 13:02:40 Finished transferring input files
...
006 (391120.035.000) 2024-01-19 13:02:48 Image size of job updated: 185392
	182  -  MemoryUsage of job (MB)
	185392  -  ResidentSetSize of job (KB)
...
006 (391120.035.000) 2024-01-19 13:07:20 Image size of job updated: 866504
	182  -  MemoryUsage of job (MB)
	185392  -  ResidentSetSize of job (KB)
...
040 (391120.035.000) 2024-01-19 13:07:20 Started transferring output files
...
040 (391120.035.000) 2024-01-19 13:07:22 Finished transferring output files
...
005 (391120.035.000) 2024-01-19 13:07:22 Job terminated.
	(1) Normal termination (return value 0)
		Usr 0 00:03:37, Sys 0 00:00:13  -  Run Remote Usage
		Usr 0 00:00:00, Sys 0 00:00:00  -  Run Local Usage
		Usr 0 00:03:37, Sys 0 00:00:13  -  Total Remote Usage
		Usr 0 00:00:00, Sys 0 00:00:00  -  Total Local Usage
	33525312  -  Run Bytes Sent By Job
	183796  -  Run Bytes Received By Job
	33525312  -  Total Bytes Sent By Job
	183796  -  Total Bytes Received By Job
	Partitionable Resources :    Usage  Request Allocated 
	   Cpus                 :     0.82        1         1 
	   Disk (KB)            : 32992         200    128924 
	   Memory (MB)          :   182        3900      3968 

	Job terminated of its own accord at 2024-01-19T04:07:20Z.
...
000 (391131.035.000) 2024-01-19 14:22:45 Job submitted from host: <172.30.1.200:9618?addrs=172.30.1.200-9618&alias=tamsa2.snu.ac.kr&noUDP&sock=schedd_3625_06e6>
...
040 (391131.035.000) 2024-01-19 14:22:52 Started transferring input files
	Transferring to host: <172.30.1.103:9618?addrs=172.30.1.103-9618&alias=n3&noUDP&sock=slot1_5_3441_3ee5_36090>
...
001 (391131.035.000) 2024-01-19 14:22:52 Job executing on host: <172.30.1.103:9618?addrs=172.30.1.103-9618&alias=n3&noUDP&sock=startd_3407_7f41>
...
040 (391131.035.000) 2024-01-19 14:22:52 Finished transferring input files
...
006 (391131.035.000) 2024-01-19 14:23:01 Image size of job updated: 82384
	71  -  MemoryUsage of job (MB)
	71900  -  ResidentSetSize of job (KB)
...
006 (391131.035.000) 2024-01-19 14:28:02 Image size of job updated: 979048
	327  -  MemoryUsage of job (MB)
	333844  -  ResidentSetSize of job (KB)
...
006 (391131.035.000) 2024-01-19 14:28:10 Image size of job updated: 987872
	327  -  MemoryUsage of job (MB)
	333844  -  ResidentSetSize of job (KB)
...
004 (391131.035.000) 2024-01-19 14:28:10 Job was evicted.
	(0) CPU times
		Usr 0 00:04:50, Sys 0 00:00:18  -  Run Remote Usage
		Usr 0 00:00:00, Sys 0 00:00:00  -  Run Local Usage
	0  -  Run Bytes Sent By Job
	183798  -  Run Bytes Received By Job
	Partitionable Resources :    Usage  Request Allocated 
	   Cpus                 :     1.00        1         1 
	   Disk (KB)            :  1291         200     61880 
	   Memory (MB)          :   327        3900      3968 
...
009 (391131.035.000) 2024-01-19 14:28:10 Job was aborted.
	via condor_rm (by user shin)
...
000 (391132.035.000) 2024-01-19 14:30:22 Job submitted from host: <172.30.1.200:9618?addrs=172.30.1.200-9618&alias=tamsa2.snu.ac.kr&noUDP&sock=schedd_3625_06e6>
...
040 (391132.035.000) 2024-01-19 14:30:26 Started transferring input files
	Transferring to host: <172.30.1.104:9618?addrs=172.30.1.104-9618&alias=n4&noUDP&sock=slot1_4_21200_1157_31955>
...
040 (391132.035.000) 2024-01-19 14:30:26 Finished transferring input files
...
001 (391132.035.000) 2024-01-19 14:30:26 Job executing on host: <172.30.1.104:9618?addrs=172.30.1.104-9618&alias=n4&noUDP&sock=startd_21167_613f>
...
006 (391132.035.000) 2024-01-19 14:30:35 Image size of job updated: 139344
	15  -  MemoryUsage of job (MB)
	14812  -  ResidentSetSize of job (KB)
...
006 (391132.035.000) 2024-01-19 14:35:35 Image size of job updated: 873300
	201  -  MemoryUsage of job (MB)
	205400  -  ResidentSetSize of job (KB)
...
000 (391137.035.000) 2024-01-19 14:35:50 Job submitted from host: <172.30.1.200:9618?addrs=172.30.1.200-9618&alias=tamsa2.snu.ac.kr&noUDP&sock=schedd_3625_06e6>
...
040 (391137.035.000) 2024-01-19 14:35:56 Started transferring input files
	Transferring to host: <172.30.1.109:9618?addrs=172.30.1.109-9618&alias=n9&noUDP&sock=slot1_36_4134_86e1_92625>
...
040 (391137.035.000) 2024-01-19 14:35:56 Finished transferring input files
...
001 (391137.035.000) 2024-01-19 14:35:56 Job executing on host: <172.30.1.109:9618?addrs=172.30.1.109-9618&alias=n9&noUDP&sock=startd_4100_d663>
...
004 (391132.035.000) 2024-01-19 14:36:00 Job was evicted.
	(0) CPU times
		Usr 0 00:04:53, Sys 0 00:00:22  -  Run Remote Usage
		Usr 0 00:00:00, Sys 0 00:00:00  -  Run Local Usage
	0  -  Run Bytes Sent By Job
	183608  -  Run Bytes Received By Job
	Partitionable Resources :    Usage  Request Allocated 
	   Cpus                 :     1.00        1         1 
	   Disk (KB)            : 14143         200     54661 
	   Memory (MB)          :   201        3900      3968 
...
009 (391132.035.000) 2024-01-19 14:36:00 Job was aborted.
	via condor_rm (by user shin)
...
006 (391137.035.000) 2024-01-19 14:36:01 Image size of job updated: 230108
	0  -  MemoryUsage of job (MB)
	0  -  ResidentSetSize of job (KB)
...
004 (391137.035.000) 2024-01-19 14:36:01 Job was evicted.
	(0) CPU times
		Usr 0 00:00:00, Sys 0 00:00:00  -  Run Remote Usage
		Usr 0 00:00:00, Sys 0 00:00:00  -  Run Local Usage
	0  -  Run Bytes Sent By Job
	183614  -  Run Bytes Received By Job
	Partitionable Resources :    Usage  Request Allocated 
	   Cpus                 :     0.03        1         1 
	   Disk (KB)            :   235         200    127849 
	   Memory (MB)          :     0        3900      3968 
...
009 (391137.035.000) 2024-01-19 14:36:01 Job was aborted.
	via condor_rm (by user shin)
...
000 (391138.035.000) 2024-01-19 14:36:02 Job submitted from host: <172.30.1.200:9618?addrs=172.30.1.200-9618&alias=tamsa2.snu.ac.kr&noUDP&sock=schedd_3625_06e6>
...
040 (391138.035.000) 2024-01-19 14:36:15 Started transferring input files
	Transferring to host: <172.30.1.104:9618?addrs=172.30.1.104-9618&alias=n4&noUDP&sock=slot1_3_21200_1157_31966>
...
040 (391138.035.000) 2024-01-19 14:36:15 Finished transferring input files
...
001 (391138.035.000) 2024-01-19 14:36:15 Job executing on host: <172.30.1.104:9618?addrs=172.30.1.104-9618&alias=n4&noUDP&sock=startd_21167_613f>
...
006 (391138.035.000) 2024-01-19 14:36:23 Image size of job updated: 139232
	132  -  MemoryUsage of job (MB)
	134800  -  ResidentSetSize of job (KB)
...
006 (391138.035.000) 2024-01-19 14:41:23 Image size of job updated: 874928
	206  -  MemoryUsage of job (MB)
	210644  -  ResidentSetSize of job (KB)
...
040 (391138.035.000) 2024-01-19 14:42:32 Started transferring output files
...
040 (391138.035.000) 2024-01-19 14:42:33 Finished transferring output files
...
005 (391138.035.000) 2024-01-19 14:42:33 Job terminated.
	(1) Normal termination (return value 0)
		Usr 0 00:05:42, Sys 0 00:00:25  -  Run Remote Usage
		Usr 0 00:00:00, Sys 0 00:00:00  -  Run Local Usage
		Usr 0 00:05:42, Sys 0 00:00:25  -  Total Remote Usage
		Usr 0 00:00:00, Sys 0 00:00:00  -  Total Local Usage
	33309252  -  Run Bytes Sent By Job
	183614  -  Run Bytes Received By Job
	33309252  -  Total Bytes Sent By Job
	183614  -  Total Bytes Received By Job
	Partitionable Resources :    Usage  Request Allocated 
	   Cpus                 :     0.86        1         1 
	   Disk (KB)            : 32781         200     54661 
	   Memory (MB)          :   206        3900      3968 

	Job terminated of its own accord at 2024-01-19T05:42:32Z.
...
000 (391139.035.000) 2024-01-19 14:48:50 Job submitted from host: <172.30.1.200:9618?addrs=172.30.1.200-9618&alias=tamsa2.snu.ac.kr&noUDP&sock=schedd_3625_06e6>
...
040 (391139.035.000) 2024-01-19 14:48:53 Started transferring input files
	Transferring to host: <172.30.1.104:9618?addrs=172.30.1.104-9618&alias=n4&noUDP&sock=slot1_2_21200_1157_31974>
...
040 (391139.035.000) 2024-01-19 14:48:53 Finished transferring input files
...
001 (391139.035.000) 2024-01-19 14:48:53 Job executing on host: <172.30.1.104:9618?addrs=172.30.1.104-9618&alias=n4&noUDP&sock=startd_21167_613f>
...
006 (391139.035.000) 2024-01-19 14:49:01 Image size of job updated: 139088
	68  -  MemoryUsage of job (MB)
	69428  -  ResidentSetSize of job (KB)
...
006 (391139.035.000) 2024-01-19 14:52:18 Image size of job updated: 871404
	68  -  MemoryUsage of job (MB)
	69428  -  ResidentSetSize of job (KB)
...
004 (391139.035.000) 2024-01-19 14:52:18 Job was evicted.
	(0) CPU times
		Usr 0 00:03:00, Sys 0 00:00:15  -  Run Remote Usage
		Usr 0 00:00:00, Sys 0 00:00:00  -  Run Local Usage
	0  -  Run Bytes Sent By Job
	183618  -  Run Bytes Received By Job
	Partitionable Resources :    Usage  Request Allocated 
	   Cpus                 :     1.00        1         1 
	   Disk (KB)            :  8400         200     54661 
	   Memory (MB)          :    68        3900      3968 
...
009 (391139.035.000) 2024-01-19 14:52:18 Job was aborted.
	via condor_rm (by user shin)
...
000 (391140.035.000) 2024-01-19 14:52:19 Job submitted from host: <172.30.1.200:9618?addrs=172.30.1.200-9618&alias=tamsa2.snu.ac.kr&noUDP&sock=schedd_3625_06e6>
...
040 (391140.035.000) 2024-01-19 14:52:22 Started transferring input files
	Transferring to host: <172.30.1.104:9618?addrs=172.30.1.104-9618&alias=n4&noUDP&sock=slot1_2_21200_1157_31981>
...
001 (391140.035.000) 2024-01-19 14:52:22 Job executing on host: <172.30.1.104:9618?addrs=172.30.1.104-9618&alias=n4&noUDP&sock=startd_21167_613f>
...
040 (391140.035.000) 2024-01-19 14:52:22 Finished transferring input files
...
006 (391140.035.000) 2024-01-19 14:52:30 Image size of job updated: 559516
	183  -  MemoryUsage of job (MB)
	186720  -  ResidentSetSize of job (KB)
...
006 (391140.035.000) 2024-01-19 14:57:30 Image size of job updated: 875904
	183  -  MemoryUsage of job (MB)
	186720  -  ResidentSetSize of job (KB)
...
040 (391140.035.000) 2024-01-19 14:58:16 Started transferring output files
...
040 (391140.035.000) 2024-01-19 14:58:19 Finished transferring output files
...
005 (391140.035.000) 2024-01-19 14:58:19 Job terminated.
	(1) Normal termination (return value 0)
		Usr 0 00:05:26, Sys 0 00:00:23  -  Run Remote Usage
		Usr 0 00:00:00, Sys 0 00:00:00  -  Run Local Usage
		Usr 0 00:05:26, Sys 0 00:00:23  -  Total Remote Usage
		Usr 0 00:00:00, Sys 0 00:00:00  -  Total Local Usage
	33248820  -  Run Bytes Sent By Job
	183636  -  Run Bytes Received By Job
	33248820  -  Total Bytes Sent By Job
	183636  -  Total Bytes Received By Job
	Partitionable Resources :    Usage  Request Allocated 
	   Cpus                 :     1.00        1         1 
	   Disk (KB)            : 32722         200     54661 
	   Memory (MB)          :   183        3900      3968 

	Job terminated of its own accord at 2024-01-19T05:58:16Z.
...
000 (391145.035.000) 2024-01-19 15:59:26 Job submitted from host: <172.30.1.200:9618?addrs=172.30.1.200-9618&alias=tamsa2.snu.ac.kr&noUDP&sock=schedd_3625_06e6>
...
040 (391145.035.000) 2024-01-19 15:59:30 Started transferring input files
	Transferring to host: <172.30.1.103:9618?addrs=172.30.1.103-9618&alias=n3&noUDP&sock=slot1_4_3441_3ee5_36108>
...
040 (391145.035.000) 2024-01-19 15:59:30 Finished transferring input files
...
001 (391145.035.000) 2024-01-19 15:59:30 Job executing on host: <172.30.1.103:9618?addrs=172.30.1.103-9618&alias=n3&noUDP&sock=startd_3407_7f41>
...
006 (391145.035.000) 2024-01-19 15:59:39 Image size of job updated: 50120
	15  -  MemoryUsage of job (MB)
	14828  -  ResidentSetSize of job (KB)
...
006 (391145.035.000) 2024-01-19 16:04:40 Image size of job updated: 872752
	216  -  MemoryUsage of job (MB)
	221124  -  ResidentSetSize of job (KB)
...
006 (391145.035.000) 2024-01-19 16:05:26 Image size of job updated: 879768
	216  -  MemoryUsage of job (MB)
	221124  -  ResidentSetSize of job (KB)
...
040 (391145.035.000) 2024-01-19 16:05:26 Started transferring output files
...
040 (391145.035.000) 2024-01-19 16:05:27 Finished transferring output files
...
005 (391145.035.000) 2024-01-19 16:05:27 Job terminated.
	(1) Normal termination (return value 0)
		Usr 0 00:05:12, Sys 0 00:00:17  -  Run Remote Usage
		Usr 0 00:00:00, Sys 0 00:00:00  -  Run Local Usage
		Usr 0 00:05:12, Sys 0 00:00:17  -  Total Remote Usage
		Usr 0 00:00:00, Sys 0 00:00:00  -  Total Local Usage
	32200900  -  Run Bytes Sent By Job
	184262  -  Run Bytes Received By Job
	32200900  -  Total Bytes Sent By Job
	184262  -  Total Bytes Received By Job
	Partitionable Resources :    Usage  Request Allocated 
	   Cpus                 :     1.00        1         1 
	   Disk (KB)            : 31699         200     61880 
	   Memory (MB)          :   216        3900      3968 

	Job terminated of its own accord at 2024-01-19T07:05:26Z.
...
000 (391151.035.000) 2024-01-19 16:45:38 Job submitted from host: <172.30.1.200:9618?addrs=172.30.1.200-9618&alias=tamsa2.snu.ac.kr&noUDP&sock=schedd_3625_06e6>
...
040 (391151.035.000) 2024-01-19 16:45:47 Started transferring input files
	Transferring to host: <172.30.1.201:9618?addrs=172.30.1.201-9618&alias=node1&noUDP&sock=slot1_46_12171_5208_13932>
...
040 (391151.035.000) 2024-01-19 16:45:47 Finished transferring input files
...
001 (391151.035.000) 2024-01-19 16:45:47 Job executing on host: <172.30.1.201:9618?addrs=172.30.1.201-9618&alias=node1&noUDP&sock=startd_12138_3ca4>
...
006 (391151.035.000) 2024-01-19 16:45:56 Image size of job updated: 193596
	172  -  MemoryUsage of job (MB)
	175188  -  ResidentSetSize of job (KB)
...
000 (391152.035.000) 2024-01-19 16:46:33 Job submitted from host: <172.30.1.200:9618?addrs=172.30.1.200-9618&alias=tamsa2.snu.ac.kr&noUDP&sock=schedd_3625_06e6>
...
040 (391152.035.000) 2024-01-19 16:46:38 Started transferring input files
	Transferring to host: <172.30.1.106:9618?addrs=172.30.1.106-9618&alias=n6&noUDP&sock=slot1_8_3378_db42_31768>
...
040 (391152.035.000) 2024-01-19 16:46:38 Finished transferring input files
...
001 (391152.035.000) 2024-01-19 16:46:38 Job executing on host: <172.30.1.106:9618?addrs=172.30.1.106-9618&alias=n6&noUDP&sock=startd_3343_9931>
...
006 (391152.035.000) 2024-01-19 16:46:46 Image size of job updated: 1288
	0  -  MemoryUsage of job (MB)
	0  -  ResidentSetSize of job (KB)
...
004 (391152.035.000) 2024-01-19 16:46:46 Job was evicted.
	(0) CPU times
		Usr 0 00:00:00, Sys 0 00:00:00  -  Run Remote Usage
		Usr 0 00:00:00, Sys 0 00:00:00  -  Run Local Usage
	0  -  Run Bytes Sent By Job
	184253  -  Run Bytes Received By Job
	Partitionable Resources :    Usage  Request Allocated 
	   Cpus                 :        0        1         1 
	   Disk (KB)            :      236      200     61880 
	   Memory (MB)          :        0     3900      3968 
...
009 (391152.035.000) 2024-01-19 16:46:46 Job was aborted.
	via condor_rm (by user shin)
...
006 (391151.035.000) 2024-01-19 16:47:35 Image size of job updated: 835572
	172  -  MemoryUsage of job (MB)
	175188  -  ResidentSetSize of job (KB)
...
004 (391151.035.000) 2024-01-19 16:47:35 Job was evicted.
	(0) CPU times
		Usr 0 00:01:04, Sys 0 00:00:06  -  Run Remote Usage
		Usr 0 00:00:00, Sys 0 00:00:00  -  Run Local Usage
	0  -  Run Bytes Sent By Job
	184253  -  Run Bytes Received By Job
	Partitionable Resources :    Usage  Request Allocated 
	   Cpus                 :     0.83        1         1 
	   Disk (KB)            :  3322         200    128990 
	   Memory (MB)          :   172        3900      3968 
...
009 (391151.035.000) 2024-01-19 16:47:36 Job was aborted.
	via condor_rm (by user shin)
...
000 (391153.035.000) 2024-01-19 16:47:37 Job submitted from host: <172.30.1.200:9618?addrs=172.30.1.200-9618&alias=tamsa2.snu.ac.kr&noUDP&sock=schedd_3625_06e6>
...
040 (391153.035.000) 2024-01-19 16:47:58 Started transferring input files
	Transferring to host: <172.30.1.201:9618?addrs=172.30.1.201-9618&alias=node1&noUDP&sock=slot1_38_12171_5208_13936>
...
001 (391153.035.000) 2024-01-19 16:47:58 Job executing on host: <172.30.1.201:9618?addrs=172.30.1.201-9618&alias=node1&noUDP&sock=startd_12138_3ca4>
...
040 (391153.035.000) 2024-01-19 16:47:58 Finished transferring input files
...
006 (391153.035.000) 2024-01-19 16:48:07 Image size of job updated: 574876
	183  -  MemoryUsage of job (MB)
	186728  -  ResidentSetSize of job (KB)
...
006 (391153.035.000) 2024-01-19 16:49:34 Image size of job updated: 836692
	183  -  MemoryUsage of job (MB)
	186728  -  ResidentSetSize of job (KB)
...
040 (391153.035.000) 2024-01-19 16:49:34 Started transferring output files
...
040 (391153.035.000) 2024-01-19 16:49:34 Finished transferring output files
...
005 (391153.035.000) 2024-01-19 16:49:34 Job terminated.
	(1) Normal termination (return value 0)
		Usr 0 00:01:14, Sys 0 00:00:07  -  Run Remote Usage
		Usr 0 00:00:00, Sys 0 00:00:00  -  Run Local Usage
		Usr 0 00:01:14, Sys 0 00:00:07  -  Total Remote Usage
		Usr 0 00:00:00, Sys 0 00:00:00  -  Total Local Usage
	7470439  -  Run Bytes Sent By Job
	184257  -  Run Bytes Received By Job
	7470439  -  Total Bytes Sent By Job
	184257  -  Total Bytes Received By Job
	Partitionable Resources :    Usage  Request Allocated 
	   Cpus                 :     0.13        1         1 
	   Disk (KB)            :  7548         200    128990 
	   Memory (MB)          :   183        3900      3968 

	Job terminated of its own accord at 2024-01-19T07:49:34Z.
...
000 (391154.035.000) 2024-01-19 16:50:49 Job submitted from host: <172.30.1.200:9618?addrs=172.30.1.200-9618&alias=tamsa2.snu.ac.kr&noUDP&sock=schedd_3625_06e6>
...
040 (391154.035.000) 2024-01-19 16:50:53 Started transferring input files
	Transferring to host: <172.30.1.203:9618?addrs=172.30.1.203-9618&alias=node3&noUDP&sock=slot1_47_24221_a2b2_52064>
...
040 (391154.035.000) 2024-01-19 16:50:53 Finished transferring input files
...
001 (391154.035.000) 2024-01-19 16:50:53 Job executing on host: <172.30.1.203:9618?addrs=172.30.1.203-9618&alias=node3&noUDP&sock=startd_24188_88db>
...
006 (391154.035.000) 2024-01-19 16:51:02 Image size of job updated: 186736
	183  -  MemoryUsage of job (MB)
	186736  -  ResidentSetSize of job (KB)
...
006 (391154.035.000) 2024-01-19 16:56:03 Image size of job updated: 867676
	211  -  MemoryUsage of job (MB)
	216040  -  ResidentSetSize of job (KB)
...
006 (391154.035.000) 2024-01-19 16:57:51 Image size of job updated: 871976
	211  -  MemoryUsage of job (MB)
	216040  -  ResidentSetSize of job (KB)
...
040 (391154.035.000) 2024-01-19 16:57:51 Started transferring output files
...
040 (391154.035.000) 2024-01-19 16:57:52 Finished transferring output files
...
005 (391154.035.000) 2024-01-19 16:57:52 Job terminated.
	(1) Normal termination (return value 0)
		Usr 0 00:06:04, Sys 0 00:00:18  -  Run Remote Usage
		Usr 0 00:00:00, Sys 0 00:00:00  -  Run Local Usage
		Usr 0 00:06:04, Sys 0 00:00:18  -  Total Remote Usage
		Usr 0 00:00:00, Sys 0 00:00:00  -  Total Local Usage
	32682744  -  Run Bytes Sent By Job
	184256  -  Run Bytes Received By Job
	32682744  -  Total Bytes Sent By Job
	184256  -  Total Bytes Received By Job
	Partitionable Resources :    Usage  Request Allocated 
	   Cpus                 :     0.97        1         1 
	   Disk (KB)            : 32170         200    128924 
	   Memory (MB)          :   211        3900      3968 

	Job terminated of its own accord at 2024-01-19T07:57:51Z.
...
000 (391155.035.000) 2024-01-19 17:22:15 Job submitted from host: <172.30.1.200:9618?addrs=172.30.1.200-9618&alias=tamsa2.snu.ac.kr&noUDP&sock=schedd_3625_06e6>
...
040 (391155.035.000) 2024-01-19 17:22:19 Started transferring input files
	Transferring to host: <172.30.1.203:9618?addrs=172.30.1.203-9618&alias=node3&noUDP&sock=slot1_44_24221_a2b2_52078>
...
040 (391155.035.000) 2024-01-19 17:22:19 Finished transferring input files
...
001 (391155.035.000) 2024-01-19 17:22:19 Job executing on host: <172.30.1.203:9618?addrs=172.30.1.203-9618&alias=node3&noUDP&sock=startd_24188_88db>
...
006 (391155.035.000) 2024-01-19 17:22:28 Image size of job updated: 656164
	182  -  MemoryUsage of job (MB)
	185400  -  ResidentSetSize of job (KB)
...
006 (391155.035.000) 2024-01-19 17:24:17 Image size of job updated: 835756
	182  -  MemoryUsage of job (MB)
	185400  -  ResidentSetSize of job (KB)
...
040 (391155.035.000) 2024-01-19 17:24:17 Started transferring output files
...
040 (391155.035.000) 2024-01-19 17:24:17 Finished transferring output files
...
005 (391155.035.000) 2024-01-19 17:24:17 Job terminated.
	(1) Normal termination (return value 0)
		Usr 0 00:01:11, Sys 0 00:00:07  -  Run Remote Usage
		Usr 0 00:00:00, Sys 0 00:00:00  -  Run Local Usage
		Usr 0 00:01:11, Sys 0 00:00:07  -  Total Remote Usage
		Usr 0 00:00:00, Sys 0 00:00:00  -  Total Local Usage
	7465407  -  Run Bytes Sent By Job
	186554  -  Run Bytes Received By Job
	7465407  -  Total Bytes Sent By Job
	186554  -  Total Bytes Received By Job
	Partitionable Resources :    Usage  Request Allocated 
	   Cpus                 :     0.60        1         1 
	   Disk (KB)            :  7546         200    128924 
	   Memory (MB)          :   182        3900      3968 

	Job terminated of its own accord at 2024-01-19T08:24:17Z.
...
000 (391156.035.000) 2024-01-19 17:29:00 Job submitted from host: <172.30.1.200:9618?addrs=172.30.1.200-9618&alias=tamsa2.snu.ac.kr&noUDP&sock=schedd_3625_06e6>
...
040 (391156.035.000) 2024-01-19 17:29:04 Started transferring input files
	Transferring to host: <172.30.1.203:9618?addrs=172.30.1.203-9618&alias=node3&noUDP&sock=slot1_43_24221_a2b2_52089>
...
001 (391156.035.000) 2024-01-19 17:29:04 Job executing on host: <172.30.1.203:9618?addrs=172.30.1.203-9618&alias=node3&noUDP&sock=startd_24188_88db>
...
040 (391156.035.000) 2024-01-19 17:29:04 Finished transferring input files
...
006 (391156.035.000) 2024-01-19 17:29:13 Image size of job updated: 834392
	183  -  MemoryUsage of job (MB)
	186372  -  ResidentSetSize of job (KB)
...
006 (391156.035.000) 2024-01-19 17:30:54 Image size of job updated: 843768
	183  -  MemoryUsage of job (MB)
	186372  -  ResidentSetSize of job (KB)
...
040 (391156.035.000) 2024-01-19 17:30:54 Started transferring output files
...
040 (391156.035.000) 2024-01-19 17:30:54 Finished transferring output files
...
005 (391156.035.000) 2024-01-19 17:30:55 Job terminated.
	(1) Normal termination (return value 0)
		Usr 0 00:01:11, Sys 0 00:00:07  -  Run Remote Usage
		Usr 0 00:00:00, Sys 0 00:00:00  -  Run Local Usage
		Usr 0 00:01:11, Sys 0 00:00:07  -  Total Remote Usage
		Usr 0 00:00:00, Sys 0 00:00:00  -  Total Local Usage
	7465407  -  Run Bytes Sent By Job
	186554  -  Run Bytes Received By Job
	7465407  -  Total Bytes Sent By Job
	186554  -  Total Bytes Received By Job
	Partitionable Resources :    Usage  Request Allocated 
	   Cpus                 :     0.46        1         1 
	   Disk (KB)            :  7546         200    128924 
	   Memory (MB)          :   183        3900      3968 

	Job terminated of its own accord at 2024-01-19T08:30:54Z.
...
000 (391161.035.000) 2024-01-19 17:33:03 Job submitted from host: <172.30.1.200:9618?addrs=172.30.1.200-9618&alias=tamsa2.snu.ac.kr&noUDP&sock=schedd_3625_06e6>
...
040 (391161.035.000) 2024-01-19 17:33:07 Started transferring input files
	Transferring to host: <172.30.1.203:9618?addrs=172.30.1.203-9618&alias=node3&noUDP&sock=slot1_42_24221_a2b2_52097>
...
001 (391161.035.000) 2024-01-19 17:33:07 Job executing on host: <172.30.1.203:9618?addrs=172.30.1.203-9618&alias=node3&noUDP&sock=startd_24188_88db>
...
040 (391161.035.000) 2024-01-19 17:33:07 Finished transferring input files
...
006 (391161.035.000) 2024-01-19 17:33:16 Image size of job updated: 561388
	183  -  MemoryUsage of job (MB)
	186744  -  ResidentSetSize of job (KB)
...
006 (391161.035.000) 2024-01-19 17:35:01 Image size of job updated: 843924
	183  -  MemoryUsage of job (MB)
	186744  -  ResidentSetSize of job (KB)
...
040 (391161.035.000) 2024-01-19 17:35:01 Started transferring output files
...
040 (391161.035.000) 2024-01-19 17:35:02 Finished transferring output files
...
005 (391161.035.000) 2024-01-19 17:35:02 Job terminated.
	(1) Normal termination (return value 0)
		Usr 0 00:01:11, Sys 0 00:00:07  -  Run Remote Usage
		Usr 0 00:00:00, Sys 0 00:00:00  -  Run Local Usage
		Usr 0 00:01:11, Sys 0 00:00:07  -  Total Remote Usage
		Usr 0 00:00:00, Sys 0 00:00:00  -  Total Local Usage
	7469647  -  Run Bytes Sent By Job
	186686  -  Run Bytes Received By Job
	7469647  -  Total Bytes Sent By Job
	186686  -  Total Bytes Received By Job
	Partitionable Resources :    Usage  Request Allocated 
	   Cpus                 :     0.65        1         1 
	   Disk (KB)            :  7550         200    128924 
	   Memory (MB)          :   183        3900      3968 

	Job terminated of its own accord at 2024-01-19T08:35:01Z.
...
000 (391162.035.000) 2024-01-19 17:42:18 Job submitted from host: <172.30.1.200:9618?addrs=172.30.1.200-9618&alias=tamsa2.snu.ac.kr&noUDP&sock=schedd_3625_06e6>
...
040 (391162.035.000) 2024-01-19 17:42:29 Started transferring input files
	Transferring to host: <172.30.1.203:9618?addrs=172.30.1.203-9618&alias=node3&noUDP&sock=slot1_16_24221_a2b2_52106>
...
040 (391162.035.000) 2024-01-19 17:42:29 Finished transferring input files
...
001 (391162.035.000) 2024-01-19 17:42:29 Job executing on host: <172.30.1.203:9618?addrs=172.30.1.203-9618&alias=node3&noUDP&sock=startd_24188_88db>
...
006 (391162.035.000) 2024-01-19 17:42:38 Image size of job updated: 833428
	182  -  MemoryUsage of job (MB)
	185396  -  ResidentSetSize of job (KB)
...
006 (391162.035.000) 2024-01-19 17:44:24 Image size of job updated: 836228
	182  -  MemoryUsage of job (MB)
	185396  -  ResidentSetSize of job (KB)
...
040 (391162.035.000) 2024-01-19 17:44:25 Started transferring output files
...
040 (391162.035.000) 2024-01-19 17:44:25 Finished transferring output files
...
005 (391162.035.000) 2024-01-19 17:44:25 Job terminated.
	(1) Normal termination (return value 0)
		Usr 0 00:01:11, Sys 0 00:00:07  -  Run Remote Usage
		Usr 0 00:00:00, Sys 0 00:00:00  -  Run Local Usage
		Usr 0 00:01:11, Sys 0 00:00:07  -  Total Remote Usage
		Usr 0 00:00:00, Sys 0 00:00:00  -  Total Local Usage
	7465015  -  Run Bytes Sent By Job
	187104  -  Run Bytes Received By Job
	7465015  -  Total Bytes Sent By Job
	187104  -  Total Bytes Received By Job
	Partitionable Resources :    Usage  Request Allocated 
	   Cpus                 :     0.67        1         1 
	   Disk (KB)            :  7546         200    128924 
	   Memory (MB)          :   182        3900      3968 

	Job terminated of its own accord at 2024-01-19T08:44:24Z.
...
000 (391163.035.000) 2024-01-19 17:55:44 Job submitted from host: <172.30.1.200:9618?addrs=172.30.1.200-9618&alias=tamsa2.snu.ac.kr&noUDP&sock=schedd_3625_06e6>
...
040 (391163.035.000) 2024-01-19 17:55:58 Started transferring input files
	Transferring to host: <172.30.1.111:9618?addrs=172.30.1.111-9618&alias=n11&noUDP&sock=slot1_16_4271_0e47_38759>
...
040 (391163.035.000) 2024-01-19 17:55:58 Finished transferring input files
...
001 (391163.035.000) 2024-01-19 17:55:58 Job executing on host: <172.30.1.111:9618?addrs=172.30.1.111-9618&alias=n11&noUDP&sock=startd_4237_cedc>
...
006 (391163.035.000) 2024-01-19 17:56:06 Image size of job updated: 276820
	74  -  MemoryUsage of job (MB)
	75384  -  ResidentSetSize of job (KB)
...
006 (391163.035.000) 2024-01-19 17:59:04 Image size of job updated: 871716
	74  -  MemoryUsage of job (MB)
	75384  -  ResidentSetSize of job (KB)
...
040 (391163.035.000) 2024-01-19 17:59:04 Started transferring output files
...
040 (391163.035.000) 2024-01-19 17:59:17 Finished transferring output files
...
005 (391163.035.000) 2024-01-19 17:59:17 Job terminated.
	(1) Normal termination (return value 0)
		Usr 0 00:02:24, Sys 0 00:00:07  -  Run Remote Usage
		Usr 0 00:00:00, Sys 0 00:00:00  -  Run Local Usage
		Usr 0 00:02:24, Sys 0 00:00:07  -  Total Remote Usage
		Usr 0 00:00:00, Sys 0 00:00:00  -  Total Local Usage
	34356508  -  Run Bytes Sent By Job
	186100  -  Run Bytes Received By Job
	34356508  -  Total Bytes Sent By Job
	186100  -  Total Bytes Received By Job
	Partitionable Resources :    Usage  Request Allocated 
	   Cpus                 :                 1         1 
	   Disk (KB)            :    33801      200    127752 
	   GPUs                 :                           0 
	   Memory (MB)          :       74     3900      3968 

	Job terminated of its own accord at 2024-01-19T08:59:04Z.
...
000 (391164.035.000) 2024-01-19 18:03:23 Job submitted from host: <172.30.1.200:9618?addrs=172.30.1.200-9618&alias=tamsa2.snu.ac.kr&noUDP&sock=schedd_3625_06e6>
...
040 (391164.035.000) 2024-01-19 18:03:39 Started transferring input files
	Transferring to host: <172.30.1.111:9618?addrs=172.30.1.111-9618&alias=n11&noUDP&sock=slot1_12_4271_0e47_38782>
...
001 (391164.035.000) 2024-01-19 18:03:39 Job executing on host: <172.30.1.111:9618?addrs=172.30.1.111-9618&alias=n11&noUDP&sock=startd_4237_cedc>
...
040 (391164.035.000) 2024-01-19 18:03:39 Finished transferring input files
...
006 (391164.035.000) 2024-01-19 18:03:48 Image size of job updated: 236664
	191  -  MemoryUsage of job (MB)
	194812  -  ResidentSetSize of job (KB)
...
006 (391164.035.000) 2024-01-19 18:06:46 Image size of job updated: 875764
	191  -  MemoryUsage of job (MB)
	194812  -  ResidentSetSize of job (KB)
...
040 (391164.035.000) 2024-01-19 18:06:46 Started transferring output files
...
040 (391164.035.000) 2024-01-19 18:06:59 Finished transferring output files
...
005 (391164.035.000) 2024-01-19 18:06:59 Job terminated.
	(1) Normal termination (return value 0)
		Usr 0 00:02:46, Sys 0 00:00:06  -  Run Remote Usage
		Usr 0 00:00:00, Sys 0 00:00:00  -  Run Local Usage
		Usr 0 00:02:46, Sys 0 00:00:06  -  Total Remote Usage
		Usr 0 00:00:00, Sys 0 00:00:00  -  Total Local Usage
	61184604  -  Run Bytes Sent By Job
	186386  -  Run Bytes Received By Job
	61184604  -  Total Bytes Sent By Job
	186386  -  Total Bytes Received By Job
	Partitionable Resources :    Usage  Request Allocated 
	   Cpus                 :     1.00        1         1 
	   Disk (KB)            : 60007         200    127752 
	   GPUs                 :                           0 
	   Memory (MB)          :   191        3900      3968 

	Job terminated of its own accord at 2024-01-19T09:06:46Z.
...
000 (391165.035.000) 2024-01-19 22:41:31 Job submitted from host: <172.30.1.200:9618?addrs=172.30.1.200-9618&alias=tamsa2.snu.ac.kr&noUDP&sock=schedd_3625_06e6>
...
040 (391165.035.000) 2024-01-19 22:41:34 Started transferring input files
	Transferring to host: <172.30.1.208:9618?addrs=172.30.1.208-9618&alias=node8&noUDP&sock=slot1_8_3811_f1b4_191458>
...
001 (391165.035.000) 2024-01-19 22:41:34 Job executing on host: <172.30.1.208:9618?addrs=172.30.1.208-9618&alias=node8&noUDP&sock=startd_3777_494c>
...
040 (391165.035.000) 2024-01-19 22:41:34 Finished transferring input files
...
006 (391165.035.000) 2024-01-19 22:41:42 Image size of job updated: 230124
	74  -  MemoryUsage of job (MB)
	75368  -  ResidentSetSize of job (KB)
...
006 (391165.035.000) 2024-01-19 22:43:10 Image size of job updated: 843240
	74  -  MemoryUsage of job (MB)
	75368  -  ResidentSetSize of job (KB)
...
040 (391165.035.000) 2024-01-19 22:43:10 Started transferring output files
...
040 (391165.035.000) 2024-01-19 22:43:14 Finished transferring output files
...
005 (391165.035.000) 2024-01-19 22:43:14 Job terminated.
	(1) Normal termination (return value 0)
		Usr 0 00:00:48, Sys 0 00:00:05  -  Run Remote Usage
		Usr 0 00:00:00, Sys 0 00:00:00  -  Run Local Usage
		Usr 0 00:00:48, Sys 0 00:00:05  -  Total Remote Usage
		Usr 0 00:00:00, Sys 0 00:00:00  -  Total Local Usage
	7473695  -  Run Bytes Sent By Job
	185908  -  Run Bytes Received By Job
	7473695  -  Total Bytes Sent By Job
	185908  -  Total Bytes Received By Job
	Partitionable Resources :    Usage  Request Allocated 
	   Cpus                 :                 1         1 
	   Disk (KB)            :     7548      200    128928 
	   Memory (MB)          :       74     3900      3968 

	Job terminated of its own accord at 2024-01-19T13:43:10Z.
...
000 (391166.035.000) 2024-01-19 22:44:51 Job submitted from host: <172.30.1.200:9618?addrs=172.30.1.200-9618&alias=tamsa2.snu.ac.kr&noUDP&sock=schedd_3625_06e6>
...
040 (391166.035.000) 2024-01-19 22:45:00 Started transferring input files
	Transferring to host: <172.30.1.208:9618?addrs=172.30.1.208-9618&alias=node8&noUDP&sock=slot1_8_3811_f1b4_191467>
...
001 (391166.035.000) 2024-01-19 22:45:00 Job executing on host: <172.30.1.208:9618?addrs=172.30.1.208-9618&alias=node8&noUDP&sock=startd_3777_494c>
...
040 (391166.035.000) 2024-01-19 22:45:00 Finished transferring input files
...
006 (391166.035.000) 2024-01-19 22:45:09 Image size of job updated: 841392
	199  -  MemoryUsage of job (MB)
	203644  -  ResidentSetSize of job (KB)
...
006 (391166.035.000) 2024-01-19 22:49:05 Image size of job updated: 872628
	199  -  MemoryUsage of job (MB)
	203644  -  ResidentSetSize of job (KB)
...
040 (391166.035.000) 2024-01-19 22:49:05 Started transferring output files
...
040 (391166.035.000) 2024-01-19 22:49:07 Finished transferring output files
...
005 (391166.035.000) 2024-01-19 22:49:07 Job terminated.
	(1) Normal termination (return value 0)
		Usr 0 00:03:47, Sys 0 00:00:11  -  Run Remote Usage
		Usr 0 00:00:00, Sys 0 00:00:00  -  Run Local Usage
		Usr 0 00:03:47, Sys 0 00:00:11  -  Total Remote Usage
		Usr 0 00:00:00, Sys 0 00:00:00  -  Total Local Usage
	32665648  -  Run Bytes Sent By Job
	185911  -  Run Bytes Received By Job
	32665648  -  Total Bytes Sent By Job
	185911  -  Total Bytes Received By Job
	Partitionable Resources :    Usage  Request Allocated 
	   Cpus                 :     0.76        1         1 
	   Disk (KB)            : 32155         200    128928 
	   Memory (MB)          :   199        3900      3968 

	Job terminated of its own accord at 2024-01-19T13:49:05Z.
...
000 (391167.035.000) 2024-01-19 22:57:44 Job submitted from host: <172.30.1.200:9618?addrs=172.30.1.200-9618&alias=tamsa2.snu.ac.kr&noUDP&sock=schedd_3625_06e6>
...
040 (391167.035.000) 2024-01-19 22:57:47 Started transferring input files
	Transferring to host: <172.30.1.208:9618?addrs=172.30.1.208-9618&alias=node8&noUDP&sock=slot1_10_3811_f1b4_191479>
...
001 (391167.035.000) 2024-01-19 22:57:48 Job executing on host: <172.30.1.208:9618?addrs=172.30.1.208-9618&alias=node8&noUDP&sock=startd_3777_494c>
...
040 (391167.035.000) 2024-01-19 22:57:48 Finished transferring input files
...
006 (391167.035.000) 2024-01-19 22:57:56 Image size of job updated: 832936
	183  -  MemoryUsage of job (MB)
	186968  -  ResidentSetSize of job (KB)
...
006 (391167.035.000) 2024-01-19 23:01:50 Image size of job updated: 872828
	183  -  MemoryUsage of job (MB)
	186968  -  ResidentSetSize of job (KB)
...
040 (391167.035.000) 2024-01-19 23:01:50 Started transferring output files
...
040 (391167.035.000) 2024-01-19 23:01:51 Finished transferring output files
...
005 (391167.035.000) 2024-01-19 23:01:51 Job terminated.
	(1) Normal termination (return value 0)
		Usr 0 00:03:41, Sys 0 00:00:11  -  Run Remote Usage
		Usr 0 00:00:00, Sys 0 00:00:00  -  Run Local Usage
		Usr 0 00:03:41, Sys 0 00:00:11  -  Total Remote Usage
		Usr 0 00:00:00, Sys 0 00:00:00  -  Total Local Usage
	32646316  -  Run Bytes Sent By Job
	185911  -  Run Bytes Received By Job
	32646316  -  Total Bytes Sent By Job
	185911  -  Total Bytes Received By Job
	Partitionable Resources :    Usage  Request Allocated 
	   Cpus                 :     1.00        1         1 
	   Disk (KB)            : 32136         200    128928 
	   Memory (MB)          :   183        3900      3968 

	Job terminated of its own accord at 2024-01-19T14:01:50Z.
...
000 (391343.035.000) 2024-01-22 10:59:18 Job submitted from host: <172.30.1.200:9618?addrs=172.30.1.200-9618&alias=tamsa2.snu.ac.kr&noUDP&sock=schedd_3625_06e6>
...
040 (391343.035.000) 2024-01-22 10:59:25 Started transferring input files
	Transferring to host: <172.30.1.216:9618?addrs=172.30.1.216-9618&alias=node16&noUDP&sock=slot1_36_4290_7168_332805>
...
040 (391343.035.000) 2024-01-22 10:59:25 Finished transferring input files
...
001 (391343.035.000) 2024-01-22 10:59:25 Job executing on host: <172.30.1.216:9618?addrs=172.30.1.216-9618&alias=node16&noUDP&sock=startd_4255_2791>
...
006 (391343.035.000) 2024-01-22 10:59:33 Image size of job updated: 1288
	1  -  MemoryUsage of job (MB)
	84  -  ResidentSetSize of job (KB)
...
006 (391343.035.000) 2024-01-22 11:04:33 Image size of job updated: 964444
	246  -  MemoryUsage of job (MB)
	251780  -  ResidentSetSize of job (KB)
...
006 (391343.035.000) 2024-01-22 11:09:34 Image size of job updated: 964588
	246  -  MemoryUsage of job (MB)
	251780  -  ResidentSetSize of job (KB)
...
006 (391343.035.000) 2024-01-22 11:14:35 Image size of job updated: 964588
	296  -  MemoryUsage of job (MB)
	302980  -  ResidentSetSize of job (KB)
...
006 (391343.035.000) 2024-01-22 11:19:35 Image size of job updated: 971112
	296  -  MemoryUsage of job (MB)
	302980  -  ResidentSetSize of job (KB)
...
040 (391343.035.000) 2024-01-22 11:23:06 Started transferring output files
...
040 (391343.035.000) 2024-01-22 11:23:06 Finished transferring output files
...
005 (391343.035.000) 2024-01-22 11:23:07 Job terminated.
	(1) Normal termination (return value 0)
		Usr 0 00:21:52, Sys 0 00:00:53  -  Run Remote Usage
		Usr 0 00:00:00, Sys 0 00:00:00  -  Run Local Usage
		Usr 0 00:21:52, Sys 0 00:00:53  -  Total Remote Usage
		Usr 0 00:00:00, Sys 0 00:00:00  -  Total Local Usage
	31119826  -  Run Bytes Sent By Job
	185924  -  Run Bytes Received By Job
	31119826  -  Total Bytes Sent By Job
	185924  -  Total Bytes Received By Job
	Partitionable Resources :    Usage  Request Allocated 
	   Cpus                 :     1.01        1         1 
	   Disk (KB)            : 30645         200    261111 
	   Memory (MB)          :   296        3900      3968 

	Job terminated of its own accord at 2024-01-22T02:23:06Z.
...
000 (391348.035.000) 2024-01-22 12:29:14 Job submitted from host: <172.30.1.200:9618?addrs=172.30.1.200-9618&alias=tamsa2.snu.ac.kr&noUDP&sock=schedd_3625_06e6>
...
040 (391348.035.000) 2024-01-22 12:29:20 Started transferring input files
	Transferring to host: <172.30.1.216:9618?addrs=172.30.1.216-9618&alias=node16&noUDP&sock=slot1_28_4290_7168_332841>
...
040 (391348.035.000) 2024-01-22 12:29:20 Finished transferring input files
...
001 (391348.035.000) 2024-01-22 12:29:20 Job executing on host: <172.30.1.216:9618?addrs=172.30.1.216-9618&alias=node16&noUDP&sock=startd_4255_2791>
...
006 (391348.035.000) 2024-01-22 12:29:29 Image size of job updated: 139344
	5  -  MemoryUsage of job (MB)
	4956  -  ResidentSetSize of job (KB)
...
006 (391348.035.000) 2024-01-22 12:34:30 Image size of job updated: 954432
	277  -  MemoryUsage of job (MB)
	283584  -  ResidentSetSize of job (KB)
...
006 (391348.035.000) 2024-01-22 12:39:31 Image size of job updated: 971556
	277  -  MemoryUsage of job (MB)
	283584  -  ResidentSetSize of job (KB)
...
006 (391348.035.000) 2024-01-22 12:44:31 Image size of job updated: 971556
	279  -  MemoryUsage of job (MB)
	284696  -  ResidentSetSize of job (KB)
...
006 (391348.035.000) 2024-01-22 12:49:31 Image size of job updated: 971556
	279  -  MemoryUsage of job (MB)
	284712  -  ResidentSetSize of job (KB)
...
006 (391348.035.000) 2024-01-22 12:53:34 Image size of job updated: 971708
	279  -  MemoryUsage of job (MB)
	284712  -  ResidentSetSize of job (KB)
...
040 (391348.035.000) 2024-01-22 12:53:34 Started transferring output files
...
040 (391348.035.000) 2024-01-22 12:53:34 Finished transferring output files
...
005 (391348.035.000) 2024-01-22 12:53:34 Job terminated.
	(1) Normal termination (return value 0)
		Usr 0 00:22:44, Sys 0 00:00:55  -  Run Remote Usage
		Usr 0 00:00:00, Sys 0 00:00:00  -  Run Local Usage
		Usr 0 00:22:44, Sys 0 00:00:55  -  Total Remote Usage
		Usr 0 00:00:00, Sys 0 00:00:00  -  Total Local Usage
	31118804  -  Run Bytes Sent By Job
	186484  -  Run Bytes Received By Job
	31118804  -  Total Bytes Sent By Job
	186484  -  Total Bytes Received By Job
	Partitionable Resources :    Usage  Request Allocated 
	   Cpus                 :     1.01        1         1 
	   Disk (KB)            : 30645         200    261111 
	   Memory (MB)          :   279        3900      3968 

	Job terminated of its own accord at 2024-01-22T03:53:34Z.
...
000 (391350.035.000) 2024-01-22 13:01:44 Job submitted from host: <172.30.1.200:9618?addrs=172.30.1.200-9618&alias=tamsa2.snu.ac.kr&noUDP&sock=schedd_3625_06e6>
...
040 (391350.035.000) 2024-01-22 13:02:02 Started transferring input files
	Transferring to host: <172.30.1.216:9618?addrs=172.30.1.216-9618&alias=node16&noUDP&sock=slot1_27_4290_7168_332880>
...
040 (391350.035.000) 2024-01-22 13:02:02 Finished transferring input files
...
001 (391350.035.000) 2024-01-22 13:02:02 Job executing on host: <172.30.1.216:9618?addrs=172.30.1.216-9618&alias=node16&noUDP&sock=startd_4255_2791>
...
006 (391350.035.000) 2024-01-22 13:02:11 Image size of job updated: 139088
	5  -  MemoryUsage of job (MB)
	4952  -  ResidentSetSize of job (KB)
...
006 (391350.035.000) 2024-01-22 13:07:11 Image size of job updated: 954660
	256  -  MemoryUsage of job (MB)
	261584  -  ResidentSetSize of job (KB)
...
006 (391350.035.000) 2024-01-22 13:12:11 Image size of job updated: 964300
	256  -  MemoryUsage of job (MB)
	261584  -  ResidentSetSize of job (KB)
...
006 (391350.035.000) 2024-01-22 13:22:13 Image size of job updated: 970792
	268  -  MemoryUsage of job (MB)
	274036  -  ResidentSetSize of job (KB)
...
006 (391350.035.000) 2024-01-22 13:25:42 Image size of job updated: 971340
	268  -  MemoryUsage of job (MB)
	274052  -  ResidentSetSize of job (KB)
...
040 (391350.035.000) 2024-01-22 13:25:42 Started transferring output files
...
040 (391350.035.000) 2024-01-22 13:25:42 Finished transferring output files
...
005 (391350.035.000) 2024-01-22 13:25:42 Job terminated.
	(1) Normal termination (return value 0)
		Usr 0 00:22:13, Sys 0 00:00:52  -  Run Remote Usage
		Usr 0 00:00:00, Sys 0 00:00:00  -  Run Local Usage
		Usr 0 00:22:13, Sys 0 00:00:52  -  Total Remote Usage
		Usr 0 00:00:00, Sys 0 00:00:00  -  Total Local Usage
	31174568  -  Run Bytes Sent By Job
	186577  -  Run Bytes Received By Job
	31174568  -  Total Bytes Sent By Job
	186577  -  Total Bytes Received By Job
	Partitionable Resources :    Usage  Request Allocated 
	   Cpus                 :     1.00        1         1 
	   Disk (KB)            : 30700         200    261111 
	   Memory (MB)          :   268        3900      3968 

	Job terminated of its own accord at 2024-01-22T04:25:42Z.
...
000 (391361.035.000) 2024-01-22 13:44:17 Job submitted from host: <172.30.1.200:9618?addrs=172.30.1.200-9618&alias=tamsa2.snu.ac.kr&noUDP&sock=schedd_3625_06e6>
...
040 (391361.035.000) 2024-01-22 13:44:33 Started transferring input files
	Transferring to host: <172.30.1.216:9618?addrs=172.30.1.216-9618&alias=node16&noUDP&sock=slot1_61_4290_7168_333019>
...
001 (391361.035.000) 2024-01-22 13:44:33 Job executing on host: <172.30.1.216:9618?addrs=172.30.1.216-9618&alias=node16&noUDP&sock=startd_4255_2791>
...
040 (391361.035.000) 2024-01-22 13:44:33 Finished transferring input files
...
006 (391361.035.000) 2024-01-22 13:44:41 Image size of job updated: 139600
	68  -  MemoryUsage of job (MB)
	69432  -  ResidentSetSize of job (KB)
...
006 (391361.035.000) 2024-01-22 13:48:48 Image size of job updated: 868940
	68  -  MemoryUsage of job (MB)
	69432  -  ResidentSetSize of job (KB)
...
040 (391361.035.000) 2024-01-22 13:48:48 Started transferring output files
...
040 (391361.035.000) 2024-01-22 13:48:49 Finished transferring output files
...
005 (391361.035.000) 2024-01-22 13:48:49 Job terminated.
	(1) Normal termination (return value 0)
		Usr 0 00:03:37, Sys 0 00:00:15  -  Run Remote Usage
		Usr 0 00:00:00, Sys 0 00:00:00  -  Run Local Usage
		Usr 0 00:03:37, Sys 0 00:00:15  -  Total Remote Usage
		Usr 0 00:00:00, Sys 0 00:00:00  -  Total Local Usage
	31517210  -  Run Bytes Sent By Job
	191813  -  Run Bytes Received By Job
	31517210  -  Total Bytes Sent By Job
	191813  -  Total Bytes Received By Job
	Partitionable Resources :    Usage  Request Allocated 
	   Cpus                 :     1.00        1         1 
	   Disk (KB)            : 31042         200    261111 
	   Memory (MB)          :    68        3900      3968 

	Job terminated of its own accord at 2024-01-22T04:48:48Z.
...
000 (391362.035.000) 2024-01-22 13:50:58 Job submitted from host: <172.30.1.200:9618?addrs=172.30.1.200-9618&alias=tamsa2.snu.ac.kr&noUDP&sock=schedd_3625_06e6>
...
040 (391362.035.000) 2024-01-22 13:51:06 Started transferring input files
	Transferring to host: <172.30.1.216:9618?addrs=172.30.1.216-9618&alias=node16&noUDP&sock=slot1_46_4290_7168_333060>
...
040 (391362.035.000) 2024-01-22 13:51:06 Finished transferring input files
...
001 (391362.035.000) 2024-01-22 13:51:06 Job executing on host: <172.30.1.216:9618?addrs=172.30.1.216-9618&alias=node16&noUDP&sock=startd_4255_2791>
...
006 (391362.035.000) 2024-01-22 13:51:14 Image size of job updated: 139088
	5  -  MemoryUsage of job (MB)
	4960  -  ResidentSetSize of job (KB)
...
006 (391362.035.000) 2024-01-22 13:56:14 Image size of job updated: 954016
	226  -  MemoryUsage of job (MB)
	230844  -  ResidentSetSize of job (KB)
...
006 (391362.035.000) 2024-01-22 14:01:15 Image size of job updated: 954560
	246  -  MemoryUsage of job (MB)
	251436  -  ResidentSetSize of job (KB)
...
006 (391362.035.000) 2024-01-22 14:06:16 Image size of job updated: 955628
	276  -  MemoryUsage of job (MB)
	282496  -  ResidentSetSize of job (KB)
...
006 (391362.035.000) 2024-01-22 14:11:16 Image size of job updated: 970572
	296  -  MemoryUsage of job (MB)
	302244  -  ResidentSetSize of job (KB)
...
006 (391362.035.000) 2024-01-22 14:16:17 Image size of job updated: 970748
	296  -  MemoryUsage of job (MB)
	302244  -  ResidentSetSize of job (KB)
...
040 (391362.035.000) 2024-01-22 14:19:35 Started transferring output files
...
040 (391362.035.000) 2024-01-22 14:19:36 Finished transferring output files
...
005 (391362.035.000) 2024-01-22 14:19:36 Job terminated.
	(1) Normal termination (return value 0)
		Usr 0 00:26:19, Sys 0 00:00:59  -  Run Remote Usage
		Usr 0 00:00:00, Sys 0 00:00:00  -  Run Local Usage
		Usr 0 00:26:19, Sys 0 00:00:59  -  Total Remote Usage
		Usr 0 00:00:00, Sys 0 00:00:00  -  Total Local Usage
	31163230  -  Run Bytes Sent By Job
	191814  -  Run Bytes Received By Job
	31163230  -  Total Bytes Sent By Job
	191814  -  Total Bytes Received By Job
	Partitionable Resources :    Usage  Request Allocated 
	   Cpus                 :     1.00        1         1 
	   Disk (KB)            : 30696         200    261111 
	   Memory (MB)          :   296        3900      3968 

	Job terminated of its own accord at 2024-01-22T05:19:35Z.
...
000 (391496.035.000) 2024-01-22 14:58:10 Job submitted from host: <172.30.1.200:9618?addrs=172.30.1.200-9618&alias=tamsa2.snu.ac.kr&noUDP&sock=schedd_3625_06e6>
...
040 (391496.035.000) 2024-01-22 14:58:22 Started transferring input files
	Transferring to host: <172.30.1.216:9618?addrs=172.30.1.216-9618&alias=node16&noUDP&sock=slot1_46_4290_7168_333226>
...
040 (391496.035.000) 2024-01-22 14:58:22 Finished transferring input files
...
001 (391496.035.000) 2024-01-22 14:58:22 Job executing on host: <172.30.1.216:9618?addrs=172.30.1.216-9618&alias=node16&noUDP&sock=startd_4255_2791>
...
006 (391496.035.000) 2024-01-22 14:58:31 Image size of job updated: 139088
	5  -  MemoryUsage of job (MB)
	4956  -  ResidentSetSize of job (KB)
...
006 (391496.035.000) 2024-01-22 15:03:32 Image size of job updated: 970096
	217  -  MemoryUsage of job (MB)
	221196  -  ResidentSetSize of job (KB)
...
006 (391496.035.000) 2024-01-22 15:08:33 Image size of job updated: 971052
	237  -  MemoryUsage of job (MB)
	241700  -  ResidentSetSize of job (KB)
...
006 (391496.035.000) 2024-01-22 15:13:33 Image size of job updated: 971052
	256  -  MemoryUsage of job (MB)
	261332  -  ResidentSetSize of job (KB)
...
006 (391496.035.000) 2024-01-22 15:18:34 Image size of job updated: 971052
	266  -  MemoryUsage of job (MB)
	271544  -  ResidentSetSize of job (KB)
...
006 (391496.035.000) 2024-01-22 15:23:35 Image size of job updated: 971052
	286  -  MemoryUsage of job (MB)
	292712  -  ResidentSetSize of job (KB)
...
006 (391496.035.000) 2024-01-22 15:28:35 Image size of job updated: 971052
	296  -  MemoryUsage of job (MB)
	302876  -  ResidentSetSize of job (KB)
...
006 (391496.035.000) 2024-01-22 15:33:22 Image size of job updated: 971736
	296  -  MemoryUsage of job (MB)
	302876  -  ResidentSetSize of job (KB)
...
040 (391496.035.000) 2024-01-22 15:33:22 Started transferring output files
...
040 (391496.035.000) 2024-01-22 15:33:23 Finished transferring output files
...
005 (391496.035.000) 2024-01-22 15:33:23 Job terminated.
	(1) Normal termination (return value 0)
		Usr 0 00:32:56, Sys 0 00:01:19  -  Run Remote Usage
		Usr 0 00:00:00, Sys 0 00:00:00  -  Run Local Usage
		Usr 0 00:32:56, Sys 0 00:01:19  -  Total Remote Usage
		Usr 0 00:00:00, Sys 0 00:00:00  -  Total Local Usage
	31143280  -  Run Bytes Sent By Job
	191814  -  Run Bytes Received By Job
	31143280  -  Total Bytes Sent By Job
	191814  -  Total Bytes Received By Job
	Partitionable Resources :    Usage  Request Allocated 
	   Cpus                 :     0.99        1         1 
	   Disk (KB)            : 30676         200    261111 
	   Memory (MB)          :   296        3900      3968 

	Job terminated of its own accord at 2024-01-22T06:33:22Z.
...
000 (391511.035.000) 2024-01-22 15:59:41 Job submitted from host: <172.30.1.200:9618?addrs=172.30.1.200-9618&alias=tamsa2.snu.ac.kr&noUDP&sock=schedd_3625_06e6>
...
040 (391511.035.000) 2024-01-22 15:59:57 Started transferring input files
	Transferring to host: <172.30.1.214:9618?addrs=172.30.1.214-9618&alias=node14&noUDP&sock=slot1_58_4480_50af_235860>
...
001 (391511.035.000) 2024-01-22 15:59:57 Job executing on host: <172.30.1.214:9618?addrs=172.30.1.214-9618&alias=node14&noUDP&sock=startd_4446_2a28>
...
040 (391511.035.000) 2024-01-22 15:59:57 Finished transferring input files
...
006 (391511.035.000) 2024-01-22 16:00:06 Image size of job updated: 152896
	15  -  MemoryUsage of job (MB)
	14828  -  ResidentSetSize of job (KB)
...
006 (391511.035.000) 2024-01-22 16:05:07 Image size of job updated: 970824
	207  -  MemoryUsage of job (MB)
	211800  -  ResidentSetSize of job (KB)
...
006 (391511.035.000) 2024-01-22 16:10:08 Image size of job updated: 970824
	226  -  MemoryUsage of job (MB)
	230712  -  ResidentSetSize of job (KB)
...
006 (391511.035.000) 2024-01-22 16:15:08 Image size of job updated: 970824
	266  -  MemoryUsage of job (MB)
	271524  -  ResidentSetSize of job (KB)
...
006 (391511.035.000) 2024-01-22 16:20:08 Image size of job updated: 970824
	306  -  MemoryUsage of job (MB)
	312388  -  ResidentSetSize of job (KB)
...
006 (391511.035.000) 2024-01-22 16:25:09 Image size of job updated: 971272
	306  -  MemoryUsage of job (MB)
	312388  -  ResidentSetSize of job (KB)
...
006 (391511.035.000) 2024-01-22 16:30:09 Image size of job updated: 971324
	306  -  MemoryUsage of job (MB)
	312912  -  ResidentSetSize of job (KB)
...
040 (391511.035.000) 2024-01-22 16:30:13 Started transferring output files
...
040 (391511.035.000) 2024-01-22 16:30:14 Finished transferring output files
...
005 (391511.035.000) 2024-01-22 16:30:14 Job terminated.
	(1) Normal termination (return value 0)
		Usr 0 00:28:35, Sys 0 00:01:10  -  Run Remote Usage
		Usr 0 00:00:00, Sys 0 00:00:00  -  Run Local Usage
		Usr 0 00:28:35, Sys 0 00:01:10  -  Total Remote Usage
		Usr 0 00:00:00, Sys 0 00:00:00  -  Total Local Usage
	31139136  -  Run Bytes Sent By Job
	191824  -  Run Bytes Received By Job
	31139136  -  Total Bytes Sent By Job
	191824  -  Total Bytes Received By Job
	Partitionable Resources :    Usage  Request Allocated 
	   Cpus                 :     1.00        1         1 
	   Disk (KB)            : 30672         200    261111 
	   Memory (MB)          :   306        3900      3968 

	Job terminated of its own accord at 2024-01-22T07:30:13Z.
...
000 (391574.035.000) 2024-01-22 23:15:00 Job submitted from host: <172.30.1.200:9618?addrs=172.30.1.200-9618&alias=tamsa2.snu.ac.kr&noUDP&sock=schedd_3625_06e6>
...
040 (391574.035.000) 2024-01-22 23:15:07 Started transferring input files
	Transferring to host: <172.30.1.216:9618?addrs=172.30.1.216-9618&alias=node16&noUDP&sock=slot1_36_4290_7168_334253>
...
040 (391574.035.000) 2024-01-22 23:15:07 Finished transferring input files
...
001 (391574.035.000) 2024-01-22 23:15:07 Job executing on host: <172.30.1.216:9618?addrs=172.30.1.216-9618&alias=node16&noUDP&sock=startd_4255_2791>
...
006 (391574.035.000) 2024-01-22 23:15:16 Image size of job updated: 139472
	5  -  MemoryUsage of job (MB)
	4952  -  ResidentSetSize of job (KB)
...
006 (391574.035.000) 2024-01-22 23:20:17 Image size of job updated: 965684
	248  -  MemoryUsage of job (MB)
	253052  -  ResidentSetSize of job (KB)
...
006 (391574.035.000) 2024-01-22 23:25:17 Image size of job updated: 965684
	276  -  MemoryUsage of job (MB)
	282568  -  ResidentSetSize of job (KB)
...
006 (391574.035.000) 2024-01-22 23:30:17 Image size of job updated: 965684
	297  -  MemoryUsage of job (MB)
	303864  -  ResidentSetSize of job (KB)
...
006 (391574.035.000) 2024-01-22 23:35:18 Image size of job updated: 971008
	297  -  MemoryUsage of job (MB)
	303864  -  ResidentSetSize of job (KB)
...
004 (391574.035.000) 2024-01-22 23:35:24 Job was evicted.
	(0) CPU times
		Usr 0 00:18:44, Sys 0 00:00:51  -  Run Remote Usage
		Usr 0 00:00:00, Sys 0 00:00:00  -  Run Local Usage
	0  -  Run Bytes Sent By Job
	191685  -  Run Bytes Received By Job
	Partitionable Resources :    Usage  Request Allocated 
	   Cpus                 :     1.00        1         1 
	   Disk (KB)            : 10282         200    261111 
	   Memory (MB)          :   297        3900      3968 
...
009 (391574.035.000) 2024-01-22 23:35:24 Job was aborted.
	via condor_rm (by user shin)
...
000 (391577.035.000) 2024-01-22 23:35:26 Job submitted from host: <172.30.1.200:9618?addrs=172.30.1.200-9618&alias=tamsa2.snu.ac.kr&noUDP&sock=schedd_3625_06e6>
...
040 (391577.035.000) 2024-01-22 23:35:38 Started transferring input files
	Transferring to host: <172.30.1.216:9618?addrs=172.30.1.216-9618&alias=node16&noUDP&sock=slot1_36_4290_7168_334313>
...
040 (391577.035.000) 2024-01-22 23:35:38 Finished transferring input files
...
001 (391577.035.000) 2024-01-22 23:35:38 Job executing on host: <172.30.1.216:9618?addrs=172.30.1.216-9618&alias=node16&noUDP&sock=startd_4255_2791>
...
006 (391577.035.000) 2024-01-22 23:35:47 Image size of job updated: 139088
	5  -  MemoryUsage of job (MB)
	4960  -  ResidentSetSize of job (KB)
...
006 (391577.035.000) 2024-01-22 23:40:48 Image size of job updated: 953832
	216  -  MemoryUsage of job (MB)
	220940  -  ResidentSetSize of job (KB)
...
006 (391577.035.000) 2024-01-22 23:45:48 Image size of job updated: 970832
	238  -  MemoryUsage of job (MB)
	243196  -  ResidentSetSize of job (KB)
...
006 (391577.035.000) 2024-01-22 23:50:48 Image size of job updated: 970832
	256  -  MemoryUsage of job (MB)
	261280  -  ResidentSetSize of job (KB)
...
006 (391577.035.000) 2024-01-22 23:55:49 Image size of job updated: 970832
	277  -  MemoryUsage of job (MB)
	283152  -  ResidentSetSize of job (KB)
...
006 (391577.035.000) 2024-01-23 00:00:50 Image size of job updated: 970984
	277  -  MemoryUsage of job (MB)
	283152  -  ResidentSetSize of job (KB)
...
006 (391577.035.000) 2024-01-23 00:05:50 Image size of job updated: 971548
	277  -  MemoryUsage of job (MB)
	283152  -  ResidentSetSize of job (KB)
...
040 (391577.035.000) 2024-01-23 00:06:45 Started transferring output files
...
040 (391577.035.000) 2024-01-23 00:06:46 Finished transferring output files
...
005 (391577.035.000) 2024-01-23 00:06:47 Job terminated.
	(1) Normal termination (return value 0)
		Usr 0 00:29:41, Sys 0 00:01:07  -  Run Remote Usage
		Usr 0 00:00:00, Sys 0 00:00:00  -  Run Local Usage
		Usr 0 00:29:41, Sys 0 00:01:07  -  Total Remote Usage
		Usr 0 00:00:00, Sys 0 00:00:00  -  Total Local Usage
	31137634  -  Run Bytes Sent By Job
	191687  -  Run Bytes Received By Job
	31137634  -  Total Bytes Sent By Job
	191687  -  Total Bytes Received By Job
	Partitionable Resources :    Usage  Request Allocated 
	   Cpus                 :     1.00        1         1 
	   Disk (KB)            : 30671         200    261111 
	   Memory (MB)          :   277        3900      3968 

	Job terminated of its own accord at 2024-01-22T15:06:45Z.
...
000 (391582.035.000) 2024-01-23 10:33:35 Job submitted from host: <172.30.1.200:9618?addrs=172.30.1.200-9618&alias=tamsa2.snu.ac.kr&noUDP&sock=schedd_3625_06e6>
...
040 (391582.035.000) 2024-01-23 10:33:42 Started transferring input files
	Transferring to host: <172.30.1.216:9618?addrs=172.30.1.216-9618&alias=node16&noUDP&sock=slot1_36_4290_7168_337553>
...
040 (391582.035.000) 2024-01-23 10:33:42 Finished transferring input files
...
001 (391582.035.000) 2024-01-23 10:33:42 Job executing on host: <172.30.1.216:9618?addrs=172.30.1.216-9618&alias=node16&noUDP&sock=startd_4255_2791>
...
006 (391582.035.000) 2024-01-23 10:33:51 Image size of job updated: 4760
	5  -  MemoryUsage of job (MB)
	4704  -  ResidentSetSize of job (KB)
...
006 (391582.035.000) 2024-01-23 10:38:52 Image size of job updated: 963572
	246  -  MemoryUsage of job (MB)
	251492  -  ResidentSetSize of job (KB)
...
006 (391582.035.000) 2024-01-23 10:43:52 Image size of job updated: 966456
	246  -  MemoryUsage of job (MB)
	251492  -  ResidentSetSize of job (KB)
...
006 (391582.035.000) 2024-01-23 10:48:52 Image size of job updated: 966456
	296  -  MemoryUsage of job (MB)
	302528  -  ResidentSetSize of job (KB)
...
006 (391582.035.000) 2024-01-23 10:53:53 Image size of job updated: 971196
	296  -  MemoryUsage of job (MB)
	302528  -  ResidentSetSize of job (KB)
...
006 (391582.035.000) 2024-01-23 10:57:49 Image size of job updated: 971348
	296  -  MemoryUsage of job (MB)
	302528  -  ResidentSetSize of job (KB)
...
040 (391582.035.000) 2024-01-23 10:57:49 Started transferring output files
...
040 (391582.035.000) 2024-01-23 10:57:51 Finished transferring output files
...
005 (391582.035.000) 2024-01-23 10:57:51 Job terminated.
	(1) Normal termination (return value 0)
		Usr 0 00:22:21, Sys 0 00:00:53  -  Run Remote Usage
		Usr 0 00:00:00, Sys 0 00:00:00  -  Run Local Usage
		Usr 0 00:22:21, Sys 0 00:00:53  -  Total Remote Usage
		Usr 0 00:00:00, Sys 0 00:00:00  -  Total Local Usage
	31136192  -  Run Bytes Sent By Job
	191687  -  Run Bytes Received By Job
	31136192  -  Total Bytes Sent By Job
	191687  -  Total Bytes Received By Job
	Partitionable Resources :    Usage  Request Allocated 
	   Cpus                 :     1.00        1         1 
	   Disk (KB)            : 30669         200    261111 
	   Memory (MB)          :   296        3900      3968 

	Job terminated of its own accord at 2024-01-23T01:57:49Z.
...
