000 (390874.017.000) 2024-01-18 20:28:10 Job submitted from host: <172.30.1.200:9618?addrs=172.30.1.200-9618&alias=tamsa2.snu.ac.kr&noUDP&sock=schedd_3625_06e6>
...
040 (390874.017.000) 2024-01-18 20:28:25 Started transferring input files
	Transferring to host: <172.30.1.213:9618?addrs=172.30.1.213-9618&alias=node13&noUDP&sock=slot1_58_4363_e0ca_274568>
...
001 (390874.017.000) 2024-01-18 20:28:25 Job executing on host: <172.30.1.213:9618?addrs=172.30.1.213-9618&alias=node13&noUDP&sock=startd_4329_e993>
...
040 (390874.017.000) 2024-01-18 20:28:25 Finished transferring input files
...
006 (390874.017.000) 2024-01-18 20:28:34 Image size of job updated: 139344
	68  -  MemoryUsage of job (MB)
	69424  -  ResidentSetSize of job (KB)
...
006 (390874.017.000) 2024-01-18 20:30:44 Image size of job updated: 846544
	68  -  MemoryUsage of job (MB)
	69424  -  ResidentSetSize of job (KB)
...
040 (390874.017.000) 2024-01-18 20:30:44 Started transferring output files
...
040 (390874.017.000) 2024-01-18 20:30:44 Finished transferring output files
...
005 (390874.017.000) 2024-01-18 20:30:44 Job terminated.
	(1) Normal termination (return value 0)
		Usr 0 00:01:18, Sys 0 00:00:08  -  Run Remote Usage
		Usr 0 00:00:00, Sys 0 00:00:00  -  Run Local Usage
		Usr 0 00:01:18, Sys 0 00:00:08  -  Total Remote Usage
		Usr 0 00:00:00, Sys 0 00:00:00  -  Total Local Usage
	14722623  -  Run Bytes Sent By Job
	181578  -  Run Bytes Received By Job
	14722623  -  Total Bytes Sent By Job
	181578  -  Total Bytes Received By Job
	Partitionable Resources :    Usage  Request Allocated 
	   Cpus                 :                 1         1 
	   Disk (KB)            :    14622      200    261111 
	   Memory (MB)          :       68     3900      3968 

	Job terminated of its own accord at 2024-01-18T11:30:44Z.
...
000 (390875.017.000) 2024-01-18 20:45:32 Job submitted from host: <172.30.1.200:9618?addrs=172.30.1.200-9618&alias=tamsa2.snu.ac.kr&noUDP&sock=schedd_3625_06e6>
...
040 (390875.017.000) 2024-01-18 20:45:46 Started transferring input files
	Transferring to host: <172.30.1.211:9618?addrs=172.30.1.211-9618&alias=node11&noUDP&sock=slot1_25_3735_6531_176921>
...
040 (390875.017.000) 2024-01-18 20:45:46 Finished transferring input files
...
001 (390875.017.000) 2024-01-18 20:45:46 Job executing on host: <172.30.1.211:9618?addrs=172.30.1.211-9618&alias=node11&noUDP&sock=startd_3699_c8e9>
...
006 (390875.017.000) 2024-01-18 20:45:55 Image size of job updated: 139344
	5  -  MemoryUsage of job (MB)
	4960  -  ResidentSetSize of job (KB)
...
006 (390875.017.000) 2024-01-18 20:50:56 Image size of job updated: 867512
	140  -  MemoryUsage of job (MB)
	143204  -  ResidentSetSize of job (KB)
...
006 (390875.017.000) 2024-01-18 20:51:27 Image size of job updated: 868108
	140  -  MemoryUsage of job (MB)
	143348  -  ResidentSetSize of job (KB)
...
040 (390875.017.000) 2024-01-18 20:51:27 Started transferring output files
...
040 (390875.017.000) 2024-01-18 20:51:32 Finished transferring output files
...
005 (390875.017.000) 2024-01-18 20:51:33 Job terminated.
	(1) Normal termination (return value 0)
		Usr 0 00:03:55, Sys 0 00:00:16  -  Run Remote Usage
		Usr 0 00:00:00, Sys 0 00:00:00  -  Run Local Usage
		Usr 0 00:03:55, Sys 0 00:00:16  -  Total Remote Usage
		Usr 0 00:00:00, Sys 0 00:00:00  -  Total Local Usage
	107281888  -  Run Bytes Sent By Job
	182042  -  Run Bytes Received By Job
	107281888  -  Total Bytes Sent By Job
	182042  -  Total Bytes Received By Job
	Partitionable Resources :     Usage  Request Allocated 
	   Cpus                 :      0.89        1         1 
	   Disk (KB)            : 105018         200    128928 
	   Memory (MB)          :    140        3900      3968 

	Job terminated of its own accord at 2024-01-18T11:51:27Z.
...
000 (390886.017.000) 2024-01-18 21:10:43 Job submitted from host: <172.30.1.200:9618?addrs=172.30.1.200-9618&alias=tamsa2.snu.ac.kr&noUDP&sock=schedd_3625_06e6>
...
040 (390886.017.000) 2024-01-18 21:10:45 Started transferring input files
	Transferring to host: <172.30.1.211:9618?addrs=172.30.1.211-9618&alias=node11&noUDP&sock=slot1_22_3735_6531_176935>
...
001 (390886.017.000) 2024-01-18 21:10:46 Job executing on host: <172.30.1.211:9618?addrs=172.30.1.211-9618&alias=node11&noUDP&sock=startd_3699_c8e9>
...
040 (390886.017.000) 2024-01-18 21:10:46 Finished transferring input files
...
006 (390886.017.000) 2024-01-18 21:10:54 Image size of job updated: 139344
	90  -  MemoryUsage of job (MB)
	91284  -  ResidentSetSize of job (KB)
...
006 (390886.017.000) 2024-01-18 21:12:18 Image size of job updated: 846264
	90  -  MemoryUsage of job (MB)
	91408  -  ResidentSetSize of job (KB)
...
040 (390886.017.000) 2024-01-18 21:12:18 Started transferring output files
...
040 (390886.017.000) 2024-01-18 21:12:19 Finished transferring output files
...
005 (390886.017.000) 2024-01-18 21:12:19 Job terminated.
	(1) Normal termination (return value 0)
		Usr 0 00:01:07, Sys 0 00:00:07  -  Run Remote Usage
		Usr 0 00:00:00, Sys 0 00:00:00  -  Run Local Usage
		Usr 0 00:01:07, Sys 0 00:00:07  -  Total Remote Usage
		Usr 0 00:00:00, Sys 0 00:00:00  -  Total Local Usage
	7473247  -  Run Bytes Sent By Job
	181210  -  Run Bytes Received By Job
	7473247  -  Total Bytes Sent By Job
	181210  -  Total Bytes Received By Job
	Partitionable Resources :    Usage  Request Allocated 
	   Cpus                 :                 1         1 
	   Disk (KB)            :     7541      200    128928 
	   Memory (MB)          :       90     3900      3968 

	Job terminated of its own accord at 2024-01-18T12:12:18Z.
...
000 (390887.017.000) 2024-01-18 21:19:38 Job submitted from host: <172.30.1.200:9618?addrs=172.30.1.200-9618&alias=tamsa2.snu.ac.kr&noUDP&sock=schedd_3625_06e6>
...
040 (390887.017.000) 2024-01-18 21:19:40 Started transferring input files
	Transferring to host: <172.30.1.211:9618?addrs=172.30.1.211-9618&alias=node11&noUDP&sock=slot1_21_3735_6531_176952>
...
040 (390887.017.000) 2024-01-18 21:19:40 Finished transferring input files
...
001 (390887.017.000) 2024-01-18 21:19:40 Job executing on host: <172.30.1.211:9618?addrs=172.30.1.211-9618&alias=node11&noUDP&sock=startd_3699_c8e9>
...
006 (390887.017.000) 2024-01-18 21:19:48 Image size of job updated: 184548
	181  -  MemoryUsage of job (MB)
	184548  -  ResidentSetSize of job (KB)
...
006 (390887.017.000) 2024-01-18 21:23:16 Image size of job updated: 867956
	181  -  MemoryUsage of job (MB)
	184548  -  ResidentSetSize of job (KB)
...
040 (390887.017.000) 2024-01-18 21:23:16 Started transferring output files
...
040 (390887.017.000) 2024-01-18 21:23:17 Finished transferring output files
...
005 (390887.017.000) 2024-01-18 21:23:17 Job terminated.
	(1) Normal termination (return value 0)
		Usr 0 00:03:10, Sys 0 00:00:15  -  Run Remote Usage
		Usr 0 00:00:00, Sys 0 00:00:00  -  Run Local Usage
		Usr 0 00:03:10, Sys 0 00:00:15  -  Total Remote Usage
		Usr 0 00:00:00, Sys 0 00:00:00  -  Total Local Usage
	34445924  -  Run Bytes Sent By Job
	181210  -  Run Bytes Received By Job
	34445924  -  Total Bytes Sent By Job
	181210  -  Total Bytes Received By Job
	Partitionable Resources :    Usage  Request Allocated 
	   Cpus                 :     0.64        1         1 
	   Disk (KB)            : 33887         200    128928 
	   Memory (MB)          :   181        3900      3968 

	Job terminated of its own accord at 2024-01-18T12:23:16Z.
...
000 (390888.017.000) 2024-01-18 21:30:57 Job submitted from host: <172.30.1.200:9618?addrs=172.30.1.200-9618&alias=tamsa2.snu.ac.kr&noUDP&sock=schedd_3625_06e6>
...
040 (390888.017.000) 2024-01-18 21:31:01 Started transferring input files
	Transferring to host: <172.30.1.211:9618?addrs=172.30.1.211-9618&alias=node11&noUDP&sock=slot1_25_3735_6531_176974>
...
001 (390888.017.000) 2024-01-18 21:31:01 Job executing on host: <172.30.1.211:9618?addrs=172.30.1.211-9618&alias=node11&noUDP&sock=startd_3699_c8e9>
...
040 (390888.017.000) 2024-01-18 21:31:01 Finished transferring input files
...
006 (390888.017.000) 2024-01-18 21:31:10 Image size of job updated: 832924
	182  -  MemoryUsage of job (MB)
	185392  -  ResidentSetSize of job (KB)
...
006 (390888.017.000) 2024-01-18 21:34:37 Image size of job updated: 869528
	182  -  MemoryUsage of job (MB)
	185392  -  ResidentSetSize of job (KB)
...
040 (390888.017.000) 2024-01-18 21:34:37 Started transferring output files
...
040 (390888.017.000) 2024-01-18 21:34:37 Finished transferring output files
...
005 (390888.017.000) 2024-01-18 21:34:37 Job terminated.
	(1) Normal termination (return value 0)
		Usr 0 00:03:09, Sys 0 00:00:15  -  Run Remote Usage
		Usr 0 00:00:00, Sys 0 00:00:00  -  Run Local Usage
		Usr 0 00:03:09, Sys 0 00:00:15  -  Total Remote Usage
		Usr 0 00:00:00, Sys 0 00:00:00  -  Total Local Usage
	33565340  -  Run Bytes Sent By Job
	181214  -  Run Bytes Received By Job
	33565340  -  Total Bytes Sent By Job
	181214  -  Total Bytes Received By Job
	Partitionable Resources :    Usage  Request Allocated 
	   Cpus                 :                 1         1 
	   Disk (KB)            :    33022      200    128928 
	   Memory (MB)          :      182     3900      3968 

	Job terminated of its own accord at 2024-01-18T12:34:37Z.
...
000 (390894.017.000) 2024-01-18 21:35:52 Job submitted from host: <172.30.1.200:9618?addrs=172.30.1.200-9618&alias=tamsa2.snu.ac.kr&noUDP&sock=schedd_3625_06e6>
...
040 (390894.017.000) 2024-01-18 21:36:10 Started transferring input files
	Transferring to host: <172.30.1.211:9618?addrs=172.30.1.211-9618&alias=node11&noUDP&sock=slot1_26_3735_6531_176993>
...
001 (390894.017.000) 2024-01-18 21:36:10 Job executing on host: <172.30.1.211:9618?addrs=172.30.1.211-9618&alias=node11&noUDP&sock=startd_3699_c8e9>
...
040 (390894.017.000) 2024-01-18 21:36:10 Finished transferring input files
...
006 (390894.017.000) 2024-01-18 21:36:18 Image size of job updated: 186732
	183  -  MemoryUsage of job (MB)
	186732  -  ResidentSetSize of job (KB)
...
006 (390894.017.000) 2024-01-18 21:39:46 Image size of job updated: 865180
	183  -  MemoryUsage of job (MB)
	186732  -  ResidentSetSize of job (KB)
...
040 (390894.017.000) 2024-01-18 21:39:46 Started transferring output files
...
040 (390894.017.000) 2024-01-18 21:39:47 Finished transferring output files
...
005 (390894.017.000) 2024-01-18 21:39:47 Job terminated.
	(1) Normal termination (return value 0)
		Usr 0 00:03:09, Sys 0 00:00:14  -  Run Remote Usage
		Usr 0 00:00:00, Sys 0 00:00:00  -  Run Local Usage
		Usr 0 00:03:09, Sys 0 00:00:14  -  Total Remote Usage
		Usr 0 00:00:00, Sys 0 00:00:00  -  Total Local Usage
	33545492  -  Run Bytes Sent By Job
	181194  -  Run Bytes Received By Job
	33545492  -  Total Bytes Sent By Job
	181194  -  Total Bytes Received By Job
	Partitionable Resources :    Usage  Request Allocated 
	   Cpus                 :                 1         1 
	   Disk (KB)            :    33002      200    128928 
	   Memory (MB)          :      183     3900      3968 

	Job terminated of its own accord at 2024-01-18T12:39:46Z.
...
000 (390895.017.000) 2024-01-18 21:48:05 Job submitted from host: <172.30.1.200:9618?addrs=172.30.1.200-9618&alias=tamsa2.snu.ac.kr&noUDP&sock=schedd_3625_06e6>
...
040 (390895.017.000) 2024-01-18 21:48:08 Started transferring input files
	Transferring to host: <172.30.1.204:9618?addrs=172.30.1.204-9618&alias=node4&noUDP&sock=slot1_13_3725_5971_202804>
...
001 (390895.017.000) 2024-01-18 21:48:08 Job executing on host: <172.30.1.204:9618?addrs=172.30.1.204-9618&alias=node4&noUDP&sock=startd_3691_4c27>
...
040 (390895.017.000) 2024-01-18 21:48:08 Finished transferring input files
...
006 (390895.017.000) 2024-01-18 21:48:16 Image size of job updated: 139344
	68  -  MemoryUsage of job (MB)
	69216  -  ResidentSetSize of job (KB)
...
006 (390895.017.000) 2024-01-18 21:50:05 Image size of job updated: 867668
	68  -  MemoryUsage of job (MB)
	69396  -  ResidentSetSize of job (KB)
...
004 (390895.017.000) 2024-01-18 21:50:06 Job was evicted.
	(0) CPU times
		Usr 0 00:01:19, Sys 0 00:00:06  -  Run Remote Usage
		Usr 0 00:00:00, Sys 0 00:00:00  -  Run Local Usage
	0  -  Run Bytes Sent By Job
	182143  -  Run Bytes Received By Job
	Partitionable Resources :    Usage  Request Allocated 
	   Cpus                 :     0.87        1         1 
	   Disk (KB)            :  6310         200    128928 
	   Memory (MB)          :    68        3900      3968 
...
009 (390895.017.000) 2024-01-18 21:50:06 Job was aborted.
	via condor_rm (by user shin)
...
000 (390896.017.000) 2024-01-18 21:53:08 Job submitted from host: <172.30.1.200:9618?addrs=172.30.1.200-9618&alias=tamsa2.snu.ac.kr&noUDP&sock=schedd_3625_06e6>
...
040 (390896.017.000) 2024-01-18 21:54:28 Started transferring input files
	Transferring to host: <172.30.1.202:9618?addrs=172.30.1.202-9618&alias=node2&noUDP&sock=slot1_28_3851_20b6_74351>
...
040 (390896.017.000) 2024-01-18 21:54:28 Finished transferring input files
...
001 (390896.017.000) 2024-01-18 21:54:28 Job executing on host: <172.30.1.202:9618?addrs=172.30.1.202-9618&alias=node2&noUDP&sock=startd_3818_68ae>
...
006 (390896.017.000) 2024-01-18 21:54:36 Image size of job updated: 184572
	181  -  MemoryUsage of job (MB)
	184572  -  ResidentSetSize of job (KB)
...
006 (390896.017.000) 2024-01-18 21:58:40 Image size of job updated: 864300
	181  -  MemoryUsage of job (MB)
	184572  -  ResidentSetSize of job (KB)
...
040 (390896.017.000) 2024-01-18 21:58:40 Started transferring output files
...
040 (390896.017.000) 2024-01-18 21:58:41 Finished transferring output files
...
005 (390896.017.000) 2024-01-18 21:58:41 Job terminated.
	(1) Normal termination (return value 0)
		Usr 0 00:03:28, Sys 0 00:00:16  -  Run Remote Usage
		Usr 0 00:00:00, Sys 0 00:00:00  -  Run Local Usage
		Usr 0 00:03:28, Sys 0 00:00:16  -  Total Remote Usage
		Usr 0 00:00:00, Sys 0 00:00:00  -  Total Local Usage
	39556568  -  Run Bytes Sent By Job
	182135  -  Run Bytes Received By Job
	39556568  -  Total Bytes Sent By Job
	182135  -  Total Bytes Received By Job
	Partitionable Resources :    Usage  Request Allocated 
	   Cpus                 :     0.67        1         1 
	   Disk (KB)            : 38879         200    128928 
	   Memory (MB)          :   181        3900      3968 

	Job terminated of its own accord at 2024-01-18T12:58:40Z.
...
000 (390897.017.000) 2024-01-18 22:03:48 Job submitted from host: <172.30.1.200:9618?addrs=172.30.1.200-9618&alias=tamsa2.snu.ac.kr&noUDP&sock=schedd_3625_06e6>
...
040 (390897.017.000) 2024-01-18 22:04:49 Started transferring input files
	Transferring to host: <172.30.1.111:9618?addrs=172.30.1.111-9618&alias=n11&noUDP&sock=slot1_36_4271_0e47_37935>
...
040 (390897.017.000) 2024-01-18 22:04:49 Finished transferring input files
...
001 (390897.017.000) 2024-01-18 22:04:49 Job executing on host: <172.30.1.111:9618?addrs=172.30.1.111-9618&alias=n11&noUDP&sock=startd_4237_cedc>
...
006 (390897.017.000) 2024-01-18 22:04:58 Image size of job updated: 854720
	198  -  MemoryUsage of job (MB)
	202684  -  ResidentSetSize of job (KB)
...
006 (390897.017.000) 2024-01-18 22:07:13 Image size of job updated: 866392
	198  -  MemoryUsage of job (MB)
	202684  -  ResidentSetSize of job (KB)
...
040 (390897.017.000) 2024-01-18 22:07:13 Started transferring output files
...
040 (390897.017.000) 2024-01-18 22:07:14 Finished transferring output files
...
005 (390897.017.000) 2024-01-18 22:07:14 Job terminated.
	(1) Normal termination (return value 0)
		Usr 0 00:02:10, Sys 0 00:00:08  -  Run Remote Usage
		Usr 0 00:00:00, Sys 0 00:00:00  -  Run Local Usage
		Usr 0 00:02:10, Sys 0 00:00:08  -  Total Remote Usage
		Usr 0 00:00:00, Sys 0 00:00:00  -  Total Local Usage
	39390016  -  Run Bytes Sent By Job
	182135  -  Run Bytes Received By Job
	39390016  -  Total Bytes Sent By Job
	182135  -  Total Bytes Received By Job
	Partitionable Resources :    Usage  Request Allocated 
	   Cpus                 :                 1         1 
	   Disk (KB)            :    38712      200    127752 
	   GPUs                 :                           0 
	   Memory (MB)          :      198     3900      3968 

	Job terminated of its own accord at 2024-01-18T13:07:13Z.
...
000 (390986.017.000) 2024-01-18 22:24:33 Job submitted from host: <172.30.1.200:9618?addrs=172.30.1.200-9618&alias=tamsa2.snu.ac.kr&noUDP&sock=schedd_3625_06e6>
...
040 (390986.017.000) 2024-01-18 22:25:36 Started transferring input files
	Transferring to host: <172.30.1.101:9618?addrs=172.30.1.101-9618&alias=n1&noUDP&sock=slot1_3_3437_6d65_44463>
...
001 (390986.017.000) 2024-01-18 22:25:36 Job executing on host: <172.30.1.101:9618?addrs=172.30.1.101-9618&alias=n1&noUDP&sock=startd_3403_c0e0>
...
040 (390986.017.000) 2024-01-18 22:25:36 Finished transferring input files
...
006 (390986.017.000) 2024-01-18 22:25:45 Image size of job updated: 174664
	171  -  MemoryUsage of job (MB)
	174664  -  ResidentSetSize of job (KB)
...
006 (390986.017.000) 2024-01-18 22:30:46 Image size of job updated: 869500
	204  -  MemoryUsage of job (MB)
	208020  -  ResidentSetSize of job (KB)
...
040 (390986.017.000) 2024-01-18 22:31:44 Started transferring output files
...
040 (390986.017.000) 2024-01-18 22:31:45 Finished transferring output files
...
005 (390986.017.000) 2024-01-18 22:31:45 Job terminated.
	(1) Normal termination (return value 0)
		Usr 0 00:05:02, Sys 0 00:00:26  -  Run Remote Usage
		Usr 0 00:00:00, Sys 0 00:00:00  -  Run Local Usage
		Usr 0 00:05:02, Sys 0 00:00:26  -  Total Remote Usage
		Usr 0 00:00:00, Sys 0 00:00:00  -  Total Local Usage
	35015564  -  Run Bytes Sent By Job
	182182  -  Run Bytes Received By Job
	35015564  -  Total Bytes Sent By Job
	182182  -  Total Bytes Received By Job
	Partitionable Resources :    Usage  Request Allocated 
	   Cpus                 :     1.00        1         1 
	   Disk (KB)            : 34445         200    127948 
	   Memory (MB)          :   204        3900      3968 

	Job terminated of its own accord at 2024-01-18T13:31:44Z.
...
000 (391043.017.000) 2024-01-18 23:16:23 Job submitted from host: <172.30.1.200:9618?addrs=172.30.1.200-9618&alias=tamsa2.snu.ac.kr&noUDP&sock=schedd_3625_06e6>
...
040 (391043.017.000) 2024-01-18 23:16:29 Started transferring input files
	Transferring to host: <172.30.1.204:9618?addrs=172.30.1.204-9618&alias=node4&noUDP&sock=slot1_3_3725_5971_202931>
...
001 (391043.017.000) 2024-01-18 23:16:29 Job executing on host: <172.30.1.204:9618?addrs=172.30.1.204-9618&alias=node4&noUDP&sock=startd_3691_4c27>
...
040 (391043.017.000) 2024-01-18 23:16:29 Finished transferring input files
...
006 (391043.017.000) 2024-01-18 23:16:37 Image size of job updated: 139344
	68  -  MemoryUsage of job (MB)
	69432  -  ResidentSetSize of job (KB)
...
006 (391043.017.000) 2024-01-18 23:18:18 Image size of job updated: 846364
	68  -  MemoryUsage of job (MB)
	69432  -  ResidentSetSize of job (KB)
...
040 (391043.017.000) 2024-01-18 23:18:23 Started transferring output files
...
040 (391043.017.000) 2024-01-18 23:18:24 Finished transferring output files
...
005 (391043.017.000) 2024-01-18 23:18:24 Job terminated.
	(1) Normal termination (return value 0)
		Usr 0 00:01:05, Sys 0 00:00:07  -  Run Remote Usage
		Usr 0 00:00:00, Sys 0 00:00:00  -  Run Local Usage
		Usr 0 00:01:05, Sys 0 00:00:07  -  Total Remote Usage
		Usr 0 00:00:00, Sys 0 00:00:00  -  Total Local Usage
	7464007  -  Run Bytes Sent By Job
	182524  -  Run Bytes Received By Job
	7464007  -  Total Bytes Sent By Job
	182524  -  Total Bytes Received By Job
	Partitionable Resources :    Usage  Request Allocated 
	   Cpus                 :     0.11        1         1 
	   Disk (KB)            :  7540         200    128928 
	   Memory (MB)          :    68        3900      3968 

	Job terminated of its own accord at 2024-01-18T14:18:18Z.
...
000 (391059.017.000) 2024-01-19 10:38:28 Job submitted from host: <172.30.1.200:9618?addrs=172.30.1.200-9618&alias=tamsa2.snu.ac.kr&noUDP&sock=schedd_3625_06e6>
...
040 (391059.017.000) 2024-01-19 10:38:31 Started transferring input files
	Transferring to host: <172.30.1.213:9618?addrs=172.30.1.213-9618&alias=node13&noUDP&sock=slot1_74_4363_e0ca_274864>
...
001 (391059.017.000) 2024-01-19 10:38:31 Job executing on host: <172.30.1.213:9618?addrs=172.30.1.213-9618&alias=node13&noUDP&sock=startd_4329_e993>
...
040 (391059.017.000) 2024-01-19 10:38:31 Finished transferring input files
...
006 (391059.017.000) 2024-01-19 10:38:40 Image size of job updated: 139344
	66  -  MemoryUsage of job (MB)
	66936  -  ResidentSetSize of job (KB)
...
006 (391059.017.000) 2024-01-19 10:43:24 Image size of job updated: 869944
	66  -  MemoryUsage of job (MB)
	66936  -  ResidentSetSize of job (KB)
...
040 (391059.017.000) 2024-01-19 10:43:24 Started transferring output files
...
040 (391059.017.000) 2024-01-19 10:43:25 Finished transferring output files
...
005 (391059.017.000) 2024-01-19 10:43:25 Job terminated.
	(1) Normal termination (return value 0)
		Usr 0 00:03:15, Sys 0 00:00:15  -  Run Remote Usage
		Usr 0 00:00:00, Sys 0 00:00:00  -  Run Local Usage
		Usr 0 00:03:15, Sys 0 00:00:15  -  Total Remote Usage
		Usr 0 00:00:00, Sys 0 00:00:00  -  Total Local Usage
	33663012  -  Run Bytes Sent By Job
	182504  -  Run Bytes Received By Job
	33663012  -  Total Bytes Sent By Job
	182504  -  Total Bytes Received By Job
	Partitionable Resources :    Usage  Request Allocated 
	   Cpus                 :     0.59        1         1 
	   Disk (KB)            : 33125         200    261111 
	   Memory (MB)          :    66        3900      3968 

	Job terminated of its own accord at 2024-01-19T01:43:24Z.
...
000 (391060.017.000) 2024-01-19 10:57:46 Job submitted from host: <172.30.1.200:9618?addrs=172.30.1.200-9618&alias=tamsa2.snu.ac.kr&noUDP&sock=schedd_3625_06e6>
...
040 (391060.017.000) 2024-01-19 10:57:49 Started transferring input files
	Transferring to host: <172.30.1.214:9618?addrs=172.30.1.214-9618&alias=node14&noUDP&sock=slot1_72_4480_50af_235017>
...
040 (391060.017.000) 2024-01-19 10:57:49 Finished transferring input files
...
001 (391060.017.000) 2024-01-19 10:57:49 Job executing on host: <172.30.1.214:9618?addrs=172.30.1.214-9618&alias=node14&noUDP&sock=startd_4446_2a28>
...
006 (391060.017.000) 2024-01-19 10:57:58 Image size of job updated: 230168
	132  -  MemoryUsage of job (MB)
	135036  -  ResidentSetSize of job (KB)
...
006 (391060.017.000) 2024-01-19 11:02:50 Image size of job updated: 863064
	133  -  MemoryUsage of job (MB)
	135192  -  ResidentSetSize of job (KB)
...
040 (391060.017.000) 2024-01-19 11:02:50 Started transferring output files
...
040 (391060.017.000) 2024-01-19 11:02:51 Finished transferring output files
...
005 (391060.017.000) 2024-01-19 11:02:51 Job terminated.
	(1) Normal termination (return value 0)
		Usr 0 00:03:29, Sys 0 00:00:19  -  Run Remote Usage
		Usr 0 00:00:00, Sys 0 00:00:00  -  Run Local Usage
		Usr 0 00:03:29, Sys 0 00:00:19  -  Total Remote Usage
		Usr 0 00:00:00, Sys 0 00:00:00  -  Total Local Usage
	37303264  -  Run Bytes Sent By Job
	182520  -  Run Bytes Received By Job
	37303264  -  Total Bytes Sent By Job
	182520  -  Total Bytes Received By Job
	Partitionable Resources :    Usage  Request Allocated 
	   Cpus                 :     0.88        1         1 
	   Disk (KB)            : 36680         200    261111 
	   Memory (MB)          :   133        3900      3968 

	Job terminated of its own accord at 2024-01-19T02:02:50Z.
...
000 (391113.017.000) 2024-01-19 11:50:58 Job submitted from host: <172.30.1.200:9618?addrs=172.30.1.200-9618&alias=tamsa2.snu.ac.kr&noUDP&sock=schedd_3625_06e6>
...
040 (391113.017.000) 2024-01-19 11:51:00 Started transferring input files
	Transferring to host: <172.30.1.211:9618?addrs=172.30.1.211-9618&alias=node11&noUDP&sock=slot1_42_3735_6531_177560>
...
001 (391113.017.000) 2024-01-19 11:51:00 Job executing on host: <172.30.1.211:9618?addrs=172.30.1.211-9618&alias=node11&noUDP&sock=startd_3699_c8e9>
...
040 (391113.017.000) 2024-01-19 11:51:00 Finished transferring input files
...
006 (391113.017.000) 2024-01-19 11:51:09 Image size of job updated: 230108
	68  -  MemoryUsage of job (MB)
	69196  -  ResidentSetSize of job (KB)
...
006 (391113.017.000) 2024-01-19 11:53:10 Image size of job updated: 845996
	68  -  MemoryUsage of job (MB)
	69220  -  ResidentSetSize of job (KB)
...
040 (391113.017.000) 2024-01-19 11:53:10 Started transferring output files
...
040 (391113.017.000) 2024-01-19 11:53:11 Finished transferring output files
...
005 (391113.017.000) 2024-01-19 11:53:11 Job terminated.
	(1) Normal termination (return value 0)
		Usr 0 00:01:12, Sys 0 00:00:07  -  Run Remote Usage
		Usr 0 00:00:00, Sys 0 00:00:00  -  Run Local Usage
		Usr 0 00:01:12, Sys 0 00:00:07  -  Total Remote Usage
		Usr 0 00:00:00, Sys 0 00:00:00  -  Total Local Usage
	7464079  -  Run Bytes Sent By Job
	183986  -  Run Bytes Received By Job
	7464079  -  Total Bytes Sent By Job
	183986  -  Total Bytes Received By Job
	Partitionable Resources :    Usage  Request Allocated 
	   Cpus                 :                 1         1 
	   Disk (KB)            :     7536      200    128928 
	   Memory (MB)          :       68     3900      3968 

	Job terminated of its own accord at 2024-01-19T02:53:10Z.
...
000 (391114.017.000) 2024-01-19 11:56:30 Job submitted from host: <172.30.1.200:9618?addrs=172.30.1.200-9618&alias=tamsa2.snu.ac.kr&noUDP&sock=schedd_3625_06e6>
...
040 (391114.017.000) 2024-01-19 11:56:33 Started transferring input files
	Transferring to host: <172.30.1.211:9618?addrs=172.30.1.211-9618&alias=node11&noUDP&sock=slot1_45_3735_6531_177571>
...
040 (391114.017.000) 2024-01-19 11:56:33 Finished transferring input files
...
001 (391114.017.000) 2024-01-19 11:56:33 Job executing on host: <172.30.1.211:9618?addrs=172.30.1.211-9618&alias=node11&noUDP&sock=startd_3699_c8e9>
...
006 (391114.017.000) 2024-01-19 11:56:41 Image size of job updated: 574220
	181  -  MemoryUsage of job (MB)
	184580  -  ResidentSetSize of job (KB)
...
006 (391114.017.000) 2024-01-19 11:58:36 Image size of job updated: 846188
	181  -  MemoryUsage of job (MB)
	184580  -  ResidentSetSize of job (KB)
...
040 (391114.017.000) 2024-01-19 11:58:36 Started transferring output files
...
040 (391114.017.000) 2024-01-19 11:58:36 Finished transferring output files
...
005 (391114.017.000) 2024-01-19 11:58:36 Job terminated.
	(1) Normal termination (return value 0)
		Usr 0 00:01:12, Sys 0 00:00:07  -  Run Remote Usage
		Usr 0 00:00:00, Sys 0 00:00:00  -  Run Local Usage
		Usr 0 00:01:12, Sys 0 00:00:07  -  Total Remote Usage
		Usr 0 00:00:00, Sys 0 00:00:00  -  Total Local Usage
	7464183  -  Run Bytes Sent By Job
	183986  -  Run Bytes Received By Job
	7464183  -  Total Bytes Sent By Job
	183986  -  Total Bytes Received By Job
	Partitionable Resources :    Usage  Request Allocated 
	   Cpus                 :                 1         1 
	   Disk (KB)            :     7536      200    128928 
	   Memory (MB)          :      181     3900      3968 

	Job terminated of its own accord at 2024-01-19T02:58:36Z.
...
000 (391115.017.000) 2024-01-19 12:05:54 Job submitted from host: <172.30.1.200:9618?addrs=172.30.1.200-9618&alias=tamsa2.snu.ac.kr&noUDP&sock=schedd_3625_06e6>
...
040 (391115.017.000) 2024-01-19 12:05:57 Started transferring input files
	Transferring to host: <172.30.1.211:9618?addrs=172.30.1.211-9618&alias=node11&noUDP&sock=slot1_46_3735_6531_177580>
...
001 (391115.017.000) 2024-01-19 12:05:57 Job executing on host: <172.30.1.211:9618?addrs=172.30.1.211-9618&alias=node11&noUDP&sock=startd_3699_c8e9>
...
040 (391115.017.000) 2024-01-19 12:05:57 Finished transferring input files
...
006 (391115.017.000) 2024-01-19 12:06:05 Image size of job updated: 178052
	174  -  MemoryUsage of job (MB)
	178052  -  ResidentSetSize of job (KB)
...
006 (391115.017.000) 2024-01-19 12:07:57 Image size of job updated: 846196
	174  -  MemoryUsage of job (MB)
	178112  -  ResidentSetSize of job (KB)
...
040 (391115.017.000) 2024-01-19 12:07:57 Started transferring output files
...
040 (391115.017.000) 2024-01-19 12:07:57 Finished transferring output files
...
005 (391115.017.000) 2024-01-19 12:07:57 Job terminated.
	(1) Normal termination (return value 0)
		Usr 0 00:01:13, Sys 0 00:00:07  -  Run Remote Usage
		Usr 0 00:00:00, Sys 0 00:00:00  -  Run Local Usage
		Usr 0 00:01:13, Sys 0 00:00:07  -  Total Remote Usage
		Usr 0 00:00:00, Sys 0 00:00:00  -  Total Local Usage
	7464183  -  Run Bytes Sent By Job
	184022  -  Run Bytes Received By Job
	7464183  -  Total Bytes Sent By Job
	184022  -  Total Bytes Received By Job
	Partitionable Resources :    Usage  Request Allocated 
	   Cpus                 :                 1         1 
	   Disk (KB)            :     7537      200    128928 
	   Memory (MB)          :      174     3900      3968 

	Job terminated of its own accord at 2024-01-19T03:07:57Z.
...
000 (391116.017.000) 2024-01-19 12:09:38 Job submitted from host: <172.30.1.200:9618?addrs=172.30.1.200-9618&alias=tamsa2.snu.ac.kr&noUDP&sock=schedd_3625_06e6>
...
040 (391116.017.000) 2024-01-19 12:09:40 Started transferring input files
	Transferring to host: <172.30.1.211:9618?addrs=172.30.1.211-9618&alias=node11&noUDP&sock=slot1_46_3735_6531_177590>
...
001 (391116.017.000) 2024-01-19 12:09:40 Job executing on host: <172.30.1.211:9618?addrs=172.30.1.211-9618&alias=node11&noUDP&sock=startd_3699_c8e9>
...
040 (391116.017.000) 2024-01-19 12:09:40 Finished transferring input files
...
006 (391116.017.000) 2024-01-19 12:09:49 Image size of job updated: 564696
	183  -  MemoryUsage of job (MB)
	186740  -  ResidentSetSize of job (KB)
...
006 (391116.017.000) 2024-01-19 12:11:44 Image size of job updated: 842428
	183  -  MemoryUsage of job (MB)
	186740  -  ResidentSetSize of job (KB)
...
040 (391116.017.000) 2024-01-19 12:11:44 Started transferring output files
...
040 (391116.017.000) 2024-01-19 12:11:44 Finished transferring output files
...
005 (391116.017.000) 2024-01-19 12:11:44 Job terminated.
	(1) Normal termination (return value 0)
		Usr 0 00:01:14, Sys 0 00:00:07  -  Run Remote Usage
		Usr 0 00:00:00, Sys 0 00:00:00  -  Run Local Usage
		Usr 0 00:01:14, Sys 0 00:00:07  -  Total Remote Usage
		Usr 0 00:00:00, Sys 0 00:00:00  -  Total Local Usage
	7464207  -  Run Bytes Sent By Job
	184022  -  Run Bytes Received By Job
	7464207  -  Total Bytes Sent By Job
	184022  -  Total Bytes Received By Job
	Partitionable Resources :    Usage  Request Allocated 
	   Cpus                 :     0.05        1         1 
	   Disk (KB)            :  7542         200    128928 
	   Memory (MB)          :   183        3900      3968 

	Job terminated of its own accord at 2024-01-19T03:11:44Z.
...
000 (391117.017.000) 2024-01-19 12:15:27 Job submitted from host: <172.30.1.200:9618?addrs=172.30.1.200-9618&alias=tamsa2.snu.ac.kr&noUDP&sock=schedd_3625_06e6>
...
040 (391117.017.000) 2024-01-19 12:15:33 Started transferring input files
	Transferring to host: <172.30.1.211:9618?addrs=172.30.1.211-9618&alias=node11&noUDP&sock=slot1_47_3735_6531_177601>
...
001 (391117.017.000) 2024-01-19 12:15:33 Job executing on host: <172.30.1.211:9618?addrs=172.30.1.211-9618&alias=node11&noUDP&sock=startd_3699_c8e9>
...
040 (391117.017.000) 2024-01-19 12:15:33 Finished transferring input files
...
006 (391117.017.000) 2024-01-19 12:15:42 Image size of job updated: 186740
	183  -  MemoryUsage of job (MB)
	186740  -  ResidentSetSize of job (KB)
...
006 (391117.017.000) 2024-01-19 12:20:11 Image size of job updated: 863972
	183  -  MemoryUsage of job (MB)
	186740  -  ResidentSetSize of job (KB)
...
040 (391117.017.000) 2024-01-19 12:20:11 Started transferring output files
...
040 (391117.017.000) 2024-01-19 12:20:12 Finished transferring output files
...
005 (391117.017.000) 2024-01-19 12:20:12 Job terminated.
	(1) Normal termination (return value 0)
		Usr 0 00:03:24, Sys 0 00:00:13  -  Run Remote Usage
		Usr 0 00:00:00, Sys 0 00:00:00  -  Run Local Usage
		Usr 0 00:03:24, Sys 0 00:00:13  -  Total Remote Usage
		Usr 0 00:00:00, Sys 0 00:00:00  -  Total Local Usage
	33772808  -  Run Bytes Sent By Job
	184028  -  Run Bytes Received By Job
	33772808  -  Total Bytes Sent By Job
	184028  -  Total Bytes Received By Job
	Partitionable Resources :    Usage  Request Allocated 
	   Cpus                 :     0.63        1         1 
	   Disk (KB)            : 33234         200    128928 
	   Memory (MB)          :   183        3900      3968 

	Job terminated of its own accord at 2024-01-19T03:20:11Z.
...
000 (391118.017.000) 2024-01-19 12:41:45 Job submitted from host: <172.30.1.200:9618?addrs=172.30.1.200-9618&alias=tamsa2.snu.ac.kr&noUDP&sock=schedd_3625_06e6>
...
040 (391118.017.000) 2024-01-19 12:41:51 Started transferring input files
	Transferring to host: <172.30.1.204:9618?addrs=172.30.1.204-9618&alias=node4&noUDP&sock=slot1_43_3725_5971_203335>
...
040 (391118.017.000) 2024-01-19 12:41:51 Finished transferring input files
...
001 (391118.017.000) 2024-01-19 12:41:51 Job executing on host: <172.30.1.204:9618?addrs=172.30.1.204-9618&alias=node4&noUDP&sock=startd_3691_4c27>
...
006 (391118.017.000) 2024-01-19 12:42:00 Image size of job updated: 179212
	176  -  MemoryUsage of job (MB)
	179212  -  ResidentSetSize of job (KB)
...
006 (391118.017.000) 2024-01-19 12:43:54 Image size of job updated: 835848
	176  -  MemoryUsage of job (MB)
	179212  -  ResidentSetSize of job (KB)
...
040 (391118.017.000) 2024-01-19 12:43:54 Started transferring output files
...
040 (391118.017.000) 2024-01-19 12:43:54 Finished transferring output files
...
005 (391118.017.000) 2024-01-19 12:43:54 Job terminated.
	(1) Normal termination (return value 0)
		Usr 0 00:01:10, Sys 0 00:00:07  -  Run Remote Usage
		Usr 0 00:00:00, Sys 0 00:00:00  -  Run Local Usage
		Usr 0 00:01:10, Sys 0 00:00:07  -  Total Remote Usage
		Usr 0 00:00:00, Sys 0 00:00:00  -  Total Local Usage
	7464143  -  Run Bytes Sent By Job
	183796  -  Run Bytes Received By Job
	7464143  -  Total Bytes Sent By Job
	183796  -  Total Bytes Received By Job
	Partitionable Resources :    Usage  Request Allocated 
	   Cpus                 :                 1         1 
	   Disk (KB)            :     7536      200    128928 
	   Memory (MB)          :      176     3900      3968 

	Job terminated of its own accord at 2024-01-19T03:43:54Z.
...
000 (391119.017.000) 2024-01-19 12:47:04 Job submitted from host: <172.30.1.200:9618?addrs=172.30.1.200-9618&alias=tamsa2.snu.ac.kr&noUDP&sock=schedd_3625_06e6>
...
040 (391119.017.000) 2024-01-19 12:47:13 Started transferring input files
	Transferring to host: <172.30.1.204:9618?addrs=172.30.1.204-9618&alias=node4&noUDP&sock=slot1_47_3725_5971_203349>
...
040 (391119.017.000) 2024-01-19 12:47:13 Finished transferring input files
...
001 (391119.017.000) 2024-01-19 12:47:13 Job executing on host: <172.30.1.204:9618?addrs=172.30.1.204-9618&alias=node4&noUDP&sock=startd_3691_4c27>
...
006 (391119.017.000) 2024-01-19 12:47:22 Image size of job updated: 186732
	183  -  MemoryUsage of job (MB)
	186732  -  ResidentSetSize of job (KB)
...
006 (391119.017.000) 2024-01-19 12:51:34 Image size of job updated: 865784
	183  -  MemoryUsage of job (MB)
	186732  -  ResidentSetSize of job (KB)
...
040 (391119.017.000) 2024-01-19 12:51:34 Started transferring output files
...
040 (391119.017.000) 2024-01-19 12:51:38 Finished transferring output files
...
005 (391119.017.000) 2024-01-19 12:51:39 Job terminated.
	(1) Normal termination (return value 0)
		Usr 0 00:03:17, Sys 0 00:00:12  -  Run Remote Usage
		Usr 0 00:00:00, Sys 0 00:00:00  -  Run Local Usage
		Usr 0 00:03:17, Sys 0 00:00:12  -  Total Remote Usage
		Usr 0 00:00:00, Sys 0 00:00:00  -  Total Local Usage
	33160444  -  Run Bytes Sent By Job
	183796  -  Run Bytes Received By Job
	33160444  -  Total Bytes Sent By Job
	183796  -  Total Bytes Received By Job
	Partitionable Resources :    Usage  Request Allocated 
	   Cpus                 :                 1         1 
	   Disk (KB)            :    32630      200    128928 
	   Memory (MB)          :      183     3900      3968 

	Job terminated of its own accord at 2024-01-19T03:51:34Z.
...
000 (391120.017.000) 2024-01-19 13:02:28 Job submitted from host: <172.30.1.200:9618?addrs=172.30.1.200-9618&alias=tamsa2.snu.ac.kr&noUDP&sock=schedd_3625_06e6>
...
040 (391120.017.000) 2024-01-19 13:02:38 Started transferring input files
	Transferring to host: <172.30.1.208:9618?addrs=172.30.1.208-9618&alias=node8&noUDP&sock=slot1_42_3811_f1b4_191231>
...
001 (391120.017.000) 2024-01-19 13:02:38 Job executing on host: <172.30.1.208:9618?addrs=172.30.1.208-9618&alias=node8&noUDP&sock=startd_3777_494c>
...
040 (391120.017.000) 2024-01-19 13:02:38 Finished transferring input files
...
006 (391120.017.000) 2024-01-19 13:02:46 Image size of job updated: 488460
	172  -  MemoryUsage of job (MB)
	175208  -  ResidentSetSize of job (KB)
...
006 (391120.017.000) 2024-01-19 13:07:00 Image size of job updated: 866276
	172  -  MemoryUsage of job (MB)
	175212  -  ResidentSetSize of job (KB)
...
040 (391120.017.000) 2024-01-19 13:07:00 Started transferring output files
...
040 (391120.017.000) 2024-01-19 13:07:19 Finished transferring output files
...
005 (391120.017.000) 2024-01-19 13:07:20 Job terminated.
	(1) Normal termination (return value 0)
		Usr 0 00:03:18, Sys 0 00:00:13  -  Run Remote Usage
		Usr 0 00:00:00, Sys 0 00:00:00  -  Run Local Usage
		Usr 0 00:03:18, Sys 0 00:00:13  -  Total Remote Usage
		Usr 0 00:00:00, Sys 0 00:00:00  -  Total Local Usage
	33134600  -  Run Bytes Sent By Job
	183796  -  Run Bytes Received By Job
	33134600  -  Total Bytes Sent By Job
	183796  -  Total Bytes Received By Job
	Partitionable Resources :    Usage  Request Allocated 
	   Cpus                 :     0.82        1         1 
	   Disk (KB)            : 32610         200    128928 
	   Memory (MB)          :   172        3900      3968 

	Job terminated of its own accord at 2024-01-19T04:07:00Z.
...
000 (391131.017.000) 2024-01-19 14:22:45 Job submitted from host: <172.30.1.200:9618?addrs=172.30.1.200-9618&alias=tamsa2.snu.ac.kr&noUDP&sock=schedd_3625_06e6>
...
040 (391131.017.000) 2024-01-19 14:22:51 Started transferring input files
	Transferring to host: <172.30.1.209:9618?addrs=172.30.1.209-9618&alias=node9&noUDP&sock=slot1_43_3782_82d3_179374>
...
001 (391131.017.000) 2024-01-19 14:22:51 Job executing on host: <172.30.1.209:9618?addrs=172.30.1.209-9618&alias=node9&noUDP&sock=startd_3748_650d>
...
040 (391131.017.000) 2024-01-19 14:22:51 Finished transferring input files
...
006 (391131.017.000) 2024-01-19 14:23:00 Image size of job updated: 561376
	91  -  MemoryUsage of job (MB)
	92584  -  ResidentSetSize of job (KB)
...
006 (391131.017.000) 2024-01-19 14:28:01 Image size of job updated: 974680
	316  -  MemoryUsage of job (MB)
	322780  -  ResidentSetSize of job (KB)
...
004 (391131.017.000) 2024-01-19 14:28:10 Job was evicted.
	(0) CPU times
		Usr 0 00:04:44, Sys 0 00:00:19  -  Run Remote Usage
		Usr 0 00:00:00, Sys 0 00:00:00  -  Run Local Usage
	0  -  Run Bytes Sent By Job
	183798  -  Run Bytes Received By Job
	Partitionable Resources :    Usage  Request Allocated 
	   Cpus                 :     0.99        1         1 
	   Disk (KB)            :  1282         200    128928 
	   Memory (MB)          :   316        3900      3968 
...
009 (391131.017.000) 2024-01-19 14:28:10 Job was aborted.
	via condor_rm (by user shin)
...
000 (391132.017.000) 2024-01-19 14:30:22 Job submitted from host: <172.30.1.200:9618?addrs=172.30.1.200-9618&alias=tamsa2.snu.ac.kr&noUDP&sock=schedd_3625_06e6>
...
040 (391132.017.000) 2024-01-19 14:30:25 Started transferring input files
	Transferring to host: <172.30.1.209:9618?addrs=172.30.1.209-9618&alias=node9&noUDP&sock=slot1_43_3782_82d3_179379>
...
001 (391132.017.000) 2024-01-19 14:30:25 Job executing on host: <172.30.1.209:9618?addrs=172.30.1.209-9618&alias=node9&noUDP&sock=startd_3748_650d>
...
040 (391132.017.000) 2024-01-19 14:30:25 Finished transferring input files
...
006 (391132.017.000) 2024-01-19 14:30:33 Image size of job updated: 772380
	181  -  MemoryUsage of job (MB)
	184560  -  ResidentSetSize of job (KB)
...
006 (391132.017.000) 2024-01-19 14:35:33 Image size of job updated: 874824
	181  -  MemoryUsage of job (MB)
	184560  -  ResidentSetSize of job (KB)
...
000 (391137.017.000) 2024-01-19 14:35:50 Job submitted from host: <172.30.1.200:9618?addrs=172.30.1.200-9618&alias=tamsa2.snu.ac.kr&noUDP&sock=schedd_3625_06e6>
...
040 (391137.017.000) 2024-01-19 14:35:53 Started transferring input files
	Transferring to host: <172.30.1.109:9618?addrs=172.30.1.109-9618&alias=n9&noUDP&sock=slot1_18_4134_86e1_92607>
...
001 (391137.017.000) 2024-01-19 14:35:53 Job executing on host: <172.30.1.109:9618?addrs=172.30.1.109-9618&alias=n9&noUDP&sock=startd_4100_d663>
...
040 (391137.017.000) 2024-01-19 14:35:53 Finished transferring input files
...
004 (391132.017.000) 2024-01-19 14:36:00 Job was evicted.
	(0) CPU times
		Usr 0 00:04:42, Sys 0 00:00:19  -  Run Remote Usage
		Usr 0 00:00:00, Sys 0 00:00:00  -  Run Local Usage
	0  -  Run Bytes Sent By Job
	183608  -  Run Bytes Received By Job
	Partitionable Resources :    Usage  Request Allocated 
	   Cpus                 :     0.74        1         1 
	   Disk (KB)            : 13024         200    128928 
	   Memory (MB)          :   181        3900      3968 
...
009 (391132.017.000) 2024-01-19 14:36:01 Job was aborted.
	via condor_rm (by user shin)
...
006 (391137.017.000) 2024-01-19 14:36:01 Image size of job updated: 220364
	0  -  MemoryUsage of job (MB)
	0  -  ResidentSetSize of job (KB)
...
004 (391137.017.000) 2024-01-19 14:36:01 Job was evicted.
	(0) CPU times
		Usr 0 00:00:00, Sys 0 00:00:00  -  Run Remote Usage
		Usr 0 00:00:00, Sys 0 00:00:00  -  Run Local Usage
	0  -  Run Bytes Sent By Job
	183614  -  Run Bytes Received By Job
	Partitionable Resources :    Usage  Request Allocated 
	   Cpus                 :     0.04        1         1 
	   Disk (KB)            :   235         200    127849 
	   Memory (MB)          :     0        3900      3968 
...
009 (391137.017.000) 2024-01-19 14:36:01 Job was aborted.
	via condor_rm (by user shin)
...
000 (391138.017.000) 2024-01-19 14:36:02 Job submitted from host: <172.30.1.200:9618?addrs=172.30.1.200-9618&alias=tamsa2.snu.ac.kr&noUDP&sock=schedd_3625_06e6>
...
040 (391138.017.000) 2024-01-19 14:36:13 Started transferring input files
	Transferring to host: <172.30.1.209:9618?addrs=172.30.1.209-9618&alias=node9&noUDP&sock=slot1_5_3782_82d3_179383>
...
001 (391138.017.000) 2024-01-19 14:36:13 Job executing on host: <172.30.1.209:9618?addrs=172.30.1.209-9618&alias=node9&noUDP&sock=startd_3748_650d>
...
040 (391138.017.000) 2024-01-19 14:36:13 Finished transferring input files
...
006 (391138.017.000) 2024-01-19 14:36:22 Image size of job updated: 726292
	183  -  MemoryUsage of job (MB)
	186724  -  ResidentSetSize of job (KB)
...
006 (391138.017.000) 2024-01-19 14:41:23 Image size of job updated: 879088
	216  -  MemoryUsage of job (MB)
	220576  -  ResidentSetSize of job (KB)
...
006 (391138.017.000) 2024-01-19 14:43:07 Image size of job updated: 879088
	216  -  MemoryUsage of job (MB)
	220584  -  ResidentSetSize of job (KB)
...
040 (391138.017.000) 2024-01-19 14:43:08 Started transferring output files
...
040 (391138.017.000) 2024-01-19 14:43:08 Finished transferring output files
...
005 (391138.017.000) 2024-01-19 14:43:08 Job terminated.
	(1) Normal termination (return value 0)
		Usr 0 00:05:47, Sys 0 00:00:26  -  Run Remote Usage
		Usr 0 00:00:00, Sys 0 00:00:00  -  Run Local Usage
		Usr 0 00:05:47, Sys 0 00:00:26  -  Total Remote Usage
		Usr 0 00:00:00, Sys 0 00:00:00  -  Total Local Usage
	32902080  -  Run Bytes Sent By Job
	183614  -  Run Bytes Received By Job
	32902080  -  Total Bytes Sent By Job
	183614  -  Total Bytes Received By Job
	Partitionable Resources :    Usage  Request Allocated 
	   Cpus                 :     0.52        1         1 
	   Disk (KB)            : 32383         200    128928 
	   Memory (MB)          :   216        3900      3968 

	Job terminated of its own accord at 2024-01-19T05:43:07Z.
...
000 (391139.017.000) 2024-01-19 14:48:49 Job submitted from host: <172.30.1.200:9618?addrs=172.30.1.200-9618&alias=tamsa2.snu.ac.kr&noUDP&sock=schedd_3625_06e6>
...
040 (391139.017.000) 2024-01-19 14:48:52 Started transferring input files
	Transferring to host: <172.30.1.209:9618?addrs=172.30.1.209-9618&alias=node9&noUDP&sock=slot1_5_3782_82d3_179388>
...
040 (391139.017.000) 2024-01-19 14:48:52 Finished transferring input files
...
001 (391139.017.000) 2024-01-19 14:48:52 Job executing on host: <172.30.1.209:9618?addrs=172.30.1.209-9618&alias=node9&noUDP&sock=startd_3748_650d>
...
006 (391139.017.000) 2024-01-19 14:49:00 Image size of job updated: 574720
	146  -  MemoryUsage of job (MB)
	148488  -  ResidentSetSize of job (KB)
...
006 (391139.017.000) 2024-01-19 14:52:18 Image size of job updated: 872204
	146  -  MemoryUsage of job (MB)
	148488  -  ResidentSetSize of job (KB)
...
004 (391139.017.000) 2024-01-19 14:52:18 Job was evicted.
	(0) CPU times
		Usr 0 00:02:49, Sys 0 00:00:12  -  Run Remote Usage
		Usr 0 00:00:00, Sys 0 00:00:00  -  Run Local Usage
	0  -  Run Bytes Sent By Job
	183618  -  Run Bytes Received By Job
	Partitionable Resources :    Usage  Request Allocated 
	   Cpus                 :     0.99        1         1 
	   Disk (KB)            :  7972         200    128928 
	   Memory (MB)          :   146        3900      3968 
...
009 (391139.017.000) 2024-01-19 14:52:18 Job was aborted.
	via condor_rm (by user shin)
...
000 (391140.017.000) 2024-01-19 14:52:19 Job submitted from host: <172.30.1.200:9618?addrs=172.30.1.200-9618&alias=tamsa2.snu.ac.kr&noUDP&sock=schedd_3625_06e6>
...
040 (391140.017.000) 2024-01-19 14:52:21 Started transferring input files
	Transferring to host: <172.30.1.209:9618?addrs=172.30.1.209-9618&alias=node9&noUDP&sock=slot1_5_3782_82d3_179393>
...
001 (391140.017.000) 2024-01-19 14:52:21 Job executing on host: <172.30.1.209:9618?addrs=172.30.1.209-9618&alias=node9&noUDP&sock=startd_3748_650d>
...
040 (391140.017.000) 2024-01-19 14:52:21 Finished transferring input files
...
006 (391140.017.000) 2024-01-19 14:52:30 Image size of job updated: 832924
	183  -  MemoryUsage of job (MB)
	186728  -  ResidentSetSize of job (KB)
...
006 (391140.017.000) 2024-01-19 14:57:31 Image size of job updated: 872092
	183  -  MemoryUsage of job (MB)
	186728  -  ResidentSetSize of job (KB)
...
040 (391140.017.000) 2024-01-19 14:59:13 Started transferring output files
...
040 (391140.017.000) 2024-01-19 14:59:13 Finished transferring output files
...
005 (391140.017.000) 2024-01-19 14:59:13 Job terminated.
	(1) Normal termination (return value 0)
		Usr 0 00:05:47, Sys 0 00:00:24  -  Run Remote Usage
		Usr 0 00:00:00, Sys 0 00:00:00  -  Run Local Usage
		Usr 0 00:05:47, Sys 0 00:00:24  -  Total Remote Usage
		Usr 0 00:00:00, Sys 0 00:00:00  -  Total Local Usage
	32835900  -  Run Bytes Sent By Job
	183636  -  Run Bytes Received By Job
	32835900  -  Total Bytes Sent By Job
	183636  -  Total Bytes Received By Job
	Partitionable Resources :    Usage  Request Allocated 
	   Cpus                 :     0.98        1         1 
	   Disk (KB)            : 32319         200    128928 
	   Memory (MB)          :   183        3900      3968 

	Job terminated of its own accord at 2024-01-19T05:59:12Z.
...
000 (391145.017.000) 2024-01-19 15:59:26 Job submitted from host: <172.30.1.200:9618?addrs=172.30.1.200-9618&alias=tamsa2.snu.ac.kr&noUDP&sock=schedd_3625_06e6>
...
040 (391145.017.000) 2024-01-19 15:59:28 Started transferring input files
	Transferring to host: <172.30.1.209:9618?addrs=172.30.1.209-9618&alias=node9&noUDP&sock=slot1_47_3782_82d3_179408>
...
040 (391145.017.000) 2024-01-19 15:59:28 Finished transferring input files
...
001 (391145.017.000) 2024-01-19 15:59:28 Job executing on host: <172.30.1.209:9618?addrs=172.30.1.209-9618&alias=node9&noUDP&sock=startd_3748_650d>
...
006 (391145.017.000) 2024-01-19 15:59:37 Image size of job updated: 196492
	171  -  MemoryUsage of job (MB)
	174660  -  ResidentSetSize of job (KB)
...
006 (391145.017.000) 2024-01-19 16:04:38 Image size of job updated: 875856
	201  -  MemoryUsage of job (MB)
	205096  -  ResidentSetSize of job (KB)
...
040 (391145.017.000) 2024-01-19 16:05:57 Started transferring output files
...
040 (391145.017.000) 2024-01-19 16:05:58 Finished transferring output files
...
005 (391145.017.000) 2024-01-19 16:05:58 Job terminated.
	(1) Normal termination (return value 0)
		Usr 0 00:05:26, Sys 0 00:00:19  -  Run Remote Usage
		Usr 0 00:00:00, Sys 0 00:00:00  -  Run Local Usage
		Usr 0 00:05:26, Sys 0 00:00:19  -  Total Remote Usage
		Usr 0 00:00:00, Sys 0 00:00:00  -  Total Local Usage
	31816148  -  Run Bytes Sent By Job
	184262  -  Run Bytes Received By Job
	31816148  -  Total Bytes Sent By Job
	184262  -  Total Bytes Received By Job
	Partitionable Resources :    Usage  Request Allocated 
	   Cpus                 :     1.00        1         1 
	   Disk (KB)            : 31324         200    128928 
	   Memory (MB)          :   201        3900      3968 

	Job terminated of its own accord at 2024-01-19T07:05:57Z.
...
000 (391151.017.000) 2024-01-19 16:45:38 Job submitted from host: <172.30.1.200:9618?addrs=172.30.1.200-9618&alias=tamsa2.snu.ac.kr&noUDP&sock=schedd_3625_06e6>
...
040 (391151.017.000) 2024-01-19 16:45:45 Started transferring input files
	Transferring to host: <172.30.1.209:9618?addrs=172.30.1.209-9618&alias=node9&noUDP&sock=slot1_39_3782_82d3_179417>
...
001 (391151.017.000) 2024-01-19 16:45:46 Job executing on host: <172.30.1.209:9618?addrs=172.30.1.209-9618&alias=node9&noUDP&sock=startd_3748_650d>
...
040 (391151.017.000) 2024-01-19 16:45:46 Finished transferring input files
...
006 (391151.017.000) 2024-01-19 16:45:54 Image size of job updated: 205168
	168  -  MemoryUsage of job (MB)
	171940  -  ResidentSetSize of job (KB)
...
000 (391152.017.000) 2024-01-19 16:46:33 Job submitted from host: <172.30.1.200:9618?addrs=172.30.1.200-9618&alias=tamsa2.snu.ac.kr&noUDP&sock=schedd_3625_06e6>
...
040 (391152.017.000) 2024-01-19 16:46:36 Started transferring input files
	Transferring to host: <172.30.1.105:9618?addrs=172.30.1.105-9618&alias=n5&noUDP&sock=slot1_2_3459_eda6_34492>
...
040 (391152.017.000) 2024-01-19 16:46:36 Finished transferring input files
...
001 (391152.017.000) 2024-01-19 16:46:36 Job executing on host: <172.30.1.105:9618?addrs=172.30.1.105-9618&alias=n5&noUDP&sock=startd_3425_d7f5>
...
006 (391152.017.000) 2024-01-19 16:46:45 Image size of job updated: 50132
	0  -  MemoryUsage of job (MB)
	0  -  ResidentSetSize of job (KB)
...
004 (391152.017.000) 2024-01-19 16:46:45 Job was evicted.
	(0) CPU times
		Usr 0 00:00:00, Sys 0 00:00:00  -  Run Remote Usage
		Usr 0 00:00:00, Sys 0 00:00:00  -  Run Local Usage
	0  -  Run Bytes Sent By Job
	184253  -  Run Bytes Received By Job
	Partitionable Resources :    Usage  Request Allocated 
	   Cpus                 :     0.07        1         1 
	   Disk (KB)            :   236         200     61880 
	   Memory (MB)          :     0        3900      3968 
...
009 (391152.017.000) 2024-01-19 16:46:45 Job was aborted.
	via condor_rm (by user shin)
...
006 (391151.017.000) 2024-01-19 16:47:35 Image size of job updated: 833800
	168  -  MemoryUsage of job (MB)
	171948  -  ResidentSetSize of job (KB)
...
004 (391151.017.000) 2024-01-19 16:47:35 Job was evicted.
	(0) CPU times
		Usr 0 00:01:05, Sys 0 00:00:06  -  Run Remote Usage
		Usr 0 00:00:00, Sys 0 00:00:00  -  Run Local Usage
	0  -  Run Bytes Sent By Job
	184253  -  Run Bytes Received By Job
	Partitionable Resources :    Usage  Request Allocated 
	   Cpus                 :     0.60        1         1 
	   Disk (KB)            :  3430         200    128928 
	   Memory (MB)          :   168        3900      3968 
...
009 (391151.017.000) 2024-01-19 16:47:36 Job was aborted.
	via condor_rm (by user shin)
...
000 (391153.017.000) 2024-01-19 16:47:37 Job submitted from host: <172.30.1.200:9618?addrs=172.30.1.200-9618&alias=tamsa2.snu.ac.kr&noUDP&sock=schedd_3625_06e6>
...
040 (391153.017.000) 2024-01-19 16:47:58 Started transferring input files
	Transferring to host: <172.30.1.210:9618?addrs=172.30.1.210-9618&alias=node10&noUDP&sock=slot1_39_3822_b1d4_184712>
...
001 (391153.017.000) 2024-01-19 16:47:58 Job executing on host: <172.30.1.210:9618?addrs=172.30.1.210-9618&alias=node10&noUDP&sock=startd_3788_d4d6>
...
040 (391153.017.000) 2024-01-19 16:47:58 Finished transferring input files
...
006 (391153.017.000) 2024-01-19 16:48:06 Image size of job updated: 184580
	181  -  MemoryUsage of job (MB)
	184580  -  ResidentSetSize of job (KB)
...
006 (391153.017.000) 2024-01-19 16:50:08 Image size of job updated: 846468
	181  -  MemoryUsage of job (MB)
	184580  -  ResidentSetSize of job (KB)
...
040 (391153.017.000) 2024-01-19 16:50:08 Started transferring output files
...
040 (391153.017.000) 2024-01-19 16:50:09 Finished transferring output files
...
005 (391153.017.000) 2024-01-19 16:50:09 Job terminated.
	(1) Normal termination (return value 0)
		Usr 0 00:01:16, Sys 0 00:00:08  -  Run Remote Usage
		Usr 0 00:00:00, Sys 0 00:00:00  -  Run Local Usage
		Usr 0 00:01:16, Sys 0 00:00:08  -  Total Remote Usage
		Usr 0 00:00:00, Sys 0 00:00:00  -  Total Local Usage
	7470423  -  Run Bytes Sent By Job
	184257  -  Run Bytes Received By Job
	7470423  -  Total Bytes Sent By Job
	184257  -  Total Bytes Received By Job
	Partitionable Resources :    Usage  Request Allocated 
	   Cpus                 :                 1         1 
	   Disk (KB)            :     7543      200    128928 
	   Memory (MB)          :      181     3900      3968 

	Job terminated of its own accord at 2024-01-19T07:50:08Z.
...
000 (391154.017.000) 2024-01-19 16:50:49 Job submitted from host: <172.30.1.200:9618?addrs=172.30.1.200-9618&alias=tamsa2.snu.ac.kr&noUDP&sock=schedd_3625_06e6>
...
040 (391154.017.000) 2024-01-19 16:50:51 Started transferring input files
	Transferring to host: <172.30.1.210:9618?addrs=172.30.1.210-9618&alias=node10&noUDP&sock=slot1_34_3822_b1d4_184718>
...
040 (391154.017.000) 2024-01-19 16:50:51 Finished transferring input files
...
001 (391154.017.000) 2024-01-19 16:50:51 Job executing on host: <172.30.1.210:9618?addrs=172.30.1.210-9618&alias=node10&noUDP&sock=startd_3788_d4d6>
...
006 (391154.017.000) 2024-01-19 16:51:00 Image size of job updated: 186740
	183  -  MemoryUsage of job (MB)
	186740  -  ResidentSetSize of job (KB)
...
006 (391154.017.000) 2024-01-19 16:56:00 Image size of job updated: 868460
	203  -  MemoryUsage of job (MB)
	206960  -  ResidentSetSize of job (KB)
...
040 (391154.017.000) 2024-01-19 16:57:11 Started transferring output files
...
040 (391154.017.000) 2024-01-19 16:57:12 Finished transferring output files
...
005 (391154.017.000) 2024-01-19 16:57:12 Job terminated.
	(1) Normal termination (return value 0)
		Usr 0 00:05:21, Sys 0 00:00:19  -  Run Remote Usage
		Usr 0 00:00:00, Sys 0 00:00:00  -  Run Local Usage
		Usr 0 00:05:21, Sys 0 00:00:19  -  Total Remote Usage
		Usr 0 00:00:00, Sys 0 00:00:00  -  Total Local Usage
	32295548  -  Run Bytes Sent By Job
	184256  -  Run Bytes Received By Job
	32295548  -  Total Bytes Sent By Job
	184256  -  Total Bytes Received By Job
	Partitionable Resources :    Usage  Request Allocated 
	   Cpus                 :     0.81        1         1 
	   Disk (KB)            : 31792         200    128928 
	   Memory (MB)          :   203        3900      3968 

	Job terminated of its own accord at 2024-01-19T07:57:10Z.
...
000 (391155.017.000) 2024-01-19 17:22:15 Job submitted from host: <172.30.1.200:9618?addrs=172.30.1.200-9618&alias=tamsa2.snu.ac.kr&noUDP&sock=schedd_3625_06e6>
...
040 (391155.017.000) 2024-01-19 17:22:18 Started transferring input files
	Transferring to host: <172.30.1.210:9618?addrs=172.30.1.210-9618&alias=node10&noUDP&sock=slot1_26_3822_b1d4_184736>
...
001 (391155.017.000) 2024-01-19 17:22:18 Job executing on host: <172.30.1.210:9618?addrs=172.30.1.210-9618&alias=node10&noUDP&sock=startd_3788_d4d6>
...
040 (391155.017.000) 2024-01-19 17:22:18 Finished transferring input files
...
006 (391155.017.000) 2024-01-19 17:22:26 Image size of job updated: 185076
	181  -  MemoryUsage of job (MB)
	185076  -  ResidentSetSize of job (KB)
...
006 (391155.017.000) 2024-01-19 17:24:25 Image size of job updated: 846380
	181  -  MemoryUsage of job (MB)
	185076  -  ResidentSetSize of job (KB)
...
040 (391155.017.000) 2024-01-19 17:24:25 Started transferring output files
...
040 (391155.017.000) 2024-01-19 17:24:26 Finished transferring output files
...
005 (391155.017.000) 2024-01-19 17:24:26 Job terminated.
	(1) Normal termination (return value 0)
		Usr 0 00:01:13, Sys 0 00:00:07  -  Run Remote Usage
		Usr 0 00:00:00, Sys 0 00:00:00  -  Run Local Usage
		Usr 0 00:01:13, Sys 0 00:00:07  -  Total Remote Usage
		Usr 0 00:00:00, Sys 0 00:00:00  -  Total Local Usage
	7465407  -  Run Bytes Sent By Job
	186554  -  Run Bytes Received By Job
	7465407  -  Total Bytes Sent By Job
	186554  -  Total Bytes Received By Job
	Partitionable Resources :    Usage  Request Allocated 
	   Cpus                 :                 1         1 
	   Disk (KB)            :     7540      200    128928 
	   Memory (MB)          :      181     3900      3968 

	Job terminated of its own accord at 2024-01-19T08:24:25Z.
...
000 (391156.017.000) 2024-01-19 17:29:00 Job submitted from host: <172.30.1.200:9618?addrs=172.30.1.200-9618&alias=tamsa2.snu.ac.kr&noUDP&sock=schedd_3625_06e6>
...
040 (391156.017.000) 2024-01-19 17:29:03 Started transferring input files
	Transferring to host: <172.30.1.210:9618?addrs=172.30.1.210-9618&alias=node10&noUDP&sock=slot1_23_3822_b1d4_184744>
...
001 (391156.017.000) 2024-01-19 17:29:03 Job executing on host: <172.30.1.210:9618?addrs=172.30.1.210-9618&alias=node10&noUDP&sock=startd_3788_d4d6>
...
040 (391156.017.000) 2024-01-19 17:29:03 Finished transferring input files
...
006 (391156.017.000) 2024-01-19 17:29:11 Image size of job updated: 585888
	183  -  MemoryUsage of job (MB)
	186744  -  ResidentSetSize of job (KB)
...
006 (391156.017.000) 2024-01-19 17:31:02 Image size of job updated: 737320
	183  -  MemoryUsage of job (MB)
	186744  -  ResidentSetSize of job (KB)
...
040 (391156.017.000) 2024-01-19 17:31:02 Started transferring output files
...
040 (391156.017.000) 2024-01-19 17:31:03 Finished transferring output files
...
005 (391156.017.000) 2024-01-19 17:31:03 Job terminated.
	(1) Normal termination (return value 0)
		Usr 0 00:01:11, Sys 0 00:00:07  -  Run Remote Usage
		Usr 0 00:00:00, Sys 0 00:00:00  -  Run Local Usage
		Usr 0 00:01:11, Sys 0 00:00:07  -  Total Remote Usage
		Usr 0 00:00:00, Sys 0 00:00:00  -  Total Local Usage
	7465407  -  Run Bytes Sent By Job
	186554  -  Run Bytes Received By Job
	7465407  -  Total Bytes Sent By Job
	186554  -  Total Bytes Received By Job
	Partitionable Resources :    Usage  Request Allocated 
	   Cpus                 :                 1         1 
	   Disk (KB)            :     7540      200    128928 
	   Memory (MB)          :      183     3900      3968 

	Job terminated of its own accord at 2024-01-19T08:31:02Z.
...
000 (391161.017.000) 2024-01-19 17:33:03 Job submitted from host: <172.30.1.200:9618?addrs=172.30.1.200-9618&alias=tamsa2.snu.ac.kr&noUDP&sock=schedd_3625_06e6>
...
040 (391161.017.000) 2024-01-19 17:33:05 Started transferring input files
	Transferring to host: <172.30.1.210:9618?addrs=172.30.1.210-9618&alias=node10&noUDP&sock=slot1_23_3822_b1d4_184753>
...
001 (391161.017.000) 2024-01-19 17:33:06 Job executing on host: <172.30.1.210:9618?addrs=172.30.1.210-9618&alias=node10&noUDP&sock=startd_3788_d4d6>
...
040 (391161.017.000) 2024-01-19 17:33:06 Finished transferring input files
...
006 (391161.017.000) 2024-01-19 17:33:14 Image size of job updated: 606272
	181  -  MemoryUsage of job (MB)
	184580  -  ResidentSetSize of job (KB)
...
006 (391161.017.000) 2024-01-19 17:35:02 Image size of job updated: 835308
	181  -  MemoryUsage of job (MB)
	184580  -  ResidentSetSize of job (KB)
...
040 (391161.017.000) 2024-01-19 17:35:02 Started transferring output files
...
040 (391161.017.000) 2024-01-19 17:35:03 Finished transferring output files
...
005 (391161.017.000) 2024-01-19 17:35:03 Job terminated.
	(1) Normal termination (return value 0)
		Usr 0 00:01:12, Sys 0 00:00:08  -  Run Remote Usage
		Usr 0 00:00:00, Sys 0 00:00:00  -  Run Local Usage
		Usr 0 00:01:12, Sys 0 00:00:08  -  Total Remote Usage
		Usr 0 00:00:00, Sys 0 00:00:00  -  Total Local Usage
	7469647  -  Run Bytes Sent By Job
	186686  -  Run Bytes Received By Job
	7469647  -  Total Bytes Sent By Job
	186686  -  Total Bytes Received By Job
	Partitionable Resources :    Usage  Request Allocated 
	   Cpus                 :                 1         1 
	   Disk (KB)            :     7545      200    128928 
	   Memory (MB)          :      181     3900      3968 

	Job terminated of its own accord at 2024-01-19T08:35:02Z.
...
000 (391162.017.000) 2024-01-19 17:42:17 Job submitted from host: <172.30.1.200:9618?addrs=172.30.1.200-9618&alias=tamsa2.snu.ac.kr&noUDP&sock=schedd_3625_06e6>
...
040 (391162.017.000) 2024-01-19 17:42:28 Started transferring input files
	Transferring to host: <172.30.1.208:9618?addrs=172.30.1.208-9618&alias=node8&noUDP&sock=slot1_48_3811_f1b4_191386>
...
001 (391162.017.000) 2024-01-19 17:42:28 Job executing on host: <172.30.1.208:9618?addrs=172.30.1.208-9618&alias=node8&noUDP&sock=startd_3777_494c>
...
040 (391162.017.000) 2024-01-19 17:42:28 Finished transferring input files
...
006 (391162.017.000) 2024-01-19 17:42:37 Image size of job updated: 186004
	182  -  MemoryUsage of job (MB)
	186004  -  ResidentSetSize of job (KB)
...
006 (391162.017.000) 2024-01-19 17:44:22 Image size of job updated: 845996
	182  -  MemoryUsage of job (MB)
	186004  -  ResidentSetSize of job (KB)
...
040 (391162.017.000) 2024-01-19 17:44:22 Started transferring output files
...
040 (391162.017.000) 2024-01-19 17:44:22 Finished transferring output files
...
005 (391162.017.000) 2024-01-19 17:44:22 Job terminated.
	(1) Normal termination (return value 0)
		Usr 0 00:01:11, Sys 0 00:00:07  -  Run Remote Usage
		Usr 0 00:00:00, Sys 0 00:00:00  -  Run Local Usage
		Usr 0 00:01:11, Sys 0 00:00:07  -  Total Remote Usage
		Usr 0 00:00:00, Sys 0 00:00:00  -  Total Local Usage
	7465015  -  Run Bytes Sent By Job
	187104  -  Run Bytes Received By Job
	7465015  -  Total Bytes Sent By Job
	187104  -  Total Bytes Received By Job
	Partitionable Resources :    Usage  Request Allocated 
	   Cpus                 :                 1         1 
	   Disk (KB)            :     7540      200    128928 
	   Memory (MB)          :      182     3900      3968 

	Job terminated of its own accord at 2024-01-19T08:44:22Z.
...
000 (391163.017.000) 2024-01-19 17:55:43 Job submitted from host: <172.30.1.200:9618?addrs=172.30.1.200-9618&alias=tamsa2.snu.ac.kr&noUDP&sock=schedd_3625_06e6>
...
040 (391163.017.000) 2024-01-19 17:55:56 Started transferring input files
	Transferring to host: <172.30.1.108:9618?addrs=172.30.1.108-9618&alias=n8&noUDP&sock=slot1_26_4128_4ca1_81451>
...
001 (391163.017.000) 2024-01-19 17:55:56 Job executing on host: <172.30.1.108:9618?addrs=172.30.1.108-9618&alias=n8&noUDP&sock=startd_4094_b8d1>
...
040 (391163.017.000) 2024-01-19 17:55:56 Finished transferring input files
...
006 (391163.017.000) 2024-01-19 17:56:05 Image size of job updated: 567204
	171  -  MemoryUsage of job (MB)
	174680  -  ResidentSetSize of job (KB)
...
006 (391163.017.000) 2024-01-19 17:59:46 Image size of job updated: 871464
	171  -  MemoryUsage of job (MB)
	174680  -  ResidentSetSize of job (KB)
...
040 (391163.017.000) 2024-01-19 17:59:46 Started transferring output files
...
040 (391163.017.000) 2024-01-19 17:59:47 Finished transferring output files
...
005 (391163.017.000) 2024-01-19 17:59:47 Job terminated.
	(1) Normal termination (return value 0)
		Usr 0 00:03:20, Sys 0 00:00:12  -  Run Remote Usage
		Usr 0 00:00:00, Sys 0 00:00:00  -  Run Local Usage
		Usr 0 00:03:20, Sys 0 00:00:12  -  Total Remote Usage
		Usr 0 00:00:00, Sys 0 00:00:00  -  Total Local Usage
	33997308  -  Run Bytes Sent By Job
	186100  -  Run Bytes Received By Job
	33997308  -  Total Bytes Sent By Job
	186100  -  Total Bytes Received By Job
	Partitionable Resources :    Usage  Request Allocated 
	   Cpus                 :     1.00        1         1 
	   Disk (KB)            : 33455         200    127849 
	   Memory (MB)          :   171        3900      3968 

	Job terminated of its own accord at 2024-01-19T08:59:46Z.
...
000 (391164.017.000) 2024-01-19 18:03:23 Job submitted from host: <172.30.1.200:9618?addrs=172.30.1.200-9618&alias=tamsa2.snu.ac.kr&noUDP&sock=schedd_3625_06e6>
...
040 (391164.017.000) 2024-01-19 18:03:38 Started transferring input files
	Transferring to host: <172.30.1.107:9618?addrs=172.30.1.107-9618&alias=n7&noUDP&sock=slot1_20_4166_12e2_53817>
...
001 (391164.017.000) 2024-01-19 18:03:38 Job executing on host: <172.30.1.107:9618?addrs=172.30.1.107-9618&alias=n7&noUDP&sock=startd_4132_c96b>
...
040 (391164.017.000) 2024-01-19 18:03:38 Finished transferring input files
...
006 (391164.017.000) 2024-01-19 18:03:47 Image size of job updated: 139088
	75  -  MemoryUsage of job (MB)
	75976  -  ResidentSetSize of job (KB)
...
006 (391164.017.000) 2024-01-19 18:08:09 Image size of job updated: 875684
	75  -  MemoryUsage of job (MB)
	76024  -  ResidentSetSize of job (KB)
...
040 (391164.017.000) 2024-01-19 18:08:09 Started transferring output files
...
040 (391164.017.000) 2024-01-19 18:08:11 Finished transferring output files
...
005 (391164.017.000) 2024-01-19 18:08:11 Job terminated.
	(1) Normal termination (return value 0)
		Usr 0 00:04:02, Sys 0 00:00:12  -  Run Remote Usage
		Usr 0 00:00:00, Sys 0 00:00:00  -  Run Local Usage
		Usr 0 00:04:02, Sys 0 00:00:12  -  Total Remote Usage
		Usr 0 00:00:00, Sys 0 00:00:00  -  Total Local Usage
	55142528  -  Run Bytes Sent By Job
	186386  -  Run Bytes Received By Job
	55142528  -  Total Bytes Sent By Job
	186386  -  Total Bytes Received By Job
	Partitionable Resources :    Usage  Request Allocated 
	   Cpus                 :     1.00        1         1 
	   Disk (KB)            : 54105         200    127849 
	   Memory (MB)          :    75        3900      3968 

	Job terminated of its own accord at 2024-01-19T09:08:09Z.
...
000 (391165.017.000) 2024-01-19 22:41:31 Job submitted from host: <172.30.1.200:9618?addrs=172.30.1.200-9618&alias=tamsa2.snu.ac.kr&noUDP&sock=schedd_3625_06e6>
...
040 (391165.017.000) 2024-01-19 22:41:34 Started transferring input files
	Transferring to host: <172.30.1.204:9618?addrs=172.30.1.204-9618&alias=node4&noUDP&sock=slot1_23_3725_5971_203497>
...
001 (391165.017.000) 2024-01-19 22:41:34 Job executing on host: <172.30.1.204:9618?addrs=172.30.1.204-9618&alias=node4&noUDP&sock=startd_3691_4c27>
...
040 (391165.017.000) 2024-01-19 22:41:34 Finished transferring input files
...
006 (391165.017.000) 2024-01-19 22:41:43 Image size of job updated: 139604
	28  -  MemoryUsage of job (MB)
	27952  -  ResidentSetSize of job (KB)
...
006 (391165.017.000) 2024-01-19 22:43:33 Image size of job updated: 846572
	28  -  MemoryUsage of job (MB)
	27952  -  ResidentSetSize of job (KB)
...
040 (391165.017.000) 2024-01-19 22:43:33 Started transferring output files
...
040 (391165.017.000) 2024-01-19 22:43:34 Finished transferring output files
...
005 (391165.017.000) 2024-01-19 22:43:34 Job terminated.
	(1) Normal termination (return value 0)
		Usr 0 00:01:08, Sys 0 00:00:07  -  Run Remote Usage
		Usr 0 00:00:00, Sys 0 00:00:00  -  Run Local Usage
		Usr 0 00:01:08, Sys 0 00:00:07  -  Total Remote Usage
		Usr 0 00:00:00, Sys 0 00:00:00  -  Total Local Usage
	7473695  -  Run Bytes Sent By Job
	185908  -  Run Bytes Received By Job
	7473695  -  Total Bytes Sent By Job
	185908  -  Total Bytes Received By Job
	Partitionable Resources :    Usage  Request Allocated 
	   Cpus                 :     0.04        1         1 
	   Disk (KB)            :  7554         200    128928 
	   Memory (MB)          :    28        3900      3968 

	Job terminated of its own accord at 2024-01-19T13:43:33Z.
...
000 (391166.017.000) 2024-01-19 22:44:51 Job submitted from host: <172.30.1.200:9618?addrs=172.30.1.200-9618&alias=tamsa2.snu.ac.kr&noUDP&sock=schedd_3625_06e6>
...
040 (391166.017.000) 2024-01-19 22:44:59 Started transferring input files
	Transferring to host: <172.30.1.204:9618?addrs=172.30.1.204-9618&alias=node4&noUDP&sock=slot1_23_3725_5971_203523>
...
040 (391166.017.000) 2024-01-19 22:44:59 Finished transferring input files
...
001 (391166.017.000) 2024-01-19 22:44:59 Job executing on host: <172.30.1.204:9618?addrs=172.30.1.204-9618&alias=node4&noUDP&sock=startd_3691_4c27>
...
006 (391166.017.000) 2024-01-19 22:45:08 Image size of job updated: 611600
	140  -  MemoryUsage of job (MB)
	143280  -  ResidentSetSize of job (KB)
...
006 (391166.017.000) 2024-01-19 22:50:09 Image size of job updated: 871760
	202  -  MemoryUsage of job (MB)
	206648  -  ResidentSetSize of job (KB)
...
040 (391166.017.000) 2024-01-19 22:50:31 Started transferring output files
...
040 (391166.017.000) 2024-01-19 22:50:32 Finished transferring output files
...
005 (391166.017.000) 2024-01-19 22:50:32 Job terminated.
	(1) Normal termination (return value 0)
		Usr 0 00:05:01, Sys 0 00:00:15  -  Run Remote Usage
		Usr 0 00:00:00, Sys 0 00:00:00  -  Run Local Usage
		Usr 0 00:05:01, Sys 0 00:00:15  -  Total Remote Usage
		Usr 0 00:00:00, Sys 0 00:00:00  -  Total Local Usage
	32269628  -  Run Bytes Sent By Job
	185911  -  Run Bytes Received By Job
	32269628  -  Total Bytes Sent By Job
	185911  -  Total Bytes Received By Job
	Partitionable Resources :    Usage  Request Allocated 
	   Cpus                 :     0.97        1         1 
	   Disk (KB)            : 31768         200    128928 
	   Memory (MB)          :   202        3900      3968 

	Job terminated of its own accord at 2024-01-19T13:50:31Z.
...
000 (391167.017.000) 2024-01-19 22:57:44 Job submitted from host: <172.30.1.200:9618?addrs=172.30.1.200-9618&alias=tamsa2.snu.ac.kr&noUDP&sock=schedd_3625_06e6>
...
040 (391167.017.000) 2024-01-19 22:57:47 Started transferring input files
	Transferring to host: <172.30.1.204:9618?addrs=172.30.1.204-9618&alias=node4&noUDP&sock=slot1_27_3725_5971_203551>
...
001 (391167.017.000) 2024-01-19 22:57:47 Job executing on host: <172.30.1.204:9618?addrs=172.30.1.204-9618&alias=node4&noUDP&sock=startd_3691_4c27>
...
040 (391167.017.000) 2024-01-19 22:57:47 Finished transferring input files
...
006 (391167.017.000) 2024-01-19 22:57:55 Image size of job updated: 139604
	68  -  MemoryUsage of job (MB)
	69440  -  ResidentSetSize of job (KB)
...
006 (391167.017.000) 2024-01-19 23:02:55 Image size of job updated: 874232
	204  -  MemoryUsage of job (MB)
	208264  -  ResidentSetSize of job (KB)
...
006 (391167.017.000) 2024-01-19 23:03:12 Image size of job updated: 874232
	205  -  MemoryUsage of job (MB)
	209888  -  ResidentSetSize of job (KB)
...
040 (391167.017.000) 2024-01-19 23:03:12 Started transferring output files
...
040 (391167.017.000) 2024-01-19 23:03:13 Finished transferring output files
...
005 (391167.017.000) 2024-01-19 23:03:13 Job terminated.
	(1) Normal termination (return value 0)
		Usr 0 00:04:53, Sys 0 00:00:16  -  Run Remote Usage
		Usr 0 00:00:00, Sys 0 00:00:00  -  Run Local Usage
		Usr 0 00:04:53, Sys 0 00:00:16  -  Total Remote Usage
		Usr 0 00:00:00, Sys 0 00:00:00  -  Total Local Usage
	32233560  -  Run Bytes Sent By Job
	185911  -  Run Bytes Received By Job
	32233560  -  Total Bytes Sent By Job
	185911  -  Total Bytes Received By Job
	Partitionable Resources :    Usage  Request Allocated 
	   Cpus                 :     1.00        1         1 
	   Disk (KB)            : 31733         200    128928 
	   Memory (MB)          :   205        3900      3968 

	Job terminated of its own accord at 2024-01-19T14:03:12Z.
...
000 (391343.017.000) 2024-01-22 10:59:17 Job submitted from host: <172.30.1.200:9618?addrs=172.30.1.200-9618&alias=tamsa2.snu.ac.kr&noUDP&sock=schedd_3625_06e6>
...
040 (391343.017.000) 2024-01-22 10:59:23 Started transferring input files
	Transferring to host: <172.30.1.216:9618?addrs=172.30.1.216-9618&alias=node16&noUDP&sock=slot1_26_4290_7168_332795>
...
040 (391343.017.000) 2024-01-22 10:59:23 Finished transferring input files
...
001 (391343.017.000) 2024-01-22 10:59:23 Job executing on host: <172.30.1.216:9618?addrs=172.30.1.216-9618&alias=node16&noUDP&sock=startd_4255_2791>
...
006 (391343.017.000) 2024-01-22 10:59:32 Image size of job updated: 1288
	1  -  MemoryUsage of job (MB)
	84  -  ResidentSetSize of job (KB)
...
006 (391343.017.000) 2024-01-22 11:04:33 Image size of job updated: 951312
	274  -  MemoryUsage of job (MB)
	280168  -  ResidentSetSize of job (KB)
...
006 (391343.017.000) 2024-01-22 11:09:33 Image size of job updated: 967264
	284  -  MemoryUsage of job (MB)
	289848  -  ResidentSetSize of job (KB)
...
006 (391343.017.000) 2024-01-22 11:19:34 Image size of job updated: 967468
	284  -  MemoryUsage of job (MB)
	289848  -  ResidentSetSize of job (KB)
...
040 (391343.017.000) 2024-01-22 11:20:27 Started transferring output files
...
040 (391343.017.000) 2024-01-22 11:20:28 Finished transferring output files
...
005 (391343.017.000) 2024-01-22 11:20:28 Job terminated.
	(1) Normal termination (return value 0)
		Usr 0 00:19:12, Sys 0 00:00:55  -  Run Remote Usage
		Usr 0 00:00:00, Sys 0 00:00:00  -  Run Local Usage
		Usr 0 00:19:12, Sys 0 00:00:55  -  Total Remote Usage
		Usr 0 00:00:00, Sys 0 00:00:00  -  Total Local Usage
	30732022  -  Run Bytes Sent By Job
	185924  -  Run Bytes Received By Job
	30732022  -  Total Bytes Sent By Job
	185924  -  Total Bytes Received By Job
	Partitionable Resources :    Usage  Request Allocated 
	   Cpus                 :     1.00        1         1 
	   Disk (KB)            : 30267         200    261111 
	   Memory (MB)          :   284        3900      3968 

	Job terminated of its own accord at 2024-01-22T02:20:27Z.
...
000 (391348.017.000) 2024-01-22 12:29:14 Job submitted from host: <172.30.1.200:9618?addrs=172.30.1.200-9618&alias=tamsa2.snu.ac.kr&noUDP&sock=schedd_3625_06e6>
...
040 (391348.017.000) 2024-01-22 12:29:18 Started transferring input files
	Transferring to host: <172.30.1.216:9618?addrs=172.30.1.216-9618&alias=node16&noUDP&sock=slot1_18_4290_7168_332831>
...
040 (391348.017.000) 2024-01-22 12:29:18 Finished transferring input files
...
001 (391348.017.000) 2024-01-22 12:29:18 Job executing on host: <172.30.1.216:9618?addrs=172.30.1.216-9618&alias=node16&noUDP&sock=startd_4255_2791>
...
006 (391348.017.000) 2024-01-22 12:29:27 Image size of job updated: 139344
	5  -  MemoryUsage of job (MB)
	4960  -  ResidentSetSize of job (KB)
...
006 (391348.017.000) 2024-01-22 12:34:28 Image size of job updated: 967856
	140  -  MemoryUsage of job (MB)
	142976  -  ResidentSetSize of job (KB)
...
006 (391348.017.000) 2024-01-22 12:39:28 Image size of job updated: 967856
	293  -  MemoryUsage of job (MB)
	299524  -  ResidentSetSize of job (KB)
...
006 (391348.017.000) 2024-01-22 12:44:28 Image size of job updated: 967860
	293  -  MemoryUsage of job (MB)
	299524  -  ResidentSetSize of job (KB)
...
040 (391348.017.000) 2024-01-22 12:49:06 Started transferring output files
...
040 (391348.017.000) 2024-01-22 12:49:07 Finished transferring output files
...
005 (391348.017.000) 2024-01-22 12:49:07 Job terminated.
	(1) Normal termination (return value 0)
		Usr 0 00:18:22, Sys 0 00:00:52  -  Run Remote Usage
		Usr 0 00:00:00, Sys 0 00:00:00  -  Run Local Usage
		Usr 0 00:18:22, Sys 0 00:00:52  -  Total Remote Usage
		Usr 0 00:00:00, Sys 0 00:00:00  -  Total Local Usage
	30729836  -  Run Bytes Sent By Job
	186484  -  Run Bytes Received By Job
	30729836  -  Total Bytes Sent By Job
	186484  -  Total Bytes Received By Job
	Partitionable Resources :    Usage  Request Allocated 
	   Cpus                 :     1.00        1         1 
	   Disk (KB)            : 30265         200    261111 
	   Memory (MB)          :   293        3900      3968 

	Job terminated of its own accord at 2024-01-22T03:49:06Z.
...
000 (391350.017.000) 2024-01-22 13:01:44 Job submitted from host: <172.30.1.200:9618?addrs=172.30.1.200-9618&alias=tamsa2.snu.ac.kr&noUDP&sock=schedd_3625_06e6>
...
040 (391350.017.000) 2024-01-22 13:02:01 Started transferring input files
	Transferring to host: <172.30.1.216:9618?addrs=172.30.1.216-9618&alias=node16&noUDP&sock=slot1_18_4290_7168_332871>
...
040 (391350.017.000) 2024-01-22 13:02:01 Finished transferring input files
...
001 (391350.017.000) 2024-01-22 13:02:01 Job executing on host: <172.30.1.216:9618?addrs=172.30.1.216-9618&alias=node16&noUDP&sock=startd_4255_2791>
...
006 (391350.017.000) 2024-01-22 13:02:10 Image size of job updated: 139088
	5  -  MemoryUsage of job (MB)
	4960  -  ResidentSetSize of job (KB)
...
006 (391350.017.000) 2024-01-22 13:07:11 Image size of job updated: 951996
	303  -  MemoryUsage of job (MB)
	309500  -  ResidentSetSize of job (KB)
...
006 (391350.017.000) 2024-01-22 13:12:12 Image size of job updated: 952052
	308  -  MemoryUsage of job (MB)
	314780  -  ResidentSetSize of job (KB)
...
006 (391350.017.000) 2024-01-22 13:17:12 Image size of job updated: 961476
	308  -  MemoryUsage of job (MB)
	314780  -  ResidentSetSize of job (KB)
...
006 (391350.017.000) 2024-01-22 13:22:12 Image size of job updated: 968156
	308  -  MemoryUsage of job (MB)
	314780  -  ResidentSetSize of job (KB)
...
006 (391350.017.000) 2024-01-22 13:22:25 Image size of job updated: 968324
	308  -  MemoryUsage of job (MB)
	314780  -  ResidentSetSize of job (KB)
...
040 (391350.017.000) 2024-01-22 13:22:25 Started transferring output files
...
040 (391350.017.000) 2024-01-22 13:22:26 Finished transferring output files
...
005 (391350.017.000) 2024-01-22 13:22:26 Job terminated.
	(1) Normal termination (return value 0)
		Usr 0 00:18:57, Sys 0 00:00:53  -  Run Remote Usage
		Usr 0 00:00:00, Sys 0 00:00:00  -  Run Local Usage
		Usr 0 00:18:57, Sys 0 00:00:53  -  Total Remote Usage
		Usr 0 00:00:00, Sys 0 00:00:00  -  Total Local Usage
	30793292  -  Run Bytes Sent By Job
	186577  -  Run Bytes Received By Job
	30793292  -  Total Bytes Sent By Job
	186577  -  Total Bytes Received By Job
	Partitionable Resources :    Usage  Request Allocated 
	   Cpus                 :     1.00        1         1 
	   Disk (KB)            : 30327         200    261111 
	   Memory (MB)          :   308        3900      3968 

	Job terminated of its own accord at 2024-01-22T04:22:25Z.
...
000 (391361.017.000) 2024-01-22 13:44:17 Job submitted from host: <172.30.1.200:9618?addrs=172.30.1.200-9618&alias=tamsa2.snu.ac.kr&noUDP&sock=schedd_3625_06e6>
...
040 (391361.017.000) 2024-01-22 13:44:29 Started transferring input files
	Transferring to host: <172.30.1.216:9618?addrs=172.30.1.216-9618&alias=node16&noUDP&sock=slot1_43_4290_7168_333001>
...
040 (391361.017.000) 2024-01-22 13:44:29 Finished transferring input files
...
001 (391361.017.000) 2024-01-22 13:44:29 Job executing on host: <172.30.1.216:9618?addrs=172.30.1.216-9618&alias=node16&noUDP&sock=startd_4255_2791>
...
006 (391361.017.000) 2024-01-22 13:44:39 Image size of job updated: 561388
	68  -  MemoryUsage of job (MB)
	69440  -  ResidentSetSize of job (KB)
...
006 (391361.017.000) 2024-01-22 13:48:19 Image size of job updated: 868908
	68  -  MemoryUsage of job (MB)
	69440  -  ResidentSetSize of job (KB)
...
040 (391361.017.000) 2024-01-22 13:48:19 Started transferring output files
...
040 (391361.017.000) 2024-01-22 13:48:20 Finished transferring output files
...
005 (391361.017.000) 2024-01-22 13:48:20 Job terminated.
	(1) Normal termination (return value 0)
		Usr 0 00:03:14, Sys 0 00:00:13  -  Run Remote Usage
		Usr 0 00:00:00, Sys 0 00:00:00  -  Run Local Usage
		Usr 0 00:03:14, Sys 0 00:00:13  -  Total Remote Usage
		Usr 0 00:00:00, Sys 0 00:00:00  -  Total Local Usage
	31163424  -  Run Bytes Sent By Job
	191813  -  Run Bytes Received By Job
	31163424  -  Total Bytes Sent By Job
	191813  -  Total Bytes Received By Job
	Partitionable Resources :    Usage  Request Allocated 
	   Cpus                 :     0.98        1         1 
	   Disk (KB)            : 30696         200    261111 
	   Memory (MB)          :    68        3900      3968 

	Job terminated of its own accord at 2024-01-22T04:48:19Z.
...
000 (391362.017.000) 2024-01-22 13:50:58 Job submitted from host: <172.30.1.200:9618?addrs=172.30.1.200-9618&alias=tamsa2.snu.ac.kr&noUDP&sock=schedd_3625_06e6>
...
040 (391362.017.000) 2024-01-22 13:51:00 Started transferring input files
	Transferring to host: <172.30.1.216:9618?addrs=172.30.1.216-9618&alias=node16&noUDP&sock=slot1_4_4290_7168_333027>
...
040 (391362.017.000) 2024-01-22 13:51:00 Finished transferring input files
...
001 (391362.017.000) 2024-01-22 13:51:00 Job executing on host: <172.30.1.216:9618?addrs=172.30.1.216-9618&alias=node16&noUDP&sock=startd_4255_2791>
...
006 (391362.017.000) 2024-01-22 13:51:08 Image size of job updated: 561388
	68  -  MemoryUsage of job (MB)
	69428  -  ResidentSetSize of job (KB)
...
006 (391362.017.000) 2024-01-22 13:56:08 Image size of job updated: 954660
	276  -  MemoryUsage of job (MB)
	281832  -  ResidentSetSize of job (KB)
...
006 (391362.017.000) 2024-01-22 14:01:11 Image size of job updated: 963160
	276  -  MemoryUsage of job (MB)
	281832  -  ResidentSetSize of job (KB)
...
006 (391362.017.000) 2024-01-22 14:11:09 Image size of job updated: 969600
	285  -  MemoryUsage of job (MB)
	291612  -  ResidentSetSize of job (KB)
...
006 (391362.017.000) 2024-01-22 14:13:47 Image size of job updated: 970032
	285  -  MemoryUsage of job (MB)
	291612  -  ResidentSetSize of job (KB)
...
040 (391362.017.000) 2024-01-22 14:13:47 Started transferring output files
...
040 (391362.017.000) 2024-01-22 14:13:48 Finished transferring output files
...
005 (391362.017.000) 2024-01-22 14:13:48 Job terminated.
	(1) Normal termination (return value 0)
		Usr 0 00:20:37, Sys 0 00:01:05  -  Run Remote Usage
		Usr 0 00:00:00, Sys 0 00:00:00  -  Run Local Usage
		Usr 0 00:20:37, Sys 0 00:01:05  -  Total Remote Usage
		Usr 0 00:00:00, Sys 0 00:00:00  -  Total Local Usage
	30807618  -  Run Bytes Sent By Job
	191814  -  Run Bytes Received By Job
	30807618  -  Total Bytes Sent By Job
	191814  -  Total Bytes Received By Job
	Partitionable Resources :    Usage  Request Allocated 
	   Cpus                 :     0.71        1         1 
	   Disk (KB)            : 30349         200    261111 
	   Memory (MB)          :   285        3900      3968 

	Job terminated of its own accord at 2024-01-22T05:13:47Z.
...
000 (391496.017.000) 2024-01-22 14:58:10 Job submitted from host: <172.30.1.200:9618?addrs=172.30.1.200-9618&alias=tamsa2.snu.ac.kr&noUDP&sock=schedd_3625_06e6>
...
040 (391496.017.000) 2024-01-22 14:58:18 Started transferring input files
	Transferring to host: <172.30.1.216:9618?addrs=172.30.1.216-9618&alias=node16&noUDP&sock=slot1_28_4290_7168_333208>
...
040 (391496.017.000) 2024-01-22 14:58:18 Finished transferring input files
...
001 (391496.017.000) 2024-01-22 14:58:18 Job executing on host: <172.30.1.216:9618?addrs=172.30.1.216-9618&alias=node16&noUDP&sock=startd_4255_2791>
...
006 (391496.017.000) 2024-01-22 14:58:27 Image size of job updated: 139344
	5  -  MemoryUsage of job (MB)
	4956  -  ResidentSetSize of job (KB)
...
006 (391496.017.000) 2024-01-22 15:03:28 Image size of job updated: 969472
	256  -  MemoryUsage of job (MB)
	261532  -  ResidentSetSize of job (KB)
...
006 (391496.017.000) 2024-01-22 15:08:28 Image size of job updated: 969680
	256  -  MemoryUsage of job (MB)
	261532  -  ResidentSetSize of job (KB)
...
006 (391496.017.000) 2024-01-22 15:18:29 Image size of job updated: 969756
	256  -  MemoryUsage of job (MB)
	261532  -  ResidentSetSize of job (KB)
...
040 (391496.017.000) 2024-01-22 15:25:07 Started transferring output files
...
040 (391496.017.000) 2024-01-22 15:25:08 Finished transferring output files
...
005 (391496.017.000) 2024-01-22 15:25:08 Job terminated.
	(1) Normal termination (return value 0)
		Usr 0 00:24:44, Sys 0 00:01:16  -  Run Remote Usage
		Usr 0 00:00:00, Sys 0 00:00:00  -  Run Local Usage
		Usr 0 00:24:44, Sys 0 00:01:16  -  Total Remote Usage
		Usr 0 00:00:00, Sys 0 00:00:00  -  Total Local Usage
	30808414  -  Run Bytes Sent By Job
	191814  -  Run Bytes Received By Job
	30808414  -  Total Bytes Sent By Job
	191814  -  Total Bytes Received By Job
	Partitionable Resources :    Usage  Request Allocated 
	   Cpus                 :     0.15        1         1 
	   Disk (KB)            : 30349         200    261111 
	   Memory (MB)          :   256        3900      3968 

	Job terminated of its own accord at 2024-01-22T06:25:07Z.
...
000 (391511.017.000) 2024-01-22 15:59:41 Job submitted from host: <172.30.1.200:9618?addrs=172.30.1.200-9618&alias=tamsa2.snu.ac.kr&noUDP&sock=schedd_3625_06e6>
...
040 (391511.017.000) 2024-01-22 15:59:53 Started transferring input files
	Transferring to host: <172.30.1.214:9618?addrs=172.30.1.214-9618&alias=node14&noUDP&sock=slot1_41_4480_50af_235843>
...
040 (391511.017.000) 2024-01-22 15:59:53 Finished transferring input files
...
001 (391511.017.000) 2024-01-22 15:59:53 Job executing on host: <172.30.1.214:9618?addrs=172.30.1.214-9618&alias=node14&noUDP&sock=startd_4446_2a28>
...
006 (391511.017.000) 2024-01-22 16:00:01 Image size of job updated: 139472
	5  -  MemoryUsage of job (MB)
	4956  -  ResidentSetSize of job (KB)
...
006 (391511.017.000) 2024-01-22 16:05:01 Image size of job updated: 969776
	226  -  MemoryUsage of job (MB)
	230784  -  ResidentSetSize of job (KB)
...
006 (391511.017.000) 2024-01-22 16:10:03 Image size of job updated: 969776
	294  -  MemoryUsage of job (MB)
	301052  -  ResidentSetSize of job (KB)
...
040 (391511.017.000) 2024-01-22 16:25:04 Started transferring output files
...
040 (391511.017.000) 2024-01-22 16:25:05 Finished transferring output files
...
005 (391511.017.000) 2024-01-22 16:25:05 Job terminated.
	(1) Normal termination (return value 0)
		Usr 0 00:23:25, Sys 0 00:01:12  -  Run Remote Usage
		Usr 0 00:00:00, Sys 0 00:00:00  -  Run Local Usage
		Usr 0 00:23:25, Sys 0 00:01:12  -  Total Remote Usage
		Usr 0 00:00:00, Sys 0 00:00:00  -  Total Local Usage
	30810470  -  Run Bytes Sent By Job
	191824  -  Run Bytes Received By Job
	30810470  -  Total Bytes Sent By Job
	191824  -  Total Bytes Received By Job
	Partitionable Resources :    Usage  Request Allocated 
	   Cpus                 :     1.00        1         1 
	   Disk (KB)            : 30351         200    261111 
	   Memory (MB)          :   294        3900      3968 

	Job terminated of its own accord at 2024-01-22T07:25:04Z.
...
000 (391574.017.000) 2024-01-22 23:14:59 Job submitted from host: <172.30.1.200:9618?addrs=172.30.1.200-9618&alias=tamsa2.snu.ac.kr&noUDP&sock=schedd_3625_06e6>
...
040 (391574.017.000) 2024-01-22 23:15:05 Started transferring input files
	Transferring to host: <172.30.1.216:9618?addrs=172.30.1.216-9618&alias=node16&noUDP&sock=slot1_26_4290_7168_334243>
...
040 (391574.017.000) 2024-01-22 23:15:05 Finished transferring input files
...
001 (391574.017.000) 2024-01-22 23:15:05 Job executing on host: <172.30.1.216:9618?addrs=172.30.1.216-9618&alias=node16&noUDP&sock=startd_4255_2791>
...
006 (391574.017.000) 2024-01-22 23:15:14 Image size of job updated: 139604
	5  -  MemoryUsage of job (MB)
	4952  -  ResidentSetSize of job (KB)
...
006 (391574.017.000) 2024-01-22 23:20:15 Image size of job updated: 962764
	295  -  MemoryUsage of job (MB)
	301528  -  ResidentSetSize of job (KB)
...
006 (391574.017.000) 2024-01-22 23:30:16 Image size of job updated: 962764
	296  -  MemoryUsage of job (MB)
	302788  -  ResidentSetSize of job (KB)
...
004 (391574.017.000) 2024-01-22 23:35:24 Job was evicted.
	(0) CPU times
		Usr 0 00:18:36, Sys 0 00:00:58  -  Run Remote Usage
		Usr 0 00:00:00, Sys 0 00:00:00  -  Run Local Usage
	0  -  Run Bytes Sent By Job
	191685  -  Run Bytes Received By Job
	Partitionable Resources :    Usage  Request Allocated 
	   Cpus                 :     1.00        1         1 
	   Disk (KB)            : 12420         200    261111 
	   Memory (MB)          :   296        3900      3968 
...
009 (391574.017.000) 2024-01-22 23:35:24 Job was aborted.
	via condor_rm (by user shin)
...
000 (391577.017.000) 2024-01-22 23:35:26 Job submitted from host: <172.30.1.200:9618?addrs=172.30.1.200-9618&alias=tamsa2.snu.ac.kr&noUDP&sock=schedd_3625_06e6>
...
040 (391577.017.000) 2024-01-22 23:35:35 Started transferring input files
	Transferring to host: <172.30.1.216:9618?addrs=172.30.1.216-9618&alias=node16&noUDP&sock=slot1_18_4290_7168_334295>
...
040 (391577.017.000) 2024-01-22 23:35:35 Finished transferring input files
...
001 (391577.017.000) 2024-01-22 23:35:35 Job executing on host: <172.30.1.216:9618?addrs=172.30.1.216-9618&alias=node16&noUDP&sock=startd_4255_2791>
...
006 (391577.017.000) 2024-01-22 23:35:44 Image size of job updated: 139088
	5  -  MemoryUsage of job (MB)
	5056  -  ResidentSetSize of job (KB)
...
006 (391577.017.000) 2024-01-22 23:40:45 Image size of job updated: 965584
	246  -  MemoryUsage of job (MB)
	251644  -  ResidentSetSize of job (KB)
...
006 (391577.017.000) 2024-01-22 23:45:46 Image size of job updated: 969488
	246  -  MemoryUsage of job (MB)
	251644  -  ResidentSetSize of job (KB)
...
006 (391577.017.000) 2024-01-22 23:50:46 Image size of job updated: 969652
	246  -  MemoryUsage of job (MB)
	251644  -  ResidentSetSize of job (KB)
...
006 (391577.017.000) 2024-01-22 23:55:49 Image size of job updated: 969652
	307  -  MemoryUsage of job (MB)
	313416  -  ResidentSetSize of job (KB)
...
040 (391577.017.000) 2024-01-23 00:01:43 Started transferring output files
...
040 (391577.017.000) 2024-01-23 00:01:44 Finished transferring output files
...
005 (391577.017.000) 2024-01-23 00:01:44 Job terminated.
	(1) Normal termination (return value 0)
		Usr 0 00:24:31, Sys 0 00:01:16  -  Run Remote Usage
		Usr 0 00:00:00, Sys 0 00:00:00  -  Run Local Usage
		Usr 0 00:24:31, Sys 0 00:01:16  -  Total Remote Usage
		Usr 0 00:00:00, Sys 0 00:00:00  -  Total Local Usage
	30806856  -  Run Bytes Sent By Job
	191687  -  Run Bytes Received By Job
	30806856  -  Total Bytes Sent By Job
	191687  -  Total Bytes Received By Job
	Partitionable Resources :    Usage  Request Allocated 
	   Cpus                 :     1.00        1         1 
	   Disk (KB)            : 30348         200    261111 
	   Memory (MB)          :   307        3900      3968 

	Job terminated of its own accord at 2024-01-22T15:01:43Z.
...
000 (391582.017.000) 2024-01-23 10:33:34 Job submitted from host: <172.30.1.200:9618?addrs=172.30.1.200-9618&alias=tamsa2.snu.ac.kr&noUDP&sock=schedd_3625_06e6>
...
040 (391582.017.000) 2024-01-23 10:33:41 Started transferring input files
	Transferring to host: <172.30.1.216:9618?addrs=172.30.1.216-9618&alias=node16&noUDP&sock=slot1_26_4290_7168_337543>
...
040 (391582.017.000) 2024-01-23 10:33:41 Finished transferring input files
...
001 (391582.017.000) 2024-01-23 10:33:41 Job executing on host: <172.30.1.216:9618?addrs=172.30.1.216-9618&alias=node16&noUDP&sock=startd_4255_2791>
...
006 (391582.017.000) 2024-01-23 10:33:49 Image size of job updated: 2376
	3  -  MemoryUsage of job (MB)
	2092  -  ResidentSetSize of job (KB)
...
006 (391582.017.000) 2024-01-23 10:38:49 Image size of job updated: 963108
	276  -  MemoryUsage of job (MB)
	281832  -  ResidentSetSize of job (KB)
...
006 (391582.017.000) 2024-01-23 10:43:49 Image size of job updated: 963108
	285  -  MemoryUsage of job (MB)
	291312  -  ResidentSetSize of job (KB)
...
006 (391582.017.000) 2024-01-23 10:53:51 Image size of job updated: 969684
	286  -  MemoryUsage of job (MB)
	292536  -  ResidentSetSize of job (KB)
...
040 (391582.017.000) 2024-01-23 10:54:08 Started transferring output files
...
040 (391582.017.000) 2024-01-23 10:54:09 Finished transferring output files
...
005 (391582.017.000) 2024-01-23 10:54:09 Job terminated.
	(1) Normal termination (return value 0)
		Usr 0 00:18:38, Sys 0 00:00:56  -  Run Remote Usage
		Usr 0 00:00:00, Sys 0 00:00:00  -  Run Local Usage
		Usr 0 00:18:38, Sys 0 00:00:56  -  Total Remote Usage
		Usr 0 00:00:00, Sys 0 00:00:00  -  Total Local Usage
	30809912  -  Run Bytes Sent By Job
	191687  -  Run Bytes Received By Job
	30809912  -  Total Bytes Sent By Job
	191687  -  Total Bytes Received By Job
	Partitionable Resources :    Usage  Request Allocated 
	   Cpus                 :     1.01        1         1 
	   Disk (KB)            : 30351         200    261111 
	   Memory (MB)          :   286        3900      3968 

	Job terminated of its own accord at 2024-01-23T01:54:08Z.
...
