000 (390874.022.000) 2024-01-18 20:28:10 Job submitted from host: <172.30.1.200:9618?addrs=172.30.1.200-9618&alias=tamsa2.snu.ac.kr&noUDP&sock=schedd_3625_06e6>
...
040 (390874.022.000) 2024-01-18 20:28:26 Started transferring input files
	Transferring to host: <172.30.1.213:9618?addrs=172.30.1.213-9618&alias=node13&noUDP&sock=slot1_63_4363_e0ca_274573>
...
040 (390874.022.000) 2024-01-18 20:28:26 Finished transferring input files
...
001 (390874.022.000) 2024-01-18 20:28:26 Job executing on host: <172.30.1.213:9618?addrs=172.30.1.213-9618&alias=node13&noUDP&sock=startd_4329_e993>
...
006 (390874.022.000) 2024-01-18 20:28:35 Image size of job updated: 139344
	68  -  MemoryUsage of job (MB)
	69424  -  ResidentSetSize of job (KB)
...
006 (390874.022.000) 2024-01-18 20:30:43 Image size of job updated: 846504
	68  -  MemoryUsage of job (MB)
	69424  -  ResidentSetSize of job (KB)
...
040 (390874.022.000) 2024-01-18 20:30:43 Started transferring output files
...
040 (390874.022.000) 2024-01-18 20:30:43 Finished transferring output files
...
005 (390874.022.000) 2024-01-18 20:30:43 Job terminated.
	(1) Normal termination (return value 0)
		Usr 0 00:01:18, Sys 0 00:00:08  -  Run Remote Usage
		Usr 0 00:00:00, Sys 0 00:00:00  -  Run Local Usage
		Usr 0 00:01:18, Sys 0 00:00:08  -  Total Remote Usage
		Usr 0 00:00:00, Sys 0 00:00:00  -  Total Local Usage
	14493726  -  Run Bytes Sent By Job
	181578  -  Run Bytes Received By Job
	14493726  -  Total Bytes Sent By Job
	181578  -  Total Bytes Received By Job
	Partitionable Resources :    Usage  Request Allocated 
	   Cpus                 :                 1         1 
	   Disk (KB)            :    14398      200    261111 
	   Memory (MB)          :       68     3900      3968 

	Job terminated of its own accord at 2024-01-18T11:30:43Z.
...
000 (390875.022.000) 2024-01-18 20:45:32 Job submitted from host: <172.30.1.200:9618?addrs=172.30.1.200-9618&alias=tamsa2.snu.ac.kr&noUDP&sock=schedd_3625_06e6>
...
040 (390875.022.000) 2024-01-18 20:45:47 Started transferring input files
	Transferring to host: <172.30.1.211:9618?addrs=172.30.1.211-9618&alias=node11&noUDP&sock=slot1_30_3735_6531_176926>
...
001 (390875.022.000) 2024-01-18 20:45:48 Job executing on host: <172.30.1.211:9618?addrs=172.30.1.211-9618&alias=node11&noUDP&sock=startd_3699_c8e9>
...
040 (390875.022.000) 2024-01-18 20:45:48 Finished transferring input files
...
006 (390875.022.000) 2024-01-18 20:45:56 Image size of job updated: 139344
	6  -  MemoryUsage of job (MB)
	5284  -  ResidentSetSize of job (KB)
...
006 (390875.022.000) 2024-01-18 20:50:56 Image size of job updated: 866892
	207  -  MemoryUsage of job (MB)
	211132  -  ResidentSetSize of job (KB)
...
006 (390875.022.000) 2024-01-18 20:51:35 Image size of job updated: 868096
	207  -  MemoryUsage of job (MB)
	211132  -  ResidentSetSize of job (KB)
...
040 (390875.022.000) 2024-01-18 20:51:35 Started transferring output files
...
040 (390875.022.000) 2024-01-18 20:51:38 Finished transferring output files
...
005 (390875.022.000) 2024-01-18 20:51:38 Job terminated.
	(1) Normal termination (return value 0)
		Usr 0 00:04:02, Sys 0 00:00:17  -  Run Remote Usage
		Usr 0 00:00:00, Sys 0 00:00:00  -  Run Local Usage
		Usr 0 00:04:02, Sys 0 00:00:17  -  Total Remote Usage
		Usr 0 00:00:00, Sys 0 00:00:00  -  Total Local Usage
	120059648  -  Run Bytes Sent By Job
	182042  -  Run Bytes Received By Job
	120059648  -  Total Bytes Sent By Job
	182042  -  Total Bytes Received By Job
	Partitionable Resources :     Usage  Request Allocated 
	   Cpus                 :      0.50        1         1 
	   Disk (KB)            : 117496         200    128928 
	   Memory (MB)          :    207        3900      3968 

	Job terminated of its own accord at 2024-01-18T11:51:35Z.
...
000 (390886.022.000) 2024-01-18 21:10:43 Job submitted from host: <172.30.1.200:9618?addrs=172.30.1.200-9618&alias=tamsa2.snu.ac.kr&noUDP&sock=schedd_3625_06e6>
...
040 (390886.022.000) 2024-01-18 21:10:46 Started transferring input files
	Transferring to host: <172.30.1.211:9618?addrs=172.30.1.211-9618&alias=node11&noUDP&sock=slot1_27_3735_6531_176940>
...
040 (390886.022.000) 2024-01-18 21:10:46 Finished transferring input files
...
001 (390886.022.000) 2024-01-18 21:10:46 Job executing on host: <172.30.1.211:9618?addrs=172.30.1.211-9618&alias=node11&noUDP&sock=startd_3699_c8e9>
...
006 (390886.022.000) 2024-01-18 21:10:55 Image size of job updated: 154480
	147  -  MemoryUsage of job (MB)
	150008  -  ResidentSetSize of job (KB)
...
006 (390886.022.000) 2024-01-18 21:12:27 Image size of job updated: 846176
	147  -  MemoryUsage of job (MB)
	150016  -  ResidentSetSize of job (KB)
...
040 (390886.022.000) 2024-01-18 21:12:27 Started transferring output files
...
040 (390886.022.000) 2024-01-18 21:12:27 Finished transferring output files
...
005 (390886.022.000) 2024-01-18 21:12:27 Job terminated.
	(1) Normal termination (return value 0)
		Usr 0 00:01:08, Sys 0 00:00:07  -  Run Remote Usage
		Usr 0 00:00:00, Sys 0 00:00:00  -  Run Local Usage
		Usr 0 00:01:08, Sys 0 00:00:07  -  Total Remote Usage
		Usr 0 00:00:00, Sys 0 00:00:00  -  Total Local Usage
	7473247  -  Run Bytes Sent By Job
	181210  -  Run Bytes Received By Job
	7473247  -  Total Bytes Sent By Job
	181210  -  Total Bytes Received By Job
	Partitionable Resources :    Usage  Request Allocated 
	   Cpus                 :                 1         1 
	   Disk (KB)            :     7541      200    128928 
	   Memory (MB)          :      147     3900      3968 

	Job terminated of its own accord at 2024-01-18T12:12:27Z.
...
000 (390887.022.000) 2024-01-18 21:19:38 Job submitted from host: <172.30.1.200:9618?addrs=172.30.1.200-9618&alias=tamsa2.snu.ac.kr&noUDP&sock=schedd_3625_06e6>
...
040 (390887.022.000) 2024-01-18 21:19:41 Started transferring input files
	Transferring to host: <172.30.1.211:9618?addrs=172.30.1.211-9618&alias=node11&noUDP&sock=slot1_26_3735_6531_176957>
...
001 (390887.022.000) 2024-01-18 21:19:41 Job executing on host: <172.30.1.211:9618?addrs=172.30.1.211-9618&alias=node11&noUDP&sock=startd_3699_c8e9>
...
040 (390887.022.000) 2024-01-18 21:19:41 Finished transferring input files
...
006 (390887.022.000) 2024-01-18 21:19:49 Image size of job updated: 809852
	176  -  MemoryUsage of job (MB)
	179964  -  ResidentSetSize of job (KB)
...
006 (390887.022.000) 2024-01-18 21:23:28 Image size of job updated: 867856
	176  -  MemoryUsage of job (MB)
	179980  -  ResidentSetSize of job (KB)
...
040 (390887.022.000) 2024-01-18 21:23:28 Started transferring output files
...
040 (390887.022.000) 2024-01-18 21:23:29 Finished transferring output files
...
005 (390887.022.000) 2024-01-18 21:23:29 Job terminated.
	(1) Normal termination (return value 0)
		Usr 0 00:03:18, Sys 0 00:00:15  -  Run Remote Usage
		Usr 0 00:00:00, Sys 0 00:00:00  -  Run Local Usage
		Usr 0 00:03:18, Sys 0 00:00:15  -  Total Remote Usage
		Usr 0 00:00:00, Sys 0 00:00:00  -  Total Local Usage
	34513748  -  Run Bytes Sent By Job
	181210  -  Run Bytes Received By Job
	34513748  -  Total Bytes Sent By Job
	181210  -  Total Bytes Received By Job
	Partitionable Resources :    Usage  Request Allocated 
	   Cpus                 :     0.49        1         1 
	   Disk (KB)            : 33954         200    128928 
	   Memory (MB)          :   176        3900      3968 

	Job terminated of its own accord at 2024-01-18T12:23:28Z.
...
000 (390888.022.000) 2024-01-18 21:30:57 Job submitted from host: <172.30.1.200:9618?addrs=172.30.1.200-9618&alias=tamsa2.snu.ac.kr&noUDP&sock=schedd_3625_06e6>
...
040 (390888.022.000) 2024-01-18 21:31:02 Started transferring input files
	Transferring to host: <172.30.1.211:9618?addrs=172.30.1.211-9618&alias=node11&noUDP&sock=slot1_30_3735_6531_176979>
...
040 (390888.022.000) 2024-01-18 21:31:02 Finished transferring input files
...
001 (390888.022.000) 2024-01-18 21:31:02 Job executing on host: <172.30.1.211:9618?addrs=172.30.1.211-9618&alias=node11&noUDP&sock=startd_3699_c8e9>
...
006 (390888.022.000) 2024-01-18 21:31:11 Image size of job updated: 808352
	183  -  MemoryUsage of job (MB)
	186736  -  ResidentSetSize of job (KB)
...
006 (390888.022.000) 2024-01-18 21:34:45 Image size of job updated: 865012
	183  -  MemoryUsage of job (MB)
	186736  -  ResidentSetSize of job (KB)
...
040 (390888.022.000) 2024-01-18 21:34:45 Started transferring output files
...
040 (390888.022.000) 2024-01-18 21:34:46 Finished transferring output files
...
005 (390888.022.000) 2024-01-18 21:34:46 Job terminated.
	(1) Normal termination (return value 0)
		Usr 0 00:03:17, Sys 0 00:00:15  -  Run Remote Usage
		Usr 0 00:00:00, Sys 0 00:00:00  -  Run Local Usage
		Usr 0 00:03:17, Sys 0 00:00:15  -  Total Remote Usage
		Usr 0 00:00:00, Sys 0 00:00:00  -  Total Local Usage
	33617104  -  Run Bytes Sent By Job
	181214  -  Run Bytes Received By Job
	33617104  -  Total Bytes Sent By Job
	181214  -  Total Bytes Received By Job
	Partitionable Resources :    Usage  Request Allocated 
	   Cpus                 :                 1         1 
	   Disk (KB)            :    33072      200    128928 
	   Memory (MB)          :      183     3900      3968 

	Job terminated of its own accord at 2024-01-18T12:34:45Z.
...
000 (390894.022.000) 2024-01-18 21:35:52 Job submitted from host: <172.30.1.200:9618?addrs=172.30.1.200-9618&alias=tamsa2.snu.ac.kr&noUDP&sock=schedd_3625_06e6>
...
040 (390894.022.000) 2024-01-18 21:36:11 Started transferring input files
	Transferring to host: <172.30.1.211:9618?addrs=172.30.1.211-9618&alias=node11&noUDP&sock=slot1_31_3735_6531_176998>
...
040 (390894.022.000) 2024-01-18 21:36:11 Finished transferring input files
...
001 (390894.022.000) 2024-01-18 21:36:11 Job executing on host: <172.30.1.211:9618?addrs=172.30.1.211-9618&alias=node11&noUDP&sock=startd_3699_c8e9>
...
006 (390894.022.000) 2024-01-18 21:36:19 Image size of job updated: 185048
	181  -  MemoryUsage of job (MB)
	185048  -  ResidentSetSize of job (KB)
...
006 (390894.022.000) 2024-01-18 21:39:54 Image size of job updated: 865004
	181  -  MemoryUsage of job (MB)
	185048  -  ResidentSetSize of job (KB)
...
040 (390894.022.000) 2024-01-18 21:39:54 Started transferring output files
...
040 (390894.022.000) 2024-01-18 21:39:56 Finished transferring output files
...
005 (390894.022.000) 2024-01-18 21:39:56 Job terminated.
	(1) Normal termination (return value 0)
		Usr 0 00:03:17, Sys 0 00:00:15  -  Run Remote Usage
		Usr 0 00:00:00, Sys 0 00:00:00  -  Run Local Usage
		Usr 0 00:03:17, Sys 0 00:00:15  -  Total Remote Usage
		Usr 0 00:00:00, Sys 0 00:00:00  -  Total Local Usage
	33613496  -  Run Bytes Sent By Job
	181194  -  Run Bytes Received By Job
	33613496  -  Total Bytes Sent By Job
	181194  -  Total Bytes Received By Job
	Partitionable Resources :    Usage  Request Allocated 
	   Cpus                 :                 1         1 
	   Disk (KB)            :    33069      200    128928 
	   Memory (MB)          :      181     3900      3968 

	Job terminated of its own accord at 2024-01-18T12:39:54Z.
...
000 (390895.022.000) 2024-01-18 21:48:05 Job submitted from host: <172.30.1.200:9618?addrs=172.30.1.200-9618&alias=tamsa2.snu.ac.kr&noUDP&sock=schedd_3625_06e6>
...
040 (390895.022.000) 2024-01-18 21:48:09 Started transferring input files
	Transferring to host: <172.30.1.204:9618?addrs=172.30.1.204-9618&alias=node4&noUDP&sock=slot1_20_3725_5971_202817>
...
001 (390895.022.000) 2024-01-18 21:48:09 Job executing on host: <172.30.1.204:9618?addrs=172.30.1.204-9618&alias=node4&noUDP&sock=startd_3691_4c27>
...
040 (390895.022.000) 2024-01-18 21:48:09 Finished transferring input files
...
006 (390895.022.000) 2024-01-18 21:48:17 Image size of job updated: 139600
	68  -  MemoryUsage of job (MB)
	69428  -  ResidentSetSize of job (KB)
...
006 (390895.022.000) 2024-01-18 21:50:05 Image size of job updated: 864772
	68  -  MemoryUsage of job (MB)
	69428  -  ResidentSetSize of job (KB)
...
004 (390895.022.000) 2024-01-18 21:50:06 Job was evicted.
	(0) CPU times
		Usr 0 00:01:18, Sys 0 00:00:05  -  Run Remote Usage
		Usr 0 00:00:00, Sys 0 00:00:00  -  Run Local Usage
	0  -  Run Bytes Sent By Job
	182143  -  Run Bytes Received By Job
	Partitionable Resources :    Usage  Request Allocated 
	   Cpus                 :     0.80        1         1 
	   Disk (KB)            :  6138         200    128928 
	   Memory (MB)          :    68        3900      3968 
...
009 (390895.022.000) 2024-01-18 21:50:06 Job was aborted.
	via condor_rm (by user shin)
...
000 (390896.022.000) 2024-01-18 21:53:08 Job submitted from host: <172.30.1.200:9618?addrs=172.30.1.200-9618&alias=tamsa2.snu.ac.kr&noUDP&sock=schedd_3625_06e6>
...
040 (390896.022.000) 2024-01-18 21:54:28 Started transferring input files
	Transferring to host: <172.30.1.211:9618?addrs=172.30.1.211-9618&alias=node11&noUDP&sock=slot1_19_3735_6531_177134>
...
001 (390896.022.000) 2024-01-18 21:54:28 Job executing on host: <172.30.1.211:9618?addrs=172.30.1.211-9618&alias=node11&noUDP&sock=startd_3699_c8e9>
...
040 (390896.022.000) 2024-01-18 21:54:28 Finished transferring input files
...
006 (390896.022.000) 2024-01-18 21:54:37 Image size of job updated: 835112
	183  -  MemoryUsage of job (MB)
	186724  -  ResidentSetSize of job (KB)
...
006 (390896.022.000) 2024-01-18 21:58:44 Image size of job updated: 868384
	183  -  MemoryUsage of job (MB)
	186724  -  ResidentSetSize of job (KB)
...
040 (390896.022.000) 2024-01-18 21:58:44 Started transferring output files
...
040 (390896.022.000) 2024-01-18 21:58:46 Finished transferring output files
...
005 (390896.022.000) 2024-01-18 21:58:46 Job terminated.
	(1) Normal termination (return value 0)
		Usr 0 00:03:31, Sys 0 00:00:16  -  Run Remote Usage
		Usr 0 00:00:00, Sys 0 00:00:00  -  Run Local Usage
		Usr 0 00:03:31, Sys 0 00:00:16  -  Total Remote Usage
		Usr 0 00:00:00, Sys 0 00:00:00  -  Total Local Usage
	39414916  -  Run Bytes Sent By Job
	182135  -  Run Bytes Received By Job
	39414916  -  Total Bytes Sent By Job
	182135  -  Total Bytes Received By Job
	Partitionable Resources :    Usage  Request Allocated 
	   Cpus                 :     0.91        1         1 
	   Disk (KB)            : 38741         200    128928 
	   Memory (MB)          :   183        3900      3968 

	Job terminated of its own accord at 2024-01-18T12:58:44Z.
...
000 (390897.022.000) 2024-01-18 22:03:48 Job submitted from host: <172.30.1.200:9618?addrs=172.30.1.200-9618&alias=tamsa2.snu.ac.kr&noUDP&sock=schedd_3625_06e6>
...
040 (390897.022.000) 2024-01-18 22:05:49 Started transferring input files
	Transferring to host: <172.30.1.208:9618?addrs=172.30.1.208-9618&alias=node8&noUDP&sock=slot1_29_3811_f1b4_190825>
...
001 (390897.022.000) 2024-01-18 22:05:49 Job executing on host: <172.30.1.208:9618?addrs=172.30.1.208-9618&alias=node8&noUDP&sock=startd_3777_494c>
...
040 (390897.022.000) 2024-01-18 22:05:49 Finished transferring input files
...
006 (390897.022.000) 2024-01-18 22:05:57 Image size of job updated: 185720
	182  -  MemoryUsage of job (MB)
	185720  -  ResidentSetSize of job (KB)
...
006 (390897.022.000) 2024-01-18 22:09:31 Image size of job updated: 866396
	182  -  MemoryUsage of job (MB)
	185720  -  ResidentSetSize of job (KB)
...
040 (390897.022.000) 2024-01-18 22:09:31 Started transferring output files
...
040 (390897.022.000) 2024-01-18 22:09:32 Finished transferring output files
...
005 (390897.022.000) 2024-01-18 22:09:32 Job terminated.
	(1) Normal termination (return value 0)
		Usr 0 00:03:08, Sys 0 00:00:12  -  Run Remote Usage
		Usr 0 00:00:00, Sys 0 00:00:00  -  Run Local Usage
		Usr 0 00:03:08, Sys 0 00:00:12  -  Total Remote Usage
		Usr 0 00:00:00, Sys 0 00:00:00  -  Total Local Usage
	39257816  -  Run Bytes Sent By Job
	182135  -  Run Bytes Received By Job
	39257816  -  Total Bytes Sent By Job
	182135  -  Total Bytes Received By Job
	Partitionable Resources :    Usage  Request Allocated 
	   Cpus                 :                 1         1 
	   Disk (KB)            :    38582      200    128928 
	   Memory (MB)          :      182     3900      3968 

	Job terminated of its own accord at 2024-01-18T13:09:31Z.
...
000 (390986.022.000) 2024-01-18 22:24:33 Job submitted from host: <172.30.1.200:9618?addrs=172.30.1.200-9618&alias=tamsa2.snu.ac.kr&noUDP&sock=schedd_3625_06e6>
...
040 (390986.022.000) 2024-01-18 22:26:35 Started transferring input files
	Transferring to host: <172.30.1.207:9618?addrs=172.30.1.207-9618&alias=node7&noUDP&sock=slot1_12_39434_91fd_224889>
...
001 (390986.022.000) 2024-01-18 22:26:35 Job executing on host: <172.30.1.207:9618?addrs=172.30.1.207-9618&alias=node7&noUDP&sock=startd_3748_650d>
...
040 (390986.022.000) 2024-01-18 22:26:35 Finished transferring input files
...
006 (390986.022.000) 2024-01-18 22:26:44 Image size of job updated: 174668
	171  -  MemoryUsage of job (MB)
	174668  -  ResidentSetSize of job (KB)
...
006 (390986.022.000) 2024-01-18 22:31:09 Image size of job updated: 866276
	171  -  MemoryUsage of job (MB)
	174668  -  ResidentSetSize of job (KB)
...
040 (390986.022.000) 2024-01-18 22:31:09 Started transferring output files
...
040 (390986.022.000) 2024-01-18 22:31:10 Finished transferring output files
...
005 (390986.022.000) 2024-01-18 22:31:10 Job terminated.
	(1) Normal termination (return value 0)
		Usr 0 00:03:10, Sys 0 00:00:12  -  Run Remote Usage
		Usr 0 00:00:00, Sys 0 00:00:00  -  Run Local Usage
		Usr 0 00:03:10, Sys 0 00:00:12  -  Total Remote Usage
		Usr 0 00:00:00, Sys 0 00:00:00  -  Total Local Usage
	35227032  -  Run Bytes Sent By Job
	182182  -  Run Bytes Received By Job
	35227032  -  Total Bytes Sent By Job
	182182  -  Total Bytes Received By Job
	Partitionable Resources :    Usage  Request Allocated 
	   Cpus                 :     0.99        1         1 
	   Disk (KB)            : 34651         200    121695 
	   Memory (MB)          :   171        3900      3968 

	Job terminated of its own accord at 2024-01-18T13:31:09Z.
...
000 (391043.022.000) 2024-01-18 23:16:23 Job submitted from host: <172.30.1.200:9618?addrs=172.30.1.200-9618&alias=tamsa2.snu.ac.kr&noUDP&sock=schedd_3625_06e6>
...
040 (391043.022.000) 2024-01-18 23:16:29 Started transferring input files
	Transferring to host: <172.30.1.204:9618?addrs=172.30.1.204-9618&alias=node4&noUDP&sock=slot1_10_3725_5971_202936>
...
040 (391043.022.000) 2024-01-18 23:16:29 Finished transferring input files
...
001 (391043.022.000) 2024-01-18 23:16:29 Job executing on host: <172.30.1.204:9618?addrs=172.30.1.204-9618&alias=node4&noUDP&sock=startd_3691_4c27>
...
006 (391043.022.000) 2024-01-18 23:16:38 Image size of job updated: 139344
	79  -  MemoryUsage of job (MB)
	80408  -  ResidentSetSize of job (KB)
...
006 (391043.022.000) 2024-01-18 23:18:12 Image size of job updated: 846512
	79  -  MemoryUsage of job (MB)
	80472  -  ResidentSetSize of job (KB)
...
040 (391043.022.000) 2024-01-18 23:18:12 Started transferring output files
...
040 (391043.022.000) 2024-01-18 23:18:22 Finished transferring output files
...
005 (391043.022.000) 2024-01-18 23:18:23 Job terminated.
	(1) Normal termination (return value 0)
		Usr 0 00:01:04, Sys 0 00:00:07  -  Run Remote Usage
		Usr 0 00:00:00, Sys 0 00:00:00  -  Run Local Usage
		Usr 0 00:01:04, Sys 0 00:00:07  -  Total Remote Usage
		Usr 0 00:00:00, Sys 0 00:00:00  -  Total Local Usage
	7464007  -  Run Bytes Sent By Job
	182524  -  Run Bytes Received By Job
	7464007  -  Total Bytes Sent By Job
	182524  -  Total Bytes Received By Job
	Partitionable Resources :    Usage  Request Allocated 
	   Cpus                 :     0.05        1         1 
	   Disk (KB)            :  7540         200    128928 
	   Memory (MB)          :    79        3900      3968 

	Job terminated of its own accord at 2024-01-18T14:18:12Z.
...
000 (391059.022.000) 2024-01-19 10:38:28 Job submitted from host: <172.30.1.200:9618?addrs=172.30.1.200-9618&alias=tamsa2.snu.ac.kr&noUDP&sock=schedd_3625_06e6>
...
040 (391059.022.000) 2024-01-19 10:38:32 Started transferring input files
	Transferring to host: <172.30.1.213:9618?addrs=172.30.1.213-9618&alias=node13&noUDP&sock=slot1_80_4363_e0ca_274869>
...
001 (391059.022.000) 2024-01-19 10:38:32 Job executing on host: <172.30.1.213:9618?addrs=172.30.1.213-9618&alias=node13&noUDP&sock=startd_4329_e993>
...
040 (391059.022.000) 2024-01-19 10:38:32 Finished transferring input files
...
006 (391059.022.000) 2024-01-19 10:38:41 Image size of job updated: 567352
	78  -  MemoryUsage of job (MB)
	78964  -  ResidentSetSize of job (KB)
...
006 (391059.022.000) 2024-01-19 10:43:25 Image size of job updated: 869916
	78  -  MemoryUsage of job (MB)
	79048  -  ResidentSetSize of job (KB)
...
040 (391059.022.000) 2024-01-19 10:43:25 Started transferring output files
...
040 (391059.022.000) 2024-01-19 10:43:27 Finished transferring output files
...
005 (391059.022.000) 2024-01-19 10:43:27 Job terminated.
	(1) Normal termination (return value 0)
		Usr 0 00:03:21, Sys 0 00:00:14  -  Run Remote Usage
		Usr 0 00:00:00, Sys 0 00:00:00  -  Run Local Usage
		Usr 0 00:03:21, Sys 0 00:00:14  -  Total Remote Usage
		Usr 0 00:00:00, Sys 0 00:00:00  -  Total Local Usage
	33710560  -  Run Bytes Sent By Job
	182504  -  Run Bytes Received By Job
	33710560  -  Total Bytes Sent By Job
	182504  -  Total Bytes Received By Job
	Partitionable Resources :    Usage  Request Allocated 
	   Cpus                 :     0.59        1         1 
	   Disk (KB)            : 33171         200    261111 
	   Memory (MB)          :    78        3900      3968 

	Job terminated of its own accord at 2024-01-19T01:43:25Z.
...
000 (391060.022.000) 2024-01-19 10:57:46 Job submitted from host: <172.30.1.200:9618?addrs=172.30.1.200-9618&alias=tamsa2.snu.ac.kr&noUDP&sock=schedd_3625_06e6>
...
040 (391060.022.000) 2024-01-19 10:57:51 Started transferring input files
	Transferring to host: <172.30.1.214:9618?addrs=172.30.1.214-9618&alias=node14&noUDP&sock=slot1_78_4480_50af_235022>
...
001 (391060.022.000) 2024-01-19 10:57:51 Job executing on host: <172.30.1.214:9618?addrs=172.30.1.214-9618&alias=node14&noUDP&sock=startd_4446_2a28>
...
040 (391060.022.000) 2024-01-19 10:57:51 Finished transferring input files
...
006 (391060.022.000) 2024-01-19 10:58:00 Image size of job updated: 187036
	169  -  MemoryUsage of job (MB)
	172172  -  ResidentSetSize of job (KB)
...
006 (391060.022.000) 2024-01-19 11:02:52 Image size of job updated: 866176
	169  -  MemoryUsage of job (MB)
	172172  -  ResidentSetSize of job (KB)
...
040 (391060.022.000) 2024-01-19 11:02:52 Started transferring output files
...
040 (391060.022.000) 2024-01-19 11:02:53 Finished transferring output files
...
005 (391060.022.000) 2024-01-19 11:02:53 Job terminated.
	(1) Normal termination (return value 0)
		Usr 0 00:03:32, Sys 0 00:00:17  -  Run Remote Usage
		Usr 0 00:00:00, Sys 0 00:00:00  -  Run Local Usage
		Usr 0 00:03:32, Sys 0 00:00:17  -  Total Remote Usage
		Usr 0 00:00:00, Sys 0 00:00:00  -  Total Local Usage
	37099736  -  Run Bytes Sent By Job
	182520  -  Run Bytes Received By Job
	37099736  -  Total Bytes Sent By Job
	182520  -  Total Bytes Received By Job
	Partitionable Resources :    Usage  Request Allocated 
	   Cpus                 :     0.93        1         1 
	   Disk (KB)            : 36481         200    261111 
	   Memory (MB)          :   169        3900      3968 

	Job terminated of its own accord at 2024-01-19T02:02:52Z.
...
000 (391113.022.000) 2024-01-19 11:50:58 Job submitted from host: <172.30.1.200:9618?addrs=172.30.1.200-9618&alias=tamsa2.snu.ac.kr&noUDP&sock=schedd_3625_06e6>
...
040 (391113.022.000) 2024-01-19 11:51:01 Started transferring input files
	Transferring to host: <172.30.1.211:9618?addrs=172.30.1.211-9618&alias=node11&noUDP&sock=slot1_47_3735_6531_177565>
...
001 (391113.022.000) 2024-01-19 11:51:01 Job executing on host: <172.30.1.211:9618?addrs=172.30.1.211-9618&alias=node11&noUDP&sock=startd_3699_c8e9>
...
040 (391113.022.000) 2024-01-19 11:51:01 Finished transferring input files
...
006 (391113.022.000) 2024-01-19 11:51:10 Image size of job updated: 230108
	74  -  MemoryUsage of job (MB)
	75032  -  ResidentSetSize of job (KB)
...
006 (391113.022.000) 2024-01-19 11:53:10 Image size of job updated: 846172
	74  -  MemoryUsage of job (MB)
	75240  -  ResidentSetSize of job (KB)
...
040 (391113.022.000) 2024-01-19 11:53:10 Started transferring output files
...
040 (391113.022.000) 2024-01-19 11:53:10 Finished transferring output files
...
005 (391113.022.000) 2024-01-19 11:53:10 Job terminated.
	(1) Normal termination (return value 0)
		Usr 0 00:01:11, Sys 0 00:00:08  -  Run Remote Usage
		Usr 0 00:00:00, Sys 0 00:00:00  -  Run Local Usage
		Usr 0 00:01:11, Sys 0 00:00:08  -  Total Remote Usage
		Usr 0 00:00:00, Sys 0 00:00:00  -  Total Local Usage
	7464079  -  Run Bytes Sent By Job
	183986  -  Run Bytes Received By Job
	7464079  -  Total Bytes Sent By Job
	183986  -  Total Bytes Received By Job
	Partitionable Resources :    Usage  Request Allocated 
	   Cpus                 :                 1         1 
	   Disk (KB)            :     7536      200    128928 
	   Memory (MB)          :       74     3900      3968 

	Job terminated of its own accord at 2024-01-19T02:53:10Z.
...
000 (391114.022.000) 2024-01-19 11:56:30 Job submitted from host: <172.30.1.200:9618?addrs=172.30.1.200-9618&alias=tamsa2.snu.ac.kr&noUDP&sock=schedd_3625_06e6>
...
040 (391114.022.000) 2024-01-19 11:56:33 Started transferring input files
	Transferring to host: <172.30.1.204:9618?addrs=172.30.1.204-9618&alias=node4&noUDP&sock=slot1_42_3725_5971_203294>
...
001 (391114.022.000) 2024-01-19 11:56:33 Job executing on host: <172.30.1.204:9618?addrs=172.30.1.204-9618&alias=node4&noUDP&sock=startd_3691_4c27>
...
040 (391114.022.000) 2024-01-19 11:56:33 Finished transferring input files
...
006 (391114.022.000) 2024-01-19 11:56:42 Image size of job updated: 186740
	183  -  MemoryUsage of job (MB)
	186736  -  ResidentSetSize of job (KB)
...
006 (391114.022.000) 2024-01-19 11:58:36 Image size of job updated: 843540
	183  -  MemoryUsage of job (MB)
	186736  -  ResidentSetSize of job (KB)
...
040 (391114.022.000) 2024-01-19 11:58:36 Started transferring output files
...
040 (391114.022.000) 2024-01-19 11:58:37 Finished transferring output files
...
005 (391114.022.000) 2024-01-19 11:58:37 Job terminated.
	(1) Normal termination (return value 0)
		Usr 0 00:01:10, Sys 0 00:00:07  -  Run Remote Usage
		Usr 0 00:00:00, Sys 0 00:00:00  -  Run Local Usage
		Usr 0 00:01:10, Sys 0 00:00:07  -  Total Remote Usage
		Usr 0 00:00:00, Sys 0 00:00:00  -  Total Local Usage
	7464167  -  Run Bytes Sent By Job
	183986  -  Run Bytes Received By Job
	7464167  -  Total Bytes Sent By Job
	183986  -  Total Bytes Received By Job
	Partitionable Resources :    Usage  Request Allocated 
	   Cpus                 :        0        1         1 
	   Disk (KB)            :     7542      200    128928 
	   Memory (MB)          :      183     3900      3968 

	Job terminated of its own accord at 2024-01-19T02:58:36Z.
...
000 (391115.022.000) 2024-01-19 12:05:54 Job submitted from host: <172.30.1.200:9618?addrs=172.30.1.200-9618&alias=tamsa2.snu.ac.kr&noUDP&sock=schedd_3625_06e6>
...
040 (391115.022.000) 2024-01-19 12:05:57 Started transferring input files
	Transferring to host: <172.30.1.204:9618?addrs=172.30.1.204-9618&alias=node4&noUDP&sock=slot1_43_3725_5971_203303>
...
001 (391115.022.000) 2024-01-19 12:05:57 Job executing on host: <172.30.1.204:9618?addrs=172.30.1.204-9618&alias=node4&noUDP&sock=startd_3691_4c27>
...
040 (391115.022.000) 2024-01-19 12:05:57 Finished transferring input files
...
006 (391115.022.000) 2024-01-19 12:06:06 Image size of job updated: 809108
	183  -  MemoryUsage of job (MB)
	186744  -  ResidentSetSize of job (KB)
...
006 (391115.022.000) 2024-01-19 12:07:55 Image size of job updated: 835144
	183  -  MemoryUsage of job (MB)
	186744  -  ResidentSetSize of job (KB)
...
040 (391115.022.000) 2024-01-19 12:07:56 Started transferring output files
...
040 (391115.022.000) 2024-01-19 12:07:56 Finished transferring output files
...
005 (391115.022.000) 2024-01-19 12:07:56 Job terminated.
	(1) Normal termination (return value 0)
		Usr 0 00:01:11, Sys 0 00:00:07  -  Run Remote Usage
		Usr 0 00:00:00, Sys 0 00:00:00  -  Run Local Usage
		Usr 0 00:01:11, Sys 0 00:00:07  -  Total Remote Usage
		Usr 0 00:00:00, Sys 0 00:00:00  -  Total Local Usage
	7464183  -  Run Bytes Sent By Job
	184022  -  Run Bytes Received By Job
	7464183  -  Total Bytes Sent By Job
	184022  -  Total Bytes Received By Job
	Partitionable Resources :    Usage  Request Allocated 
	   Cpus                 :     0.49        1         1 
	   Disk (KB)            :  7542         200    128928 
	   Memory (MB)          :   183        3900      3968 

	Job terminated of its own accord at 2024-01-19T03:07:55Z.
...
000 (391116.022.000) 2024-01-19 12:09:38 Job submitted from host: <172.30.1.200:9618?addrs=172.30.1.200-9618&alias=tamsa2.snu.ac.kr&noUDP&sock=schedd_3625_06e6>
...
040 (391116.022.000) 2024-01-19 12:09:40 Started transferring input files
	Transferring to host: <172.30.1.204:9618?addrs=172.30.1.204-9618&alias=node4&noUDP&sock=slot1_43_3725_5971_203311>
...
001 (391116.022.000) 2024-01-19 12:09:40 Job executing on host: <172.30.1.204:9618?addrs=172.30.1.204-9618&alias=node4&noUDP&sock=startd_3691_4c27>
...
040 (391116.022.000) 2024-01-19 12:09:40 Finished transferring input files
...
006 (391116.022.000) 2024-01-19 12:09:49 Image size of job updated: 185396
	182  -  MemoryUsage of job (MB)
	185396  -  ResidentSetSize of job (KB)
...
006 (391116.022.000) 2024-01-19 12:11:48 Image size of job updated: 846156
	182  -  MemoryUsage of job (MB)
	185396  -  ResidentSetSize of job (KB)
...
040 (391116.022.000) 2024-01-19 12:11:48 Started transferring output files
...
040 (391116.022.000) 2024-01-19 12:11:48 Finished transferring output files
...
005 (391116.022.000) 2024-01-19 12:11:48 Job terminated.
	(1) Normal termination (return value 0)
		Usr 0 00:01:12, Sys 0 00:00:07  -  Run Remote Usage
		Usr 0 00:00:00, Sys 0 00:00:00  -  Run Local Usage
		Usr 0 00:01:12, Sys 0 00:00:07  -  Total Remote Usage
		Usr 0 00:00:00, Sys 0 00:00:00  -  Total Local Usage
	7464207  -  Run Bytes Sent By Job
	184022  -  Run Bytes Received By Job
	7464207  -  Total Bytes Sent By Job
	184022  -  Total Bytes Received By Job
	Partitionable Resources :    Usage  Request Allocated 
	   Cpus                 :     0.56        1         1 
	   Disk (KB)            :  7542         200    128928 
	   Memory (MB)          :   182        3900      3968 

	Job terminated of its own accord at 2024-01-19T03:11:48Z.
...
000 (391117.022.000) 2024-01-19 12:15:27 Job submitted from host: <172.30.1.200:9618?addrs=172.30.1.200-9618&alias=tamsa2.snu.ac.kr&noUDP&sock=schedd_3625_06e6>
...
040 (391117.022.000) 2024-01-19 12:15:33 Started transferring input files
	Transferring to host: <172.30.1.204:9618?addrs=172.30.1.204-9618&alias=node4&noUDP&sock=slot1_44_3725_5971_203320>
...
001 (391117.022.000) 2024-01-19 12:15:33 Job executing on host: <172.30.1.204:9618?addrs=172.30.1.204-9618&alias=node4&noUDP&sock=startd_3691_4c27>
...
040 (391117.022.000) 2024-01-19 12:15:33 Finished transferring input files
...
006 (391117.022.000) 2024-01-19 12:15:42 Image size of job updated: 832928
	183  -  MemoryUsage of job (MB)
	186736  -  ResidentSetSize of job (KB)
...
006 (391117.022.000) 2024-01-19 12:20:13 Image size of job updated: 868300
	183  -  MemoryUsage of job (MB)
	186736  -  ResidentSetSize of job (KB)
...
040 (391117.022.000) 2024-01-19 12:20:13 Started transferring output files
...
040 (391117.022.000) 2024-01-19 12:20:17 Finished transferring output files
...
005 (391117.022.000) 2024-01-19 12:20:17 Job terminated.
	(1) Normal termination (return value 0)
		Usr 0 00:03:29, Sys 0 00:00:13  -  Run Remote Usage
		Usr 0 00:00:00, Sys 0 00:00:00  -  Run Local Usage
		Usr 0 00:03:29, Sys 0 00:00:13  -  Total Remote Usage
		Usr 0 00:00:00, Sys 0 00:00:00  -  Total Local Usage
	33871824  -  Run Bytes Sent By Job
	184028  -  Run Bytes Received By Job
	33871824  -  Total Bytes Sent By Job
	184028  -  Total Bytes Received By Job
	Partitionable Resources :    Usage  Request Allocated 
	   Cpus                 :     0.75        1         1 
	   Disk (KB)            : 33331         200    128928 
	   Memory (MB)          :   183        3900      3968 

	Job terminated of its own accord at 2024-01-19T03:20:13Z.
...
000 (391118.022.000) 2024-01-19 12:41:45 Job submitted from host: <172.30.1.200:9618?addrs=172.30.1.200-9618&alias=tamsa2.snu.ac.kr&noUDP&sock=schedd_3625_06e6>
...
040 (391118.022.000) 2024-01-19 12:41:52 Started transferring input files
	Transferring to host: <172.30.1.204:9618?addrs=172.30.1.204-9618&alias=node4&noUDP&sock=slot1_48_3725_5971_203340>
...
001 (391118.022.000) 2024-01-19 12:41:52 Job executing on host: <172.30.1.204:9618?addrs=172.30.1.204-9618&alias=node4&noUDP&sock=startd_3691_4c27>
...
040 (391118.022.000) 2024-01-19 12:41:52 Finished transferring input files
...
006 (391118.022.000) 2024-01-19 12:42:00 Image size of job updated: 175156
	172  -  MemoryUsage of job (MB)
	175156  -  ResidentSetSize of job (KB)
...
006 (391118.022.000) 2024-01-19 12:43:55 Image size of job updated: 843512
	172  -  MemoryUsage of job (MB)
	175156  -  ResidentSetSize of job (KB)
...
040 (391118.022.000) 2024-01-19 12:43:55 Started transferring output files
...
040 (391118.022.000) 2024-01-19 12:43:55 Finished transferring output files
...
005 (391118.022.000) 2024-01-19 12:43:55 Job terminated.
	(1) Normal termination (return value 0)
		Usr 0 00:01:10, Sys 0 00:00:07  -  Run Remote Usage
		Usr 0 00:00:00, Sys 0 00:00:00  -  Run Local Usage
		Usr 0 00:01:10, Sys 0 00:00:07  -  Total Remote Usage
		Usr 0 00:00:00, Sys 0 00:00:00  -  Total Local Usage
	7464143  -  Run Bytes Sent By Job
	183796  -  Run Bytes Received By Job
	7464143  -  Total Bytes Sent By Job
	183796  -  Total Bytes Received By Job
	Partitionable Resources :    Usage  Request Allocated 
	   Cpus                 :                 1         1 
	   Disk (KB)            :     7536      200    128928 
	   Memory (MB)          :      172     3900      3968 

	Job terminated of its own accord at 2024-01-19T03:43:55Z.
...
000 (391119.022.000) 2024-01-19 12:47:04 Job submitted from host: <172.30.1.200:9618?addrs=172.30.1.200-9618&alias=tamsa2.snu.ac.kr&noUDP&sock=schedd_3625_06e6>
...
040 (391119.022.000) 2024-01-19 12:47:13 Started transferring input files
	Transferring to host: <172.30.1.208:9618?addrs=172.30.1.208-9618&alias=node8&noUDP&sock=slot1_44_3811_f1b4_191224>
...
040 (391119.022.000) 2024-01-19 12:47:13 Finished transferring input files
...
001 (391119.022.000) 2024-01-19 12:47:14 Job executing on host: <172.30.1.208:9618?addrs=172.30.1.208-9618&alias=node8&noUDP&sock=startd_3777_494c>
...
006 (391119.022.000) 2024-01-19 12:47:22 Image size of job updated: 184568
	181  -  MemoryUsage of job (MB)
	184568  -  ResidentSetSize of job (KB)
...
006 (391119.022.000) 2024-01-19 12:51:42 Image size of job updated: 869896
	181  -  MemoryUsage of job (MB)
	184568  -  ResidentSetSize of job (KB)
...
040 (391119.022.000) 2024-01-19 12:51:42 Started transferring output files
...
040 (391119.022.000) 2024-01-19 12:51:43 Finished transferring output files
...
005 (391119.022.000) 2024-01-19 12:51:43 Job terminated.
	(1) Normal termination (return value 0)
		Usr 0 00:03:26, Sys 0 00:00:13  -  Run Remote Usage
		Usr 0 00:00:00, Sys 0 00:00:00  -  Run Local Usage
		Usr 0 00:03:26, Sys 0 00:00:13  -  Total Remote Usage
		Usr 0 00:00:00, Sys 0 00:00:00  -  Total Local Usage
	33320904  -  Run Bytes Sent By Job
	183796  -  Run Bytes Received By Job
	33320904  -  Total Bytes Sent By Job
	183796  -  Total Bytes Received By Job
	Partitionable Resources :    Usage  Request Allocated 
	   Cpus                 :     0.69        1         1 
	   Disk (KB)            : 32792         200    128928 
	   Memory (MB)          :   181        3900      3968 

	Job terminated of its own accord at 2024-01-19T03:51:42Z.
...
000 (391120.022.000) 2024-01-19 13:02:28 Job submitted from host: <172.30.1.200:9618?addrs=172.30.1.200-9618&alias=tamsa2.snu.ac.kr&noUDP&sock=schedd_3625_06e6>
...
040 (391120.022.000) 2024-01-19 13:02:39 Started transferring input files
	Transferring to host: <172.30.1.208:9618?addrs=172.30.1.208-9618&alias=node8&noUDP&sock=slot1_47_3811_f1b4_191236>
...
001 (391120.022.000) 2024-01-19 13:02:39 Job executing on host: <172.30.1.208:9618?addrs=172.30.1.208-9618&alias=node8&noUDP&sock=startd_3777_494c>
...
040 (391120.022.000) 2024-01-19 13:02:39 Finished transferring input files
...
006 (391120.022.000) 2024-01-19 13:02:48 Image size of job updated: 185392
	182  -  MemoryUsage of job (MB)
	185392  -  ResidentSetSize of job (KB)
...
006 (391120.022.000) 2024-01-19 13:07:08 Image size of job updated: 869896
	182  -  MemoryUsage of job (MB)
	185392  -  ResidentSetSize of job (KB)
...
040 (391120.022.000) 2024-01-19 13:07:09 Started transferring output files
...
040 (391120.022.000) 2024-01-19 13:07:19 Finished transferring output files
...
005 (391120.022.000) 2024-01-19 13:07:20 Job terminated.
	(1) Normal termination (return value 0)
		Usr 0 00:03:25, Sys 0 00:00:12  -  Run Remote Usage
		Usr 0 00:00:00, Sys 0 00:00:00  -  Run Local Usage
		Usr 0 00:03:25, Sys 0 00:00:12  -  Total Remote Usage
		Usr 0 00:00:00, Sys 0 00:00:00  -  Total Local Usage
	33280676  -  Run Bytes Sent By Job
	183796  -  Run Bytes Received By Job
	33280676  -  Total Bytes Sent By Job
	183796  -  Total Bytes Received By Job
	Partitionable Resources :    Usage  Request Allocated 
	   Cpus                 :     0.62        1         1 
	   Disk (KB)            : 32753         200    128928 
	   Memory (MB)          :   182        3900      3968 

	Job terminated of its own accord at 2024-01-19T04:07:08Z.
...
000 (391131.022.000) 2024-01-19 14:22:45 Job submitted from host: <172.30.1.200:9618?addrs=172.30.1.200-9618&alias=tamsa2.snu.ac.kr&noUDP&sock=schedd_3625_06e6>
...
040 (391131.022.000) 2024-01-19 14:22:51 Started transferring input files
	Transferring to host: <172.30.1.203:9618?addrs=172.30.1.203-9618&alias=node3&noUDP&sock=slot1_45_24221_a2b2_51972>
...
001 (391131.022.000) 2024-01-19 14:22:51 Job executing on host: <172.30.1.203:9618?addrs=172.30.1.203-9618&alias=node3&noUDP&sock=startd_24188_88db>
...
040 (391131.022.000) 2024-01-19 14:22:51 Finished transferring input files
...
006 (391131.022.000) 2024-01-19 14:23:00 Image size of job updated: 139344
	78  -  MemoryUsage of job (MB)
	79716  -  ResidentSetSize of job (KB)
...
006 (391131.022.000) 2024-01-19 14:28:01 Image size of job updated: 976240
	317  -  MemoryUsage of job (MB)
	324340  -  ResidentSetSize of job (KB)
...
004 (391131.022.000) 2024-01-19 14:28:10 Job was evicted.
	(0) CPU times
		Usr 0 00:04:44, Sys 0 00:00:20  -  Run Remote Usage
		Usr 0 00:00:00, Sys 0 00:00:00  -  Run Local Usage
	0  -  Run Bytes Sent By Job
	183798  -  Run Bytes Received By Job
	Partitionable Resources :    Usage  Request Allocated 
	   Cpus                 :     0.99        1         1 
	   Disk (KB)            :  1286         200    128924 
	   Memory (MB)          :   317        3900      3968 
...
009 (391131.022.000) 2024-01-19 14:28:10 Job was aborted.
	via condor_rm (by user shin)
...
000 (391132.022.000) 2024-01-19 14:30:22 Job submitted from host: <172.30.1.200:9618?addrs=172.30.1.200-9618&alias=tamsa2.snu.ac.kr&noUDP&sock=schedd_3625_06e6>
...
040 (391132.022.000) 2024-01-19 14:30:25 Started transferring input files
	Transferring to host: <172.30.1.203:9618?addrs=172.30.1.203-9618&alias=node3&noUDP&sock=slot1_45_24221_a2b2_51977>
...
040 (391132.022.000) 2024-01-19 14:30:25 Finished transferring input files
...
001 (391132.022.000) 2024-01-19 14:30:25 Job executing on host: <172.30.1.203:9618?addrs=172.30.1.203-9618&alias=node3&noUDP&sock=startd_24188_88db>
...
006 (391132.022.000) 2024-01-19 14:30:34 Image size of job updated: 236128
	183  -  MemoryUsage of job (MB)
	186724  -  ResidentSetSize of job (KB)
...
006 (391132.022.000) 2024-01-19 14:35:35 Image size of job updated: 872720
	211  -  MemoryUsage of job (MB)
	215664  -  ResidentSetSize of job (KB)
...
000 (391137.022.000) 2024-01-19 14:35:50 Job submitted from host: <172.30.1.200:9618?addrs=172.30.1.200-9618&alias=tamsa2.snu.ac.kr&noUDP&sock=schedd_3625_06e6>
...
040 (391137.022.000) 2024-01-19 14:35:54 Started transferring input files
	Transferring to host: <172.30.1.109:9618?addrs=172.30.1.109-9618&alias=n9&noUDP&sock=slot1_23_4134_86e1_92612>
...
001 (391137.022.000) 2024-01-19 14:35:54 Job executing on host: <172.30.1.109:9618?addrs=172.30.1.109-9618&alias=n9&noUDP&sock=startd_4100_d663>
...
040 (391137.022.000) 2024-01-19 14:35:54 Finished transferring input files
...
004 (391132.022.000) 2024-01-19 14:36:00 Job was evicted.
	(0) CPU times
		Usr 0 00:04:42, Sys 0 00:00:19  -  Run Remote Usage
		Usr 0 00:00:00, Sys 0 00:00:00  -  Run Local Usage
	0  -  Run Bytes Sent By Job
	183608  -  Run Bytes Received By Job
	Partitionable Resources :    Usage  Request Allocated 
	   Cpus                 :     0.70        1         1 
	   Disk (KB)            : 12696         200    128924 
	   Memory (MB)          :   211        3900      3968 
...
009 (391132.022.000) 2024-01-19 14:36:01 Job was aborted.
	via condor_rm (by user shin)
...
006 (391137.022.000) 2024-01-19 14:36:01 Image size of job updated: 230108
	0  -  MemoryUsage of job (MB)
	0  -  ResidentSetSize of job (KB)
...
004 (391137.022.000) 2024-01-19 14:36:01 Job was evicted.
	(0) CPU times
		Usr 0 00:00:00, Sys 0 00:00:00  -  Run Remote Usage
		Usr 0 00:00:00, Sys 0 00:00:00  -  Run Local Usage
	0  -  Run Bytes Sent By Job
	183614  -  Run Bytes Received By Job
	Partitionable Resources :    Usage  Request Allocated 
	   Cpus                 :     0.02        1         1 
	   Disk (KB)            :   235         200    127849 
	   Memory (MB)          :     0        3900      3968 
...
009 (391137.022.000) 2024-01-19 14:36:01 Job was aborted.
	via condor_rm (by user shin)
...
000 (391138.022.000) 2024-01-19 14:36:02 Job submitted from host: <172.30.1.200:9618?addrs=172.30.1.200-9618&alias=tamsa2.snu.ac.kr&noUDP&sock=schedd_3625_06e6>
...
040 (391138.022.000) 2024-01-19 14:36:14 Started transferring input files
	Transferring to host: <172.30.1.203:9618?addrs=172.30.1.203-9618&alias=node3&noUDP&sock=slot1_44_24221_a2b2_51981>
...
001 (391138.022.000) 2024-01-19 14:36:14 Job executing on host: <172.30.1.203:9618?addrs=172.30.1.203-9618&alias=node3&noUDP&sock=startd_24188_88db>
...
040 (391138.022.000) 2024-01-19 14:36:14 Finished transferring input files
...
006 (391138.022.000) 2024-01-19 14:36:22 Image size of job updated: 184580
	181  -  MemoryUsage of job (MB)
	184580  -  ResidentSetSize of job (KB)
...
006 (391138.022.000) 2024-01-19 14:41:22 Image size of job updated: 875048
	210  -  MemoryUsage of job (MB)
	214140  -  ResidentSetSize of job (KB)
...
040 (391138.022.000) 2024-01-19 14:43:25 Started transferring output files
...
040 (391138.022.000) 2024-01-19 14:43:27 Finished transferring output files
...
005 (391138.022.000) 2024-01-19 14:43:27 Job terminated.
	(1) Normal termination (return value 0)
		Usr 0 00:06:03, Sys 0 00:00:24  -  Run Remote Usage
		Usr 0 00:00:00, Sys 0 00:00:00  -  Run Local Usage
		Usr 0 00:06:03, Sys 0 00:00:24  -  Total Remote Usage
		Usr 0 00:00:00, Sys 0 00:00:00  -  Total Local Usage
	33066086  -  Run Bytes Sent By Job
	183614  -  Run Bytes Received By Job
	33066086  -  Total Bytes Sent By Job
	183614  -  Total Bytes Received By Job
	Partitionable Resources :    Usage  Request Allocated 
	   Cpus                 :     0.56        1         1 
	   Disk (KB)            : 32543         200    128924 
	   Memory (MB)          :   210        3900      3968 

	Job terminated of its own accord at 2024-01-19T05:43:25Z.
...
000 (391139.022.000) 2024-01-19 14:48:49 Job submitted from host: <172.30.1.200:9618?addrs=172.30.1.200-9618&alias=tamsa2.snu.ac.kr&noUDP&sock=schedd_3625_06e6>
...
040 (391139.022.000) 2024-01-19 14:48:52 Started transferring input files
	Transferring to host: <172.30.1.203:9618?addrs=172.30.1.203-9618&alias=node3&noUDP&sock=slot1_44_24221_a2b2_51986>
...
001 (391139.022.000) 2024-01-19 14:48:52 Job executing on host: <172.30.1.203:9618?addrs=172.30.1.203-9618&alias=node3&noUDP&sock=startd_24188_88db>
...
040 (391139.022.000) 2024-01-19 14:48:52 Finished transferring input files
...
006 (391139.022.000) 2024-01-19 14:49:01 Image size of job updated: 204916
	171  -  MemoryUsage of job (MB)
	174640  -  ResidentSetSize of job (KB)
...
006 (391139.022.000) 2024-01-19 14:52:18 Image size of job updated: 875116
	171  -  MemoryUsage of job (MB)
	174640  -  ResidentSetSize of job (KB)
...
004 (391139.022.000) 2024-01-19 14:52:18 Job was evicted.
	(0) CPU times
		Usr 0 00:02:48, Sys 0 00:00:11  -  Run Remote Usage
		Usr 0 00:00:00, Sys 0 00:00:00  -  Run Local Usage
	0  -  Run Bytes Sent By Job
	183618  -  Run Bytes Received By Job
	Partitionable Resources :    Usage  Request Allocated 
	   Cpus                 :     0.94        1         1 
	   Disk (KB)            :  7525         200    128924 
	   Memory (MB)          :   171        3900      3968 
...
009 (391139.022.000) 2024-01-19 14:52:18 Job was aborted.
	via condor_rm (by user shin)
...
000 (391140.022.000) 2024-01-19 14:52:19 Job submitted from host: <172.30.1.200:9618?addrs=172.30.1.200-9618&alias=tamsa2.snu.ac.kr&noUDP&sock=schedd_3625_06e6>
...
040 (391140.022.000) 2024-01-19 14:52:21 Started transferring input files
	Transferring to host: <172.30.1.203:9618?addrs=172.30.1.203-9618&alias=node3&noUDP&sock=slot1_44_24221_a2b2_51991>
...
001 (391140.022.000) 2024-01-19 14:52:22 Job executing on host: <172.30.1.203:9618?addrs=172.30.1.203-9618&alias=node3&noUDP&sock=startd_24188_88db>
...
040 (391140.022.000) 2024-01-19 14:52:22 Finished transferring input files
...
006 (391140.022.000) 2024-01-19 14:52:30 Image size of job updated: 561920
	183  -  MemoryUsage of job (MB)
	186736  -  ResidentSetSize of job (KB)
...
006 (391140.022.000) 2024-01-19 14:57:30 Image size of job updated: 875424
	211  -  MemoryUsage of job (MB)
	215604  -  ResidentSetSize of job (KB)
...
040 (391140.022.000) 2024-01-19 14:59:34 Started transferring output files
...
040 (391140.022.000) 2024-01-19 14:59:35 Finished transferring output files
...
005 (391140.022.000) 2024-01-19 14:59:35 Job terminated.
	(1) Normal termination (return value 0)
		Usr 0 00:06:03, Sys 0 00:00:24  -  Run Remote Usage
		Usr 0 00:00:00, Sys 0 00:00:00  -  Run Local Usage
		Usr 0 00:06:03, Sys 0 00:00:24  -  Total Remote Usage
		Usr 0 00:00:00, Sys 0 00:00:00  -  Total Local Usage
	33001750  -  Run Bytes Sent By Job
	183636  -  Run Bytes Received By Job
	33001750  -  Total Bytes Sent By Job
	183636  -  Total Bytes Received By Job
	Partitionable Resources :    Usage  Request Allocated 
	   Cpus                 :     0.94        1         1 
	   Disk (KB)            : 32481         200    128924 
	   Memory (MB)          :   211        3900      3968 

	Job terminated of its own accord at 2024-01-19T05:59:34Z.
...
000 (391145.022.000) 2024-01-19 15:59:26 Job submitted from host: <172.30.1.200:9618?addrs=172.30.1.200-9618&alias=tamsa2.snu.ac.kr&noUDP&sock=schedd_3625_06e6>
...
040 (391145.022.000) 2024-01-19 15:59:28 Started transferring input files
	Transferring to host: <172.30.1.203:9618?addrs=172.30.1.203-9618&alias=node3&noUDP&sock=slot1_44_24221_a2b2_52025>
...
040 (391145.022.000) 2024-01-19 15:59:28 Finished transferring input files
...
001 (391145.022.000) 2024-01-19 15:59:28 Job executing on host: <172.30.1.203:9618?addrs=172.30.1.203-9618&alias=node3&noUDP&sock=startd_24188_88db>
...
006 (391145.022.000) 2024-01-19 15:59:37 Image size of job updated: 185512
	161  -  MemoryUsage of job (MB)
	164212  -  ResidentSetSize of job (KB)
...
006 (391145.022.000) 2024-01-19 16:04:37 Image size of job updated: 871748
	217  -  MemoryUsage of job (MB)
	221832  -  ResidentSetSize of job (KB)
...
006 (391145.022.000) 2024-01-19 16:06:17 Image size of job updated: 873676
	217  -  MemoryUsage of job (MB)
	221832  -  ResidentSetSize of job (KB)
...
040 (391145.022.000) 2024-01-19 16:06:17 Started transferring output files
...
040 (391145.022.000) 2024-01-19 16:06:18 Finished transferring output files
...
005 (391145.022.000) 2024-01-19 16:06:18 Job terminated.
	(1) Normal termination (return value 0)
		Usr 0 00:05:41, Sys 0 00:00:19  -  Run Remote Usage
		Usr 0 00:00:00, Sys 0 00:00:00  -  Run Local Usage
		Usr 0 00:05:41, Sys 0 00:00:19  -  Total Remote Usage
		Usr 0 00:00:00, Sys 0 00:00:00  -  Total Local Usage
	31976904  -  Run Bytes Sent By Job
	184262  -  Run Bytes Received By Job
	31976904  -  Total Bytes Sent By Job
	184262  -  Total Bytes Received By Job
	Partitionable Resources :    Usage  Request Allocated 
	   Cpus                 :     0.69        1         1 
	   Disk (KB)            : 31481         200    128924 
	   Memory (MB)          :   217        3900      3968 

	Job terminated of its own accord at 2024-01-19T07:06:17Z.
...
000 (391151.022.000) 2024-01-19 16:45:38 Job submitted from host: <172.30.1.200:9618?addrs=172.30.1.200-9618&alias=tamsa2.snu.ac.kr&noUDP&sock=schedd_3625_06e6>
...
040 (391151.022.000) 2024-01-19 16:45:46 Started transferring input files
	Transferring to host: <172.30.1.203:9618?addrs=172.30.1.203-9618&alias=node3&noUDP&sock=slot1_41_24221_a2b2_52042>
...
040 (391151.022.000) 2024-01-19 16:45:46 Finished transferring input files
...
001 (391151.022.000) 2024-01-19 16:45:46 Job executing on host: <172.30.1.203:9618?addrs=172.30.1.203-9618&alias=node3&noUDP&sock=startd_24188_88db>
...
006 (391151.022.000) 2024-01-19 16:45:54 Image size of job updated: 171376
	148  -  MemoryUsage of job (MB)
	150720  -  ResidentSetSize of job (KB)
...
000 (391152.022.000) 2024-01-19 16:46:33 Job submitted from host: <172.30.1.200:9618?addrs=172.30.1.200-9618&alias=tamsa2.snu.ac.kr&noUDP&sock=schedd_3625_06e6>
...
040 (391152.022.000) 2024-01-19 16:46:36 Started transferring input files
	Transferring to host: <172.30.1.105:9618?addrs=172.30.1.105-9618&alias=n5&noUDP&sock=slot1_7_3459_eda6_34497>
...
040 (391152.022.000) 2024-01-19 16:46:36 Finished transferring input files
...
001 (391152.022.000) 2024-01-19 16:46:36 Job executing on host: <172.30.1.105:9618?addrs=172.30.1.105-9618&alias=n5&noUDP&sock=startd_3425_d7f5>
...
006 (391152.022.000) 2024-01-19 16:46:45 Image size of job updated: 1288
	0  -  MemoryUsage of job (MB)
	0  -  ResidentSetSize of job (KB)
...
004 (391152.022.000) 2024-01-19 16:46:45 Job was evicted.
	(0) CPU times
		Usr 0 00:00:00, Sys 0 00:00:00  -  Run Remote Usage
		Usr 0 00:00:00, Sys 0 00:00:00  -  Run Local Usage
	0  -  Run Bytes Sent By Job
	184253  -  Run Bytes Received By Job
	Partitionable Resources :    Usage  Request Allocated 
	   Cpus                 :     0.09        1         1 
	   Disk (KB)            :   236         200     61880 
	   Memory (MB)          :     0        3900      3968 
...
009 (391152.022.000) 2024-01-19 16:46:45 Job was aborted.
	via condor_rm (by user shin)
...
006 (391151.022.000) 2024-01-19 16:47:35 Image size of job updated: 836180
	148  -  MemoryUsage of job (MB)
	150764  -  ResidentSetSize of job (KB)
...
004 (391151.022.000) 2024-01-19 16:47:35 Job was evicted.
	(0) CPU times
		Usr 0 00:01:02, Sys 0 00:00:06  -  Run Remote Usage
		Usr 0 00:00:00, Sys 0 00:00:00  -  Run Local Usage
	0  -  Run Bytes Sent By Job
	184253  -  Run Bytes Received By Job
	Partitionable Resources :    Usage  Request Allocated 
	   Cpus                 :     0.64        1         1 
	   Disk (KB)            :  3253         200    128924 
	   Memory (MB)          :   148        3900      3968 
...
009 (391151.022.000) 2024-01-19 16:47:36 Job was aborted.
	via condor_rm (by user shin)
...
000 (391153.022.000) 2024-01-19 16:47:37 Job submitted from host: <172.30.1.200:9618?addrs=172.30.1.200-9618&alias=tamsa2.snu.ac.kr&noUDP&sock=schedd_3625_06e6>
...
040 (391153.022.000) 2024-01-19 16:47:58 Started transferring input files
	Transferring to host: <172.30.1.209:9618?addrs=172.30.1.209-9618&alias=node9&noUDP&sock=slot1_39_3782_82d3_179424>
...
001 (391153.022.000) 2024-01-19 16:47:58 Job executing on host: <172.30.1.209:9618?addrs=172.30.1.209-9618&alias=node9&noUDP&sock=startd_3748_650d>
...
040 (391153.022.000) 2024-01-19 16:47:58 Finished transferring input files
...
006 (391153.022.000) 2024-01-19 16:48:07 Image size of job updated: 835120
	183  -  MemoryUsage of job (MB)
	186728  -  ResidentSetSize of job (KB)
...
006 (391153.022.000) 2024-01-19 16:49:56 Image size of job updated: 846468
	183  -  MemoryUsage of job (MB)
	186728  -  ResidentSetSize of job (KB)
...
040 (391153.022.000) 2024-01-19 16:49:56 Started transferring output files
...
040 (391153.022.000) 2024-01-19 16:49:56 Finished transferring output files
...
005 (391153.022.000) 2024-01-19 16:49:56 Job terminated.
	(1) Normal termination (return value 0)
		Usr 0 00:01:14, Sys 0 00:00:07  -  Run Remote Usage
		Usr 0 00:00:00, Sys 0 00:00:00  -  Run Local Usage
		Usr 0 00:01:14, Sys 0 00:00:07  -  Total Remote Usage
		Usr 0 00:00:00, Sys 0 00:00:00  -  Total Local Usage
	7470423  -  Run Bytes Sent By Job
	184257  -  Run Bytes Received By Job
	7470423  -  Total Bytes Sent By Job
	184257  -  Total Bytes Received By Job
	Partitionable Resources :    Usage  Request Allocated 
	   Cpus                 :                 1         1 
	   Disk (KB)            :     7543      200    128928 
	   Memory (MB)          :      183     3900      3968 

	Job terminated of its own accord at 2024-01-19T07:49:56Z.
...
000 (391154.022.000) 2024-01-19 16:50:49 Job submitted from host: <172.30.1.200:9618?addrs=172.30.1.200-9618&alias=tamsa2.snu.ac.kr&noUDP&sock=schedd_3625_06e6>
...
040 (391154.022.000) 2024-01-19 16:50:52 Started transferring input files
	Transferring to host: <172.30.1.209:9618?addrs=172.30.1.209-9618&alias=node9&noUDP&sock=slot1_5_3782_82d3_179430>
...
001 (391154.022.000) 2024-01-19 16:50:52 Job executing on host: <172.30.1.209:9618?addrs=172.30.1.209-9618&alias=node9&noUDP&sock=startd_3748_650d>
...
040 (391154.022.000) 2024-01-19 16:50:52 Finished transferring input files
...
006 (391154.022.000) 2024-01-19 16:51:00 Image size of job updated: 560096
	183  -  MemoryUsage of job (MB)
	186720  -  ResidentSetSize of job (KB)
...
006 (391154.022.000) 2024-01-19 16:56:00 Image size of job updated: 871096
	183  -  MemoryUsage of job (MB)
	186720  -  ResidentSetSize of job (KB)
...
040 (391154.022.000) 2024-01-19 16:57:35 Started transferring output files
...
040 (391154.022.000) 2024-01-19 16:57:36 Finished transferring output files
...
005 (391154.022.000) 2024-01-19 16:57:36 Job terminated.
	(1) Normal termination (return value 0)
		Usr 0 00:05:40, Sys 0 00:00:18  -  Run Remote Usage
		Usr 0 00:00:00, Sys 0 00:00:00  -  Run Local Usage
		Usr 0 00:05:40, Sys 0 00:00:18  -  Total Remote Usage
		Usr 0 00:00:00, Sys 0 00:00:00  -  Total Local Usage
	32459338  -  Run Bytes Sent By Job
	184256  -  Run Bytes Received By Job
	32459338  -  Total Bytes Sent By Job
	184256  -  Total Bytes Received By Job
	Partitionable Resources :    Usage  Request Allocated 
	   Cpus                 :     0.98        1         1 
	   Disk (KB)            : 31952         200    128928 
	   Memory (MB)          :   183        3900      3968 

	Job terminated of its own accord at 2024-01-19T07:57:35Z.
...
000 (391155.022.000) 2024-01-19 17:22:15 Job submitted from host: <172.30.1.200:9618?addrs=172.30.1.200-9618&alias=tamsa2.snu.ac.kr&noUDP&sock=schedd_3625_06e6>
...
040 (391155.022.000) 2024-01-19 17:22:19 Started transferring input files
	Transferring to host: <172.30.1.210:9618?addrs=172.30.1.210-9618&alias=node10&noUDP&sock=slot1_44_3822_b1d4_184741>
...
001 (391155.022.000) 2024-01-19 17:22:19 Job executing on host: <172.30.1.210:9618?addrs=172.30.1.210-9618&alias=node10&noUDP&sock=startd_3788_d4d6>
...
040 (391155.022.000) 2024-01-19 17:22:19 Finished transferring input files
...
006 (391155.022.000) 2024-01-19 17:22:27 Image size of job updated: 184564
	181  -  MemoryUsage of job (MB)
	184564  -  ResidentSetSize of job (KB)
...
006 (391155.022.000) 2024-01-19 17:24:26 Image size of job updated: 846240
	181  -  MemoryUsage of job (MB)
	184568  -  ResidentSetSize of job (KB)
...
040 (391155.022.000) 2024-01-19 17:24:26 Started transferring output files
...
040 (391155.022.000) 2024-01-19 17:24:28 Finished transferring output files
...
005 (391155.022.000) 2024-01-19 17:24:28 Job terminated.
	(1) Normal termination (return value 0)
		Usr 0 00:01:13, Sys 0 00:00:07  -  Run Remote Usage
		Usr 0 00:00:00, Sys 0 00:00:00  -  Run Local Usage
		Usr 0 00:01:13, Sys 0 00:00:07  -  Total Remote Usage
		Usr 0 00:00:00, Sys 0 00:00:00  -  Total Local Usage
	7465407  -  Run Bytes Sent By Job
	186554  -  Run Bytes Received By Job
	7465407  -  Total Bytes Sent By Job
	186554  -  Total Bytes Received By Job
	Partitionable Resources :    Usage  Request Allocated 
	   Cpus                 :                 1         1 
	   Disk (KB)            :     7540      200    128928 
	   Memory (MB)          :      181     3900      3968 

	Job terminated of its own accord at 2024-01-19T08:24:26Z.
...
000 (391156.022.000) 2024-01-19 17:29:00 Job submitted from host: <172.30.1.200:9618?addrs=172.30.1.200-9618&alias=tamsa2.snu.ac.kr&noUDP&sock=schedd_3625_06e6>
...
040 (391156.022.000) 2024-01-19 17:29:04 Started transferring input files
	Transferring to host: <172.30.1.210:9618?addrs=172.30.1.210-9618&alias=node10&noUDP&sock=slot1_39_3822_b1d4_184749>
...
001 (391156.022.000) 2024-01-19 17:29:04 Job executing on host: <172.30.1.210:9618?addrs=172.30.1.210-9618&alias=node10&noUDP&sock=startd_3788_d4d6>
...
040 (391156.022.000) 2024-01-19 17:29:04 Finished transferring input files
...
006 (391156.022.000) 2024-01-19 17:29:12 Image size of job updated: 574228
	183  -  MemoryUsage of job (MB)
	186744  -  ResidentSetSize of job (KB)
...
006 (391156.022.000) 2024-01-19 17:31:05 Image size of job updated: 835860
	183  -  MemoryUsage of job (MB)
	186744  -  ResidentSetSize of job (KB)
...
040 (391156.022.000) 2024-01-19 17:31:05 Started transferring output files
...
040 (391156.022.000) 2024-01-19 17:31:05 Finished transferring output files
...
005 (391156.022.000) 2024-01-19 17:31:05 Job terminated.
	(1) Normal termination (return value 0)
		Usr 0 00:01:11, Sys 0 00:00:07  -  Run Remote Usage
		Usr 0 00:00:00, Sys 0 00:00:00  -  Run Local Usage
		Usr 0 00:01:11, Sys 0 00:00:07  -  Total Remote Usage
		Usr 0 00:00:00, Sys 0 00:00:00  -  Total Local Usage
	7465407  -  Run Bytes Sent By Job
	186554  -  Run Bytes Received By Job
	7465407  -  Total Bytes Sent By Job
	186554  -  Total Bytes Received By Job
	Partitionable Resources :    Usage  Request Allocated 
	   Cpus                 :                 1         1 
	   Disk (KB)            :     7540      200    128928 
	   Memory (MB)          :      183     3900      3968 

	Job terminated of its own accord at 2024-01-19T08:31:05Z.
...
000 (391161.022.000) 2024-01-19 17:33:03 Job submitted from host: <172.30.1.200:9618?addrs=172.30.1.200-9618&alias=tamsa2.snu.ac.kr&noUDP&sock=schedd_3625_06e6>
...
040 (391161.022.000) 2024-01-19 17:33:07 Started transferring input files
	Transferring to host: <172.30.1.210:9618?addrs=172.30.1.210-9618&alias=node10&noUDP&sock=slot1_39_3822_b1d4_184758>
...
001 (391161.022.000) 2024-01-19 17:33:07 Job executing on host: <172.30.1.210:9618?addrs=172.30.1.210-9618&alias=node10&noUDP&sock=startd_3788_d4d6>
...
040 (391161.022.000) 2024-01-19 17:33:07 Finished transferring input files
...
006 (391161.022.000) 2024-01-19 17:33:15 Image size of job updated: 574924
	181  -  MemoryUsage of job (MB)
	185044  -  ResidentSetSize of job (KB)
...
006 (391161.022.000) 2024-01-19 17:35:06 Image size of job updated: 843220
	181  -  MemoryUsage of job (MB)
	185044  -  ResidentSetSize of job (KB)
...
040 (391161.022.000) 2024-01-19 17:35:06 Started transferring output files
...
040 (391161.022.000) 2024-01-19 17:35:06 Finished transferring output files
...
005 (391161.022.000) 2024-01-19 17:35:06 Job terminated.
	(1) Normal termination (return value 0)
		Usr 0 00:01:12, Sys 0 00:00:07  -  Run Remote Usage
		Usr 0 00:00:00, Sys 0 00:00:00  -  Run Local Usage
		Usr 0 00:01:12, Sys 0 00:00:07  -  Total Remote Usage
		Usr 0 00:00:00, Sys 0 00:00:00  -  Total Local Usage
	7469647  -  Run Bytes Sent By Job
	186686  -  Run Bytes Received By Job
	7469647  -  Total Bytes Sent By Job
	186686  -  Total Bytes Received By Job
	Partitionable Resources :    Usage  Request Allocated 
	   Cpus                 :                 1         1 
	   Disk (KB)            :     7545      200    128928 
	   Memory (MB)          :      181     3900      3968 

	Job terminated of its own accord at 2024-01-19T08:35:06Z.
...
000 (391162.022.000) 2024-01-19 17:42:17 Job submitted from host: <172.30.1.200:9618?addrs=172.30.1.200-9618&alias=tamsa2.snu.ac.kr&noUDP&sock=schedd_3625_06e6>
...
040 (391162.022.000) 2024-01-19 17:42:28 Started transferring input files
	Transferring to host: <172.30.1.210:9618?addrs=172.30.1.210-9618&alias=node10&noUDP&sock=slot1_38_3822_b1d4_184766>
...
001 (391162.022.000) 2024-01-19 17:42:28 Job executing on host: <172.30.1.210:9618?addrs=172.30.1.210-9618&alias=node10&noUDP&sock=startd_3788_d4d6>
...
040 (391162.022.000) 2024-01-19 17:42:28 Finished transferring input files
...
006 (391162.022.000) 2024-01-19 17:42:37 Image size of job updated: 186740
	183  -  MemoryUsage of job (MB)
	186740  -  ResidentSetSize of job (KB)
...
006 (391162.022.000) 2024-01-19 17:44:32 Image size of job updated: 846104
	183  -  MemoryUsage of job (MB)
	186740  -  ResidentSetSize of job (KB)
...
040 (391162.022.000) 2024-01-19 17:44:32 Started transferring output files
...
040 (391162.022.000) 2024-01-19 17:44:32 Finished transferring output files
...
005 (391162.022.000) 2024-01-19 17:44:32 Job terminated.
	(1) Normal termination (return value 0)
		Usr 0 00:01:12, Sys 0 00:00:07  -  Run Remote Usage
		Usr 0 00:00:00, Sys 0 00:00:00  -  Run Local Usage
		Usr 0 00:01:12, Sys 0 00:00:07  -  Total Remote Usage
		Usr 0 00:00:00, Sys 0 00:00:00  -  Total Local Usage
	7465015  -  Run Bytes Sent By Job
	187104  -  Run Bytes Received By Job
	7465015  -  Total Bytes Sent By Job
	187104  -  Total Bytes Received By Job
	Partitionable Resources :    Usage  Request Allocated 
	   Cpus                 :                 1         1 
	   Disk (KB)            :     7540      200    128928 
	   Memory (MB)          :      183     3900      3968 

	Job terminated of its own accord at 2024-01-19T08:44:31Z.
...
000 (391163.022.000) 2024-01-19 17:55:43 Job submitted from host: <172.30.1.200:9618?addrs=172.30.1.200-9618&alias=tamsa2.snu.ac.kr&noUDP&sock=schedd_3625_06e6>
...
040 (391163.022.000) 2024-01-19 17:55:57 Started transferring input files
	Transferring to host: <172.30.1.101:9618?addrs=172.30.1.101-9618&alias=n1&noUDP&sock=slot1_43_3437_6d65_45373>
...
040 (391163.022.000) 2024-01-19 17:55:57 Finished transferring input files
...
001 (391163.022.000) 2024-01-19 17:55:57 Job executing on host: <172.30.1.101:9618?addrs=172.30.1.101-9618&alias=n1&noUDP&sock=startd_3403_c0e0>
...
006 (391163.022.000) 2024-01-19 17:56:05 Image size of job updated: 139604
	15  -  MemoryUsage of job (MB)
	14824  -  ResidentSetSize of job (KB)
...
006 (391163.022.000) 2024-01-19 18:01:05 Image size of job updated: 869292
	184  -  MemoryUsage of job (MB)
	187932  -  ResidentSetSize of job (KB)
...
006 (391163.022.000) 2024-01-19 18:03:19 Image size of job updated: 869444
	184  -  MemoryUsage of job (MB)
	187932  -  ResidentSetSize of job (KB)
...
004 (391163.022.000) 2024-01-19 18:03:19 Job was evicted.
	(0) CPU times
		Usr 0 00:06:15, Sys 0 00:00:27  -  Run Remote Usage
		Usr 0 00:00:00, Sys 0 00:00:00  -  Run Local Usage
	0  -  Run Bytes Sent By Job
	186100  -  Run Bytes Received By Job
	Partitionable Resources :    Usage  Request Allocated 
	   Cpus                 :     0.92        1         1 
	   Disk (KB)            : 15585         200    127948 
	   Memory (MB)          :   184        3900      3968 
...
009 (391163.022.000) 2024-01-19 18:03:19 Job was aborted.
	via condor_rm (by user shin)
...
000 (391164.022.000) 2024-01-19 18:03:23 Job submitted from host: <172.30.1.200:9618?addrs=172.30.1.200-9618&alias=tamsa2.snu.ac.kr&noUDP&sock=schedd_3625_06e6>
...
040 (391164.022.000) 2024-01-19 18:03:38 Started transferring input files
	Transferring to host: <172.30.1.101:9618?addrs=172.30.1.101-9618&alias=n1&noUDP&sock=slot1_41_3437_6d65_45385>
...
001 (391164.022.000) 2024-01-19 18:03:38 Job executing on host: <172.30.1.101:9618?addrs=172.30.1.101-9618&alias=n1&noUDP&sock=startd_3403_c0e0>
...
040 (391164.022.000) 2024-01-19 18:03:38 Finished transferring input files
...
006 (391164.022.000) 2024-01-19 18:03:46 Image size of job updated: 139344
	106  -  MemoryUsage of job (MB)
	108460  -  ResidentSetSize of job (KB)
...
006 (391164.022.000) 2024-01-19 18:08:46 Image size of job updated: 871592
	201  -  MemoryUsage of job (MB)
	205232  -  ResidentSetSize of job (KB)
...
006 (391164.022.000) 2024-01-19 18:12:57 Image size of job updated: 871640
	201  -  MemoryUsage of job (MB)
	205232  -  ResidentSetSize of job (KB)
...
040 (391164.022.000) 2024-01-19 18:12:57 Started transferring output files
...
040 (391164.022.000) 2024-01-19 18:12:59 Finished transferring output files
...
005 (391164.022.000) 2024-01-19 18:12:59 Job terminated.
	(1) Normal termination (return value 0)
		Usr 0 00:08:18, Sys 0 00:00:35  -  Run Remote Usage
		Usr 0 00:00:00, Sys 0 00:00:00  -  Run Local Usage
		Usr 0 00:08:18, Sys 0 00:00:35  -  Total Remote Usage
		Usr 0 00:00:00, Sys 0 00:00:00  -  Total Local Usage
	59726620  -  Run Bytes Sent By Job
	186386  -  Run Bytes Received By Job
	59726620  -  Total Bytes Sent By Job
	186386  -  Total Bytes Received By Job
	Partitionable Resources :    Usage  Request Allocated 
	   Cpus                 :     0.99        1         1 
	   Disk (KB)            : 58582         200    127948 
	   Memory (MB)          :   201        3900      3968 

	Job terminated of its own accord at 2024-01-19T09:12:57Z.
...
000 (391165.022.000) 2024-01-19 22:41:31 Job submitted from host: <172.30.1.200:9618?addrs=172.30.1.200-9618&alias=tamsa2.snu.ac.kr&noUDP&sock=schedd_3625_06e6>
...
040 (391165.022.000) 2024-01-19 22:41:35 Started transferring input files
	Transferring to host: <172.30.1.204:9618?addrs=172.30.1.204-9618&alias=node4&noUDP&sock=slot1_30_3725_5971_203502>
...
001 (391165.022.000) 2024-01-19 22:41:35 Job executing on host: <172.30.1.204:9618?addrs=172.30.1.204-9618&alias=node4&noUDP&sock=startd_3691_4c27>
...
040 (391165.022.000) 2024-01-19 22:41:35 Finished transferring input files
...
006 (391165.022.000) 2024-01-19 22:41:43 Image size of job updated: 139232
	46  -  MemoryUsage of job (MB)
	46184  -  ResidentSetSize of job (KB)
...
006 (391165.022.000) 2024-01-19 22:43:35 Image size of job updated: 846588
	46  -  MemoryUsage of job (MB)
	46228  -  ResidentSetSize of job (KB)
...
040 (391165.022.000) 2024-01-19 22:43:35 Started transferring output files
...
040 (391165.022.000) 2024-01-19 22:43:35 Finished transferring output files
...
005 (391165.022.000) 2024-01-19 22:43:35 Job terminated.
	(1) Normal termination (return value 0)
		Usr 0 00:01:09, Sys 0 00:00:07  -  Run Remote Usage
		Usr 0 00:00:00, Sys 0 00:00:00  -  Run Local Usage
		Usr 0 00:01:09, Sys 0 00:00:07  -  Total Remote Usage
		Usr 0 00:00:00, Sys 0 00:00:00  -  Total Local Usage
	7473695  -  Run Bytes Sent By Job
	185908  -  Run Bytes Received By Job
	7473695  -  Total Bytes Sent By Job
	185908  -  Total Bytes Received By Job
	Partitionable Resources :    Usage  Request Allocated 
	   Cpus                 :        0        1         1 
	   Disk (KB)            :     7554      200    128928 
	   Memory (MB)          :       46     3900      3968 

	Job terminated of its own accord at 2024-01-19T13:43:35Z.
...
000 (391166.022.000) 2024-01-19 22:44:51 Job submitted from host: <172.30.1.200:9618?addrs=172.30.1.200-9618&alias=tamsa2.snu.ac.kr&noUDP&sock=schedd_3625_06e6>
...
040 (391166.022.000) 2024-01-19 22:44:59 Started transferring input files
	Transferring to host: <172.30.1.204:9618?addrs=172.30.1.204-9618&alias=node4&noUDP&sock=slot1_30_3725_5971_203528>
...
001 (391166.022.000) 2024-01-19 22:44:59 Job executing on host: <172.30.1.204:9618?addrs=172.30.1.204-9618&alias=node4&noUDP&sock=startd_3691_4c27>
...
040 (391166.022.000) 2024-01-19 22:44:59 Finished transferring input files
...
006 (391166.022.000) 2024-01-19 22:45:08 Image size of job updated: 656460
	133  -  MemoryUsage of job (MB)
	135228  -  ResidentSetSize of job (KB)
...
006 (391166.022.000) 2024-01-19 22:50:08 Image size of job updated: 874428
	133  -  MemoryUsage of job (MB)
	135236  -  ResidentSetSize of job (KB)
...
006 (391166.022.000) 2024-01-19 22:50:46 Image size of job updated: 876120
	133  -  MemoryUsage of job (MB)
	135236  -  ResidentSetSize of job (KB)
...
040 (391166.022.000) 2024-01-19 22:50:46 Started transferring output files
...
040 (391166.022.000) 2024-01-19 22:50:47 Finished transferring output files
...
005 (391166.022.000) 2024-01-19 22:50:47 Job terminated.
	(1) Normal termination (return value 0)
		Usr 0 00:05:15, Sys 0 00:00:15  -  Run Remote Usage
		Usr 0 00:00:00, Sys 0 00:00:00  -  Run Local Usage
		Usr 0 00:05:15, Sys 0 00:00:15  -  Total Remote Usage
		Usr 0 00:00:00, Sys 0 00:00:00  -  Total Local Usage
	32431924  -  Run Bytes Sent By Job
	185911  -  Run Bytes Received By Job
	32431924  -  Total Bytes Sent By Job
	185911  -  Total Bytes Received By Job
	Partitionable Resources :    Usage  Request Allocated 
	   Cpus                 :     0.84        1         1 
	   Disk (KB)            : 31927         200    128928 
	   Memory (MB)          :   133        3900      3968 

	Job terminated of its own accord at 2024-01-19T13:50:46Z.
...
000 (391167.022.000) 2024-01-19 22:57:44 Job submitted from host: <172.30.1.200:9618?addrs=172.30.1.200-9618&alias=tamsa2.snu.ac.kr&noUDP&sock=schedd_3625_06e6>
...
040 (391167.022.000) 2024-01-19 22:57:47 Started transferring input files
	Transferring to host: <172.30.1.204:9618?addrs=172.30.1.204-9618&alias=node4&noUDP&sock=slot1_33_3725_5971_203556>
...
040 (391167.022.000) 2024-01-19 22:57:47 Finished transferring input files
...
001 (391167.022.000) 2024-01-19 22:57:47 Job executing on host: <172.30.1.204:9618?addrs=172.30.1.204-9618&alias=node4&noUDP&sock=startd_3691_4c27>
...
006 (391167.022.000) 2024-01-19 22:57:56 Image size of job updated: 139344
	74  -  MemoryUsage of job (MB)
	75368  -  ResidentSetSize of job (KB)
...
006 (391167.022.000) 2024-01-19 23:02:57 Image size of job updated: 878632
	172  -  MemoryUsage of job (MB)
	175168  -  ResidentSetSize of job (KB)
...
006 (391167.022.000) 2024-01-19 23:03:27 Image size of job updated: 878844
	172  -  MemoryUsage of job (MB)
	175180  -  ResidentSetSize of job (KB)
...
040 (391167.022.000) 2024-01-19 23:03:27 Started transferring output files
...
040 (391167.022.000) 2024-01-19 23:03:28 Finished transferring output files
...
005 (391167.022.000) 2024-01-19 23:03:28 Job terminated.
	(1) Normal termination (return value 0)
		Usr 0 00:05:05, Sys 0 00:00:16  -  Run Remote Usage
		Usr 0 00:00:00, Sys 0 00:00:00  -  Run Local Usage
		Usr 0 00:05:05, Sys 0 00:00:16  -  Total Remote Usage
		Usr 0 00:00:00, Sys 0 00:00:00  -  Total Local Usage
	32416968  -  Run Bytes Sent By Job
	185911  -  Run Bytes Received By Job
	32416968  -  Total Bytes Sent By Job
	185911  -  Total Bytes Received By Job
	Partitionable Resources :    Usage  Request Allocated 
	   Cpus                 :     0.98        1         1 
	   Disk (KB)            : 31912         200    128928 
	   Memory (MB)          :   172        3900      3968 

	Job terminated of its own accord at 2024-01-19T14:03:27Z.
...
000 (391343.022.000) 2024-01-22 10:59:17 Job submitted from host: <172.30.1.200:9618?addrs=172.30.1.200-9618&alias=tamsa2.snu.ac.kr&noUDP&sock=schedd_3625_06e6>
...
040 (391343.022.000) 2024-01-22 10:59:20 Started transferring input files
	Transferring to host: <172.30.1.216:9618?addrs=172.30.1.216-9618&alias=node16&noUDP&sock=slot1_2_4290_7168_332771>
...
001 (391343.022.000) 2024-01-22 10:59:20 Job executing on host: <172.30.1.216:9618?addrs=172.30.1.216-9618&alias=node16&noUDP&sock=startd_4255_2791>
...
040 (391343.022.000) 2024-01-22 10:59:20 Finished transferring input files
...
006 (391343.022.000) 2024-01-22 10:59:28 Image size of job updated: 50132
	1  -  MemoryUsage of job (MB)
	88  -  ResidentSetSize of job (KB)
...
006 (391343.022.000) 2024-01-22 11:04:28 Image size of job updated: 968092
	264  -  MemoryUsage of job (MB)
	269936  -  ResidentSetSize of job (KB)
...
006 (391343.022.000) 2024-01-22 11:09:29 Image size of job updated: 968396
	264  -  MemoryUsage of job (MB)
	269936  -  ResidentSetSize of job (KB)
...
006 (391343.022.000) 2024-01-22 11:19:29 Image size of job updated: 968396
	302  -  MemoryUsage of job (MB)
	308976  -  ResidentSetSize of job (KB)
...
040 (391343.022.000) 2024-01-22 11:22:05 Started transferring output files
...
040 (391343.022.000) 2024-01-22 11:22:06 Finished transferring output files
...
005 (391343.022.000) 2024-01-22 11:22:06 Job terminated.
	(1) Normal termination (return value 0)
		Usr 0 00:20:47, Sys 0 00:00:56  -  Run Remote Usage
		Usr 0 00:00:00, Sys 0 00:00:00  -  Run Local Usage
		Usr 0 00:20:47, Sys 0 00:00:56  -  Total Remote Usage
		Usr 0 00:00:00, Sys 0 00:00:00  -  Total Local Usage
	30909356  -  Run Bytes Sent By Job
	185924  -  Run Bytes Received By Job
	30909356  -  Total Bytes Sent By Job
	185924  -  Total Bytes Received By Job
	Partitionable Resources :    Usage  Request Allocated 
	   Cpus                 :     1.01        1         1 
	   Disk (KB)            : 30440         200    261111 
	   Memory (MB)          :   302        3900      3968 

	Job terminated of its own accord at 2024-01-22T02:22:05Z.
...
000 (391348.022.000) 2024-01-22 12:29:14 Job submitted from host: <172.30.1.200:9618?addrs=172.30.1.200-9618&alias=tamsa2.snu.ac.kr&noUDP&sock=schedd_3625_06e6>
...
040 (391348.022.000) 2024-01-22 12:29:21 Started transferring input files
	Transferring to host: <172.30.1.216:9618?addrs=172.30.1.216-9618&alias=node16&noUDP&sock=slot1_31_4290_7168_332844>
...
040 (391348.022.000) 2024-01-22 12:29:21 Finished transferring input files
...
001 (391348.022.000) 2024-01-22 12:29:21 Job executing on host: <172.30.1.216:9618?addrs=172.30.1.216-9618&alias=node16&noUDP&sock=startd_4255_2791>
...
006 (391348.022.000) 2024-01-22 12:29:29 Image size of job updated: 139344
	5  -  MemoryUsage of job (MB)
	4956  -  ResidentSetSize of job (KB)
...
006 (391348.022.000) 2024-01-22 12:34:29 Image size of job updated: 952284
	285  -  MemoryUsage of job (MB)
	290856  -  ResidentSetSize of job (KB)
...
006 (391348.022.000) 2024-01-22 12:39:29 Image size of job updated: 964352
	285  -  MemoryUsage of job (MB)
	290856  -  ResidentSetSize of job (KB)
...
006 (391348.022.000) 2024-01-22 12:44:30 Image size of job updated: 967940
	285  -  MemoryUsage of job (MB)
	290856  -  ResidentSetSize of job (KB)
...
040 (391348.022.000) 2024-01-22 12:51:54 Started transferring output files
...
040 (391348.022.000) 2024-01-22 12:51:55 Finished transferring output files
...
005 (391348.022.000) 2024-01-22 12:51:55 Job terminated.
	(1) Normal termination (return value 0)
		Usr 0 00:21:05, Sys 0 00:00:57  -  Run Remote Usage
		Usr 0 00:00:00, Sys 0 00:00:00  -  Run Local Usage
		Usr 0 00:21:05, Sys 0 00:00:57  -  Total Remote Usage
		Usr 0 00:00:00, Sys 0 00:00:00  -  Total Local Usage
	30910684  -  Run Bytes Sent By Job
	186484  -  Run Bytes Received By Job
	30910684  -  Total Bytes Sent By Job
	186484  -  Total Bytes Received By Job
	Partitionable Resources :    Usage  Request Allocated 
	   Cpus                 :     1.01        1         1 
	   Disk (KB)            : 30442         200    261111 
	   Memory (MB)          :   285        3900      3968 

	Job terminated of its own accord at 2024-01-22T03:51:54Z.
...
000 (391350.022.000) 2024-01-22 13:01:44 Job submitted from host: <172.30.1.200:9618?addrs=172.30.1.200-9618&alias=tamsa2.snu.ac.kr&noUDP&sock=schedd_3625_06e6>
...
040 (391350.022.000) 2024-01-22 13:02:03 Started transferring input files
	Transferring to host: <172.30.1.216:9618?addrs=172.30.1.216-9618&alias=node16&noUDP&sock=slot1_32_4290_7168_332885>
...
040 (391350.022.000) 2024-01-22 13:02:03 Finished transferring input files
...
001 (391350.022.000) 2024-01-22 13:02:03 Job executing on host: <172.30.1.216:9618?addrs=172.30.1.216-9618&alias=node16&noUDP&sock=startd_4255_2791>
...
006 (391350.022.000) 2024-01-22 13:02:12 Image size of job updated: 139232
	5  -  MemoryUsage of job (MB)
	4952  -  ResidentSetSize of job (KB)
...
006 (391350.022.000) 2024-01-22 13:07:12 Image size of job updated: 952620
	294  -  MemoryUsage of job (MB)
	300104  -  ResidentSetSize of job (KB)
...
006 (391350.022.000) 2024-01-22 13:12:12 Image size of job updated: 969236
	294  -  MemoryUsage of job (MB)
	300120  -  ResidentSetSize of job (KB)
...
040 (391350.022.000) 2024-01-22 13:23:03 Started transferring output files
...
040 (391350.022.000) 2024-01-22 13:23:03 Finished transferring output files
...
005 (391350.022.000) 2024-01-22 13:23:03 Job terminated.
	(1) Normal termination (return value 0)
		Usr 0 00:19:34, Sys 0 00:00:53  -  Run Remote Usage
		Usr 0 00:00:00, Sys 0 00:00:00  -  Run Local Usage
		Usr 0 00:19:34, Sys 0 00:00:53  -  Total Remote Usage
		Usr 0 00:00:00, Sys 0 00:00:00  -  Total Local Usage
	30934466  -  Run Bytes Sent By Job
	186577  -  Run Bytes Received By Job
	30934466  -  Total Bytes Sent By Job
	186577  -  Total Bytes Received By Job
	Partitionable Resources :    Usage  Request Allocated 
	   Cpus                 :     1.00        1         1 
	   Disk (KB)            : 30465         200    261111 
	   Memory (MB)          :   294        3900      3968 

	Job terminated of its own accord at 2024-01-22T04:23:03Z.
...
000 (391361.022.000) 2024-01-22 13:44:17 Job submitted from host: <172.30.1.200:9618?addrs=172.30.1.200-9618&alias=tamsa2.snu.ac.kr&noUDP&sock=schedd_3625_06e6>
...
040 (391361.022.000) 2024-01-22 13:44:30 Started transferring input files
	Transferring to host: <172.30.1.216:9618?addrs=172.30.1.216-9618&alias=node16&noUDP&sock=slot1_48_4290_7168_333006>
...
040 (391361.022.000) 2024-01-22 13:44:30 Finished transferring input files
...
001 (391361.022.000) 2024-01-22 13:44:30 Job executing on host: <172.30.1.216:9618?addrs=172.30.1.216-9618&alias=node16&noUDP&sock=startd_4255_2791>
...
006 (391361.022.000) 2024-01-22 13:44:40 Image size of job updated: 321128
	68  -  MemoryUsage of job (MB)
	69420  -  ResidentSetSize of job (KB)
...
006 (391361.022.000) 2024-01-22 13:48:33 Image size of job updated: 868892
	68  -  MemoryUsage of job (MB)
	69420  -  ResidentSetSize of job (KB)
...
040 (391361.022.000) 2024-01-22 13:48:33 Started transferring output files
...
040 (391361.022.000) 2024-01-22 13:48:33 Finished transferring output files
...
005 (391361.022.000) 2024-01-22 13:48:34 Job terminated.
	(1) Normal termination (return value 0)
		Usr 0 00:03:22, Sys 0 00:00:14  -  Run Remote Usage
		Usr 0 00:00:00, Sys 0 00:00:00  -  Run Local Usage
		Usr 0 00:03:22, Sys 0 00:00:14  -  Total Remote Usage
		Usr 0 00:00:00, Sys 0 00:00:00  -  Total Local Usage
	31139960  -  Run Bytes Sent By Job
	191813  -  Run Bytes Received By Job
	31139960  -  Total Bytes Sent By Job
	191813  -  Total Bytes Received By Job
	Partitionable Resources :    Usage  Request Allocated 
	   Cpus                 :     0.72        1         1 
	   Disk (KB)            : 30673         200    261111 
	   Memory (MB)          :    68        3900      3968 

	Job terminated of its own accord at 2024-01-22T04:48:33Z.
...
000 (391362.022.000) 2024-01-22 13:50:58 Job submitted from host: <172.30.1.200:9618?addrs=172.30.1.200-9618&alias=tamsa2.snu.ac.kr&noUDP&sock=schedd_3625_06e6>
...
040 (391362.022.000) 2024-01-22 13:51:00 Started transferring input files
	Transferring to host: <172.30.1.216:9618?addrs=172.30.1.216-9618&alias=node16&noUDP&sock=slot1_9_4290_7168_333032>
...
040 (391362.022.000) 2024-01-22 13:51:00 Finished transferring input files
...
001 (391362.022.000) 2024-01-22 13:51:00 Job executing on host: <172.30.1.216:9618?addrs=172.30.1.216-9618&alias=node16&noUDP&sock=startd_4255_2791>
...
006 (391362.022.000) 2024-01-22 13:51:09 Image size of job updated: 139344
	5  -  MemoryUsage of job (MB)
	4956  -  ResidentSetSize of job (KB)
...
006 (391362.022.000) 2024-01-22 13:56:09 Image size of job updated: 953152
	265  -  MemoryUsage of job (MB)
	270644  -  ResidentSetSize of job (KB)
...
006 (391362.022.000) 2024-01-22 14:01:11 Image size of job updated: 954828
	265  -  MemoryUsage of job (MB)
	270644  -  ResidentSetSize of job (KB)
...
006 (391362.022.000) 2024-01-22 14:06:10 Image size of job updated: 954828
	265  -  MemoryUsage of job (MB)
	270852  -  ResidentSetSize of job (KB)
...
006 (391362.022.000) 2024-01-22 14:15:36 Image size of job updated: 969724
	265  -  MemoryUsage of job (MB)
	270852  -  ResidentSetSize of job (KB)
...
040 (391362.022.000) 2024-01-22 14:15:36 Started transferring output files
...
040 (391362.022.000) 2024-01-22 14:15:37 Finished transferring output files
...
005 (391362.022.000) 2024-01-22 14:15:37 Job terminated.
	(1) Normal termination (return value 0)
		Usr 0 00:22:15, Sys 0 00:01:04  -  Run Remote Usage
		Usr 0 00:00:00, Sys 0 00:00:00  -  Run Local Usage
		Usr 0 00:22:15, Sys 0 00:01:04  -  Total Remote Usage
		Usr 0 00:00:00, Sys 0 00:00:00  -  Total Local Usage
	30950114  -  Run Bytes Sent By Job
	191814  -  Run Bytes Received By Job
	30950114  -  Total Bytes Sent By Job
	191814  -  Total Bytes Received By Job
	Partitionable Resources :    Usage  Request Allocated 
	   Cpus                 :     1.00        1         1 
	   Disk (KB)            : 30488         200    261111 
	   Memory (MB)          :   265        3900      3968 

	Job terminated of its own accord at 2024-01-22T05:15:36Z.
...
000 (391496.022.000) 2024-01-22 14:58:10 Job submitted from host: <172.30.1.200:9618?addrs=172.30.1.200-9618&alias=tamsa2.snu.ac.kr&noUDP&sock=schedd_3625_06e6>
...
040 (391496.022.000) 2024-01-22 14:58:19 Started transferring input files
	Transferring to host: <172.30.1.216:9618?addrs=172.30.1.216-9618&alias=node16&noUDP&sock=slot1_33_4290_7168_333213>
...
040 (391496.022.000) 2024-01-22 14:58:19 Finished transferring input files
...
001 (391496.022.000) 2024-01-22 14:58:19 Job executing on host: <172.30.1.216:9618?addrs=172.30.1.216-9618&alias=node16&noUDP&sock=startd_4255_2791>
...
006 (391496.022.000) 2024-01-22 14:58:28 Image size of job updated: 139088
	5  -  MemoryUsage of job (MB)
	4960  -  ResidentSetSize of job (KB)
...
006 (391496.022.000) 2024-01-22 15:03:29 Image size of job updated: 953316
	246  -  MemoryUsage of job (MB)
	251436  -  ResidentSetSize of job (KB)
...
006 (391496.022.000) 2024-01-22 15:08:29 Image size of job updated: 953316
	294  -  MemoryUsage of job (MB)
	301012  -  ResidentSetSize of job (KB)
...
006 (391496.022.000) 2024-01-22 15:13:30 Image size of job updated: 962076
	294  -  MemoryUsage of job (MB)
	301012  -  ResidentSetSize of job (KB)
...
006 (391496.022.000) 2024-01-22 15:23:31 Image size of job updated: 962076
	295  -  MemoryUsage of job (MB)
	301472  -  ResidentSetSize of job (KB)
...
040 (391496.022.000) 2024-01-22 15:27:28 Started transferring output files
...
040 (391496.022.000) 2024-01-22 15:27:29 Finished transferring output files
...
005 (391496.022.000) 2024-01-22 15:27:29 Job terminated.
	(1) Normal termination (return value 0)
		Usr 0 00:27:03, Sys 0 00:01:17  -  Run Remote Usage
		Usr 0 00:00:00, Sys 0 00:00:00  -  Run Local Usage
		Usr 0 00:27:03, Sys 0 00:01:17  -  Total Remote Usage
		Usr 0 00:00:00, Sys 0 00:00:00  -  Total Local Usage
	30919544  -  Run Bytes Sent By Job
	191814  -  Run Bytes Received By Job
	30919544  -  Total Bytes Sent By Job
	191814  -  Total Bytes Received By Job
	Partitionable Resources :    Usage  Request Allocated 
	   Cpus                 :     0.99        1         1 
	   Disk (KB)            : 30458         200    261111 
	   Memory (MB)          :   295        3900      3968 

	Job terminated of its own accord at 2024-01-22T06:27:28Z.
...
000 (391511.022.000) 2024-01-22 15:59:41 Job submitted from host: <172.30.1.200:9618?addrs=172.30.1.200-9618&alias=tamsa2.snu.ac.kr&noUDP&sock=schedd_3625_06e6>
...
040 (391511.022.000) 2024-01-22 15:59:53 Started transferring input files
	Transferring to host: <172.30.1.214:9618?addrs=172.30.1.214-9618&alias=node14&noUDP&sock=slot1_45_4480_50af_235847>
...
040 (391511.022.000) 2024-01-22 15:59:53 Finished transferring input files
...
001 (391511.022.000) 2024-01-22 15:59:53 Job executing on host: <172.30.1.214:9618?addrs=172.30.1.214-9618&alias=node14&noUDP&sock=startd_4446_2a28>
...
006 (391511.022.000) 2024-01-22 16:00:03 Image size of job updated: 139344
	6  -  MemoryUsage of job (MB)
	5192  -  ResidentSetSize of job (KB)
...
006 (391511.022.000) 2024-01-22 16:05:03 Image size of job updated: 969392
	226  -  MemoryUsage of job (MB)
	230688  -  ResidentSetSize of job (KB)
...
006 (391511.022.000) 2024-01-22 16:10:04 Image size of job updated: 969392
	276  -  MemoryUsage of job (MB)
	281744  -  ResidentSetSize of job (KB)
...
006 (391511.022.000) 2024-01-22 16:20:05 Image size of job updated: 969392
	277  -  MemoryUsage of job (MB)
	282744  -  ResidentSetSize of job (KB)
...
006 (391511.022.000) 2024-01-22 16:25:05 Image size of job updated: 970404
	277  -  MemoryUsage of job (MB)
	282744  -  ResidentSetSize of job (KB)
...
040 (391511.022.000) 2024-01-22 16:26:01 Started transferring output files
...
040 (391511.022.000) 2024-01-22 16:26:02 Finished transferring output files
...
005 (391511.022.000) 2024-01-22 16:26:02 Job terminated.
	(1) Normal termination (return value 0)
		Usr 0 00:24:21, Sys 0 00:01:13  -  Run Remote Usage
		Usr 0 00:00:00, Sys 0 00:00:00  -  Run Local Usage
		Usr 0 00:24:21, Sys 0 00:01:13  -  Total Remote Usage
		Usr 0 00:00:00, Sys 0 00:00:00  -  Total Local Usage
	30936748  -  Run Bytes Sent By Job
	191824  -  Run Bytes Received By Job
	30936748  -  Total Bytes Sent By Job
	191824  -  Total Bytes Received By Job
	Partitionable Resources :    Usage  Request Allocated 
	   Cpus                 :     1.01        1         1 
	   Disk (KB)            : 30475         200    261111 
	   Memory (MB)          :   277        3900      3968 

	Job terminated of its own accord at 2024-01-22T07:26:01Z.
...
000 (391574.022.000) 2024-01-22 23:14:59 Job submitted from host: <172.30.1.200:9618?addrs=172.30.1.200-9618&alias=tamsa2.snu.ac.kr&noUDP&sock=schedd_3625_06e6>
...
040 (391574.022.000) 2024-01-22 23:15:02 Started transferring input files
	Transferring to host: <172.30.1.216:9618?addrs=172.30.1.216-9618&alias=node16&noUDP&sock=slot1_5_4290_7168_334222>
...
040 (391574.022.000) 2024-01-22 23:15:02 Finished transferring input files
...
001 (391574.022.000) 2024-01-22 23:15:02 Job executing on host: <172.30.1.216:9618?addrs=172.30.1.216-9618&alias=node16&noUDP&sock=startd_4255_2791>
...
006 (391574.022.000) 2024-01-22 23:15:10 Image size of job updated: 139344
	5  -  MemoryUsage of job (MB)
	4956  -  ResidentSetSize of job (KB)
...
006 (391574.022.000) 2024-01-22 23:20:10 Image size of job updated: 953012
	285  -  MemoryUsage of job (MB)
	291308  -  ResidentSetSize of job (KB)
...
006 (391574.022.000) 2024-01-22 23:25:11 Image size of job updated: 953072
	285  -  MemoryUsage of job (MB)
	291308  -  ResidentSetSize of job (KB)
...
006 (391574.022.000) 2024-01-22 23:30:11 Image size of job updated: 969256
	285  -  MemoryUsage of job (MB)
	291308  -  ResidentSetSize of job (KB)
...
004 (391574.022.000) 2024-01-22 23:35:24 Job was evicted.
	(0) CPU times
		Usr 0 00:18:41, Sys 0 00:00:53  -  Run Remote Usage
		Usr 0 00:00:00, Sys 0 00:00:00  -  Run Local Usage
	0  -  Run Bytes Sent By Job
	191685  -  Run Bytes Received By Job
	Partitionable Resources :    Usage  Request Allocated 
	   Cpus                 :     1.00        1         1 
	   Disk (KB)            : 12119         200    261111 
	   Memory (MB)          :   285        3900      3968 
...
009 (391574.022.000) 2024-01-22 23:35:24 Job was aborted.
	via condor_rm (by user shin)
...
000 (391577.022.000) 2024-01-22 23:35:26 Job submitted from host: <172.30.1.200:9618?addrs=172.30.1.200-9618&alias=tamsa2.snu.ac.kr&noUDP&sock=schedd_3625_06e6>
...
040 (391577.022.000) 2024-01-22 23:35:36 Started transferring input files
	Transferring to host: <172.30.1.216:9618?addrs=172.30.1.216-9618&alias=node16&noUDP&sock=slot1_23_4290_7168_334300>
...
040 (391577.022.000) 2024-01-22 23:35:36 Finished transferring input files
...
001 (391577.022.000) 2024-01-22 23:35:36 Job executing on host: <172.30.1.216:9618?addrs=172.30.1.216-9618&alias=node16&noUDP&sock=startd_4255_2791>
...
006 (391577.022.000) 2024-01-22 23:35:44 Image size of job updated: 139472
	5  -  MemoryUsage of job (MB)
	4956  -  ResidentSetSize of job (KB)
...
006 (391577.022.000) 2024-01-22 23:40:44 Image size of job updated: 964928
	246  -  MemoryUsage of job (MB)
	251472  -  ResidentSetSize of job (KB)
...
006 (391577.022.000) 2024-01-22 23:45:45 Image size of job updated: 969252
	285  -  MemoryUsage of job (MB)
	291200  -  ResidentSetSize of job (KB)
...
006 (391577.022.000) 2024-01-23 00:00:47 Image size of job updated: 969804
	285  -  MemoryUsage of job (MB)
	291200  -  ResidentSetSize of job (KB)
...
006 (391577.022.000) 2024-01-23 00:03:15 Image size of job updated: 969852
	285  -  MemoryUsage of job (MB)
	291200  -  ResidentSetSize of job (KB)
...
040 (391577.022.000) 2024-01-23 00:03:15 Started transferring output files
...
040 (391577.022.000) 2024-01-23 00:03:16 Finished transferring output files
...
005 (391577.022.000) 2024-01-23 00:03:16 Job terminated.
	(1) Normal termination (return value 0)
		Usr 0 00:26:05, Sys 0 00:01:13  -  Run Remote Usage
		Usr 0 00:00:00, Sys 0 00:00:00  -  Run Local Usage
		Usr 0 00:26:05, Sys 0 00:01:13  -  Total Remote Usage
		Usr 0 00:00:00, Sys 0 00:00:00  -  Total Local Usage
	30931014  -  Run Bytes Sent By Job
	191687  -  Run Bytes Received By Job
	30931014  -  Total Bytes Sent By Job
	191687  -  Total Bytes Received By Job
	Partitionable Resources :    Usage  Request Allocated 
	   Cpus                 :     1.00        1         1 
	   Disk (KB)            : 30469         200    261111 
	   Memory (MB)          :   285        3900      3968 

	Job terminated of its own accord at 2024-01-22T15:03:15Z.
...
000 (391582.022.000) 2024-01-23 10:33:34 Job submitted from host: <172.30.1.200:9618?addrs=172.30.1.200-9618&alias=tamsa2.snu.ac.kr&noUDP&sock=schedd_3625_06e6>
...
040 (391582.022.000) 2024-01-23 10:33:37 Started transferring input files
	Transferring to host: <172.30.1.216:9618?addrs=172.30.1.216-9618&alias=node16&noUDP&sock=slot1_2_4290_7168_337519>
...
001 (391582.022.000) 2024-01-23 10:33:37 Job executing on host: <172.30.1.216:9618?addrs=172.30.1.216-9618&alias=node16&noUDP&sock=startd_4255_2791>
...
040 (391582.022.000) 2024-01-23 10:33:37 Finished transferring input files
...
006 (391582.022.000) 2024-01-23 10:33:46 Image size of job updated: 50132
	1  -  MemoryUsage of job (MB)
	80  -  ResidentSetSize of job (KB)
...
006 (391582.022.000) 2024-01-23 10:38:47 Image size of job updated: 969224
	265  -  MemoryUsage of job (MB)
	270460  -  ResidentSetSize of job (KB)
...
006 (391582.022.000) 2024-01-23 10:43:47 Image size of job updated: 969236
	265  -  MemoryUsage of job (MB)
	270460  -  ResidentSetSize of job (KB)
...
006 (391582.022.000) 2024-01-23 10:48:47 Image size of job updated: 969688
	265  -  MemoryUsage of job (MB)
	270460  -  ResidentSetSize of job (KB)
...
006 (391582.022.000) 2024-01-23 10:55:16 Image size of job updated: 969936
	265  -  MemoryUsage of job (MB)
	270460  -  ResidentSetSize of job (KB)
...
040 (391582.022.000) 2024-01-23 10:55:16 Started transferring output files
...
040 (391582.022.000) 2024-01-23 10:55:17 Finished transferring output files
...
005 (391582.022.000) 2024-01-23 10:55:17 Job terminated.
	(1) Normal termination (return value 0)
		Usr 0 00:19:47, Sys 0 00:00:55  -  Run Remote Usage
		Usr 0 00:00:00, Sys 0 00:00:00  -  Run Local Usage
		Usr 0 00:19:47, Sys 0 00:00:55  -  Total Remote Usage
		Usr 0 00:00:00, Sys 0 00:00:00  -  Total Local Usage
	30929050  -  Run Bytes Sent By Job
	191687  -  Run Bytes Received By Job
	30929050  -  Total Bytes Sent By Job
	191687  -  Total Bytes Received By Job
	Partitionable Resources :    Usage  Request Allocated 
	   Cpus                 :     1.01        1         1 
	   Disk (KB)            : 30467         200    261111 
	   Memory (MB)          :   265        3900      3968 

	Job terminated of its own accord at 2024-01-23T01:55:16Z.
...
