000 (390874.029.000) 2024-01-18 20:28:10 Job submitted from host: <172.30.1.200:9618?addrs=172.30.1.200-9618&alias=tamsa2.snu.ac.kr&noUDP&sock=schedd_3625_06e6>
...
040 (390874.029.000) 2024-01-18 20:28:23 Started transferring input files
	Transferring to host: <172.30.1.207:9618?addrs=172.30.1.207-9618&alias=node7&noUDP&sock=slot1_29_39434_91fd_224781>
...
001 (390874.029.000) 2024-01-18 20:28:23 Job executing on host: <172.30.1.207:9618?addrs=172.30.1.207-9618&alias=node7&noUDP&sock=startd_3748_650d>
...
040 (390874.029.000) 2024-01-18 20:28:23 Finished transferring input files
...
006 (390874.029.000) 2024-01-18 20:28:32 Image size of job updated: 1288
	1  -  MemoryUsage of job (MB)
	84  -  ResidentSetSize of job (KB)
...
006 (390874.029.000) 2024-01-18 20:33:32 Image size of job updated: 427252
	49  -  MemoryUsage of job (MB)
	49844  -  ResidentSetSize of job (KB)
...
006 (390874.029.000) 2024-01-18 20:36:31 Image size of job updated: 838368
	49  -  MemoryUsage of job (MB)
	49844  -  ResidentSetSize of job (KB)
...
004 (390874.029.000) 2024-01-18 20:36:31 Job was evicted.
	(0) CPU times
		Usr 0 00:00:16, Sys 0 00:00:02  -  Run Remote Usage
		Usr 0 00:00:00, Sys 0 00:00:00  -  Run Local Usage
	0  -  Run Bytes Sent By Job
	181578  -  Run Bytes Received By Job
	Partitionable Resources :    Usage  Request Allocated 
	   Cpus                 :     0.36        1         1 
	   Disk (KB)            :  1779         200    121695 
	   Memory (MB)          :    49        3900      3968 
...
009 (390874.029.000) 2024-01-18 20:36:31 Job was aborted.
	via condor_rm (by user shin)
...
000 (390875.029.000) 2024-01-18 20:45:32 Job submitted from host: <172.30.1.200:9618?addrs=172.30.1.200-9618&alias=tamsa2.snu.ac.kr&noUDP&sock=schedd_3625_06e6>
...
040 (390875.029.000) 2024-01-18 20:45:47 Started transferring input files
	Transferring to host: <172.30.1.204:9618?addrs=172.30.1.204-9618&alias=node4&noUDP&sock=slot1_5_3725_5971_202591>
...
001 (390875.029.000) 2024-01-18 20:45:47 Job executing on host: <172.30.1.204:9618?addrs=172.30.1.204-9618&alias=node4&noUDP&sock=startd_3691_4c27>
...
040 (390875.029.000) 2024-01-18 20:45:47 Finished transferring input files
...
006 (390875.029.000) 2024-01-18 20:45:55 Image size of job updated: 4956
	5  -  MemoryUsage of job (MB)
	4956  -  ResidentSetSize of job (KB)
...
006 (390875.029.000) 2024-01-18 20:50:35 Image size of job updated: 868044
	5  -  MemoryUsage of job (MB)
	4956  -  ResidentSetSize of job (KB)
...
040 (390875.029.000) 2024-01-18 20:50:35 Started transferring output files
...
040 (390875.029.000) 2024-01-18 20:50:44 Finished transferring output files
...
005 (390875.029.000) 2024-01-18 20:50:44 Job terminated.
	(1) Normal termination (return value 0)
		Usr 0 00:03:00, Sys 0 00:00:12  -  Run Remote Usage
		Usr 0 00:00:00, Sys 0 00:00:00  -  Run Local Usage
		Usr 0 00:03:00, Sys 0 00:00:12  -  Total Remote Usage
		Usr 0 00:00:00, Sys 0 00:00:00  -  Total Local Usage
	102882432  -  Run Bytes Sent By Job
	182042  -  Run Bytes Received By Job
	102882432  -  Total Bytes Sent By Job
	182042  -  Total Bytes Received By Job
	Partitionable Resources :     Usage  Request Allocated 
	   Cpus                 :      0.02        1         1 
	   Disk (KB)            : 100721         200    128928 
	   Memory (MB)          :      5        3900      3968 

	Job terminated of its own accord at 2024-01-18T11:50:35Z.
...
000 (390886.029.000) 2024-01-18 21:10:43 Job submitted from host: <172.30.1.200:9618?addrs=172.30.1.200-9618&alias=tamsa2.snu.ac.kr&noUDP&sock=schedd_3625_06e6>
...
040 (390886.029.000) 2024-01-18 21:10:45 Started transferring input files
	Transferring to host: <172.30.1.204:9618?addrs=172.30.1.204-9618&alias=node4&noUDP&sock=slot1_2_3725_5971_202604>
...
001 (390886.029.000) 2024-01-18 21:10:45 Job executing on host: <172.30.1.204:9618?addrs=172.30.1.204-9618&alias=node4&noUDP&sock=startd_3691_4c27>
...
040 (390886.029.000) 2024-01-18 21:10:45 Finished transferring input files
...
006 (390886.029.000) 2024-01-18 21:10:53 Image size of job updated: 194372
	174  -  MemoryUsage of job (MB)
	177448  -  ResidentSetSize of job (KB)
...
006 (390886.029.000) 2024-01-18 21:12:02 Image size of job updated: 834484
	174  -  MemoryUsage of job (MB)
	177560  -  ResidentSetSize of job (KB)
...
040 (390886.029.000) 2024-01-18 21:12:02 Started transferring output files
...
040 (390886.029.000) 2024-01-18 21:12:06 Finished transferring output files
...
005 (390886.029.000) 2024-01-18 21:12:06 Job terminated.
	(1) Normal termination (return value 0)
		Usr 0 00:00:48, Sys 0 00:00:05  -  Run Remote Usage
		Usr 0 00:00:00, Sys 0 00:00:00  -  Run Local Usage
		Usr 0 00:00:48, Sys 0 00:00:05  -  Total Remote Usage
		Usr 0 00:00:00, Sys 0 00:00:00  -  Total Local Usage
	7473247  -  Run Bytes Sent By Job
	181210  -  Run Bytes Received By Job
	7473247  -  Total Bytes Sent By Job
	181210  -  Total Bytes Received By Job
	Partitionable Resources :    Usage  Request Allocated 
	   Cpus                 :     0.51        1         1 
	   Disk (KB)            :  7547         200    128928 
	   Memory (MB)          :   174        3900      3968 

	Job terminated of its own accord at 2024-01-18T12:12:02Z.
...
000 (390887.029.000) 2024-01-18 21:19:38 Job submitted from host: <172.30.1.200:9618?addrs=172.30.1.200-9618&alias=tamsa2.snu.ac.kr&noUDP&sock=schedd_3625_06e6>
...
040 (390887.029.000) 2024-01-18 21:19:40 Started transferring input files
	Transferring to host: <172.30.1.204:9618?addrs=172.30.1.204-9618&alias=node4&noUDP&sock=slot1_1_3725_5971_202615>
...
001 (390887.029.000) 2024-01-18 21:19:40 Job executing on host: <172.30.1.204:9618?addrs=172.30.1.204-9618&alias=node4&noUDP&sock=startd_3691_4c27>
...
040 (390887.029.000) 2024-01-18 21:19:40 Finished transferring input files
...
006 (390887.029.000) 2024-01-18 21:19:48 Image size of job updated: 567220
	198  -  MemoryUsage of job (MB)
	202696  -  ResidentSetSize of job (KB)
...
006 (390887.029.000) 2024-01-18 21:22:06 Image size of job updated: 864960
	198  -  MemoryUsage of job (MB)
	202696  -  ResidentSetSize of job (KB)
...
040 (390887.029.000) 2024-01-18 21:22:06 Started transferring output files
...
040 (390887.029.000) 2024-01-18 21:22:14 Finished transferring output files
...
005 (390887.029.000) 2024-01-18 21:22:14 Job terminated.
	(1) Normal termination (return value 0)
		Usr 0 00:02:12, Sys 0 00:00:09  -  Run Remote Usage
		Usr 0 00:00:00, Sys 0 00:00:00  -  Run Local Usage
		Usr 0 00:02:12, Sys 0 00:00:09  -  Total Remote Usage
		Usr 0 00:00:00, Sys 0 00:00:00  -  Total Local Usage
	34596088  -  Run Bytes Sent By Job
	181210  -  Run Bytes Received By Job
	34596088  -  Total Bytes Sent By Job
	181210  -  Total Bytes Received By Job
	Partitionable Resources :    Usage  Request Allocated 
	   Cpus                 :     0.79        1         1 
	   Disk (KB)            : 34034         200    128928 
	   Memory (MB)          :   198        3900      3968 

	Job terminated of its own accord at 2024-01-18T12:22:06Z.
...
000 (390888.029.000) 2024-01-18 21:30:57 Job submitted from host: <172.30.1.200:9618?addrs=172.30.1.200-9618&alias=tamsa2.snu.ac.kr&noUDP&sock=schedd_3625_06e6>
...
040 (390888.029.000) 2024-01-18 21:31:00 Started transferring input files
	Transferring to host: <172.30.1.204:9618?addrs=172.30.1.204-9618&alias=node4&noUDP&sock=slot1_5_3725_5971_202630>
...
001 (390888.029.000) 2024-01-18 21:31:00 Job executing on host: <172.30.1.204:9618?addrs=172.30.1.204-9618&alias=node4&noUDP&sock=startd_3691_4c27>
...
040 (390888.029.000) 2024-01-18 21:31:00 Finished transferring input files
...
006 (390888.029.000) 2024-01-18 21:31:09 Image size of job updated: 835116
	183  -  MemoryUsage of job (MB)
	187236  -  ResidentSetSize of job (KB)
...
006 (390888.029.000) 2024-01-18 21:34:10 Image size of job updated: 864916
	183  -  MemoryUsage of job (MB)
	187236  -  ResidentSetSize of job (KB)
...
040 (390888.029.000) 2024-01-18 21:34:10 Started transferring output files
...
040 (390888.029.000) 2024-01-18 21:34:23 Finished transferring output files
...
005 (390888.029.000) 2024-01-18 21:34:23 Job terminated.
	(1) Normal termination (return value 0)
		Usr 0 00:02:49, Sys 0 00:00:12  -  Run Remote Usage
		Usr 0 00:00:00, Sys 0 00:00:00  -  Run Local Usage
		Usr 0 00:02:49, Sys 0 00:00:12  -  Total Remote Usage
		Usr 0 00:00:00, Sys 0 00:00:00  -  Total Local Usage
	33696024  -  Run Bytes Sent By Job
	181214  -  Run Bytes Received By Job
	33696024  -  Total Bytes Sent By Job
	181214  -  Total Bytes Received By Job
	Partitionable Resources :    Usage  Request Allocated 
	   Cpus                 :     1.00        1         1 
	   Disk (KB)            : 33155         200    128928 
	   Memory (MB)          :   183        3900      3968 

	Job terminated of its own accord at 2024-01-18T12:34:10Z.
...
000 (390894.029.000) 2024-01-18 21:35:52 Job submitted from host: <172.30.1.200:9618?addrs=172.30.1.200-9618&alias=tamsa2.snu.ac.kr&noUDP&sock=schedd_3625_06e6>
...
040 (390894.029.000) 2024-01-18 21:36:09 Started transferring input files
	Transferring to host: <172.30.1.204:9618?addrs=172.30.1.204-9618&alias=node4&noUDP&sock=slot1_6_3725_5971_202653>
...
001 (390894.029.000) 2024-01-18 21:36:09 Job executing on host: <172.30.1.204:9618?addrs=172.30.1.204-9618&alias=node4&noUDP&sock=startd_3691_4c27>
...
040 (390894.029.000) 2024-01-18 21:36:09 Finished transferring input files
...
006 (390894.029.000) 2024-01-18 21:36:18 Image size of job updated: 573336
	183  -  MemoryUsage of job (MB)
	186736  -  ResidentSetSize of job (KB)
...
006 (390894.029.000) 2024-01-18 21:39:13 Image size of job updated: 869136
	183  -  MemoryUsage of job (MB)
	186736  -  ResidentSetSize of job (KB)
...
040 (390894.029.000) 2024-01-18 21:39:13 Started transferring output files
...
040 (390894.029.000) 2024-01-18 21:39:16 Finished transferring output files
...
005 (390894.029.000) 2024-01-18 21:39:17 Job terminated.
	(1) Normal termination (return value 0)
		Usr 0 00:02:44, Sys 0 00:00:11  -  Run Remote Usage
		Usr 0 00:00:00, Sys 0 00:00:00  -  Run Local Usage
		Usr 0 00:02:44, Sys 0 00:00:11  -  Total Remote Usage
		Usr 0 00:00:00, Sys 0 00:00:00  -  Total Local Usage
	33694704  -  Run Bytes Sent By Job
	181194  -  Run Bytes Received By Job
	33694704  -  Total Bytes Sent By Job
	181194  -  Total Bytes Received By Job
	Partitionable Resources :    Usage  Request Allocated 
	   Cpus                 :     0.99        1         1 
	   Disk (KB)            : 33154         200    128928 
	   Memory (MB)          :   183        3900      3968 

	Job terminated of its own accord at 2024-01-18T12:39:13Z.
...
000 (390895.029.000) 2024-01-18 21:48:05 Job submitted from host: <172.30.1.200:9618?addrs=172.30.1.200-9618&alias=tamsa2.snu.ac.kr&noUDP&sock=schedd_3625_06e6>
...
040 (390895.029.000) 2024-01-18 21:48:08 Started transferring input files
	Transferring to host: <172.30.1.208:9618?addrs=172.30.1.208-9618&alias=node8&noUDP&sock=slot1_14_3811_f1b4_190805>
...
001 (390895.029.000) 2024-01-18 21:48:08 Job executing on host: <172.30.1.208:9618?addrs=172.30.1.208-9618&alias=node8&noUDP&sock=startd_3777_494c>
...
040 (390895.029.000) 2024-01-18 21:48:08 Finished transferring input files
...
006 (390895.029.000) 2024-01-18 21:48:17 Image size of job updated: 139088
	15  -  MemoryUsage of job (MB)
	14820  -  ResidentSetSize of job (KB)
...
006 (390895.029.000) 2024-01-18 21:50:05 Image size of job updated: 867348
	15  -  MemoryUsage of job (MB)
	14820  -  ResidentSetSize of job (KB)
...
004 (390895.029.000) 2024-01-18 21:50:06 Job was evicted.
	(0) CPU times
		Usr 0 00:01:05, Sys 0 00:00:05  -  Run Remote Usage
		Usr 0 00:00:00, Sys 0 00:00:00  -  Run Local Usage
	0  -  Run Bytes Sent By Job
	182143  -  Run Bytes Received By Job
	Partitionable Resources :    Usage  Request Allocated 
	   Cpus                 :     0.54        1         1 
	   Disk (KB)            :  4737         200    128928 
	   Memory (MB)          :    15        3900      3968 
...
009 (390895.029.000) 2024-01-18 21:50:06 Job was aborted.
	via condor_rm (by user shin)
...
000 (390896.029.000) 2024-01-18 21:53:08 Job submitted from host: <172.30.1.200:9618?addrs=172.30.1.200-9618&alias=tamsa2.snu.ac.kr&noUDP&sock=schedd_3625_06e6>
...
040 (390896.029.000) 2024-01-18 21:54:28 Started transferring input files
	Transferring to host: <172.30.1.102:9618?addrs=172.30.1.102-9618&alias=n2&noUDP&sock=slot1_23_3356_5b02_63208>
...
001 (390896.029.000) 2024-01-18 21:54:28 Job executing on host: <172.30.1.102:9618?addrs=172.30.1.102-9618&alias=n2&noUDP&sock=startd_3322_31b4>
...
040 (390896.029.000) 2024-01-18 21:54:28 Finished transferring input files
...
006 (390896.029.000) 2024-01-18 21:54:37 Image size of job updated: 155096
	152  -  MemoryUsage of job (MB)
	155096  -  ResidentSetSize of job (KB)
...
006 (390896.029.000) 2024-01-18 21:59:37 Image size of job updated: 868020
	206  -  MemoryUsage of job (MB)
	210308  -  ResidentSetSize of job (KB)
...
006 (390896.029.000) 2024-01-18 22:01:29 Image size of job updated: 872092
	206  -  MemoryUsage of job (MB)
	210308  -  ResidentSetSize of job (KB)
...
040 (390896.029.000) 2024-01-18 22:01:29 Started transferring output files
...
040 (390896.029.000) 2024-01-18 22:01:30 Finished transferring output files
...
005 (390896.029.000) 2024-01-18 22:01:30 Job terminated.
	(1) Normal termination (return value 0)
		Usr 0 00:05:45, Sys 0 00:00:33  -  Run Remote Usage
		Usr 0 00:00:00, Sys 0 00:00:00  -  Run Local Usage
		Usr 0 00:05:45, Sys 0 00:00:33  -  Total Remote Usage
		Usr 0 00:00:00, Sys 0 00:00:00  -  Total Local Usage
	39361300  -  Run Bytes Sent By Job
	182135  -  Run Bytes Received By Job
	39361300  -  Total Bytes Sent By Job
	182135  -  Total Bytes Received By Job
	Partitionable Resources :    Usage  Request Allocated 
	   Cpus                 :     0.97        1         1 
	   Disk (KB)            : 38689         200    123820 
	   Memory (MB)          :   206        3900      3968 

	Job terminated of its own accord at 2024-01-18T13:01:29Z.
...
000 (390897.029.000) 2024-01-18 22:03:48 Job submitted from host: <172.30.1.200:9618?addrs=172.30.1.200-9618&alias=tamsa2.snu.ac.kr&noUDP&sock=schedd_3625_06e6>
...
040 (390897.029.000) 2024-01-18 22:05:49 Started transferring input files
	Transferring to host: <172.30.1.111:9618?addrs=172.30.1.111-9618&alias=n11&noUDP&sock=slot1_4_4271_0e47_37936>
...
040 (390897.029.000) 2024-01-18 22:05:49 Finished transferring input files
...
001 (390897.029.000) 2024-01-18 22:05:49 Job executing on host: <172.30.1.111:9618?addrs=172.30.1.111-9618&alias=n11&noUDP&sock=startd_4237_cedc>
...
006 (390897.029.000) 2024-01-18 22:05:58 Image size of job updated: 855372
	198  -  MemoryUsage of job (MB)
	202676  -  ResidentSetSize of job (KB)
...
006 (390897.029.000) 2024-01-18 22:08:18 Image size of job updated: 863180
	198  -  MemoryUsage of job (MB)
	202676  -  ResidentSetSize of job (KB)
...
040 (390897.029.000) 2024-01-18 22:08:18 Started transferring output files
...
040 (390897.029.000) 2024-01-18 22:08:19 Finished transferring output files
...
005 (390897.029.000) 2024-01-18 22:08:19 Job terminated.
	(1) Normal termination (return value 0)
		Usr 0 00:02:15, Sys 0 00:00:08  -  Run Remote Usage
		Usr 0 00:00:00, Sys 0 00:00:00  -  Run Local Usage
		Usr 0 00:02:15, Sys 0 00:00:08  -  Total Remote Usage
		Usr 0 00:00:00, Sys 0 00:00:00  -  Total Local Usage
	39181156  -  Run Bytes Sent By Job
	182135  -  Run Bytes Received By Job
	39181156  -  Total Bytes Sent By Job
	182135  -  Total Bytes Received By Job
	Partitionable Resources :    Usage  Request Allocated 
	   Cpus                 :                 1         1 
	   Disk (KB)            :    38508      200    127752 
	   GPUs                 :                           0 
	   Memory (MB)          :      198     3900      3968 

	Job terminated of its own accord at 2024-01-18T13:08:18Z.
...
000 (390986.029.000) 2024-01-18 22:24:33 Job submitted from host: <172.30.1.200:9618?addrs=172.30.1.200-9618&alias=tamsa2.snu.ac.kr&noUDP&sock=schedd_3625_06e6>
...
040 (390986.029.000) 2024-01-18 22:26:35 Started transferring input files
	Transferring to host: <172.30.1.211:9618?addrs=172.30.1.211-9618&alias=node11&noUDP&sock=slot1_35_3735_6531_177161>
...
001 (390986.029.000) 2024-01-18 22:26:35 Job executing on host: <172.30.1.211:9618?addrs=172.30.1.211-9618&alias=node11&noUDP&sock=startd_3699_c8e9>
...
040 (390986.029.000) 2024-01-18 22:26:35 Finished transferring input files
...
006 (390986.029.000) 2024-01-18 22:26:44 Image size of job updated: 139604
	15  -  MemoryUsage of job (MB)
	14812  -  ResidentSetSize of job (KB)
...
006 (390986.029.000) 2024-01-18 22:31:20 Image size of job updated: 870276
	15  -  MemoryUsage of job (MB)
	14812  -  ResidentSetSize of job (KB)
...
040 (390986.029.000) 2024-01-18 22:31:20 Started transferring output files
...
040 (390986.029.000) 2024-01-18 22:31:22 Finished transferring output files
...
005 (390986.029.000) 2024-01-18 22:31:22 Job terminated.
	(1) Normal termination (return value 0)
		Usr 0 00:03:16, Sys 0 00:00:13  -  Run Remote Usage
		Usr 0 00:00:00, Sys 0 00:00:00  -  Run Local Usage
		Usr 0 00:03:16, Sys 0 00:00:13  -  Total Remote Usage
		Usr 0 00:00:00, Sys 0 00:00:00  -  Total Local Usage
	35434072  -  Run Bytes Sent By Job
	182182  -  Run Bytes Received By Job
	35434072  -  Total Bytes Sent By Job
	182182  -  Total Bytes Received By Job
	Partitionable Resources :    Usage  Request Allocated 
	   Cpus                 :     0.58        1         1 
	   Disk (KB)            : 34854         200    128928 
	   Memory (MB)          :    15        3900      3968 

	Job terminated of its own accord at 2024-01-18T13:31:20Z.
...
000 (391043.029.000) 2024-01-18 23:16:24 Job submitted from host: <172.30.1.200:9618?addrs=172.30.1.200-9618&alias=tamsa2.snu.ac.kr&noUDP&sock=schedd_3625_06e6>
...
040 (391043.029.000) 2024-01-18 23:16:30 Started transferring input files
	Transferring to host: <172.30.1.204:9618?addrs=172.30.1.204-9618&alias=node4&noUDP&sock=slot1_21_3725_5971_202943>
...
001 (391043.029.000) 2024-01-18 23:16:30 Job executing on host: <172.30.1.204:9618?addrs=172.30.1.204-9618&alias=node4&noUDP&sock=startd_3691_4c27>
...
040 (391043.029.000) 2024-01-18 23:16:30 Finished transferring input files
...
006 (391043.029.000) 2024-01-18 23:16:38 Image size of job updated: 139088
	74  -  MemoryUsage of job (MB)
	75364  -  ResidentSetSize of job (KB)
...
006 (391043.029.000) 2024-01-18 23:18:18 Image size of job updated: 846504
	74  -  MemoryUsage of job (MB)
	75364  -  ResidentSetSize of job (KB)
...
040 (391043.029.000) 2024-01-18 23:18:23 Started transferring output files
...
040 (391043.029.000) 2024-01-18 23:18:26 Finished transferring output files
...
005 (391043.029.000) 2024-01-18 23:18:26 Job terminated.
	(1) Normal termination (return value 0)
		Usr 0 00:01:06, Sys 0 00:00:06  -  Run Remote Usage
		Usr 0 00:00:00, Sys 0 00:00:00  -  Run Local Usage
		Usr 0 00:01:06, Sys 0 00:00:06  -  Total Remote Usage
		Usr 0 00:00:00, Sys 0 00:00:00  -  Total Local Usage
	7464007  -  Run Bytes Sent By Job
	182524  -  Run Bytes Received By Job
	7464007  -  Total Bytes Sent By Job
	182524  -  Total Bytes Received By Job
	Partitionable Resources :    Usage  Request Allocated 
	   Cpus                 :     0.01        1         1 
	   Disk (KB)            :  7540         200    128928 
	   Memory (MB)          :    74        3900      3968 

	Job terminated of its own accord at 2024-01-18T14:18:18Z.
...
000 (391059.029.000) 2024-01-19 10:38:28 Job submitted from host: <172.30.1.200:9618?addrs=172.30.1.200-9618&alias=tamsa2.snu.ac.kr&noUDP&sock=schedd_3625_06e6>
...
040 (391059.029.000) 2024-01-19 10:38:33 Started transferring input files
	Transferring to host: <172.30.1.214:9618?addrs=172.30.1.214-9618&alias=node14&noUDP&sock=slot1_79_4480_50af_235012>
...
001 (391059.029.000) 2024-01-19 10:38:33 Job executing on host: <172.30.1.214:9618?addrs=172.30.1.214-9618&alias=node14&noUDP&sock=startd_4446_2a28>
...
040 (391059.029.000) 2024-01-19 10:38:33 Finished transferring input files
...
006 (391059.029.000) 2024-01-19 10:38:41 Image size of job updated: 80452
	74  -  MemoryUsage of job (MB)
	75356  -  ResidentSetSize of job (KB)
...
006 (391059.029.000) 2024-01-19 10:43:35 Image size of job updated: 866136
	74  -  MemoryUsage of job (MB)
	75356  -  ResidentSetSize of job (KB)
...
040 (391059.029.000) 2024-01-19 10:43:35 Started transferring output files
...
040 (391059.029.000) 2024-01-19 10:43:37 Finished transferring output files
...
005 (391059.029.000) 2024-01-19 10:43:37 Job terminated.
	(1) Normal termination (return value 0)
		Usr 0 00:03:32, Sys 0 00:00:17  -  Run Remote Usage
		Usr 0 00:00:00, Sys 0 00:00:00  -  Run Local Usage
		Usr 0 00:03:32, Sys 0 00:00:17  -  Total Remote Usage
		Usr 0 00:00:00, Sys 0 00:00:00  -  Total Local Usage
	33787752  -  Run Bytes Sent By Job
	182504  -  Run Bytes Received By Job
	33787752  -  Total Bytes Sent By Job
	182504  -  Total Bytes Received By Job
	Partitionable Resources :    Usage  Request Allocated 
	   Cpus                 :     0.90        1         1 
	   Disk (KB)            : 33246         200    261111 
	   Memory (MB)          :    74        3900      3968 

	Job terminated of its own accord at 2024-01-19T01:43:35Z.
...
000 (391060.029.000) 2024-01-19 10:57:46 Job submitted from host: <172.30.1.200:9618?addrs=172.30.1.200-9618&alias=tamsa2.snu.ac.kr&noUDP&sock=schedd_3625_06e6>
...
040 (391060.029.000) 2024-01-19 10:57:51 Started transferring input files
	Transferring to host: <172.30.1.207:9618?addrs=172.30.1.207-9618&alias=node7&noUDP&sock=slot1_43_39434_91fd_225185>
...
001 (391060.029.000) 2024-01-19 10:57:51 Job executing on host: <172.30.1.207:9618?addrs=172.30.1.207-9618&alias=node7&noUDP&sock=startd_3748_650d>
...
040 (391060.029.000) 2024-01-19 10:57:51 Finished transferring input files
...
006 (391060.029.000) 2024-01-19 10:58:00 Image size of job updated: 187768
	172  -  MemoryUsage of job (MB)
	175192  -  ResidentSetSize of job (KB)
...
006 (391060.029.000) 2024-01-19 11:02:29 Image size of job updated: 867464
	172  -  MemoryUsage of job (MB)
	175192  -  ResidentSetSize of job (KB)
...
040 (391060.029.000) 2024-01-19 11:02:29 Started transferring output files
...
040 (391060.029.000) 2024-01-19 11:02:34 Finished transferring output files
...
005 (391060.029.000) 2024-01-19 11:02:34 Job terminated.
	(1) Normal termination (return value 0)
		Usr 0 00:03:25, Sys 0 00:00:13  -  Run Remote Usage
		Usr 0 00:00:00, Sys 0 00:00:00  -  Run Local Usage
		Usr 0 00:03:25, Sys 0 00:00:13  -  Total Remote Usage
		Usr 0 00:00:00, Sys 0 00:00:00  -  Total Local Usage
	35435936  -  Run Bytes Sent By Job
	182520  -  Run Bytes Received By Job
	35435936  -  Total Bytes Sent By Job
	182520  -  Total Bytes Received By Job
	Partitionable Resources :    Usage  Request Allocated 
	   Cpus                 :     0.80        1         1 
	   Disk (KB)            : 34856         200    121695 
	   Memory (MB)          :   172        3900      3968 

	Job terminated of its own accord at 2024-01-19T02:02:29Z.
...
000 (391113.029.000) 2024-01-19 11:50:58 Job submitted from host: <172.30.1.200:9618?addrs=172.30.1.200-9618&alias=tamsa2.snu.ac.kr&noUDP&sock=schedd_3625_06e6>
...
040 (391113.029.000) 2024-01-19 11:51:02 Started transferring input files
	Transferring to host: <172.30.1.204:9618?addrs=172.30.1.204-9618&alias=node4&noUDP&sock=slot1_47_3725_5971_203291>
...
001 (391113.029.000) 2024-01-19 11:51:02 Job executing on host: <172.30.1.204:9618?addrs=172.30.1.204-9618&alias=node4&noUDP&sock=startd_3691_4c27>
...
040 (391113.029.000) 2024-01-19 11:51:02 Finished transferring input files
...
006 (391113.029.000) 2024-01-19 11:51:10 Image size of job updated: 578808
	130  -  MemoryUsage of job (MB)
	132412  -  ResidentSetSize of job (KB)
...
006 (391113.029.000) 2024-01-19 11:53:11 Image size of job updated: 845976
	130  -  MemoryUsage of job (MB)
	132412  -  ResidentSetSize of job (KB)
...
040 (391113.029.000) 2024-01-19 11:53:11 Started transferring output files
...
040 (391113.029.000) 2024-01-19 11:53:12 Finished transferring output files
...
005 (391113.029.000) 2024-01-19 11:53:12 Job terminated.
	(1) Normal termination (return value 0)
		Usr 0 00:01:10, Sys 0 00:00:07  -  Run Remote Usage
		Usr 0 00:00:00, Sys 0 00:00:00  -  Run Local Usage
		Usr 0 00:01:10, Sys 0 00:00:07  -  Total Remote Usage
		Usr 0 00:00:00, Sys 0 00:00:00  -  Total Local Usage
	7464063  -  Run Bytes Sent By Job
	183986  -  Run Bytes Received By Job
	7464063  -  Total Bytes Sent By Job
	183986  -  Total Bytes Received By Job
	Partitionable Resources :    Usage  Request Allocated 
	   Cpus                 :     0.08        1         1 
	   Disk (KB)            :  7542         200    128928 
	   Memory (MB)          :   130        3900      3968 

	Job terminated of its own accord at 2024-01-19T02:53:11Z.
...
000 (391114.029.000) 2024-01-19 11:56:30 Job submitted from host: <172.30.1.200:9618?addrs=172.30.1.200-9618&alias=tamsa2.snu.ac.kr&noUDP&sock=schedd_3625_06e6>
...
040 (391114.029.000) 2024-01-19 11:56:34 Started transferring input files
	Transferring to host: <172.30.1.208:9618?addrs=172.30.1.208-9618&alias=node8&noUDP&sock=slot1_41_3811_f1b4_191176>
...
040 (391114.029.000) 2024-01-19 11:56:34 Finished transferring input files
...
001 (391114.029.000) 2024-01-19 11:56:34 Job executing on host: <172.30.1.208:9618?addrs=172.30.1.208-9618&alias=node8&noUDP&sock=startd_3777_494c>
...
006 (391114.029.000) 2024-01-19 11:56:42 Image size of job updated: 731748
	181  -  MemoryUsage of job (MB)
	184604  -  ResidentSetSize of job (KB)
...
006 (391114.029.000) 2024-01-19 11:58:39 Image size of job updated: 846132
	181  -  MemoryUsage of job (MB)
	184604  -  ResidentSetSize of job (KB)
...
040 (391114.029.000) 2024-01-19 11:58:39 Started transferring output files
...
040 (391114.029.000) 2024-01-19 11:58:40 Finished transferring output files
...
005 (391114.029.000) 2024-01-19 11:58:40 Job terminated.
	(1) Normal termination (return value 0)
		Usr 0 00:01:11, Sys 0 00:00:07  -  Run Remote Usage
		Usr 0 00:00:00, Sys 0 00:00:00  -  Run Local Usage
		Usr 0 00:01:11, Sys 0 00:00:07  -  Total Remote Usage
		Usr 0 00:00:00, Sys 0 00:00:00  -  Total Local Usage
	7464183  -  Run Bytes Sent By Job
	183986  -  Run Bytes Received By Job
	7464183  -  Total Bytes Sent By Job
	183986  -  Total Bytes Received By Job
	Partitionable Resources :    Usage  Request Allocated 
	   Cpus                 :                 1         1 
	   Disk (KB)            :     7536      200    128928 
	   Memory (MB)          :      181     3900      3968 

	Job terminated of its own accord at 2024-01-19T02:58:39Z.
...
000 (391115.029.000) 2024-01-19 12:05:54 Job submitted from host: <172.30.1.200:9618?addrs=172.30.1.200-9618&alias=tamsa2.snu.ac.kr&noUDP&sock=schedd_3625_06e6>
...
040 (391115.029.000) 2024-01-19 12:05:58 Started transferring input files
	Transferring to host: <172.30.1.208:9618?addrs=172.30.1.208-9618&alias=node8&noUDP&sock=slot1_42_3811_f1b4_191185>
...
001 (391115.029.000) 2024-01-19 12:05:58 Job executing on host: <172.30.1.208:9618?addrs=172.30.1.208-9618&alias=node8&noUDP&sock=startd_3777_494c>
...
040 (391115.029.000) 2024-01-19 12:05:58 Finished transferring input files
...
006 (391115.029.000) 2024-01-19 12:06:06 Image size of job updated: 184596
	181  -  MemoryUsage of job (MB)
	184596  -  ResidentSetSize of job (KB)
...
006 (391115.029.000) 2024-01-19 12:07:49 Image size of job updated: 843780
	181  -  MemoryUsage of job (MB)
	184596  -  ResidentSetSize of job (KB)
...
040 (391115.029.000) 2024-01-19 12:07:49 Started transferring output files
...
040 (391115.029.000) 2024-01-19 12:07:49 Finished transferring output files
...
005 (391115.029.000) 2024-01-19 12:07:50 Job terminated.
	(1) Normal termination (return value 0)
		Usr 0 00:01:12, Sys 0 00:00:07  -  Run Remote Usage
		Usr 0 00:00:00, Sys 0 00:00:00  -  Run Local Usage
		Usr 0 00:01:12, Sys 0 00:00:07  -  Total Remote Usage
		Usr 0 00:00:00, Sys 0 00:00:00  -  Total Local Usage
	7464183  -  Run Bytes Sent By Job
	184022  -  Run Bytes Received By Job
	7464183  -  Total Bytes Sent By Job
	184022  -  Total Bytes Received By Job
	Partitionable Resources :    Usage  Request Allocated 
	   Cpus                 :                 1         1 
	   Disk (KB)            :     7537      200    128928 
	   Memory (MB)          :      181     3900      3968 

	Job terminated of its own accord at 2024-01-19T03:07:49Z.
...
000 (391116.029.000) 2024-01-19 12:09:38 Job submitted from host: <172.30.1.200:9618?addrs=172.30.1.200-9618&alias=tamsa2.snu.ac.kr&noUDP&sock=schedd_3625_06e6>
...
040 (391116.029.000) 2024-01-19 12:09:41 Started transferring input files
	Transferring to host: <172.30.1.208:9618?addrs=172.30.1.208-9618&alias=node8&noUDP&sock=slot1_42_3811_f1b4_191193>
...
001 (391116.029.000) 2024-01-19 12:09:41 Job executing on host: <172.30.1.208:9618?addrs=172.30.1.208-9618&alias=node8&noUDP&sock=startd_3777_494c>
...
040 (391116.029.000) 2024-01-19 12:09:41 Finished transferring input files
...
006 (391116.029.000) 2024-01-19 12:09:49 Image size of job updated: 656416
	183  -  MemoryUsage of job (MB)
	186740  -  ResidentSetSize of job (KB)
...
006 (391116.029.000) 2024-01-19 12:11:46 Image size of job updated: 846200
	183  -  MemoryUsage of job (MB)
	186740  -  ResidentSetSize of job (KB)
...
040 (391116.029.000) 2024-01-19 12:11:46 Started transferring output files
...
040 (391116.029.000) 2024-01-19 12:11:48 Finished transferring output files
...
005 (391116.029.000) 2024-01-19 12:11:48 Job terminated.
	(1) Normal termination (return value 0)
		Usr 0 00:01:12, Sys 0 00:00:07  -  Run Remote Usage
		Usr 0 00:00:00, Sys 0 00:00:00  -  Run Local Usage
		Usr 0 00:01:12, Sys 0 00:00:07  -  Total Remote Usage
		Usr 0 00:00:00, Sys 0 00:00:00  -  Total Local Usage
	7464207  -  Run Bytes Sent By Job
	184022  -  Run Bytes Received By Job
	7464207  -  Total Bytes Sent By Job
	184022  -  Total Bytes Received By Job
	Partitionable Resources :    Usage  Request Allocated 
	   Cpus                 :     0.48        1         1 
	   Disk (KB)            :  7542         200    128928 
	   Memory (MB)          :   183        3900      3968 

	Job terminated of its own accord at 2024-01-19T03:11:46Z.
...
000 (391117.029.000) 2024-01-19 12:15:27 Job submitted from host: <172.30.1.200:9618?addrs=172.30.1.200-9618&alias=tamsa2.snu.ac.kr&noUDP&sock=schedd_3625_06e6>
...
040 (391117.029.000) 2024-01-19 12:15:34 Started transferring input files
	Transferring to host: <172.30.1.208:9618?addrs=172.30.1.208-9618&alias=node8&noUDP&sock=slot1_43_3811_f1b4_191202>
...
001 (391117.029.000) 2024-01-19 12:15:34 Job executing on host: <172.30.1.208:9618?addrs=172.30.1.208-9618&alias=node8&noUDP&sock=startd_3777_494c>
...
040 (391117.029.000) 2024-01-19 12:15:34 Finished transferring input files
...
006 (391117.029.000) 2024-01-19 12:15:42 Image size of job updated: 570772
	182  -  MemoryUsage of job (MB)
	185404  -  ResidentSetSize of job (KB)
...
006 (391117.029.000) 2024-01-19 12:20:18 Image size of job updated: 865924
	182  -  MemoryUsage of job (MB)
	185404  -  ResidentSetSize of job (KB)
...
040 (391117.029.000) 2024-01-19 12:20:18 Started transferring output files
...
040 (391117.029.000) 2024-01-19 12:20:19 Finished transferring output files
...
005 (391117.029.000) 2024-01-19 12:20:19 Job terminated.
	(1) Normal termination (return value 0)
		Usr 0 00:03:34, Sys 0 00:00:13  -  Run Remote Usage
		Usr 0 00:00:00, Sys 0 00:00:00  -  Run Local Usage
		Usr 0 00:03:34, Sys 0 00:00:13  -  Total Remote Usage
		Usr 0 00:00:00, Sys 0 00:00:00  -  Total Local Usage
	33939200  -  Run Bytes Sent By Job
	184028  -  Run Bytes Received By Job
	33939200  -  Total Bytes Sent By Job
	184028  -  Total Bytes Received By Job
	Partitionable Resources :    Usage  Request Allocated 
	   Cpus                 :     0.39        1         1 
	   Disk (KB)            : 33397         200    128928 
	   Memory (MB)          :   182        3900      3968 

	Job terminated of its own accord at 2024-01-19T03:20:18Z.
...
000 (391118.029.000) 2024-01-19 12:41:45 Job submitted from host: <172.30.1.200:9618?addrs=172.30.1.200-9618&alias=tamsa2.snu.ac.kr&noUDP&sock=schedd_3625_06e6>
...
040 (391118.029.000) 2024-01-19 12:41:52 Started transferring input files
	Transferring to host: <172.30.1.208:9618?addrs=172.30.1.208-9618&alias=node8&noUDP&sock=slot1_47_3811_f1b4_191218>
...
001 (391118.029.000) 2024-01-19 12:41:52 Job executing on host: <172.30.1.208:9618?addrs=172.30.1.208-9618&alias=node8&noUDP&sock=startd_3777_494c>
...
040 (391118.029.000) 2024-01-19 12:41:52 Finished transferring input files
...
006 (391118.029.000) 2024-01-19 12:42:01 Image size of job updated: 184568
	181  -  MemoryUsage of job (MB)
	184568  -  ResidentSetSize of job (KB)
...
006 (391118.029.000) 2024-01-19 12:43:50 Image size of job updated: 846104
	181  -  MemoryUsage of job (MB)
	184568  -  ResidentSetSize of job (KB)
...
040 (391118.029.000) 2024-01-19 12:43:50 Started transferring output files
...
040 (391118.029.000) 2024-01-19 12:43:51 Finished transferring output files
...
005 (391118.029.000) 2024-01-19 12:43:51 Job terminated.
	(1) Normal termination (return value 0)
		Usr 0 00:01:10, Sys 0 00:00:07  -  Run Remote Usage
		Usr 0 00:00:00, Sys 0 00:00:00  -  Run Local Usage
		Usr 0 00:01:10, Sys 0 00:00:07  -  Total Remote Usage
		Usr 0 00:00:00, Sys 0 00:00:00  -  Total Local Usage
	7464127  -  Run Bytes Sent By Job
	183796  -  Run Bytes Received By Job
	7464127  -  Total Bytes Sent By Job
	183796  -  Total Bytes Received By Job
	Partitionable Resources :    Usage  Request Allocated 
	   Cpus                 :                 1         1 
	   Disk (KB)            :     7536      200    128928 
	   Memory (MB)          :      181     3900      3968 

	Job terminated of its own accord at 2024-01-19T03:43:50Z.
...
000 (391119.029.000) 2024-01-19 12:47:04 Job submitted from host: <172.30.1.200:9618?addrs=172.30.1.200-9618&alias=tamsa2.snu.ac.kr&noUDP&sock=schedd_3625_06e6>
...
040 (391119.029.000) 2024-01-19 12:47:14 Started transferring input files
	Transferring to host: <172.30.1.210:9618?addrs=172.30.1.210-9618&alias=node10&noUDP&sock=slot1_44_3822_b1d4_184623>
...
001 (391119.029.000) 2024-01-19 12:47:14 Job executing on host: <172.30.1.210:9618?addrs=172.30.1.210-9618&alias=node10&noUDP&sock=startd_3788_d4d6>
...
040 (391119.029.000) 2024-01-19 12:47:14 Finished transferring input files
...
006 (391119.029.000) 2024-01-19 12:47:23 Image size of job updated: 186736
	183  -  MemoryUsage of job (MB)
	186736  -  ResidentSetSize of job (KB)
...
006 (391119.029.000) 2024-01-19 12:51:54 Image size of job updated: 866468
	183  -  MemoryUsage of job (MB)
	186736  -  ResidentSetSize of job (KB)
...
040 (391119.029.000) 2024-01-19 12:51:54 Started transferring output files
...
040 (391119.029.000) 2024-01-19 12:51:54 Finished transferring output files
...
005 (391119.029.000) 2024-01-19 12:51:54 Job terminated.
	(1) Normal termination (return value 0)
		Usr 0 00:03:36, Sys 0 00:00:13  -  Run Remote Usage
		Usr 0 00:00:00, Sys 0 00:00:00  -  Run Local Usage
		Usr 0 00:03:36, Sys 0 00:00:13  -  Total Remote Usage
		Usr 0 00:00:00, Sys 0 00:00:00  -  Total Local Usage
	33464476  -  Run Bytes Sent By Job
	183796  -  Run Bytes Received By Job
	33464476  -  Total Bytes Sent By Job
	183796  -  Total Bytes Received By Job
	Partitionable Resources :    Usage  Request Allocated 
	   Cpus                 :     0.67        1         1 
	   Disk (KB)            : 32933         200    128928 
	   Memory (MB)          :   183        3900      3968 

	Job terminated of its own accord at 2024-01-19T03:51:54Z.
...
000 (391120.029.000) 2024-01-19 13:02:28 Job submitted from host: <172.30.1.200:9618?addrs=172.30.1.200-9618&alias=tamsa2.snu.ac.kr&noUDP&sock=schedd_3625_06e6>
...
040 (391120.029.000) 2024-01-19 13:02:38 Started transferring input files
	Transferring to host: <172.30.1.209:9618?addrs=172.30.1.209-9618&alias=node9&noUDP&sock=slot1_5_3782_82d3_179358>
...
001 (391120.029.000) 2024-01-19 13:02:38 Job executing on host: <172.30.1.209:9618?addrs=172.30.1.209-9618&alias=node9&noUDP&sock=startd_3748_650d>
...
040 (391120.029.000) 2024-01-19 13:02:38 Finished transferring input files
...
006 (391120.029.000) 2024-01-19 13:02:47 Image size of job updated: 801488
	181  -  MemoryUsage of job (MB)
	184540  -  ResidentSetSize of job (KB)
...
006 (391120.029.000) 2024-01-19 13:07:15 Image size of job updated: 870524
	181  -  MemoryUsage of job (MB)
	184540  -  ResidentSetSize of job (KB)
...
040 (391120.029.000) 2024-01-19 13:07:17 Started transferring output files
...
040 (391120.029.000) 2024-01-19 13:07:21 Finished transferring output files
...
005 (391120.029.000) 2024-01-19 13:07:21 Job terminated.
	(1) Normal termination (return value 0)
		Usr 0 00:03:30, Sys 0 00:00:15  -  Run Remote Usage
		Usr 0 00:00:00, Sys 0 00:00:00  -  Run Local Usage
		Usr 0 00:03:30, Sys 0 00:00:15  -  Total Remote Usage
		Usr 0 00:00:00, Sys 0 00:00:00  -  Total Local Usage
	33424980  -  Run Bytes Sent By Job
	183796  -  Run Bytes Received By Job
	33424980  -  Total Bytes Sent By Job
	183796  -  Total Bytes Received By Job
	Partitionable Resources :    Usage  Request Allocated 
	   Cpus                 :     0.66        1         1 
	   Disk (KB)            : 32894         200    128928 
	   Memory (MB)          :   181        3900      3968 

	Job terminated of its own accord at 2024-01-19T04:07:15Z.
...
000 (391131.029.000) 2024-01-19 14:22:45 Job submitted from host: <172.30.1.200:9618?addrs=172.30.1.200-9618&alias=tamsa2.snu.ac.kr&noUDP&sock=schedd_3625_06e6>
...
040 (391131.029.000) 2024-01-19 14:22:52 Started transferring input files
	Transferring to host: <172.30.1.201:9618?addrs=172.30.1.201-9618&alias=node1&noUDP&sock=slot1_47_12171_5208_13842>
...
001 (391131.029.000) 2024-01-19 14:22:53 Job executing on host: <172.30.1.201:9618?addrs=172.30.1.201-9618&alias=node1&noUDP&sock=startd_12138_3ca4>
...
040 (391131.029.000) 2024-01-19 14:22:53 Finished transferring input files
...
006 (391131.029.000) 2024-01-19 14:23:01 Image size of job updated: 119192
	96  -  MemoryUsage of job (MB)
	98076  -  ResidentSetSize of job (KB)
...
006 (391131.029.000) 2024-01-19 14:28:01 Image size of job updated: 955824
	299  -  MemoryUsage of job (MB)
	305584  -  ResidentSetSize of job (KB)
...
006 (391131.029.000) 2024-01-19 14:28:10 Image size of job updated: 960808
	299  -  MemoryUsage of job (MB)
	305584  -  ResidentSetSize of job (KB)
...
004 (391131.029.000) 2024-01-19 14:28:10 Job was evicted.
	(0) CPU times
		Usr 0 00:04:44, Sys 0 00:00:19  -  Run Remote Usage
		Usr 0 00:00:00, Sys 0 00:00:00  -  Run Local Usage
	0  -  Run Bytes Sent By Job
	183798  -  Run Bytes Received By Job
	Partitionable Resources :    Usage  Request Allocated 
	   Cpus                 :     1.00        1         1 
	   Disk (KB)            :  1205         200    128990 
	   Memory (MB)          :   299        3900      3968 
...
009 (391131.029.000) 2024-01-19 14:28:10 Job was aborted.
	via condor_rm (by user shin)
...
000 (391132.029.000) 2024-01-19 14:30:22 Job submitted from host: <172.30.1.200:9618?addrs=172.30.1.200-9618&alias=tamsa2.snu.ac.kr&noUDP&sock=schedd_3625_06e6>
...
040 (391132.029.000) 2024-01-19 14:30:26 Started transferring input files
	Transferring to host: <172.30.1.201:9618?addrs=172.30.1.201-9618&alias=node1&noUDP&sock=slot1_46_12171_5208_13847>
...
040 (391132.029.000) 2024-01-19 14:30:26 Finished transferring input files
...
001 (391132.029.000) 2024-01-19 14:30:26 Job executing on host: <172.30.1.201:9618?addrs=172.30.1.201-9618&alias=node1&noUDP&sock=startd_12138_3ca4>
...
006 (391132.029.000) 2024-01-19 14:30:34 Image size of job updated: 186144
	182  -  MemoryUsage of job (MB)
	186144  -  ResidentSetSize of job (KB)
...
006 (391132.029.000) 2024-01-19 14:35:34 Image size of job updated: 879996
	206  -  MemoryUsage of job (MB)
	210688  -  ResidentSetSize of job (KB)
...
000 (391137.029.000) 2024-01-19 14:35:50 Job submitted from host: <172.30.1.200:9618?addrs=172.30.1.200-9618&alias=tamsa2.snu.ac.kr&noUDP&sock=schedd_3625_06e6>
...
040 (391137.029.000) 2024-01-19 14:35:55 Started transferring input files
	Transferring to host: <172.30.1.109:9618?addrs=172.30.1.109-9618&alias=n9&noUDP&sock=slot1_30_4134_86e1_92619>
...
040 (391137.029.000) 2024-01-19 14:35:55 Finished transferring input files
...
001 (391137.029.000) 2024-01-19 14:35:55 Job executing on host: <172.30.1.109:9618?addrs=172.30.1.109-9618&alias=n9&noUDP&sock=startd_4100_d663>
...
004 (391132.029.000) 2024-01-19 14:36:01 Job was evicted.
	(0) CPU times
		Usr 0 00:04:40, Sys 0 00:00:18  -  Run Remote Usage
		Usr 0 00:00:00, Sys 0 00:00:00  -  Run Local Usage
	0  -  Run Bytes Sent By Job
	183608  -  Run Bytes Received By Job
	Partitionable Resources :    Usage  Request Allocated 
	   Cpus                 :     0.95        1         1 
	   Disk (KB)            : 12336         200    128990 
	   Memory (MB)          :   206        3900      3968 
...
006 (391137.029.000) 2024-01-19 14:36:01 Image size of job updated: 220364
	0  -  MemoryUsage of job (MB)
	0  -  ResidentSetSize of job (KB)
...
009 (391132.029.000) 2024-01-19 14:36:01 Job was aborted.
	via condor_rm (by user shin)
...
004 (391137.029.000) 2024-01-19 14:36:01 Job was evicted.
	(0) CPU times
		Usr 0 00:00:00, Sys 0 00:00:00  -  Run Remote Usage
		Usr 0 00:00:00, Sys 0 00:00:00  -  Run Local Usage
	0  -  Run Bytes Sent By Job
	183614  -  Run Bytes Received By Job
	Partitionable Resources :    Usage  Request Allocated 
	   Cpus                 :     0.02        1         1 
	   Disk (KB)            :   235         200    127849 
	   Memory (MB)          :     0        3900      3968 
...
009 (391137.029.000) 2024-01-19 14:36:01 Job was aborted.
	via condor_rm (by user shin)
...
000 (391138.029.000) 2024-01-19 14:36:02 Job submitted from host: <172.30.1.200:9618?addrs=172.30.1.200-9618&alias=tamsa2.snu.ac.kr&noUDP&sock=schedd_3625_06e6>
...
040 (391138.029.000) 2024-01-19 14:36:14 Started transferring input files
	Transferring to host: <172.30.1.201:9618?addrs=172.30.1.201-9618&alias=node1&noUDP&sock=slot1_45_12171_5208_13852>
...
040 (391138.029.000) 2024-01-19 14:36:14 Finished transferring input files
...
001 (391138.029.000) 2024-01-19 14:36:14 Job executing on host: <172.30.1.201:9618?addrs=172.30.1.201-9618&alias=node1&noUDP&sock=startd_12138_3ca4>
...
006 (391138.029.000) 2024-01-19 14:36:23 Image size of job updated: 186728
	183  -  MemoryUsage of job (MB)
	186728  -  ResidentSetSize of job (KB)
...
006 (391138.029.000) 2024-01-19 14:41:23 Image size of job updated: 875836
	205  -  MemoryUsage of job (MB)
	208940  -  ResidentSetSize of job (KB)
...
040 (391138.029.000) 2024-01-19 14:43:39 Started transferring output files
...
040 (391138.029.000) 2024-01-19 14:43:39 Finished transferring output files
...
005 (391138.029.000) 2024-01-19 14:43:39 Job terminated.
	(1) Normal termination (return value 0)
		Usr 0 00:06:14, Sys 0 00:00:24  -  Run Remote Usage
		Usr 0 00:00:00, Sys 0 00:00:00  -  Run Local Usage
		Usr 0 00:06:14, Sys 0 00:00:24  -  Total Remote Usage
		Usr 0 00:00:00, Sys 0 00:00:00  -  Total Local Usage
	33221640  -  Run Bytes Sent By Job
	183614  -  Run Bytes Received By Job
	33221640  -  Total Bytes Sent By Job
	183614  -  Total Bytes Received By Job
	Partitionable Resources :    Usage  Request Allocated 
	   Cpus                 :     1.00        1         1 
	   Disk (KB)            : 32695         200    128990 
	   Memory (MB)          :   205        3900      3968 

	Job terminated of its own accord at 2024-01-19T05:43:39Z.
...
000 (391139.029.000) 2024-01-19 14:48:50 Job submitted from host: <172.30.1.200:9618?addrs=172.30.1.200-9618&alias=tamsa2.snu.ac.kr&noUDP&sock=schedd_3625_06e6>
...
040 (391139.029.000) 2024-01-19 14:48:52 Started transferring input files
	Transferring to host: <172.30.1.201:9618?addrs=172.30.1.201-9618&alias=node1&noUDP&sock=slot1_44_12171_5208_13858>
...
040 (391139.029.000) 2024-01-19 14:48:52 Finished transferring input files
...
001 (391139.029.000) 2024-01-19 14:48:53 Job executing on host: <172.30.1.201:9618?addrs=172.30.1.201-9618&alias=node1&noUDP&sock=startd_12138_3ca4>
...
006 (391139.029.000) 2024-01-19 14:49:01 Image size of job updated: 612048
	164  -  MemoryUsage of job (MB)
	167220  -  ResidentSetSize of job (KB)
...
006 (391139.029.000) 2024-01-19 14:52:18 Image size of job updated: 875728
	164  -  MemoryUsage of job (MB)
	167220  -  ResidentSetSize of job (KB)
...
004 (391139.029.000) 2024-01-19 14:52:18 Job was evicted.
	(0) CPU times
		Usr 0 00:02:49, Sys 0 00:00:10  -  Run Remote Usage
		Usr 0 00:00:00, Sys 0 00:00:00  -  Run Local Usage
	0  -  Run Bytes Sent By Job
	183618  -  Run Bytes Received By Job
	Partitionable Resources :    Usage  Request Allocated 
	   Cpus                 :     0.98        1         1 
	   Disk (KB)            :  7409         200    128990 
	   Memory (MB)          :   164        3900      3968 
...
009 (391139.029.000) 2024-01-19 14:52:18 Job was aborted.
	via condor_rm (by user shin)
...
000 (391140.029.000) 2024-01-19 14:52:19 Job submitted from host: <172.30.1.200:9618?addrs=172.30.1.200-9618&alias=tamsa2.snu.ac.kr&noUDP&sock=schedd_3625_06e6>
...
040 (391140.029.000) 2024-01-19 14:52:22 Started transferring input files
	Transferring to host: <172.30.1.201:9618?addrs=172.30.1.201-9618&alias=node1&noUDP&sock=slot1_44_12171_5208_13865>
...
040 (391140.029.000) 2024-01-19 14:52:22 Finished transferring input files
...
001 (391140.029.000) 2024-01-19 14:52:22 Job executing on host: <172.30.1.201:9618?addrs=172.30.1.201-9618&alias=node1&noUDP&sock=startd_12138_3ca4>
...
006 (391140.029.000) 2024-01-19 14:52:31 Image size of job updated: 186728
	183  -  MemoryUsage of job (MB)
	186728  -  ResidentSetSize of job (KB)
...
006 (391140.029.000) 2024-01-19 14:57:32 Image size of job updated: 871724
	208  -  MemoryUsage of job (MB)
	212688  -  ResidentSetSize of job (KB)
...
006 (391140.029.000) 2024-01-19 14:59:45 Image size of job updated: 876232
	208  -  MemoryUsage of job (MB)
	212688  -  ResidentSetSize of job (KB)
...
040 (391140.029.000) 2024-01-19 14:59:45 Started transferring output files
...
040 (391140.029.000) 2024-01-19 14:59:46 Finished transferring output files
...
005 (391140.029.000) 2024-01-19 14:59:46 Job terminated.
	(1) Normal termination (return value 0)
		Usr 0 00:06:14, Sys 0 00:00:24  -  Run Remote Usage
		Usr 0 00:00:00, Sys 0 00:00:00  -  Run Local Usage
		Usr 0 00:06:14, Sys 0 00:00:24  -  Total Remote Usage
		Usr 0 00:00:00, Sys 0 00:00:00  -  Total Local Usage
	33166126  -  Run Bytes Sent By Job
	183636  -  Run Bytes Received By Job
	33166126  -  Total Bytes Sent By Job
	183636  -  Total Bytes Received By Job
	Partitionable Resources :    Usage  Request Allocated 
	   Cpus                 :     0.95        1         1 
	   Disk (KB)            : 32641         200    128990 
	   Memory (MB)          :   208        3900      3968 

	Job terminated of its own accord at 2024-01-19T05:59:45Z.
...
000 (391145.029.000) 2024-01-19 15:59:26 Job submitted from host: <172.30.1.200:9618?addrs=172.30.1.200-9618&alias=tamsa2.snu.ac.kr&noUDP&sock=schedd_3625_06e6>
...
040 (391145.029.000) 2024-01-19 15:59:30 Started transferring input files
	Transferring to host: <172.30.1.201:9618?addrs=172.30.1.201-9618&alias=node1&noUDP&sock=slot1_18_12171_5208_13895>
...
001 (391145.029.000) 2024-01-19 15:59:30 Job executing on host: <172.30.1.201:9618?addrs=172.30.1.201-9618&alias=node1&noUDP&sock=startd_12138_3ca4>
...
040 (391145.029.000) 2024-01-19 15:59:30 Finished transferring input files
...
006 (391145.029.000) 2024-01-19 15:59:38 Image size of job updated: 207340
	171  -  MemoryUsage of job (MB)
	174664  -  ResidentSetSize of job (KB)
...
006 (391145.029.000) 2024-01-19 16:04:38 Image size of job updated: 875152
	184  -  MemoryUsage of job (MB)
	187816  -  ResidentSetSize of job (KB)
...
040 (391145.029.000) 2024-01-19 16:06:09 Started transferring output files
...
040 (391145.029.000) 2024-01-19 16:06:09 Finished transferring output files
...
005 (391145.029.000) 2024-01-19 16:06:09 Job terminated.
	(1) Normal termination (return value 0)
		Usr 0 00:05:46, Sys 0 00:00:18  -  Run Remote Usage
		Usr 0 00:00:00, Sys 0 00:00:00  -  Run Local Usage
		Usr 0 00:05:46, Sys 0 00:00:18  -  Total Remote Usage
		Usr 0 00:00:00, Sys 0 00:00:00  -  Total Local Usage
	32136362  -  Run Bytes Sent By Job
	184262  -  Run Bytes Received By Job
	32136362  -  Total Bytes Sent By Job
	184262  -  Total Bytes Received By Job
	Partitionable Resources :    Usage  Request Allocated 
	   Cpus                 :     0.99        1         1 
	   Disk (KB)            : 31637         200    128990 
	   Memory (MB)          :   184        3900      3968 

	Job terminated of its own accord at 2024-01-19T07:06:09Z.
...
000 (391151.029.000) 2024-01-19 16:45:38 Job submitted from host: <172.30.1.200:9618?addrs=172.30.1.200-9618&alias=tamsa2.snu.ac.kr&noUDP&sock=schedd_3625_06e6>
...
040 (391151.029.000) 2024-01-19 16:45:47 Started transferring input files
	Transferring to host: <172.30.1.203:9618?addrs=172.30.1.203-9618&alias=node3&noUDP&sock=slot1_48_24221_a2b2_52049>
...
001 (391151.029.000) 2024-01-19 16:45:47 Job executing on host: <172.30.1.203:9618?addrs=172.30.1.203-9618&alias=node3&noUDP&sock=startd_24188_88db>
...
040 (391151.029.000) 2024-01-19 16:45:47 Finished transferring input files
...
006 (391151.029.000) 2024-01-19 16:45:56 Image size of job updated: 191564
	172  -  MemoryUsage of job (MB)
	175212  -  ResidentSetSize of job (KB)
...
000 (391152.029.000) 2024-01-19 16:46:33 Job submitted from host: <172.30.1.200:9618?addrs=172.30.1.200-9618&alias=tamsa2.snu.ac.kr&noUDP&sock=schedd_3625_06e6>
...
040 (391152.029.000) 2024-01-19 16:46:37 Started transferring input files
	Transferring to host: <172.30.1.106:9618?addrs=172.30.1.106-9618&alias=n6&noUDP&sock=slot1_2_3378_db42_31762>
...
040 (391152.029.000) 2024-01-19 16:46:37 Finished transferring input files
...
001 (391152.029.000) 2024-01-19 16:46:37 Job executing on host: <172.30.1.106:9618?addrs=172.30.1.106-9618&alias=n6&noUDP&sock=startd_3343_9931>
...
006 (391152.029.000) 2024-01-19 16:46:46 Image size of job updated: 50132
	0  -  MemoryUsage of job (MB)
	0  -  ResidentSetSize of job (KB)
...
004 (391152.029.000) 2024-01-19 16:46:46 Job was evicted.
	(0) CPU times
		Usr 0 00:00:00, Sys 0 00:00:00  -  Run Remote Usage
		Usr 0 00:00:00, Sys 0 00:00:00  -  Run Local Usage
	0  -  Run Bytes Sent By Job
	184253  -  Run Bytes Received By Job
	Partitionable Resources :    Usage  Request Allocated 
	   Cpus                 :     0.78        1         1 
	   Disk (KB)            :   236         200     61880 
	   Memory (MB)          :     0        3900      3968 
...
009 (391152.029.000) 2024-01-19 16:46:46 Job was aborted.
	via condor_rm (by user shin)
...
006 (391151.029.000) 2024-01-19 16:47:35 Image size of job updated: 836188
	172  -  MemoryUsage of job (MB)
	175224  -  ResidentSetSize of job (KB)
...
004 (391151.029.000) 2024-01-19 16:47:35 Job was evicted.
	(0) CPU times
		Usr 0 00:01:03, Sys 0 00:00:06  -  Run Remote Usage
		Usr 0 00:00:00, Sys 0 00:00:00  -  Run Local Usage
	0  -  Run Bytes Sent By Job
	184253  -  Run Bytes Received By Job
	Partitionable Resources :    Usage  Request Allocated 
	   Cpus                 :     0.70        1         1 
	   Disk (KB)            :  3220         200    128924 
	   Memory (MB)          :   172        3900      3968 
...
009 (391151.029.000) 2024-01-19 16:47:36 Job was aborted.
	via condor_rm (by user shin)
...
000 (391153.029.000) 2024-01-19 16:47:37 Job submitted from host: <172.30.1.200:9618?addrs=172.30.1.200-9618&alias=tamsa2.snu.ac.kr&noUDP&sock=schedd_3625_06e6>
...
040 (391153.029.000) 2024-01-19 16:47:58 Started transferring input files
	Transferring to host: <172.30.1.203:9618?addrs=172.30.1.203-9618&alias=node3&noUDP&sock=slot1_43_24221_a2b2_52052>
...
040 (391153.029.000) 2024-01-19 16:47:58 Finished transferring input files
...
001 (391153.029.000) 2024-01-19 16:47:58 Job executing on host: <172.30.1.203:9618?addrs=172.30.1.203-9618&alias=node3&noUDP&sock=startd_24188_88db>
...
006 (391153.029.000) 2024-01-19 16:48:08 Image size of job updated: 835120
	183  -  MemoryUsage of job (MB)
	186736  -  ResidentSetSize of job (KB)
...
006 (391153.029.000) 2024-01-19 16:50:05 Image size of job updated: 844224
	183  -  MemoryUsage of job (MB)
	186736  -  ResidentSetSize of job (KB)
...
040 (391153.029.000) 2024-01-19 16:50:05 Started transferring output files
...
040 (391153.029.000) 2024-01-19 16:50:05 Finished transferring output files
...
005 (391153.029.000) 2024-01-19 16:50:05 Job terminated.
	(1) Normal termination (return value 0)
		Usr 0 00:01:16, Sys 0 00:00:07  -  Run Remote Usage
		Usr 0 00:00:00, Sys 0 00:00:00  -  Run Local Usage
		Usr 0 00:01:16, Sys 0 00:00:07  -  Total Remote Usage
		Usr 0 00:00:00, Sys 0 00:00:00  -  Total Local Usage
	7470439  -  Run Bytes Sent By Job
	184257  -  Run Bytes Received By Job
	7470439  -  Total Bytes Sent By Job
	184257  -  Total Bytes Received By Job
	Partitionable Resources :    Usage  Request Allocated 
	   Cpus                 :     0.65        1         1 
	   Disk (KB)            :  7548         200    128924 
	   Memory (MB)          :   183        3900      3968 

	Job terminated of its own accord at 2024-01-19T07:50:05Z.
...
000 (391154.029.000) 2024-01-19 16:50:49 Job submitted from host: <172.30.1.200:9618?addrs=172.30.1.200-9618&alias=tamsa2.snu.ac.kr&noUDP&sock=schedd_3625_06e6>
...
040 (391154.029.000) 2024-01-19 16:50:52 Started transferring input files
	Transferring to host: <172.30.1.203:9618?addrs=172.30.1.203-9618&alias=node3&noUDP&sock=slot1_41_24221_a2b2_52058>
...
001 (391154.029.000) 2024-01-19 16:50:52 Job executing on host: <172.30.1.203:9618?addrs=172.30.1.203-9618&alias=node3&noUDP&sock=startd_24188_88db>
...
040 (391154.029.000) 2024-01-19 16:50:52 Finished transferring input files
...
006 (391154.029.000) 2024-01-19 16:51:00 Image size of job updated: 568384
	183  -  MemoryUsage of job (MB)
	186756  -  ResidentSetSize of job (KB)
...
006 (391154.029.000) 2024-01-19 16:56:00 Image size of job updated: 871872
	183  -  MemoryUsage of job (MB)
	186756  -  ResidentSetSize of job (KB)
...
040 (391154.029.000) 2024-01-19 16:57:32 Started transferring output files
...
040 (391154.029.000) 2024-01-19 16:57:33 Finished transferring output files
...
005 (391154.029.000) 2024-01-19 16:57:33 Job terminated.
	(1) Normal termination (return value 0)
		Usr 0 00:05:44, Sys 0 00:00:19  -  Run Remote Usage
		Usr 0 00:00:00, Sys 0 00:00:00  -  Run Local Usage
		Usr 0 00:05:44, Sys 0 00:00:19  -  Total Remote Usage
		Usr 0 00:00:00, Sys 0 00:00:00  -  Total Local Usage
	32620336  -  Run Bytes Sent By Job
	184256  -  Run Bytes Received By Job
	32620336  -  Total Bytes Sent By Job
	184256  -  Total Bytes Received By Job
	Partitionable Resources :    Usage  Request Allocated 
	   Cpus                 :     0.94        1         1 
	   Disk (KB)            : 32109         200    128924 
	   Memory (MB)          :   183        3900      3968 

	Job terminated of its own accord at 2024-01-19T07:57:32Z.
...
000 (391155.029.000) 2024-01-19 17:22:15 Job submitted from host: <172.30.1.200:9618?addrs=172.30.1.200-9618&alias=tamsa2.snu.ac.kr&noUDP&sock=schedd_3625_06e6>
...
040 (391155.029.000) 2024-01-19 17:22:19 Started transferring input files
	Transferring to host: <172.30.1.209:9618?addrs=172.30.1.209-9618&alias=node9&noUDP&sock=slot1_46_3782_82d3_179453>
...
040 (391155.029.000) 2024-01-19 17:22:19 Finished transferring input files
...
001 (391155.029.000) 2024-01-19 17:22:19 Job executing on host: <172.30.1.209:9618?addrs=172.30.1.209-9618&alias=node9&noUDP&sock=startd_3748_650d>
...
006 (391155.029.000) 2024-01-19 17:22:28 Image size of job updated: 835120
	183  -  MemoryUsage of job (MB)
	186732  -  ResidentSetSize of job (KB)
...
006 (391155.029.000) 2024-01-19 17:24:15 Image size of job updated: 846680
	183  -  MemoryUsage of job (MB)
	186732  -  ResidentSetSize of job (KB)
...
040 (391155.029.000) 2024-01-19 17:24:15 Started transferring output files
...
040 (391155.029.000) 2024-01-19 17:24:16 Finished transferring output files
...
005 (391155.029.000) 2024-01-19 17:24:16 Job terminated.
	(1) Normal termination (return value 0)
		Usr 0 00:01:10, Sys 0 00:00:07  -  Run Remote Usage
		Usr 0 00:00:00, Sys 0 00:00:00  -  Run Local Usage
		Usr 0 00:01:10, Sys 0 00:00:07  -  Total Remote Usage
		Usr 0 00:00:00, Sys 0 00:00:00  -  Total Local Usage
	7465407  -  Run Bytes Sent By Job
	186554  -  Run Bytes Received By Job
	7465407  -  Total Bytes Sent By Job
	186554  -  Total Bytes Received By Job
	Partitionable Resources :    Usage  Request Allocated 
	   Cpus                 :                 1         1 
	   Disk (KB)            :     7540      200    128928 
	   Memory (MB)          :      183     3900      3968 

	Job terminated of its own accord at 2024-01-19T08:24:15Z.
...
000 (391156.029.000) 2024-01-19 17:29:00 Job submitted from host: <172.30.1.200:9618?addrs=172.30.1.200-9618&alias=tamsa2.snu.ac.kr&noUDP&sock=schedd_3625_06e6>
...
040 (391156.029.000) 2024-01-19 17:29:04 Started transferring input files
	Transferring to host: <172.30.1.209:9618?addrs=172.30.1.209-9618&alias=node9&noUDP&sock=slot1_43_3782_82d3_179462>
...
001 (391156.029.000) 2024-01-19 17:29:04 Job executing on host: <172.30.1.209:9618?addrs=172.30.1.209-9618&alias=node9&noUDP&sock=startd_3748_650d>
...
040 (391156.029.000) 2024-01-19 17:29:04 Finished transferring input files
...
006 (391156.029.000) 2024-01-19 17:29:12 Image size of job updated: 185044
	181  -  MemoryUsage of job (MB)
	185044  -  ResidentSetSize of job (KB)
...
006 (391156.029.000) 2024-01-19 17:31:01 Image size of job updated: 845784
	181  -  MemoryUsage of job (MB)
	185044  -  ResidentSetSize of job (KB)
...
040 (391156.029.000) 2024-01-19 17:31:01 Started transferring output files
...
040 (391156.029.000) 2024-01-19 17:31:02 Finished transferring output files
...
005 (391156.029.000) 2024-01-19 17:31:02 Job terminated.
	(1) Normal termination (return value 0)
		Usr 0 00:01:10, Sys 0 00:00:07  -  Run Remote Usage
		Usr 0 00:00:00, Sys 0 00:00:00  -  Run Local Usage
		Usr 0 00:01:10, Sys 0 00:00:07  -  Total Remote Usage
		Usr 0 00:00:00, Sys 0 00:00:00  -  Total Local Usage
	7465407  -  Run Bytes Sent By Job
	186554  -  Run Bytes Received By Job
	7465407  -  Total Bytes Sent By Job
	186554  -  Total Bytes Received By Job
	Partitionable Resources :    Usage  Request Allocated 
	   Cpus                 :     0.06        1         1 
	   Disk (KB)            :  7546         200    128928 
	   Memory (MB)          :   181        3900      3968 

	Job terminated of its own accord at 2024-01-19T08:31:01Z.
...
000 (391161.029.000) 2024-01-19 17:33:03 Job submitted from host: <172.30.1.200:9618?addrs=172.30.1.200-9618&alias=tamsa2.snu.ac.kr&noUDP&sock=schedd_3625_06e6>
...
040 (391161.029.000) 2024-01-19 17:33:07 Started transferring input files
	Transferring to host: <172.30.1.209:9618?addrs=172.30.1.209-9618&alias=node9&noUDP&sock=slot1_43_3782_82d3_179473>
...
040 (391161.029.000) 2024-01-19 17:33:07 Finished transferring input files
...
001 (391161.029.000) 2024-01-19 17:33:07 Job executing on host: <172.30.1.209:9618?addrs=172.30.1.209-9618&alias=node9&noUDP&sock=startd_3748_650d>
...
006 (391161.029.000) 2024-01-19 17:33:15 Image size of job updated: 186732
	183  -  MemoryUsage of job (MB)
	186732  -  ResidentSetSize of job (KB)
...
006 (391161.029.000) 2024-01-19 17:34:58 Image size of job updated: 845900
	183  -  MemoryUsage of job (MB)
	186732  -  ResidentSetSize of job (KB)
...
040 (391161.029.000) 2024-01-19 17:34:58 Started transferring output files
...
040 (391161.029.000) 2024-01-19 17:34:58 Finished transferring output files
...
005 (391161.029.000) 2024-01-19 17:34:58 Job terminated.
	(1) Normal termination (return value 0)
		Usr 0 00:01:10, Sys 0 00:00:07  -  Run Remote Usage
		Usr 0 00:00:00, Sys 0 00:00:00  -  Run Local Usage
		Usr 0 00:01:10, Sys 0 00:00:07  -  Total Remote Usage
		Usr 0 00:00:00, Sys 0 00:00:00  -  Total Local Usage
	7469647  -  Run Bytes Sent By Job
	186686  -  Run Bytes Received By Job
	7469647  -  Total Bytes Sent By Job
	186686  -  Total Bytes Received By Job
	Partitionable Resources :    Usage  Request Allocated 
	   Cpus                 :                 1         1 
	   Disk (KB)            :     7545      200    128928 
	   Memory (MB)          :      183     3900      3968 

	Job terminated of its own accord at 2024-01-19T08:34:58Z.
...
000 (391162.029.000) 2024-01-19 17:42:17 Job submitted from host: <172.30.1.200:9618?addrs=172.30.1.200-9618&alias=tamsa2.snu.ac.kr&noUDP&sock=schedd_3625_06e6>
...
040 (391162.029.000) 2024-01-19 17:42:29 Started transferring input files
	Transferring to host: <172.30.1.209:9618?addrs=172.30.1.209-9618&alias=node9&noUDP&sock=slot1_40_3782_82d3_179492>
...
001 (391162.029.000) 2024-01-19 17:42:29 Job executing on host: <172.30.1.209:9618?addrs=172.30.1.209-9618&alias=node9&noUDP&sock=startd_3748_650d>
...
040 (391162.029.000) 2024-01-19 17:42:29 Finished transferring input files
...
006 (391162.029.000) 2024-01-19 17:42:38 Image size of job updated: 186728
	183  -  MemoryUsage of job (MB)
	186728  -  ResidentSetSize of job (KB)
...
006 (391162.029.000) 2024-01-19 17:44:18 Image size of job updated: 845748
	183  -  MemoryUsage of job (MB)
	186728  -  ResidentSetSize of job (KB)
...
040 (391162.029.000) 2024-01-19 17:44:18 Started transferring output files
...
040 (391162.029.000) 2024-01-19 17:44:19 Finished transferring output files
...
005 (391162.029.000) 2024-01-19 17:44:19 Job terminated.
	(1) Normal termination (return value 0)
		Usr 0 00:01:10, Sys 0 00:00:07  -  Run Remote Usage
		Usr 0 00:00:00, Sys 0 00:00:00  -  Run Local Usage
		Usr 0 00:01:10, Sys 0 00:00:07  -  Total Remote Usage
		Usr 0 00:00:00, Sys 0 00:00:00  -  Total Local Usage
	7465015  -  Run Bytes Sent By Job
	187104  -  Run Bytes Received By Job
	7465015  -  Total Bytes Sent By Job
	187104  -  Total Bytes Received By Job
	Partitionable Resources :    Usage  Request Allocated 
	   Cpus                 :                 1         1 
	   Disk (KB)            :     7540      200    128928 
	   Memory (MB)          :      183     3900      3968 

	Job terminated of its own accord at 2024-01-19T08:44:18Z.
...
000 (391163.029.000) 2024-01-19 17:55:44 Job submitted from host: <172.30.1.200:9618?addrs=172.30.1.200-9618&alias=tamsa2.snu.ac.kr&noUDP&sock=schedd_3625_06e6>
...
040 (391163.029.000) 2024-01-19 17:55:58 Started transferring input files
	Transferring to host: <172.30.1.101:9618?addrs=172.30.1.101-9618&alias=n1&noUDP&sock=slot1_50_3437_6d65_45380>
...
040 (391163.029.000) 2024-01-19 17:55:58 Finished transferring input files
...
001 (391163.029.000) 2024-01-19 17:55:58 Job executing on host: <172.30.1.101:9618?addrs=172.30.1.101-9618&alias=n1&noUDP&sock=startd_3403_c0e0>
...
006 (391163.029.000) 2024-01-19 17:56:06 Image size of job updated: 139088
	19  -  MemoryUsage of job (MB)
	18952  -  ResidentSetSize of job (KB)
...
006 (391163.029.000) 2024-01-19 18:01:06 Image size of job updated: 867632
	183  -  MemoryUsage of job (MB)
	186776  -  ResidentSetSize of job (KB)
...
004 (391163.029.000) 2024-01-19 18:03:19 Job was evicted.
	(0) CPU times
		Usr 0 00:06:19, Sys 0 00:00:27  -  Run Remote Usage
		Usr 0 00:00:00, Sys 0 00:00:00  -  Run Local Usage
	0  -  Run Bytes Sent By Job
	186100  -  Run Bytes Received By Job
	Partitionable Resources :    Usage  Request Allocated 
	   Cpus                 :     0.93        1         1 
	   Disk (KB)            : 15440         200    127948 
	   Memory (MB)          :   183        3900      3968 
...
009 (391163.029.000) 2024-01-19 18:03:19 Job was aborted.
	via condor_rm (by user shin)
...
000 (391164.029.000) 2024-01-19 18:03:23 Job submitted from host: <172.30.1.200:9618?addrs=172.30.1.200-9618&alias=tamsa2.snu.ac.kr&noUDP&sock=schedd_3625_06e6>
...
040 (391164.029.000) 2024-01-19 18:03:39 Started transferring input files
	Transferring to host: <172.30.1.101:9618?addrs=172.30.1.101-9618&alias=n1&noUDP&sock=slot1_48_3437_6d65_45392>
...
001 (391164.029.000) 2024-01-19 18:03:39 Job executing on host: <172.30.1.101:9618?addrs=172.30.1.101-9618&alias=n1&noUDP&sock=startd_3403_c0e0>
...
040 (391164.029.000) 2024-01-19 18:03:39 Finished transferring input files
...
006 (391164.029.000) 2024-01-19 18:03:48 Image size of job updated: 139232
	102  -  MemoryUsage of job (MB)
	104360  -  ResidentSetSize of job (KB)
...
006 (391164.029.000) 2024-01-19 18:08:49 Image size of job updated: 870752
	200  -  MemoryUsage of job (MB)
	204020  -  ResidentSetSize of job (KB)
...
006 (391164.029.000) 2024-01-19 18:13:16 Image size of job updated: 871176
	200  -  MemoryUsage of job (MB)
	204020  -  ResidentSetSize of job (KB)
...
040 (391164.029.000) 2024-01-19 18:13:16 Started transferring output files
...
040 (391164.029.000) 2024-01-19 18:13:17 Finished transferring output files
...
005 (391164.029.000) 2024-01-19 18:13:17 Job terminated.
	(1) Normal termination (return value 0)
		Usr 0 00:08:33, Sys 0 00:00:36  -  Run Remote Usage
		Usr 0 00:00:00, Sys 0 00:00:00  -  Run Local Usage
		Usr 0 00:08:33, Sys 0 00:00:36  -  Total Remote Usage
		Usr 0 00:00:00, Sys 0 00:00:00  -  Total Local Usage
	61061024  -  Run Bytes Sent By Job
	186386  -  Run Bytes Received By Job
	61061024  -  Total Bytes Sent By Job
	186386  -  Total Bytes Received By Job
	Partitionable Resources :    Usage  Request Allocated 
	   Cpus                 :     0.98        1         1 
	   Disk (KB)            : 59885         200    127948 
	   Memory (MB)          :   200        3900      3968 

	Job terminated of its own accord at 2024-01-19T09:13:16Z.
...
000 (391165.029.000) 2024-01-19 22:41:31 Job submitted from host: <172.30.1.200:9618?addrs=172.30.1.200-9618&alias=tamsa2.snu.ac.kr&noUDP&sock=schedd_3625_06e6>
...
040 (391165.029.000) 2024-01-19 22:41:35 Started transferring input files
	Transferring to host: <172.30.1.204:9618?addrs=172.30.1.204-9618&alias=node4&noUDP&sock=slot1_38_3725_5971_203509>
...
040 (391165.029.000) 2024-01-19 22:41:35 Finished transferring input files
...
001 (391165.029.000) 2024-01-19 22:41:35 Job executing on host: <172.30.1.204:9618?addrs=172.30.1.204-9618&alias=node4&noUDP&sock=startd_3691_4c27>
...
006 (391165.029.000) 2024-01-19 22:41:44 Image size of job updated: 71604
	68  -  MemoryUsage of job (MB)
	69432  -  ResidentSetSize of job (KB)
...
006 (391165.029.000) 2024-01-19 22:43:34 Image size of job updated: 846632
	68  -  MemoryUsage of job (MB)
	69432  -  ResidentSetSize of job (KB)
...
040 (391165.029.000) 2024-01-19 22:43:34 Started transferring output files
...
040 (391165.029.000) 2024-01-19 22:43:34 Finished transferring output files
...
005 (391165.029.000) 2024-01-19 22:43:34 Job terminated.
	(1) Normal termination (return value 0)
		Usr 0 00:01:08, Sys 0 00:00:07  -  Run Remote Usage
		Usr 0 00:00:00, Sys 0 00:00:00  -  Run Local Usage
		Usr 0 00:01:08, Sys 0 00:00:07  -  Total Remote Usage
		Usr 0 00:00:00, Sys 0 00:00:00  -  Total Local Usage
	7473695  -  Run Bytes Sent By Job
	185908  -  Run Bytes Received By Job
	7473695  -  Total Bytes Sent By Job
	185908  -  Total Bytes Received By Job
	Partitionable Resources :    Usage  Request Allocated 
	   Cpus                 :        0        1         1 
	   Disk (KB)            :     7554      200    128928 
	   Memory (MB)          :       68     3900      3968 

	Job terminated of its own accord at 2024-01-19T13:43:34Z.
...
000 (391166.029.000) 2024-01-19 22:44:51 Job submitted from host: <172.30.1.200:9618?addrs=172.30.1.200-9618&alias=tamsa2.snu.ac.kr&noUDP&sock=schedd_3625_06e6>
...
040 (391166.029.000) 2024-01-19 22:45:01 Started transferring input files
	Transferring to host: <172.30.1.204:9618?addrs=172.30.1.204-9618&alias=node4&noUDP&sock=slot1_38_3725_5971_203535>
...
040 (391166.029.000) 2024-01-19 22:45:01 Finished transferring input files
...
001 (391166.029.000) 2024-01-19 22:45:01 Job executing on host: <172.30.1.204:9618?addrs=172.30.1.204-9618&alias=node4&noUDP&sock=startd_3691_4c27>
...
006 (391166.029.000) 2024-01-19 22:45:09 Image size of job updated: 580724
	145  -  MemoryUsage of job (MB)
	148036  -  ResidentSetSize of job (KB)
...
006 (391166.029.000) 2024-01-19 22:50:09 Image size of job updated: 870980
	214  -  MemoryUsage of job (MB)
	219076  -  ResidentSetSize of job (KB)
...
006 (391166.029.000) 2024-01-19 22:50:50 Image size of job updated: 875136
	214  -  MemoryUsage of job (MB)
	219076  -  ResidentSetSize of job (KB)
...
040 (391166.029.000) 2024-01-19 22:50:50 Started transferring output files
...
040 (391166.029.000) 2024-01-19 22:50:51 Finished transferring output files
...
005 (391166.029.000) 2024-01-19 22:50:51 Job terminated.
	(1) Normal termination (return value 0)
		Usr 0 00:05:19, Sys 0 00:00:15  -  Run Remote Usage
		Usr 0 00:00:00, Sys 0 00:00:00  -  Run Local Usage
		Usr 0 00:05:19, Sys 0 00:00:15  -  Total Remote Usage
		Usr 0 00:00:00, Sys 0 00:00:00  -  Total Local Usage
	32598508  -  Run Bytes Sent By Job
	185911  -  Run Bytes Received By Job
	32598508  -  Total Bytes Sent By Job
	185911  -  Total Bytes Received By Job
	Partitionable Resources :    Usage  Request Allocated 
	   Cpus                 :     0.65        1         1 
	   Disk (KB)            : 32089         200    128928 
	   Memory (MB)          :   214        3900      3968 

	Job terminated of its own accord at 2024-01-19T13:50:50Z.
...
000 (391167.029.000) 2024-01-19 22:57:44 Job submitted from host: <172.30.1.200:9618?addrs=172.30.1.200-9618&alias=tamsa2.snu.ac.kr&noUDP&sock=schedd_3625_06e6>
...
040 (391167.029.000) 2024-01-19 22:57:48 Started transferring input files
	Transferring to host: <172.30.1.204:9618?addrs=172.30.1.204-9618&alias=node4&noUDP&sock=slot1_40_3725_5971_203563>
...
040 (391167.029.000) 2024-01-19 22:57:48 Finished transferring input files
...
001 (391167.029.000) 2024-01-19 22:57:48 Job executing on host: <172.30.1.204:9618?addrs=172.30.1.204-9618&alias=node4&noUDP&sock=startd_3691_4c27>
...
006 (391167.029.000) 2024-01-19 22:57:57 Image size of job updated: 570636
	82  -  MemoryUsage of job (MB)
	83548  -  ResidentSetSize of job (KB)
...
006 (391167.029.000) 2024-01-19 23:02:58 Image size of job updated: 879652
	82  -  MemoryUsage of job (MB)
	83548  -  ResidentSetSize of job (KB)
...
040 (391167.029.000) 2024-01-19 23:03:30 Started transferring output files
...
040 (391167.029.000) 2024-01-19 23:03:31 Finished transferring output files
...
005 (391167.029.000) 2024-01-19 23:03:31 Job terminated.
	(1) Normal termination (return value 0)
		Usr 0 00:05:08, Sys 0 00:00:16  -  Run Remote Usage
		Usr 0 00:00:00, Sys 0 00:00:00  -  Run Local Usage
		Usr 0 00:05:08, Sys 0 00:00:16  -  Total Remote Usage
		Usr 0 00:00:00, Sys 0 00:00:00  -  Total Local Usage
	32581956  -  Run Bytes Sent By Job
	185911  -  Run Bytes Received By Job
	32581956  -  Total Bytes Sent By Job
	185911  -  Total Bytes Received By Job
	Partitionable Resources :    Usage  Request Allocated 
	   Cpus                 :     0.93        1         1 
	   Disk (KB)            : 32073         200    128928 
	   Memory (MB)          :    82        3900      3968 

	Job terminated of its own accord at 2024-01-19T14:03:30Z.
...
000 (391343.029.000) 2024-01-22 10:59:17 Job submitted from host: <172.30.1.200:9618?addrs=172.30.1.200-9618&alias=tamsa2.snu.ac.kr&noUDP&sock=schedd_3625_06e6>
...
040 (391343.029.000) 2024-01-22 10:59:21 Started transferring input files
	Transferring to host: <172.30.1.216:9618?addrs=172.30.1.216-9618&alias=node16&noUDP&sock=slot1_9_4290_7168_332778>
...
040 (391343.029.000) 2024-01-22 10:59:21 Finished transferring input files
...
001 (391343.029.000) 2024-01-22 10:59:21 Job executing on host: <172.30.1.216:9618?addrs=172.30.1.216-9618&alias=node16&noUDP&sock=startd_4255_2791>
...
006 (391343.029.000) 2024-01-22 10:59:29 Image size of job updated: 1288
	1  -  MemoryUsage of job (MB)
	80  -  ResidentSetSize of job (KB)
...
006 (391343.029.000) 2024-01-22 11:04:29 Image size of job updated: 969972
	265  -  MemoryUsage of job (MB)
	271008  -  ResidentSetSize of job (KB)
...
006 (391343.029.000) 2024-01-22 11:14:31 Image size of job updated: 970004
	265  -  MemoryUsage of job (MB)
	271008  -  ResidentSetSize of job (KB)
...
006 (391343.029.000) 2024-01-22 11:19:32 Image size of job updated: 970004
	286  -  MemoryUsage of job (MB)
	291920  -  ResidentSetSize of job (KB)
...
040 (391343.029.000) 2024-01-22 11:22:22 Started transferring output files
...
040 (391343.029.000) 2024-01-22 11:22:23 Finished transferring output files
...
005 (391343.029.000) 2024-01-22 11:22:23 Job terminated.
	(1) Normal termination (return value 0)
		Usr 0 00:21:05, Sys 0 00:00:56  -  Run Remote Usage
		Usr 0 00:00:00, Sys 0 00:00:00  -  Run Local Usage
		Usr 0 00:21:05, Sys 0 00:00:56  -  Total Remote Usage
		Usr 0 00:00:00, Sys 0 00:00:00  -  Total Local Usage
	31072792  -  Run Bytes Sent By Job
	185924  -  Run Bytes Received By Job
	31072792  -  Total Bytes Sent By Job
	185924  -  Total Bytes Received By Job
	Partitionable Resources :    Usage  Request Allocated 
	   Cpus                 :     1.01        1         1 
	   Disk (KB)            : 30599         200    261111 
	   Memory (MB)          :   286        3900      3968 

	Job terminated of its own accord at 2024-01-22T02:22:22Z.
...
000 (391348.029.000) 2024-01-22 12:29:14 Job submitted from host: <172.30.1.200:9618?addrs=172.30.1.200-9618&alias=tamsa2.snu.ac.kr&noUDP&sock=schedd_3625_06e6>
...
040 (391348.029.000) 2024-01-22 12:29:22 Started transferring input files
	Transferring to host: <172.30.1.216:9618?addrs=172.30.1.216-9618&alias=node16&noUDP&sock=slot1_38_4290_7168_332851>
...
040 (391348.029.000) 2024-01-22 12:29:22 Finished transferring input files
...
001 (391348.029.000) 2024-01-22 12:29:22 Job executing on host: <172.30.1.216:9618?addrs=172.30.1.216-9618&alias=node16&noUDP&sock=startd_4255_2791>
...
006 (391348.029.000) 2024-01-22 12:29:30 Image size of job updated: 139088
	5  -  MemoryUsage of job (MB)
	4956  -  ResidentSetSize of job (KB)
...
006 (391348.029.000) 2024-01-22 12:34:30 Image size of job updated: 953832
	276  -  MemoryUsage of job (MB)
	281944  -  ResidentSetSize of job (KB)
...
006 (391348.029.000) 2024-01-22 12:39:31 Image size of job updated: 953832
	285  -  MemoryUsage of job (MB)
	291700  -  ResidentSetSize of job (KB)
...
006 (391348.029.000) 2024-01-22 12:44:32 Image size of job updated: 963124
	285  -  MemoryUsage of job (MB)
	291700  -  ResidentSetSize of job (KB)
...
006 (391348.029.000) 2024-01-22 12:49:32 Image size of job updated: 963660
	285  -  MemoryUsage of job (MB)
	291700  -  ResidentSetSize of job (KB)
...
040 (391348.029.000) 2024-01-22 12:50:26 Started transferring output files
...
040 (391348.029.000) 2024-01-22 12:50:27 Finished transferring output files
...
005 (391348.029.000) 2024-01-22 12:50:27 Job terminated.
	(1) Normal termination (return value 0)
		Usr 0 00:19:42, Sys 0 00:00:52  -  Run Remote Usage
		Usr 0 00:00:00, Sys 0 00:00:00  -  Run Local Usage
		Usr 0 00:19:42, Sys 0 00:00:52  -  Total Remote Usage
		Usr 0 00:00:00, Sys 0 00:00:00  -  Total Local Usage
	31071312  -  Run Bytes Sent By Job
	186484  -  Run Bytes Received By Job
	31071312  -  Total Bytes Sent By Job
	186484  -  Total Bytes Received By Job
	Partitionable Resources :    Usage  Request Allocated 
	   Cpus                 :     1.01        1         1 
	   Disk (KB)            : 30599         200    261111 
	   Memory (MB)          :   285        3900      3968 

	Job terminated of its own accord at 2024-01-22T03:50:26Z.
...
000 (391350.029.000) 2024-01-22 13:01:44 Job submitted from host: <172.30.1.200:9618?addrs=172.30.1.200-9618&alias=tamsa2.snu.ac.kr&noUDP&sock=schedd_3625_06e6>
...
040 (391350.029.000) 2024-01-22 13:02:04 Started transferring input files
	Transferring to host: <172.30.1.216:9618?addrs=172.30.1.216-9618&alias=node16&noUDP&sock=slot1_38_4290_7168_332891>
...
040 (391350.029.000) 2024-01-22 13:02:04 Finished transferring input files
...
001 (391350.029.000) 2024-01-22 13:02:04 Job executing on host: <172.30.1.216:9618?addrs=172.30.1.216-9618&alias=node16&noUDP&sock=startd_4255_2791>
...
006 (391350.029.000) 2024-01-22 13:02:13 Image size of job updated: 139088
	5  -  MemoryUsage of job (MB)
	4956  -  ResidentSetSize of job (KB)
...
006 (391350.029.000) 2024-01-22 13:07:13 Image size of job updated: 969680
	286  -  MemoryUsage of job (MB)
	291884  -  ResidentSetSize of job (KB)
...
006 (391350.029.000) 2024-01-22 13:12:13 Image size of job updated: 969936
	286  -  MemoryUsage of job (MB)
	291884  -  ResidentSetSize of job (KB)
...
040 (391350.029.000) 2024-01-22 13:23:39 Started transferring output files
...
040 (391350.029.000) 2024-01-22 13:23:40 Finished transferring output files
...
005 (391350.029.000) 2024-01-22 13:23:40 Job terminated.
	(1) Normal termination (return value 0)
		Usr 0 00:20:11, Sys 0 00:00:53  -  Run Remote Usage
		Usr 0 00:00:00, Sys 0 00:00:00  -  Run Local Usage
		Usr 0 00:20:11, Sys 0 00:00:53  -  Total Remote Usage
		Usr 0 00:00:00, Sys 0 00:00:00  -  Total Local Usage
	31091848  -  Run Bytes Sent By Job
	186577  -  Run Bytes Received By Job
	31091848  -  Total Bytes Sent By Job
	186577  -  Total Bytes Received By Job
	Partitionable Resources :    Usage  Request Allocated 
	   Cpus                 :     1.00        1         1 
	   Disk (KB)            : 30619         200    261111 
	   Memory (MB)          :   286        3900      3968 

	Job terminated of its own accord at 2024-01-22T04:23:39Z.
...
000 (391361.029.000) 2024-01-22 13:44:17 Job submitted from host: <172.30.1.200:9618?addrs=172.30.1.200-9618&alias=tamsa2.snu.ac.kr&noUDP&sock=schedd_3625_06e6>
...
040 (391361.029.000) 2024-01-22 13:44:32 Started transferring input files
	Transferring to host: <172.30.1.216:9618?addrs=172.30.1.216-9618&alias=node16&noUDP&sock=slot1_55_4290_7168_333013>
...
040 (391361.029.000) 2024-01-22 13:44:32 Finished transferring input files
...
001 (391361.029.000) 2024-01-22 13:44:32 Job executing on host: <172.30.1.216:9618?addrs=172.30.1.216-9618&alias=node16&noUDP&sock=startd_4255_2791>
...
006 (391361.029.000) 2024-01-22 13:44:40 Image size of job updated: 139344
	16  -  MemoryUsage of job (MB)
	15656  -  ResidentSetSize of job (KB)
...
006 (391361.029.000) 2024-01-22 13:48:35 Image size of job updated: 872888
	16  -  MemoryUsage of job (MB)
	15656  -  ResidentSetSize of job (KB)
...
040 (391361.029.000) 2024-01-22 13:48:35 Started transferring output files
...
040 (391361.029.000) 2024-01-22 13:48:37 Finished transferring output files
...
005 (391361.029.000) 2024-01-22 13:48:37 Job terminated.
	(1) Normal termination (return value 0)
		Usr 0 00:03:25, Sys 0 00:00:13  -  Run Remote Usage
		Usr 0 00:00:00, Sys 0 00:00:00  -  Run Local Usage
		Usr 0 00:03:25, Sys 0 00:00:13  -  Total Remote Usage
		Usr 0 00:00:00, Sys 0 00:00:00  -  Total Local Usage
	31278596  -  Run Bytes Sent By Job
	191813  -  Run Bytes Received By Job
	31278596  -  Total Bytes Sent By Job
	191813  -  Total Bytes Received By Job
	Partitionable Resources :    Usage  Request Allocated 
	   Cpus                 :     0.97        1         1 
	   Disk (KB)            : 30808         200    261111 
	   Memory (MB)          :    16        3900      3968 

	Job terminated of its own accord at 2024-01-22T04:48:35Z.
...
000 (391362.029.000) 2024-01-22 13:50:58 Job submitted from host: <172.30.1.200:9618?addrs=172.30.1.200-9618&alias=tamsa2.snu.ac.kr&noUDP&sock=schedd_3625_06e6>
...
040 (391362.029.000) 2024-01-22 13:51:04 Started transferring input files
	Transferring to host: <172.30.1.216:9618?addrs=172.30.1.216-9618&alias=node16&noUDP&sock=slot1_38_4290_7168_333052>
...
040 (391362.029.000) 2024-01-22 13:51:04 Finished transferring input files
...
001 (391362.029.000) 2024-01-22 13:51:04 Job executing on host: <172.30.1.216:9618?addrs=172.30.1.216-9618&alias=node16&noUDP&sock=startd_4255_2791>
...
006 (391362.029.000) 2024-01-22 13:51:13 Image size of job updated: 139088
	5  -  MemoryUsage of job (MB)
	4956  -  ResidentSetSize of job (KB)
...
006 (391362.029.000) 2024-01-22 13:56:14 Image size of job updated: 969920
	246  -  MemoryUsage of job (MB)
	251296  -  ResidentSetSize of job (KB)
...
006 (391362.029.000) 2024-01-22 14:01:15 Image size of job updated: 969920
	285  -  MemoryUsage of job (MB)
	291708  -  ResidentSetSize of job (KB)
...
006 (391362.029.000) 2024-01-22 14:06:15 Image size of job updated: 969920
	286  -  MemoryUsage of job (MB)
	292216  -  ResidentSetSize of job (KB)
...
006 (391362.029.000) 2024-01-22 14:11:15 Image size of job updated: 970672
	286  -  MemoryUsage of job (MB)
	292216  -  ResidentSetSize of job (KB)
...
040 (391362.029.000) 2024-01-22 14:16:54 Started transferring output files
...
040 (391362.029.000) 2024-01-22 14:16:55 Finished transferring output files
...
005 (391362.029.000) 2024-01-22 14:16:55 Job terminated.
	(1) Normal termination (return value 0)
		Usr 0 00:23:42, Sys 0 00:01:01  -  Run Remote Usage
		Usr 0 00:00:00, Sys 0 00:00:00  -  Run Local Usage
		Usr 0 00:23:42, Sys 0 00:01:01  -  Total Remote Usage
		Usr 0 00:00:00, Sys 0 00:00:00  -  Total Local Usage
	31075706  -  Run Bytes Sent By Job
	191814  -  Run Bytes Received By Job
	31075706  -  Total Bytes Sent By Job
	191814  -  Total Bytes Received By Job
	Partitionable Resources :    Usage  Request Allocated 
	   Cpus                 :     1.01        1         1 
	   Disk (KB)            : 30610         200    261111 
	   Memory (MB)          :   286        3900      3968 

	Job terminated of its own accord at 2024-01-22T05:16:54Z.
...
000 (391496.029.000) 2024-01-22 14:58:10 Job submitted from host: <172.30.1.200:9618?addrs=172.30.1.200-9618&alias=tamsa2.snu.ac.kr&noUDP&sock=schedd_3625_06e6>
...
040 (391496.029.000) 2024-01-22 14:58:21 Started transferring input files
	Transferring to host: <172.30.1.216:9618?addrs=172.30.1.216-9618&alias=node16&noUDP&sock=slot1_41_4290_7168_333221>
...
040 (391496.029.000) 2024-01-22 14:58:21 Finished transferring input files
...
001 (391496.029.000) 2024-01-22 14:58:21 Job executing on host: <172.30.1.216:9618?addrs=172.30.1.216-9618&alias=node16&noUDP&sock=startd_4255_2791>
...
006 (391496.029.000) 2024-01-22 14:58:30 Image size of job updated: 139088
	5  -  MemoryUsage of job (MB)
	4956  -  ResidentSetSize of job (KB)
...
006 (391496.029.000) 2024-01-22 15:03:31 Image size of job updated: 952888
	228  -  MemoryUsage of job (MB)
	233344  -  ResidentSetSize of job (KB)
...
006 (391496.029.000) 2024-01-22 15:08:31 Image size of job updated: 953456
	265  -  MemoryUsage of job (MB)
	270784  -  ResidentSetSize of job (KB)
...
006 (391496.029.000) 2024-01-22 15:13:31 Image size of job updated: 969668
	309  -  MemoryUsage of job (MB)
	316216  -  ResidentSetSize of job (KB)
...
006 (391496.029.000) 2024-01-22 15:28:33 Image size of job updated: 970232
	309  -  MemoryUsage of job (MB)
	316216  -  ResidentSetSize of job (KB)
...
006 (391496.029.000) 2024-01-22 15:29:42 Image size of job updated: 970308
	309  -  MemoryUsage of job (MB)
	316216  -  ResidentSetSize of job (KB)
...
040 (391496.029.000) 2024-01-22 15:29:42 Started transferring output files
...
040 (391496.029.000) 2024-01-22 15:29:43 Finished transferring output files
...
005 (391496.029.000) 2024-01-22 15:29:43 Job terminated.
	(1) Normal termination (return value 0)
		Usr 0 00:29:15, Sys 0 00:01:15  -  Run Remote Usage
		Usr 0 00:00:00, Sys 0 00:00:00  -  Run Local Usage
		Usr 0 00:29:15, Sys 0 00:01:15  -  Total Remote Usage
		Usr 0 00:00:00, Sys 0 00:00:00  -  Total Local Usage
	31058000  -  Run Bytes Sent By Job
	191814  -  Run Bytes Received By Job
	31058000  -  Total Bytes Sent By Job
	191814  -  Total Bytes Received By Job
	Partitionable Resources :    Usage  Request Allocated 
	   Cpus                 :     0.98        1         1 
	   Disk (KB)            : 30593         200    261111 
	   Memory (MB)          :   309        3900      3968 

	Job terminated of its own accord at 2024-01-22T06:29:42Z.
...
000 (391511.029.000) 2024-01-22 15:59:41 Job submitted from host: <172.30.1.200:9618?addrs=172.30.1.200-9618&alias=tamsa2.snu.ac.kr&noUDP&sock=schedd_3625_06e6>
...
040 (391511.029.000) 2024-01-22 15:59:56 Started transferring input files
	Transferring to host: <172.30.1.214:9618?addrs=172.30.1.214-9618&alias=node14&noUDP&sock=slot1_52_4480_50af_235854>
...
040 (391511.029.000) 2024-01-22 15:59:56 Finished transferring input files
...
001 (391511.029.000) 2024-01-22 15:59:56 Job executing on host: <172.30.1.214:9618?addrs=172.30.1.214-9618&alias=node14&noUDP&sock=startd_4446_2a28>
...
006 (391511.029.000) 2024-01-22 16:00:04 Image size of job updated: 139344
	11  -  MemoryUsage of job (MB)
	10764  -  ResidentSetSize of job (KB)
...
006 (391511.029.000) 2024-01-22 16:05:04 Image size of job updated: 955020
	216  -  MemoryUsage of job (MB)
	221028  -  ResidentSetSize of job (KB)
...
006 (391511.029.000) 2024-01-22 16:10:05 Image size of job updated: 969520
	256  -  MemoryUsage of job (MB)
	261136  -  ResidentSetSize of job (KB)
...
006 (391511.029.000) 2024-01-22 16:25:06 Image size of job updated: 969520
	295  -  MemoryUsage of job (MB)
	301724  -  ResidentSetSize of job (KB)
...
006 (391511.029.000) 2024-01-22 16:28:00 Image size of job updated: 970148
	295  -  MemoryUsage of job (MB)
	301724  -  ResidentSetSize of job (KB)
...
040 (391511.029.000) 2024-01-22 16:28:00 Started transferring output files
...
040 (391511.029.000) 2024-01-22 16:28:00 Finished transferring output files
...
005 (391511.029.000) 2024-01-22 16:28:01 Job terminated.
	(1) Normal termination (return value 0)
		Usr 0 00:26:21, Sys 0 00:01:11  -  Run Remote Usage
		Usr 0 00:00:00, Sys 0 00:00:00  -  Run Local Usage
		Usr 0 00:26:21, Sys 0 00:01:11  -  Total Remote Usage
		Usr 0 00:00:00, Sys 0 00:00:00  -  Total Local Usage
	31057736  -  Run Bytes Sent By Job
	191824  -  Run Bytes Received By Job
	31057736  -  Total Bytes Sent By Job
	191824  -  Total Bytes Received By Job
	Partitionable Resources :    Usage  Request Allocated 
	   Cpus                 :     1.00        1         1 
	   Disk (KB)            : 30593         200    261111 
	   Memory (MB)          :   295        3900      3968 

	Job terminated of its own accord at 2024-01-22T07:27:59Z.
...
000 (391574.029.000) 2024-01-22 23:14:59 Job submitted from host: <172.30.1.200:9618?addrs=172.30.1.200-9618&alias=tamsa2.snu.ac.kr&noUDP&sock=schedd_3625_06e6>
...
040 (391574.029.000) 2024-01-22 23:15:06 Started transferring input files
	Transferring to host: <172.30.1.216:9618?addrs=172.30.1.216-9618&alias=node16&noUDP&sock=slot1_30_4290_7168_334247>
...
040 (391574.029.000) 2024-01-22 23:15:06 Finished transferring input files
...
001 (391574.029.000) 2024-01-22 23:15:06 Job executing on host: <172.30.1.216:9618?addrs=172.30.1.216-9618&alias=node16&noUDP&sock=startd_4255_2791>
...
006 (391574.029.000) 2024-01-22 23:15:15 Image size of job updated: 139344
	5  -  MemoryUsage of job (MB)
	4960  -  ResidentSetSize of job (KB)
...
006 (391574.029.000) 2024-01-22 23:20:16 Image size of job updated: 953256
	276  -  MemoryUsage of job (MB)
	282236  -  ResidentSetSize of job (KB)
...
006 (391574.029.000) 2024-01-22 23:25:17 Image size of job updated: 954860
	276  -  MemoryUsage of job (MB)
	282236  -  ResidentSetSize of job (KB)
...
006 (391574.029.000) 2024-01-22 23:30:17 Image size of job updated: 962636
	276  -  MemoryUsage of job (MB)
	282236  -  ResidentSetSize of job (KB)
...
006 (391574.029.000) 2024-01-22 23:35:18 Image size of job updated: 963336
	295  -  MemoryUsage of job (MB)
	301320  -  ResidentSetSize of job (KB)
...
004 (391574.029.000) 2024-01-22 23:35:24 Job was evicted.
	(0) CPU times
		Usr 0 00:18:48, Sys 0 00:00:47  -  Run Remote Usage
		Usr 0 00:00:00, Sys 0 00:00:00  -  Run Local Usage
	0  -  Run Bytes Sent By Job
	191685  -  Run Bytes Received By Job
	Partitionable Resources :    Usage  Request Allocated 
	   Cpus                 :     1.00        1         1 
	   Disk (KB)            : 11269         200    261111 
	   Memory (MB)          :   295        3900      3968 
...
009 (391574.029.000) 2024-01-22 23:35:24 Job was aborted.
	via condor_rm (by user shin)
...
000 (391577.029.000) 2024-01-22 23:35:26 Job submitted from host: <172.30.1.200:9618?addrs=172.30.1.200-9618&alias=tamsa2.snu.ac.kr&noUDP&sock=schedd_3625_06e6>
...
040 (391577.029.000) 2024-01-22 23:35:37 Started transferring input files
	Transferring to host: <172.30.1.216:9618?addrs=172.30.1.216-9618&alias=node16&noUDP&sock=slot1_30_4290_7168_334307>
...
040 (391577.029.000) 2024-01-22 23:35:37 Finished transferring input files
...
001 (391577.029.000) 2024-01-22 23:35:37 Job executing on host: <172.30.1.216:9618?addrs=172.30.1.216-9618&alias=node16&noUDP&sock=startd_4255_2791>
...
006 (391577.029.000) 2024-01-22 23:35:46 Image size of job updated: 139088
	5  -  MemoryUsage of job (MB)
	4956  -  ResidentSetSize of job (KB)
...
006 (391577.029.000) 2024-01-22 23:40:47 Image size of job updated: 969568
	236  -  MemoryUsage of job (MB)
	241524  -  ResidentSetSize of job (KB)
...
006 (391577.029.000) 2024-01-22 23:45:47 Image size of job updated: 969568
	276  -  MemoryUsage of job (MB)
	282128  -  ResidentSetSize of job (KB)
...
006 (391577.029.000) 2024-01-23 00:00:49 Image size of job updated: 969568
	276  -  MemoryUsage of job (MB)
	282500  -  ResidentSetSize of job (KB)
...
040 (391577.029.000) 2024-01-23 00:04:21 Started transferring output files
...
040 (391577.029.000) 2024-01-23 00:04:21 Finished transferring output files
...
005 (391577.029.000) 2024-01-23 00:04:22 Job terminated.
	(1) Normal termination (return value 0)
		Usr 0 00:27:17, Sys 0 00:01:07  -  Run Remote Usage
		Usr 0 00:00:00, Sys 0 00:00:00  -  Run Local Usage
		Usr 0 00:27:17, Sys 0 00:01:07  -  Total Remote Usage
		Usr 0 00:00:00, Sys 0 00:00:00  -  Total Local Usage
	31055932  -  Run Bytes Sent By Job
	191687  -  Run Bytes Received By Job
	31055932  -  Total Bytes Sent By Job
	191687  -  Total Bytes Received By Job
	Partitionable Resources :    Usage  Request Allocated 
	   Cpus                 :     1.00        1         1 
	   Disk (KB)            : 30591         200    261111 
	   Memory (MB)          :   276        3900      3968 

	Job terminated of its own accord at 2024-01-22T15:04:21Z.
...
000 (391582.029.000) 2024-01-23 10:33:35 Job submitted from host: <172.30.1.200:9618?addrs=172.30.1.200-9618&alias=tamsa2.snu.ac.kr&noUDP&sock=schedd_3625_06e6>
...
040 (391582.029.000) 2024-01-23 10:33:38 Started transferring input files
	Transferring to host: <172.30.1.216:9618?addrs=172.30.1.216-9618&alias=node16&noUDP&sock=slot1_9_4290_7168_337526>
...
040 (391582.029.000) 2024-01-23 10:33:38 Finished transferring input files
...
001 (391582.029.000) 2024-01-23 10:33:38 Job executing on host: <172.30.1.216:9618?addrs=172.30.1.216-9618&alias=node16&noUDP&sock=startd_4255_2791>
...
006 (391582.029.000) 2024-01-23 10:33:47 Image size of job updated: 1288
	1  -  MemoryUsage of job (MB)
	88  -  ResidentSetSize of job (KB)
...
006 (391582.029.000) 2024-01-23 10:38:48 Image size of job updated: 954640
	265  -  MemoryUsage of job (MB)
	271252  -  ResidentSetSize of job (KB)
...
006 (391582.029.000) 2024-01-23 10:53:49 Image size of job updated: 963192
	296  -  MemoryUsage of job (MB)
	302852  -  ResidentSetSize of job (KB)
...
006 (391582.029.000) 2024-01-23 10:56:24 Image size of job updated: 970116
	296  -  MemoryUsage of job (MB)
	302852  -  ResidentSetSize of job (KB)
...
040 (391582.029.000) 2024-01-23 10:56:24 Started transferring output files
...
040 (391582.029.000) 2024-01-23 10:56:25 Finished transferring output files
...
005 (391582.029.000) 2024-01-23 10:56:25 Job terminated.
	(1) Normal termination (return value 0)
		Usr 0 00:20:54, Sys 0 00:00:56  -  Run Remote Usage
		Usr 0 00:00:00, Sys 0 00:00:00  -  Run Local Usage
		Usr 0 00:20:54, Sys 0 00:00:56  -  Total Remote Usage
		Usr 0 00:00:00, Sys 0 00:00:00  -  Total Local Usage
	31061274  -  Run Bytes Sent By Job
	191687  -  Run Bytes Received By Job
	31061274  -  Total Bytes Sent By Job
	191687  -  Total Bytes Received By Job
	Partitionable Resources :    Usage  Request Allocated 
	   Cpus                 :     1.00        1         1 
	   Disk (KB)            : 30596         200    261111 
	   Memory (MB)          :   296        3900      3968 

	Job terminated of its own accord at 2024-01-23T01:56:24Z.
...
